[2024-04-24T10:06:55.263+0000] {taskinstance.py:1979} INFO - Dependencies all met for dep_context=non-requeueable deps ti=<TaskInstance: download_rocket_launches.get_pictures manual__2024-04-24T10:06:50.495344+00:00 [queued]>
[2024-04-24T10:06:55.267+0000] {taskinstance.py:1979} INFO - Dependencies all met for dep_context=requeueable deps ti=<TaskInstance: download_rocket_launches.get_pictures manual__2024-04-24T10:06:50.495344+00:00 [queued]>
[2024-04-24T10:06:55.267+0000] {taskinstance.py:2193} INFO - Starting attempt 1 of 1
[2024-04-24T10:06:55.275+0000] {taskinstance.py:2217} INFO - Executing <Task(PythonOperator): get_pictures> on 2024-04-24 10:06:50.495344+00:00
[2024-04-24T10:06:55.314+0000] {standard_task_runner.py:60} INFO - Started process 1279 to run task
[2024-04-24T10:06:55.316+0000] {standard_task_runner.py:87} INFO - Running: ['***', 'tasks', 'run', 'download_rocket_launches', 'get_pictures', 'manual__2024-04-24T10:06:50.495344+00:00', '--job-id', '28', '--raw', '--subdir', 'DAGS_FOLDER/Example_dag.py', '--cfg-path', '/tmp/tmpe_3sl9wj']
[2024-04-24T10:06:55.316+0000] {standard_task_runner.py:88} INFO - Job 28: Subtask get_pictures
[2024-04-24T10:06:55.342+0000] {task_command.py:423} INFO - Running <TaskInstance: download_rocket_launches.get_pictures manual__2024-04-24T10:06:50.495344+00:00 [running]> on host 99514668da53
[2024-04-24T10:06:55.380+0000] {taskinstance.py:2513} INFO - Exporting env vars: AIRFLOW_CTX_DAG_OWNER='***' AIRFLOW_CTX_DAG_ID='download_rocket_launches' AIRFLOW_CTX_TASK_ID='get_pictures' AIRFLOW_CTX_EXECUTION_DATE='2024-04-24T10:06:50.495344+00:00' AIRFLOW_CTX_TRY_NUMBER='1' AIRFLOW_CTX_DAG_RUN_ID='manual__2024-04-24T10:06:50.495344+00:00'
[2024-04-24T10:06:55.381+0000] {logging_mixin.py:188} INFO - Current working directory: /opt/***
[2024-04-24T10:06:55.381+0000] {logging_mixin.py:188} INFO - Directories in the current directory:
[2024-04-24T10:06:55.381+0000] {logging_mixin.py:188} INFO - dags
[2024-04-24T10:06:55.381+0000] {logging_mixin.py:188} INFO - logs
[2024-04-24T10:06:55.382+0000] {logging_mixin.py:188} INFO - plugins
[2024-04-24T10:06:55.382+0000] {logging_mixin.py:188} INFO - config
[2024-04-24T10:06:55.382+0000] {logging_mixin.py:188} INFO - webserver_config.py
[2024-04-24T10:06:55.382+0000] {logging_mixin.py:188} INFO - images
[2024-04-24T10:06:55.382+0000] {logging_mixin.py:188} INFO - ***.cfg
[2024-04-24T10:06:59.081+0000] {logging_mixin.py:188} INFO - target file name === /opt/***/images/falcon2520925_image_20221009234147.png
[2024-04-24T10:06:59.081+0000] {logging_mixin.py:188} INFO - Downloaded https://spacelaunchnow-prod-east.nyc3.digitaloceanspaces.com/media/images/falcon2520925_image_20221009234147.png to /opt/***/images/falcon2520925_image_20221009234147.png
[2024-04-24T10:07:00.972+0000] {logging_mixin.py:188} INFO - target file name === /opt/***/images/electron_on_pad_image_20240423204336.jpeg
[2024-04-24T10:07:00.972+0000] {logging_mixin.py:188} INFO - Downloaded https://spacelaunchnow-prod-east.nyc3.digitaloceanspaces.com/media/images/electron_on_pad_image_20240423204336.jpeg to /opt/***/images/electron_on_pad_image_20240423204336.jpeg
[2024-04-24T10:07:03.453+0000] {logging_mixin.py:188} INFO - target file name === /opt/***/images/falcon2520925_image_20231223073520.jpeg
[2024-04-24T10:07:03.454+0000] {logging_mixin.py:188} INFO - Downloaded https://spacelaunchnow-prod-east.nyc3.digitaloceanspaces.com/media/images/falcon2520925_image_20231223073520.jpeg to /opt/***/images/falcon2520925_image_20231223073520.jpeg
[2024-04-24T10:07:05.684+0000] {logging_mixin.py:188} INFO - target file name === /opt/***/images/long_march_2_image_20210908195835.jpeg
[2024-04-24T10:07:05.685+0000] {logging_mixin.py:188} INFO - Downloaded https://spacelaunchnow-prod-east.nyc3.digitaloceanspaces.com/media/images/long_march_2_image_20210908195835.jpeg to /opt/***/images/long_march_2_image_20210908195835.jpeg
[2024-04-24T10:07:09.319+0000] {logging_mixin.py:188} INFO - target file name === /opt/***/images/falcon_9_image_20230807133459.jpeg
[2024-04-24T10:07:09.319+0000] {logging_mixin.py:188} INFO - Downloaded https://spacelaunchnow-prod-east.nyc3.digitaloceanspaces.com/media/images/falcon_9_image_20230807133459.jpeg to /opt/***/images/falcon_9_image_20230807133459.jpeg
[2024-04-24T10:07:12.982+0000] {logging_mixin.py:188} INFO - target file name === /opt/***/images/falcon2520925_image_20221009234147.png
[2024-04-24T10:07:12.984+0000] {logging_mixin.py:188} INFO - Downloaded https://spacelaunchnow-prod-east.nyc3.digitaloceanspaces.com/media/images/falcon2520925_image_20221009234147.png to /opt/***/images/falcon2520925_image_20221009234147.png
[2024-04-24T10:07:15.649+0000] {logging_mixin.py:188} INFO - target file name === /opt/***/images/falcon2520925_image_20221009234147.png
[2024-04-24T10:07:15.650+0000] {logging_mixin.py:188} INFO - Downloaded https://spacelaunchnow-prod-east.nyc3.digitaloceanspaces.com/media/images/falcon2520925_image_20221009234147.png to /opt/***/images/falcon2520925_image_20221009234147.png
[2024-04-24T10:07:18.323+0000] {logging_mixin.py:188} INFO - target file name === /opt/***/images/gaganyaan_abort_image_20231021132156.jpeg
[2024-04-24T10:07:18.324+0000] {logging_mixin.py:188} INFO - Downloaded https://spacelaunchnow-prod-east.nyc3.digitaloceanspaces.com/media/images/gaganyaan_abort_image_20231021132156.jpeg to /opt/***/images/gaganyaan_abort_image_20231021132156.jpeg
[2024-04-24T10:07:20.567+0000] {logging_mixin.py:188} INFO - target file name === /opt/***/images/electron_image_20190705175640.jpeg
[2024-04-24T10:07:20.567+0000] {logging_mixin.py:188} INFO - Downloaded https://spacelaunchnow-prod-east.nyc3.digitaloceanspaces.com/media/images/electron_image_20190705175640.jpeg to /opt/***/images/electron_image_20190705175640.jpeg
[2024-04-24T10:07:23.223+0000] {logging_mixin.py:188} INFO - target file name === /opt/***/images/rs1_on_the_pad__image_20240325094914.jpeg
[2024-04-24T10:07:23.224+0000] {logging_mixin.py:188} INFO - Downloaded https://spacelaunchnow-prod-east.nyc3.digitaloceanspaces.com/media/images/rs1_on_the_pad__image_20240325094914.jpeg to /opt/***/images/rs1_on_the_pad__image_20240325094914.jpeg
[2024-04-24T10:07:23.225+0000] {python.py:202} INFO - Done. Returned value was: None
[2024-04-24T10:07:23.230+0000] {taskinstance.py:1149} INFO - Marking task as SUCCESS. dag_id=download_rocket_launches, task_id=get_pictures, execution_date=20240424T100650, start_date=20240424T100655, end_date=20240424T100723
[2024-04-24T10:07:23.269+0000] {local_task_job_runner.py:234} INFO - Task exited with return code 0
[2024-04-24T10:07:23.279+0000] {taskinstance.py:3312} INFO - 1 downstream tasks scheduled from follow-on schedule check
