[2024-04-24T05:11:15.616+0000] {processor.py:161} INFO - Started process (PID=74) to work on /home/airflow/.local/lib/python3.8/site-packages/airflow/example_dags/example_setup_teardown.py
[2024-04-24T05:11:15.617+0000] {processor.py:830} INFO - Processing file /home/airflow/.local/lib/python3.8/site-packages/airflow/example_dags/example_setup_teardown.py for tasks to queue
[2024-04-24T05:11:15.618+0000] {logging_mixin.py:188} INFO - [2024-04-24T05:11:15.618+0000] {dagbag.py:540} INFO - Filling up the DagBag from /home/airflow/.local/lib/python3.8/site-packages/airflow/example_dags/example_setup_teardown.py
[2024-04-24T05:11:15.624+0000] {processor.py:840} INFO - DAG(s) 'example_setup_teardown' retrieved from /home/airflow/.local/lib/python3.8/site-packages/airflow/example_dags/example_setup_teardown.py
[2024-04-24T05:11:15.638+0000] {logging_mixin.py:188} INFO - [2024-04-24T05:11:15.638+0000] {dag.py:3047} INFO - Sync 1 DAGs
[2024-04-24T05:11:15.650+0000] {logging_mixin.py:188} INFO - [2024-04-24T05:11:15.650+0000] {dag.py:3834} INFO - Setting next_dagrun for example_setup_teardown to 2024-04-23 00:00:00+00:00, run_after=2024-04-24 00:00:00+00:00
[2024-04-24T05:11:15.660+0000] {processor.py:183} INFO - Processing /home/airflow/.local/lib/python3.8/site-packages/airflow/example_dags/example_setup_teardown.py took 0.046 seconds
[2024-04-24T05:11:46.387+0000] {processor.py:161} INFO - Started process (PID=132) to work on /home/airflow/.local/lib/python3.8/site-packages/airflow/example_dags/example_setup_teardown.py
[2024-04-24T05:11:46.387+0000] {processor.py:830} INFO - Processing file /home/airflow/.local/lib/python3.8/site-packages/airflow/example_dags/example_setup_teardown.py for tasks to queue
[2024-04-24T05:11:46.389+0000] {logging_mixin.py:188} INFO - [2024-04-24T05:11:46.388+0000] {dagbag.py:540} INFO - Filling up the DagBag from /home/airflow/.local/lib/python3.8/site-packages/airflow/example_dags/example_setup_teardown.py
[2024-04-24T05:11:46.392+0000] {processor.py:840} INFO - DAG(s) 'example_setup_teardown' retrieved from /home/airflow/.local/lib/python3.8/site-packages/airflow/example_dags/example_setup_teardown.py
[2024-04-24T05:11:46.403+0000] {logging_mixin.py:188} INFO - [2024-04-24T05:11:46.403+0000] {dag.py:3047} INFO - Sync 1 DAGs
[2024-04-24T05:11:46.415+0000] {logging_mixin.py:188} INFO - [2024-04-24T05:11:46.415+0000] {dag.py:3834} INFO - Setting next_dagrun for example_setup_teardown to 2024-04-23 00:00:00+00:00, run_after=2024-04-24 00:00:00+00:00
[2024-04-24T05:11:46.424+0000] {processor.py:183} INFO - Processing /home/airflow/.local/lib/python3.8/site-packages/airflow/example_dags/example_setup_teardown.py took 0.039 seconds
[2024-04-24T05:12:16.993+0000] {processor.py:161} INFO - Started process (PID=190) to work on /home/airflow/.local/lib/python3.8/site-packages/airflow/example_dags/example_setup_teardown.py
[2024-04-24T05:12:16.994+0000] {processor.py:830} INFO - Processing file /home/airflow/.local/lib/python3.8/site-packages/airflow/example_dags/example_setup_teardown.py for tasks to queue
[2024-04-24T05:12:16.995+0000] {logging_mixin.py:188} INFO - [2024-04-24T05:12:16.995+0000] {dagbag.py:540} INFO - Filling up the DagBag from /home/airflow/.local/lib/python3.8/site-packages/airflow/example_dags/example_setup_teardown.py
[2024-04-24T05:12:16.998+0000] {processor.py:840} INFO - DAG(s) 'example_setup_teardown' retrieved from /home/airflow/.local/lib/python3.8/site-packages/airflow/example_dags/example_setup_teardown.py
[2024-04-24T05:12:17.009+0000] {logging_mixin.py:188} INFO - [2024-04-24T05:12:17.009+0000] {dag.py:3047} INFO - Sync 1 DAGs
[2024-04-24T05:12:17.020+0000] {logging_mixin.py:188} INFO - [2024-04-24T05:12:17.020+0000] {dag.py:3834} INFO - Setting next_dagrun for example_setup_teardown to 2024-04-23 00:00:00+00:00, run_after=2024-04-24 00:00:00+00:00
[2024-04-24T05:12:17.030+0000] {processor.py:183} INFO - Processing /home/airflow/.local/lib/python3.8/site-packages/airflow/example_dags/example_setup_teardown.py took 0.039 seconds
[2024-04-24T05:12:47.676+0000] {processor.py:161} INFO - Started process (PID=248) to work on /home/airflow/.local/lib/python3.8/site-packages/airflow/example_dags/example_setup_teardown.py
[2024-04-24T05:12:47.676+0000] {processor.py:830} INFO - Processing file /home/airflow/.local/lib/python3.8/site-packages/airflow/example_dags/example_setup_teardown.py for tasks to queue
[2024-04-24T05:12:47.677+0000] {logging_mixin.py:188} INFO - [2024-04-24T05:12:47.677+0000] {dagbag.py:540} INFO - Filling up the DagBag from /home/airflow/.local/lib/python3.8/site-packages/airflow/example_dags/example_setup_teardown.py
[2024-04-24T05:12:47.681+0000] {processor.py:840} INFO - DAG(s) 'example_setup_teardown' retrieved from /home/airflow/.local/lib/python3.8/site-packages/airflow/example_dags/example_setup_teardown.py
[2024-04-24T05:12:47.692+0000] {logging_mixin.py:188} INFO - [2024-04-24T05:12:47.692+0000] {dag.py:3047} INFO - Sync 1 DAGs
[2024-04-24T05:12:47.704+0000] {logging_mixin.py:188} INFO - [2024-04-24T05:12:47.704+0000] {dag.py:3834} INFO - Setting next_dagrun for example_setup_teardown to 2024-04-23 00:00:00+00:00, run_after=2024-04-24 00:00:00+00:00
[2024-04-24T05:12:47.714+0000] {processor.py:183} INFO - Processing /home/airflow/.local/lib/python3.8/site-packages/airflow/example_dags/example_setup_teardown.py took 0.041 seconds
[2024-04-24T05:13:18.299+0000] {processor.py:161} INFO - Started process (PID=306) to work on /home/airflow/.local/lib/python3.8/site-packages/airflow/example_dags/example_setup_teardown.py
[2024-04-24T05:13:18.299+0000] {processor.py:830} INFO - Processing file /home/airflow/.local/lib/python3.8/site-packages/airflow/example_dags/example_setup_teardown.py for tasks to queue
[2024-04-24T05:13:18.300+0000] {logging_mixin.py:188} INFO - [2024-04-24T05:13:18.300+0000] {dagbag.py:540} INFO - Filling up the DagBag from /home/airflow/.local/lib/python3.8/site-packages/airflow/example_dags/example_setup_teardown.py
[2024-04-24T05:13:18.304+0000] {processor.py:840} INFO - DAG(s) 'example_setup_teardown' retrieved from /home/airflow/.local/lib/python3.8/site-packages/airflow/example_dags/example_setup_teardown.py
[2024-04-24T05:13:18.315+0000] {logging_mixin.py:188} INFO - [2024-04-24T05:13:18.314+0000] {dag.py:3047} INFO - Sync 1 DAGs
[2024-04-24T05:13:18.326+0000] {logging_mixin.py:188} INFO - [2024-04-24T05:13:18.326+0000] {dag.py:3834} INFO - Setting next_dagrun for example_setup_teardown to 2024-04-23 00:00:00+00:00, run_after=2024-04-24 00:00:00+00:00
[2024-04-24T05:13:18.336+0000] {processor.py:183} INFO - Processing /home/airflow/.local/lib/python3.8/site-packages/airflow/example_dags/example_setup_teardown.py took 0.039 seconds
[2024-04-24T05:13:49.019+0000] {processor.py:161} INFO - Started process (PID=364) to work on /home/airflow/.local/lib/python3.8/site-packages/airflow/example_dags/example_setup_teardown.py
[2024-04-24T05:13:49.019+0000] {processor.py:830} INFO - Processing file /home/airflow/.local/lib/python3.8/site-packages/airflow/example_dags/example_setup_teardown.py for tasks to queue
[2024-04-24T05:13:49.020+0000] {logging_mixin.py:188} INFO - [2024-04-24T05:13:49.020+0000] {dagbag.py:540} INFO - Filling up the DagBag from /home/airflow/.local/lib/python3.8/site-packages/airflow/example_dags/example_setup_teardown.py
[2024-04-24T05:13:49.024+0000] {processor.py:840} INFO - DAG(s) 'example_setup_teardown' retrieved from /home/airflow/.local/lib/python3.8/site-packages/airflow/example_dags/example_setup_teardown.py
[2024-04-24T05:13:49.035+0000] {logging_mixin.py:188} INFO - [2024-04-24T05:13:49.035+0000] {dag.py:3047} INFO - Sync 1 DAGs
[2024-04-24T05:13:49.047+0000] {logging_mixin.py:188} INFO - [2024-04-24T05:13:49.046+0000] {dag.py:3834} INFO - Setting next_dagrun for example_setup_teardown to 2024-04-23 00:00:00+00:00, run_after=2024-04-24 00:00:00+00:00
[2024-04-24T05:13:49.056+0000] {processor.py:183} INFO - Processing /home/airflow/.local/lib/python3.8/site-packages/airflow/example_dags/example_setup_teardown.py took 0.039 seconds
[2024-04-24T05:14:19.716+0000] {processor.py:161} INFO - Started process (PID=422) to work on /home/airflow/.local/lib/python3.8/site-packages/airflow/example_dags/example_setup_teardown.py
[2024-04-24T05:14:19.717+0000] {processor.py:830} INFO - Processing file /home/airflow/.local/lib/python3.8/site-packages/airflow/example_dags/example_setup_teardown.py for tasks to queue
[2024-04-24T05:14:19.718+0000] {logging_mixin.py:188} INFO - [2024-04-24T05:14:19.718+0000] {dagbag.py:540} INFO - Filling up the DagBag from /home/airflow/.local/lib/python3.8/site-packages/airflow/example_dags/example_setup_teardown.py
[2024-04-24T05:14:19.721+0000] {processor.py:840} INFO - DAG(s) 'example_setup_teardown' retrieved from /home/airflow/.local/lib/python3.8/site-packages/airflow/example_dags/example_setup_teardown.py
[2024-04-24T05:14:19.753+0000] {logging_mixin.py:188} INFO - [2024-04-24T05:14:19.752+0000] {dag.py:3047} INFO - Sync 1 DAGs
[2024-04-24T05:14:19.765+0000] {logging_mixin.py:188} INFO - [2024-04-24T05:14:19.764+0000] {dag.py:3834} INFO - Setting next_dagrun for example_setup_teardown to 2024-04-23 00:00:00+00:00, run_after=2024-04-24 00:00:00+00:00
[2024-04-24T05:14:19.777+0000] {processor.py:183} INFO - Processing /home/airflow/.local/lib/python3.8/site-packages/airflow/example_dags/example_setup_teardown.py took 0.063 seconds
[2024-04-24T05:14:50.416+0000] {processor.py:161} INFO - Started process (PID=480) to work on /home/airflow/.local/lib/python3.8/site-packages/airflow/example_dags/example_setup_teardown.py
[2024-04-24T05:14:50.417+0000] {processor.py:830} INFO - Processing file /home/airflow/.local/lib/python3.8/site-packages/airflow/example_dags/example_setup_teardown.py for tasks to queue
[2024-04-24T05:14:50.418+0000] {logging_mixin.py:188} INFO - [2024-04-24T05:14:50.417+0000] {dagbag.py:540} INFO - Filling up the DagBag from /home/airflow/.local/lib/python3.8/site-packages/airflow/example_dags/example_setup_teardown.py
[2024-04-24T05:14:50.423+0000] {processor.py:840} INFO - DAG(s) 'example_setup_teardown' retrieved from /home/airflow/.local/lib/python3.8/site-packages/airflow/example_dags/example_setup_teardown.py
[2024-04-24T05:14:50.434+0000] {logging_mixin.py:188} INFO - [2024-04-24T05:14:50.433+0000] {dag.py:3047} INFO - Sync 1 DAGs
[2024-04-24T05:14:50.445+0000] {logging_mixin.py:188} INFO - [2024-04-24T05:14:50.445+0000] {dag.py:3834} INFO - Setting next_dagrun for example_setup_teardown to 2024-04-23 00:00:00+00:00, run_after=2024-04-24 00:00:00+00:00
[2024-04-24T05:14:50.454+0000] {processor.py:183} INFO - Processing /home/airflow/.local/lib/python3.8/site-packages/airflow/example_dags/example_setup_teardown.py took 0.040 seconds
[2024-04-24T05:15:20.944+0000] {processor.py:161} INFO - Started process (PID=539) to work on /home/airflow/.local/lib/python3.8/site-packages/airflow/example_dags/example_setup_teardown.py
[2024-04-24T05:15:20.944+0000] {processor.py:830} INFO - Processing file /home/airflow/.local/lib/python3.8/site-packages/airflow/example_dags/example_setup_teardown.py for tasks to queue
[2024-04-24T05:15:20.945+0000] {logging_mixin.py:188} INFO - [2024-04-24T05:15:20.945+0000] {dagbag.py:540} INFO - Filling up the DagBag from /home/airflow/.local/lib/python3.8/site-packages/airflow/example_dags/example_setup_teardown.py
[2024-04-24T05:15:20.949+0000] {processor.py:840} INFO - DAG(s) 'example_setup_teardown' retrieved from /home/airflow/.local/lib/python3.8/site-packages/airflow/example_dags/example_setup_teardown.py
[2024-04-24T05:15:20.959+0000] {logging_mixin.py:188} INFO - [2024-04-24T05:15:20.959+0000] {dag.py:3047} INFO - Sync 1 DAGs
[2024-04-24T05:15:20.970+0000] {logging_mixin.py:188} INFO - [2024-04-24T05:15:20.970+0000] {dag.py:3834} INFO - Setting next_dagrun for example_setup_teardown to 2024-04-23 00:00:00+00:00, run_after=2024-04-24 00:00:00+00:00
[2024-04-24T05:15:20.980+0000] {processor.py:183} INFO - Processing /home/airflow/.local/lib/python3.8/site-packages/airflow/example_dags/example_setup_teardown.py took 0.038 seconds
[2024-04-24T05:15:51.431+0000] {processor.py:161} INFO - Started process (PID=597) to work on /home/airflow/.local/lib/python3.8/site-packages/airflow/example_dags/example_setup_teardown.py
[2024-04-24T05:15:51.431+0000] {processor.py:830} INFO - Processing file /home/airflow/.local/lib/python3.8/site-packages/airflow/example_dags/example_setup_teardown.py for tasks to queue
[2024-04-24T05:15:51.432+0000] {logging_mixin.py:188} INFO - [2024-04-24T05:15:51.432+0000] {dagbag.py:540} INFO - Filling up the DagBag from /home/airflow/.local/lib/python3.8/site-packages/airflow/example_dags/example_setup_teardown.py
[2024-04-24T05:15:51.436+0000] {processor.py:840} INFO - DAG(s) 'example_setup_teardown' retrieved from /home/airflow/.local/lib/python3.8/site-packages/airflow/example_dags/example_setup_teardown.py
[2024-04-24T05:15:51.446+0000] {logging_mixin.py:188} INFO - [2024-04-24T05:15:51.446+0000] {dag.py:3047} INFO - Sync 1 DAGs
[2024-04-24T05:15:51.458+0000] {logging_mixin.py:188} INFO - [2024-04-24T05:15:51.458+0000] {dag.py:3834} INFO - Setting next_dagrun for example_setup_teardown to 2024-04-23 00:00:00+00:00, run_after=2024-04-24 00:00:00+00:00
[2024-04-24T05:15:51.467+0000] {processor.py:183} INFO - Processing /home/airflow/.local/lib/python3.8/site-packages/airflow/example_dags/example_setup_teardown.py took 0.038 seconds
[2024-04-24T05:16:21.948+0000] {processor.py:161} INFO - Started process (PID=655) to work on /home/airflow/.local/lib/python3.8/site-packages/airflow/example_dags/example_setup_teardown.py
[2024-04-24T05:16:21.949+0000] {processor.py:830} INFO - Processing file /home/airflow/.local/lib/python3.8/site-packages/airflow/example_dags/example_setup_teardown.py for tasks to queue
[2024-04-24T05:16:21.950+0000] {logging_mixin.py:188} INFO - [2024-04-24T05:16:21.949+0000] {dagbag.py:540} INFO - Filling up the DagBag from /home/airflow/.local/lib/python3.8/site-packages/airflow/example_dags/example_setup_teardown.py
[2024-04-24T05:16:21.953+0000] {processor.py:840} INFO - DAG(s) 'example_setup_teardown' retrieved from /home/airflow/.local/lib/python3.8/site-packages/airflow/example_dags/example_setup_teardown.py
[2024-04-24T05:16:21.964+0000] {logging_mixin.py:188} INFO - [2024-04-24T05:16:21.964+0000] {dag.py:3047} INFO - Sync 1 DAGs
[2024-04-24T05:16:21.975+0000] {logging_mixin.py:188} INFO - [2024-04-24T05:16:21.975+0000] {dag.py:3834} INFO - Setting next_dagrun for example_setup_teardown to 2024-04-23 00:00:00+00:00, run_after=2024-04-24 00:00:00+00:00
[2024-04-24T05:16:21.985+0000] {processor.py:183} INFO - Processing /home/airflow/.local/lib/python3.8/site-packages/airflow/example_dags/example_setup_teardown.py took 0.039 seconds
[2024-04-24T05:16:52.502+0000] {processor.py:161} INFO - Started process (PID=713) to work on /home/airflow/.local/lib/python3.8/site-packages/airflow/example_dags/example_setup_teardown.py
[2024-04-24T05:16:52.503+0000] {processor.py:830} INFO - Processing file /home/airflow/.local/lib/python3.8/site-packages/airflow/example_dags/example_setup_teardown.py for tasks to queue
[2024-04-24T05:16:52.504+0000] {logging_mixin.py:188} INFO - [2024-04-24T05:16:52.503+0000] {dagbag.py:540} INFO - Filling up the DagBag from /home/airflow/.local/lib/python3.8/site-packages/airflow/example_dags/example_setup_teardown.py
[2024-04-24T05:16:52.507+0000] {processor.py:840} INFO - DAG(s) 'example_setup_teardown' retrieved from /home/airflow/.local/lib/python3.8/site-packages/airflow/example_dags/example_setup_teardown.py
[2024-04-24T05:16:52.518+0000] {logging_mixin.py:188} INFO - [2024-04-24T05:16:52.518+0000] {dag.py:3047} INFO - Sync 1 DAGs
[2024-04-24T05:16:52.530+0000] {logging_mixin.py:188} INFO - [2024-04-24T05:16:52.530+0000] {dag.py:3834} INFO - Setting next_dagrun for example_setup_teardown to 2024-04-23 00:00:00+00:00, run_after=2024-04-24 00:00:00+00:00
[2024-04-24T05:16:52.540+0000] {processor.py:183} INFO - Processing /home/airflow/.local/lib/python3.8/site-packages/airflow/example_dags/example_setup_teardown.py took 0.040 seconds
[2024-04-24T05:17:23.010+0000] {processor.py:161} INFO - Started process (PID=771) to work on /home/airflow/.local/lib/python3.8/site-packages/airflow/example_dags/example_setup_teardown.py
[2024-04-24T05:17:23.011+0000] {processor.py:830} INFO - Processing file /home/airflow/.local/lib/python3.8/site-packages/airflow/example_dags/example_setup_teardown.py for tasks to queue
[2024-04-24T05:17:23.012+0000] {logging_mixin.py:188} INFO - [2024-04-24T05:17:23.012+0000] {dagbag.py:540} INFO - Filling up the DagBag from /home/airflow/.local/lib/python3.8/site-packages/airflow/example_dags/example_setup_teardown.py
[2024-04-24T05:17:23.016+0000] {processor.py:840} INFO - DAG(s) 'example_setup_teardown' retrieved from /home/airflow/.local/lib/python3.8/site-packages/airflow/example_dags/example_setup_teardown.py
[2024-04-24T05:17:23.027+0000] {logging_mixin.py:188} INFO - [2024-04-24T05:17:23.027+0000] {dag.py:3047} INFO - Sync 1 DAGs
[2024-04-24T05:17:23.038+0000] {logging_mixin.py:188} INFO - [2024-04-24T05:17:23.038+0000] {dag.py:3834} INFO - Setting next_dagrun for example_setup_teardown to 2024-04-23 00:00:00+00:00, run_after=2024-04-24 00:00:00+00:00
[2024-04-24T05:17:23.049+0000] {processor.py:183} INFO - Processing /home/airflow/.local/lib/python3.8/site-packages/airflow/example_dags/example_setup_teardown.py took 0.041 seconds
[2024-04-24T05:17:53.627+0000] {processor.py:161} INFO - Started process (PID=829) to work on /home/airflow/.local/lib/python3.8/site-packages/airflow/example_dags/example_setup_teardown.py
[2024-04-24T05:17:53.627+0000] {processor.py:830} INFO - Processing file /home/airflow/.local/lib/python3.8/site-packages/airflow/example_dags/example_setup_teardown.py for tasks to queue
[2024-04-24T05:17:53.628+0000] {logging_mixin.py:188} INFO - [2024-04-24T05:17:53.628+0000] {dagbag.py:540} INFO - Filling up the DagBag from /home/airflow/.local/lib/python3.8/site-packages/airflow/example_dags/example_setup_teardown.py
[2024-04-24T05:17:53.632+0000] {processor.py:840} INFO - DAG(s) 'example_setup_teardown' retrieved from /home/airflow/.local/lib/python3.8/site-packages/airflow/example_dags/example_setup_teardown.py
[2024-04-24T05:17:53.644+0000] {logging_mixin.py:188} INFO - [2024-04-24T05:17:53.644+0000] {dag.py:3047} INFO - Sync 1 DAGs
[2024-04-24T05:17:53.655+0000] {logging_mixin.py:188} INFO - [2024-04-24T05:17:53.655+0000] {dag.py:3834} INFO - Setting next_dagrun for example_setup_teardown to 2024-04-23 00:00:00+00:00, run_after=2024-04-24 00:00:00+00:00
[2024-04-24T05:17:53.665+0000] {processor.py:183} INFO - Processing /home/airflow/.local/lib/python3.8/site-packages/airflow/example_dags/example_setup_teardown.py took 0.040 seconds
[2024-04-24T05:18:24.372+0000] {processor.py:161} INFO - Started process (PID=887) to work on /home/airflow/.local/lib/python3.8/site-packages/airflow/example_dags/example_setup_teardown.py
[2024-04-24T05:18:24.373+0000] {processor.py:830} INFO - Processing file /home/airflow/.local/lib/python3.8/site-packages/airflow/example_dags/example_setup_teardown.py for tasks to queue
[2024-04-24T05:18:24.374+0000] {logging_mixin.py:188} INFO - [2024-04-24T05:18:24.373+0000] {dagbag.py:540} INFO - Filling up the DagBag from /home/airflow/.local/lib/python3.8/site-packages/airflow/example_dags/example_setup_teardown.py
[2024-04-24T05:18:24.377+0000] {processor.py:840} INFO - DAG(s) 'example_setup_teardown' retrieved from /home/airflow/.local/lib/python3.8/site-packages/airflow/example_dags/example_setup_teardown.py
[2024-04-24T05:18:24.388+0000] {logging_mixin.py:188} INFO - [2024-04-24T05:18:24.388+0000] {dag.py:3047} INFO - Sync 1 DAGs
[2024-04-24T05:18:24.399+0000] {logging_mixin.py:188} INFO - [2024-04-24T05:18:24.399+0000] {dag.py:3834} INFO - Setting next_dagrun for example_setup_teardown to 2024-04-23 00:00:00+00:00, run_after=2024-04-24 00:00:00+00:00
[2024-04-24T05:18:24.409+0000] {processor.py:183} INFO - Processing /home/airflow/.local/lib/python3.8/site-packages/airflow/example_dags/example_setup_teardown.py took 0.039 seconds
[2024-04-24T05:18:54.921+0000] {processor.py:161} INFO - Started process (PID=945) to work on /home/airflow/.local/lib/python3.8/site-packages/airflow/example_dags/example_setup_teardown.py
[2024-04-24T05:18:54.922+0000] {processor.py:830} INFO - Processing file /home/airflow/.local/lib/python3.8/site-packages/airflow/example_dags/example_setup_teardown.py for tasks to queue
[2024-04-24T05:18:54.923+0000] {logging_mixin.py:188} INFO - [2024-04-24T05:18:54.922+0000] {dagbag.py:540} INFO - Filling up the DagBag from /home/airflow/.local/lib/python3.8/site-packages/airflow/example_dags/example_setup_teardown.py
[2024-04-24T05:18:54.926+0000] {processor.py:840} INFO - DAG(s) 'example_setup_teardown' retrieved from /home/airflow/.local/lib/python3.8/site-packages/airflow/example_dags/example_setup_teardown.py
[2024-04-24T05:18:54.936+0000] {logging_mixin.py:188} INFO - [2024-04-24T05:18:54.936+0000] {dag.py:3047} INFO - Sync 1 DAGs
[2024-04-24T05:18:54.948+0000] {logging_mixin.py:188} INFO - [2024-04-24T05:18:54.948+0000] {dag.py:3834} INFO - Setting next_dagrun for example_setup_teardown to 2024-04-23 00:00:00+00:00, run_after=2024-04-24 00:00:00+00:00
[2024-04-24T05:18:54.957+0000] {processor.py:183} INFO - Processing /home/airflow/.local/lib/python3.8/site-packages/airflow/example_dags/example_setup_teardown.py took 0.038 seconds
[2024-04-24T05:19:25.497+0000] {processor.py:161} INFO - Started process (PID=1003) to work on /home/airflow/.local/lib/python3.8/site-packages/airflow/example_dags/example_setup_teardown.py
[2024-04-24T05:19:25.498+0000] {processor.py:830} INFO - Processing file /home/airflow/.local/lib/python3.8/site-packages/airflow/example_dags/example_setup_teardown.py for tasks to queue
[2024-04-24T05:19:25.499+0000] {logging_mixin.py:188} INFO - [2024-04-24T05:19:25.499+0000] {dagbag.py:540} INFO - Filling up the DagBag from /home/airflow/.local/lib/python3.8/site-packages/airflow/example_dags/example_setup_teardown.py
[2024-04-24T05:19:25.502+0000] {processor.py:840} INFO - DAG(s) 'example_setup_teardown' retrieved from /home/airflow/.local/lib/python3.8/site-packages/airflow/example_dags/example_setup_teardown.py
[2024-04-24T05:19:25.513+0000] {logging_mixin.py:188} INFO - [2024-04-24T05:19:25.513+0000] {dag.py:3047} INFO - Sync 1 DAGs
[2024-04-24T05:19:25.524+0000] {logging_mixin.py:188} INFO - [2024-04-24T05:19:25.524+0000] {dag.py:3834} INFO - Setting next_dagrun for example_setup_teardown to 2024-04-23 00:00:00+00:00, run_after=2024-04-24 00:00:00+00:00
[2024-04-24T05:19:25.534+0000] {processor.py:183} INFO - Processing /home/airflow/.local/lib/python3.8/site-packages/airflow/example_dags/example_setup_teardown.py took 0.038 seconds
[2024-04-24T05:19:56.043+0000] {processor.py:161} INFO - Started process (PID=1061) to work on /home/airflow/.local/lib/python3.8/site-packages/airflow/example_dags/example_setup_teardown.py
[2024-04-24T05:19:56.044+0000] {processor.py:830} INFO - Processing file /home/airflow/.local/lib/python3.8/site-packages/airflow/example_dags/example_setup_teardown.py for tasks to queue
[2024-04-24T05:19:56.045+0000] {logging_mixin.py:188} INFO - [2024-04-24T05:19:56.045+0000] {dagbag.py:540} INFO - Filling up the DagBag from /home/airflow/.local/lib/python3.8/site-packages/airflow/example_dags/example_setup_teardown.py
[2024-04-24T05:19:56.048+0000] {processor.py:840} INFO - DAG(s) 'example_setup_teardown' retrieved from /home/airflow/.local/lib/python3.8/site-packages/airflow/example_dags/example_setup_teardown.py
[2024-04-24T05:19:56.059+0000] {logging_mixin.py:188} INFO - [2024-04-24T05:19:56.059+0000] {dag.py:3047} INFO - Sync 1 DAGs
[2024-04-24T05:19:56.072+0000] {logging_mixin.py:188} INFO - [2024-04-24T05:19:56.071+0000] {dag.py:3834} INFO - Setting next_dagrun for example_setup_teardown to 2024-04-23 00:00:00+00:00, run_after=2024-04-24 00:00:00+00:00
[2024-04-24T05:19:56.082+0000] {processor.py:183} INFO - Processing /home/airflow/.local/lib/python3.8/site-packages/airflow/example_dags/example_setup_teardown.py took 0.041 seconds
[2024-04-24T05:20:26.559+0000] {processor.py:161} INFO - Started process (PID=1119) to work on /home/airflow/.local/lib/python3.8/site-packages/airflow/example_dags/example_setup_teardown.py
[2024-04-24T05:20:26.560+0000] {processor.py:830} INFO - Processing file /home/airflow/.local/lib/python3.8/site-packages/airflow/example_dags/example_setup_teardown.py for tasks to queue
[2024-04-24T05:20:26.561+0000] {logging_mixin.py:188} INFO - [2024-04-24T05:20:26.561+0000] {dagbag.py:540} INFO - Filling up the DagBag from /home/airflow/.local/lib/python3.8/site-packages/airflow/example_dags/example_setup_teardown.py
[2024-04-24T05:20:26.564+0000] {processor.py:840} INFO - DAG(s) 'example_setup_teardown' retrieved from /home/airflow/.local/lib/python3.8/site-packages/airflow/example_dags/example_setup_teardown.py
[2024-04-24T05:20:26.575+0000] {logging_mixin.py:188} INFO - [2024-04-24T05:20:26.575+0000] {dag.py:3047} INFO - Sync 1 DAGs
[2024-04-24T05:20:26.586+0000] {logging_mixin.py:188} INFO - [2024-04-24T05:20:26.586+0000] {dag.py:3834} INFO - Setting next_dagrun for example_setup_teardown to 2024-04-23 00:00:00+00:00, run_after=2024-04-24 00:00:00+00:00
[2024-04-24T05:20:26.595+0000] {processor.py:183} INFO - Processing /home/airflow/.local/lib/python3.8/site-packages/airflow/example_dags/example_setup_teardown.py took 0.038 seconds
[2024-04-24T05:20:57.159+0000] {processor.py:161} INFO - Started process (PID=1177) to work on /home/airflow/.local/lib/python3.8/site-packages/airflow/example_dags/example_setup_teardown.py
[2024-04-24T05:20:57.159+0000] {processor.py:830} INFO - Processing file /home/airflow/.local/lib/python3.8/site-packages/airflow/example_dags/example_setup_teardown.py for tasks to queue
[2024-04-24T05:20:57.160+0000] {logging_mixin.py:188} INFO - [2024-04-24T05:20:57.160+0000] {dagbag.py:540} INFO - Filling up the DagBag from /home/airflow/.local/lib/python3.8/site-packages/airflow/example_dags/example_setup_teardown.py
[2024-04-24T05:20:57.164+0000] {processor.py:840} INFO - DAG(s) 'example_setup_teardown' retrieved from /home/airflow/.local/lib/python3.8/site-packages/airflow/example_dags/example_setup_teardown.py
[2024-04-24T05:20:57.174+0000] {logging_mixin.py:188} INFO - [2024-04-24T05:20:57.174+0000] {dag.py:3047} INFO - Sync 1 DAGs
[2024-04-24T05:20:57.185+0000] {logging_mixin.py:188} INFO - [2024-04-24T05:20:57.185+0000] {dag.py:3834} INFO - Setting next_dagrun for example_setup_teardown to 2024-04-23 00:00:00+00:00, run_after=2024-04-24 00:00:00+00:00
[2024-04-24T05:20:57.195+0000] {processor.py:183} INFO - Processing /home/airflow/.local/lib/python3.8/site-packages/airflow/example_dags/example_setup_teardown.py took 0.038 seconds
[2024-04-24T05:21:27.668+0000] {processor.py:161} INFO - Started process (PID=1235) to work on /home/airflow/.local/lib/python3.8/site-packages/airflow/example_dags/example_setup_teardown.py
[2024-04-24T05:21:27.669+0000] {processor.py:830} INFO - Processing file /home/airflow/.local/lib/python3.8/site-packages/airflow/example_dags/example_setup_teardown.py for tasks to queue
[2024-04-24T05:21:27.670+0000] {logging_mixin.py:188} INFO - [2024-04-24T05:21:27.669+0000] {dagbag.py:540} INFO - Filling up the DagBag from /home/airflow/.local/lib/python3.8/site-packages/airflow/example_dags/example_setup_teardown.py
[2024-04-24T05:21:27.673+0000] {processor.py:840} INFO - DAG(s) 'example_setup_teardown' retrieved from /home/airflow/.local/lib/python3.8/site-packages/airflow/example_dags/example_setup_teardown.py
[2024-04-24T05:21:27.684+0000] {logging_mixin.py:188} INFO - [2024-04-24T05:21:27.683+0000] {dag.py:3047} INFO - Sync 1 DAGs
[2024-04-24T05:21:27.695+0000] {logging_mixin.py:188} INFO - [2024-04-24T05:21:27.695+0000] {dag.py:3834} INFO - Setting next_dagrun for example_setup_teardown to 2024-04-23 00:00:00+00:00, run_after=2024-04-24 00:00:00+00:00
[2024-04-24T05:21:27.704+0000] {processor.py:183} INFO - Processing /home/airflow/.local/lib/python3.8/site-packages/airflow/example_dags/example_setup_teardown.py took 0.038 seconds
[2024-04-24T05:21:58.155+0000] {processor.py:161} INFO - Started process (PID=1293) to work on /home/airflow/.local/lib/python3.8/site-packages/airflow/example_dags/example_setup_teardown.py
[2024-04-24T05:21:58.155+0000] {processor.py:830} INFO - Processing file /home/airflow/.local/lib/python3.8/site-packages/airflow/example_dags/example_setup_teardown.py for tasks to queue
[2024-04-24T05:21:58.156+0000] {logging_mixin.py:188} INFO - [2024-04-24T05:21:58.156+0000] {dagbag.py:540} INFO - Filling up the DagBag from /home/airflow/.local/lib/python3.8/site-packages/airflow/example_dags/example_setup_teardown.py
[2024-04-24T05:21:58.160+0000] {processor.py:840} INFO - DAG(s) 'example_setup_teardown' retrieved from /home/airflow/.local/lib/python3.8/site-packages/airflow/example_dags/example_setup_teardown.py
[2024-04-24T05:21:58.170+0000] {logging_mixin.py:188} INFO - [2024-04-24T05:21:58.170+0000] {dag.py:3047} INFO - Sync 1 DAGs
[2024-04-24T05:21:58.181+0000] {logging_mixin.py:188} INFO - [2024-04-24T05:21:58.181+0000] {dag.py:3834} INFO - Setting next_dagrun for example_setup_teardown to 2024-04-23 00:00:00+00:00, run_after=2024-04-24 00:00:00+00:00
[2024-04-24T05:21:58.191+0000] {processor.py:183} INFO - Processing /home/airflow/.local/lib/python3.8/site-packages/airflow/example_dags/example_setup_teardown.py took 0.038 seconds
[2024-04-24T05:22:28.634+0000] {processor.py:161} INFO - Started process (PID=1351) to work on /home/airflow/.local/lib/python3.8/site-packages/airflow/example_dags/example_setup_teardown.py
[2024-04-24T05:22:28.635+0000] {processor.py:830} INFO - Processing file /home/airflow/.local/lib/python3.8/site-packages/airflow/example_dags/example_setup_teardown.py for tasks to queue
[2024-04-24T05:22:28.636+0000] {logging_mixin.py:188} INFO - [2024-04-24T05:22:28.635+0000] {dagbag.py:540} INFO - Filling up the DagBag from /home/airflow/.local/lib/python3.8/site-packages/airflow/example_dags/example_setup_teardown.py
[2024-04-24T05:22:28.639+0000] {processor.py:840} INFO - DAG(s) 'example_setup_teardown' retrieved from /home/airflow/.local/lib/python3.8/site-packages/airflow/example_dags/example_setup_teardown.py
[2024-04-24T05:22:28.649+0000] {logging_mixin.py:188} INFO - [2024-04-24T05:22:28.649+0000] {dag.py:3047} INFO - Sync 1 DAGs
[2024-04-24T05:22:28.660+0000] {logging_mixin.py:188} INFO - [2024-04-24T05:22:28.660+0000] {dag.py:3834} INFO - Setting next_dagrun for example_setup_teardown to 2024-04-23 00:00:00+00:00, run_after=2024-04-24 00:00:00+00:00
[2024-04-24T05:22:28.670+0000] {processor.py:183} INFO - Processing /home/airflow/.local/lib/python3.8/site-packages/airflow/example_dags/example_setup_teardown.py took 0.037 seconds
[2024-04-24T05:22:59.177+0000] {processor.py:161} INFO - Started process (PID=1409) to work on /home/airflow/.local/lib/python3.8/site-packages/airflow/example_dags/example_setup_teardown.py
[2024-04-24T05:22:59.178+0000] {processor.py:830} INFO - Processing file /home/airflow/.local/lib/python3.8/site-packages/airflow/example_dags/example_setup_teardown.py for tasks to queue
[2024-04-24T05:22:59.179+0000] {logging_mixin.py:188} INFO - [2024-04-24T05:22:59.179+0000] {dagbag.py:540} INFO - Filling up the DagBag from /home/airflow/.local/lib/python3.8/site-packages/airflow/example_dags/example_setup_teardown.py
[2024-04-24T05:22:59.183+0000] {processor.py:840} INFO - DAG(s) 'example_setup_teardown' retrieved from /home/airflow/.local/lib/python3.8/site-packages/airflow/example_dags/example_setup_teardown.py
[2024-04-24T05:22:59.195+0000] {logging_mixin.py:188} INFO - [2024-04-24T05:22:59.195+0000] {dag.py:3047} INFO - Sync 1 DAGs
[2024-04-24T05:22:59.206+0000] {logging_mixin.py:188} INFO - [2024-04-24T05:22:59.206+0000] {dag.py:3834} INFO - Setting next_dagrun for example_setup_teardown to 2024-04-23 00:00:00+00:00, run_after=2024-04-24 00:00:00+00:00
[2024-04-24T05:22:59.217+0000] {processor.py:183} INFO - Processing /home/airflow/.local/lib/python3.8/site-packages/airflow/example_dags/example_setup_teardown.py took 0.041 seconds
[2024-04-24T05:23:29.705+0000] {processor.py:161} INFO - Started process (PID=1467) to work on /home/airflow/.local/lib/python3.8/site-packages/airflow/example_dags/example_setup_teardown.py
[2024-04-24T05:23:29.706+0000] {processor.py:830} INFO - Processing file /home/airflow/.local/lib/python3.8/site-packages/airflow/example_dags/example_setup_teardown.py for tasks to queue
[2024-04-24T05:23:29.707+0000] {logging_mixin.py:188} INFO - [2024-04-24T05:23:29.706+0000] {dagbag.py:540} INFO - Filling up the DagBag from /home/airflow/.local/lib/python3.8/site-packages/airflow/example_dags/example_setup_teardown.py
[2024-04-24T05:23:29.710+0000] {processor.py:840} INFO - DAG(s) 'example_setup_teardown' retrieved from /home/airflow/.local/lib/python3.8/site-packages/airflow/example_dags/example_setup_teardown.py
[2024-04-24T05:23:29.721+0000] {logging_mixin.py:188} INFO - [2024-04-24T05:23:29.721+0000] {dag.py:3047} INFO - Sync 1 DAGs
[2024-04-24T05:23:29.732+0000] {logging_mixin.py:188} INFO - [2024-04-24T05:23:29.732+0000] {dag.py:3834} INFO - Setting next_dagrun for example_setup_teardown to 2024-04-23 00:00:00+00:00, run_after=2024-04-24 00:00:00+00:00
[2024-04-24T05:23:29.742+0000] {processor.py:183} INFO - Processing /home/airflow/.local/lib/python3.8/site-packages/airflow/example_dags/example_setup_teardown.py took 0.039 seconds
[2024-04-24T05:24:00.199+0000] {processor.py:161} INFO - Started process (PID=1525) to work on /home/airflow/.local/lib/python3.8/site-packages/airflow/example_dags/example_setup_teardown.py
[2024-04-24T05:24:00.199+0000] {processor.py:830} INFO - Processing file /home/airflow/.local/lib/python3.8/site-packages/airflow/example_dags/example_setup_teardown.py for tasks to queue
[2024-04-24T05:24:00.200+0000] {logging_mixin.py:188} INFO - [2024-04-24T05:24:00.200+0000] {dagbag.py:540} INFO - Filling up the DagBag from /home/airflow/.local/lib/python3.8/site-packages/airflow/example_dags/example_setup_teardown.py
[2024-04-24T05:24:00.204+0000] {processor.py:840} INFO - DAG(s) 'example_setup_teardown' retrieved from /home/airflow/.local/lib/python3.8/site-packages/airflow/example_dags/example_setup_teardown.py
[2024-04-24T05:24:00.215+0000] {logging_mixin.py:188} INFO - [2024-04-24T05:24:00.215+0000] {dag.py:3047} INFO - Sync 1 DAGs
[2024-04-24T05:24:00.227+0000] {logging_mixin.py:188} INFO - [2024-04-24T05:24:00.226+0000] {dag.py:3834} INFO - Setting next_dagrun for example_setup_teardown to 2024-04-23 00:00:00+00:00, run_after=2024-04-24 00:00:00+00:00
[2024-04-24T05:24:00.237+0000] {processor.py:183} INFO - Processing /home/airflow/.local/lib/python3.8/site-packages/airflow/example_dags/example_setup_teardown.py took 0.040 seconds
[2024-04-24T05:24:30.676+0000] {processor.py:161} INFO - Started process (PID=1583) to work on /home/airflow/.local/lib/python3.8/site-packages/airflow/example_dags/example_setup_teardown.py
[2024-04-24T05:24:30.676+0000] {processor.py:830} INFO - Processing file /home/airflow/.local/lib/python3.8/site-packages/airflow/example_dags/example_setup_teardown.py for tasks to queue
[2024-04-24T05:24:30.677+0000] {logging_mixin.py:188} INFO - [2024-04-24T05:24:30.677+0000] {dagbag.py:540} INFO - Filling up the DagBag from /home/airflow/.local/lib/python3.8/site-packages/airflow/example_dags/example_setup_teardown.py
[2024-04-24T05:24:30.681+0000] {processor.py:840} INFO - DAG(s) 'example_setup_teardown' retrieved from /home/airflow/.local/lib/python3.8/site-packages/airflow/example_dags/example_setup_teardown.py
[2024-04-24T05:24:30.691+0000] {logging_mixin.py:188} INFO - [2024-04-24T05:24:30.691+0000] {dag.py:3047} INFO - Sync 1 DAGs
[2024-04-24T05:24:30.702+0000] {logging_mixin.py:188} INFO - [2024-04-24T05:24:30.702+0000] {dag.py:3834} INFO - Setting next_dagrun for example_setup_teardown to 2024-04-23 00:00:00+00:00, run_after=2024-04-24 00:00:00+00:00
[2024-04-24T05:24:30.712+0000] {processor.py:183} INFO - Processing /home/airflow/.local/lib/python3.8/site-packages/airflow/example_dags/example_setup_teardown.py took 0.038 seconds
[2024-04-24T05:25:01.136+0000] {processor.py:161} INFO - Started process (PID=1641) to work on /home/airflow/.local/lib/python3.8/site-packages/airflow/example_dags/example_setup_teardown.py
[2024-04-24T05:25:01.137+0000] {processor.py:830} INFO - Processing file /home/airflow/.local/lib/python3.8/site-packages/airflow/example_dags/example_setup_teardown.py for tasks to queue
[2024-04-24T05:25:01.138+0000] {logging_mixin.py:188} INFO - [2024-04-24T05:25:01.138+0000] {dagbag.py:540} INFO - Filling up the DagBag from /home/airflow/.local/lib/python3.8/site-packages/airflow/example_dags/example_setup_teardown.py
[2024-04-24T05:25:01.141+0000] {processor.py:840} INFO - DAG(s) 'example_setup_teardown' retrieved from /home/airflow/.local/lib/python3.8/site-packages/airflow/example_dags/example_setup_teardown.py
[2024-04-24T05:25:01.152+0000] {logging_mixin.py:188} INFO - [2024-04-24T05:25:01.152+0000] {dag.py:3047} INFO - Sync 1 DAGs
[2024-04-24T05:25:01.163+0000] {logging_mixin.py:188} INFO - [2024-04-24T05:25:01.163+0000] {dag.py:3834} INFO - Setting next_dagrun for example_setup_teardown to 2024-04-23 00:00:00+00:00, run_after=2024-04-24 00:00:00+00:00
[2024-04-24T05:25:01.172+0000] {processor.py:183} INFO - Processing /home/airflow/.local/lib/python3.8/site-packages/airflow/example_dags/example_setup_teardown.py took 0.038 seconds
[2024-04-24T05:25:31.574+0000] {processor.py:161} INFO - Started process (PID=1699) to work on /home/airflow/.local/lib/python3.8/site-packages/airflow/example_dags/example_setup_teardown.py
[2024-04-24T05:25:31.574+0000] {processor.py:830} INFO - Processing file /home/airflow/.local/lib/python3.8/site-packages/airflow/example_dags/example_setup_teardown.py for tasks to queue
[2024-04-24T05:25:31.575+0000] {logging_mixin.py:188} INFO - [2024-04-24T05:25:31.575+0000] {dagbag.py:540} INFO - Filling up the DagBag from /home/airflow/.local/lib/python3.8/site-packages/airflow/example_dags/example_setup_teardown.py
[2024-04-24T05:25:31.579+0000] {processor.py:840} INFO - DAG(s) 'example_setup_teardown' retrieved from /home/airflow/.local/lib/python3.8/site-packages/airflow/example_dags/example_setup_teardown.py
[2024-04-24T05:25:31.589+0000] {logging_mixin.py:188} INFO - [2024-04-24T05:25:31.589+0000] {dag.py:3047} INFO - Sync 1 DAGs
[2024-04-24T05:25:31.600+0000] {logging_mixin.py:188} INFO - [2024-04-24T05:25:31.600+0000] {dag.py:3834} INFO - Setting next_dagrun for example_setup_teardown to 2024-04-23 00:00:00+00:00, run_after=2024-04-24 00:00:00+00:00
[2024-04-24T05:25:31.611+0000] {processor.py:183} INFO - Processing /home/airflow/.local/lib/python3.8/site-packages/airflow/example_dags/example_setup_teardown.py took 0.039 seconds
[2024-04-24T05:26:02.299+0000] {processor.py:161} INFO - Started process (PID=1757) to work on /home/airflow/.local/lib/python3.8/site-packages/airflow/example_dags/example_setup_teardown.py
[2024-04-24T05:26:02.300+0000] {processor.py:830} INFO - Processing file /home/airflow/.local/lib/python3.8/site-packages/airflow/example_dags/example_setup_teardown.py for tasks to queue
[2024-04-24T05:26:02.301+0000] {logging_mixin.py:188} INFO - [2024-04-24T05:26:02.301+0000] {dagbag.py:540} INFO - Filling up the DagBag from /home/airflow/.local/lib/python3.8/site-packages/airflow/example_dags/example_setup_teardown.py
[2024-04-24T05:26:02.305+0000] {processor.py:840} INFO - DAG(s) 'example_setup_teardown' retrieved from /home/airflow/.local/lib/python3.8/site-packages/airflow/example_dags/example_setup_teardown.py
[2024-04-24T05:26:02.316+0000] {logging_mixin.py:188} INFO - [2024-04-24T05:26:02.315+0000] {dag.py:3047} INFO - Sync 1 DAGs
[2024-04-24T05:26:02.327+0000] {logging_mixin.py:188} INFO - [2024-04-24T05:26:02.327+0000] {dag.py:3834} INFO - Setting next_dagrun for example_setup_teardown to 2024-04-23 00:00:00+00:00, run_after=2024-04-24 00:00:00+00:00
[2024-04-24T05:26:02.336+0000] {processor.py:183} INFO - Processing /home/airflow/.local/lib/python3.8/site-packages/airflow/example_dags/example_setup_teardown.py took 0.039 seconds
[2024-04-24T05:26:32.868+0000] {processor.py:161} INFO - Started process (PID=1815) to work on /home/airflow/.local/lib/python3.8/site-packages/airflow/example_dags/example_setup_teardown.py
[2024-04-24T05:26:32.869+0000] {processor.py:830} INFO - Processing file /home/airflow/.local/lib/python3.8/site-packages/airflow/example_dags/example_setup_teardown.py for tasks to queue
[2024-04-24T05:26:32.870+0000] {logging_mixin.py:188} INFO - [2024-04-24T05:26:32.870+0000] {dagbag.py:540} INFO - Filling up the DagBag from /home/airflow/.local/lib/python3.8/site-packages/airflow/example_dags/example_setup_teardown.py
[2024-04-24T05:26:32.874+0000] {processor.py:840} INFO - DAG(s) 'example_setup_teardown' retrieved from /home/airflow/.local/lib/python3.8/site-packages/airflow/example_dags/example_setup_teardown.py
[2024-04-24T05:26:32.885+0000] {logging_mixin.py:188} INFO - [2024-04-24T05:26:32.884+0000] {dag.py:3047} INFO - Sync 1 DAGs
[2024-04-24T05:26:32.896+0000] {logging_mixin.py:188} INFO - [2024-04-24T05:26:32.896+0000] {dag.py:3834} INFO - Setting next_dagrun for example_setup_teardown to 2024-04-23 00:00:00+00:00, run_after=2024-04-24 00:00:00+00:00
[2024-04-24T05:26:32.906+0000] {processor.py:183} INFO - Processing /home/airflow/.local/lib/python3.8/site-packages/airflow/example_dags/example_setup_teardown.py took 0.039 seconds
[2024-04-24T05:27:03.618+0000] {processor.py:161} INFO - Started process (PID=1873) to work on /home/airflow/.local/lib/python3.8/site-packages/airflow/example_dags/example_setup_teardown.py
[2024-04-24T05:27:03.618+0000] {processor.py:830} INFO - Processing file /home/airflow/.local/lib/python3.8/site-packages/airflow/example_dags/example_setup_teardown.py for tasks to queue
[2024-04-24T05:27:03.619+0000] {logging_mixin.py:188} INFO - [2024-04-24T05:27:03.619+0000] {dagbag.py:540} INFO - Filling up the DagBag from /home/airflow/.local/lib/python3.8/site-packages/airflow/example_dags/example_setup_teardown.py
[2024-04-24T05:27:03.623+0000] {processor.py:840} INFO - DAG(s) 'example_setup_teardown' retrieved from /home/airflow/.local/lib/python3.8/site-packages/airflow/example_dags/example_setup_teardown.py
[2024-04-24T05:27:03.633+0000] {logging_mixin.py:188} INFO - [2024-04-24T05:27:03.633+0000] {dag.py:3047} INFO - Sync 1 DAGs
[2024-04-24T05:27:03.644+0000] {logging_mixin.py:188} INFO - [2024-04-24T05:27:03.644+0000] {dag.py:3834} INFO - Setting next_dagrun for example_setup_teardown to 2024-04-23 00:00:00+00:00, run_after=2024-04-24 00:00:00+00:00
[2024-04-24T05:27:03.653+0000] {processor.py:183} INFO - Processing /home/airflow/.local/lib/python3.8/site-packages/airflow/example_dags/example_setup_teardown.py took 0.037 seconds
[2024-04-24T05:27:34.158+0000] {processor.py:161} INFO - Started process (PID=1931) to work on /home/airflow/.local/lib/python3.8/site-packages/airflow/example_dags/example_setup_teardown.py
[2024-04-24T05:27:34.158+0000] {processor.py:830} INFO - Processing file /home/airflow/.local/lib/python3.8/site-packages/airflow/example_dags/example_setup_teardown.py for tasks to queue
[2024-04-24T05:27:34.159+0000] {logging_mixin.py:188} INFO - [2024-04-24T05:27:34.159+0000] {dagbag.py:540} INFO - Filling up the DagBag from /home/airflow/.local/lib/python3.8/site-packages/airflow/example_dags/example_setup_teardown.py
[2024-04-24T05:27:34.163+0000] {processor.py:840} INFO - DAG(s) 'example_setup_teardown' retrieved from /home/airflow/.local/lib/python3.8/site-packages/airflow/example_dags/example_setup_teardown.py
[2024-04-24T05:27:34.174+0000] {logging_mixin.py:188} INFO - [2024-04-24T05:27:34.173+0000] {dag.py:3047} INFO - Sync 1 DAGs
[2024-04-24T05:27:34.184+0000] {logging_mixin.py:188} INFO - [2024-04-24T05:27:34.184+0000] {dag.py:3834} INFO - Setting next_dagrun for example_setup_teardown to 2024-04-23 00:00:00+00:00, run_after=2024-04-24 00:00:00+00:00
[2024-04-24T05:27:34.194+0000] {processor.py:183} INFO - Processing /home/airflow/.local/lib/python3.8/site-packages/airflow/example_dags/example_setup_teardown.py took 0.038 seconds
[2024-04-24T05:28:04.868+0000] {processor.py:161} INFO - Started process (PID=1989) to work on /home/airflow/.local/lib/python3.8/site-packages/airflow/example_dags/example_setup_teardown.py
[2024-04-24T05:28:04.868+0000] {processor.py:830} INFO - Processing file /home/airflow/.local/lib/python3.8/site-packages/airflow/example_dags/example_setup_teardown.py for tasks to queue
[2024-04-24T05:28:04.869+0000] {logging_mixin.py:188} INFO - [2024-04-24T05:28:04.869+0000] {dagbag.py:540} INFO - Filling up the DagBag from /home/airflow/.local/lib/python3.8/site-packages/airflow/example_dags/example_setup_teardown.py
[2024-04-24T05:28:04.873+0000] {processor.py:840} INFO - DAG(s) 'example_setup_teardown' retrieved from /home/airflow/.local/lib/python3.8/site-packages/airflow/example_dags/example_setup_teardown.py
[2024-04-24T05:28:04.883+0000] {logging_mixin.py:188} INFO - [2024-04-24T05:28:04.883+0000] {dag.py:3047} INFO - Sync 1 DAGs
[2024-04-24T05:28:04.895+0000] {logging_mixin.py:188} INFO - [2024-04-24T05:28:04.895+0000] {dag.py:3834} INFO - Setting next_dagrun for example_setup_teardown to 2024-04-23 00:00:00+00:00, run_after=2024-04-24 00:00:00+00:00
[2024-04-24T05:28:04.905+0000] {processor.py:183} INFO - Processing /home/airflow/.local/lib/python3.8/site-packages/airflow/example_dags/example_setup_teardown.py took 0.039 seconds
[2024-04-24T05:28:35.664+0000] {processor.py:161} INFO - Started process (PID=2047) to work on /home/airflow/.local/lib/python3.8/site-packages/airflow/example_dags/example_setup_teardown.py
[2024-04-24T05:28:35.664+0000] {processor.py:830} INFO - Processing file /home/airflow/.local/lib/python3.8/site-packages/airflow/example_dags/example_setup_teardown.py for tasks to queue
[2024-04-24T05:28:35.665+0000] {logging_mixin.py:188} INFO - [2024-04-24T05:28:35.665+0000] {dagbag.py:540} INFO - Filling up the DagBag from /home/airflow/.local/lib/python3.8/site-packages/airflow/example_dags/example_setup_teardown.py
[2024-04-24T05:28:35.669+0000] {processor.py:840} INFO - DAG(s) 'example_setup_teardown' retrieved from /home/airflow/.local/lib/python3.8/site-packages/airflow/example_dags/example_setup_teardown.py
[2024-04-24T05:28:35.680+0000] {logging_mixin.py:188} INFO - [2024-04-24T05:28:35.680+0000] {dag.py:3047} INFO - Sync 1 DAGs
[2024-04-24T05:28:35.691+0000] {logging_mixin.py:188} INFO - [2024-04-24T05:28:35.691+0000] {dag.py:3834} INFO - Setting next_dagrun for example_setup_teardown to 2024-04-23 00:00:00+00:00, run_after=2024-04-24 00:00:00+00:00
[2024-04-24T05:28:35.701+0000] {processor.py:183} INFO - Processing /home/airflow/.local/lib/python3.8/site-packages/airflow/example_dags/example_setup_teardown.py took 0.039 seconds
[2024-04-24T05:29:06.217+0000] {processor.py:161} INFO - Started process (PID=2105) to work on /home/airflow/.local/lib/python3.8/site-packages/airflow/example_dags/example_setup_teardown.py
[2024-04-24T05:29:06.218+0000] {processor.py:830} INFO - Processing file /home/airflow/.local/lib/python3.8/site-packages/airflow/example_dags/example_setup_teardown.py for tasks to queue
[2024-04-24T05:29:06.219+0000] {logging_mixin.py:188} INFO - [2024-04-24T05:29:06.219+0000] {dagbag.py:540} INFO - Filling up the DagBag from /home/airflow/.local/lib/python3.8/site-packages/airflow/example_dags/example_setup_teardown.py
[2024-04-24T05:29:06.222+0000] {processor.py:840} INFO - DAG(s) 'example_setup_teardown' retrieved from /home/airflow/.local/lib/python3.8/site-packages/airflow/example_dags/example_setup_teardown.py
[2024-04-24T05:29:06.232+0000] {logging_mixin.py:188} INFO - [2024-04-24T05:29:06.232+0000] {dag.py:3047} INFO - Sync 1 DAGs
[2024-04-24T05:29:06.244+0000] {logging_mixin.py:188} INFO - [2024-04-24T05:29:06.244+0000] {dag.py:3834} INFO - Setting next_dagrun for example_setup_teardown to 2024-04-23 00:00:00+00:00, run_after=2024-04-24 00:00:00+00:00
[2024-04-24T05:29:06.253+0000] {processor.py:183} INFO - Processing /home/airflow/.local/lib/python3.8/site-packages/airflow/example_dags/example_setup_teardown.py took 0.038 seconds
[2024-04-24T05:29:36.788+0000] {processor.py:161} INFO - Started process (PID=2163) to work on /home/airflow/.local/lib/python3.8/site-packages/airflow/example_dags/example_setup_teardown.py
[2024-04-24T05:29:36.789+0000] {processor.py:830} INFO - Processing file /home/airflow/.local/lib/python3.8/site-packages/airflow/example_dags/example_setup_teardown.py for tasks to queue
[2024-04-24T05:29:36.790+0000] {logging_mixin.py:188} INFO - [2024-04-24T05:29:36.790+0000] {dagbag.py:540} INFO - Filling up the DagBag from /home/airflow/.local/lib/python3.8/site-packages/airflow/example_dags/example_setup_teardown.py
[2024-04-24T05:29:36.793+0000] {processor.py:840} INFO - DAG(s) 'example_setup_teardown' retrieved from /home/airflow/.local/lib/python3.8/site-packages/airflow/example_dags/example_setup_teardown.py
[2024-04-24T05:29:36.804+0000] {logging_mixin.py:188} INFO - [2024-04-24T05:29:36.804+0000] {dag.py:3047} INFO - Sync 1 DAGs
[2024-04-24T05:29:36.815+0000] {logging_mixin.py:188} INFO - [2024-04-24T05:29:36.815+0000] {dag.py:3834} INFO - Setting next_dagrun for example_setup_teardown to 2024-04-23 00:00:00+00:00, run_after=2024-04-24 00:00:00+00:00
[2024-04-24T05:29:36.825+0000] {processor.py:183} INFO - Processing /home/airflow/.local/lib/python3.8/site-packages/airflow/example_dags/example_setup_teardown.py took 0.039 seconds
[2024-04-24T05:30:07.291+0000] {processor.py:161} INFO - Started process (PID=2221) to work on /home/airflow/.local/lib/python3.8/site-packages/airflow/example_dags/example_setup_teardown.py
[2024-04-24T05:30:07.291+0000] {processor.py:830} INFO - Processing file /home/airflow/.local/lib/python3.8/site-packages/airflow/example_dags/example_setup_teardown.py for tasks to queue
[2024-04-24T05:30:07.292+0000] {logging_mixin.py:188} INFO - [2024-04-24T05:30:07.292+0000] {dagbag.py:540} INFO - Filling up the DagBag from /home/airflow/.local/lib/python3.8/site-packages/airflow/example_dags/example_setup_teardown.py
[2024-04-24T05:30:07.296+0000] {processor.py:840} INFO - DAG(s) 'example_setup_teardown' retrieved from /home/airflow/.local/lib/python3.8/site-packages/airflow/example_dags/example_setup_teardown.py
[2024-04-24T05:30:07.306+0000] {logging_mixin.py:188} INFO - [2024-04-24T05:30:07.306+0000] {dag.py:3047} INFO - Sync 1 DAGs
[2024-04-24T05:30:07.317+0000] {logging_mixin.py:188} INFO - [2024-04-24T05:30:07.317+0000] {dag.py:3834} INFO - Setting next_dagrun for example_setup_teardown to 2024-04-23 00:00:00+00:00, run_after=2024-04-24 00:00:00+00:00
[2024-04-24T05:30:07.327+0000] {processor.py:183} INFO - Processing /home/airflow/.local/lib/python3.8/site-packages/airflow/example_dags/example_setup_teardown.py took 0.038 seconds
[2024-04-24T05:30:37.881+0000] {processor.py:161} INFO - Started process (PID=2279) to work on /home/airflow/.local/lib/python3.8/site-packages/airflow/example_dags/example_setup_teardown.py
[2024-04-24T05:30:37.882+0000] {processor.py:830} INFO - Processing file /home/airflow/.local/lib/python3.8/site-packages/airflow/example_dags/example_setup_teardown.py for tasks to queue
[2024-04-24T05:30:37.883+0000] {logging_mixin.py:188} INFO - [2024-04-24T05:30:37.883+0000] {dagbag.py:540} INFO - Filling up the DagBag from /home/airflow/.local/lib/python3.8/site-packages/airflow/example_dags/example_setup_teardown.py
[2024-04-24T05:30:37.887+0000] {processor.py:840} INFO - DAG(s) 'example_setup_teardown' retrieved from /home/airflow/.local/lib/python3.8/site-packages/airflow/example_dags/example_setup_teardown.py
[2024-04-24T05:30:37.898+0000] {logging_mixin.py:188} INFO - [2024-04-24T05:30:37.898+0000] {dag.py:3047} INFO - Sync 1 DAGs
[2024-04-24T05:30:37.909+0000] {logging_mixin.py:188} INFO - [2024-04-24T05:30:37.909+0000] {dag.py:3834} INFO - Setting next_dagrun for example_setup_teardown to 2024-04-23 00:00:00+00:00, run_after=2024-04-24 00:00:00+00:00
[2024-04-24T05:30:37.918+0000] {processor.py:183} INFO - Processing /home/airflow/.local/lib/python3.8/site-packages/airflow/example_dags/example_setup_teardown.py took 0.039 seconds
[2024-04-24T05:31:08.496+0000] {processor.py:161} INFO - Started process (PID=2337) to work on /home/airflow/.local/lib/python3.8/site-packages/airflow/example_dags/example_setup_teardown.py
[2024-04-24T05:31:08.496+0000] {processor.py:830} INFO - Processing file /home/airflow/.local/lib/python3.8/site-packages/airflow/example_dags/example_setup_teardown.py for tasks to queue
[2024-04-24T05:31:08.497+0000] {logging_mixin.py:188} INFO - [2024-04-24T05:31:08.497+0000] {dagbag.py:540} INFO - Filling up the DagBag from /home/airflow/.local/lib/python3.8/site-packages/airflow/example_dags/example_setup_teardown.py
[2024-04-24T05:31:08.501+0000] {processor.py:840} INFO - DAG(s) 'example_setup_teardown' retrieved from /home/airflow/.local/lib/python3.8/site-packages/airflow/example_dags/example_setup_teardown.py
[2024-04-24T05:31:08.512+0000] {logging_mixin.py:188} INFO - [2024-04-24T05:31:08.512+0000] {dag.py:3047} INFO - Sync 1 DAGs
[2024-04-24T05:31:08.523+0000] {logging_mixin.py:188} INFO - [2024-04-24T05:31:08.523+0000] {dag.py:3834} INFO - Setting next_dagrun for example_setup_teardown to 2024-04-23 00:00:00+00:00, run_after=2024-04-24 00:00:00+00:00
[2024-04-24T05:31:08.533+0000] {processor.py:183} INFO - Processing /home/airflow/.local/lib/python3.8/site-packages/airflow/example_dags/example_setup_teardown.py took 0.039 seconds
[2024-04-24T05:31:39.296+0000] {processor.py:161} INFO - Started process (PID=2395) to work on /home/airflow/.local/lib/python3.8/site-packages/airflow/example_dags/example_setup_teardown.py
[2024-04-24T05:31:39.296+0000] {processor.py:830} INFO - Processing file /home/airflow/.local/lib/python3.8/site-packages/airflow/example_dags/example_setup_teardown.py for tasks to queue
[2024-04-24T05:31:39.297+0000] {logging_mixin.py:188} INFO - [2024-04-24T05:31:39.297+0000] {dagbag.py:540} INFO - Filling up the DagBag from /home/airflow/.local/lib/python3.8/site-packages/airflow/example_dags/example_setup_teardown.py
[2024-04-24T05:31:39.300+0000] {processor.py:840} INFO - DAG(s) 'example_setup_teardown' retrieved from /home/airflow/.local/lib/python3.8/site-packages/airflow/example_dags/example_setup_teardown.py
[2024-04-24T05:31:39.311+0000] {logging_mixin.py:188} INFO - [2024-04-24T05:31:39.311+0000] {dag.py:3047} INFO - Sync 1 DAGs
[2024-04-24T05:31:39.322+0000] {logging_mixin.py:188} INFO - [2024-04-24T05:31:39.322+0000] {dag.py:3834} INFO - Setting next_dagrun for example_setup_teardown to 2024-04-23 00:00:00+00:00, run_after=2024-04-24 00:00:00+00:00
[2024-04-24T05:31:39.331+0000] {processor.py:183} INFO - Processing /home/airflow/.local/lib/python3.8/site-packages/airflow/example_dags/example_setup_teardown.py took 0.037 seconds
[2024-04-24T05:32:09.906+0000] {processor.py:161} INFO - Started process (PID=2453) to work on /home/airflow/.local/lib/python3.8/site-packages/airflow/example_dags/example_setup_teardown.py
[2024-04-24T05:32:09.907+0000] {processor.py:830} INFO - Processing file /home/airflow/.local/lib/python3.8/site-packages/airflow/example_dags/example_setup_teardown.py for tasks to queue
[2024-04-24T05:32:09.908+0000] {logging_mixin.py:188} INFO - [2024-04-24T05:32:09.907+0000] {dagbag.py:540} INFO - Filling up the DagBag from /home/airflow/.local/lib/python3.8/site-packages/airflow/example_dags/example_setup_teardown.py
[2024-04-24T05:32:09.911+0000] {processor.py:840} INFO - DAG(s) 'example_setup_teardown' retrieved from /home/airflow/.local/lib/python3.8/site-packages/airflow/example_dags/example_setup_teardown.py
[2024-04-24T05:32:09.922+0000] {logging_mixin.py:188} INFO - [2024-04-24T05:32:09.922+0000] {dag.py:3047} INFO - Sync 1 DAGs
[2024-04-24T05:32:09.933+0000] {logging_mixin.py:188} INFO - [2024-04-24T05:32:09.933+0000] {dag.py:3834} INFO - Setting next_dagrun for example_setup_teardown to 2024-04-23 00:00:00+00:00, run_after=2024-04-24 00:00:00+00:00
[2024-04-24T05:32:09.946+0000] {processor.py:183} INFO - Processing /home/airflow/.local/lib/python3.8/site-packages/airflow/example_dags/example_setup_teardown.py took 0.041 seconds
[2024-04-24T05:32:40.382+0000] {processor.py:161} INFO - Started process (PID=2512) to work on /home/airflow/.local/lib/python3.8/site-packages/airflow/example_dags/example_setup_teardown.py
[2024-04-24T05:32:40.383+0000] {processor.py:830} INFO - Processing file /home/airflow/.local/lib/python3.8/site-packages/airflow/example_dags/example_setup_teardown.py for tasks to queue
[2024-04-24T05:32:40.384+0000] {logging_mixin.py:188} INFO - [2024-04-24T05:32:40.383+0000] {dagbag.py:540} INFO - Filling up the DagBag from /home/airflow/.local/lib/python3.8/site-packages/airflow/example_dags/example_setup_teardown.py
[2024-04-24T05:32:40.387+0000] {processor.py:840} INFO - DAG(s) 'example_setup_teardown' retrieved from /home/airflow/.local/lib/python3.8/site-packages/airflow/example_dags/example_setup_teardown.py
[2024-04-24T05:32:40.398+0000] {logging_mixin.py:188} INFO - [2024-04-24T05:32:40.397+0000] {dag.py:3047} INFO - Sync 1 DAGs
[2024-04-24T05:32:40.409+0000] {logging_mixin.py:188} INFO - [2024-04-24T05:32:40.408+0000] {dag.py:3834} INFO - Setting next_dagrun for example_setup_teardown to 2024-04-23 00:00:00+00:00, run_after=2024-04-24 00:00:00+00:00
[2024-04-24T05:32:40.418+0000] {processor.py:183} INFO - Processing /home/airflow/.local/lib/python3.8/site-packages/airflow/example_dags/example_setup_teardown.py took 0.038 seconds
[2024-04-24T05:33:10.797+0000] {processor.py:161} INFO - Started process (PID=2567) to work on /home/airflow/.local/lib/python3.8/site-packages/airflow/example_dags/example_setup_teardown.py
[2024-04-24T05:33:10.798+0000] {processor.py:830} INFO - Processing file /home/airflow/.local/lib/python3.8/site-packages/airflow/example_dags/example_setup_teardown.py for tasks to queue
[2024-04-24T05:33:10.798+0000] {logging_mixin.py:188} INFO - [2024-04-24T05:33:10.798+0000] {dagbag.py:540} INFO - Filling up the DagBag from /home/airflow/.local/lib/python3.8/site-packages/airflow/example_dags/example_setup_teardown.py
[2024-04-24T05:33:10.802+0000] {processor.py:840} INFO - DAG(s) 'example_setup_teardown' retrieved from /home/airflow/.local/lib/python3.8/site-packages/airflow/example_dags/example_setup_teardown.py
[2024-04-24T05:33:10.813+0000] {logging_mixin.py:188} INFO - [2024-04-24T05:33:10.813+0000] {dag.py:3047} INFO - Sync 1 DAGs
[2024-04-24T05:33:10.825+0000] {logging_mixin.py:188} INFO - [2024-04-24T05:33:10.825+0000] {dag.py:3834} INFO - Setting next_dagrun for example_setup_teardown to 2024-04-23 00:00:00+00:00, run_after=2024-04-24 00:00:00+00:00
[2024-04-24T05:33:10.835+0000] {processor.py:183} INFO - Processing /home/airflow/.local/lib/python3.8/site-packages/airflow/example_dags/example_setup_teardown.py took 0.040 seconds
[2024-04-24T05:33:41.171+0000] {processor.py:161} INFO - Started process (PID=2622) to work on /home/airflow/.local/lib/python3.8/site-packages/airflow/example_dags/example_setup_teardown.py
[2024-04-24T05:33:41.172+0000] {processor.py:830} INFO - Processing file /home/airflow/.local/lib/python3.8/site-packages/airflow/example_dags/example_setup_teardown.py for tasks to queue
[2024-04-24T05:33:41.172+0000] {logging_mixin.py:188} INFO - [2024-04-24T05:33:41.172+0000] {dagbag.py:540} INFO - Filling up the DagBag from /home/airflow/.local/lib/python3.8/site-packages/airflow/example_dags/example_setup_teardown.py
[2024-04-24T05:33:41.176+0000] {processor.py:840} INFO - DAG(s) 'example_setup_teardown' retrieved from /home/airflow/.local/lib/python3.8/site-packages/airflow/example_dags/example_setup_teardown.py
[2024-04-24T05:33:41.186+0000] {logging_mixin.py:188} INFO - [2024-04-24T05:33:41.186+0000] {dag.py:3047} INFO - Sync 1 DAGs
[2024-04-24T05:33:41.198+0000] {logging_mixin.py:188} INFO - [2024-04-24T05:33:41.198+0000] {dag.py:3834} INFO - Setting next_dagrun for example_setup_teardown to 2024-04-23 00:00:00+00:00, run_after=2024-04-24 00:00:00+00:00
[2024-04-24T05:33:41.208+0000] {processor.py:183} INFO - Processing /home/airflow/.local/lib/python3.8/site-packages/airflow/example_dags/example_setup_teardown.py took 0.038 seconds
[2024-04-24T05:34:11.625+0000] {processor.py:161} INFO - Started process (PID=2677) to work on /home/airflow/.local/lib/python3.8/site-packages/airflow/example_dags/example_setup_teardown.py
[2024-04-24T05:34:11.626+0000] {processor.py:830} INFO - Processing file /home/airflow/.local/lib/python3.8/site-packages/airflow/example_dags/example_setup_teardown.py for tasks to queue
[2024-04-24T05:34:11.626+0000] {logging_mixin.py:188} INFO - [2024-04-24T05:34:11.626+0000] {dagbag.py:540} INFO - Filling up the DagBag from /home/airflow/.local/lib/python3.8/site-packages/airflow/example_dags/example_setup_teardown.py
[2024-04-24T05:34:11.630+0000] {processor.py:840} INFO - DAG(s) 'example_setup_teardown' retrieved from /home/airflow/.local/lib/python3.8/site-packages/airflow/example_dags/example_setup_teardown.py
[2024-04-24T05:34:11.641+0000] {logging_mixin.py:188} INFO - [2024-04-24T05:34:11.640+0000] {dag.py:3047} INFO - Sync 1 DAGs
[2024-04-24T05:34:11.652+0000] {logging_mixin.py:188} INFO - [2024-04-24T05:34:11.652+0000] {dag.py:3834} INFO - Setting next_dagrun for example_setup_teardown to 2024-04-23 00:00:00+00:00, run_after=2024-04-24 00:00:00+00:00
[2024-04-24T05:34:11.662+0000] {processor.py:183} INFO - Processing /home/airflow/.local/lib/python3.8/site-packages/airflow/example_dags/example_setup_teardown.py took 0.039 seconds
[2024-04-24T05:34:42.207+0000] {processor.py:161} INFO - Started process (PID=2732) to work on /home/airflow/.local/lib/python3.8/site-packages/airflow/example_dags/example_setup_teardown.py
[2024-04-24T05:34:42.208+0000] {processor.py:830} INFO - Processing file /home/airflow/.local/lib/python3.8/site-packages/airflow/example_dags/example_setup_teardown.py for tasks to queue
[2024-04-24T05:34:42.208+0000] {logging_mixin.py:188} INFO - [2024-04-24T05:34:42.208+0000] {dagbag.py:540} INFO - Filling up the DagBag from /home/airflow/.local/lib/python3.8/site-packages/airflow/example_dags/example_setup_teardown.py
[2024-04-24T05:34:42.212+0000] {processor.py:840} INFO - DAG(s) 'example_setup_teardown' retrieved from /home/airflow/.local/lib/python3.8/site-packages/airflow/example_dags/example_setup_teardown.py
[2024-04-24T05:34:42.223+0000] {logging_mixin.py:188} INFO - [2024-04-24T05:34:42.223+0000] {dag.py:3047} INFO - Sync 1 DAGs
[2024-04-24T05:34:42.235+0000] {logging_mixin.py:188} INFO - [2024-04-24T05:34:42.235+0000] {dag.py:3834} INFO - Setting next_dagrun for example_setup_teardown to 2024-04-23 00:00:00+00:00, run_after=2024-04-24 00:00:00+00:00
[2024-04-24T05:34:42.244+0000] {processor.py:183} INFO - Processing /home/airflow/.local/lib/python3.8/site-packages/airflow/example_dags/example_setup_teardown.py took 0.039 seconds
[2024-04-24T05:35:12.928+0000] {processor.py:161} INFO - Started process (PID=2793) to work on /home/airflow/.local/lib/python3.8/site-packages/airflow/example_dags/example_setup_teardown.py
[2024-04-24T05:35:12.928+0000] {processor.py:830} INFO - Processing file /home/airflow/.local/lib/python3.8/site-packages/airflow/example_dags/example_setup_teardown.py for tasks to queue
[2024-04-24T05:35:12.929+0000] {logging_mixin.py:188} INFO - [2024-04-24T05:35:12.929+0000] {dagbag.py:540} INFO - Filling up the DagBag from /home/airflow/.local/lib/python3.8/site-packages/airflow/example_dags/example_setup_teardown.py
[2024-04-24T05:35:12.933+0000] {processor.py:840} INFO - DAG(s) 'example_setup_teardown' retrieved from /home/airflow/.local/lib/python3.8/site-packages/airflow/example_dags/example_setup_teardown.py
[2024-04-24T05:35:12.943+0000] {logging_mixin.py:188} INFO - [2024-04-24T05:35:12.943+0000] {dag.py:3047} INFO - Sync 1 DAGs
[2024-04-24T05:35:12.954+0000] {logging_mixin.py:188} INFO - [2024-04-24T05:35:12.954+0000] {dag.py:3834} INFO - Setting next_dagrun for example_setup_teardown to 2024-04-23 00:00:00+00:00, run_after=2024-04-24 00:00:00+00:00
[2024-04-24T05:35:12.968+0000] {processor.py:183} INFO - Processing /home/airflow/.local/lib/python3.8/site-packages/airflow/example_dags/example_setup_teardown.py took 0.041 seconds
[2024-04-24T05:35:43.617+0000] {processor.py:161} INFO - Started process (PID=2848) to work on /home/airflow/.local/lib/python3.8/site-packages/airflow/example_dags/example_setup_teardown.py
[2024-04-24T05:35:43.617+0000] {processor.py:830} INFO - Processing file /home/airflow/.local/lib/python3.8/site-packages/airflow/example_dags/example_setup_teardown.py for tasks to queue
[2024-04-24T05:35:43.618+0000] {logging_mixin.py:188} INFO - [2024-04-24T05:35:43.618+0000] {dagbag.py:540} INFO - Filling up the DagBag from /home/airflow/.local/lib/python3.8/site-packages/airflow/example_dags/example_setup_teardown.py
[2024-04-24T05:35:43.622+0000] {processor.py:840} INFO - DAG(s) 'example_setup_teardown' retrieved from /home/airflow/.local/lib/python3.8/site-packages/airflow/example_dags/example_setup_teardown.py
[2024-04-24T05:35:43.632+0000] {logging_mixin.py:188} INFO - [2024-04-24T05:35:43.632+0000] {dag.py:3047} INFO - Sync 1 DAGs
[2024-04-24T05:35:43.643+0000] {logging_mixin.py:188} INFO - [2024-04-24T05:35:43.643+0000] {dag.py:3834} INFO - Setting next_dagrun for example_setup_teardown to 2024-04-23 00:00:00+00:00, run_after=2024-04-24 00:00:00+00:00
[2024-04-24T05:35:43.652+0000] {processor.py:183} INFO - Processing /home/airflow/.local/lib/python3.8/site-packages/airflow/example_dags/example_setup_teardown.py took 0.037 seconds
[2024-04-24T05:36:14.150+0000] {processor.py:161} INFO - Started process (PID=2903) to work on /home/airflow/.local/lib/python3.8/site-packages/airflow/example_dags/example_setup_teardown.py
[2024-04-24T05:36:14.150+0000] {processor.py:830} INFO - Processing file /home/airflow/.local/lib/python3.8/site-packages/airflow/example_dags/example_setup_teardown.py for tasks to queue
[2024-04-24T05:36:14.151+0000] {logging_mixin.py:188} INFO - [2024-04-24T05:36:14.151+0000] {dagbag.py:540} INFO - Filling up the DagBag from /home/airflow/.local/lib/python3.8/site-packages/airflow/example_dags/example_setup_teardown.py
[2024-04-24T05:36:14.155+0000] {processor.py:840} INFO - DAG(s) 'example_setup_teardown' retrieved from /home/airflow/.local/lib/python3.8/site-packages/airflow/example_dags/example_setup_teardown.py
[2024-04-24T05:36:14.165+0000] {logging_mixin.py:188} INFO - [2024-04-24T05:36:14.165+0000] {dag.py:3047} INFO - Sync 1 DAGs
[2024-04-24T05:36:14.176+0000] {logging_mixin.py:188} INFO - [2024-04-24T05:36:14.176+0000] {dag.py:3834} INFO - Setting next_dagrun for example_setup_teardown to 2024-04-23 00:00:00+00:00, run_after=2024-04-24 00:00:00+00:00
[2024-04-24T05:36:14.186+0000] {processor.py:183} INFO - Processing /home/airflow/.local/lib/python3.8/site-packages/airflow/example_dags/example_setup_teardown.py took 0.038 seconds
[2024-04-24T05:36:44.622+0000] {processor.py:161} INFO - Started process (PID=2958) to work on /home/airflow/.local/lib/python3.8/site-packages/airflow/example_dags/example_setup_teardown.py
[2024-04-24T05:36:44.623+0000] {processor.py:830} INFO - Processing file /home/airflow/.local/lib/python3.8/site-packages/airflow/example_dags/example_setup_teardown.py for tasks to queue
[2024-04-24T05:36:44.623+0000] {logging_mixin.py:188} INFO - [2024-04-24T05:36:44.623+0000] {dagbag.py:540} INFO - Filling up the DagBag from /home/airflow/.local/lib/python3.8/site-packages/airflow/example_dags/example_setup_teardown.py
[2024-04-24T05:36:44.627+0000] {processor.py:840} INFO - DAG(s) 'example_setup_teardown' retrieved from /home/airflow/.local/lib/python3.8/site-packages/airflow/example_dags/example_setup_teardown.py
[2024-04-24T05:36:44.638+0000] {logging_mixin.py:188} INFO - [2024-04-24T05:36:44.638+0000] {dag.py:3047} INFO - Sync 1 DAGs
[2024-04-24T05:36:44.649+0000] {logging_mixin.py:188} INFO - [2024-04-24T05:36:44.649+0000] {dag.py:3834} INFO - Setting next_dagrun for example_setup_teardown to 2024-04-23 00:00:00+00:00, run_after=2024-04-24 00:00:00+00:00
[2024-04-24T05:36:44.659+0000] {processor.py:183} INFO - Processing /home/airflow/.local/lib/python3.8/site-packages/airflow/example_dags/example_setup_teardown.py took 0.038 seconds
[2024-04-24T05:37:15.205+0000] {processor.py:161} INFO - Started process (PID=3013) to work on /home/airflow/.local/lib/python3.8/site-packages/airflow/example_dags/example_setup_teardown.py
[2024-04-24T05:37:15.206+0000] {processor.py:830} INFO - Processing file /home/airflow/.local/lib/python3.8/site-packages/airflow/example_dags/example_setup_teardown.py for tasks to queue
[2024-04-24T05:37:15.207+0000] {logging_mixin.py:188} INFO - [2024-04-24T05:37:15.206+0000] {dagbag.py:540} INFO - Filling up the DagBag from /home/airflow/.local/lib/python3.8/site-packages/airflow/example_dags/example_setup_teardown.py
[2024-04-24T05:37:15.211+0000] {processor.py:840} INFO - DAG(s) 'example_setup_teardown' retrieved from /home/airflow/.local/lib/python3.8/site-packages/airflow/example_dags/example_setup_teardown.py
[2024-04-24T05:37:15.221+0000] {logging_mixin.py:188} INFO - [2024-04-24T05:37:15.221+0000] {dag.py:3047} INFO - Sync 1 DAGs
[2024-04-24T05:37:15.232+0000] {logging_mixin.py:188} INFO - [2024-04-24T05:37:15.232+0000] {dag.py:3834} INFO - Setting next_dagrun for example_setup_teardown to 2024-04-23 00:00:00+00:00, run_after=2024-04-24 00:00:00+00:00
[2024-04-24T05:37:15.242+0000] {processor.py:183} INFO - Processing /home/airflow/.local/lib/python3.8/site-packages/airflow/example_dags/example_setup_teardown.py took 0.038 seconds
[2024-04-24T05:37:45.830+0000] {processor.py:161} INFO - Started process (PID=3068) to work on /home/airflow/.local/lib/python3.8/site-packages/airflow/example_dags/example_setup_teardown.py
[2024-04-24T05:37:45.830+0000] {processor.py:830} INFO - Processing file /home/airflow/.local/lib/python3.8/site-packages/airflow/example_dags/example_setup_teardown.py for tasks to queue
[2024-04-24T05:37:45.831+0000] {logging_mixin.py:188} INFO - [2024-04-24T05:37:45.831+0000] {dagbag.py:540} INFO - Filling up the DagBag from /home/airflow/.local/lib/python3.8/site-packages/airflow/example_dags/example_setup_teardown.py
[2024-04-24T05:37:45.835+0000] {processor.py:840} INFO - DAG(s) 'example_setup_teardown' retrieved from /home/airflow/.local/lib/python3.8/site-packages/airflow/example_dags/example_setup_teardown.py
[2024-04-24T05:37:45.845+0000] {logging_mixin.py:188} INFO - [2024-04-24T05:37:45.845+0000] {dag.py:3047} INFO - Sync 1 DAGs
[2024-04-24T05:37:45.857+0000] {logging_mixin.py:188} INFO - [2024-04-24T05:37:45.857+0000] {dag.py:3834} INFO - Setting next_dagrun for example_setup_teardown to 2024-04-23 00:00:00+00:00, run_after=2024-04-24 00:00:00+00:00
[2024-04-24T05:37:45.866+0000] {processor.py:183} INFO - Processing /home/airflow/.local/lib/python3.8/site-packages/airflow/example_dags/example_setup_teardown.py took 0.038 seconds
[2024-04-24T05:38:16.306+0000] {processor.py:161} INFO - Started process (PID=3123) to work on /home/airflow/.local/lib/python3.8/site-packages/airflow/example_dags/example_setup_teardown.py
[2024-04-24T05:38:16.307+0000] {processor.py:830} INFO - Processing file /home/airflow/.local/lib/python3.8/site-packages/airflow/example_dags/example_setup_teardown.py for tasks to queue
[2024-04-24T05:38:16.307+0000] {logging_mixin.py:188} INFO - [2024-04-24T05:38:16.307+0000] {dagbag.py:540} INFO - Filling up the DagBag from /home/airflow/.local/lib/python3.8/site-packages/airflow/example_dags/example_setup_teardown.py
[2024-04-24T05:38:16.311+0000] {processor.py:840} INFO - DAG(s) 'example_setup_teardown' retrieved from /home/airflow/.local/lib/python3.8/site-packages/airflow/example_dags/example_setup_teardown.py
[2024-04-24T05:38:16.322+0000] {logging_mixin.py:188} INFO - [2024-04-24T05:38:16.322+0000] {dag.py:3047} INFO - Sync 1 DAGs
[2024-04-24T05:38:16.333+0000] {logging_mixin.py:188} INFO - [2024-04-24T05:38:16.333+0000] {dag.py:3834} INFO - Setting next_dagrun for example_setup_teardown to 2024-04-23 00:00:00+00:00, run_after=2024-04-24 00:00:00+00:00
[2024-04-24T05:38:16.342+0000] {processor.py:183} INFO - Processing /home/airflow/.local/lib/python3.8/site-packages/airflow/example_dags/example_setup_teardown.py took 0.038 seconds
[2024-04-24T05:40:51.100+0000] {processor.py:161} INFO - Started process (PID=71) to work on /home/airflow/.local/lib/python3.8/site-packages/airflow/example_dags/example_setup_teardown.py
[2024-04-24T05:40:51.101+0000] {processor.py:830} INFO - Processing file /home/airflow/.local/lib/python3.8/site-packages/airflow/example_dags/example_setup_teardown.py for tasks to queue
[2024-04-24T05:40:51.102+0000] {logging_mixin.py:188} INFO - [2024-04-24T05:40:51.102+0000] {dagbag.py:540} INFO - Filling up the DagBag from /home/airflow/.local/lib/python3.8/site-packages/airflow/example_dags/example_setup_teardown.py
[2024-04-24T05:40:51.108+0000] {processor.py:840} INFO - DAG(s) 'example_setup_teardown' retrieved from /home/airflow/.local/lib/python3.8/site-packages/airflow/example_dags/example_setup_teardown.py
[2024-04-24T05:40:51.113+0000] {logging_mixin.py:188} INFO - [2024-04-24T05:40:51.113+0000] {dag.py:3047} INFO - Sync 1 DAGs
[2024-04-24T05:40:51.126+0000] {logging_mixin.py:188} INFO - [2024-04-24T05:40:51.126+0000] {dag.py:3834} INFO - Setting next_dagrun for example_setup_teardown to 2024-04-23 00:00:00+00:00, run_after=2024-04-24 00:00:00+00:00
[2024-04-24T05:40:51.136+0000] {processor.py:183} INFO - Processing /home/airflow/.local/lib/python3.8/site-packages/airflow/example_dags/example_setup_teardown.py took 0.037 seconds
[2024-04-24T05:41:22.048+0000] {processor.py:161} INFO - Started process (PID=126) to work on /home/airflow/.local/lib/python3.8/site-packages/airflow/example_dags/example_setup_teardown.py
[2024-04-24T05:41:22.049+0000] {processor.py:830} INFO - Processing file /home/airflow/.local/lib/python3.8/site-packages/airflow/example_dags/example_setup_teardown.py for tasks to queue
[2024-04-24T05:41:22.050+0000] {logging_mixin.py:188} INFO - [2024-04-24T05:41:22.050+0000] {dagbag.py:540} INFO - Filling up the DagBag from /home/airflow/.local/lib/python3.8/site-packages/airflow/example_dags/example_setup_teardown.py
[2024-04-24T05:41:22.054+0000] {processor.py:840} INFO - DAG(s) 'example_setup_teardown' retrieved from /home/airflow/.local/lib/python3.8/site-packages/airflow/example_dags/example_setup_teardown.py
[2024-04-24T05:41:22.106+0000] {logging_mixin.py:188} INFO - [2024-04-24T05:41:22.106+0000] {dag.py:3047} INFO - Sync 1 DAGs
[2024-04-24T05:41:22.116+0000] {logging_mixin.py:188} INFO - [2024-04-24T05:41:22.116+0000] {dag.py:3834} INFO - Setting next_dagrun for example_setup_teardown to 2024-04-23 00:00:00+00:00, run_after=2024-04-24 00:00:00+00:00
[2024-04-24T05:41:22.126+0000] {processor.py:183} INFO - Processing /home/airflow/.local/lib/python3.8/site-packages/airflow/example_dags/example_setup_teardown.py took 0.080 seconds
