[2024-04-24T05:11:15.387+0000] {processor.py:161} INFO - Started process (PID=67) to work on /home/airflow/.local/lib/python3.8/site-packages/airflow/example_dags/example_skip_dag.py
[2024-04-24T05:11:15.388+0000] {processor.py:830} INFO - Processing file /home/airflow/.local/lib/python3.8/site-packages/airflow/example_dags/example_skip_dag.py for tasks to queue
[2024-04-24T05:11:15.389+0000] {logging_mixin.py:188} INFO - [2024-04-24T05:11:15.389+0000] {dagbag.py:540} INFO - Filling up the DagBag from /home/airflow/.local/lib/python3.8/site-packages/airflow/example_dags/example_skip_dag.py
[2024-04-24T05:11:15.394+0000] {processor.py:840} INFO - DAG(s) 'example_skip_dag' retrieved from /home/airflow/.local/lib/python3.8/site-packages/airflow/example_dags/example_skip_dag.py
[2024-04-24T05:11:15.409+0000] {logging_mixin.py:188} INFO - [2024-04-24T05:11:15.409+0000] {dag.py:3047} INFO - Sync 1 DAGs
[2024-04-24T05:11:15.421+0000] {logging_mixin.py:188} INFO - [2024-04-24T05:11:15.421+0000] {dag.py:3834} INFO - Setting next_dagrun for example_skip_dag to 2024-04-23 00:00:00+00:00, run_after=2024-04-24 00:00:00+00:00
[2024-04-24T05:11:15.432+0000] {processor.py:183} INFO - Processing /home/airflow/.local/lib/python3.8/site-packages/airflow/example_dags/example_skip_dag.py took 0.047 seconds
[2024-04-24T05:11:46.208+0000] {processor.py:161} INFO - Started process (PID=125) to work on /home/airflow/.local/lib/python3.8/site-packages/airflow/example_dags/example_skip_dag.py
[2024-04-24T05:11:46.209+0000] {processor.py:830} INFO - Processing file /home/airflow/.local/lib/python3.8/site-packages/airflow/example_dags/example_skip_dag.py for tasks to queue
[2024-04-24T05:11:46.210+0000] {logging_mixin.py:188} INFO - [2024-04-24T05:11:46.209+0000] {dagbag.py:540} INFO - Filling up the DagBag from /home/airflow/.local/lib/python3.8/site-packages/airflow/example_dags/example_skip_dag.py
[2024-04-24T05:11:46.213+0000] {processor.py:840} INFO - DAG(s) 'example_skip_dag' retrieved from /home/airflow/.local/lib/python3.8/site-packages/airflow/example_dags/example_skip_dag.py
[2024-04-24T05:11:46.224+0000] {logging_mixin.py:188} INFO - [2024-04-24T05:11:46.224+0000] {dag.py:3047} INFO - Sync 1 DAGs
[2024-04-24T05:11:46.235+0000] {logging_mixin.py:188} INFO - [2024-04-24T05:11:46.235+0000] {dag.py:3834} INFO - Setting next_dagrun for example_skip_dag to 2024-04-23 00:00:00+00:00, run_after=2024-04-24 00:00:00+00:00
[2024-04-24T05:11:46.245+0000] {processor.py:183} INFO - Processing /home/airflow/.local/lib/python3.8/site-packages/airflow/example_dags/example_skip_dag.py took 0.039 seconds
[2024-04-24T05:12:16.804+0000] {processor.py:161} INFO - Started process (PID=183) to work on /home/airflow/.local/lib/python3.8/site-packages/airflow/example_dags/example_skip_dag.py
[2024-04-24T05:12:16.804+0000] {processor.py:830} INFO - Processing file /home/airflow/.local/lib/python3.8/site-packages/airflow/example_dags/example_skip_dag.py for tasks to queue
[2024-04-24T05:12:16.805+0000] {logging_mixin.py:188} INFO - [2024-04-24T05:12:16.805+0000] {dagbag.py:540} INFO - Filling up the DagBag from /home/airflow/.local/lib/python3.8/site-packages/airflow/example_dags/example_skip_dag.py
[2024-04-24T05:12:16.809+0000] {processor.py:840} INFO - DAG(s) 'example_skip_dag' retrieved from /home/airflow/.local/lib/python3.8/site-packages/airflow/example_dags/example_skip_dag.py
[2024-04-24T05:12:16.821+0000] {logging_mixin.py:188} INFO - [2024-04-24T05:12:16.821+0000] {dag.py:3047} INFO - Sync 1 DAGs
[2024-04-24T05:12:16.832+0000] {logging_mixin.py:188} INFO - [2024-04-24T05:12:16.832+0000] {dag.py:3834} INFO - Setting next_dagrun for example_skip_dag to 2024-04-23 00:00:00+00:00, run_after=2024-04-24 00:00:00+00:00
[2024-04-24T05:12:16.844+0000] {processor.py:183} INFO - Processing /home/airflow/.local/lib/python3.8/site-packages/airflow/example_dags/example_skip_dag.py took 0.042 seconds
[2024-04-24T05:12:47.465+0000] {processor.py:161} INFO - Started process (PID=241) to work on /home/airflow/.local/lib/python3.8/site-packages/airflow/example_dags/example_skip_dag.py
[2024-04-24T05:12:47.465+0000] {processor.py:830} INFO - Processing file /home/airflow/.local/lib/python3.8/site-packages/airflow/example_dags/example_skip_dag.py for tasks to queue
[2024-04-24T05:12:47.466+0000] {logging_mixin.py:188} INFO - [2024-04-24T05:12:47.466+0000] {dagbag.py:540} INFO - Filling up the DagBag from /home/airflow/.local/lib/python3.8/site-packages/airflow/example_dags/example_skip_dag.py
[2024-04-24T05:12:47.470+0000] {processor.py:840} INFO - DAG(s) 'example_skip_dag' retrieved from /home/airflow/.local/lib/python3.8/site-packages/airflow/example_dags/example_skip_dag.py
[2024-04-24T05:12:47.482+0000] {logging_mixin.py:188} INFO - [2024-04-24T05:12:47.482+0000] {dag.py:3047} INFO - Sync 1 DAGs
[2024-04-24T05:12:47.494+0000] {logging_mixin.py:188} INFO - [2024-04-24T05:12:47.494+0000] {dag.py:3834} INFO - Setting next_dagrun for example_skip_dag to 2024-04-23 00:00:00+00:00, run_after=2024-04-24 00:00:00+00:00
[2024-04-24T05:12:47.504+0000] {processor.py:183} INFO - Processing /home/airflow/.local/lib/python3.8/site-packages/airflow/example_dags/example_skip_dag.py took 0.041 seconds
[2024-04-24T05:13:18.120+0000] {processor.py:161} INFO - Started process (PID=299) to work on /home/airflow/.local/lib/python3.8/site-packages/airflow/example_dags/example_skip_dag.py
[2024-04-24T05:13:18.121+0000] {processor.py:830} INFO - Processing file /home/airflow/.local/lib/python3.8/site-packages/airflow/example_dags/example_skip_dag.py for tasks to queue
[2024-04-24T05:13:18.122+0000] {logging_mixin.py:188} INFO - [2024-04-24T05:13:18.122+0000] {dagbag.py:540} INFO - Filling up the DagBag from /home/airflow/.local/lib/python3.8/site-packages/airflow/example_dags/example_skip_dag.py
[2024-04-24T05:13:18.126+0000] {processor.py:840} INFO - DAG(s) 'example_skip_dag' retrieved from /home/airflow/.local/lib/python3.8/site-packages/airflow/example_dags/example_skip_dag.py
[2024-04-24T05:13:18.137+0000] {logging_mixin.py:188} INFO - [2024-04-24T05:13:18.136+0000] {dag.py:3047} INFO - Sync 1 DAGs
[2024-04-24T05:13:18.148+0000] {logging_mixin.py:188} INFO - [2024-04-24T05:13:18.148+0000] {dag.py:3834} INFO - Setting next_dagrun for example_skip_dag to 2024-04-23 00:00:00+00:00, run_after=2024-04-24 00:00:00+00:00
[2024-04-24T05:13:18.158+0000] {processor.py:183} INFO - Processing /home/airflow/.local/lib/python3.8/site-packages/airflow/example_dags/example_skip_dag.py took 0.039 seconds
[2024-04-24T05:13:48.803+0000] {processor.py:161} INFO - Started process (PID=357) to work on /home/airflow/.local/lib/python3.8/site-packages/airflow/example_dags/example_skip_dag.py
[2024-04-24T05:13:48.804+0000] {processor.py:830} INFO - Processing file /home/airflow/.local/lib/python3.8/site-packages/airflow/example_dags/example_skip_dag.py for tasks to queue
[2024-04-24T05:13:48.805+0000] {logging_mixin.py:188} INFO - [2024-04-24T05:13:48.805+0000] {dagbag.py:540} INFO - Filling up the DagBag from /home/airflow/.local/lib/python3.8/site-packages/airflow/example_dags/example_skip_dag.py
[2024-04-24T05:13:48.809+0000] {processor.py:840} INFO - DAG(s) 'example_skip_dag' retrieved from /home/airflow/.local/lib/python3.8/site-packages/airflow/example_dags/example_skip_dag.py
[2024-04-24T05:13:48.820+0000] {logging_mixin.py:188} INFO - [2024-04-24T05:13:48.820+0000] {dag.py:3047} INFO - Sync 1 DAGs
[2024-04-24T05:13:48.832+0000] {logging_mixin.py:188} INFO - [2024-04-24T05:13:48.831+0000] {dag.py:3834} INFO - Setting next_dagrun for example_skip_dag to 2024-04-23 00:00:00+00:00, run_after=2024-04-24 00:00:00+00:00
[2024-04-24T05:13:48.842+0000] {processor.py:183} INFO - Processing /home/airflow/.local/lib/python3.8/site-packages/airflow/example_dags/example_skip_dag.py took 0.041 seconds
[2024-04-24T05:14:19.526+0000] {processor.py:161} INFO - Started process (PID=415) to work on /home/airflow/.local/lib/python3.8/site-packages/airflow/example_dags/example_skip_dag.py
[2024-04-24T05:14:19.527+0000] {processor.py:830} INFO - Processing file /home/airflow/.local/lib/python3.8/site-packages/airflow/example_dags/example_skip_dag.py for tasks to queue
[2024-04-24T05:14:19.528+0000] {logging_mixin.py:188} INFO - [2024-04-24T05:14:19.528+0000] {dagbag.py:540} INFO - Filling up the DagBag from /home/airflow/.local/lib/python3.8/site-packages/airflow/example_dags/example_skip_dag.py
[2024-04-24T05:14:19.531+0000] {processor.py:840} INFO - DAG(s) 'example_skip_dag' retrieved from /home/airflow/.local/lib/python3.8/site-packages/airflow/example_dags/example_skip_dag.py
[2024-04-24T05:14:19.542+0000] {logging_mixin.py:188} INFO - [2024-04-24T05:14:19.542+0000] {dag.py:3047} INFO - Sync 1 DAGs
[2024-04-24T05:14:19.554+0000] {logging_mixin.py:188} INFO - [2024-04-24T05:14:19.553+0000] {dag.py:3834} INFO - Setting next_dagrun for example_skip_dag to 2024-04-23 00:00:00+00:00, run_after=2024-04-24 00:00:00+00:00
[2024-04-24T05:14:19.563+0000] {processor.py:183} INFO - Processing /home/airflow/.local/lib/python3.8/site-packages/airflow/example_dags/example_skip_dag.py took 0.039 seconds
[2024-04-24T05:14:50.248+0000] {processor.py:161} INFO - Started process (PID=473) to work on /home/airflow/.local/lib/python3.8/site-packages/airflow/example_dags/example_skip_dag.py
[2024-04-24T05:14:50.248+0000] {processor.py:830} INFO - Processing file /home/airflow/.local/lib/python3.8/site-packages/airflow/example_dags/example_skip_dag.py for tasks to queue
[2024-04-24T05:14:50.249+0000] {logging_mixin.py:188} INFO - [2024-04-24T05:14:50.249+0000] {dagbag.py:540} INFO - Filling up the DagBag from /home/airflow/.local/lib/python3.8/site-packages/airflow/example_dags/example_skip_dag.py
[2024-04-24T05:14:50.253+0000] {processor.py:840} INFO - DAG(s) 'example_skip_dag' retrieved from /home/airflow/.local/lib/python3.8/site-packages/airflow/example_dags/example_skip_dag.py
[2024-04-24T05:14:50.264+0000] {logging_mixin.py:188} INFO - [2024-04-24T05:14:50.264+0000] {dag.py:3047} INFO - Sync 1 DAGs
[2024-04-24T05:14:50.275+0000] {logging_mixin.py:188} INFO - [2024-04-24T05:14:50.275+0000] {dag.py:3834} INFO - Setting next_dagrun for example_skip_dag to 2024-04-23 00:00:00+00:00, run_after=2024-04-24 00:00:00+00:00
[2024-04-24T05:14:50.284+0000] {processor.py:183} INFO - Processing /home/airflow/.local/lib/python3.8/site-packages/airflow/example_dags/example_skip_dag.py took 0.038 seconds
[2024-04-24T05:15:20.766+0000] {processor.py:161} INFO - Started process (PID=532) to work on /home/airflow/.local/lib/python3.8/site-packages/airflow/example_dags/example_skip_dag.py
[2024-04-24T05:15:20.766+0000] {processor.py:830} INFO - Processing file /home/airflow/.local/lib/python3.8/site-packages/airflow/example_dags/example_skip_dag.py for tasks to queue
[2024-04-24T05:15:20.767+0000] {logging_mixin.py:188} INFO - [2024-04-24T05:15:20.767+0000] {dagbag.py:540} INFO - Filling up the DagBag from /home/airflow/.local/lib/python3.8/site-packages/airflow/example_dags/example_skip_dag.py
[2024-04-24T05:15:20.771+0000] {processor.py:840} INFO - DAG(s) 'example_skip_dag' retrieved from /home/airflow/.local/lib/python3.8/site-packages/airflow/example_dags/example_skip_dag.py
[2024-04-24T05:15:20.782+0000] {logging_mixin.py:188} INFO - [2024-04-24T05:15:20.781+0000] {dag.py:3047} INFO - Sync 1 DAGs
[2024-04-24T05:15:20.792+0000] {logging_mixin.py:188} INFO - [2024-04-24T05:15:20.792+0000] {dag.py:3834} INFO - Setting next_dagrun for example_skip_dag to 2024-04-23 00:00:00+00:00, run_after=2024-04-24 00:00:00+00:00
[2024-04-24T05:15:20.802+0000] {processor.py:183} INFO - Processing /home/airflow/.local/lib/python3.8/site-packages/airflow/example_dags/example_skip_dag.py took 0.038 seconds
[2024-04-24T05:15:51.250+0000] {processor.py:161} INFO - Started process (PID=590) to work on /home/airflow/.local/lib/python3.8/site-packages/airflow/example_dags/example_skip_dag.py
[2024-04-24T05:15:51.250+0000] {processor.py:830} INFO - Processing file /home/airflow/.local/lib/python3.8/site-packages/airflow/example_dags/example_skip_dag.py for tasks to queue
[2024-04-24T05:15:51.251+0000] {logging_mixin.py:188} INFO - [2024-04-24T05:15:51.251+0000] {dagbag.py:540} INFO - Filling up the DagBag from /home/airflow/.local/lib/python3.8/site-packages/airflow/example_dags/example_skip_dag.py
[2024-04-24T05:15:51.255+0000] {processor.py:840} INFO - DAG(s) 'example_skip_dag' retrieved from /home/airflow/.local/lib/python3.8/site-packages/airflow/example_dags/example_skip_dag.py
[2024-04-24T05:15:51.266+0000] {logging_mixin.py:188} INFO - [2024-04-24T05:15:51.266+0000] {dag.py:3047} INFO - Sync 1 DAGs
[2024-04-24T05:15:51.277+0000] {logging_mixin.py:188} INFO - [2024-04-24T05:15:51.277+0000] {dag.py:3834} INFO - Setting next_dagrun for example_skip_dag to 2024-04-23 00:00:00+00:00, run_after=2024-04-24 00:00:00+00:00
[2024-04-24T05:15:51.286+0000] {processor.py:183} INFO - Processing /home/airflow/.local/lib/python3.8/site-packages/airflow/example_dags/example_skip_dag.py took 0.039 seconds
[2024-04-24T05:16:21.765+0000] {processor.py:161} INFO - Started process (PID=648) to work on /home/airflow/.local/lib/python3.8/site-packages/airflow/example_dags/example_skip_dag.py
[2024-04-24T05:16:21.765+0000] {processor.py:830} INFO - Processing file /home/airflow/.local/lib/python3.8/site-packages/airflow/example_dags/example_skip_dag.py for tasks to queue
[2024-04-24T05:16:21.767+0000] {logging_mixin.py:188} INFO - [2024-04-24T05:16:21.766+0000] {dagbag.py:540} INFO - Filling up the DagBag from /home/airflow/.local/lib/python3.8/site-packages/airflow/example_dags/example_skip_dag.py
[2024-04-24T05:16:21.770+0000] {processor.py:840} INFO - DAG(s) 'example_skip_dag' retrieved from /home/airflow/.local/lib/python3.8/site-packages/airflow/example_dags/example_skip_dag.py
[2024-04-24T05:16:21.781+0000] {logging_mixin.py:188} INFO - [2024-04-24T05:16:21.781+0000] {dag.py:3047} INFO - Sync 1 DAGs
[2024-04-24T05:16:21.793+0000] {logging_mixin.py:188} INFO - [2024-04-24T05:16:21.793+0000] {dag.py:3834} INFO - Setting next_dagrun for example_skip_dag to 2024-04-23 00:00:00+00:00, run_after=2024-04-24 00:00:00+00:00
[2024-04-24T05:16:21.803+0000] {processor.py:183} INFO - Processing /home/airflow/.local/lib/python3.8/site-packages/airflow/example_dags/example_skip_dag.py took 0.040 seconds
[2024-04-24T05:16:52.308+0000] {processor.py:161} INFO - Started process (PID=706) to work on /home/airflow/.local/lib/python3.8/site-packages/airflow/example_dags/example_skip_dag.py
[2024-04-24T05:16:52.309+0000] {processor.py:830} INFO - Processing file /home/airflow/.local/lib/python3.8/site-packages/airflow/example_dags/example_skip_dag.py for tasks to queue
[2024-04-24T05:16:52.310+0000] {logging_mixin.py:188} INFO - [2024-04-24T05:16:52.310+0000] {dagbag.py:540} INFO - Filling up the DagBag from /home/airflow/.local/lib/python3.8/site-packages/airflow/example_dags/example_skip_dag.py
[2024-04-24T05:16:52.313+0000] {processor.py:840} INFO - DAG(s) 'example_skip_dag' retrieved from /home/airflow/.local/lib/python3.8/site-packages/airflow/example_dags/example_skip_dag.py
[2024-04-24T05:16:52.325+0000] {logging_mixin.py:188} INFO - [2024-04-24T05:16:52.325+0000] {dag.py:3047} INFO - Sync 1 DAGs
[2024-04-24T05:16:52.336+0000] {logging_mixin.py:188} INFO - [2024-04-24T05:16:52.336+0000] {dag.py:3834} INFO - Setting next_dagrun for example_skip_dag to 2024-04-23 00:00:00+00:00, run_after=2024-04-24 00:00:00+00:00
[2024-04-24T05:16:52.346+0000] {processor.py:183} INFO - Processing /home/airflow/.local/lib/python3.8/site-packages/airflow/example_dags/example_skip_dag.py took 0.040 seconds
[2024-04-24T05:17:22.804+0000] {processor.py:161} INFO - Started process (PID=764) to work on /home/airflow/.local/lib/python3.8/site-packages/airflow/example_dags/example_skip_dag.py
[2024-04-24T05:17:22.805+0000] {processor.py:830} INFO - Processing file /home/airflow/.local/lib/python3.8/site-packages/airflow/example_dags/example_skip_dag.py for tasks to queue
[2024-04-24T05:17:22.806+0000] {logging_mixin.py:188} INFO - [2024-04-24T05:17:22.806+0000] {dagbag.py:540} INFO - Filling up the DagBag from /home/airflow/.local/lib/python3.8/site-packages/airflow/example_dags/example_skip_dag.py
[2024-04-24T05:17:22.810+0000] {processor.py:840} INFO - DAG(s) 'example_skip_dag' retrieved from /home/airflow/.local/lib/python3.8/site-packages/airflow/example_dags/example_skip_dag.py
[2024-04-24T05:17:22.822+0000] {logging_mixin.py:188} INFO - [2024-04-24T05:17:22.822+0000] {dag.py:3047} INFO - Sync 1 DAGs
[2024-04-24T05:17:22.833+0000] {logging_mixin.py:188} INFO - [2024-04-24T05:17:22.833+0000] {dag.py:3834} INFO - Setting next_dagrun for example_skip_dag to 2024-04-23 00:00:00+00:00, run_after=2024-04-24 00:00:00+00:00
[2024-04-24T05:17:22.845+0000] {processor.py:183} INFO - Processing /home/airflow/.local/lib/python3.8/site-packages/airflow/example_dags/example_skip_dag.py took 0.043 seconds
[2024-04-24T05:17:53.408+0000] {processor.py:161} INFO - Started process (PID=822) to work on /home/airflow/.local/lib/python3.8/site-packages/airflow/example_dags/example_skip_dag.py
[2024-04-24T05:17:53.409+0000] {processor.py:830} INFO - Processing file /home/airflow/.local/lib/python3.8/site-packages/airflow/example_dags/example_skip_dag.py for tasks to queue
[2024-04-24T05:17:53.410+0000] {logging_mixin.py:188} INFO - [2024-04-24T05:17:53.410+0000] {dagbag.py:540} INFO - Filling up the DagBag from /home/airflow/.local/lib/python3.8/site-packages/airflow/example_dags/example_skip_dag.py
[2024-04-24T05:17:53.414+0000] {processor.py:840} INFO - DAG(s) 'example_skip_dag' retrieved from /home/airflow/.local/lib/python3.8/site-packages/airflow/example_dags/example_skip_dag.py
[2024-04-24T05:17:53.425+0000] {logging_mixin.py:188} INFO - [2024-04-24T05:17:53.425+0000] {dag.py:3047} INFO - Sync 1 DAGs
[2024-04-24T05:17:53.436+0000] {logging_mixin.py:188} INFO - [2024-04-24T05:17:53.436+0000] {dag.py:3834} INFO - Setting next_dagrun for example_skip_dag to 2024-04-23 00:00:00+00:00, run_after=2024-04-24 00:00:00+00:00
[2024-04-24T05:17:53.446+0000] {processor.py:183} INFO - Processing /home/airflow/.local/lib/python3.8/site-packages/airflow/example_dags/example_skip_dag.py took 0.040 seconds
[2024-04-24T05:18:24.173+0000] {processor.py:161} INFO - Started process (PID=880) to work on /home/airflow/.local/lib/python3.8/site-packages/airflow/example_dags/example_skip_dag.py
[2024-04-24T05:18:24.174+0000] {processor.py:830} INFO - Processing file /home/airflow/.local/lib/python3.8/site-packages/airflow/example_dags/example_skip_dag.py for tasks to queue
[2024-04-24T05:18:24.175+0000] {logging_mixin.py:188} INFO - [2024-04-24T05:18:24.175+0000] {dagbag.py:540} INFO - Filling up the DagBag from /home/airflow/.local/lib/python3.8/site-packages/airflow/example_dags/example_skip_dag.py
[2024-04-24T05:18:24.178+0000] {processor.py:840} INFO - DAG(s) 'example_skip_dag' retrieved from /home/airflow/.local/lib/python3.8/site-packages/airflow/example_dags/example_skip_dag.py
[2024-04-24T05:18:24.190+0000] {logging_mixin.py:188} INFO - [2024-04-24T05:18:24.190+0000] {dag.py:3047} INFO - Sync 1 DAGs
[2024-04-24T05:18:24.201+0000] {logging_mixin.py:188} INFO - [2024-04-24T05:18:24.201+0000] {dag.py:3834} INFO - Setting next_dagrun for example_skip_dag to 2024-04-23 00:00:00+00:00, run_after=2024-04-24 00:00:00+00:00
[2024-04-24T05:18:24.212+0000] {processor.py:183} INFO - Processing /home/airflow/.local/lib/python3.8/site-packages/airflow/example_dags/example_skip_dag.py took 0.040 seconds
[2024-04-24T05:18:54.742+0000] {processor.py:161} INFO - Started process (PID=938) to work on /home/airflow/.local/lib/python3.8/site-packages/airflow/example_dags/example_skip_dag.py
[2024-04-24T05:18:54.742+0000] {processor.py:830} INFO - Processing file /home/airflow/.local/lib/python3.8/site-packages/airflow/example_dags/example_skip_dag.py for tasks to queue
[2024-04-24T05:18:54.743+0000] {logging_mixin.py:188} INFO - [2024-04-24T05:18:54.743+0000] {dagbag.py:540} INFO - Filling up the DagBag from /home/airflow/.local/lib/python3.8/site-packages/airflow/example_dags/example_skip_dag.py
[2024-04-24T05:18:54.747+0000] {processor.py:840} INFO - DAG(s) 'example_skip_dag' retrieved from /home/airflow/.local/lib/python3.8/site-packages/airflow/example_dags/example_skip_dag.py
[2024-04-24T05:18:54.758+0000] {logging_mixin.py:188} INFO - [2024-04-24T05:18:54.758+0000] {dag.py:3047} INFO - Sync 1 DAGs
[2024-04-24T05:18:54.769+0000] {logging_mixin.py:188} INFO - [2024-04-24T05:18:54.769+0000] {dag.py:3834} INFO - Setting next_dagrun for example_skip_dag to 2024-04-23 00:00:00+00:00, run_after=2024-04-24 00:00:00+00:00
[2024-04-24T05:18:54.778+0000] {processor.py:183} INFO - Processing /home/airflow/.local/lib/python3.8/site-packages/airflow/example_dags/example_skip_dag.py took 0.039 seconds
[2024-04-24T05:19:25.300+0000] {processor.py:161} INFO - Started process (PID=996) to work on /home/airflow/.local/lib/python3.8/site-packages/airflow/example_dags/example_skip_dag.py
[2024-04-24T05:19:25.300+0000] {processor.py:830} INFO - Processing file /home/airflow/.local/lib/python3.8/site-packages/airflow/example_dags/example_skip_dag.py for tasks to queue
[2024-04-24T05:19:25.301+0000] {logging_mixin.py:188} INFO - [2024-04-24T05:19:25.301+0000] {dagbag.py:540} INFO - Filling up the DagBag from /home/airflow/.local/lib/python3.8/site-packages/airflow/example_dags/example_skip_dag.py
[2024-04-24T05:19:25.305+0000] {processor.py:840} INFO - DAG(s) 'example_skip_dag' retrieved from /home/airflow/.local/lib/python3.8/site-packages/airflow/example_dags/example_skip_dag.py
[2024-04-24T05:19:25.315+0000] {logging_mixin.py:188} INFO - [2024-04-24T05:19:25.315+0000] {dag.py:3047} INFO - Sync 1 DAGs
[2024-04-24T05:19:25.326+0000] {logging_mixin.py:188} INFO - [2024-04-24T05:19:25.326+0000] {dag.py:3834} INFO - Setting next_dagrun for example_skip_dag to 2024-04-23 00:00:00+00:00, run_after=2024-04-24 00:00:00+00:00
[2024-04-24T05:19:25.336+0000] {processor.py:183} INFO - Processing /home/airflow/.local/lib/python3.8/site-packages/airflow/example_dags/example_skip_dag.py took 0.038 seconds
[2024-04-24T05:19:55.844+0000] {processor.py:161} INFO - Started process (PID=1054) to work on /home/airflow/.local/lib/python3.8/site-packages/airflow/example_dags/example_skip_dag.py
[2024-04-24T05:19:55.844+0000] {processor.py:830} INFO - Processing file /home/airflow/.local/lib/python3.8/site-packages/airflow/example_dags/example_skip_dag.py for tasks to queue
[2024-04-24T05:19:55.845+0000] {logging_mixin.py:188} INFO - [2024-04-24T05:19:55.845+0000] {dagbag.py:540} INFO - Filling up the DagBag from /home/airflow/.local/lib/python3.8/site-packages/airflow/example_dags/example_skip_dag.py
[2024-04-24T05:19:55.849+0000] {processor.py:840} INFO - DAG(s) 'example_skip_dag' retrieved from /home/airflow/.local/lib/python3.8/site-packages/airflow/example_dags/example_skip_dag.py
[2024-04-24T05:19:55.861+0000] {logging_mixin.py:188} INFO - [2024-04-24T05:19:55.861+0000] {dag.py:3047} INFO - Sync 1 DAGs
[2024-04-24T05:19:55.872+0000] {logging_mixin.py:188} INFO - [2024-04-24T05:19:55.872+0000] {dag.py:3834} INFO - Setting next_dagrun for example_skip_dag to 2024-04-23 00:00:00+00:00, run_after=2024-04-24 00:00:00+00:00
[2024-04-24T05:19:55.882+0000] {processor.py:183} INFO - Processing /home/airflow/.local/lib/python3.8/site-packages/airflow/example_dags/example_skip_dag.py took 0.040 seconds
[2024-04-24T05:20:26.357+0000] {processor.py:161} INFO - Started process (PID=1112) to work on /home/airflow/.local/lib/python3.8/site-packages/airflow/example_dags/example_skip_dag.py
[2024-04-24T05:20:26.358+0000] {processor.py:830} INFO - Processing file /home/airflow/.local/lib/python3.8/site-packages/airflow/example_dags/example_skip_dag.py for tasks to queue
[2024-04-24T05:20:26.359+0000] {logging_mixin.py:188} INFO - [2024-04-24T05:20:26.359+0000] {dagbag.py:540} INFO - Filling up the DagBag from /home/airflow/.local/lib/python3.8/site-packages/airflow/example_dags/example_skip_dag.py
[2024-04-24T05:20:26.362+0000] {processor.py:840} INFO - DAG(s) 'example_skip_dag' retrieved from /home/airflow/.local/lib/python3.8/site-packages/airflow/example_dags/example_skip_dag.py
[2024-04-24T05:20:26.373+0000] {logging_mixin.py:188} INFO - [2024-04-24T05:20:26.373+0000] {dag.py:3047} INFO - Sync 1 DAGs
[2024-04-24T05:20:26.384+0000] {logging_mixin.py:188} INFO - [2024-04-24T05:20:26.384+0000] {dag.py:3834} INFO - Setting next_dagrun for example_skip_dag to 2024-04-23 00:00:00+00:00, run_after=2024-04-24 00:00:00+00:00
[2024-04-24T05:20:26.394+0000] {processor.py:183} INFO - Processing /home/airflow/.local/lib/python3.8/site-packages/airflow/example_dags/example_skip_dag.py took 0.038 seconds
[2024-04-24T05:20:56.978+0000] {processor.py:161} INFO - Started process (PID=1170) to work on /home/airflow/.local/lib/python3.8/site-packages/airflow/example_dags/example_skip_dag.py
[2024-04-24T05:20:56.979+0000] {processor.py:830} INFO - Processing file /home/airflow/.local/lib/python3.8/site-packages/airflow/example_dags/example_skip_dag.py for tasks to queue
[2024-04-24T05:20:56.980+0000] {logging_mixin.py:188} INFO - [2024-04-24T05:20:56.980+0000] {dagbag.py:540} INFO - Filling up the DagBag from /home/airflow/.local/lib/python3.8/site-packages/airflow/example_dags/example_skip_dag.py
[2024-04-24T05:20:56.983+0000] {processor.py:840} INFO - DAG(s) 'example_skip_dag' retrieved from /home/airflow/.local/lib/python3.8/site-packages/airflow/example_dags/example_skip_dag.py
[2024-04-24T05:20:56.994+0000] {logging_mixin.py:188} INFO - [2024-04-24T05:20:56.994+0000] {dag.py:3047} INFO - Sync 1 DAGs
[2024-04-24T05:20:57.005+0000] {logging_mixin.py:188} INFO - [2024-04-24T05:20:57.004+0000] {dag.py:3834} INFO - Setting next_dagrun for example_skip_dag to 2024-04-23 00:00:00+00:00, run_after=2024-04-24 00:00:00+00:00
[2024-04-24T05:20:57.014+0000] {processor.py:183} INFO - Processing /home/airflow/.local/lib/python3.8/site-packages/airflow/example_dags/example_skip_dag.py took 0.038 seconds
[2024-04-24T05:21:27.477+0000] {processor.py:161} INFO - Started process (PID=1228) to work on /home/airflow/.local/lib/python3.8/site-packages/airflow/example_dags/example_skip_dag.py
[2024-04-24T05:21:27.477+0000] {processor.py:830} INFO - Processing file /home/airflow/.local/lib/python3.8/site-packages/airflow/example_dags/example_skip_dag.py for tasks to queue
[2024-04-24T05:21:27.478+0000] {logging_mixin.py:188} INFO - [2024-04-24T05:21:27.478+0000] {dagbag.py:540} INFO - Filling up the DagBag from /home/airflow/.local/lib/python3.8/site-packages/airflow/example_dags/example_skip_dag.py
[2024-04-24T05:21:27.482+0000] {processor.py:840} INFO - DAG(s) 'example_skip_dag' retrieved from /home/airflow/.local/lib/python3.8/site-packages/airflow/example_dags/example_skip_dag.py
[2024-04-24T05:21:27.493+0000] {logging_mixin.py:188} INFO - [2024-04-24T05:21:27.493+0000] {dag.py:3047} INFO - Sync 1 DAGs
[2024-04-24T05:21:27.505+0000] {logging_mixin.py:188} INFO - [2024-04-24T05:21:27.505+0000] {dag.py:3834} INFO - Setting next_dagrun for example_skip_dag to 2024-04-23 00:00:00+00:00, run_after=2024-04-24 00:00:00+00:00
[2024-04-24T05:21:27.515+0000] {processor.py:183} INFO - Processing /home/airflow/.local/lib/python3.8/site-packages/airflow/example_dags/example_skip_dag.py took 0.040 seconds
[2024-04-24T05:21:57.976+0000] {processor.py:161} INFO - Started process (PID=1286) to work on /home/airflow/.local/lib/python3.8/site-packages/airflow/example_dags/example_skip_dag.py
[2024-04-24T05:21:57.977+0000] {processor.py:830} INFO - Processing file /home/airflow/.local/lib/python3.8/site-packages/airflow/example_dags/example_skip_dag.py for tasks to queue
[2024-04-24T05:21:57.978+0000] {logging_mixin.py:188} INFO - [2024-04-24T05:21:57.978+0000] {dagbag.py:540} INFO - Filling up the DagBag from /home/airflow/.local/lib/python3.8/site-packages/airflow/example_dags/example_skip_dag.py
[2024-04-24T05:21:57.981+0000] {processor.py:840} INFO - DAG(s) 'example_skip_dag' retrieved from /home/airflow/.local/lib/python3.8/site-packages/airflow/example_dags/example_skip_dag.py
[2024-04-24T05:21:57.992+0000] {logging_mixin.py:188} INFO - [2024-04-24T05:21:57.992+0000] {dag.py:3047} INFO - Sync 1 DAGs
[2024-04-24T05:21:58.002+0000] {logging_mixin.py:188} INFO - [2024-04-24T05:21:58.002+0000] {dag.py:3834} INFO - Setting next_dagrun for example_skip_dag to 2024-04-23 00:00:00+00:00, run_after=2024-04-24 00:00:00+00:00
[2024-04-24T05:21:58.012+0000] {processor.py:183} INFO - Processing /home/airflow/.local/lib/python3.8/site-packages/airflow/example_dags/example_skip_dag.py took 0.037 seconds
[2024-04-24T05:22:28.437+0000] {processor.py:161} INFO - Started process (PID=1344) to work on /home/airflow/.local/lib/python3.8/site-packages/airflow/example_dags/example_skip_dag.py
[2024-04-24T05:22:28.437+0000] {processor.py:830} INFO - Processing file /home/airflow/.local/lib/python3.8/site-packages/airflow/example_dags/example_skip_dag.py for tasks to queue
[2024-04-24T05:22:28.438+0000] {logging_mixin.py:188} INFO - [2024-04-24T05:22:28.438+0000] {dagbag.py:540} INFO - Filling up the DagBag from /home/airflow/.local/lib/python3.8/site-packages/airflow/example_dags/example_skip_dag.py
[2024-04-24T05:22:28.442+0000] {processor.py:840} INFO - DAG(s) 'example_skip_dag' retrieved from /home/airflow/.local/lib/python3.8/site-packages/airflow/example_dags/example_skip_dag.py
[2024-04-24T05:22:28.453+0000] {logging_mixin.py:188} INFO - [2024-04-24T05:22:28.453+0000] {dag.py:3047} INFO - Sync 1 DAGs
[2024-04-24T05:22:28.464+0000] {logging_mixin.py:188} INFO - [2024-04-24T05:22:28.464+0000] {dag.py:3834} INFO - Setting next_dagrun for example_skip_dag to 2024-04-23 00:00:00+00:00, run_after=2024-04-24 00:00:00+00:00
[2024-04-24T05:22:28.473+0000] {processor.py:183} INFO - Processing /home/airflow/.local/lib/python3.8/site-packages/airflow/example_dags/example_skip_dag.py took 0.038 seconds
[2024-04-24T05:22:58.993+0000] {processor.py:161} INFO - Started process (PID=1402) to work on /home/airflow/.local/lib/python3.8/site-packages/airflow/example_dags/example_skip_dag.py
[2024-04-24T05:22:58.994+0000] {processor.py:830} INFO - Processing file /home/airflow/.local/lib/python3.8/site-packages/airflow/example_dags/example_skip_dag.py for tasks to queue
[2024-04-24T05:22:58.995+0000] {logging_mixin.py:188} INFO - [2024-04-24T05:22:58.995+0000] {dagbag.py:540} INFO - Filling up the DagBag from /home/airflow/.local/lib/python3.8/site-packages/airflow/example_dags/example_skip_dag.py
[2024-04-24T05:22:58.998+0000] {processor.py:840} INFO - DAG(s) 'example_skip_dag' retrieved from /home/airflow/.local/lib/python3.8/site-packages/airflow/example_dags/example_skip_dag.py
[2024-04-24T05:22:59.009+0000] {logging_mixin.py:188} INFO - [2024-04-24T05:22:59.009+0000] {dag.py:3047} INFO - Sync 1 DAGs
[2024-04-24T05:22:59.020+0000] {logging_mixin.py:188} INFO - [2024-04-24T05:22:59.020+0000] {dag.py:3834} INFO - Setting next_dagrun for example_skip_dag to 2024-04-23 00:00:00+00:00, run_after=2024-04-24 00:00:00+00:00
[2024-04-24T05:22:59.030+0000] {processor.py:183} INFO - Processing /home/airflow/.local/lib/python3.8/site-packages/airflow/example_dags/example_skip_dag.py took 0.039 seconds
[2024-04-24T05:23:29.539+0000] {processor.py:161} INFO - Started process (PID=1460) to work on /home/airflow/.local/lib/python3.8/site-packages/airflow/example_dags/example_skip_dag.py
[2024-04-24T05:23:29.540+0000] {processor.py:830} INFO - Processing file /home/airflow/.local/lib/python3.8/site-packages/airflow/example_dags/example_skip_dag.py for tasks to queue
[2024-04-24T05:23:29.541+0000] {logging_mixin.py:188} INFO - [2024-04-24T05:23:29.541+0000] {dagbag.py:540} INFO - Filling up the DagBag from /home/airflow/.local/lib/python3.8/site-packages/airflow/example_dags/example_skip_dag.py
[2024-04-24T05:23:29.545+0000] {processor.py:840} INFO - DAG(s) 'example_skip_dag' retrieved from /home/airflow/.local/lib/python3.8/site-packages/airflow/example_dags/example_skip_dag.py
[2024-04-24T05:23:29.557+0000] {logging_mixin.py:188} INFO - [2024-04-24T05:23:29.557+0000] {dag.py:3047} INFO - Sync 1 DAGs
[2024-04-24T05:23:29.570+0000] {logging_mixin.py:188} INFO - [2024-04-24T05:23:29.570+0000] {dag.py:3834} INFO - Setting next_dagrun for example_skip_dag to 2024-04-23 00:00:00+00:00, run_after=2024-04-24 00:00:00+00:00
[2024-04-24T05:23:29.580+0000] {processor.py:183} INFO - Processing /home/airflow/.local/lib/python3.8/site-packages/airflow/example_dags/example_skip_dag.py took 0.043 seconds
[2024-04-24T05:24:00.012+0000] {processor.py:161} INFO - Started process (PID=1518) to work on /home/airflow/.local/lib/python3.8/site-packages/airflow/example_dags/example_skip_dag.py
[2024-04-24T05:24:00.013+0000] {processor.py:830} INFO - Processing file /home/airflow/.local/lib/python3.8/site-packages/airflow/example_dags/example_skip_dag.py for tasks to queue
[2024-04-24T05:24:00.014+0000] {logging_mixin.py:188} INFO - [2024-04-24T05:24:00.014+0000] {dagbag.py:540} INFO - Filling up the DagBag from /home/airflow/.local/lib/python3.8/site-packages/airflow/example_dags/example_skip_dag.py
[2024-04-24T05:24:00.018+0000] {processor.py:840} INFO - DAG(s) 'example_skip_dag' retrieved from /home/airflow/.local/lib/python3.8/site-packages/airflow/example_dags/example_skip_dag.py
[2024-04-24T05:24:00.030+0000] {logging_mixin.py:188} INFO - [2024-04-24T05:24:00.029+0000] {dag.py:3047} INFO - Sync 1 DAGs
[2024-04-24T05:24:00.042+0000] {logging_mixin.py:188} INFO - [2024-04-24T05:24:00.041+0000] {dag.py:3834} INFO - Setting next_dagrun for example_skip_dag to 2024-04-23 00:00:00+00:00, run_after=2024-04-24 00:00:00+00:00
[2024-04-24T05:24:00.052+0000] {processor.py:183} INFO - Processing /home/airflow/.local/lib/python3.8/site-packages/airflow/example_dags/example_skip_dag.py took 0.042 seconds
[2024-04-24T05:24:30.494+0000] {processor.py:161} INFO - Started process (PID=1576) to work on /home/airflow/.local/lib/python3.8/site-packages/airflow/example_dags/example_skip_dag.py
[2024-04-24T05:24:30.494+0000] {processor.py:830} INFO - Processing file /home/airflow/.local/lib/python3.8/site-packages/airflow/example_dags/example_skip_dag.py for tasks to queue
[2024-04-24T05:24:30.495+0000] {logging_mixin.py:188} INFO - [2024-04-24T05:24:30.495+0000] {dagbag.py:540} INFO - Filling up the DagBag from /home/airflow/.local/lib/python3.8/site-packages/airflow/example_dags/example_skip_dag.py
[2024-04-24T05:24:30.499+0000] {processor.py:840} INFO - DAG(s) 'example_skip_dag' retrieved from /home/airflow/.local/lib/python3.8/site-packages/airflow/example_dags/example_skip_dag.py
[2024-04-24T05:24:30.510+0000] {logging_mixin.py:188} INFO - [2024-04-24T05:24:30.509+0000] {dag.py:3047} INFO - Sync 1 DAGs
[2024-04-24T05:24:30.521+0000] {logging_mixin.py:188} INFO - [2024-04-24T05:24:30.521+0000] {dag.py:3834} INFO - Setting next_dagrun for example_skip_dag to 2024-04-23 00:00:00+00:00, run_after=2024-04-24 00:00:00+00:00
[2024-04-24T05:24:30.530+0000] {processor.py:183} INFO - Processing /home/airflow/.local/lib/python3.8/site-packages/airflow/example_dags/example_skip_dag.py took 0.038 seconds
[2024-04-24T05:25:00.958+0000] {processor.py:161} INFO - Started process (PID=1634) to work on /home/airflow/.local/lib/python3.8/site-packages/airflow/example_dags/example_skip_dag.py
[2024-04-24T05:25:00.958+0000] {processor.py:830} INFO - Processing file /home/airflow/.local/lib/python3.8/site-packages/airflow/example_dags/example_skip_dag.py for tasks to queue
[2024-04-24T05:25:00.959+0000] {logging_mixin.py:188} INFO - [2024-04-24T05:25:00.959+0000] {dagbag.py:540} INFO - Filling up the DagBag from /home/airflow/.local/lib/python3.8/site-packages/airflow/example_dags/example_skip_dag.py
[2024-04-24T05:25:00.963+0000] {processor.py:840} INFO - DAG(s) 'example_skip_dag' retrieved from /home/airflow/.local/lib/python3.8/site-packages/airflow/example_dags/example_skip_dag.py
[2024-04-24T05:25:00.973+0000] {logging_mixin.py:188} INFO - [2024-04-24T05:25:00.973+0000] {dag.py:3047} INFO - Sync 1 DAGs
[2024-04-24T05:25:00.984+0000] {logging_mixin.py:188} INFO - [2024-04-24T05:25:00.984+0000] {dag.py:3834} INFO - Setting next_dagrun for example_skip_dag to 2024-04-23 00:00:00+00:00, run_after=2024-04-24 00:00:00+00:00
[2024-04-24T05:25:00.994+0000] {processor.py:183} INFO - Processing /home/airflow/.local/lib/python3.8/site-packages/airflow/example_dags/example_skip_dag.py took 0.038 seconds
[2024-04-24T05:25:31.410+0000] {processor.py:161} INFO - Started process (PID=1692) to work on /home/airflow/.local/lib/python3.8/site-packages/airflow/example_dags/example_skip_dag.py
[2024-04-24T05:25:31.410+0000] {processor.py:830} INFO - Processing file /home/airflow/.local/lib/python3.8/site-packages/airflow/example_dags/example_skip_dag.py for tasks to queue
[2024-04-24T05:25:31.411+0000] {logging_mixin.py:188} INFO - [2024-04-24T05:25:31.411+0000] {dagbag.py:540} INFO - Filling up the DagBag from /home/airflow/.local/lib/python3.8/site-packages/airflow/example_dags/example_skip_dag.py
[2024-04-24T05:25:31.415+0000] {processor.py:840} INFO - DAG(s) 'example_skip_dag' retrieved from /home/airflow/.local/lib/python3.8/site-packages/airflow/example_dags/example_skip_dag.py
[2024-04-24T05:25:31.425+0000] {logging_mixin.py:188} INFO - [2024-04-24T05:25:31.425+0000] {dag.py:3047} INFO - Sync 1 DAGs
[2024-04-24T05:25:31.436+0000] {logging_mixin.py:188} INFO - [2024-04-24T05:25:31.436+0000] {dag.py:3834} INFO - Setting next_dagrun for example_skip_dag to 2024-04-23 00:00:00+00:00, run_after=2024-04-24 00:00:00+00:00
[2024-04-24T05:25:31.446+0000] {processor.py:183} INFO - Processing /home/airflow/.local/lib/python3.8/site-packages/airflow/example_dags/example_skip_dag.py took 0.038 seconds
[2024-04-24T05:26:02.099+0000] {processor.py:161} INFO - Started process (PID=1750) to work on /home/airflow/.local/lib/python3.8/site-packages/airflow/example_dags/example_skip_dag.py
[2024-04-24T05:26:02.100+0000] {processor.py:830} INFO - Processing file /home/airflow/.local/lib/python3.8/site-packages/airflow/example_dags/example_skip_dag.py for tasks to queue
[2024-04-24T05:26:02.101+0000] {logging_mixin.py:188} INFO - [2024-04-24T05:26:02.101+0000] {dagbag.py:540} INFO - Filling up the DagBag from /home/airflow/.local/lib/python3.8/site-packages/airflow/example_dags/example_skip_dag.py
[2024-04-24T05:26:02.105+0000] {processor.py:840} INFO - DAG(s) 'example_skip_dag' retrieved from /home/airflow/.local/lib/python3.8/site-packages/airflow/example_dags/example_skip_dag.py
[2024-04-24T05:26:02.116+0000] {logging_mixin.py:188} INFO - [2024-04-24T05:26:02.115+0000] {dag.py:3047} INFO - Sync 1 DAGs
[2024-04-24T05:26:02.127+0000] {logging_mixin.py:188} INFO - [2024-04-24T05:26:02.127+0000] {dag.py:3834} INFO - Setting next_dagrun for example_skip_dag to 2024-04-23 00:00:00+00:00, run_after=2024-04-24 00:00:00+00:00
[2024-04-24T05:26:02.136+0000] {processor.py:183} INFO - Processing /home/airflow/.local/lib/python3.8/site-packages/airflow/example_dags/example_skip_dag.py took 0.039 seconds
[2024-04-24T05:26:32.684+0000] {processor.py:161} INFO - Started process (PID=1808) to work on /home/airflow/.local/lib/python3.8/site-packages/airflow/example_dags/example_skip_dag.py
[2024-04-24T05:26:32.685+0000] {processor.py:830} INFO - Processing file /home/airflow/.local/lib/python3.8/site-packages/airflow/example_dags/example_skip_dag.py for tasks to queue
[2024-04-24T05:26:32.686+0000] {logging_mixin.py:188} INFO - [2024-04-24T05:26:32.686+0000] {dagbag.py:540} INFO - Filling up the DagBag from /home/airflow/.local/lib/python3.8/site-packages/airflow/example_dags/example_skip_dag.py
[2024-04-24T05:26:32.690+0000] {processor.py:840} INFO - DAG(s) 'example_skip_dag' retrieved from /home/airflow/.local/lib/python3.8/site-packages/airflow/example_dags/example_skip_dag.py
[2024-04-24T05:26:32.701+0000] {logging_mixin.py:188} INFO - [2024-04-24T05:26:32.700+0000] {dag.py:3047} INFO - Sync 1 DAGs
[2024-04-24T05:26:32.712+0000] {logging_mixin.py:188} INFO - [2024-04-24T05:26:32.712+0000] {dag.py:3834} INFO - Setting next_dagrun for example_skip_dag to 2024-04-23 00:00:00+00:00, run_after=2024-04-24 00:00:00+00:00
[2024-04-24T05:26:32.722+0000] {processor.py:183} INFO - Processing /home/airflow/.local/lib/python3.8/site-packages/airflow/example_dags/example_skip_dag.py took 0.039 seconds
[2024-04-24T05:27:03.414+0000] {processor.py:161} INFO - Started process (PID=1866) to work on /home/airflow/.local/lib/python3.8/site-packages/airflow/example_dags/example_skip_dag.py
[2024-04-24T05:27:03.414+0000] {processor.py:830} INFO - Processing file /home/airflow/.local/lib/python3.8/site-packages/airflow/example_dags/example_skip_dag.py for tasks to queue
[2024-04-24T05:27:03.415+0000] {logging_mixin.py:188} INFO - [2024-04-24T05:27:03.415+0000] {dagbag.py:540} INFO - Filling up the DagBag from /home/airflow/.local/lib/python3.8/site-packages/airflow/example_dags/example_skip_dag.py
[2024-04-24T05:27:03.419+0000] {processor.py:840} INFO - DAG(s) 'example_skip_dag' retrieved from /home/airflow/.local/lib/python3.8/site-packages/airflow/example_dags/example_skip_dag.py
[2024-04-24T05:27:03.431+0000] {logging_mixin.py:188} INFO - [2024-04-24T05:27:03.431+0000] {dag.py:3047} INFO - Sync 1 DAGs
[2024-04-24T05:27:03.443+0000] {logging_mixin.py:188} INFO - [2024-04-24T05:27:03.443+0000] {dag.py:3834} INFO - Setting next_dagrun for example_skip_dag to 2024-04-23 00:00:00+00:00, run_after=2024-04-24 00:00:00+00:00
[2024-04-24T05:27:03.453+0000] {processor.py:183} INFO - Processing /home/airflow/.local/lib/python3.8/site-packages/airflow/example_dags/example_skip_dag.py took 0.041 seconds
[2024-04-24T05:27:33.965+0000] {processor.py:161} INFO - Started process (PID=1924) to work on /home/airflow/.local/lib/python3.8/site-packages/airflow/example_dags/example_skip_dag.py
[2024-04-24T05:27:33.966+0000] {processor.py:830} INFO - Processing file /home/airflow/.local/lib/python3.8/site-packages/airflow/example_dags/example_skip_dag.py for tasks to queue
[2024-04-24T05:27:33.967+0000] {logging_mixin.py:188} INFO - [2024-04-24T05:27:33.967+0000] {dagbag.py:540} INFO - Filling up the DagBag from /home/airflow/.local/lib/python3.8/site-packages/airflow/example_dags/example_skip_dag.py
[2024-04-24T05:27:33.970+0000] {processor.py:840} INFO - DAG(s) 'example_skip_dag' retrieved from /home/airflow/.local/lib/python3.8/site-packages/airflow/example_dags/example_skip_dag.py
[2024-04-24T05:27:33.982+0000] {logging_mixin.py:188} INFO - [2024-04-24T05:27:33.981+0000] {dag.py:3047} INFO - Sync 1 DAGs
[2024-04-24T05:27:33.992+0000] {logging_mixin.py:188} INFO - [2024-04-24T05:27:33.992+0000] {dag.py:3834} INFO - Setting next_dagrun for example_skip_dag to 2024-04-23 00:00:00+00:00, run_after=2024-04-24 00:00:00+00:00
[2024-04-24T05:27:34.002+0000] {processor.py:183} INFO - Processing /home/airflow/.local/lib/python3.8/site-packages/airflow/example_dags/example_skip_dag.py took 0.038 seconds
[2024-04-24T05:28:04.643+0000] {processor.py:161} INFO - Started process (PID=1982) to work on /home/airflow/.local/lib/python3.8/site-packages/airflow/example_dags/example_skip_dag.py
[2024-04-24T05:28:04.644+0000] {processor.py:830} INFO - Processing file /home/airflow/.local/lib/python3.8/site-packages/airflow/example_dags/example_skip_dag.py for tasks to queue
[2024-04-24T05:28:04.645+0000] {logging_mixin.py:188} INFO - [2024-04-24T05:28:04.645+0000] {dagbag.py:540} INFO - Filling up the DagBag from /home/airflow/.local/lib/python3.8/site-packages/airflow/example_dags/example_skip_dag.py
[2024-04-24T05:28:04.649+0000] {processor.py:840} INFO - DAG(s) 'example_skip_dag' retrieved from /home/airflow/.local/lib/python3.8/site-packages/airflow/example_dags/example_skip_dag.py
[2024-04-24T05:28:04.661+0000] {logging_mixin.py:188} INFO - [2024-04-24T05:28:04.660+0000] {dag.py:3047} INFO - Sync 1 DAGs
[2024-04-24T05:28:04.672+0000] {logging_mixin.py:188} INFO - [2024-04-24T05:28:04.672+0000] {dag.py:3834} INFO - Setting next_dagrun for example_skip_dag to 2024-04-23 00:00:00+00:00, run_after=2024-04-24 00:00:00+00:00
[2024-04-24T05:28:04.682+0000] {processor.py:183} INFO - Processing /home/airflow/.local/lib/python3.8/site-packages/airflow/example_dags/example_skip_dag.py took 0.041 seconds
[2024-04-24T05:28:35.421+0000] {processor.py:161} INFO - Started process (PID=2040) to work on /home/airflow/.local/lib/python3.8/site-packages/airflow/example_dags/example_skip_dag.py
[2024-04-24T05:28:35.422+0000] {processor.py:830} INFO - Processing file /home/airflow/.local/lib/python3.8/site-packages/airflow/example_dags/example_skip_dag.py for tasks to queue
[2024-04-24T05:28:35.423+0000] {logging_mixin.py:188} INFO - [2024-04-24T05:28:35.423+0000] {dagbag.py:540} INFO - Filling up the DagBag from /home/airflow/.local/lib/python3.8/site-packages/airflow/example_dags/example_skip_dag.py
[2024-04-24T05:28:35.427+0000] {processor.py:840} INFO - DAG(s) 'example_skip_dag' retrieved from /home/airflow/.local/lib/python3.8/site-packages/airflow/example_dags/example_skip_dag.py
[2024-04-24T05:28:35.438+0000] {logging_mixin.py:188} INFO - [2024-04-24T05:28:35.438+0000] {dag.py:3047} INFO - Sync 1 DAGs
[2024-04-24T05:28:35.449+0000] {logging_mixin.py:188} INFO - [2024-04-24T05:28:35.449+0000] {dag.py:3834} INFO - Setting next_dagrun for example_skip_dag to 2024-04-23 00:00:00+00:00, run_after=2024-04-24 00:00:00+00:00
[2024-04-24T05:28:35.459+0000] {processor.py:183} INFO - Processing /home/airflow/.local/lib/python3.8/site-packages/airflow/example_dags/example_skip_dag.py took 0.039 seconds
[2024-04-24T05:29:06.019+0000] {processor.py:161} INFO - Started process (PID=2098) to work on /home/airflow/.local/lib/python3.8/site-packages/airflow/example_dags/example_skip_dag.py
[2024-04-24T05:29:06.020+0000] {processor.py:830} INFO - Processing file /home/airflow/.local/lib/python3.8/site-packages/airflow/example_dags/example_skip_dag.py for tasks to queue
[2024-04-24T05:29:06.021+0000] {logging_mixin.py:188} INFO - [2024-04-24T05:29:06.021+0000] {dagbag.py:540} INFO - Filling up the DagBag from /home/airflow/.local/lib/python3.8/site-packages/airflow/example_dags/example_skip_dag.py
[2024-04-24T05:29:06.024+0000] {processor.py:840} INFO - DAG(s) 'example_skip_dag' retrieved from /home/airflow/.local/lib/python3.8/site-packages/airflow/example_dags/example_skip_dag.py
[2024-04-24T05:29:06.035+0000] {logging_mixin.py:188} INFO - [2024-04-24T05:29:06.035+0000] {dag.py:3047} INFO - Sync 1 DAGs
[2024-04-24T05:29:06.047+0000] {logging_mixin.py:188} INFO - [2024-04-24T05:29:06.046+0000] {dag.py:3834} INFO - Setting next_dagrun for example_skip_dag to 2024-04-23 00:00:00+00:00, run_after=2024-04-24 00:00:00+00:00
[2024-04-24T05:29:06.056+0000] {processor.py:183} INFO - Processing /home/airflow/.local/lib/python3.8/site-packages/airflow/example_dags/example_skip_dag.py took 0.038 seconds
[2024-04-24T05:29:36.606+0000] {processor.py:161} INFO - Started process (PID=2156) to work on /home/airflow/.local/lib/python3.8/site-packages/airflow/example_dags/example_skip_dag.py
[2024-04-24T05:29:36.607+0000] {processor.py:830} INFO - Processing file /home/airflow/.local/lib/python3.8/site-packages/airflow/example_dags/example_skip_dag.py for tasks to queue
[2024-04-24T05:29:36.607+0000] {logging_mixin.py:188} INFO - [2024-04-24T05:29:36.607+0000] {dagbag.py:540} INFO - Filling up the DagBag from /home/airflow/.local/lib/python3.8/site-packages/airflow/example_dags/example_skip_dag.py
[2024-04-24T05:29:36.611+0000] {processor.py:840} INFO - DAG(s) 'example_skip_dag' retrieved from /home/airflow/.local/lib/python3.8/site-packages/airflow/example_dags/example_skip_dag.py
[2024-04-24T05:29:36.622+0000] {logging_mixin.py:188} INFO - [2024-04-24T05:29:36.622+0000] {dag.py:3047} INFO - Sync 1 DAGs
[2024-04-24T05:29:36.633+0000] {logging_mixin.py:188} INFO - [2024-04-24T05:29:36.633+0000] {dag.py:3834} INFO - Setting next_dagrun for example_skip_dag to 2024-04-23 00:00:00+00:00, run_after=2024-04-24 00:00:00+00:00
[2024-04-24T05:29:36.643+0000] {processor.py:183} INFO - Processing /home/airflow/.local/lib/python3.8/site-packages/airflow/example_dags/example_skip_dag.py took 0.038 seconds
[2024-04-24T05:30:07.081+0000] {processor.py:161} INFO - Started process (PID=2214) to work on /home/airflow/.local/lib/python3.8/site-packages/airflow/example_dags/example_skip_dag.py
[2024-04-24T05:30:07.081+0000] {processor.py:830} INFO - Processing file /home/airflow/.local/lib/python3.8/site-packages/airflow/example_dags/example_skip_dag.py for tasks to queue
[2024-04-24T05:30:07.082+0000] {logging_mixin.py:188} INFO - [2024-04-24T05:30:07.082+0000] {dagbag.py:540} INFO - Filling up the DagBag from /home/airflow/.local/lib/python3.8/site-packages/airflow/example_dags/example_skip_dag.py
[2024-04-24T05:30:07.086+0000] {processor.py:840} INFO - DAG(s) 'example_skip_dag' retrieved from /home/airflow/.local/lib/python3.8/site-packages/airflow/example_dags/example_skip_dag.py
[2024-04-24T05:30:07.096+0000] {logging_mixin.py:188} INFO - [2024-04-24T05:30:07.096+0000] {dag.py:3047} INFO - Sync 1 DAGs
[2024-04-24T05:30:07.108+0000] {logging_mixin.py:188} INFO - [2024-04-24T05:30:07.108+0000] {dag.py:3834} INFO - Setting next_dagrun for example_skip_dag to 2024-04-23 00:00:00+00:00, run_after=2024-04-24 00:00:00+00:00
[2024-04-24T05:30:07.117+0000] {processor.py:183} INFO - Processing /home/airflow/.local/lib/python3.8/site-packages/airflow/example_dags/example_skip_dag.py took 0.038 seconds
[2024-04-24T05:30:37.678+0000] {processor.py:161} INFO - Started process (PID=2272) to work on /home/airflow/.local/lib/python3.8/site-packages/airflow/example_dags/example_skip_dag.py
[2024-04-24T05:30:37.679+0000] {processor.py:830} INFO - Processing file /home/airflow/.local/lib/python3.8/site-packages/airflow/example_dags/example_skip_dag.py for tasks to queue
[2024-04-24T05:30:37.680+0000] {logging_mixin.py:188} INFO - [2024-04-24T05:30:37.680+0000] {dagbag.py:540} INFO - Filling up the DagBag from /home/airflow/.local/lib/python3.8/site-packages/airflow/example_dags/example_skip_dag.py
[2024-04-24T05:30:37.683+0000] {processor.py:840} INFO - DAG(s) 'example_skip_dag' retrieved from /home/airflow/.local/lib/python3.8/site-packages/airflow/example_dags/example_skip_dag.py
[2024-04-24T05:30:37.694+0000] {logging_mixin.py:188} INFO - [2024-04-24T05:30:37.694+0000] {dag.py:3047} INFO - Sync 1 DAGs
[2024-04-24T05:30:37.705+0000] {logging_mixin.py:188} INFO - [2024-04-24T05:30:37.705+0000] {dag.py:3834} INFO - Setting next_dagrun for example_skip_dag to 2024-04-23 00:00:00+00:00, run_after=2024-04-24 00:00:00+00:00
[2024-04-24T05:30:37.715+0000] {processor.py:183} INFO - Processing /home/airflow/.local/lib/python3.8/site-packages/airflow/example_dags/example_skip_dag.py took 0.038 seconds
[2024-04-24T05:31:08.280+0000] {processor.py:161} INFO - Started process (PID=2330) to work on /home/airflow/.local/lib/python3.8/site-packages/airflow/example_dags/example_skip_dag.py
[2024-04-24T05:31:08.280+0000] {processor.py:830} INFO - Processing file /home/airflow/.local/lib/python3.8/site-packages/airflow/example_dags/example_skip_dag.py for tasks to queue
[2024-04-24T05:31:08.281+0000] {logging_mixin.py:188} INFO - [2024-04-24T05:31:08.281+0000] {dagbag.py:540} INFO - Filling up the DagBag from /home/airflow/.local/lib/python3.8/site-packages/airflow/example_dags/example_skip_dag.py
[2024-04-24T05:31:08.285+0000] {processor.py:840} INFO - DAG(s) 'example_skip_dag' retrieved from /home/airflow/.local/lib/python3.8/site-packages/airflow/example_dags/example_skip_dag.py
[2024-04-24T05:31:08.297+0000] {logging_mixin.py:188} INFO - [2024-04-24T05:31:08.296+0000] {dag.py:3047} INFO - Sync 1 DAGs
[2024-04-24T05:31:08.308+0000] {logging_mixin.py:188} INFO - [2024-04-24T05:31:08.308+0000] {dag.py:3834} INFO - Setting next_dagrun for example_skip_dag to 2024-04-23 00:00:00+00:00, run_after=2024-04-24 00:00:00+00:00
[2024-04-24T05:31:08.318+0000] {processor.py:183} INFO - Processing /home/airflow/.local/lib/python3.8/site-packages/airflow/example_dags/example_skip_dag.py took 0.040 seconds
[2024-04-24T05:31:39.093+0000] {processor.py:161} INFO - Started process (PID=2388) to work on /home/airflow/.local/lib/python3.8/site-packages/airflow/example_dags/example_skip_dag.py
[2024-04-24T05:31:39.094+0000] {processor.py:830} INFO - Processing file /home/airflow/.local/lib/python3.8/site-packages/airflow/example_dags/example_skip_dag.py for tasks to queue
[2024-04-24T05:31:39.095+0000] {logging_mixin.py:188} INFO - [2024-04-24T05:31:39.095+0000] {dagbag.py:540} INFO - Filling up the DagBag from /home/airflow/.local/lib/python3.8/site-packages/airflow/example_dags/example_skip_dag.py
[2024-04-24T05:31:39.099+0000] {processor.py:840} INFO - DAG(s) 'example_skip_dag' retrieved from /home/airflow/.local/lib/python3.8/site-packages/airflow/example_dags/example_skip_dag.py
[2024-04-24T05:31:39.112+0000] {logging_mixin.py:188} INFO - [2024-04-24T05:31:39.112+0000] {dag.py:3047} INFO - Sync 1 DAGs
[2024-04-24T05:31:39.125+0000] {logging_mixin.py:188} INFO - [2024-04-24T05:31:39.124+0000] {dag.py:3834} INFO - Setting next_dagrun for example_skip_dag to 2024-04-23 00:00:00+00:00, run_after=2024-04-24 00:00:00+00:00
[2024-04-24T05:31:39.134+0000] {processor.py:183} INFO - Processing /home/airflow/.local/lib/python3.8/site-packages/airflow/example_dags/example_skip_dag.py took 0.043 seconds
[2024-04-24T05:32:09.721+0000] {processor.py:161} INFO - Started process (PID=2446) to work on /home/airflow/.local/lib/python3.8/site-packages/airflow/example_dags/example_skip_dag.py
[2024-04-24T05:32:09.722+0000] {processor.py:830} INFO - Processing file /home/airflow/.local/lib/python3.8/site-packages/airflow/example_dags/example_skip_dag.py for tasks to queue
[2024-04-24T05:32:09.723+0000] {logging_mixin.py:188} INFO - [2024-04-24T05:32:09.723+0000] {dagbag.py:540} INFO - Filling up the DagBag from /home/airflow/.local/lib/python3.8/site-packages/airflow/example_dags/example_skip_dag.py
[2024-04-24T05:32:09.727+0000] {processor.py:840} INFO - DAG(s) 'example_skip_dag' retrieved from /home/airflow/.local/lib/python3.8/site-packages/airflow/example_dags/example_skip_dag.py
[2024-04-24T05:32:09.738+0000] {logging_mixin.py:188} INFO - [2024-04-24T05:32:09.738+0000] {dag.py:3047} INFO - Sync 1 DAGs
[2024-04-24T05:32:09.749+0000] {logging_mixin.py:188} INFO - [2024-04-24T05:32:09.749+0000] {dag.py:3834} INFO - Setting next_dagrun for example_skip_dag to 2024-04-23 00:00:00+00:00, run_after=2024-04-24 00:00:00+00:00
[2024-04-24T05:32:09.761+0000] {processor.py:183} INFO - Processing /home/airflow/.local/lib/python3.8/site-packages/airflow/example_dags/example_skip_dag.py took 0.041 seconds
[2024-04-24T05:32:40.223+0000] {processor.py:161} INFO - Started process (PID=2505) to work on /home/airflow/.local/lib/python3.8/site-packages/airflow/example_dags/example_skip_dag.py
[2024-04-24T05:32:40.224+0000] {processor.py:830} INFO - Processing file /home/airflow/.local/lib/python3.8/site-packages/airflow/example_dags/example_skip_dag.py for tasks to queue
[2024-04-24T05:32:40.225+0000] {logging_mixin.py:188} INFO - [2024-04-24T05:32:40.225+0000] {dagbag.py:540} INFO - Filling up the DagBag from /home/airflow/.local/lib/python3.8/site-packages/airflow/example_dags/example_skip_dag.py
[2024-04-24T05:32:40.228+0000] {processor.py:840} INFO - DAG(s) 'example_skip_dag' retrieved from /home/airflow/.local/lib/python3.8/site-packages/airflow/example_dags/example_skip_dag.py
[2024-04-24T05:32:40.239+0000] {logging_mixin.py:188} INFO - [2024-04-24T05:32:40.239+0000] {dag.py:3047} INFO - Sync 1 DAGs
[2024-04-24T05:32:40.250+0000] {logging_mixin.py:188} INFO - [2024-04-24T05:32:40.250+0000] {dag.py:3834} INFO - Setting next_dagrun for example_skip_dag to 2024-04-23 00:00:00+00:00, run_after=2024-04-24 00:00:00+00:00
[2024-04-24T05:32:40.259+0000] {processor.py:183} INFO - Processing /home/airflow/.local/lib/python3.8/site-packages/airflow/example_dags/example_skip_dag.py took 0.037 seconds
[2024-04-24T05:33:10.625+0000] {processor.py:161} INFO - Started process (PID=2560) to work on /home/airflow/.local/lib/python3.8/site-packages/airflow/example_dags/example_skip_dag.py
[2024-04-24T05:33:10.625+0000] {processor.py:830} INFO - Processing file /home/airflow/.local/lib/python3.8/site-packages/airflow/example_dags/example_skip_dag.py for tasks to queue
[2024-04-24T05:33:10.626+0000] {logging_mixin.py:188} INFO - [2024-04-24T05:33:10.626+0000] {dagbag.py:540} INFO - Filling up the DagBag from /home/airflow/.local/lib/python3.8/site-packages/airflow/example_dags/example_skip_dag.py
[2024-04-24T05:33:10.630+0000] {processor.py:840} INFO - DAG(s) 'example_skip_dag' retrieved from /home/airflow/.local/lib/python3.8/site-packages/airflow/example_dags/example_skip_dag.py
[2024-04-24T05:33:10.641+0000] {logging_mixin.py:188} INFO - [2024-04-24T05:33:10.641+0000] {dag.py:3047} INFO - Sync 1 DAGs
[2024-04-24T05:33:10.653+0000] {logging_mixin.py:188} INFO - [2024-04-24T05:33:10.652+0000] {dag.py:3834} INFO - Setting next_dagrun for example_skip_dag to 2024-04-23 00:00:00+00:00, run_after=2024-04-24 00:00:00+00:00
[2024-04-24T05:33:10.662+0000] {processor.py:183} INFO - Processing /home/airflow/.local/lib/python3.8/site-packages/airflow/example_dags/example_skip_dag.py took 0.040 seconds
[2024-04-24T05:33:40.978+0000] {processor.py:161} INFO - Started process (PID=2615) to work on /home/airflow/.local/lib/python3.8/site-packages/airflow/example_dags/example_skip_dag.py
[2024-04-24T05:33:40.979+0000] {processor.py:830} INFO - Processing file /home/airflow/.local/lib/python3.8/site-packages/airflow/example_dags/example_skip_dag.py for tasks to queue
[2024-04-24T05:33:40.979+0000] {logging_mixin.py:188} INFO - [2024-04-24T05:33:40.979+0000] {dagbag.py:540} INFO - Filling up the DagBag from /home/airflow/.local/lib/python3.8/site-packages/airflow/example_dags/example_skip_dag.py
[2024-04-24T05:33:40.983+0000] {processor.py:840} INFO - DAG(s) 'example_skip_dag' retrieved from /home/airflow/.local/lib/python3.8/site-packages/airflow/example_dags/example_skip_dag.py
[2024-04-24T05:33:40.995+0000] {logging_mixin.py:188} INFO - [2024-04-24T05:33:40.994+0000] {dag.py:3047} INFO - Sync 1 DAGs
[2024-04-24T05:33:41.006+0000] {logging_mixin.py:188} INFO - [2024-04-24T05:33:41.006+0000] {dag.py:3834} INFO - Setting next_dagrun for example_skip_dag to 2024-04-23 00:00:00+00:00, run_after=2024-04-24 00:00:00+00:00
[2024-04-24T05:33:41.015+0000] {processor.py:183} INFO - Processing /home/airflow/.local/lib/python3.8/site-packages/airflow/example_dags/example_skip_dag.py took 0.038 seconds
[2024-04-24T05:34:11.366+0000] {processor.py:161} INFO - Started process (PID=2670) to work on /home/airflow/.local/lib/python3.8/site-packages/airflow/example_dags/example_skip_dag.py
[2024-04-24T05:34:11.367+0000] {processor.py:830} INFO - Processing file /home/airflow/.local/lib/python3.8/site-packages/airflow/example_dags/example_skip_dag.py for tasks to queue
[2024-04-24T05:34:11.368+0000] {logging_mixin.py:188} INFO - [2024-04-24T05:34:11.367+0000] {dagbag.py:540} INFO - Filling up the DagBag from /home/airflow/.local/lib/python3.8/site-packages/airflow/example_dags/example_skip_dag.py
[2024-04-24T05:34:11.372+0000] {processor.py:840} INFO - DAG(s) 'example_skip_dag' retrieved from /home/airflow/.local/lib/python3.8/site-packages/airflow/example_dags/example_skip_dag.py
[2024-04-24T05:34:11.383+0000] {logging_mixin.py:188} INFO - [2024-04-24T05:34:11.383+0000] {dag.py:3047} INFO - Sync 1 DAGs
[2024-04-24T05:34:11.395+0000] {logging_mixin.py:188} INFO - [2024-04-24T05:34:11.395+0000] {dag.py:3834} INFO - Setting next_dagrun for example_skip_dag to 2024-04-23 00:00:00+00:00, run_after=2024-04-24 00:00:00+00:00
[2024-04-24T05:34:11.404+0000] {processor.py:183} INFO - Processing /home/airflow/.local/lib/python3.8/site-packages/airflow/example_dags/example_skip_dag.py took 0.040 seconds
[2024-04-24T05:34:41.994+0000] {processor.py:161} INFO - Started process (PID=2725) to work on /home/airflow/.local/lib/python3.8/site-packages/airflow/example_dags/example_skip_dag.py
[2024-04-24T05:34:41.995+0000] {processor.py:830} INFO - Processing file /home/airflow/.local/lib/python3.8/site-packages/airflow/example_dags/example_skip_dag.py for tasks to queue
[2024-04-24T05:34:41.995+0000] {logging_mixin.py:188} INFO - [2024-04-24T05:34:41.995+0000] {dagbag.py:540} INFO - Filling up the DagBag from /home/airflow/.local/lib/python3.8/site-packages/airflow/example_dags/example_skip_dag.py
[2024-04-24T05:34:41.999+0000] {processor.py:840} INFO - DAG(s) 'example_skip_dag' retrieved from /home/airflow/.local/lib/python3.8/site-packages/airflow/example_dags/example_skip_dag.py
[2024-04-24T05:34:42.010+0000] {logging_mixin.py:188} INFO - [2024-04-24T05:34:42.010+0000] {dag.py:3047} INFO - Sync 1 DAGs
[2024-04-24T05:34:42.021+0000] {logging_mixin.py:188} INFO - [2024-04-24T05:34:42.021+0000] {dag.py:3834} INFO - Setting next_dagrun for example_skip_dag to 2024-04-23 00:00:00+00:00, run_after=2024-04-24 00:00:00+00:00
[2024-04-24T05:34:42.030+0000] {processor.py:183} INFO - Processing /home/airflow/.local/lib/python3.8/site-packages/airflow/example_dags/example_skip_dag.py took 0.038 seconds
[2024-04-24T05:35:12.731+0000] {processor.py:161} INFO - Started process (PID=2786) to work on /home/airflow/.local/lib/python3.8/site-packages/airflow/example_dags/example_skip_dag.py
[2024-04-24T05:35:12.731+0000] {processor.py:830} INFO - Processing file /home/airflow/.local/lib/python3.8/site-packages/airflow/example_dags/example_skip_dag.py for tasks to queue
[2024-04-24T05:35:12.732+0000] {logging_mixin.py:188} INFO - [2024-04-24T05:35:12.732+0000] {dagbag.py:540} INFO - Filling up the DagBag from /home/airflow/.local/lib/python3.8/site-packages/airflow/example_dags/example_skip_dag.py
[2024-04-24T05:35:12.736+0000] {processor.py:840} INFO - DAG(s) 'example_skip_dag' retrieved from /home/airflow/.local/lib/python3.8/site-packages/airflow/example_dags/example_skip_dag.py
[2024-04-24T05:35:12.747+0000] {logging_mixin.py:188} INFO - [2024-04-24T05:35:12.747+0000] {dag.py:3047} INFO - Sync 1 DAGs
[2024-04-24T05:35:12.758+0000] {logging_mixin.py:188} INFO - [2024-04-24T05:35:12.757+0000] {dag.py:3834} INFO - Setting next_dagrun for example_skip_dag to 2024-04-23 00:00:00+00:00, run_after=2024-04-24 00:00:00+00:00
[2024-04-24T05:35:12.767+0000] {processor.py:183} INFO - Processing /home/airflow/.local/lib/python3.8/site-packages/airflow/example_dags/example_skip_dag.py took 0.038 seconds
[2024-04-24T05:35:43.412+0000] {processor.py:161} INFO - Started process (PID=2841) to work on /home/airflow/.local/lib/python3.8/site-packages/airflow/example_dags/example_skip_dag.py
[2024-04-24T05:35:43.412+0000] {processor.py:830} INFO - Processing file /home/airflow/.local/lib/python3.8/site-packages/airflow/example_dags/example_skip_dag.py for tasks to queue
[2024-04-24T05:35:43.413+0000] {logging_mixin.py:188} INFO - [2024-04-24T05:35:43.413+0000] {dagbag.py:540} INFO - Filling up the DagBag from /home/airflow/.local/lib/python3.8/site-packages/airflow/example_dags/example_skip_dag.py
[2024-04-24T05:35:43.417+0000] {processor.py:840} INFO - DAG(s) 'example_skip_dag' retrieved from /home/airflow/.local/lib/python3.8/site-packages/airflow/example_dags/example_skip_dag.py
[2024-04-24T05:35:43.427+0000] {logging_mixin.py:188} INFO - [2024-04-24T05:35:43.427+0000] {dag.py:3047} INFO - Sync 1 DAGs
[2024-04-24T05:35:43.438+0000] {logging_mixin.py:188} INFO - [2024-04-24T05:35:43.438+0000] {dag.py:3834} INFO - Setting next_dagrun for example_skip_dag to 2024-04-23 00:00:00+00:00, run_after=2024-04-24 00:00:00+00:00
[2024-04-24T05:35:43.447+0000] {processor.py:183} INFO - Processing /home/airflow/.local/lib/python3.8/site-packages/airflow/example_dags/example_skip_dag.py took 0.037 seconds
[2024-04-24T05:36:13.938+0000] {processor.py:161} INFO - Started process (PID=2896) to work on /home/airflow/.local/lib/python3.8/site-packages/airflow/example_dags/example_skip_dag.py
[2024-04-24T05:36:13.938+0000] {processor.py:830} INFO - Processing file /home/airflow/.local/lib/python3.8/site-packages/airflow/example_dags/example_skip_dag.py for tasks to queue
[2024-04-24T05:36:13.939+0000] {logging_mixin.py:188} INFO - [2024-04-24T05:36:13.938+0000] {dagbag.py:540} INFO - Filling up the DagBag from /home/airflow/.local/lib/python3.8/site-packages/airflow/example_dags/example_skip_dag.py
[2024-04-24T05:36:13.943+0000] {processor.py:840} INFO - DAG(s) 'example_skip_dag' retrieved from /home/airflow/.local/lib/python3.8/site-packages/airflow/example_dags/example_skip_dag.py
[2024-04-24T05:36:13.953+0000] {logging_mixin.py:188} INFO - [2024-04-24T05:36:13.953+0000] {dag.py:3047} INFO - Sync 1 DAGs
[2024-04-24T05:36:13.964+0000] {logging_mixin.py:188} INFO - [2024-04-24T05:36:13.964+0000] {dag.py:3834} INFO - Setting next_dagrun for example_skip_dag to 2024-04-23 00:00:00+00:00, run_after=2024-04-24 00:00:00+00:00
[2024-04-24T05:36:13.973+0000] {processor.py:183} INFO - Processing /home/airflow/.local/lib/python3.8/site-packages/airflow/example_dags/example_skip_dag.py took 0.038 seconds
[2024-04-24T05:36:44.421+0000] {processor.py:161} INFO - Started process (PID=2951) to work on /home/airflow/.local/lib/python3.8/site-packages/airflow/example_dags/example_skip_dag.py
[2024-04-24T05:36:44.422+0000] {processor.py:830} INFO - Processing file /home/airflow/.local/lib/python3.8/site-packages/airflow/example_dags/example_skip_dag.py for tasks to queue
[2024-04-24T05:36:44.423+0000] {logging_mixin.py:188} INFO - [2024-04-24T05:36:44.422+0000] {dagbag.py:540} INFO - Filling up the DagBag from /home/airflow/.local/lib/python3.8/site-packages/airflow/example_dags/example_skip_dag.py
[2024-04-24T05:36:44.427+0000] {processor.py:840} INFO - DAG(s) 'example_skip_dag' retrieved from /home/airflow/.local/lib/python3.8/site-packages/airflow/example_dags/example_skip_dag.py
[2024-04-24T05:36:44.438+0000] {logging_mixin.py:188} INFO - [2024-04-24T05:36:44.438+0000] {dag.py:3047} INFO - Sync 1 DAGs
[2024-04-24T05:36:44.450+0000] {logging_mixin.py:188} INFO - [2024-04-24T05:36:44.450+0000] {dag.py:3834} INFO - Setting next_dagrun for example_skip_dag to 2024-04-23 00:00:00+00:00, run_after=2024-04-24 00:00:00+00:00
[2024-04-24T05:36:44.459+0000] {processor.py:183} INFO - Processing /home/airflow/.local/lib/python3.8/site-packages/airflow/example_dags/example_skip_dag.py took 0.039 seconds
[2024-04-24T05:37:14.999+0000] {processor.py:161} INFO - Started process (PID=3006) to work on /home/airflow/.local/lib/python3.8/site-packages/airflow/example_dags/example_skip_dag.py
[2024-04-24T05:37:15.000+0000] {processor.py:830} INFO - Processing file /home/airflow/.local/lib/python3.8/site-packages/airflow/example_dags/example_skip_dag.py for tasks to queue
[2024-04-24T05:37:15.000+0000] {logging_mixin.py:188} INFO - [2024-04-24T05:37:15.000+0000] {dagbag.py:540} INFO - Filling up the DagBag from /home/airflow/.local/lib/python3.8/site-packages/airflow/example_dags/example_skip_dag.py
[2024-04-24T05:37:15.004+0000] {processor.py:840} INFO - DAG(s) 'example_skip_dag' retrieved from /home/airflow/.local/lib/python3.8/site-packages/airflow/example_dags/example_skip_dag.py
[2024-04-24T05:37:15.016+0000] {logging_mixin.py:188} INFO - [2024-04-24T05:37:15.016+0000] {dag.py:3047} INFO - Sync 1 DAGs
[2024-04-24T05:37:15.027+0000] {logging_mixin.py:188} INFO - [2024-04-24T05:37:15.027+0000] {dag.py:3834} INFO - Setting next_dagrun for example_skip_dag to 2024-04-23 00:00:00+00:00, run_after=2024-04-24 00:00:00+00:00
[2024-04-24T05:37:15.036+0000] {processor.py:183} INFO - Processing /home/airflow/.local/lib/python3.8/site-packages/airflow/example_dags/example_skip_dag.py took 0.039 seconds
[2024-04-24T05:37:45.642+0000] {processor.py:161} INFO - Started process (PID=3061) to work on /home/airflow/.local/lib/python3.8/site-packages/airflow/example_dags/example_skip_dag.py
[2024-04-24T05:37:45.643+0000] {processor.py:830} INFO - Processing file /home/airflow/.local/lib/python3.8/site-packages/airflow/example_dags/example_skip_dag.py for tasks to queue
[2024-04-24T05:37:45.643+0000] {logging_mixin.py:188} INFO - [2024-04-24T05:37:45.643+0000] {dagbag.py:540} INFO - Filling up the DagBag from /home/airflow/.local/lib/python3.8/site-packages/airflow/example_dags/example_skip_dag.py
[2024-04-24T05:37:45.647+0000] {processor.py:840} INFO - DAG(s) 'example_skip_dag' retrieved from /home/airflow/.local/lib/python3.8/site-packages/airflow/example_dags/example_skip_dag.py
[2024-04-24T05:37:45.659+0000] {logging_mixin.py:188} INFO - [2024-04-24T05:37:45.659+0000] {dag.py:3047} INFO - Sync 1 DAGs
[2024-04-24T05:37:45.671+0000] {logging_mixin.py:188} INFO - [2024-04-24T05:37:45.671+0000] {dag.py:3834} INFO - Setting next_dagrun for example_skip_dag to 2024-04-23 00:00:00+00:00, run_after=2024-04-24 00:00:00+00:00
[2024-04-24T05:37:45.681+0000] {processor.py:183} INFO - Processing /home/airflow/.local/lib/python3.8/site-packages/airflow/example_dags/example_skip_dag.py took 0.040 seconds
[2024-04-24T05:38:16.131+0000] {processor.py:161} INFO - Started process (PID=3116) to work on /home/airflow/.local/lib/python3.8/site-packages/airflow/example_dags/example_skip_dag.py
[2024-04-24T05:38:16.132+0000] {processor.py:830} INFO - Processing file /home/airflow/.local/lib/python3.8/site-packages/airflow/example_dags/example_skip_dag.py for tasks to queue
[2024-04-24T05:38:16.132+0000] {logging_mixin.py:188} INFO - [2024-04-24T05:38:16.132+0000] {dagbag.py:540} INFO - Filling up the DagBag from /home/airflow/.local/lib/python3.8/site-packages/airflow/example_dags/example_skip_dag.py
[2024-04-24T05:38:16.136+0000] {processor.py:840} INFO - DAG(s) 'example_skip_dag' retrieved from /home/airflow/.local/lib/python3.8/site-packages/airflow/example_dags/example_skip_dag.py
[2024-04-24T05:38:16.147+0000] {logging_mixin.py:188} INFO - [2024-04-24T05:38:16.147+0000] {dag.py:3047} INFO - Sync 1 DAGs
[2024-04-24T05:38:16.158+0000] {logging_mixin.py:188} INFO - [2024-04-24T05:38:16.158+0000] {dag.py:3834} INFO - Setting next_dagrun for example_skip_dag to 2024-04-23 00:00:00+00:00, run_after=2024-04-24 00:00:00+00:00
[2024-04-24T05:38:16.167+0000] {processor.py:183} INFO - Processing /home/airflow/.local/lib/python3.8/site-packages/airflow/example_dags/example_skip_dag.py took 0.038 seconds
[2024-04-24T05:40:50.839+0000] {processor.py:161} INFO - Started process (PID=64) to work on /home/airflow/.local/lib/python3.8/site-packages/airflow/example_dags/example_skip_dag.py
[2024-04-24T05:40:50.839+0000] {processor.py:830} INFO - Processing file /home/airflow/.local/lib/python3.8/site-packages/airflow/example_dags/example_skip_dag.py for tasks to queue
[2024-04-24T05:40:50.840+0000] {logging_mixin.py:188} INFO - [2024-04-24T05:40:50.840+0000] {dagbag.py:540} INFO - Filling up the DagBag from /home/airflow/.local/lib/python3.8/site-packages/airflow/example_dags/example_skip_dag.py
[2024-04-24T05:40:50.846+0000] {processor.py:840} INFO - DAG(s) 'example_skip_dag' retrieved from /home/airflow/.local/lib/python3.8/site-packages/airflow/example_dags/example_skip_dag.py
[2024-04-24T05:40:50.852+0000] {logging_mixin.py:188} INFO - [2024-04-24T05:40:50.852+0000] {dag.py:3047} INFO - Sync 1 DAGs
[2024-04-24T05:40:50.865+0000] {logging_mixin.py:188} INFO - [2024-04-24T05:40:50.865+0000] {dag.py:3834} INFO - Setting next_dagrun for example_skip_dag to 2024-04-23 00:00:00+00:00, run_after=2024-04-24 00:00:00+00:00
[2024-04-24T05:40:50.876+0000] {processor.py:183} INFO - Processing /home/airflow/.local/lib/python3.8/site-packages/airflow/example_dags/example_skip_dag.py took 0.039 seconds
[2024-04-24T05:41:21.679+0000] {processor.py:161} INFO - Started process (PID=119) to work on /home/airflow/.local/lib/python3.8/site-packages/airflow/example_dags/example_skip_dag.py
[2024-04-24T05:41:21.680+0000] {processor.py:830} INFO - Processing file /home/airflow/.local/lib/python3.8/site-packages/airflow/example_dags/example_skip_dag.py for tasks to queue
[2024-04-24T05:41:21.681+0000] {logging_mixin.py:188} INFO - [2024-04-24T05:41:21.681+0000] {dagbag.py:540} INFO - Filling up the DagBag from /home/airflow/.local/lib/python3.8/site-packages/airflow/example_dags/example_skip_dag.py
[2024-04-24T05:41:21.684+0000] {processor.py:840} INFO - DAG(s) 'example_skip_dag' retrieved from /home/airflow/.local/lib/python3.8/site-packages/airflow/example_dags/example_skip_dag.py
[2024-04-24T05:41:21.737+0000] {logging_mixin.py:188} INFO - [2024-04-24T05:41:21.737+0000] {dag.py:3047} INFO - Sync 1 DAGs
[2024-04-24T05:41:21.748+0000] {logging_mixin.py:188} INFO - [2024-04-24T05:41:21.747+0000] {dag.py:3834} INFO - Setting next_dagrun for example_skip_dag to 2024-04-23 00:00:00+00:00, run_after=2024-04-24 00:00:00+00:00
[2024-04-24T05:41:21.758+0000] {processor.py:183} INFO - Processing /home/airflow/.local/lib/python3.8/site-packages/airflow/example_dags/example_skip_dag.py took 0.080 seconds
