[2024-04-24T05:11:16.074+0000] {processor.py:161} INFO - Started process (PID=86) to work on /home/airflow/.local/lib/python3.8/site-packages/airflow/example_dags/example_task_group_decorator.py
[2024-04-24T05:11:16.074+0000] {processor.py:830} INFO - Processing file /home/airflow/.local/lib/python3.8/site-packages/airflow/example_dags/example_task_group_decorator.py for tasks to queue
[2024-04-24T05:11:16.075+0000] {logging_mixin.py:188} INFO - [2024-04-24T05:11:16.075+0000] {dagbag.py:540} INFO - Filling up the DagBag from /home/airflow/.local/lib/python3.8/site-packages/airflow/example_dags/example_task_group_decorator.py
[2024-04-24T05:11:16.126+0000] {processor.py:840} INFO - DAG(s) 'example_task_group_decorator' retrieved from /home/airflow/.local/lib/python3.8/site-packages/airflow/example_dags/example_task_group_decorator.py
[2024-04-24T05:11:16.143+0000] {logging_mixin.py:188} INFO - [2024-04-24T05:11:16.143+0000] {dag.py:3047} INFO - Sync 1 DAGs
[2024-04-24T05:11:16.154+0000] {logging_mixin.py:188} INFO - [2024-04-24T05:11:16.154+0000] {dag.py:3834} INFO - Setting next_dagrun for example_task_group_decorator to 2024-04-23 00:00:00+00:00, run_after=2024-04-24 00:00:00+00:00
[2024-04-24T05:11:16.164+0000] {processor.py:183} INFO - Processing /home/airflow/.local/lib/python3.8/site-packages/airflow/example_dags/example_task_group_decorator.py took 0.093 seconds
[2024-04-24T05:11:46.689+0000] {processor.py:161} INFO - Started process (PID=144) to work on /home/airflow/.local/lib/python3.8/site-packages/airflow/example_dags/example_task_group_decorator.py
[2024-04-24T05:11:46.690+0000] {processor.py:830} INFO - Processing file /home/airflow/.local/lib/python3.8/site-packages/airflow/example_dags/example_task_group_decorator.py for tasks to queue
[2024-04-24T05:11:46.691+0000] {logging_mixin.py:188} INFO - [2024-04-24T05:11:46.691+0000] {dagbag.py:540} INFO - Filling up the DagBag from /home/airflow/.local/lib/python3.8/site-packages/airflow/example_dags/example_task_group_decorator.py
[2024-04-24T05:11:46.698+0000] {processor.py:840} INFO - DAG(s) 'example_task_group_decorator' retrieved from /home/airflow/.local/lib/python3.8/site-packages/airflow/example_dags/example_task_group_decorator.py
[2024-04-24T05:11:46.711+0000] {logging_mixin.py:188} INFO - [2024-04-24T05:11:46.710+0000] {dag.py:3047} INFO - Sync 1 DAGs
[2024-04-24T05:11:46.722+0000] {logging_mixin.py:188} INFO - [2024-04-24T05:11:46.722+0000] {dag.py:3834} INFO - Setting next_dagrun for example_task_group_decorator to 2024-04-23 00:00:00+00:00, run_after=2024-04-24 00:00:00+00:00
[2024-04-24T05:11:46.731+0000] {processor.py:183} INFO - Processing /home/airflow/.local/lib/python3.8/site-packages/airflow/example_dags/example_task_group_decorator.py took 0.044 seconds
[2024-04-24T05:12:17.301+0000] {processor.py:161} INFO - Started process (PID=202) to work on /home/airflow/.local/lib/python3.8/site-packages/airflow/example_dags/example_task_group_decorator.py
[2024-04-24T05:12:17.301+0000] {processor.py:830} INFO - Processing file /home/airflow/.local/lib/python3.8/site-packages/airflow/example_dags/example_task_group_decorator.py for tasks to queue
[2024-04-24T05:12:17.302+0000] {logging_mixin.py:188} INFO - [2024-04-24T05:12:17.302+0000] {dagbag.py:540} INFO - Filling up the DagBag from /home/airflow/.local/lib/python3.8/site-packages/airflow/example_dags/example_task_group_decorator.py
[2024-04-24T05:12:17.310+0000] {processor.py:840} INFO - DAG(s) 'example_task_group_decorator' retrieved from /home/airflow/.local/lib/python3.8/site-packages/airflow/example_dags/example_task_group_decorator.py
[2024-04-24T05:12:17.322+0000] {logging_mixin.py:188} INFO - [2024-04-24T05:12:17.322+0000] {dag.py:3047} INFO - Sync 1 DAGs
[2024-04-24T05:12:17.334+0000] {logging_mixin.py:188} INFO - [2024-04-24T05:12:17.333+0000] {dag.py:3834} INFO - Setting next_dagrun for example_task_group_decorator to 2024-04-23 00:00:00+00:00, run_after=2024-04-24 00:00:00+00:00
[2024-04-24T05:12:17.343+0000] {processor.py:183} INFO - Processing /home/airflow/.local/lib/python3.8/site-packages/airflow/example_dags/example_task_group_decorator.py took 0.044 seconds
[2024-04-24T05:12:48.013+0000] {processor.py:161} INFO - Started process (PID=260) to work on /home/airflow/.local/lib/python3.8/site-packages/airflow/example_dags/example_task_group_decorator.py
[2024-04-24T05:12:48.014+0000] {processor.py:830} INFO - Processing file /home/airflow/.local/lib/python3.8/site-packages/airflow/example_dags/example_task_group_decorator.py for tasks to queue
[2024-04-24T05:12:48.015+0000] {logging_mixin.py:188} INFO - [2024-04-24T05:12:48.015+0000] {dagbag.py:540} INFO - Filling up the DagBag from /home/airflow/.local/lib/python3.8/site-packages/airflow/example_dags/example_task_group_decorator.py
[2024-04-24T05:12:48.023+0000] {processor.py:840} INFO - DAG(s) 'example_task_group_decorator' retrieved from /home/airflow/.local/lib/python3.8/site-packages/airflow/example_dags/example_task_group_decorator.py
[2024-04-24T05:12:48.037+0000] {logging_mixin.py:188} INFO - [2024-04-24T05:12:48.036+0000] {dag.py:3047} INFO - Sync 1 DAGs
[2024-04-24T05:12:48.049+0000] {logging_mixin.py:188} INFO - [2024-04-24T05:12:48.049+0000] {dag.py:3834} INFO - Setting next_dagrun for example_task_group_decorator to 2024-04-23 00:00:00+00:00, run_after=2024-04-24 00:00:00+00:00
[2024-04-24T05:12:48.059+0000] {processor.py:183} INFO - Processing /home/airflow/.local/lib/python3.8/site-packages/airflow/example_dags/example_task_group_decorator.py took 0.048 seconds
[2024-04-24T05:13:18.655+0000] {processor.py:161} INFO - Started process (PID=318) to work on /home/airflow/.local/lib/python3.8/site-packages/airflow/example_dags/example_task_group_decorator.py
[2024-04-24T05:13:18.655+0000] {processor.py:830} INFO - Processing file /home/airflow/.local/lib/python3.8/site-packages/airflow/example_dags/example_task_group_decorator.py for tasks to queue
[2024-04-24T05:13:18.656+0000] {logging_mixin.py:188} INFO - [2024-04-24T05:13:18.656+0000] {dagbag.py:540} INFO - Filling up the DagBag from /home/airflow/.local/lib/python3.8/site-packages/airflow/example_dags/example_task_group_decorator.py
[2024-04-24T05:13:18.664+0000] {processor.py:840} INFO - DAG(s) 'example_task_group_decorator' retrieved from /home/airflow/.local/lib/python3.8/site-packages/airflow/example_dags/example_task_group_decorator.py
[2024-04-24T05:13:18.677+0000] {logging_mixin.py:188} INFO - [2024-04-24T05:13:18.677+0000] {dag.py:3047} INFO - Sync 1 DAGs
[2024-04-24T05:13:18.689+0000] {logging_mixin.py:188} INFO - [2024-04-24T05:13:18.689+0000] {dag.py:3834} INFO - Setting next_dagrun for example_task_group_decorator to 2024-04-23 00:00:00+00:00, run_after=2024-04-24 00:00:00+00:00
[2024-04-24T05:13:18.700+0000] {processor.py:183} INFO - Processing /home/airflow/.local/lib/python3.8/site-packages/airflow/example_dags/example_task_group_decorator.py took 0.048 seconds
[2024-04-24T05:13:49.434+0000] {processor.py:161} INFO - Started process (PID=376) to work on /home/airflow/.local/lib/python3.8/site-packages/airflow/example_dags/example_task_group_decorator.py
[2024-04-24T05:13:49.434+0000] {processor.py:830} INFO - Processing file /home/airflow/.local/lib/python3.8/site-packages/airflow/example_dags/example_task_group_decorator.py for tasks to queue
[2024-04-24T05:13:49.435+0000] {logging_mixin.py:188} INFO - [2024-04-24T05:13:49.435+0000] {dagbag.py:540} INFO - Filling up the DagBag from /home/airflow/.local/lib/python3.8/site-packages/airflow/example_dags/example_task_group_decorator.py
[2024-04-24T05:13:49.443+0000] {processor.py:840} INFO - DAG(s) 'example_task_group_decorator' retrieved from /home/airflow/.local/lib/python3.8/site-packages/airflow/example_dags/example_task_group_decorator.py
[2024-04-24T05:13:49.505+0000] {logging_mixin.py:188} INFO - [2024-04-24T05:13:49.505+0000] {dag.py:3047} INFO - Sync 1 DAGs
[2024-04-24T05:13:49.517+0000] {logging_mixin.py:188} INFO - [2024-04-24T05:13:49.516+0000] {dag.py:3834} INFO - Setting next_dagrun for example_task_group_decorator to 2024-04-23 00:00:00+00:00, run_after=2024-04-24 00:00:00+00:00
[2024-04-24T05:13:49.527+0000] {processor.py:183} INFO - Processing /home/airflow/.local/lib/python3.8/site-packages/airflow/example_dags/example_task_group_decorator.py took 0.096 seconds
[2024-04-24T05:14:20.054+0000] {processor.py:161} INFO - Started process (PID=434) to work on /home/airflow/.local/lib/python3.8/site-packages/airflow/example_dags/example_task_group_decorator.py
[2024-04-24T05:14:20.055+0000] {processor.py:830} INFO - Processing file /home/airflow/.local/lib/python3.8/site-packages/airflow/example_dags/example_task_group_decorator.py for tasks to queue
[2024-04-24T05:14:20.056+0000] {logging_mixin.py:188} INFO - [2024-04-24T05:14:20.056+0000] {dagbag.py:540} INFO - Filling up the DagBag from /home/airflow/.local/lib/python3.8/site-packages/airflow/example_dags/example_task_group_decorator.py
[2024-04-24T05:14:20.064+0000] {processor.py:840} INFO - DAG(s) 'example_task_group_decorator' retrieved from /home/airflow/.local/lib/python3.8/site-packages/airflow/example_dags/example_task_group_decorator.py
[2024-04-24T05:14:20.076+0000] {logging_mixin.py:188} INFO - [2024-04-24T05:14:20.076+0000] {dag.py:3047} INFO - Sync 1 DAGs
[2024-04-24T05:14:20.087+0000] {logging_mixin.py:188} INFO - [2024-04-24T05:14:20.087+0000] {dag.py:3834} INFO - Setting next_dagrun for example_task_group_decorator to 2024-04-23 00:00:00+00:00, run_after=2024-04-24 00:00:00+00:00
[2024-04-24T05:14:20.097+0000] {processor.py:183} INFO - Processing /home/airflow/.local/lib/python3.8/site-packages/airflow/example_dags/example_task_group_decorator.py took 0.044 seconds
[2024-04-24T05:14:50.721+0000] {processor.py:161} INFO - Started process (PID=492) to work on /home/airflow/.local/lib/python3.8/site-packages/airflow/example_dags/example_task_group_decorator.py
[2024-04-24T05:14:50.722+0000] {processor.py:830} INFO - Processing file /home/airflow/.local/lib/python3.8/site-packages/airflow/example_dags/example_task_group_decorator.py for tasks to queue
[2024-04-24T05:14:50.723+0000] {logging_mixin.py:188} INFO - [2024-04-24T05:14:50.723+0000] {dagbag.py:540} INFO - Filling up the DagBag from /home/airflow/.local/lib/python3.8/site-packages/airflow/example_dags/example_task_group_decorator.py
[2024-04-24T05:14:50.730+0000] {processor.py:840} INFO - DAG(s) 'example_task_group_decorator' retrieved from /home/airflow/.local/lib/python3.8/site-packages/airflow/example_dags/example_task_group_decorator.py
[2024-04-24T05:14:50.743+0000] {logging_mixin.py:188} INFO - [2024-04-24T05:14:50.743+0000] {dag.py:3047} INFO - Sync 1 DAGs
[2024-04-24T05:14:50.754+0000] {logging_mixin.py:188} INFO - [2024-04-24T05:14:50.754+0000] {dag.py:3834} INFO - Setting next_dagrun for example_task_group_decorator to 2024-04-23 00:00:00+00:00, run_after=2024-04-24 00:00:00+00:00
[2024-04-24T05:14:50.764+0000] {processor.py:183} INFO - Processing /home/airflow/.local/lib/python3.8/site-packages/airflow/example_dags/example_task_group_decorator.py took 0.044 seconds
[2024-04-24T05:15:21.249+0000] {processor.py:161} INFO - Started process (PID=551) to work on /home/airflow/.local/lib/python3.8/site-packages/airflow/example_dags/example_task_group_decorator.py
[2024-04-24T05:15:21.249+0000] {processor.py:830} INFO - Processing file /home/airflow/.local/lib/python3.8/site-packages/airflow/example_dags/example_task_group_decorator.py for tasks to queue
[2024-04-24T05:15:21.250+0000] {logging_mixin.py:188} INFO - [2024-04-24T05:15:21.250+0000] {dagbag.py:540} INFO - Filling up the DagBag from /home/airflow/.local/lib/python3.8/site-packages/airflow/example_dags/example_task_group_decorator.py
[2024-04-24T05:15:21.258+0000] {processor.py:840} INFO - DAG(s) 'example_task_group_decorator' retrieved from /home/airflow/.local/lib/python3.8/site-packages/airflow/example_dags/example_task_group_decorator.py
[2024-04-24T05:15:21.271+0000] {logging_mixin.py:188} INFO - [2024-04-24T05:15:21.270+0000] {dag.py:3047} INFO - Sync 1 DAGs
[2024-04-24T05:15:21.282+0000] {logging_mixin.py:188} INFO - [2024-04-24T05:15:21.282+0000] {dag.py:3834} INFO - Setting next_dagrun for example_task_group_decorator to 2024-04-23 00:00:00+00:00, run_after=2024-04-24 00:00:00+00:00
[2024-04-24T05:15:21.291+0000] {processor.py:183} INFO - Processing /home/airflow/.local/lib/python3.8/site-packages/airflow/example_dags/example_task_group_decorator.py took 0.044 seconds
[2024-04-24T05:15:51.734+0000] {processor.py:161} INFO - Started process (PID=609) to work on /home/airflow/.local/lib/python3.8/site-packages/airflow/example_dags/example_task_group_decorator.py
[2024-04-24T05:15:51.735+0000] {processor.py:830} INFO - Processing file /home/airflow/.local/lib/python3.8/site-packages/airflow/example_dags/example_task_group_decorator.py for tasks to queue
[2024-04-24T05:15:51.736+0000] {logging_mixin.py:188} INFO - [2024-04-24T05:15:51.736+0000] {dagbag.py:540} INFO - Filling up the DagBag from /home/airflow/.local/lib/python3.8/site-packages/airflow/example_dags/example_task_group_decorator.py
[2024-04-24T05:15:51.743+0000] {processor.py:840} INFO - DAG(s) 'example_task_group_decorator' retrieved from /home/airflow/.local/lib/python3.8/site-packages/airflow/example_dags/example_task_group_decorator.py
[2024-04-24T05:15:51.756+0000] {logging_mixin.py:188} INFO - [2024-04-24T05:15:51.756+0000] {dag.py:3047} INFO - Sync 1 DAGs
[2024-04-24T05:15:51.768+0000] {logging_mixin.py:188} INFO - [2024-04-24T05:15:51.767+0000] {dag.py:3834} INFO - Setting next_dagrun for example_task_group_decorator to 2024-04-23 00:00:00+00:00, run_after=2024-04-24 00:00:00+00:00
[2024-04-24T05:15:51.777+0000] {processor.py:183} INFO - Processing /home/airflow/.local/lib/python3.8/site-packages/airflow/example_dags/example_task_group_decorator.py took 0.045 seconds
[2024-04-24T05:16:22.269+0000] {processor.py:161} INFO - Started process (PID=667) to work on /home/airflow/.local/lib/python3.8/site-packages/airflow/example_dags/example_task_group_decorator.py
[2024-04-24T05:16:22.270+0000] {processor.py:830} INFO - Processing file /home/airflow/.local/lib/python3.8/site-packages/airflow/example_dags/example_task_group_decorator.py for tasks to queue
[2024-04-24T05:16:22.271+0000] {logging_mixin.py:188} INFO - [2024-04-24T05:16:22.271+0000] {dagbag.py:540} INFO - Filling up the DagBag from /home/airflow/.local/lib/python3.8/site-packages/airflow/example_dags/example_task_group_decorator.py
[2024-04-24T05:16:22.279+0000] {processor.py:840} INFO - DAG(s) 'example_task_group_decorator' retrieved from /home/airflow/.local/lib/python3.8/site-packages/airflow/example_dags/example_task_group_decorator.py
[2024-04-24T05:16:22.292+0000] {logging_mixin.py:188} INFO - [2024-04-24T05:16:22.292+0000] {dag.py:3047} INFO - Sync 1 DAGs
[2024-04-24T05:16:22.304+0000] {logging_mixin.py:188} INFO - [2024-04-24T05:16:22.303+0000] {dag.py:3834} INFO - Setting next_dagrun for example_task_group_decorator to 2024-04-23 00:00:00+00:00, run_after=2024-04-24 00:00:00+00:00
[2024-04-24T05:16:22.314+0000] {processor.py:183} INFO - Processing /home/airflow/.local/lib/python3.8/site-packages/airflow/example_dags/example_task_group_decorator.py took 0.047 seconds
[2024-04-24T05:16:52.813+0000] {processor.py:161} INFO - Started process (PID=725) to work on /home/airflow/.local/lib/python3.8/site-packages/airflow/example_dags/example_task_group_decorator.py
[2024-04-24T05:16:52.814+0000] {processor.py:830} INFO - Processing file /home/airflow/.local/lib/python3.8/site-packages/airflow/example_dags/example_task_group_decorator.py for tasks to queue
[2024-04-24T05:16:52.815+0000] {logging_mixin.py:188} INFO - [2024-04-24T05:16:52.815+0000] {dagbag.py:540} INFO - Filling up the DagBag from /home/airflow/.local/lib/python3.8/site-packages/airflow/example_dags/example_task_group_decorator.py
[2024-04-24T05:16:52.822+0000] {processor.py:840} INFO - DAG(s) 'example_task_group_decorator' retrieved from /home/airflow/.local/lib/python3.8/site-packages/airflow/example_dags/example_task_group_decorator.py
[2024-04-24T05:16:52.835+0000] {logging_mixin.py:188} INFO - [2024-04-24T05:16:52.835+0000] {dag.py:3047} INFO - Sync 1 DAGs
[2024-04-24T05:16:52.846+0000] {logging_mixin.py:188} INFO - [2024-04-24T05:16:52.846+0000] {dag.py:3834} INFO - Setting next_dagrun for example_task_group_decorator to 2024-04-23 00:00:00+00:00, run_after=2024-04-24 00:00:00+00:00
[2024-04-24T05:16:52.855+0000] {processor.py:183} INFO - Processing /home/airflow/.local/lib/python3.8/site-packages/airflow/example_dags/example_task_group_decorator.py took 0.044 seconds
[2024-04-24T05:17:23.341+0000] {processor.py:161} INFO - Started process (PID=783) to work on /home/airflow/.local/lib/python3.8/site-packages/airflow/example_dags/example_task_group_decorator.py
[2024-04-24T05:17:23.341+0000] {processor.py:830} INFO - Processing file /home/airflow/.local/lib/python3.8/site-packages/airflow/example_dags/example_task_group_decorator.py for tasks to queue
[2024-04-24T05:17:23.342+0000] {logging_mixin.py:188} INFO - [2024-04-24T05:17:23.342+0000] {dagbag.py:540} INFO - Filling up the DagBag from /home/airflow/.local/lib/python3.8/site-packages/airflow/example_dags/example_task_group_decorator.py
[2024-04-24T05:17:23.351+0000] {processor.py:840} INFO - DAG(s) 'example_task_group_decorator' retrieved from /home/airflow/.local/lib/python3.8/site-packages/airflow/example_dags/example_task_group_decorator.py
[2024-04-24T05:17:23.365+0000] {logging_mixin.py:188} INFO - [2024-04-24T05:17:23.365+0000] {dag.py:3047} INFO - Sync 1 DAGs
[2024-04-24T05:17:23.379+0000] {logging_mixin.py:188} INFO - [2024-04-24T05:17:23.379+0000] {dag.py:3834} INFO - Setting next_dagrun for example_task_group_decorator to 2024-04-23 00:00:00+00:00, run_after=2024-04-24 00:00:00+00:00
[2024-04-24T05:17:23.390+0000] {processor.py:183} INFO - Processing /home/airflow/.local/lib/python3.8/site-packages/airflow/example_dags/example_task_group_decorator.py took 0.051 seconds
[2024-04-24T05:17:53.948+0000] {processor.py:161} INFO - Started process (PID=841) to work on /home/airflow/.local/lib/python3.8/site-packages/airflow/example_dags/example_task_group_decorator.py
[2024-04-24T05:17:53.949+0000] {processor.py:830} INFO - Processing file /home/airflow/.local/lib/python3.8/site-packages/airflow/example_dags/example_task_group_decorator.py for tasks to queue
[2024-04-24T05:17:53.950+0000] {logging_mixin.py:188} INFO - [2024-04-24T05:17:53.950+0000] {dagbag.py:540} INFO - Filling up the DagBag from /home/airflow/.local/lib/python3.8/site-packages/airflow/example_dags/example_task_group_decorator.py
[2024-04-24T05:17:53.958+0000] {processor.py:840} INFO - DAG(s) 'example_task_group_decorator' retrieved from /home/airflow/.local/lib/python3.8/site-packages/airflow/example_dags/example_task_group_decorator.py
[2024-04-24T05:17:53.971+0000] {logging_mixin.py:188} INFO - [2024-04-24T05:17:53.971+0000] {dag.py:3047} INFO - Sync 1 DAGs
[2024-04-24T05:17:53.983+0000] {logging_mixin.py:188} INFO - [2024-04-24T05:17:53.983+0000] {dag.py:3834} INFO - Setting next_dagrun for example_task_group_decorator to 2024-04-23 00:00:00+00:00, run_after=2024-04-24 00:00:00+00:00
[2024-04-24T05:17:53.993+0000] {processor.py:183} INFO - Processing /home/airflow/.local/lib/python3.8/site-packages/airflow/example_dags/example_task_group_decorator.py took 0.046 seconds
[2024-04-24T05:18:24.724+0000] {processor.py:161} INFO - Started process (PID=899) to work on /home/airflow/.local/lib/python3.8/site-packages/airflow/example_dags/example_task_group_decorator.py
[2024-04-24T05:18:24.724+0000] {processor.py:830} INFO - Processing file /home/airflow/.local/lib/python3.8/site-packages/airflow/example_dags/example_task_group_decorator.py for tasks to queue
[2024-04-24T05:18:24.725+0000] {logging_mixin.py:188} INFO - [2024-04-24T05:18:24.725+0000] {dagbag.py:540} INFO - Filling up the DagBag from /home/airflow/.local/lib/python3.8/site-packages/airflow/example_dags/example_task_group_decorator.py
[2024-04-24T05:18:24.733+0000] {processor.py:840} INFO - DAG(s) 'example_task_group_decorator' retrieved from /home/airflow/.local/lib/python3.8/site-packages/airflow/example_dags/example_task_group_decorator.py
[2024-04-24T05:18:24.746+0000] {logging_mixin.py:188} INFO - [2024-04-24T05:18:24.746+0000] {dag.py:3047} INFO - Sync 1 DAGs
[2024-04-24T05:18:24.759+0000] {logging_mixin.py:188} INFO - [2024-04-24T05:18:24.759+0000] {dag.py:3834} INFO - Setting next_dagrun for example_task_group_decorator to 2024-04-23 00:00:00+00:00, run_after=2024-04-24 00:00:00+00:00
[2024-04-24T05:18:24.769+0000] {processor.py:183} INFO - Processing /home/airflow/.local/lib/python3.8/site-packages/airflow/example_dags/example_task_group_decorator.py took 0.047 seconds
[2024-04-24T05:18:55.227+0000] {processor.py:161} INFO - Started process (PID=957) to work on /home/airflow/.local/lib/python3.8/site-packages/airflow/example_dags/example_task_group_decorator.py
[2024-04-24T05:18:55.227+0000] {processor.py:830} INFO - Processing file /home/airflow/.local/lib/python3.8/site-packages/airflow/example_dags/example_task_group_decorator.py for tasks to queue
[2024-04-24T05:18:55.228+0000] {logging_mixin.py:188} INFO - [2024-04-24T05:18:55.228+0000] {dagbag.py:540} INFO - Filling up the DagBag from /home/airflow/.local/lib/python3.8/site-packages/airflow/example_dags/example_task_group_decorator.py
[2024-04-24T05:18:55.236+0000] {processor.py:840} INFO - DAG(s) 'example_task_group_decorator' retrieved from /home/airflow/.local/lib/python3.8/site-packages/airflow/example_dags/example_task_group_decorator.py
[2024-04-24T05:18:55.249+0000] {logging_mixin.py:188} INFO - [2024-04-24T05:18:55.248+0000] {dag.py:3047} INFO - Sync 1 DAGs
[2024-04-24T05:18:55.260+0000] {logging_mixin.py:188} INFO - [2024-04-24T05:18:55.260+0000] {dag.py:3834} INFO - Setting next_dagrun for example_task_group_decorator to 2024-04-23 00:00:00+00:00, run_after=2024-04-24 00:00:00+00:00
[2024-04-24T05:18:55.271+0000] {processor.py:183} INFO - Processing /home/airflow/.local/lib/python3.8/site-packages/airflow/example_dags/example_task_group_decorator.py took 0.046 seconds
[2024-04-24T05:19:25.857+0000] {processor.py:161} INFO - Started process (PID=1015) to work on /home/airflow/.local/lib/python3.8/site-packages/airflow/example_dags/example_task_group_decorator.py
[2024-04-24T05:19:25.857+0000] {processor.py:830} INFO - Processing file /home/airflow/.local/lib/python3.8/site-packages/airflow/example_dags/example_task_group_decorator.py for tasks to queue
[2024-04-24T05:19:25.858+0000] {logging_mixin.py:188} INFO - [2024-04-24T05:19:25.858+0000] {dagbag.py:540} INFO - Filling up the DagBag from /home/airflow/.local/lib/python3.8/site-packages/airflow/example_dags/example_task_group_decorator.py
[2024-04-24T05:19:25.866+0000] {processor.py:840} INFO - DAG(s) 'example_task_group_decorator' retrieved from /home/airflow/.local/lib/python3.8/site-packages/airflow/example_dags/example_task_group_decorator.py
[2024-04-24T05:19:25.878+0000] {logging_mixin.py:188} INFO - [2024-04-24T05:19:25.878+0000] {dag.py:3047} INFO - Sync 1 DAGs
[2024-04-24T05:19:25.889+0000] {logging_mixin.py:188} INFO - [2024-04-24T05:19:25.889+0000] {dag.py:3834} INFO - Setting next_dagrun for example_task_group_decorator to 2024-04-23 00:00:00+00:00, run_after=2024-04-24 00:00:00+00:00
[2024-04-24T05:19:25.899+0000] {processor.py:183} INFO - Processing /home/airflow/.local/lib/python3.8/site-packages/airflow/example_dags/example_task_group_decorator.py took 0.044 seconds
[2024-04-24T05:19:56.359+0000] {processor.py:161} INFO - Started process (PID=1073) to work on /home/airflow/.local/lib/python3.8/site-packages/airflow/example_dags/example_task_group_decorator.py
[2024-04-24T05:19:56.359+0000] {processor.py:830} INFO - Processing file /home/airflow/.local/lib/python3.8/site-packages/airflow/example_dags/example_task_group_decorator.py for tasks to queue
[2024-04-24T05:19:56.360+0000] {logging_mixin.py:188} INFO - [2024-04-24T05:19:56.360+0000] {dagbag.py:540} INFO - Filling up the DagBag from /home/airflow/.local/lib/python3.8/site-packages/airflow/example_dags/example_task_group_decorator.py
[2024-04-24T05:19:56.368+0000] {processor.py:840} INFO - DAG(s) 'example_task_group_decorator' retrieved from /home/airflow/.local/lib/python3.8/site-packages/airflow/example_dags/example_task_group_decorator.py
[2024-04-24T05:19:56.381+0000] {logging_mixin.py:188} INFO - [2024-04-24T05:19:56.380+0000] {dag.py:3047} INFO - Sync 1 DAGs
[2024-04-24T05:19:56.392+0000] {logging_mixin.py:188} INFO - [2024-04-24T05:19:56.392+0000] {dag.py:3834} INFO - Setting next_dagrun for example_task_group_decorator to 2024-04-23 00:00:00+00:00, run_after=2024-04-24 00:00:00+00:00
[2024-04-24T05:19:56.402+0000] {processor.py:183} INFO - Processing /home/airflow/.local/lib/python3.8/site-packages/airflow/example_dags/example_task_group_decorator.py took 0.045 seconds
[2024-04-24T05:20:26.961+0000] {processor.py:161} INFO - Started process (PID=1131) to work on /home/airflow/.local/lib/python3.8/site-packages/airflow/example_dags/example_task_group_decorator.py
[2024-04-24T05:20:26.962+0000] {processor.py:830} INFO - Processing file /home/airflow/.local/lib/python3.8/site-packages/airflow/example_dags/example_task_group_decorator.py for tasks to queue
[2024-04-24T05:20:26.963+0000] {logging_mixin.py:188} INFO - [2024-04-24T05:20:26.962+0000] {dagbag.py:540} INFO - Filling up the DagBag from /home/airflow/.local/lib/python3.8/site-packages/airflow/example_dags/example_task_group_decorator.py
[2024-04-24T05:20:26.970+0000] {processor.py:840} INFO - DAG(s) 'example_task_group_decorator' retrieved from /home/airflow/.local/lib/python3.8/site-packages/airflow/example_dags/example_task_group_decorator.py
[2024-04-24T05:20:26.982+0000] {logging_mixin.py:188} INFO - [2024-04-24T05:20:26.982+0000] {dag.py:3047} INFO - Sync 1 DAGs
[2024-04-24T05:20:26.993+0000] {logging_mixin.py:188} INFO - [2024-04-24T05:20:26.993+0000] {dag.py:3834} INFO - Setting next_dagrun for example_task_group_decorator to 2024-04-23 00:00:00+00:00, run_after=2024-04-24 00:00:00+00:00
[2024-04-24T05:20:27.003+0000] {processor.py:183} INFO - Processing /home/airflow/.local/lib/python3.8/site-packages/airflow/example_dags/example_task_group_decorator.py took 0.044 seconds
[2024-04-24T05:20:57.459+0000] {processor.py:161} INFO - Started process (PID=1189) to work on /home/airflow/.local/lib/python3.8/site-packages/airflow/example_dags/example_task_group_decorator.py
[2024-04-24T05:20:57.460+0000] {processor.py:830} INFO - Processing file /home/airflow/.local/lib/python3.8/site-packages/airflow/example_dags/example_task_group_decorator.py for tasks to queue
[2024-04-24T05:20:57.461+0000] {logging_mixin.py:188} INFO - [2024-04-24T05:20:57.461+0000] {dagbag.py:540} INFO - Filling up the DagBag from /home/airflow/.local/lib/python3.8/site-packages/airflow/example_dags/example_task_group_decorator.py
[2024-04-24T05:20:57.468+0000] {processor.py:840} INFO - DAG(s) 'example_task_group_decorator' retrieved from /home/airflow/.local/lib/python3.8/site-packages/airflow/example_dags/example_task_group_decorator.py
[2024-04-24T05:20:57.481+0000] {logging_mixin.py:188} INFO - [2024-04-24T05:20:57.480+0000] {dag.py:3047} INFO - Sync 1 DAGs
[2024-04-24T05:20:57.492+0000] {logging_mixin.py:188} INFO - [2024-04-24T05:20:57.492+0000] {dag.py:3834} INFO - Setting next_dagrun for example_task_group_decorator to 2024-04-23 00:00:00+00:00, run_after=2024-04-24 00:00:00+00:00
[2024-04-24T05:20:57.502+0000] {processor.py:183} INFO - Processing /home/airflow/.local/lib/python3.8/site-packages/airflow/example_dags/example_task_group_decorator.py took 0.044 seconds
[2024-04-24T05:21:27.980+0000] {processor.py:161} INFO - Started process (PID=1247) to work on /home/airflow/.local/lib/python3.8/site-packages/airflow/example_dags/example_task_group_decorator.py
[2024-04-24T05:21:27.980+0000] {processor.py:830} INFO - Processing file /home/airflow/.local/lib/python3.8/site-packages/airflow/example_dags/example_task_group_decorator.py for tasks to queue
[2024-04-24T05:21:27.981+0000] {logging_mixin.py:188} INFO - [2024-04-24T05:21:27.981+0000] {dagbag.py:540} INFO - Filling up the DagBag from /home/airflow/.local/lib/python3.8/site-packages/airflow/example_dags/example_task_group_decorator.py
[2024-04-24T05:21:27.989+0000] {processor.py:840} INFO - DAG(s) 'example_task_group_decorator' retrieved from /home/airflow/.local/lib/python3.8/site-packages/airflow/example_dags/example_task_group_decorator.py
[2024-04-24T05:21:28.001+0000] {logging_mixin.py:188} INFO - [2024-04-24T05:21:28.001+0000] {dag.py:3047} INFO - Sync 1 DAGs
[2024-04-24T05:21:28.012+0000] {logging_mixin.py:188} INFO - [2024-04-24T05:21:28.012+0000] {dag.py:3834} INFO - Setting next_dagrun for example_task_group_decorator to 2024-04-23 00:00:00+00:00, run_after=2024-04-24 00:00:00+00:00
[2024-04-24T05:21:28.021+0000] {processor.py:183} INFO - Processing /home/airflow/.local/lib/python3.8/site-packages/airflow/example_dags/example_task_group_decorator.py took 0.044 seconds
[2024-04-24T05:21:58.457+0000] {processor.py:161} INFO - Started process (PID=1305) to work on /home/airflow/.local/lib/python3.8/site-packages/airflow/example_dags/example_task_group_decorator.py
[2024-04-24T05:21:58.458+0000] {processor.py:830} INFO - Processing file /home/airflow/.local/lib/python3.8/site-packages/airflow/example_dags/example_task_group_decorator.py for tasks to queue
[2024-04-24T05:21:58.459+0000] {logging_mixin.py:188} INFO - [2024-04-24T05:21:58.459+0000] {dagbag.py:540} INFO - Filling up the DagBag from /home/airflow/.local/lib/python3.8/site-packages/airflow/example_dags/example_task_group_decorator.py
[2024-04-24T05:21:58.466+0000] {processor.py:840} INFO - DAG(s) 'example_task_group_decorator' retrieved from /home/airflow/.local/lib/python3.8/site-packages/airflow/example_dags/example_task_group_decorator.py
[2024-04-24T05:21:58.478+0000] {logging_mixin.py:188} INFO - [2024-04-24T05:21:58.478+0000] {dag.py:3047} INFO - Sync 1 DAGs
[2024-04-24T05:21:58.489+0000] {logging_mixin.py:188} INFO - [2024-04-24T05:21:58.489+0000] {dag.py:3834} INFO - Setting next_dagrun for example_task_group_decorator to 2024-04-23 00:00:00+00:00, run_after=2024-04-24 00:00:00+00:00
[2024-04-24T05:21:58.499+0000] {processor.py:183} INFO - Processing /home/airflow/.local/lib/python3.8/site-packages/airflow/example_dags/example_task_group_decorator.py took 0.043 seconds
[2024-04-24T05:22:28.982+0000] {processor.py:161} INFO - Started process (PID=1363) to work on /home/airflow/.local/lib/python3.8/site-packages/airflow/example_dags/example_task_group_decorator.py
[2024-04-24T05:22:28.983+0000] {processor.py:830} INFO - Processing file /home/airflow/.local/lib/python3.8/site-packages/airflow/example_dags/example_task_group_decorator.py for tasks to queue
[2024-04-24T05:22:28.984+0000] {logging_mixin.py:188} INFO - [2024-04-24T05:22:28.983+0000] {dagbag.py:540} INFO - Filling up the DagBag from /home/airflow/.local/lib/python3.8/site-packages/airflow/example_dags/example_task_group_decorator.py
[2024-04-24T05:22:28.991+0000] {processor.py:840} INFO - DAG(s) 'example_task_group_decorator' retrieved from /home/airflow/.local/lib/python3.8/site-packages/airflow/example_dags/example_task_group_decorator.py
[2024-04-24T05:22:29.003+0000] {logging_mixin.py:188} INFO - [2024-04-24T05:22:29.003+0000] {dag.py:3047} INFO - Sync 1 DAGs
[2024-04-24T05:22:29.014+0000] {logging_mixin.py:188} INFO - [2024-04-24T05:22:29.014+0000] {dag.py:3834} INFO - Setting next_dagrun for example_task_group_decorator to 2024-04-23 00:00:00+00:00, run_after=2024-04-24 00:00:00+00:00
[2024-04-24T05:22:29.023+0000] {processor.py:183} INFO - Processing /home/airflow/.local/lib/python3.8/site-packages/airflow/example_dags/example_task_group_decorator.py took 0.043 seconds
[2024-04-24T05:22:59.491+0000] {processor.py:161} INFO - Started process (PID=1421) to work on /home/airflow/.local/lib/python3.8/site-packages/airflow/example_dags/example_task_group_decorator.py
[2024-04-24T05:22:59.491+0000] {processor.py:830} INFO - Processing file /home/airflow/.local/lib/python3.8/site-packages/airflow/example_dags/example_task_group_decorator.py for tasks to queue
[2024-04-24T05:22:59.492+0000] {logging_mixin.py:188} INFO - [2024-04-24T05:22:59.492+0000] {dagbag.py:540} INFO - Filling up the DagBag from /home/airflow/.local/lib/python3.8/site-packages/airflow/example_dags/example_task_group_decorator.py
[2024-04-24T05:22:59.500+0000] {processor.py:840} INFO - DAG(s) 'example_task_group_decorator' retrieved from /home/airflow/.local/lib/python3.8/site-packages/airflow/example_dags/example_task_group_decorator.py
[2024-04-24T05:22:59.512+0000] {logging_mixin.py:188} INFO - [2024-04-24T05:22:59.512+0000] {dag.py:3047} INFO - Sync 1 DAGs
[2024-04-24T05:22:59.524+0000] {logging_mixin.py:188} INFO - [2024-04-24T05:22:59.523+0000] {dag.py:3834} INFO - Setting next_dagrun for example_task_group_decorator to 2024-04-23 00:00:00+00:00, run_after=2024-04-24 00:00:00+00:00
[2024-04-24T05:22:59.533+0000] {processor.py:183} INFO - Processing /home/airflow/.local/lib/python3.8/site-packages/airflow/example_dags/example_task_group_decorator.py took 0.044 seconds
[2024-04-24T05:23:30.011+0000] {processor.py:161} INFO - Started process (PID=1479) to work on /home/airflow/.local/lib/python3.8/site-packages/airflow/example_dags/example_task_group_decorator.py
[2024-04-24T05:23:30.012+0000] {processor.py:830} INFO - Processing file /home/airflow/.local/lib/python3.8/site-packages/airflow/example_dags/example_task_group_decorator.py for tasks to queue
[2024-04-24T05:23:30.013+0000] {logging_mixin.py:188} INFO - [2024-04-24T05:23:30.013+0000] {dagbag.py:540} INFO - Filling up the DagBag from /home/airflow/.local/lib/python3.8/site-packages/airflow/example_dags/example_task_group_decorator.py
[2024-04-24T05:23:30.020+0000] {processor.py:840} INFO - DAG(s) 'example_task_group_decorator' retrieved from /home/airflow/.local/lib/python3.8/site-packages/airflow/example_dags/example_task_group_decorator.py
[2024-04-24T05:23:30.032+0000] {logging_mixin.py:188} INFO - [2024-04-24T05:23:30.032+0000] {dag.py:3047} INFO - Sync 1 DAGs
[2024-04-24T05:23:30.043+0000] {logging_mixin.py:188} INFO - [2024-04-24T05:23:30.043+0000] {dag.py:3834} INFO - Setting next_dagrun for example_task_group_decorator to 2024-04-23 00:00:00+00:00, run_after=2024-04-24 00:00:00+00:00
[2024-04-24T05:23:30.053+0000] {processor.py:183} INFO - Processing /home/airflow/.local/lib/python3.8/site-packages/airflow/example_dags/example_task_group_decorator.py took 0.044 seconds
[2024-04-24T05:24:00.510+0000] {processor.py:161} INFO - Started process (PID=1537) to work on /home/airflow/.local/lib/python3.8/site-packages/airflow/example_dags/example_task_group_decorator.py
[2024-04-24T05:24:00.511+0000] {processor.py:830} INFO - Processing file /home/airflow/.local/lib/python3.8/site-packages/airflow/example_dags/example_task_group_decorator.py for tasks to queue
[2024-04-24T05:24:00.512+0000] {logging_mixin.py:188} INFO - [2024-04-24T05:24:00.511+0000] {dagbag.py:540} INFO - Filling up the DagBag from /home/airflow/.local/lib/python3.8/site-packages/airflow/example_dags/example_task_group_decorator.py
[2024-04-24T05:24:00.519+0000] {processor.py:840} INFO - DAG(s) 'example_task_group_decorator' retrieved from /home/airflow/.local/lib/python3.8/site-packages/airflow/example_dags/example_task_group_decorator.py
[2024-04-24T05:24:00.532+0000] {logging_mixin.py:188} INFO - [2024-04-24T05:24:00.531+0000] {dag.py:3047} INFO - Sync 1 DAGs
[2024-04-24T05:24:00.543+0000] {logging_mixin.py:188} INFO - [2024-04-24T05:24:00.543+0000] {dag.py:3834} INFO - Setting next_dagrun for example_task_group_decorator to 2024-04-23 00:00:00+00:00, run_after=2024-04-24 00:00:00+00:00
[2024-04-24T05:24:00.553+0000] {processor.py:183} INFO - Processing /home/airflow/.local/lib/python3.8/site-packages/airflow/example_dags/example_task_group_decorator.py took 0.045 seconds
[2024-04-24T05:24:30.977+0000] {processor.py:161} INFO - Started process (PID=1595) to work on /home/airflow/.local/lib/python3.8/site-packages/airflow/example_dags/example_task_group_decorator.py
[2024-04-24T05:24:30.978+0000] {processor.py:830} INFO - Processing file /home/airflow/.local/lib/python3.8/site-packages/airflow/example_dags/example_task_group_decorator.py for tasks to queue
[2024-04-24T05:24:30.979+0000] {logging_mixin.py:188} INFO - [2024-04-24T05:24:30.979+0000] {dagbag.py:540} INFO - Filling up the DagBag from /home/airflow/.local/lib/python3.8/site-packages/airflow/example_dags/example_task_group_decorator.py
[2024-04-24T05:24:30.987+0000] {processor.py:840} INFO - DAG(s) 'example_task_group_decorator' retrieved from /home/airflow/.local/lib/python3.8/site-packages/airflow/example_dags/example_task_group_decorator.py
[2024-04-24T05:24:30.999+0000] {logging_mixin.py:188} INFO - [2024-04-24T05:24:30.999+0000] {dag.py:3047} INFO - Sync 1 DAGs
[2024-04-24T05:24:31.010+0000] {logging_mixin.py:188} INFO - [2024-04-24T05:24:31.010+0000] {dag.py:3834} INFO - Setting next_dagrun for example_task_group_decorator to 2024-04-23 00:00:00+00:00, run_after=2024-04-24 00:00:00+00:00
[2024-04-24T05:24:31.019+0000] {processor.py:183} INFO - Processing /home/airflow/.local/lib/python3.8/site-packages/airflow/example_dags/example_task_group_decorator.py took 0.044 seconds
[2024-04-24T05:25:01.439+0000] {processor.py:161} INFO - Started process (PID=1653) to work on /home/airflow/.local/lib/python3.8/site-packages/airflow/example_dags/example_task_group_decorator.py
[2024-04-24T05:25:01.439+0000] {processor.py:830} INFO - Processing file /home/airflow/.local/lib/python3.8/site-packages/airflow/example_dags/example_task_group_decorator.py for tasks to queue
[2024-04-24T05:25:01.440+0000] {logging_mixin.py:188} INFO - [2024-04-24T05:25:01.440+0000] {dagbag.py:540} INFO - Filling up the DagBag from /home/airflow/.local/lib/python3.8/site-packages/airflow/example_dags/example_task_group_decorator.py
[2024-04-24T05:25:01.448+0000] {processor.py:840} INFO - DAG(s) 'example_task_group_decorator' retrieved from /home/airflow/.local/lib/python3.8/site-packages/airflow/example_dags/example_task_group_decorator.py
[2024-04-24T05:25:01.460+0000] {logging_mixin.py:188} INFO - [2024-04-24T05:25:01.460+0000] {dag.py:3047} INFO - Sync 1 DAGs
[2024-04-24T05:25:01.471+0000] {logging_mixin.py:188} INFO - [2024-04-24T05:25:01.471+0000] {dag.py:3834} INFO - Setting next_dagrun for example_task_group_decorator to 2024-04-23 00:00:00+00:00, run_after=2024-04-24 00:00:00+00:00
[2024-04-24T05:25:01.481+0000] {processor.py:183} INFO - Processing /home/airflow/.local/lib/python3.8/site-packages/airflow/example_dags/example_task_group_decorator.py took 0.044 seconds
[2024-04-24T05:25:31.882+0000] {processor.py:161} INFO - Started process (PID=1711) to work on /home/airflow/.local/lib/python3.8/site-packages/airflow/example_dags/example_task_group_decorator.py
[2024-04-24T05:25:31.883+0000] {processor.py:830} INFO - Processing file /home/airflow/.local/lib/python3.8/site-packages/airflow/example_dags/example_task_group_decorator.py for tasks to queue
[2024-04-24T05:25:31.884+0000] {logging_mixin.py:188} INFO - [2024-04-24T05:25:31.884+0000] {dagbag.py:540} INFO - Filling up the DagBag from /home/airflow/.local/lib/python3.8/site-packages/airflow/example_dags/example_task_group_decorator.py
[2024-04-24T05:25:31.891+0000] {processor.py:840} INFO - DAG(s) 'example_task_group_decorator' retrieved from /home/airflow/.local/lib/python3.8/site-packages/airflow/example_dags/example_task_group_decorator.py
[2024-04-24T05:25:31.904+0000] {logging_mixin.py:188} INFO - [2024-04-24T05:25:31.904+0000] {dag.py:3047} INFO - Sync 1 DAGs
[2024-04-24T05:25:31.916+0000] {logging_mixin.py:188} INFO - [2024-04-24T05:25:31.915+0000] {dag.py:3834} INFO - Setting next_dagrun for example_task_group_decorator to 2024-04-23 00:00:00+00:00, run_after=2024-04-24 00:00:00+00:00
[2024-04-24T05:25:31.925+0000] {processor.py:183} INFO - Processing /home/airflow/.local/lib/python3.8/site-packages/airflow/example_dags/example_task_group_decorator.py took 0.045 seconds
[2024-04-24T05:26:02.673+0000] {processor.py:161} INFO - Started process (PID=1769) to work on /home/airflow/.local/lib/python3.8/site-packages/airflow/example_dags/example_task_group_decorator.py
[2024-04-24T05:26:02.674+0000] {processor.py:830} INFO - Processing file /home/airflow/.local/lib/python3.8/site-packages/airflow/example_dags/example_task_group_decorator.py for tasks to queue
[2024-04-24T05:26:02.675+0000] {logging_mixin.py:188} INFO - [2024-04-24T05:26:02.675+0000] {dagbag.py:540} INFO - Filling up the DagBag from /home/airflow/.local/lib/python3.8/site-packages/airflow/example_dags/example_task_group_decorator.py
[2024-04-24T05:26:02.682+0000] {processor.py:840} INFO - DAG(s) 'example_task_group_decorator' retrieved from /home/airflow/.local/lib/python3.8/site-packages/airflow/example_dags/example_task_group_decorator.py
[2024-04-24T05:26:02.695+0000] {logging_mixin.py:188} INFO - [2024-04-24T05:26:02.695+0000] {dag.py:3047} INFO - Sync 1 DAGs
[2024-04-24T05:26:02.706+0000] {logging_mixin.py:188} INFO - [2024-04-24T05:26:02.706+0000] {dag.py:3834} INFO - Setting next_dagrun for example_task_group_decorator to 2024-04-23 00:00:00+00:00, run_after=2024-04-24 00:00:00+00:00
[2024-04-24T05:26:02.716+0000] {processor.py:183} INFO - Processing /home/airflow/.local/lib/python3.8/site-packages/airflow/example_dags/example_task_group_decorator.py took 0.045 seconds
[2024-04-24T05:26:33.173+0000] {processor.py:161} INFO - Started process (PID=1827) to work on /home/airflow/.local/lib/python3.8/site-packages/airflow/example_dags/example_task_group_decorator.py
[2024-04-24T05:26:33.174+0000] {processor.py:830} INFO - Processing file /home/airflow/.local/lib/python3.8/site-packages/airflow/example_dags/example_task_group_decorator.py for tasks to queue
[2024-04-24T05:26:33.175+0000] {logging_mixin.py:188} INFO - [2024-04-24T05:26:33.175+0000] {dagbag.py:540} INFO - Filling up the DagBag from /home/airflow/.local/lib/python3.8/site-packages/airflow/example_dags/example_task_group_decorator.py
[2024-04-24T05:26:33.182+0000] {processor.py:840} INFO - DAG(s) 'example_task_group_decorator' retrieved from /home/airflow/.local/lib/python3.8/site-packages/airflow/example_dags/example_task_group_decorator.py
[2024-04-24T05:26:33.194+0000] {logging_mixin.py:188} INFO - [2024-04-24T05:26:33.194+0000] {dag.py:3047} INFO - Sync 1 DAGs
[2024-04-24T05:26:33.205+0000] {logging_mixin.py:188} INFO - [2024-04-24T05:26:33.205+0000] {dag.py:3834} INFO - Setting next_dagrun for example_task_group_decorator to 2024-04-23 00:00:00+00:00, run_after=2024-04-24 00:00:00+00:00
[2024-04-24T05:26:33.215+0000] {processor.py:183} INFO - Processing /home/airflow/.local/lib/python3.8/site-packages/airflow/example_dags/example_task_group_decorator.py took 0.044 seconds
[2024-04-24T05:27:03.978+0000] {processor.py:161} INFO - Started process (PID=1885) to work on /home/airflow/.local/lib/python3.8/site-packages/airflow/example_dags/example_task_group_decorator.py
[2024-04-24T05:27:03.979+0000] {processor.py:830} INFO - Processing file /home/airflow/.local/lib/python3.8/site-packages/airflow/example_dags/example_task_group_decorator.py for tasks to queue
[2024-04-24T05:27:03.980+0000] {logging_mixin.py:188} INFO - [2024-04-24T05:27:03.980+0000] {dagbag.py:540} INFO - Filling up the DagBag from /home/airflow/.local/lib/python3.8/site-packages/airflow/example_dags/example_task_group_decorator.py
[2024-04-24T05:27:03.987+0000] {processor.py:840} INFO - DAG(s) 'example_task_group_decorator' retrieved from /home/airflow/.local/lib/python3.8/site-packages/airflow/example_dags/example_task_group_decorator.py
[2024-04-24T05:27:04.001+0000] {logging_mixin.py:188} INFO - [2024-04-24T05:27:04.001+0000] {dag.py:3047} INFO - Sync 1 DAGs
[2024-04-24T05:27:04.012+0000] {logging_mixin.py:188} INFO - [2024-04-24T05:27:04.012+0000] {dag.py:3834} INFO - Setting next_dagrun for example_task_group_decorator to 2024-04-23 00:00:00+00:00, run_after=2024-04-24 00:00:00+00:00
[2024-04-24T05:27:04.022+0000] {processor.py:183} INFO - Processing /home/airflow/.local/lib/python3.8/site-packages/airflow/example_dags/example_task_group_decorator.py took 0.045 seconds
[2024-04-24T05:27:34.516+0000] {processor.py:161} INFO - Started process (PID=1943) to work on /home/airflow/.local/lib/python3.8/site-packages/airflow/example_dags/example_task_group_decorator.py
[2024-04-24T05:27:34.516+0000] {processor.py:830} INFO - Processing file /home/airflow/.local/lib/python3.8/site-packages/airflow/example_dags/example_task_group_decorator.py for tasks to queue
[2024-04-24T05:27:34.517+0000] {logging_mixin.py:188} INFO - [2024-04-24T05:27:34.517+0000] {dagbag.py:540} INFO - Filling up the DagBag from /home/airflow/.local/lib/python3.8/site-packages/airflow/example_dags/example_task_group_decorator.py
[2024-04-24T05:27:34.525+0000] {processor.py:840} INFO - DAG(s) 'example_task_group_decorator' retrieved from /home/airflow/.local/lib/python3.8/site-packages/airflow/example_dags/example_task_group_decorator.py
[2024-04-24T05:27:34.537+0000] {logging_mixin.py:188} INFO - [2024-04-24T05:27:34.537+0000] {dag.py:3047} INFO - Sync 1 DAGs
[2024-04-24T05:27:34.548+0000] {logging_mixin.py:188} INFO - [2024-04-24T05:27:34.548+0000] {dag.py:3834} INFO - Setting next_dagrun for example_task_group_decorator to 2024-04-23 00:00:00+00:00, run_after=2024-04-24 00:00:00+00:00
[2024-04-24T05:27:34.558+0000] {processor.py:183} INFO - Processing /home/airflow/.local/lib/python3.8/site-packages/airflow/example_dags/example_task_group_decorator.py took 0.044 seconds
[2024-04-24T05:28:05.258+0000] {processor.py:161} INFO - Started process (PID=2001) to work on /home/airflow/.local/lib/python3.8/site-packages/airflow/example_dags/example_task_group_decorator.py
[2024-04-24T05:28:05.259+0000] {processor.py:830} INFO - Processing file /home/airflow/.local/lib/python3.8/site-packages/airflow/example_dags/example_task_group_decorator.py for tasks to queue
[2024-04-24T05:28:05.260+0000] {logging_mixin.py:188} INFO - [2024-04-24T05:28:05.260+0000] {dagbag.py:540} INFO - Filling up the DagBag from /home/airflow/.local/lib/python3.8/site-packages/airflow/example_dags/example_task_group_decorator.py
[2024-04-24T05:28:05.268+0000] {processor.py:840} INFO - DAG(s) 'example_task_group_decorator' retrieved from /home/airflow/.local/lib/python3.8/site-packages/airflow/example_dags/example_task_group_decorator.py
[2024-04-24T05:28:05.283+0000] {logging_mixin.py:188} INFO - [2024-04-24T05:28:05.283+0000] {dag.py:3047} INFO - Sync 1 DAGs
[2024-04-24T05:28:05.296+0000] {logging_mixin.py:188} INFO - [2024-04-24T05:28:05.296+0000] {dag.py:3834} INFO - Setting next_dagrun for example_task_group_decorator to 2024-04-23 00:00:00+00:00, run_after=2024-04-24 00:00:00+00:00
[2024-04-24T05:28:05.307+0000] {processor.py:183} INFO - Processing /home/airflow/.local/lib/python3.8/site-packages/airflow/example_dags/example_task_group_decorator.py took 0.051 seconds
[2024-04-24T05:28:35.977+0000] {processor.py:161} INFO - Started process (PID=2059) to work on /home/airflow/.local/lib/python3.8/site-packages/airflow/example_dags/example_task_group_decorator.py
[2024-04-24T05:28:35.978+0000] {processor.py:830} INFO - Processing file /home/airflow/.local/lib/python3.8/site-packages/airflow/example_dags/example_task_group_decorator.py for tasks to queue
[2024-04-24T05:28:35.979+0000] {logging_mixin.py:188} INFO - [2024-04-24T05:28:35.979+0000] {dagbag.py:540} INFO - Filling up the DagBag from /home/airflow/.local/lib/python3.8/site-packages/airflow/example_dags/example_task_group_decorator.py
[2024-04-24T05:28:35.987+0000] {processor.py:840} INFO - DAG(s) 'example_task_group_decorator' retrieved from /home/airflow/.local/lib/python3.8/site-packages/airflow/example_dags/example_task_group_decorator.py
[2024-04-24T05:28:35.999+0000] {logging_mixin.py:188} INFO - [2024-04-24T05:28:35.999+0000] {dag.py:3047} INFO - Sync 1 DAGs
[2024-04-24T05:28:36.010+0000] {logging_mixin.py:188} INFO - [2024-04-24T05:28:36.010+0000] {dag.py:3834} INFO - Setting next_dagrun for example_task_group_decorator to 2024-04-23 00:00:00+00:00, run_after=2024-04-24 00:00:00+00:00
[2024-04-24T05:28:36.020+0000] {processor.py:183} INFO - Processing /home/airflow/.local/lib/python3.8/site-packages/airflow/example_dags/example_task_group_decorator.py took 0.044 seconds
[2024-04-24T05:29:06.570+0000] {processor.py:161} INFO - Started process (PID=2117) to work on /home/airflow/.local/lib/python3.8/site-packages/airflow/example_dags/example_task_group_decorator.py
[2024-04-24T05:29:06.570+0000] {processor.py:830} INFO - Processing file /home/airflow/.local/lib/python3.8/site-packages/airflow/example_dags/example_task_group_decorator.py for tasks to queue
[2024-04-24T05:29:06.571+0000] {logging_mixin.py:188} INFO - [2024-04-24T05:29:06.571+0000] {dagbag.py:540} INFO - Filling up the DagBag from /home/airflow/.local/lib/python3.8/site-packages/airflow/example_dags/example_task_group_decorator.py
[2024-04-24T05:29:06.579+0000] {processor.py:840} INFO - DAG(s) 'example_task_group_decorator' retrieved from /home/airflow/.local/lib/python3.8/site-packages/airflow/example_dags/example_task_group_decorator.py
[2024-04-24T05:29:06.591+0000] {logging_mixin.py:188} INFO - [2024-04-24T05:29:06.591+0000] {dag.py:3047} INFO - Sync 1 DAGs
[2024-04-24T05:29:06.602+0000] {logging_mixin.py:188} INFO - [2024-04-24T05:29:06.602+0000] {dag.py:3834} INFO - Setting next_dagrun for example_task_group_decorator to 2024-04-23 00:00:00+00:00, run_after=2024-04-24 00:00:00+00:00
[2024-04-24T05:29:06.611+0000] {processor.py:183} INFO - Processing /home/airflow/.local/lib/python3.8/site-packages/airflow/example_dags/example_task_group_decorator.py took 0.044 seconds
[2024-04-24T05:29:37.094+0000] {processor.py:161} INFO - Started process (PID=2175) to work on /home/airflow/.local/lib/python3.8/site-packages/airflow/example_dags/example_task_group_decorator.py
[2024-04-24T05:29:37.094+0000] {processor.py:830} INFO - Processing file /home/airflow/.local/lib/python3.8/site-packages/airflow/example_dags/example_task_group_decorator.py for tasks to queue
[2024-04-24T05:29:37.095+0000] {logging_mixin.py:188} INFO - [2024-04-24T05:29:37.095+0000] {dagbag.py:540} INFO - Filling up the DagBag from /home/airflow/.local/lib/python3.8/site-packages/airflow/example_dags/example_task_group_decorator.py
[2024-04-24T05:29:37.103+0000] {processor.py:840} INFO - DAG(s) 'example_task_group_decorator' retrieved from /home/airflow/.local/lib/python3.8/site-packages/airflow/example_dags/example_task_group_decorator.py
[2024-04-24T05:29:37.115+0000] {logging_mixin.py:188} INFO - [2024-04-24T05:29:37.115+0000] {dag.py:3047} INFO - Sync 1 DAGs
[2024-04-24T05:29:37.126+0000] {logging_mixin.py:188} INFO - [2024-04-24T05:29:37.126+0000] {dag.py:3834} INFO - Setting next_dagrun for example_task_group_decorator to 2024-04-23 00:00:00+00:00, run_after=2024-04-24 00:00:00+00:00
[2024-04-24T05:29:37.136+0000] {processor.py:183} INFO - Processing /home/airflow/.local/lib/python3.8/site-packages/airflow/example_dags/example_task_group_decorator.py took 0.044 seconds
[2024-04-24T05:30:07.666+0000] {processor.py:161} INFO - Started process (PID=2233) to work on /home/airflow/.local/lib/python3.8/site-packages/airflow/example_dags/example_task_group_decorator.py
[2024-04-24T05:30:07.667+0000] {processor.py:830} INFO - Processing file /home/airflow/.local/lib/python3.8/site-packages/airflow/example_dags/example_task_group_decorator.py for tasks to queue
[2024-04-24T05:30:07.668+0000] {logging_mixin.py:188} INFO - [2024-04-24T05:30:07.668+0000] {dagbag.py:540} INFO - Filling up the DagBag from /home/airflow/.local/lib/python3.8/site-packages/airflow/example_dags/example_task_group_decorator.py
[2024-04-24T05:30:07.675+0000] {processor.py:840} INFO - DAG(s) 'example_task_group_decorator' retrieved from /home/airflow/.local/lib/python3.8/site-packages/airflow/example_dags/example_task_group_decorator.py
[2024-04-24T05:30:07.688+0000] {logging_mixin.py:188} INFO - [2024-04-24T05:30:07.688+0000] {dag.py:3047} INFO - Sync 1 DAGs
[2024-04-24T05:30:07.699+0000] {logging_mixin.py:188} INFO - [2024-04-24T05:30:07.699+0000] {dag.py:3834} INFO - Setting next_dagrun for example_task_group_decorator to 2024-04-23 00:00:00+00:00, run_after=2024-04-24 00:00:00+00:00
[2024-04-24T05:30:07.709+0000] {processor.py:183} INFO - Processing /home/airflow/.local/lib/python3.8/site-packages/airflow/example_dags/example_task_group_decorator.py took 0.045 seconds
[2024-04-24T05:30:38.245+0000] {processor.py:161} INFO - Started process (PID=2291) to work on /home/airflow/.local/lib/python3.8/site-packages/airflow/example_dags/example_task_group_decorator.py
[2024-04-24T05:30:38.246+0000] {processor.py:830} INFO - Processing file /home/airflow/.local/lib/python3.8/site-packages/airflow/example_dags/example_task_group_decorator.py for tasks to queue
[2024-04-24T05:30:38.247+0000] {logging_mixin.py:188} INFO - [2024-04-24T05:30:38.247+0000] {dagbag.py:540} INFO - Filling up the DagBag from /home/airflow/.local/lib/python3.8/site-packages/airflow/example_dags/example_task_group_decorator.py
[2024-04-24T05:30:38.254+0000] {processor.py:840} INFO - DAG(s) 'example_task_group_decorator' retrieved from /home/airflow/.local/lib/python3.8/site-packages/airflow/example_dags/example_task_group_decorator.py
[2024-04-24T05:30:38.267+0000] {logging_mixin.py:188} INFO - [2024-04-24T05:30:38.267+0000] {dag.py:3047} INFO - Sync 1 DAGs
[2024-04-24T05:30:38.278+0000] {logging_mixin.py:188} INFO - [2024-04-24T05:30:38.278+0000] {dag.py:3834} INFO - Setting next_dagrun for example_task_group_decorator to 2024-04-23 00:00:00+00:00, run_after=2024-04-24 00:00:00+00:00
[2024-04-24T05:30:38.287+0000] {processor.py:183} INFO - Processing /home/airflow/.local/lib/python3.8/site-packages/airflow/example_dags/example_task_group_decorator.py took 0.044 seconds
[2024-04-24T05:31:08.809+0000] {processor.py:161} INFO - Started process (PID=2349) to work on /home/airflow/.local/lib/python3.8/site-packages/airflow/example_dags/example_task_group_decorator.py
[2024-04-24T05:31:08.809+0000] {processor.py:830} INFO - Processing file /home/airflow/.local/lib/python3.8/site-packages/airflow/example_dags/example_task_group_decorator.py for tasks to queue
[2024-04-24T05:31:08.810+0000] {logging_mixin.py:188} INFO - [2024-04-24T05:31:08.810+0000] {dagbag.py:540} INFO - Filling up the DagBag from /home/airflow/.local/lib/python3.8/site-packages/airflow/example_dags/example_task_group_decorator.py
[2024-04-24T05:31:08.818+0000] {processor.py:840} INFO - DAG(s) 'example_task_group_decorator' retrieved from /home/airflow/.local/lib/python3.8/site-packages/airflow/example_dags/example_task_group_decorator.py
[2024-04-24T05:31:08.831+0000] {logging_mixin.py:188} INFO - [2024-04-24T05:31:08.831+0000] {dag.py:3047} INFO - Sync 1 DAGs
[2024-04-24T05:31:08.843+0000] {logging_mixin.py:188} INFO - [2024-04-24T05:31:08.842+0000] {dag.py:3834} INFO - Setting next_dagrun for example_task_group_decorator to 2024-04-23 00:00:00+00:00, run_after=2024-04-24 00:00:00+00:00
[2024-04-24T05:31:08.852+0000] {processor.py:183} INFO - Processing /home/airflow/.local/lib/python3.8/site-packages/airflow/example_dags/example_task_group_decorator.py took 0.045 seconds
[2024-04-24T05:31:39.646+0000] {processor.py:161} INFO - Started process (PID=2407) to work on /home/airflow/.local/lib/python3.8/site-packages/airflow/example_dags/example_task_group_decorator.py
[2024-04-24T05:31:39.646+0000] {processor.py:830} INFO - Processing file /home/airflow/.local/lib/python3.8/site-packages/airflow/example_dags/example_task_group_decorator.py for tasks to queue
[2024-04-24T05:31:39.647+0000] {logging_mixin.py:188} INFO - [2024-04-24T05:31:39.647+0000] {dagbag.py:540} INFO - Filling up the DagBag from /home/airflow/.local/lib/python3.8/site-packages/airflow/example_dags/example_task_group_decorator.py
[2024-04-24T05:31:39.655+0000] {processor.py:840} INFO - DAG(s) 'example_task_group_decorator' retrieved from /home/airflow/.local/lib/python3.8/site-packages/airflow/example_dags/example_task_group_decorator.py
[2024-04-24T05:31:39.668+0000] {logging_mixin.py:188} INFO - [2024-04-24T05:31:39.668+0000] {dag.py:3047} INFO - Sync 1 DAGs
[2024-04-24T05:31:39.679+0000] {logging_mixin.py:188} INFO - [2024-04-24T05:31:39.679+0000] {dag.py:3834} INFO - Setting next_dagrun for example_task_group_decorator to 2024-04-23 00:00:00+00:00, run_after=2024-04-24 00:00:00+00:00
[2024-04-24T05:31:39.688+0000] {processor.py:183} INFO - Processing /home/airflow/.local/lib/python3.8/site-packages/airflow/example_dags/example_task_group_decorator.py took 0.045 seconds
[2024-04-24T05:32:10.218+0000] {processor.py:161} INFO - Started process (PID=2465) to work on /home/airflow/.local/lib/python3.8/site-packages/airflow/example_dags/example_task_group_decorator.py
[2024-04-24T05:32:10.219+0000] {processor.py:830} INFO - Processing file /home/airflow/.local/lib/python3.8/site-packages/airflow/example_dags/example_task_group_decorator.py for tasks to queue
[2024-04-24T05:32:10.220+0000] {logging_mixin.py:188} INFO - [2024-04-24T05:32:10.220+0000] {dagbag.py:540} INFO - Filling up the DagBag from /home/airflow/.local/lib/python3.8/site-packages/airflow/example_dags/example_task_group_decorator.py
[2024-04-24T05:32:10.229+0000] {processor.py:840} INFO - DAG(s) 'example_task_group_decorator' retrieved from /home/airflow/.local/lib/python3.8/site-packages/airflow/example_dags/example_task_group_decorator.py
[2024-04-24T05:32:10.243+0000] {logging_mixin.py:188} INFO - [2024-04-24T05:32:10.243+0000] {dag.py:3047} INFO - Sync 1 DAGs
[2024-04-24T05:32:10.256+0000] {logging_mixin.py:188} INFO - [2024-04-24T05:32:10.256+0000] {dag.py:3834} INFO - Setting next_dagrun for example_task_group_decorator to 2024-04-23 00:00:00+00:00, run_after=2024-04-24 00:00:00+00:00
[2024-04-24T05:32:10.267+0000] {processor.py:183} INFO - Processing /home/airflow/.local/lib/python3.8/site-packages/airflow/example_dags/example_task_group_decorator.py took 0.050 seconds
[2024-04-24T05:32:40.685+0000] {processor.py:161} INFO - Started process (PID=2524) to work on /home/airflow/.local/lib/python3.8/site-packages/airflow/example_dags/example_task_group_decorator.py
[2024-04-24T05:32:40.685+0000] {processor.py:830} INFO - Processing file /home/airflow/.local/lib/python3.8/site-packages/airflow/example_dags/example_task_group_decorator.py for tasks to queue
[2024-04-24T05:32:40.686+0000] {logging_mixin.py:188} INFO - [2024-04-24T05:32:40.686+0000] {dagbag.py:540} INFO - Filling up the DagBag from /home/airflow/.local/lib/python3.8/site-packages/airflow/example_dags/example_task_group_decorator.py
[2024-04-24T05:32:40.694+0000] {processor.py:840} INFO - DAG(s) 'example_task_group_decorator' retrieved from /home/airflow/.local/lib/python3.8/site-packages/airflow/example_dags/example_task_group_decorator.py
[2024-04-24T05:32:40.707+0000] {logging_mixin.py:188} INFO - [2024-04-24T05:32:40.707+0000] {dag.py:3047} INFO - Sync 1 DAGs
[2024-04-24T05:32:40.719+0000] {logging_mixin.py:188} INFO - [2024-04-24T05:32:40.718+0000] {dag.py:3834} INFO - Setting next_dagrun for example_task_group_decorator to 2024-04-23 00:00:00+00:00, run_after=2024-04-24 00:00:00+00:00
[2024-04-24T05:32:40.728+0000] {processor.py:183} INFO - Processing /home/airflow/.local/lib/python3.8/site-packages/airflow/example_dags/example_task_group_decorator.py took 0.045 seconds
[2024-04-24T05:33:11.104+0000] {processor.py:161} INFO - Started process (PID=2579) to work on /home/airflow/.local/lib/python3.8/site-packages/airflow/example_dags/example_task_group_decorator.py
[2024-04-24T05:33:11.104+0000] {processor.py:830} INFO - Processing file /home/airflow/.local/lib/python3.8/site-packages/airflow/example_dags/example_task_group_decorator.py for tasks to queue
[2024-04-24T05:33:11.105+0000] {logging_mixin.py:188} INFO - [2024-04-24T05:33:11.105+0000] {dagbag.py:540} INFO - Filling up the DagBag from /home/airflow/.local/lib/python3.8/site-packages/airflow/example_dags/example_task_group_decorator.py
[2024-04-24T05:33:11.113+0000] {processor.py:840} INFO - DAG(s) 'example_task_group_decorator' retrieved from /home/airflow/.local/lib/python3.8/site-packages/airflow/example_dags/example_task_group_decorator.py
[2024-04-24T05:33:11.125+0000] {logging_mixin.py:188} INFO - [2024-04-24T05:33:11.125+0000] {dag.py:3047} INFO - Sync 1 DAGs
[2024-04-24T05:33:11.136+0000] {logging_mixin.py:188} INFO - [2024-04-24T05:33:11.136+0000] {dag.py:3834} INFO - Setting next_dagrun for example_task_group_decorator to 2024-04-23 00:00:00+00:00, run_after=2024-04-24 00:00:00+00:00
[2024-04-24T05:33:11.146+0000] {processor.py:183} INFO - Processing /home/airflow/.local/lib/python3.8/site-packages/airflow/example_dags/example_task_group_decorator.py took 0.044 seconds
[2024-04-24T05:33:41.473+0000] {processor.py:161} INFO - Started process (PID=2634) to work on /home/airflow/.local/lib/python3.8/site-packages/airflow/example_dags/example_task_group_decorator.py
[2024-04-24T05:33:41.474+0000] {processor.py:830} INFO - Processing file /home/airflow/.local/lib/python3.8/site-packages/airflow/example_dags/example_task_group_decorator.py for tasks to queue
[2024-04-24T05:33:41.475+0000] {logging_mixin.py:188} INFO - [2024-04-24T05:33:41.474+0000] {dagbag.py:540} INFO - Filling up the DagBag from /home/airflow/.local/lib/python3.8/site-packages/airflow/example_dags/example_task_group_decorator.py
[2024-04-24T05:33:41.483+0000] {processor.py:840} INFO - DAG(s) 'example_task_group_decorator' retrieved from /home/airflow/.local/lib/python3.8/site-packages/airflow/example_dags/example_task_group_decorator.py
[2024-04-24T05:33:41.495+0000] {logging_mixin.py:188} INFO - [2024-04-24T05:33:41.495+0000] {dag.py:3047} INFO - Sync 1 DAGs
[2024-04-24T05:33:41.506+0000] {logging_mixin.py:188} INFO - [2024-04-24T05:33:41.506+0000] {dag.py:3834} INFO - Setting next_dagrun for example_task_group_decorator to 2024-04-23 00:00:00+00:00, run_after=2024-04-24 00:00:00+00:00
[2024-04-24T05:33:41.515+0000] {processor.py:183} INFO - Processing /home/airflow/.local/lib/python3.8/site-packages/airflow/example_dags/example_task_group_decorator.py took 0.044 seconds
[2024-04-24T05:34:11.980+0000] {processor.py:161} INFO - Started process (PID=2689) to work on /home/airflow/.local/lib/python3.8/site-packages/airflow/example_dags/example_task_group_decorator.py
[2024-04-24T05:34:11.981+0000] {processor.py:830} INFO - Processing file /home/airflow/.local/lib/python3.8/site-packages/airflow/example_dags/example_task_group_decorator.py for tasks to queue
[2024-04-24T05:34:11.982+0000] {logging_mixin.py:188} INFO - [2024-04-24T05:34:11.981+0000] {dagbag.py:540} INFO - Filling up the DagBag from /home/airflow/.local/lib/python3.8/site-packages/airflow/example_dags/example_task_group_decorator.py
[2024-04-24T05:34:11.989+0000] {processor.py:840} INFO - DAG(s) 'example_task_group_decorator' retrieved from /home/airflow/.local/lib/python3.8/site-packages/airflow/example_dags/example_task_group_decorator.py
[2024-04-24T05:34:12.002+0000] {logging_mixin.py:188} INFO - [2024-04-24T05:34:12.002+0000] {dag.py:3047} INFO - Sync 1 DAGs
[2024-04-24T05:34:12.012+0000] {logging_mixin.py:188} INFO - [2024-04-24T05:34:12.012+0000] {dag.py:3834} INFO - Setting next_dagrun for example_task_group_decorator to 2024-04-23 00:00:00+00:00, run_after=2024-04-24 00:00:00+00:00
[2024-04-24T05:34:12.022+0000] {processor.py:183} INFO - Processing /home/airflow/.local/lib/python3.8/site-packages/airflow/example_dags/example_task_group_decorator.py took 0.043 seconds
[2024-04-24T05:34:42.617+0000] {processor.py:161} INFO - Started process (PID=2750) to work on /home/airflow/.local/lib/python3.8/site-packages/airflow/example_dags/example_task_group_decorator.py
[2024-04-24T05:34:42.618+0000] {processor.py:830} INFO - Processing file /home/airflow/.local/lib/python3.8/site-packages/airflow/example_dags/example_task_group_decorator.py for tasks to queue
[2024-04-24T05:34:42.618+0000] {logging_mixin.py:188} INFO - [2024-04-24T05:34:42.618+0000] {dagbag.py:540} INFO - Filling up the DagBag from /home/airflow/.local/lib/python3.8/site-packages/airflow/example_dags/example_task_group_decorator.py
[2024-04-24T05:34:42.627+0000] {processor.py:840} INFO - DAG(s) 'example_task_group_decorator' retrieved from /home/airflow/.local/lib/python3.8/site-packages/airflow/example_dags/example_task_group_decorator.py
[2024-04-24T05:34:42.639+0000] {logging_mixin.py:188} INFO - [2024-04-24T05:34:42.639+0000] {dag.py:3047} INFO - Sync 1 DAGs
[2024-04-24T05:34:42.650+0000] {logging_mixin.py:188} INFO - [2024-04-24T05:34:42.650+0000] {dag.py:3834} INFO - Setting next_dagrun for example_task_group_decorator to 2024-04-23 00:00:00+00:00, run_after=2024-04-24 00:00:00+00:00
[2024-04-24T05:34:42.660+0000] {processor.py:183} INFO - Processing /home/airflow/.local/lib/python3.8/site-packages/airflow/example_dags/example_task_group_decorator.py took 0.045 seconds
[2024-04-24T05:35:13.286+0000] {processor.py:161} INFO - Started process (PID=2805) to work on /home/airflow/.local/lib/python3.8/site-packages/airflow/example_dags/example_task_group_decorator.py
[2024-04-24T05:35:13.287+0000] {processor.py:830} INFO - Processing file /home/airflow/.local/lib/python3.8/site-packages/airflow/example_dags/example_task_group_decorator.py for tasks to queue
[2024-04-24T05:35:13.287+0000] {logging_mixin.py:188} INFO - [2024-04-24T05:35:13.287+0000] {dagbag.py:540} INFO - Filling up the DagBag from /home/airflow/.local/lib/python3.8/site-packages/airflow/example_dags/example_task_group_decorator.py
[2024-04-24T05:35:13.295+0000] {processor.py:840} INFO - DAG(s) 'example_task_group_decorator' retrieved from /home/airflow/.local/lib/python3.8/site-packages/airflow/example_dags/example_task_group_decorator.py
[2024-04-24T05:35:13.308+0000] {logging_mixin.py:188} INFO - [2024-04-24T05:35:13.308+0000] {dag.py:3047} INFO - Sync 1 DAGs
[2024-04-24T05:35:13.319+0000] {logging_mixin.py:188} INFO - [2024-04-24T05:35:13.319+0000] {dag.py:3834} INFO - Setting next_dagrun for example_task_group_decorator to 2024-04-23 00:00:00+00:00, run_after=2024-04-24 00:00:00+00:00
[2024-04-24T05:35:13.329+0000] {processor.py:183} INFO - Processing /home/airflow/.local/lib/python3.8/site-packages/airflow/example_dags/example_task_group_decorator.py took 0.044 seconds
[2024-04-24T05:35:44.016+0000] {processor.py:161} INFO - Started process (PID=2860) to work on /home/airflow/.local/lib/python3.8/site-packages/airflow/example_dags/example_task_group_decorator.py
[2024-04-24T05:35:44.017+0000] {processor.py:830} INFO - Processing file /home/airflow/.local/lib/python3.8/site-packages/airflow/example_dags/example_task_group_decorator.py for tasks to queue
[2024-04-24T05:35:44.017+0000] {logging_mixin.py:188} INFO - [2024-04-24T05:35:44.017+0000] {dagbag.py:540} INFO - Filling up the DagBag from /home/airflow/.local/lib/python3.8/site-packages/airflow/example_dags/example_task_group_decorator.py
[2024-04-24T05:35:44.025+0000] {processor.py:840} INFO - DAG(s) 'example_task_group_decorator' retrieved from /home/airflow/.local/lib/python3.8/site-packages/airflow/example_dags/example_task_group_decorator.py
[2024-04-24T05:35:44.038+0000] {logging_mixin.py:188} INFO - [2024-04-24T05:35:44.037+0000] {dag.py:3047} INFO - Sync 1 DAGs
[2024-04-24T05:35:44.049+0000] {logging_mixin.py:188} INFO - [2024-04-24T05:35:44.049+0000] {dag.py:3834} INFO - Setting next_dagrun for example_task_group_decorator to 2024-04-23 00:00:00+00:00, run_after=2024-04-24 00:00:00+00:00
[2024-04-24T05:35:44.058+0000] {processor.py:183} INFO - Processing /home/airflow/.local/lib/python3.8/site-packages/airflow/example_dags/example_task_group_decorator.py took 0.043 seconds
[2024-04-24T05:36:14.457+0000] {processor.py:161} INFO - Started process (PID=2915) to work on /home/airflow/.local/lib/python3.8/site-packages/airflow/example_dags/example_task_group_decorator.py
[2024-04-24T05:36:14.458+0000] {processor.py:830} INFO - Processing file /home/airflow/.local/lib/python3.8/site-packages/airflow/example_dags/example_task_group_decorator.py for tasks to queue
[2024-04-24T05:36:14.458+0000] {logging_mixin.py:188} INFO - [2024-04-24T05:36:14.458+0000] {dagbag.py:540} INFO - Filling up the DagBag from /home/airflow/.local/lib/python3.8/site-packages/airflow/example_dags/example_task_group_decorator.py
[2024-04-24T05:36:14.466+0000] {processor.py:840} INFO - DAG(s) 'example_task_group_decorator' retrieved from /home/airflow/.local/lib/python3.8/site-packages/airflow/example_dags/example_task_group_decorator.py
[2024-04-24T05:36:14.479+0000] {logging_mixin.py:188} INFO - [2024-04-24T05:36:14.479+0000] {dag.py:3047} INFO - Sync 1 DAGs
[2024-04-24T05:36:14.491+0000] {logging_mixin.py:188} INFO - [2024-04-24T05:36:14.491+0000] {dag.py:3834} INFO - Setting next_dagrun for example_task_group_decorator to 2024-04-23 00:00:00+00:00, run_after=2024-04-24 00:00:00+00:00
[2024-04-24T05:36:14.501+0000] {processor.py:183} INFO - Processing /home/airflow/.local/lib/python3.8/site-packages/airflow/example_dags/example_task_group_decorator.py took 0.046 seconds
[2024-04-24T05:36:44.985+0000] {processor.py:161} INFO - Started process (PID=2970) to work on /home/airflow/.local/lib/python3.8/site-packages/airflow/example_dags/example_task_group_decorator.py
[2024-04-24T05:36:44.986+0000] {processor.py:830} INFO - Processing file /home/airflow/.local/lib/python3.8/site-packages/airflow/example_dags/example_task_group_decorator.py for tasks to queue
[2024-04-24T05:36:44.986+0000] {logging_mixin.py:188} INFO - [2024-04-24T05:36:44.986+0000] {dagbag.py:540} INFO - Filling up the DagBag from /home/airflow/.local/lib/python3.8/site-packages/airflow/example_dags/example_task_group_decorator.py
[2024-04-24T05:36:44.994+0000] {processor.py:840} INFO - DAG(s) 'example_task_group_decorator' retrieved from /home/airflow/.local/lib/python3.8/site-packages/airflow/example_dags/example_task_group_decorator.py
[2024-04-24T05:36:45.007+0000] {logging_mixin.py:188} INFO - [2024-04-24T05:36:45.007+0000] {dag.py:3047} INFO - Sync 1 DAGs
[2024-04-24T05:36:45.018+0000] {logging_mixin.py:188} INFO - [2024-04-24T05:36:45.018+0000] {dag.py:3834} INFO - Setting next_dagrun for example_task_group_decorator to 2024-04-23 00:00:00+00:00, run_after=2024-04-24 00:00:00+00:00
[2024-04-24T05:36:45.027+0000] {processor.py:183} INFO - Processing /home/airflow/.local/lib/python3.8/site-packages/airflow/example_dags/example_task_group_decorator.py took 0.043 seconds
[2024-04-24T05:37:15.572+0000] {processor.py:161} INFO - Started process (PID=3025) to work on /home/airflow/.local/lib/python3.8/site-packages/airflow/example_dags/example_task_group_decorator.py
[2024-04-24T05:37:15.572+0000] {processor.py:830} INFO - Processing file /home/airflow/.local/lib/python3.8/site-packages/airflow/example_dags/example_task_group_decorator.py for tasks to queue
[2024-04-24T05:37:15.573+0000] {logging_mixin.py:188} INFO - [2024-04-24T05:37:15.572+0000] {dagbag.py:540} INFO - Filling up the DagBag from /home/airflow/.local/lib/python3.8/site-packages/airflow/example_dags/example_task_group_decorator.py
[2024-04-24T05:37:15.581+0000] {processor.py:840} INFO - DAG(s) 'example_task_group_decorator' retrieved from /home/airflow/.local/lib/python3.8/site-packages/airflow/example_dags/example_task_group_decorator.py
[2024-04-24T05:37:15.593+0000] {logging_mixin.py:188} INFO - [2024-04-24T05:37:15.593+0000] {dag.py:3047} INFO - Sync 1 DAGs
[2024-04-24T05:37:15.605+0000] {logging_mixin.py:188} INFO - [2024-04-24T05:37:15.605+0000] {dag.py:3834} INFO - Setting next_dagrun for example_task_group_decorator to 2024-04-23 00:00:00+00:00, run_after=2024-04-24 00:00:00+00:00
[2024-04-24T05:37:15.615+0000] {processor.py:183} INFO - Processing /home/airflow/.local/lib/python3.8/site-packages/airflow/example_dags/example_task_group_decorator.py took 0.046 seconds
[2024-04-24T05:37:46.127+0000] {processor.py:161} INFO - Started process (PID=3080) to work on /home/airflow/.local/lib/python3.8/site-packages/airflow/example_dags/example_task_group_decorator.py
[2024-04-24T05:37:46.128+0000] {processor.py:830} INFO - Processing file /home/airflow/.local/lib/python3.8/site-packages/airflow/example_dags/example_task_group_decorator.py for tasks to queue
[2024-04-24T05:37:46.128+0000] {logging_mixin.py:188} INFO - [2024-04-24T05:37:46.128+0000] {dagbag.py:540} INFO - Filling up the DagBag from /home/airflow/.local/lib/python3.8/site-packages/airflow/example_dags/example_task_group_decorator.py
[2024-04-24T05:37:46.136+0000] {processor.py:840} INFO - DAG(s) 'example_task_group_decorator' retrieved from /home/airflow/.local/lib/python3.8/site-packages/airflow/example_dags/example_task_group_decorator.py
[2024-04-24T05:37:46.149+0000] {logging_mixin.py:188} INFO - [2024-04-24T05:37:46.149+0000] {dag.py:3047} INFO - Sync 1 DAGs
[2024-04-24T05:37:46.160+0000] {logging_mixin.py:188} INFO - [2024-04-24T05:37:46.160+0000] {dag.py:3834} INFO - Setting next_dagrun for example_task_group_decorator to 2024-04-23 00:00:00+00:00, run_after=2024-04-24 00:00:00+00:00
[2024-04-24T05:37:46.169+0000] {processor.py:183} INFO - Processing /home/airflow/.local/lib/python3.8/site-packages/airflow/example_dags/example_task_group_decorator.py took 0.044 seconds
[2024-04-24T05:38:16.609+0000] {processor.py:161} INFO - Started process (PID=3135) to work on /home/airflow/.local/lib/python3.8/site-packages/airflow/example_dags/example_task_group_decorator.py
[2024-04-24T05:38:16.610+0000] {processor.py:830} INFO - Processing file /home/airflow/.local/lib/python3.8/site-packages/airflow/example_dags/example_task_group_decorator.py for tasks to queue
[2024-04-24T05:38:16.610+0000] {logging_mixin.py:188} INFO - [2024-04-24T05:38:16.610+0000] {dagbag.py:540} INFO - Filling up the DagBag from /home/airflow/.local/lib/python3.8/site-packages/airflow/example_dags/example_task_group_decorator.py
[2024-04-24T05:38:16.618+0000] {processor.py:840} INFO - DAG(s) 'example_task_group_decorator' retrieved from /home/airflow/.local/lib/python3.8/site-packages/airflow/example_dags/example_task_group_decorator.py
[2024-04-24T05:38:16.630+0000] {logging_mixin.py:188} INFO - [2024-04-24T05:38:16.630+0000] {dag.py:3047} INFO - Sync 1 DAGs
[2024-04-24T05:38:16.641+0000] {logging_mixin.py:188} INFO - [2024-04-24T05:38:16.641+0000] {dag.py:3834} INFO - Setting next_dagrun for example_task_group_decorator to 2024-04-23 00:00:00+00:00, run_after=2024-04-24 00:00:00+00:00
[2024-04-24T05:38:16.650+0000] {processor.py:183} INFO - Processing /home/airflow/.local/lib/python3.8/site-packages/airflow/example_dags/example_task_group_decorator.py took 0.043 seconds
[2024-04-24T05:40:51.426+0000] {processor.py:161} INFO - Started process (PID=83) to work on /home/airflow/.local/lib/python3.8/site-packages/airflow/example_dags/example_task_group_decorator.py
[2024-04-24T05:40:51.427+0000] {processor.py:830} INFO - Processing file /home/airflow/.local/lib/python3.8/site-packages/airflow/example_dags/example_task_group_decorator.py for tasks to queue
[2024-04-24T05:40:51.428+0000] {logging_mixin.py:188} INFO - [2024-04-24T05:40:51.428+0000] {dagbag.py:540} INFO - Filling up the DagBag from /home/airflow/.local/lib/python3.8/site-packages/airflow/example_dags/example_task_group_decorator.py
[2024-04-24T05:40:51.438+0000] {processor.py:840} INFO - DAG(s) 'example_task_group_decorator' retrieved from /home/airflow/.local/lib/python3.8/site-packages/airflow/example_dags/example_task_group_decorator.py
[2024-04-24T05:40:51.445+0000] {logging_mixin.py:188} INFO - [2024-04-24T05:40:51.445+0000] {dag.py:3047} INFO - Sync 1 DAGs
[2024-04-24T05:40:51.457+0000] {logging_mixin.py:188} INFO - [2024-04-24T05:40:51.457+0000] {dag.py:3834} INFO - Setting next_dagrun for example_task_group_decorator to 2024-04-23 00:00:00+00:00, run_after=2024-04-24 00:00:00+00:00
[2024-04-24T05:40:51.467+0000] {processor.py:183} INFO - Processing /home/airflow/.local/lib/python3.8/site-packages/airflow/example_dags/example_task_group_decorator.py took 0.043 seconds
[2024-04-24T05:41:22.705+0000] {processor.py:161} INFO - Started process (PID=138) to work on /home/airflow/.local/lib/python3.8/site-packages/airflow/example_dags/example_task_group_decorator.py
[2024-04-24T05:41:22.706+0000] {processor.py:830} INFO - Processing file /home/airflow/.local/lib/python3.8/site-packages/airflow/example_dags/example_task_group_decorator.py for tasks to queue
[2024-04-24T05:41:22.707+0000] {logging_mixin.py:188} INFO - [2024-04-24T05:41:22.706+0000] {dagbag.py:540} INFO - Filling up the DagBag from /home/airflow/.local/lib/python3.8/site-packages/airflow/example_dags/example_task_group_decorator.py
[2024-04-24T05:41:22.714+0000] {processor.py:840} INFO - DAG(s) 'example_task_group_decorator' retrieved from /home/airflow/.local/lib/python3.8/site-packages/airflow/example_dags/example_task_group_decorator.py
[2024-04-24T05:41:22.770+0000] {logging_mixin.py:188} INFO - [2024-04-24T05:41:22.770+0000] {dag.py:3047} INFO - Sync 1 DAGs
[2024-04-24T05:41:22.780+0000] {logging_mixin.py:188} INFO - [2024-04-24T05:41:22.780+0000] {dag.py:3834} INFO - Setting next_dagrun for example_task_group_decorator to 2024-04-23 00:00:00+00:00, run_after=2024-04-24 00:00:00+00:00
[2024-04-24T05:41:22.791+0000] {processor.py:183} INFO - Processing /home/airflow/.local/lib/python3.8/site-packages/airflow/example_dags/example_task_group_decorator.py took 0.088 seconds
