[2024-04-24T05:11:16.445+0000] {processor.py:161} INFO - Started process (PID=95) to work on /home/airflow/.local/lib/python3.8/site-packages/airflow/example_dags/example_external_task_marker_dag.py
[2024-04-24T05:11:16.445+0000] {processor.py:830} INFO - Processing file /home/airflow/.local/lib/python3.8/site-packages/airflow/example_dags/example_external_task_marker_dag.py for tasks to queue
[2024-04-24T05:11:16.447+0000] {logging_mixin.py:188} INFO - [2024-04-24T05:11:16.447+0000] {dagbag.py:540} INFO - Filling up the DagBag from /home/airflow/.local/lib/python3.8/site-packages/airflow/example_dags/example_external_task_marker_dag.py
[2024-04-24T05:11:16.451+0000] {processor.py:840} INFO - DAG(s) 'example_external_task_marker_child', 'example_external_task_marker_parent' retrieved from /home/airflow/.local/lib/python3.8/site-packages/airflow/example_dags/example_external_task_marker_dag.py
[2024-04-24T05:11:16.463+0000] {logging_mixin.py:188} INFO - [2024-04-24T05:11:16.463+0000] {dag.py:3047} INFO - Sync 2 DAGs
[2024-04-24T05:11:16.469+0000] {logging_mixin.py:188} INFO - [2024-04-24T05:11:16.469+0000] {dag.py:3834} INFO - Setting next_dagrun for example_external_task_marker_child to None, run_after=None
[2024-04-24T05:11:16.471+0000] {logging_mixin.py:188} INFO - [2024-04-24T05:11:16.471+0000] {dag.py:3834} INFO - Setting next_dagrun for example_external_task_marker_parent to None, run_after=None
[2024-04-24T05:11:16.480+0000] {processor.py:183} INFO - Processing /home/airflow/.local/lib/python3.8/site-packages/airflow/example_dags/example_external_task_marker_dag.py took 0.037 seconds
[2024-04-24T05:11:46.903+0000] {processor.py:161} INFO - Started process (PID=153) to work on /home/airflow/.local/lib/python3.8/site-packages/airflow/example_dags/example_external_task_marker_dag.py
[2024-04-24T05:11:46.904+0000] {processor.py:830} INFO - Processing file /home/airflow/.local/lib/python3.8/site-packages/airflow/example_dags/example_external_task_marker_dag.py for tasks to queue
[2024-04-24T05:11:46.905+0000] {logging_mixin.py:188} INFO - [2024-04-24T05:11:46.905+0000] {dagbag.py:540} INFO - Filling up the DagBag from /home/airflow/.local/lib/python3.8/site-packages/airflow/example_dags/example_external_task_marker_dag.py
[2024-04-24T05:11:46.908+0000] {processor.py:840} INFO - DAG(s) 'example_external_task_marker_child', 'example_external_task_marker_parent' retrieved from /home/airflow/.local/lib/python3.8/site-packages/airflow/example_dags/example_external_task_marker_dag.py
[2024-04-24T05:11:46.920+0000] {logging_mixin.py:188} INFO - [2024-04-24T05:11:46.920+0000] {dag.py:3047} INFO - Sync 2 DAGs
[2024-04-24T05:11:46.927+0000] {logging_mixin.py:188} INFO - [2024-04-24T05:11:46.927+0000] {dag.py:3834} INFO - Setting next_dagrun for example_external_task_marker_child to None, run_after=None
[2024-04-24T05:11:46.929+0000] {logging_mixin.py:188} INFO - [2024-04-24T05:11:46.929+0000] {dag.py:3834} INFO - Setting next_dagrun for example_external_task_marker_parent to None, run_after=None
[2024-04-24T05:11:46.937+0000] {processor.py:183} INFO - Processing /home/airflow/.local/lib/python3.8/site-packages/airflow/example_dags/example_external_task_marker_dag.py took 0.036 seconds
[2024-04-24T05:12:17.516+0000] {processor.py:161} INFO - Started process (PID=211) to work on /home/airflow/.local/lib/python3.8/site-packages/airflow/example_dags/example_external_task_marker_dag.py
[2024-04-24T05:12:17.517+0000] {processor.py:830} INFO - Processing file /home/airflow/.local/lib/python3.8/site-packages/airflow/example_dags/example_external_task_marker_dag.py for tasks to queue
[2024-04-24T05:12:17.518+0000] {logging_mixin.py:188} INFO - [2024-04-24T05:12:17.518+0000] {dagbag.py:540} INFO - Filling up the DagBag from /home/airflow/.local/lib/python3.8/site-packages/airflow/example_dags/example_external_task_marker_dag.py
[2024-04-24T05:12:17.521+0000] {processor.py:840} INFO - DAG(s) 'example_external_task_marker_parent', 'example_external_task_marker_child' retrieved from /home/airflow/.local/lib/python3.8/site-packages/airflow/example_dags/example_external_task_marker_dag.py
[2024-04-24T05:12:17.534+0000] {logging_mixin.py:188} INFO - [2024-04-24T05:12:17.533+0000] {dag.py:3047} INFO - Sync 2 DAGs
[2024-04-24T05:12:17.540+0000] {logging_mixin.py:188} INFO - [2024-04-24T05:12:17.540+0000] {dag.py:3834} INFO - Setting next_dagrun for example_external_task_marker_child to None, run_after=None
[2024-04-24T05:12:17.542+0000] {logging_mixin.py:188} INFO - [2024-04-24T05:12:17.542+0000] {dag.py:3834} INFO - Setting next_dagrun for example_external_task_marker_parent to None, run_after=None
[2024-04-24T05:12:17.551+0000] {processor.py:183} INFO - Processing /home/airflow/.local/lib/python3.8/site-packages/airflow/example_dags/example_external_task_marker_dag.py took 0.037 seconds
[2024-04-24T05:12:48.335+0000] {processor.py:161} INFO - Started process (PID=269) to work on /home/airflow/.local/lib/python3.8/site-packages/airflow/example_dags/example_external_task_marker_dag.py
[2024-04-24T05:12:48.335+0000] {processor.py:830} INFO - Processing file /home/airflow/.local/lib/python3.8/site-packages/airflow/example_dags/example_external_task_marker_dag.py for tasks to queue
[2024-04-24T05:12:48.337+0000] {logging_mixin.py:188} INFO - [2024-04-24T05:12:48.336+0000] {dagbag.py:540} INFO - Filling up the DagBag from /home/airflow/.local/lib/python3.8/site-packages/airflow/example_dags/example_external_task_marker_dag.py
[2024-04-24T05:12:48.340+0000] {processor.py:840} INFO - DAG(s) 'example_external_task_marker_parent', 'example_external_task_marker_child' retrieved from /home/airflow/.local/lib/python3.8/site-packages/airflow/example_dags/example_external_task_marker_dag.py
[2024-04-24T05:12:48.355+0000] {logging_mixin.py:188} INFO - [2024-04-24T05:12:48.355+0000] {dag.py:3047} INFO - Sync 2 DAGs
[2024-04-24T05:12:48.362+0000] {logging_mixin.py:188} INFO - [2024-04-24T05:12:48.362+0000] {dag.py:3834} INFO - Setting next_dagrun for example_external_task_marker_child to None, run_after=None
[2024-04-24T05:12:48.364+0000] {logging_mixin.py:188} INFO - [2024-04-24T05:12:48.364+0000] {dag.py:3834} INFO - Setting next_dagrun for example_external_task_marker_parent to None, run_after=None
[2024-04-24T05:12:48.374+0000] {processor.py:183} INFO - Processing /home/airflow/.local/lib/python3.8/site-packages/airflow/example_dags/example_external_task_marker_dag.py took 0.041 seconds
[2024-04-24T05:13:18.897+0000] {processor.py:161} INFO - Started process (PID=327) to work on /home/airflow/.local/lib/python3.8/site-packages/airflow/example_dags/example_external_task_marker_dag.py
[2024-04-24T05:13:18.897+0000] {processor.py:830} INFO - Processing file /home/airflow/.local/lib/python3.8/site-packages/airflow/example_dags/example_external_task_marker_dag.py for tasks to queue
[2024-04-24T05:13:18.898+0000] {logging_mixin.py:188} INFO - [2024-04-24T05:13:18.898+0000] {dagbag.py:540} INFO - Filling up the DagBag from /home/airflow/.local/lib/python3.8/site-packages/airflow/example_dags/example_external_task_marker_dag.py
[2024-04-24T05:13:18.902+0000] {processor.py:840} INFO - DAG(s) 'example_external_task_marker_child', 'example_external_task_marker_parent' retrieved from /home/airflow/.local/lib/python3.8/site-packages/airflow/example_dags/example_external_task_marker_dag.py
[2024-04-24T05:13:18.914+0000] {logging_mixin.py:188} INFO - [2024-04-24T05:13:18.914+0000] {dag.py:3047} INFO - Sync 2 DAGs
[2024-04-24T05:13:18.920+0000] {logging_mixin.py:188} INFO - [2024-04-24T05:13:18.920+0000] {dag.py:3834} INFO - Setting next_dagrun for example_external_task_marker_child to None, run_after=None
[2024-04-24T05:13:18.922+0000] {logging_mixin.py:188} INFO - [2024-04-24T05:13:18.922+0000] {dag.py:3834} INFO - Setting next_dagrun for example_external_task_marker_parent to None, run_after=None
[2024-04-24T05:13:18.931+0000] {processor.py:183} INFO - Processing /home/airflow/.local/lib/python3.8/site-packages/airflow/example_dags/example_external_task_marker_dag.py took 0.036 seconds
[2024-04-24T05:13:49.790+0000] {processor.py:161} INFO - Started process (PID=385) to work on /home/airflow/.local/lib/python3.8/site-packages/airflow/example_dags/example_external_task_marker_dag.py
[2024-04-24T05:13:49.791+0000] {processor.py:830} INFO - Processing file /home/airflow/.local/lib/python3.8/site-packages/airflow/example_dags/example_external_task_marker_dag.py for tasks to queue
[2024-04-24T05:13:49.792+0000] {logging_mixin.py:188} INFO - [2024-04-24T05:13:49.792+0000] {dagbag.py:540} INFO - Filling up the DagBag from /home/airflow/.local/lib/python3.8/site-packages/airflow/example_dags/example_external_task_marker_dag.py
[2024-04-24T05:13:49.796+0000] {processor.py:840} INFO - DAG(s) 'example_external_task_marker_child', 'example_external_task_marker_parent' retrieved from /home/airflow/.local/lib/python3.8/site-packages/airflow/example_dags/example_external_task_marker_dag.py
[2024-04-24T05:13:49.808+0000] {logging_mixin.py:188} INFO - [2024-04-24T05:13:49.807+0000] {dag.py:3047} INFO - Sync 2 DAGs
[2024-04-24T05:13:49.814+0000] {logging_mixin.py:188} INFO - [2024-04-24T05:13:49.814+0000] {dag.py:3834} INFO - Setting next_dagrun for example_external_task_marker_child to None, run_after=None
[2024-04-24T05:13:49.816+0000] {logging_mixin.py:188} INFO - [2024-04-24T05:13:49.816+0000] {dag.py:3834} INFO - Setting next_dagrun for example_external_task_marker_parent to None, run_after=None
[2024-04-24T05:13:49.825+0000] {processor.py:183} INFO - Processing /home/airflow/.local/lib/python3.8/site-packages/airflow/example_dags/example_external_task_marker_dag.py took 0.036 seconds
[2024-04-24T05:14:20.273+0000] {processor.py:161} INFO - Started process (PID=443) to work on /home/airflow/.local/lib/python3.8/site-packages/airflow/example_dags/example_external_task_marker_dag.py
[2024-04-24T05:14:20.273+0000] {processor.py:830} INFO - Processing file /home/airflow/.local/lib/python3.8/site-packages/airflow/example_dags/example_external_task_marker_dag.py for tasks to queue
[2024-04-24T05:14:20.274+0000] {logging_mixin.py:188} INFO - [2024-04-24T05:14:20.274+0000] {dagbag.py:540} INFO - Filling up the DagBag from /home/airflow/.local/lib/python3.8/site-packages/airflow/example_dags/example_external_task_marker_dag.py
[2024-04-24T05:14:20.278+0000] {processor.py:840} INFO - DAG(s) 'example_external_task_marker_parent', 'example_external_task_marker_child' retrieved from /home/airflow/.local/lib/python3.8/site-packages/airflow/example_dags/example_external_task_marker_dag.py
[2024-04-24T05:14:20.290+0000] {logging_mixin.py:188} INFO - [2024-04-24T05:14:20.290+0000] {dag.py:3047} INFO - Sync 2 DAGs
[2024-04-24T05:14:20.297+0000] {logging_mixin.py:188} INFO - [2024-04-24T05:14:20.296+0000] {dag.py:3834} INFO - Setting next_dagrun for example_external_task_marker_child to None, run_after=None
[2024-04-24T05:14:20.299+0000] {logging_mixin.py:188} INFO - [2024-04-24T05:14:20.298+0000] {dag.py:3834} INFO - Setting next_dagrun for example_external_task_marker_parent to None, run_after=None
[2024-04-24T05:14:20.307+0000] {processor.py:183} INFO - Processing /home/airflow/.local/lib/python3.8/site-packages/airflow/example_dags/example_external_task_marker_dag.py took 0.037 seconds
[2024-04-24T05:14:50.949+0000] {processor.py:161} INFO - Started process (PID=501) to work on /home/airflow/.local/lib/python3.8/site-packages/airflow/example_dags/example_external_task_marker_dag.py
[2024-04-24T05:14:50.949+0000] {processor.py:830} INFO - Processing file /home/airflow/.local/lib/python3.8/site-packages/airflow/example_dags/example_external_task_marker_dag.py for tasks to queue
[2024-04-24T05:14:50.950+0000] {logging_mixin.py:188} INFO - [2024-04-24T05:14:50.950+0000] {dagbag.py:540} INFO - Filling up the DagBag from /home/airflow/.local/lib/python3.8/site-packages/airflow/example_dags/example_external_task_marker_dag.py
[2024-04-24T05:14:50.954+0000] {processor.py:840} INFO - DAG(s) 'example_external_task_marker_child', 'example_external_task_marker_parent' retrieved from /home/airflow/.local/lib/python3.8/site-packages/airflow/example_dags/example_external_task_marker_dag.py
[2024-04-24T05:14:50.966+0000] {logging_mixin.py:188} INFO - [2024-04-24T05:14:50.966+0000] {dag.py:3047} INFO - Sync 2 DAGs
[2024-04-24T05:14:50.972+0000] {logging_mixin.py:188} INFO - [2024-04-24T05:14:50.972+0000] {dag.py:3834} INFO - Setting next_dagrun for example_external_task_marker_child to None, run_after=None
[2024-04-24T05:14:50.974+0000] {logging_mixin.py:188} INFO - [2024-04-24T05:14:50.974+0000] {dag.py:3834} INFO - Setting next_dagrun for example_external_task_marker_parent to None, run_after=None
[2024-04-24T05:14:50.983+0000] {processor.py:183} INFO - Processing /home/airflow/.local/lib/python3.8/site-packages/airflow/example_dags/example_external_task_marker_dag.py took 0.036 seconds
[2024-04-24T05:15:21.510+0000] {processor.py:161} INFO - Started process (PID=560) to work on /home/airflow/.local/lib/python3.8/site-packages/airflow/example_dags/example_external_task_marker_dag.py
[2024-04-24T05:15:21.511+0000] {processor.py:830} INFO - Processing file /home/airflow/.local/lib/python3.8/site-packages/airflow/example_dags/example_external_task_marker_dag.py for tasks to queue
[2024-04-24T05:15:21.512+0000] {logging_mixin.py:188} INFO - [2024-04-24T05:15:21.512+0000] {dagbag.py:540} INFO - Filling up the DagBag from /home/airflow/.local/lib/python3.8/site-packages/airflow/example_dags/example_external_task_marker_dag.py
[2024-04-24T05:15:21.515+0000] {processor.py:840} INFO - DAG(s) 'example_external_task_marker_child', 'example_external_task_marker_parent' retrieved from /home/airflow/.local/lib/python3.8/site-packages/airflow/example_dags/example_external_task_marker_dag.py
[2024-04-24T05:15:21.527+0000] {logging_mixin.py:188} INFO - [2024-04-24T05:15:21.527+0000] {dag.py:3047} INFO - Sync 2 DAGs
[2024-04-24T05:15:21.534+0000] {logging_mixin.py:188} INFO - [2024-04-24T05:15:21.533+0000] {dag.py:3834} INFO - Setting next_dagrun for example_external_task_marker_child to None, run_after=None
[2024-04-24T05:15:21.535+0000] {logging_mixin.py:188} INFO - [2024-04-24T05:15:21.535+0000] {dag.py:3834} INFO - Setting next_dagrun for example_external_task_marker_parent to None, run_after=None
[2024-04-24T05:15:21.545+0000] {processor.py:183} INFO - Processing /home/airflow/.local/lib/python3.8/site-packages/airflow/example_dags/example_external_task_marker_dag.py took 0.036 seconds
[2024-04-24T05:15:51.953+0000] {processor.py:161} INFO - Started process (PID=618) to work on /home/airflow/.local/lib/python3.8/site-packages/airflow/example_dags/example_external_task_marker_dag.py
[2024-04-24T05:15:51.954+0000] {processor.py:830} INFO - Processing file /home/airflow/.local/lib/python3.8/site-packages/airflow/example_dags/example_external_task_marker_dag.py for tasks to queue
[2024-04-24T05:15:51.955+0000] {logging_mixin.py:188} INFO - [2024-04-24T05:15:51.955+0000] {dagbag.py:540} INFO - Filling up the DagBag from /home/airflow/.local/lib/python3.8/site-packages/airflow/example_dags/example_external_task_marker_dag.py
[2024-04-24T05:15:51.958+0000] {processor.py:840} INFO - DAG(s) 'example_external_task_marker_child', 'example_external_task_marker_parent' retrieved from /home/airflow/.local/lib/python3.8/site-packages/airflow/example_dags/example_external_task_marker_dag.py
[2024-04-24T05:15:51.970+0000] {logging_mixin.py:188} INFO - [2024-04-24T05:15:51.970+0000] {dag.py:3047} INFO - Sync 2 DAGs
[2024-04-24T05:15:51.976+0000] {logging_mixin.py:188} INFO - [2024-04-24T05:15:51.976+0000] {dag.py:3834} INFO - Setting next_dagrun for example_external_task_marker_child to None, run_after=None
[2024-04-24T05:15:51.978+0000] {logging_mixin.py:188} INFO - [2024-04-24T05:15:51.978+0000] {dag.py:3834} INFO - Setting next_dagrun for example_external_task_marker_parent to None, run_after=None
[2024-04-24T05:15:51.987+0000] {processor.py:183} INFO - Processing /home/airflow/.local/lib/python3.8/site-packages/airflow/example_dags/example_external_task_marker_dag.py took 0.035 seconds
[2024-04-24T05:16:22.502+0000] {processor.py:161} INFO - Started process (PID=676) to work on /home/airflow/.local/lib/python3.8/site-packages/airflow/example_dags/example_external_task_marker_dag.py
[2024-04-24T05:16:22.502+0000] {processor.py:830} INFO - Processing file /home/airflow/.local/lib/python3.8/site-packages/airflow/example_dags/example_external_task_marker_dag.py for tasks to queue
[2024-04-24T05:16:22.503+0000] {logging_mixin.py:188} INFO - [2024-04-24T05:16:22.503+0000] {dagbag.py:540} INFO - Filling up the DagBag from /home/airflow/.local/lib/python3.8/site-packages/airflow/example_dags/example_external_task_marker_dag.py
[2024-04-24T05:16:22.507+0000] {processor.py:840} INFO - DAG(s) 'example_external_task_marker_child', 'example_external_task_marker_parent' retrieved from /home/airflow/.local/lib/python3.8/site-packages/airflow/example_dags/example_external_task_marker_dag.py
[2024-04-24T05:16:22.519+0000] {logging_mixin.py:188} INFO - [2024-04-24T05:16:22.519+0000] {dag.py:3047} INFO - Sync 2 DAGs
[2024-04-24T05:16:22.526+0000] {logging_mixin.py:188} INFO - [2024-04-24T05:16:22.526+0000] {dag.py:3834} INFO - Setting next_dagrun for example_external_task_marker_child to None, run_after=None
[2024-04-24T05:16:22.528+0000] {logging_mixin.py:188} INFO - [2024-04-24T05:16:22.528+0000] {dag.py:3834} INFO - Setting next_dagrun for example_external_task_marker_parent to None, run_after=None
[2024-04-24T05:16:22.537+0000] {processor.py:183} INFO - Processing /home/airflow/.local/lib/python3.8/site-packages/airflow/example_dags/example_external_task_marker_dag.py took 0.037 seconds
[2024-04-24T05:16:53.066+0000] {processor.py:161} INFO - Started process (PID=734) to work on /home/airflow/.local/lib/python3.8/site-packages/airflow/example_dags/example_external_task_marker_dag.py
[2024-04-24T05:16:53.067+0000] {processor.py:830} INFO - Processing file /home/airflow/.local/lib/python3.8/site-packages/airflow/example_dags/example_external_task_marker_dag.py for tasks to queue
[2024-04-24T05:16:53.068+0000] {logging_mixin.py:188} INFO - [2024-04-24T05:16:53.068+0000] {dagbag.py:540} INFO - Filling up the DagBag from /home/airflow/.local/lib/python3.8/site-packages/airflow/example_dags/example_external_task_marker_dag.py
[2024-04-24T05:16:53.071+0000] {processor.py:840} INFO - DAG(s) 'example_external_task_marker_parent', 'example_external_task_marker_child' retrieved from /home/airflow/.local/lib/python3.8/site-packages/airflow/example_dags/example_external_task_marker_dag.py
[2024-04-24T05:16:53.083+0000] {logging_mixin.py:188} INFO - [2024-04-24T05:16:53.083+0000] {dag.py:3047} INFO - Sync 2 DAGs
[2024-04-24T05:16:53.090+0000] {logging_mixin.py:188} INFO - [2024-04-24T05:16:53.090+0000] {dag.py:3834} INFO - Setting next_dagrun for example_external_task_marker_child to None, run_after=None
[2024-04-24T05:16:53.092+0000] {logging_mixin.py:188} INFO - [2024-04-24T05:16:53.092+0000] {dag.py:3834} INFO - Setting next_dagrun for example_external_task_marker_parent to None, run_after=None
[2024-04-24T05:16:53.101+0000] {processor.py:183} INFO - Processing /home/airflow/.local/lib/python3.8/site-packages/airflow/example_dags/example_external_task_marker_dag.py took 0.036 seconds
[2024-04-24T05:17:23.573+0000] {processor.py:161} INFO - Started process (PID=792) to work on /home/airflow/.local/lib/python3.8/site-packages/airflow/example_dags/example_external_task_marker_dag.py
[2024-04-24T05:17:23.574+0000] {processor.py:830} INFO - Processing file /home/airflow/.local/lib/python3.8/site-packages/airflow/example_dags/example_external_task_marker_dag.py for tasks to queue
[2024-04-24T05:17:23.575+0000] {logging_mixin.py:188} INFO - [2024-04-24T05:17:23.575+0000] {dagbag.py:540} INFO - Filling up the DagBag from /home/airflow/.local/lib/python3.8/site-packages/airflow/example_dags/example_external_task_marker_dag.py
[2024-04-24T05:17:23.578+0000] {processor.py:840} INFO - DAG(s) 'example_external_task_marker_parent', 'example_external_task_marker_child' retrieved from /home/airflow/.local/lib/python3.8/site-packages/airflow/example_dags/example_external_task_marker_dag.py
[2024-04-24T05:17:23.591+0000] {logging_mixin.py:188} INFO - [2024-04-24T05:17:23.591+0000] {dag.py:3047} INFO - Sync 2 DAGs
[2024-04-24T05:17:23.598+0000] {logging_mixin.py:188} INFO - [2024-04-24T05:17:23.598+0000] {dag.py:3834} INFO - Setting next_dagrun for example_external_task_marker_child to None, run_after=None
[2024-04-24T05:17:23.600+0000] {logging_mixin.py:188} INFO - [2024-04-24T05:17:23.600+0000] {dag.py:3834} INFO - Setting next_dagrun for example_external_task_marker_parent to None, run_after=None
[2024-04-24T05:17:23.610+0000] {processor.py:183} INFO - Processing /home/airflow/.local/lib/python3.8/site-packages/airflow/example_dags/example_external_task_marker_dag.py took 0.038 seconds
[2024-04-24T05:17:54.184+0000] {processor.py:161} INFO - Started process (PID=850) to work on /home/airflow/.local/lib/python3.8/site-packages/airflow/example_dags/example_external_task_marker_dag.py
[2024-04-24T05:17:54.185+0000] {processor.py:830} INFO - Processing file /home/airflow/.local/lib/python3.8/site-packages/airflow/example_dags/example_external_task_marker_dag.py for tasks to queue
[2024-04-24T05:17:54.186+0000] {logging_mixin.py:188} INFO - [2024-04-24T05:17:54.186+0000] {dagbag.py:540} INFO - Filling up the DagBag from /home/airflow/.local/lib/python3.8/site-packages/airflow/example_dags/example_external_task_marker_dag.py
[2024-04-24T05:17:54.189+0000] {processor.py:840} INFO - DAG(s) 'example_external_task_marker_parent', 'example_external_task_marker_child' retrieved from /home/airflow/.local/lib/python3.8/site-packages/airflow/example_dags/example_external_task_marker_dag.py
[2024-04-24T05:17:54.203+0000] {logging_mixin.py:188} INFO - [2024-04-24T05:17:54.203+0000] {dag.py:3047} INFO - Sync 2 DAGs
[2024-04-24T05:17:54.210+0000] {logging_mixin.py:188} INFO - [2024-04-24T05:17:54.210+0000] {dag.py:3834} INFO - Setting next_dagrun for example_external_task_marker_child to None, run_after=None
[2024-04-24T05:17:54.212+0000] {logging_mixin.py:188} INFO - [2024-04-24T05:17:54.212+0000] {dag.py:3834} INFO - Setting next_dagrun for example_external_task_marker_parent to None, run_after=None
[2024-04-24T05:17:54.223+0000] {processor.py:183} INFO - Processing /home/airflow/.local/lib/python3.8/site-packages/airflow/example_dags/example_external_task_marker_dag.py took 0.040 seconds
[2024-04-24T05:18:24.955+0000] {processor.py:161} INFO - Started process (PID=908) to work on /home/airflow/.local/lib/python3.8/site-packages/airflow/example_dags/example_external_task_marker_dag.py
[2024-04-24T05:18:24.955+0000] {processor.py:830} INFO - Processing file /home/airflow/.local/lib/python3.8/site-packages/airflow/example_dags/example_external_task_marker_dag.py for tasks to queue
[2024-04-24T05:18:24.956+0000] {logging_mixin.py:188} INFO - [2024-04-24T05:18:24.956+0000] {dagbag.py:540} INFO - Filling up the DagBag from /home/airflow/.local/lib/python3.8/site-packages/airflow/example_dags/example_external_task_marker_dag.py
[2024-04-24T05:18:24.960+0000] {processor.py:840} INFO - DAG(s) 'example_external_task_marker_child', 'example_external_task_marker_parent' retrieved from /home/airflow/.local/lib/python3.8/site-packages/airflow/example_dags/example_external_task_marker_dag.py
[2024-04-24T05:18:24.972+0000] {logging_mixin.py:188} INFO - [2024-04-24T05:18:24.972+0000] {dag.py:3047} INFO - Sync 2 DAGs
[2024-04-24T05:18:24.978+0000] {logging_mixin.py:188} INFO - [2024-04-24T05:18:24.978+0000] {dag.py:3834} INFO - Setting next_dagrun for example_external_task_marker_child to None, run_after=None
[2024-04-24T05:18:24.980+0000] {logging_mixin.py:188} INFO - [2024-04-24T05:18:24.980+0000] {dag.py:3834} INFO - Setting next_dagrun for example_external_task_marker_parent to None, run_after=None
[2024-04-24T05:18:24.990+0000] {processor.py:183} INFO - Processing /home/airflow/.local/lib/python3.8/site-packages/airflow/example_dags/example_external_task_marker_dag.py took 0.037 seconds
[2024-04-24T05:18:55.441+0000] {processor.py:161} INFO - Started process (PID=966) to work on /home/airflow/.local/lib/python3.8/site-packages/airflow/example_dags/example_external_task_marker_dag.py
[2024-04-24T05:18:55.441+0000] {processor.py:830} INFO - Processing file /home/airflow/.local/lib/python3.8/site-packages/airflow/example_dags/example_external_task_marker_dag.py for tasks to queue
[2024-04-24T05:18:55.442+0000] {logging_mixin.py:188} INFO - [2024-04-24T05:18:55.442+0000] {dagbag.py:540} INFO - Filling up the DagBag from /home/airflow/.local/lib/python3.8/site-packages/airflow/example_dags/example_external_task_marker_dag.py
[2024-04-24T05:18:55.446+0000] {processor.py:840} INFO - DAG(s) 'example_external_task_marker_child', 'example_external_task_marker_parent' retrieved from /home/airflow/.local/lib/python3.8/site-packages/airflow/example_dags/example_external_task_marker_dag.py
[2024-04-24T05:18:55.458+0000] {logging_mixin.py:188} INFO - [2024-04-24T05:18:55.458+0000] {dag.py:3047} INFO - Sync 2 DAGs
[2024-04-24T05:18:55.465+0000] {logging_mixin.py:188} INFO - [2024-04-24T05:18:55.464+0000] {dag.py:3834} INFO - Setting next_dagrun for example_external_task_marker_child to None, run_after=None
[2024-04-24T05:18:55.466+0000] {logging_mixin.py:188} INFO - [2024-04-24T05:18:55.466+0000] {dag.py:3834} INFO - Setting next_dagrun for example_external_task_marker_parent to None, run_after=None
[2024-04-24T05:18:55.475+0000] {processor.py:183} INFO - Processing /home/airflow/.local/lib/python3.8/site-packages/airflow/example_dags/example_external_task_marker_dag.py took 0.036 seconds
[2024-04-24T05:19:26.089+0000] {processor.py:161} INFO - Started process (PID=1024) to work on /home/airflow/.local/lib/python3.8/site-packages/airflow/example_dags/example_external_task_marker_dag.py
[2024-04-24T05:19:26.090+0000] {processor.py:830} INFO - Processing file /home/airflow/.local/lib/python3.8/site-packages/airflow/example_dags/example_external_task_marker_dag.py for tasks to queue
[2024-04-24T05:19:26.091+0000] {logging_mixin.py:188} INFO - [2024-04-24T05:19:26.091+0000] {dagbag.py:540} INFO - Filling up the DagBag from /home/airflow/.local/lib/python3.8/site-packages/airflow/example_dags/example_external_task_marker_dag.py
[2024-04-24T05:19:26.094+0000] {processor.py:840} INFO - DAG(s) 'example_external_task_marker_parent', 'example_external_task_marker_child' retrieved from /home/airflow/.local/lib/python3.8/site-packages/airflow/example_dags/example_external_task_marker_dag.py
[2024-04-24T05:19:26.106+0000] {logging_mixin.py:188} INFO - [2024-04-24T05:19:26.106+0000] {dag.py:3047} INFO - Sync 2 DAGs
[2024-04-24T05:19:26.113+0000] {logging_mixin.py:188} INFO - [2024-04-24T05:19:26.113+0000] {dag.py:3834} INFO - Setting next_dagrun for example_external_task_marker_child to None, run_after=None
[2024-04-24T05:19:26.115+0000] {logging_mixin.py:188} INFO - [2024-04-24T05:19:26.115+0000] {dag.py:3834} INFO - Setting next_dagrun for example_external_task_marker_parent to None, run_after=None
[2024-04-24T05:19:26.124+0000] {processor.py:183} INFO - Processing /home/airflow/.local/lib/python3.8/site-packages/airflow/example_dags/example_external_task_marker_dag.py took 0.036 seconds
[2024-04-24T05:19:56.580+0000] {processor.py:161} INFO - Started process (PID=1082) to work on /home/airflow/.local/lib/python3.8/site-packages/airflow/example_dags/example_external_task_marker_dag.py
[2024-04-24T05:19:56.581+0000] {processor.py:830} INFO - Processing file /home/airflow/.local/lib/python3.8/site-packages/airflow/example_dags/example_external_task_marker_dag.py for tasks to queue
[2024-04-24T05:19:56.582+0000] {logging_mixin.py:188} INFO - [2024-04-24T05:19:56.582+0000] {dagbag.py:540} INFO - Filling up the DagBag from /home/airflow/.local/lib/python3.8/site-packages/airflow/example_dags/example_external_task_marker_dag.py
[2024-04-24T05:19:56.585+0000] {processor.py:840} INFO - DAG(s) 'example_external_task_marker_parent', 'example_external_task_marker_child' retrieved from /home/airflow/.local/lib/python3.8/site-packages/airflow/example_dags/example_external_task_marker_dag.py
[2024-04-24T05:19:56.597+0000] {logging_mixin.py:188} INFO - [2024-04-24T05:19:56.597+0000] {dag.py:3047} INFO - Sync 2 DAGs
[2024-04-24T05:19:56.604+0000] {logging_mixin.py:188} INFO - [2024-04-24T05:19:56.604+0000] {dag.py:3834} INFO - Setting next_dagrun for example_external_task_marker_child to None, run_after=None
[2024-04-24T05:19:56.606+0000] {logging_mixin.py:188} INFO - [2024-04-24T05:19:56.606+0000] {dag.py:3834} INFO - Setting next_dagrun for example_external_task_marker_parent to None, run_after=None
[2024-04-24T05:19:56.614+0000] {processor.py:183} INFO - Processing /home/airflow/.local/lib/python3.8/site-packages/airflow/example_dags/example_external_task_marker_dag.py took 0.036 seconds
[2024-04-24T05:20:27.260+0000] {processor.py:161} INFO - Started process (PID=1140) to work on /home/airflow/.local/lib/python3.8/site-packages/airflow/example_dags/example_external_task_marker_dag.py
[2024-04-24T05:20:27.261+0000] {processor.py:830} INFO - Processing file /home/airflow/.local/lib/python3.8/site-packages/airflow/example_dags/example_external_task_marker_dag.py for tasks to queue
[2024-04-24T05:20:27.262+0000] {logging_mixin.py:188} INFO - [2024-04-24T05:20:27.262+0000] {dagbag.py:540} INFO - Filling up the DagBag from /home/airflow/.local/lib/python3.8/site-packages/airflow/example_dags/example_external_task_marker_dag.py
[2024-04-24T05:20:27.265+0000] {processor.py:840} INFO - DAG(s) 'example_external_task_marker_parent', 'example_external_task_marker_child' retrieved from /home/airflow/.local/lib/python3.8/site-packages/airflow/example_dags/example_external_task_marker_dag.py
[2024-04-24T05:20:27.277+0000] {logging_mixin.py:188} INFO - [2024-04-24T05:20:27.276+0000] {dag.py:3047} INFO - Sync 2 DAGs
[2024-04-24T05:20:27.283+0000] {logging_mixin.py:188} INFO - [2024-04-24T05:20:27.283+0000] {dag.py:3834} INFO - Setting next_dagrun for example_external_task_marker_child to None, run_after=None
[2024-04-24T05:20:27.285+0000] {logging_mixin.py:188} INFO - [2024-04-24T05:20:27.285+0000] {dag.py:3834} INFO - Setting next_dagrun for example_external_task_marker_parent to None, run_after=None
[2024-04-24T05:20:27.294+0000] {processor.py:183} INFO - Processing /home/airflow/.local/lib/python3.8/site-packages/airflow/example_dags/example_external_task_marker_dag.py took 0.035 seconds
[2024-04-24T05:20:57.711+0000] {processor.py:161} INFO - Started process (PID=1198) to work on /home/airflow/.local/lib/python3.8/site-packages/airflow/example_dags/example_external_task_marker_dag.py
[2024-04-24T05:20:57.712+0000] {processor.py:830} INFO - Processing file /home/airflow/.local/lib/python3.8/site-packages/airflow/example_dags/example_external_task_marker_dag.py for tasks to queue
[2024-04-24T05:20:57.713+0000] {logging_mixin.py:188} INFO - [2024-04-24T05:20:57.712+0000] {dagbag.py:540} INFO - Filling up the DagBag from /home/airflow/.local/lib/python3.8/site-packages/airflow/example_dags/example_external_task_marker_dag.py
[2024-04-24T05:20:57.716+0000] {processor.py:840} INFO - DAG(s) 'example_external_task_marker_child', 'example_external_task_marker_parent' retrieved from /home/airflow/.local/lib/python3.8/site-packages/airflow/example_dags/example_external_task_marker_dag.py
[2024-04-24T05:20:57.728+0000] {logging_mixin.py:188} INFO - [2024-04-24T05:20:57.728+0000] {dag.py:3047} INFO - Sync 2 DAGs
[2024-04-24T05:20:57.734+0000] {logging_mixin.py:188} INFO - [2024-04-24T05:20:57.734+0000] {dag.py:3834} INFO - Setting next_dagrun for example_external_task_marker_child to None, run_after=None
[2024-04-24T05:20:57.736+0000] {logging_mixin.py:188} INFO - [2024-04-24T05:20:57.736+0000] {dag.py:3834} INFO - Setting next_dagrun for example_external_task_marker_parent to None, run_after=None
[2024-04-24T05:20:57.745+0000] {processor.py:183} INFO - Processing /home/airflow/.local/lib/python3.8/site-packages/airflow/example_dags/example_external_task_marker_dag.py took 0.036 seconds
[2024-04-24T05:21:28.232+0000] {processor.py:161} INFO - Started process (PID=1256) to work on /home/airflow/.local/lib/python3.8/site-packages/airflow/example_dags/example_external_task_marker_dag.py
[2024-04-24T05:21:28.233+0000] {processor.py:830} INFO - Processing file /home/airflow/.local/lib/python3.8/site-packages/airflow/example_dags/example_external_task_marker_dag.py for tasks to queue
[2024-04-24T05:21:28.234+0000] {logging_mixin.py:188} INFO - [2024-04-24T05:21:28.234+0000] {dagbag.py:540} INFO - Filling up the DagBag from /home/airflow/.local/lib/python3.8/site-packages/airflow/example_dags/example_external_task_marker_dag.py
[2024-04-24T05:21:28.237+0000] {processor.py:840} INFO - DAG(s) 'example_external_task_marker_parent', 'example_external_task_marker_child' retrieved from /home/airflow/.local/lib/python3.8/site-packages/airflow/example_dags/example_external_task_marker_dag.py
[2024-04-24T05:21:28.249+0000] {logging_mixin.py:188} INFO - [2024-04-24T05:21:28.248+0000] {dag.py:3047} INFO - Sync 2 DAGs
[2024-04-24T05:21:28.255+0000] {logging_mixin.py:188} INFO - [2024-04-24T05:21:28.255+0000] {dag.py:3834} INFO - Setting next_dagrun for example_external_task_marker_child to None, run_after=None
[2024-04-24T05:21:28.257+0000] {logging_mixin.py:188} INFO - [2024-04-24T05:21:28.257+0000] {dag.py:3834} INFO - Setting next_dagrun for example_external_task_marker_parent to None, run_after=None
[2024-04-24T05:21:28.266+0000] {processor.py:183} INFO - Processing /home/airflow/.local/lib/python3.8/site-packages/airflow/example_dags/example_external_task_marker_dag.py took 0.036 seconds
[2024-04-24T05:21:58.704+0000] {processor.py:161} INFO - Started process (PID=1314) to work on /home/airflow/.local/lib/python3.8/site-packages/airflow/example_dags/example_external_task_marker_dag.py
[2024-04-24T05:21:58.704+0000] {processor.py:830} INFO - Processing file /home/airflow/.local/lib/python3.8/site-packages/airflow/example_dags/example_external_task_marker_dag.py for tasks to queue
[2024-04-24T05:21:58.705+0000] {logging_mixin.py:188} INFO - [2024-04-24T05:21:58.705+0000] {dagbag.py:540} INFO - Filling up the DagBag from /home/airflow/.local/lib/python3.8/site-packages/airflow/example_dags/example_external_task_marker_dag.py
[2024-04-24T05:21:58.708+0000] {processor.py:840} INFO - DAG(s) 'example_external_task_marker_parent', 'example_external_task_marker_child' retrieved from /home/airflow/.local/lib/python3.8/site-packages/airflow/example_dags/example_external_task_marker_dag.py
[2024-04-24T05:21:58.720+0000] {logging_mixin.py:188} INFO - [2024-04-24T05:21:58.720+0000] {dag.py:3047} INFO - Sync 2 DAGs
[2024-04-24T05:21:58.726+0000] {logging_mixin.py:188} INFO - [2024-04-24T05:21:58.726+0000] {dag.py:3834} INFO - Setting next_dagrun for example_external_task_marker_child to None, run_after=None
[2024-04-24T05:21:58.728+0000] {logging_mixin.py:188} INFO - [2024-04-24T05:21:58.728+0000] {dag.py:3834} INFO - Setting next_dagrun for example_external_task_marker_parent to None, run_after=None
[2024-04-24T05:21:58.737+0000] {processor.py:183} INFO - Processing /home/airflow/.local/lib/python3.8/site-packages/airflow/example_dags/example_external_task_marker_dag.py took 0.035 seconds
[2024-04-24T05:22:29.277+0000] {processor.py:161} INFO - Started process (PID=1372) to work on /home/airflow/.local/lib/python3.8/site-packages/airflow/example_dags/example_external_task_marker_dag.py
[2024-04-24T05:22:29.277+0000] {processor.py:830} INFO - Processing file /home/airflow/.local/lib/python3.8/site-packages/airflow/example_dags/example_external_task_marker_dag.py for tasks to queue
[2024-04-24T05:22:29.278+0000] {logging_mixin.py:188} INFO - [2024-04-24T05:22:29.278+0000] {dagbag.py:540} INFO - Filling up the DagBag from /home/airflow/.local/lib/python3.8/site-packages/airflow/example_dags/example_external_task_marker_dag.py
[2024-04-24T05:22:29.281+0000] {processor.py:840} INFO - DAG(s) 'example_external_task_marker_child', 'example_external_task_marker_parent' retrieved from /home/airflow/.local/lib/python3.8/site-packages/airflow/example_dags/example_external_task_marker_dag.py
[2024-04-24T05:22:29.293+0000] {logging_mixin.py:188} INFO - [2024-04-24T05:22:29.293+0000] {dag.py:3047} INFO - Sync 2 DAGs
[2024-04-24T05:22:29.299+0000] {logging_mixin.py:188} INFO - [2024-04-24T05:22:29.299+0000] {dag.py:3834} INFO - Setting next_dagrun for example_external_task_marker_child to None, run_after=None
[2024-04-24T05:22:29.301+0000] {logging_mixin.py:188} INFO - [2024-04-24T05:22:29.301+0000] {dag.py:3834} INFO - Setting next_dagrun for example_external_task_marker_parent to None, run_after=None
[2024-04-24T05:22:29.310+0000] {processor.py:183} INFO - Processing /home/airflow/.local/lib/python3.8/site-packages/airflow/example_dags/example_external_task_marker_dag.py took 0.035 seconds
[2024-04-24T05:22:59.713+0000] {processor.py:161} INFO - Started process (PID=1430) to work on /home/airflow/.local/lib/python3.8/site-packages/airflow/example_dags/example_external_task_marker_dag.py
[2024-04-24T05:22:59.714+0000] {processor.py:830} INFO - Processing file /home/airflow/.local/lib/python3.8/site-packages/airflow/example_dags/example_external_task_marker_dag.py for tasks to queue
[2024-04-24T05:22:59.715+0000] {logging_mixin.py:188} INFO - [2024-04-24T05:22:59.715+0000] {dagbag.py:540} INFO - Filling up the DagBag from /home/airflow/.local/lib/python3.8/site-packages/airflow/example_dags/example_external_task_marker_dag.py
[2024-04-24T05:22:59.718+0000] {processor.py:840} INFO - DAG(s) 'example_external_task_marker_parent', 'example_external_task_marker_child' retrieved from /home/airflow/.local/lib/python3.8/site-packages/airflow/example_dags/example_external_task_marker_dag.py
[2024-04-24T05:22:59.730+0000] {logging_mixin.py:188} INFO - [2024-04-24T05:22:59.730+0000] {dag.py:3047} INFO - Sync 2 DAGs
[2024-04-24T05:22:59.736+0000] {logging_mixin.py:188} INFO - [2024-04-24T05:22:59.736+0000] {dag.py:3834} INFO - Setting next_dagrun for example_external_task_marker_child to None, run_after=None
[2024-04-24T05:22:59.738+0000] {logging_mixin.py:188} INFO - [2024-04-24T05:22:59.738+0000] {dag.py:3834} INFO - Setting next_dagrun for example_external_task_marker_parent to None, run_after=None
[2024-04-24T05:22:59.747+0000] {processor.py:183} INFO - Processing /home/airflow/.local/lib/python3.8/site-packages/airflow/example_dags/example_external_task_marker_dag.py took 0.036 seconds
[2024-04-24T05:23:30.223+0000] {processor.py:161} INFO - Started process (PID=1488) to work on /home/airflow/.local/lib/python3.8/site-packages/airflow/example_dags/example_external_task_marker_dag.py
[2024-04-24T05:23:30.224+0000] {processor.py:830} INFO - Processing file /home/airflow/.local/lib/python3.8/site-packages/airflow/example_dags/example_external_task_marker_dag.py for tasks to queue
[2024-04-24T05:23:30.225+0000] {logging_mixin.py:188} INFO - [2024-04-24T05:23:30.225+0000] {dagbag.py:540} INFO - Filling up the DagBag from /home/airflow/.local/lib/python3.8/site-packages/airflow/example_dags/example_external_task_marker_dag.py
[2024-04-24T05:23:30.228+0000] {processor.py:840} INFO - DAG(s) 'example_external_task_marker_child', 'example_external_task_marker_parent' retrieved from /home/airflow/.local/lib/python3.8/site-packages/airflow/example_dags/example_external_task_marker_dag.py
[2024-04-24T05:23:30.240+0000] {logging_mixin.py:188} INFO - [2024-04-24T05:23:30.240+0000] {dag.py:3047} INFO - Sync 2 DAGs
[2024-04-24T05:23:30.246+0000] {logging_mixin.py:188} INFO - [2024-04-24T05:23:30.246+0000] {dag.py:3834} INFO - Setting next_dagrun for example_external_task_marker_child to None, run_after=None
[2024-04-24T05:23:30.248+0000] {logging_mixin.py:188} INFO - [2024-04-24T05:23:30.248+0000] {dag.py:3834} INFO - Setting next_dagrun for example_external_task_marker_parent to None, run_after=None
[2024-04-24T05:23:30.256+0000] {processor.py:183} INFO - Processing /home/airflow/.local/lib/python3.8/site-packages/airflow/example_dags/example_external_task_marker_dag.py took 0.035 seconds
[2024-04-24T05:24:00.729+0000] {processor.py:161} INFO - Started process (PID=1546) to work on /home/airflow/.local/lib/python3.8/site-packages/airflow/example_dags/example_external_task_marker_dag.py
[2024-04-24T05:24:00.730+0000] {processor.py:830} INFO - Processing file /home/airflow/.local/lib/python3.8/site-packages/airflow/example_dags/example_external_task_marker_dag.py for tasks to queue
[2024-04-24T05:24:00.731+0000] {logging_mixin.py:188} INFO - [2024-04-24T05:24:00.731+0000] {dagbag.py:540} INFO - Filling up the DagBag from /home/airflow/.local/lib/python3.8/site-packages/airflow/example_dags/example_external_task_marker_dag.py
[2024-04-24T05:24:00.734+0000] {processor.py:840} INFO - DAG(s) 'example_external_task_marker_child', 'example_external_task_marker_parent' retrieved from /home/airflow/.local/lib/python3.8/site-packages/airflow/example_dags/example_external_task_marker_dag.py
[2024-04-24T05:24:00.746+0000] {logging_mixin.py:188} INFO - [2024-04-24T05:24:00.746+0000] {dag.py:3047} INFO - Sync 2 DAGs
[2024-04-24T05:24:00.753+0000] {logging_mixin.py:188} INFO - [2024-04-24T05:24:00.753+0000] {dag.py:3834} INFO - Setting next_dagrun for example_external_task_marker_child to None, run_after=None
[2024-04-24T05:24:00.755+0000] {logging_mixin.py:188} INFO - [2024-04-24T05:24:00.754+0000] {dag.py:3834} INFO - Setting next_dagrun for example_external_task_marker_parent to None, run_after=None
[2024-04-24T05:24:00.763+0000] {processor.py:183} INFO - Processing /home/airflow/.local/lib/python3.8/site-packages/airflow/example_dags/example_external_task_marker_dag.py took 0.036 seconds
[2024-04-24T05:24:31.184+0000] {processor.py:161} INFO - Started process (PID=1604) to work on /home/airflow/.local/lib/python3.8/site-packages/airflow/example_dags/example_external_task_marker_dag.py
[2024-04-24T05:24:31.185+0000] {processor.py:830} INFO - Processing file /home/airflow/.local/lib/python3.8/site-packages/airflow/example_dags/example_external_task_marker_dag.py for tasks to queue
[2024-04-24T05:24:31.186+0000] {logging_mixin.py:188} INFO - [2024-04-24T05:24:31.186+0000] {dagbag.py:540} INFO - Filling up the DagBag from /home/airflow/.local/lib/python3.8/site-packages/airflow/example_dags/example_external_task_marker_dag.py
[2024-04-24T05:24:31.189+0000] {processor.py:840} INFO - DAG(s) 'example_external_task_marker_child', 'example_external_task_marker_parent' retrieved from /home/airflow/.local/lib/python3.8/site-packages/airflow/example_dags/example_external_task_marker_dag.py
[2024-04-24T05:24:31.201+0000] {logging_mixin.py:188} INFO - [2024-04-24T05:24:31.201+0000] {dag.py:3047} INFO - Sync 2 DAGs
[2024-04-24T05:24:31.207+0000] {logging_mixin.py:188} INFO - [2024-04-24T05:24:31.207+0000] {dag.py:3834} INFO - Setting next_dagrun for example_external_task_marker_child to None, run_after=None
[2024-04-24T05:24:31.209+0000] {logging_mixin.py:188} INFO - [2024-04-24T05:24:31.209+0000] {dag.py:3834} INFO - Setting next_dagrun for example_external_task_marker_parent to None, run_after=None
[2024-04-24T05:24:31.218+0000] {processor.py:183} INFO - Processing /home/airflow/.local/lib/python3.8/site-packages/airflow/example_dags/example_external_task_marker_dag.py took 0.035 seconds
[2024-04-24T05:25:01.689+0000] {processor.py:161} INFO - Started process (PID=1662) to work on /home/airflow/.local/lib/python3.8/site-packages/airflow/example_dags/example_external_task_marker_dag.py
[2024-04-24T05:25:01.690+0000] {processor.py:830} INFO - Processing file /home/airflow/.local/lib/python3.8/site-packages/airflow/example_dags/example_external_task_marker_dag.py for tasks to queue
[2024-04-24T05:25:01.691+0000] {logging_mixin.py:188} INFO - [2024-04-24T05:25:01.691+0000] {dagbag.py:540} INFO - Filling up the DagBag from /home/airflow/.local/lib/python3.8/site-packages/airflow/example_dags/example_external_task_marker_dag.py
[2024-04-24T05:25:01.694+0000] {processor.py:840} INFO - DAG(s) 'example_external_task_marker_parent', 'example_external_task_marker_child' retrieved from /home/airflow/.local/lib/python3.8/site-packages/airflow/example_dags/example_external_task_marker_dag.py
[2024-04-24T05:25:01.706+0000] {logging_mixin.py:188} INFO - [2024-04-24T05:25:01.705+0000] {dag.py:3047} INFO - Sync 2 DAGs
[2024-04-24T05:25:01.712+0000] {logging_mixin.py:188} INFO - [2024-04-24T05:25:01.712+0000] {dag.py:3834} INFO - Setting next_dagrun for example_external_task_marker_child to None, run_after=None
[2024-04-24T05:25:01.714+0000] {logging_mixin.py:188} INFO - [2024-04-24T05:25:01.714+0000] {dag.py:3834} INFO - Setting next_dagrun for example_external_task_marker_parent to None, run_after=None
[2024-04-24T05:25:01.723+0000] {processor.py:183} INFO - Processing /home/airflow/.local/lib/python3.8/site-packages/airflow/example_dags/example_external_task_marker_dag.py took 0.035 seconds
[2024-04-24T05:25:32.105+0000] {processor.py:161} INFO - Started process (PID=1720) to work on /home/airflow/.local/lib/python3.8/site-packages/airflow/example_dags/example_external_task_marker_dag.py
[2024-04-24T05:25:32.105+0000] {processor.py:830} INFO - Processing file /home/airflow/.local/lib/python3.8/site-packages/airflow/example_dags/example_external_task_marker_dag.py for tasks to queue
[2024-04-24T05:25:32.106+0000] {logging_mixin.py:188} INFO - [2024-04-24T05:25:32.106+0000] {dagbag.py:540} INFO - Filling up the DagBag from /home/airflow/.local/lib/python3.8/site-packages/airflow/example_dags/example_external_task_marker_dag.py
[2024-04-24T05:25:32.109+0000] {processor.py:840} INFO - DAG(s) 'example_external_task_marker_child', 'example_external_task_marker_parent' retrieved from /home/airflow/.local/lib/python3.8/site-packages/airflow/example_dags/example_external_task_marker_dag.py
[2024-04-24T05:25:32.121+0000] {logging_mixin.py:188} INFO - [2024-04-24T05:25:32.121+0000] {dag.py:3047} INFO - Sync 2 DAGs
[2024-04-24T05:25:32.128+0000] {logging_mixin.py:188} INFO - [2024-04-24T05:25:32.128+0000] {dag.py:3834} INFO - Setting next_dagrun for example_external_task_marker_child to None, run_after=None
[2024-04-24T05:25:32.130+0000] {logging_mixin.py:188} INFO - [2024-04-24T05:25:32.130+0000] {dag.py:3834} INFO - Setting next_dagrun for example_external_task_marker_parent to None, run_after=None
[2024-04-24T05:25:32.139+0000] {processor.py:183} INFO - Processing /home/airflow/.local/lib/python3.8/site-packages/airflow/example_dags/example_external_task_marker_dag.py took 0.036 seconds
[2024-04-24T05:26:02.908+0000] {processor.py:161} INFO - Started process (PID=1778) to work on /home/airflow/.local/lib/python3.8/site-packages/airflow/example_dags/example_external_task_marker_dag.py
[2024-04-24T05:26:02.909+0000] {processor.py:830} INFO - Processing file /home/airflow/.local/lib/python3.8/site-packages/airflow/example_dags/example_external_task_marker_dag.py for tasks to queue
[2024-04-24T05:26:02.910+0000] {logging_mixin.py:188} INFO - [2024-04-24T05:26:02.910+0000] {dagbag.py:540} INFO - Filling up the DagBag from /home/airflow/.local/lib/python3.8/site-packages/airflow/example_dags/example_external_task_marker_dag.py
[2024-04-24T05:26:02.913+0000] {processor.py:840} INFO - DAG(s) 'example_external_task_marker_parent', 'example_external_task_marker_child' retrieved from /home/airflow/.local/lib/python3.8/site-packages/airflow/example_dags/example_external_task_marker_dag.py
[2024-04-24T05:26:02.925+0000] {logging_mixin.py:188} INFO - [2024-04-24T05:26:02.925+0000] {dag.py:3047} INFO - Sync 2 DAGs
[2024-04-24T05:26:02.931+0000] {logging_mixin.py:188} INFO - [2024-04-24T05:26:02.931+0000] {dag.py:3834} INFO - Setting next_dagrun for example_external_task_marker_child to None, run_after=None
[2024-04-24T05:26:02.933+0000] {logging_mixin.py:188} INFO - [2024-04-24T05:26:02.933+0000] {dag.py:3834} INFO - Setting next_dagrun for example_external_task_marker_parent to None, run_after=None
[2024-04-24T05:26:02.942+0000] {processor.py:183} INFO - Processing /home/airflow/.local/lib/python3.8/site-packages/airflow/example_dags/example_external_task_marker_dag.py took 0.036 seconds
[2024-04-24T05:26:33.387+0000] {processor.py:161} INFO - Started process (PID=1836) to work on /home/airflow/.local/lib/python3.8/site-packages/airflow/example_dags/example_external_task_marker_dag.py
[2024-04-24T05:26:33.388+0000] {processor.py:830} INFO - Processing file /home/airflow/.local/lib/python3.8/site-packages/airflow/example_dags/example_external_task_marker_dag.py for tasks to queue
[2024-04-24T05:26:33.389+0000] {logging_mixin.py:188} INFO - [2024-04-24T05:26:33.389+0000] {dagbag.py:540} INFO - Filling up the DagBag from /home/airflow/.local/lib/python3.8/site-packages/airflow/example_dags/example_external_task_marker_dag.py
[2024-04-24T05:26:33.392+0000] {processor.py:840} INFO - DAG(s) 'example_external_task_marker_parent', 'example_external_task_marker_child' retrieved from /home/airflow/.local/lib/python3.8/site-packages/airflow/example_dags/example_external_task_marker_dag.py
[2024-04-24T05:26:33.404+0000] {logging_mixin.py:188} INFO - [2024-04-24T05:26:33.404+0000] {dag.py:3047} INFO - Sync 2 DAGs
[2024-04-24T05:26:33.410+0000] {logging_mixin.py:188} INFO - [2024-04-24T05:26:33.410+0000] {dag.py:3834} INFO - Setting next_dagrun for example_external_task_marker_child to None, run_after=None
[2024-04-24T05:26:33.412+0000] {logging_mixin.py:188} INFO - [2024-04-24T05:26:33.412+0000] {dag.py:3834} INFO - Setting next_dagrun for example_external_task_marker_parent to None, run_after=None
[2024-04-24T05:26:33.421+0000] {processor.py:183} INFO - Processing /home/airflow/.local/lib/python3.8/site-packages/airflow/example_dags/example_external_task_marker_dag.py took 0.036 seconds
[2024-04-24T05:27:04.216+0000] {processor.py:161} INFO - Started process (PID=1894) to work on /home/airflow/.local/lib/python3.8/site-packages/airflow/example_dags/example_external_task_marker_dag.py
[2024-04-24T05:27:04.216+0000] {processor.py:830} INFO - Processing file /home/airflow/.local/lib/python3.8/site-packages/airflow/example_dags/example_external_task_marker_dag.py for tasks to queue
[2024-04-24T05:27:04.217+0000] {logging_mixin.py:188} INFO - [2024-04-24T05:27:04.217+0000] {dagbag.py:540} INFO - Filling up the DagBag from /home/airflow/.local/lib/python3.8/site-packages/airflow/example_dags/example_external_task_marker_dag.py
[2024-04-24T05:27:04.221+0000] {processor.py:840} INFO - DAG(s) 'example_external_task_marker_child', 'example_external_task_marker_parent' retrieved from /home/airflow/.local/lib/python3.8/site-packages/airflow/example_dags/example_external_task_marker_dag.py
[2024-04-24T05:27:04.233+0000] {logging_mixin.py:188} INFO - [2024-04-24T05:27:04.233+0000] {dag.py:3047} INFO - Sync 2 DAGs
[2024-04-24T05:27:04.240+0000] {logging_mixin.py:188} INFO - [2024-04-24T05:27:04.240+0000] {dag.py:3834} INFO - Setting next_dagrun for example_external_task_marker_child to None, run_after=None
[2024-04-24T05:27:04.242+0000] {logging_mixin.py:188} INFO - [2024-04-24T05:27:04.241+0000] {dag.py:3834} INFO - Setting next_dagrun for example_external_task_marker_parent to None, run_after=None
[2024-04-24T05:27:04.250+0000] {processor.py:183} INFO - Processing /home/airflow/.local/lib/python3.8/site-packages/airflow/example_dags/example_external_task_marker_dag.py took 0.036 seconds
[2024-04-24T05:27:34.808+0000] {processor.py:161} INFO - Started process (PID=1952) to work on /home/airflow/.local/lib/python3.8/site-packages/airflow/example_dags/example_external_task_marker_dag.py
[2024-04-24T05:27:34.808+0000] {processor.py:830} INFO - Processing file /home/airflow/.local/lib/python3.8/site-packages/airflow/example_dags/example_external_task_marker_dag.py for tasks to queue
[2024-04-24T05:27:34.809+0000] {logging_mixin.py:188} INFO - [2024-04-24T05:27:34.809+0000] {dagbag.py:540} INFO - Filling up the DagBag from /home/airflow/.local/lib/python3.8/site-packages/airflow/example_dags/example_external_task_marker_dag.py
[2024-04-24T05:27:34.813+0000] {processor.py:840} INFO - DAG(s) 'example_external_task_marker_child', 'example_external_task_marker_parent' retrieved from /home/airflow/.local/lib/python3.8/site-packages/airflow/example_dags/example_external_task_marker_dag.py
[2024-04-24T05:27:34.825+0000] {logging_mixin.py:188} INFO - [2024-04-24T05:27:34.825+0000] {dag.py:3047} INFO - Sync 2 DAGs
[2024-04-24T05:27:34.832+0000] {logging_mixin.py:188} INFO - [2024-04-24T05:27:34.832+0000] {dag.py:3834} INFO - Setting next_dagrun for example_external_task_marker_child to None, run_after=None
[2024-04-24T05:27:34.834+0000] {logging_mixin.py:188} INFO - [2024-04-24T05:27:34.834+0000] {dag.py:3834} INFO - Setting next_dagrun for example_external_task_marker_parent to None, run_after=None
[2024-04-24T05:27:34.844+0000] {processor.py:183} INFO - Processing /home/airflow/.local/lib/python3.8/site-packages/airflow/example_dags/example_external_task_marker_dag.py took 0.038 seconds
[2024-04-24T05:28:05.508+0000] {processor.py:161} INFO - Started process (PID=2010) to work on /home/airflow/.local/lib/python3.8/site-packages/airflow/example_dags/example_external_task_marker_dag.py
[2024-04-24T05:28:05.508+0000] {processor.py:830} INFO - Processing file /home/airflow/.local/lib/python3.8/site-packages/airflow/example_dags/example_external_task_marker_dag.py for tasks to queue
[2024-04-24T05:28:05.509+0000] {logging_mixin.py:188} INFO - [2024-04-24T05:28:05.509+0000] {dagbag.py:540} INFO - Filling up the DagBag from /home/airflow/.local/lib/python3.8/site-packages/airflow/example_dags/example_external_task_marker_dag.py
[2024-04-24T05:28:05.512+0000] {processor.py:840} INFO - DAG(s) 'example_external_task_marker_child', 'example_external_task_marker_parent' retrieved from /home/airflow/.local/lib/python3.8/site-packages/airflow/example_dags/example_external_task_marker_dag.py
[2024-04-24T05:28:05.526+0000] {logging_mixin.py:188} INFO - [2024-04-24T05:28:05.526+0000] {dag.py:3047} INFO - Sync 2 DAGs
[2024-04-24T05:28:05.533+0000] {logging_mixin.py:188} INFO - [2024-04-24T05:28:05.533+0000] {dag.py:3834} INFO - Setting next_dagrun for example_external_task_marker_child to None, run_after=None
[2024-04-24T05:28:05.539+0000] {logging_mixin.py:188} INFO - [2024-04-24T05:28:05.539+0000] {dag.py:3834} INFO - Setting next_dagrun for example_external_task_marker_parent to None, run_after=None
[2024-04-24T05:28:05.553+0000] {processor.py:183} INFO - Processing /home/airflow/.local/lib/python3.8/site-packages/airflow/example_dags/example_external_task_marker_dag.py took 0.048 seconds
[2024-04-24T05:28:36.184+0000] {processor.py:161} INFO - Started process (PID=2068) to work on /home/airflow/.local/lib/python3.8/site-packages/airflow/example_dags/example_external_task_marker_dag.py
[2024-04-24T05:28:36.185+0000] {processor.py:830} INFO - Processing file /home/airflow/.local/lib/python3.8/site-packages/airflow/example_dags/example_external_task_marker_dag.py for tasks to queue
[2024-04-24T05:28:36.186+0000] {logging_mixin.py:188} INFO - [2024-04-24T05:28:36.185+0000] {dagbag.py:540} INFO - Filling up the DagBag from /home/airflow/.local/lib/python3.8/site-packages/airflow/example_dags/example_external_task_marker_dag.py
[2024-04-24T05:28:36.189+0000] {processor.py:840} INFO - DAG(s) 'example_external_task_marker_parent', 'example_external_task_marker_child' retrieved from /home/airflow/.local/lib/python3.8/site-packages/airflow/example_dags/example_external_task_marker_dag.py
[2024-04-24T05:28:36.200+0000] {logging_mixin.py:188} INFO - [2024-04-24T05:28:36.200+0000] {dag.py:3047} INFO - Sync 2 DAGs
[2024-04-24T05:28:36.207+0000] {logging_mixin.py:188} INFO - [2024-04-24T05:28:36.206+0000] {dag.py:3834} INFO - Setting next_dagrun for example_external_task_marker_child to None, run_after=None
[2024-04-24T05:28:36.208+0000] {logging_mixin.py:188} INFO - [2024-04-24T05:28:36.208+0000] {dag.py:3834} INFO - Setting next_dagrun for example_external_task_marker_parent to None, run_after=None
[2024-04-24T05:28:36.217+0000] {processor.py:183} INFO - Processing /home/airflow/.local/lib/python3.8/site-packages/airflow/example_dags/example_external_task_marker_dag.py took 0.035 seconds
[2024-04-24T05:29:06.872+0000] {processor.py:161} INFO - Started process (PID=2126) to work on /home/airflow/.local/lib/python3.8/site-packages/airflow/example_dags/example_external_task_marker_dag.py
[2024-04-24T05:29:06.872+0000] {processor.py:830} INFO - Processing file /home/airflow/.local/lib/python3.8/site-packages/airflow/example_dags/example_external_task_marker_dag.py for tasks to queue
[2024-04-24T05:29:06.874+0000] {logging_mixin.py:188} INFO - [2024-04-24T05:29:06.873+0000] {dagbag.py:540} INFO - Filling up the DagBag from /home/airflow/.local/lib/python3.8/site-packages/airflow/example_dags/example_external_task_marker_dag.py
[2024-04-24T05:29:06.877+0000] {processor.py:840} INFO - DAG(s) 'example_external_task_marker_parent', 'example_external_task_marker_child' retrieved from /home/airflow/.local/lib/python3.8/site-packages/airflow/example_dags/example_external_task_marker_dag.py
[2024-04-24T05:29:06.890+0000] {logging_mixin.py:188} INFO - [2024-04-24T05:29:06.890+0000] {dag.py:3047} INFO - Sync 2 DAGs
[2024-04-24T05:29:06.896+0000] {logging_mixin.py:188} INFO - [2024-04-24T05:29:06.896+0000] {dag.py:3834} INFO - Setting next_dagrun for example_external_task_marker_child to None, run_after=None
[2024-04-24T05:29:06.898+0000] {logging_mixin.py:188} INFO - [2024-04-24T05:29:06.898+0000] {dag.py:3834} INFO - Setting next_dagrun for example_external_task_marker_parent to None, run_after=None
[2024-04-24T05:29:06.907+0000] {processor.py:183} INFO - Processing /home/airflow/.local/lib/python3.8/site-packages/airflow/example_dags/example_external_task_marker_dag.py took 0.037 seconds
[2024-04-24T05:29:37.309+0000] {processor.py:161} INFO - Started process (PID=2184) to work on /home/airflow/.local/lib/python3.8/site-packages/airflow/example_dags/example_external_task_marker_dag.py
[2024-04-24T05:29:37.309+0000] {processor.py:830} INFO - Processing file /home/airflow/.local/lib/python3.8/site-packages/airflow/example_dags/example_external_task_marker_dag.py for tasks to queue
[2024-04-24T05:29:37.310+0000] {logging_mixin.py:188} INFO - [2024-04-24T05:29:37.310+0000] {dagbag.py:540} INFO - Filling up the DagBag from /home/airflow/.local/lib/python3.8/site-packages/airflow/example_dags/example_external_task_marker_dag.py
[2024-04-24T05:29:37.314+0000] {processor.py:840} INFO - DAG(s) 'example_external_task_marker_child', 'example_external_task_marker_parent' retrieved from /home/airflow/.local/lib/python3.8/site-packages/airflow/example_dags/example_external_task_marker_dag.py
[2024-04-24T05:29:37.326+0000] {logging_mixin.py:188} INFO - [2024-04-24T05:29:37.326+0000] {dag.py:3047} INFO - Sync 2 DAGs
[2024-04-24T05:29:37.333+0000] {logging_mixin.py:188} INFO - [2024-04-24T05:29:37.333+0000] {dag.py:3834} INFO - Setting next_dagrun for example_external_task_marker_child to None, run_after=None
[2024-04-24T05:29:37.334+0000] {logging_mixin.py:188} INFO - [2024-04-24T05:29:37.334+0000] {dag.py:3834} INFO - Setting next_dagrun for example_external_task_marker_parent to None, run_after=None
[2024-04-24T05:29:37.343+0000] {processor.py:183} INFO - Processing /home/airflow/.local/lib/python3.8/site-packages/airflow/example_dags/example_external_task_marker_dag.py took 0.036 seconds
[2024-04-24T05:30:07.903+0000] {processor.py:161} INFO - Started process (PID=2242) to work on /home/airflow/.local/lib/python3.8/site-packages/airflow/example_dags/example_external_task_marker_dag.py
[2024-04-24T05:30:07.904+0000] {processor.py:830} INFO - Processing file /home/airflow/.local/lib/python3.8/site-packages/airflow/example_dags/example_external_task_marker_dag.py for tasks to queue
[2024-04-24T05:30:07.905+0000] {logging_mixin.py:188} INFO - [2024-04-24T05:30:07.905+0000] {dagbag.py:540} INFO - Filling up the DagBag from /home/airflow/.local/lib/python3.8/site-packages/airflow/example_dags/example_external_task_marker_dag.py
[2024-04-24T05:30:07.908+0000] {processor.py:840} INFO - DAG(s) 'example_external_task_marker_child', 'example_external_task_marker_parent' retrieved from /home/airflow/.local/lib/python3.8/site-packages/airflow/example_dags/example_external_task_marker_dag.py
[2024-04-24T05:30:07.920+0000] {logging_mixin.py:188} INFO - [2024-04-24T05:30:07.920+0000] {dag.py:3047} INFO - Sync 2 DAGs
[2024-04-24T05:30:07.927+0000] {logging_mixin.py:188} INFO - [2024-04-24T05:30:07.927+0000] {dag.py:3834} INFO - Setting next_dagrun for example_external_task_marker_child to None, run_after=None
[2024-04-24T05:30:07.929+0000] {logging_mixin.py:188} INFO - [2024-04-24T05:30:07.929+0000] {dag.py:3834} INFO - Setting next_dagrun for example_external_task_marker_parent to None, run_after=None
[2024-04-24T05:30:07.938+0000] {processor.py:183} INFO - Processing /home/airflow/.local/lib/python3.8/site-packages/airflow/example_dags/example_external_task_marker_dag.py took 0.037 seconds
[2024-04-24T05:30:38.478+0000] {processor.py:161} INFO - Started process (PID=2300) to work on /home/airflow/.local/lib/python3.8/site-packages/airflow/example_dags/example_external_task_marker_dag.py
[2024-04-24T05:30:38.479+0000] {processor.py:830} INFO - Processing file /home/airflow/.local/lib/python3.8/site-packages/airflow/example_dags/example_external_task_marker_dag.py for tasks to queue
[2024-04-24T05:30:38.480+0000] {logging_mixin.py:188} INFO - [2024-04-24T05:30:38.479+0000] {dagbag.py:540} INFO - Filling up the DagBag from /home/airflow/.local/lib/python3.8/site-packages/airflow/example_dags/example_external_task_marker_dag.py
[2024-04-24T05:30:38.483+0000] {processor.py:840} INFO - DAG(s) 'example_external_task_marker_child', 'example_external_task_marker_parent' retrieved from /home/airflow/.local/lib/python3.8/site-packages/airflow/example_dags/example_external_task_marker_dag.py
[2024-04-24T05:30:38.495+0000] {logging_mixin.py:188} INFO - [2024-04-24T05:30:38.495+0000] {dag.py:3047} INFO - Sync 2 DAGs
[2024-04-24T05:30:38.501+0000] {logging_mixin.py:188} INFO - [2024-04-24T05:30:38.501+0000] {dag.py:3834} INFO - Setting next_dagrun for example_external_task_marker_child to None, run_after=None
[2024-04-24T05:30:38.503+0000] {logging_mixin.py:188} INFO - [2024-04-24T05:30:38.503+0000] {dag.py:3834} INFO - Setting next_dagrun for example_external_task_marker_parent to None, run_after=None
[2024-04-24T05:30:38.512+0000] {processor.py:183} INFO - Processing /home/airflow/.local/lib/python3.8/site-packages/airflow/example_dags/example_external_task_marker_dag.py took 0.036 seconds
[2024-04-24T05:31:09.029+0000] {processor.py:161} INFO - Started process (PID=2358) to work on /home/airflow/.local/lib/python3.8/site-packages/airflow/example_dags/example_external_task_marker_dag.py
[2024-04-24T05:31:09.030+0000] {processor.py:830} INFO - Processing file /home/airflow/.local/lib/python3.8/site-packages/airflow/example_dags/example_external_task_marker_dag.py for tasks to queue
[2024-04-24T05:31:09.031+0000] {logging_mixin.py:188} INFO - [2024-04-24T05:31:09.031+0000] {dagbag.py:540} INFO - Filling up the DagBag from /home/airflow/.local/lib/python3.8/site-packages/airflow/example_dags/example_external_task_marker_dag.py
[2024-04-24T05:31:09.034+0000] {processor.py:840} INFO - DAG(s) 'example_external_task_marker_parent', 'example_external_task_marker_child' retrieved from /home/airflow/.local/lib/python3.8/site-packages/airflow/example_dags/example_external_task_marker_dag.py
[2024-04-24T05:31:09.046+0000] {logging_mixin.py:188} INFO - [2024-04-24T05:31:09.046+0000] {dag.py:3047} INFO - Sync 2 DAGs
[2024-04-24T05:31:09.053+0000] {logging_mixin.py:188} INFO - [2024-04-24T05:31:09.052+0000] {dag.py:3834} INFO - Setting next_dagrun for example_external_task_marker_child to None, run_after=None
[2024-04-24T05:31:09.055+0000] {logging_mixin.py:188} INFO - [2024-04-24T05:31:09.054+0000] {dag.py:3834} INFO - Setting next_dagrun for example_external_task_marker_parent to None, run_after=None
[2024-04-24T05:31:09.063+0000] {processor.py:183} INFO - Processing /home/airflow/.local/lib/python3.8/site-packages/airflow/example_dags/example_external_task_marker_dag.py took 0.036 seconds
[2024-04-24T05:31:39.897+0000] {processor.py:161} INFO - Started process (PID=2416) to work on /home/airflow/.local/lib/python3.8/site-packages/airflow/example_dags/example_external_task_marker_dag.py
[2024-04-24T05:31:39.898+0000] {processor.py:830} INFO - Processing file /home/airflow/.local/lib/python3.8/site-packages/airflow/example_dags/example_external_task_marker_dag.py for tasks to queue
[2024-04-24T05:31:39.899+0000] {logging_mixin.py:188} INFO - [2024-04-24T05:31:39.898+0000] {dagbag.py:540} INFO - Filling up the DagBag from /home/airflow/.local/lib/python3.8/site-packages/airflow/example_dags/example_external_task_marker_dag.py
[2024-04-24T05:31:39.902+0000] {processor.py:840} INFO - DAG(s) 'example_external_task_marker_parent', 'example_external_task_marker_child' retrieved from /home/airflow/.local/lib/python3.8/site-packages/airflow/example_dags/example_external_task_marker_dag.py
[2024-04-24T05:31:39.913+0000] {logging_mixin.py:188} INFO - [2024-04-24T05:31:39.913+0000] {dag.py:3047} INFO - Sync 2 DAGs
[2024-04-24T05:31:39.920+0000] {logging_mixin.py:188} INFO - [2024-04-24T05:31:39.920+0000] {dag.py:3834} INFO - Setting next_dagrun for example_external_task_marker_child to None, run_after=None
[2024-04-24T05:31:39.922+0000] {logging_mixin.py:188} INFO - [2024-04-24T05:31:39.922+0000] {dag.py:3834} INFO - Setting next_dagrun for example_external_task_marker_parent to None, run_after=None
[2024-04-24T05:31:39.930+0000] {processor.py:183} INFO - Processing /home/airflow/.local/lib/python3.8/site-packages/airflow/example_dags/example_external_task_marker_dag.py took 0.035 seconds
[2024-04-24T05:32:10.440+0000] {processor.py:161} INFO - Started process (PID=2474) to work on /home/airflow/.local/lib/python3.8/site-packages/airflow/example_dags/example_external_task_marker_dag.py
[2024-04-24T05:32:10.440+0000] {processor.py:830} INFO - Processing file /home/airflow/.local/lib/python3.8/site-packages/airflow/example_dags/example_external_task_marker_dag.py for tasks to queue
[2024-04-24T05:32:10.441+0000] {logging_mixin.py:188} INFO - [2024-04-24T05:32:10.441+0000] {dagbag.py:540} INFO - Filling up the DagBag from /home/airflow/.local/lib/python3.8/site-packages/airflow/example_dags/example_external_task_marker_dag.py
[2024-04-24T05:32:10.445+0000] {processor.py:840} INFO - DAG(s) 'example_external_task_marker_child', 'example_external_task_marker_parent' retrieved from /home/airflow/.local/lib/python3.8/site-packages/airflow/example_dags/example_external_task_marker_dag.py
[2024-04-24T05:32:10.457+0000] {logging_mixin.py:188} INFO - [2024-04-24T05:32:10.457+0000] {dag.py:3047} INFO - Sync 2 DAGs
[2024-04-24T05:32:10.463+0000] {logging_mixin.py:188} INFO - [2024-04-24T05:32:10.463+0000] {dag.py:3834} INFO - Setting next_dagrun for example_external_task_marker_child to None, run_after=None
[2024-04-24T05:32:10.465+0000] {logging_mixin.py:188} INFO - [2024-04-24T05:32:10.465+0000] {dag.py:3834} INFO - Setting next_dagrun for example_external_task_marker_parent to None, run_after=None
[2024-04-24T05:32:10.474+0000] {processor.py:183} INFO - Processing /home/airflow/.local/lib/python3.8/site-packages/airflow/example_dags/example_external_task_marker_dag.py took 0.036 seconds
[2024-04-24T05:32:40.912+0000] {processor.py:161} INFO - Started process (PID=2533) to work on /home/airflow/.local/lib/python3.8/site-packages/airflow/example_dags/example_external_task_marker_dag.py
[2024-04-24T05:32:40.912+0000] {processor.py:830} INFO - Processing file /home/airflow/.local/lib/python3.8/site-packages/airflow/example_dags/example_external_task_marker_dag.py for tasks to queue
[2024-04-24T05:32:40.913+0000] {logging_mixin.py:188} INFO - [2024-04-24T05:32:40.913+0000] {dagbag.py:540} INFO - Filling up the DagBag from /home/airflow/.local/lib/python3.8/site-packages/airflow/example_dags/example_external_task_marker_dag.py
[2024-04-24T05:32:40.916+0000] {processor.py:840} INFO - DAG(s) 'example_external_task_marker_parent', 'example_external_task_marker_child' retrieved from /home/airflow/.local/lib/python3.8/site-packages/airflow/example_dags/example_external_task_marker_dag.py
[2024-04-24T05:32:40.928+0000] {logging_mixin.py:188} INFO - [2024-04-24T05:32:40.928+0000] {dag.py:3047} INFO - Sync 2 DAGs
[2024-04-24T05:32:40.934+0000] {logging_mixin.py:188} INFO - [2024-04-24T05:32:40.934+0000] {dag.py:3834} INFO - Setting next_dagrun for example_external_task_marker_child to None, run_after=None
[2024-04-24T05:32:40.936+0000] {logging_mixin.py:188} INFO - [2024-04-24T05:32:40.936+0000] {dag.py:3834} INFO - Setting next_dagrun for example_external_task_marker_parent to None, run_after=None
[2024-04-24T05:32:40.945+0000] {processor.py:183} INFO - Processing /home/airflow/.local/lib/python3.8/site-packages/airflow/example_dags/example_external_task_marker_dag.py took 0.035 seconds
[2024-04-24T05:33:11.328+0000] {processor.py:161} INFO - Started process (PID=2588) to work on /home/airflow/.local/lib/python3.8/site-packages/airflow/example_dags/example_external_task_marker_dag.py
[2024-04-24T05:33:11.329+0000] {processor.py:830} INFO - Processing file /home/airflow/.local/lib/python3.8/site-packages/airflow/example_dags/example_external_task_marker_dag.py for tasks to queue
[2024-04-24T05:33:11.329+0000] {logging_mixin.py:188} INFO - [2024-04-24T05:33:11.329+0000] {dagbag.py:540} INFO - Filling up the DagBag from /home/airflow/.local/lib/python3.8/site-packages/airflow/example_dags/example_external_task_marker_dag.py
[2024-04-24T05:33:11.333+0000] {processor.py:840} INFO - DAG(s) 'example_external_task_marker_parent', 'example_external_task_marker_child' retrieved from /home/airflow/.local/lib/python3.8/site-packages/airflow/example_dags/example_external_task_marker_dag.py
[2024-04-24T05:33:11.345+0000] {logging_mixin.py:188} INFO - [2024-04-24T05:33:11.345+0000] {dag.py:3047} INFO - Sync 2 DAGs
[2024-04-24T05:33:11.352+0000] {logging_mixin.py:188} INFO - [2024-04-24T05:33:11.351+0000] {dag.py:3834} INFO - Setting next_dagrun for example_external_task_marker_child to None, run_after=None
[2024-04-24T05:33:11.353+0000] {logging_mixin.py:188} INFO - [2024-04-24T05:33:11.353+0000] {dag.py:3834} INFO - Setting next_dagrun for example_external_task_marker_parent to None, run_after=None
[2024-04-24T05:33:11.362+0000] {processor.py:183} INFO - Processing /home/airflow/.local/lib/python3.8/site-packages/airflow/example_dags/example_external_task_marker_dag.py took 0.036 seconds
[2024-04-24T05:33:41.685+0000] {processor.py:161} INFO - Started process (PID=2643) to work on /home/airflow/.local/lib/python3.8/site-packages/airflow/example_dags/example_external_task_marker_dag.py
[2024-04-24T05:33:41.685+0000] {processor.py:830} INFO - Processing file /home/airflow/.local/lib/python3.8/site-packages/airflow/example_dags/example_external_task_marker_dag.py for tasks to queue
[2024-04-24T05:33:41.686+0000] {logging_mixin.py:188} INFO - [2024-04-24T05:33:41.686+0000] {dagbag.py:540} INFO - Filling up the DagBag from /home/airflow/.local/lib/python3.8/site-packages/airflow/example_dags/example_external_task_marker_dag.py
[2024-04-24T05:33:41.689+0000] {processor.py:840} INFO - DAG(s) 'example_external_task_marker_child', 'example_external_task_marker_parent' retrieved from /home/airflow/.local/lib/python3.8/site-packages/airflow/example_dags/example_external_task_marker_dag.py
[2024-04-24T05:33:41.701+0000] {logging_mixin.py:188} INFO - [2024-04-24T05:33:41.701+0000] {dag.py:3047} INFO - Sync 2 DAGs
[2024-04-24T05:33:41.707+0000] {logging_mixin.py:188} INFO - [2024-04-24T05:33:41.707+0000] {dag.py:3834} INFO - Setting next_dagrun for example_external_task_marker_child to None, run_after=None
[2024-04-24T05:33:41.709+0000] {logging_mixin.py:188} INFO - [2024-04-24T05:33:41.709+0000] {dag.py:3834} INFO - Setting next_dagrun for example_external_task_marker_parent to None, run_after=None
[2024-04-24T05:33:41.718+0000] {processor.py:183} INFO - Processing /home/airflow/.local/lib/python3.8/site-packages/airflow/example_dags/example_external_task_marker_dag.py took 0.034 seconds
[2024-04-24T05:34:12.286+0000] {processor.py:161} INFO - Started process (PID=2704) to work on /home/airflow/.local/lib/python3.8/site-packages/airflow/example_dags/example_external_task_marker_dag.py
[2024-04-24T05:34:12.286+0000] {processor.py:830} INFO - Processing file /home/airflow/.local/lib/python3.8/site-packages/airflow/example_dags/example_external_task_marker_dag.py for tasks to queue
[2024-04-24T05:34:12.287+0000] {logging_mixin.py:188} INFO - [2024-04-24T05:34:12.287+0000] {dagbag.py:540} INFO - Filling up the DagBag from /home/airflow/.local/lib/python3.8/site-packages/airflow/example_dags/example_external_task_marker_dag.py
[2024-04-24T05:34:12.290+0000] {processor.py:840} INFO - DAG(s) 'example_external_task_marker_child', 'example_external_task_marker_parent' retrieved from /home/airflow/.local/lib/python3.8/site-packages/airflow/example_dags/example_external_task_marker_dag.py
[2024-04-24T05:34:12.302+0000] {logging_mixin.py:188} INFO - [2024-04-24T05:34:12.302+0000] {dag.py:3047} INFO - Sync 2 DAGs
[2024-04-24T05:34:12.309+0000] {logging_mixin.py:188} INFO - [2024-04-24T05:34:12.309+0000] {dag.py:3834} INFO - Setting next_dagrun for example_external_task_marker_child to None, run_after=None
[2024-04-24T05:34:12.311+0000] {logging_mixin.py:188} INFO - [2024-04-24T05:34:12.310+0000] {dag.py:3834} INFO - Setting next_dagrun for example_external_task_marker_parent to None, run_after=None
[2024-04-24T05:34:12.319+0000] {processor.py:183} INFO - Processing /home/airflow/.local/lib/python3.8/site-packages/airflow/example_dags/example_external_task_marker_dag.py took 0.035 seconds
[2024-04-24T05:34:42.935+0000] {processor.py:161} INFO - Started process (PID=2759) to work on /home/airflow/.local/lib/python3.8/site-packages/airflow/example_dags/example_external_task_marker_dag.py
[2024-04-24T05:34:42.936+0000] {processor.py:830} INFO - Processing file /home/airflow/.local/lib/python3.8/site-packages/airflow/example_dags/example_external_task_marker_dag.py for tasks to queue
[2024-04-24T05:34:42.936+0000] {logging_mixin.py:188} INFO - [2024-04-24T05:34:42.936+0000] {dagbag.py:540} INFO - Filling up the DagBag from /home/airflow/.local/lib/python3.8/site-packages/airflow/example_dags/example_external_task_marker_dag.py
[2024-04-24T05:34:42.940+0000] {processor.py:840} INFO - DAG(s) 'example_external_task_marker_parent', 'example_external_task_marker_child' retrieved from /home/airflow/.local/lib/python3.8/site-packages/airflow/example_dags/example_external_task_marker_dag.py
[2024-04-24T05:34:42.954+0000] {logging_mixin.py:188} INFO - [2024-04-24T05:34:42.954+0000] {dag.py:3047} INFO - Sync 2 DAGs
[2024-04-24T05:34:42.960+0000] {logging_mixin.py:188} INFO - [2024-04-24T05:34:42.960+0000] {dag.py:3834} INFO - Setting next_dagrun for example_external_task_marker_child to None, run_after=None
[2024-04-24T05:34:42.962+0000] {logging_mixin.py:188} INFO - [2024-04-24T05:34:42.962+0000] {dag.py:3834} INFO - Setting next_dagrun for example_external_task_marker_parent to None, run_after=None
[2024-04-24T05:34:42.972+0000] {processor.py:183} INFO - Processing /home/airflow/.local/lib/python3.8/site-packages/airflow/example_dags/example_external_task_marker_dag.py took 0.038 seconds
[2024-04-24T05:35:13.550+0000] {processor.py:161} INFO - Started process (PID=2814) to work on /home/airflow/.local/lib/python3.8/site-packages/airflow/example_dags/example_external_task_marker_dag.py
[2024-04-24T05:35:13.551+0000] {processor.py:830} INFO - Processing file /home/airflow/.local/lib/python3.8/site-packages/airflow/example_dags/example_external_task_marker_dag.py for tasks to queue
[2024-04-24T05:35:13.551+0000] {logging_mixin.py:188} INFO - [2024-04-24T05:35:13.551+0000] {dagbag.py:540} INFO - Filling up the DagBag from /home/airflow/.local/lib/python3.8/site-packages/airflow/example_dags/example_external_task_marker_dag.py
[2024-04-24T05:35:13.554+0000] {processor.py:840} INFO - DAG(s) 'example_external_task_marker_parent', 'example_external_task_marker_child' retrieved from /home/airflow/.local/lib/python3.8/site-packages/airflow/example_dags/example_external_task_marker_dag.py
[2024-04-24T05:35:13.567+0000] {logging_mixin.py:188} INFO - [2024-04-24T05:35:13.567+0000] {dag.py:3047} INFO - Sync 2 DAGs
[2024-04-24T05:35:13.574+0000] {logging_mixin.py:188} INFO - [2024-04-24T05:35:13.574+0000] {dag.py:3834} INFO - Setting next_dagrun for example_external_task_marker_child to None, run_after=None
[2024-04-24T05:35:13.575+0000] {logging_mixin.py:188} INFO - [2024-04-24T05:35:13.575+0000] {dag.py:3834} INFO - Setting next_dagrun for example_external_task_marker_parent to None, run_after=None
[2024-04-24T05:35:13.584+0000] {processor.py:183} INFO - Processing /home/airflow/.local/lib/python3.8/site-packages/airflow/example_dags/example_external_task_marker_dag.py took 0.036 seconds
[2024-04-24T05:35:44.310+0000] {processor.py:161} INFO - Started process (PID=2869) to work on /home/airflow/.local/lib/python3.8/site-packages/airflow/example_dags/example_external_task_marker_dag.py
[2024-04-24T05:35:44.311+0000] {processor.py:830} INFO - Processing file /home/airflow/.local/lib/python3.8/site-packages/airflow/example_dags/example_external_task_marker_dag.py for tasks to queue
[2024-04-24T05:35:44.311+0000] {logging_mixin.py:188} INFO - [2024-04-24T05:35:44.311+0000] {dagbag.py:540} INFO - Filling up the DagBag from /home/airflow/.local/lib/python3.8/site-packages/airflow/example_dags/example_external_task_marker_dag.py
[2024-04-24T05:35:44.314+0000] {processor.py:840} INFO - DAG(s) 'example_external_task_marker_child', 'example_external_task_marker_parent' retrieved from /home/airflow/.local/lib/python3.8/site-packages/airflow/example_dags/example_external_task_marker_dag.py
[2024-04-24T05:35:44.326+0000] {logging_mixin.py:188} INFO - [2024-04-24T05:35:44.326+0000] {dag.py:3047} INFO - Sync 2 DAGs
[2024-04-24T05:35:44.333+0000] {logging_mixin.py:188} INFO - [2024-04-24T05:35:44.333+0000] {dag.py:3834} INFO - Setting next_dagrun for example_external_task_marker_child to None, run_after=None
[2024-04-24T05:35:44.335+0000] {logging_mixin.py:188} INFO - [2024-04-24T05:35:44.335+0000] {dag.py:3834} INFO - Setting next_dagrun for example_external_task_marker_parent to None, run_after=None
[2024-04-24T05:35:44.343+0000] {processor.py:183} INFO - Processing /home/airflow/.local/lib/python3.8/site-packages/airflow/example_dags/example_external_task_marker_dag.py took 0.035 seconds
[2024-04-24T05:36:14.683+0000] {processor.py:161} INFO - Started process (PID=2924) to work on /home/airflow/.local/lib/python3.8/site-packages/airflow/example_dags/example_external_task_marker_dag.py
[2024-04-24T05:36:14.684+0000] {processor.py:830} INFO - Processing file /home/airflow/.local/lib/python3.8/site-packages/airflow/example_dags/example_external_task_marker_dag.py for tasks to queue
[2024-04-24T05:36:14.684+0000] {logging_mixin.py:188} INFO - [2024-04-24T05:36:14.684+0000] {dagbag.py:540} INFO - Filling up the DagBag from /home/airflow/.local/lib/python3.8/site-packages/airflow/example_dags/example_external_task_marker_dag.py
[2024-04-24T05:36:14.687+0000] {processor.py:840} INFO - DAG(s) 'example_external_task_marker_parent', 'example_external_task_marker_child' retrieved from /home/airflow/.local/lib/python3.8/site-packages/airflow/example_dags/example_external_task_marker_dag.py
[2024-04-24T05:36:14.699+0000] {logging_mixin.py:188} INFO - [2024-04-24T05:36:14.699+0000] {dag.py:3047} INFO - Sync 2 DAGs
[2024-04-24T05:36:14.706+0000] {logging_mixin.py:188} INFO - [2024-04-24T05:36:14.706+0000] {dag.py:3834} INFO - Setting next_dagrun for example_external_task_marker_child to None, run_after=None
[2024-04-24T05:36:14.708+0000] {logging_mixin.py:188} INFO - [2024-04-24T05:36:14.708+0000] {dag.py:3834} INFO - Setting next_dagrun for example_external_task_marker_parent to None, run_after=None
[2024-04-24T05:36:14.717+0000] {processor.py:183} INFO - Processing /home/airflow/.local/lib/python3.8/site-packages/airflow/example_dags/example_external_task_marker_dag.py took 0.035 seconds
[2024-04-24T05:36:45.215+0000] {processor.py:161} INFO - Started process (PID=2979) to work on /home/airflow/.local/lib/python3.8/site-packages/airflow/example_dags/example_external_task_marker_dag.py
[2024-04-24T05:36:45.216+0000] {processor.py:830} INFO - Processing file /home/airflow/.local/lib/python3.8/site-packages/airflow/example_dags/example_external_task_marker_dag.py for tasks to queue
[2024-04-24T05:36:45.216+0000] {logging_mixin.py:188} INFO - [2024-04-24T05:36:45.216+0000] {dagbag.py:540} INFO - Filling up the DagBag from /home/airflow/.local/lib/python3.8/site-packages/airflow/example_dags/example_external_task_marker_dag.py
[2024-04-24T05:36:45.220+0000] {processor.py:840} INFO - DAG(s) 'example_external_task_marker_child', 'example_external_task_marker_parent' retrieved from /home/airflow/.local/lib/python3.8/site-packages/airflow/example_dags/example_external_task_marker_dag.py
[2024-04-24T05:36:45.232+0000] {logging_mixin.py:188} INFO - [2024-04-24T05:36:45.232+0000] {dag.py:3047} INFO - Sync 2 DAGs
[2024-04-24T05:36:45.239+0000] {logging_mixin.py:188} INFO - [2024-04-24T05:36:45.238+0000] {dag.py:3834} INFO - Setting next_dagrun for example_external_task_marker_child to None, run_after=None
[2024-04-24T05:36:45.240+0000] {logging_mixin.py:188} INFO - [2024-04-24T05:36:45.240+0000] {dag.py:3834} INFO - Setting next_dagrun for example_external_task_marker_parent to None, run_after=None
[2024-04-24T05:36:45.249+0000] {processor.py:183} INFO - Processing /home/airflow/.local/lib/python3.8/site-packages/airflow/example_dags/example_external_task_marker_dag.py took 0.036 seconds
[2024-04-24T05:37:15.823+0000] {processor.py:161} INFO - Started process (PID=3034) to work on /home/airflow/.local/lib/python3.8/site-packages/airflow/example_dags/example_external_task_marker_dag.py
[2024-04-24T05:37:15.824+0000] {processor.py:830} INFO - Processing file /home/airflow/.local/lib/python3.8/site-packages/airflow/example_dags/example_external_task_marker_dag.py for tasks to queue
[2024-04-24T05:37:15.824+0000] {logging_mixin.py:188} INFO - [2024-04-24T05:37:15.824+0000] {dagbag.py:540} INFO - Filling up the DagBag from /home/airflow/.local/lib/python3.8/site-packages/airflow/example_dags/example_external_task_marker_dag.py
[2024-04-24T05:37:15.830+0000] {processor.py:840} INFO - DAG(s) 'example_external_task_marker_parent', 'example_external_task_marker_child' retrieved from /home/airflow/.local/lib/python3.8/site-packages/airflow/example_dags/example_external_task_marker_dag.py
[2024-04-24T05:37:15.850+0000] {logging_mixin.py:188} INFO - [2024-04-24T05:37:15.850+0000] {dag.py:3047} INFO - Sync 2 DAGs
[2024-04-24T05:37:15.859+0000] {logging_mixin.py:188} INFO - [2024-04-24T05:37:15.858+0000] {dag.py:3834} INFO - Setting next_dagrun for example_external_task_marker_child to None, run_after=None
[2024-04-24T05:37:15.861+0000] {logging_mixin.py:188} INFO - [2024-04-24T05:37:15.861+0000] {dag.py:3834} INFO - Setting next_dagrun for example_external_task_marker_parent to None, run_after=None
[2024-04-24T05:37:15.871+0000] {processor.py:183} INFO - Processing /home/airflow/.local/lib/python3.8/site-packages/airflow/example_dags/example_external_task_marker_dag.py took 0.050 seconds
[2024-04-24T05:37:46.337+0000] {processor.py:161} INFO - Started process (PID=3089) to work on /home/airflow/.local/lib/python3.8/site-packages/airflow/example_dags/example_external_task_marker_dag.py
[2024-04-24T05:37:46.338+0000] {processor.py:830} INFO - Processing file /home/airflow/.local/lib/python3.8/site-packages/airflow/example_dags/example_external_task_marker_dag.py for tasks to queue
[2024-04-24T05:37:46.338+0000] {logging_mixin.py:188} INFO - [2024-04-24T05:37:46.338+0000] {dagbag.py:540} INFO - Filling up the DagBag from /home/airflow/.local/lib/python3.8/site-packages/airflow/example_dags/example_external_task_marker_dag.py
[2024-04-24T05:37:46.341+0000] {processor.py:840} INFO - DAG(s) 'example_external_task_marker_child', 'example_external_task_marker_parent' retrieved from /home/airflow/.local/lib/python3.8/site-packages/airflow/example_dags/example_external_task_marker_dag.py
[2024-04-24T05:37:46.353+0000] {logging_mixin.py:188} INFO - [2024-04-24T05:37:46.353+0000] {dag.py:3047} INFO - Sync 2 DAGs
[2024-04-24T05:37:46.360+0000] {logging_mixin.py:188} INFO - [2024-04-24T05:37:46.360+0000] {dag.py:3834} INFO - Setting next_dagrun for example_external_task_marker_child to None, run_after=None
[2024-04-24T05:37:46.361+0000] {logging_mixin.py:188} INFO - [2024-04-24T05:37:46.361+0000] {dag.py:3834} INFO - Setting next_dagrun for example_external_task_marker_parent to None, run_after=None
[2024-04-24T05:37:46.370+0000] {processor.py:183} INFO - Processing /home/airflow/.local/lib/python3.8/site-packages/airflow/example_dags/example_external_task_marker_dag.py took 0.034 seconds
[2024-04-24T05:38:16.828+0000] {processor.py:161} INFO - Started process (PID=3144) to work on /home/airflow/.local/lib/python3.8/site-packages/airflow/example_dags/example_external_task_marker_dag.py
[2024-04-24T05:38:16.829+0000] {processor.py:830} INFO - Processing file /home/airflow/.local/lib/python3.8/site-packages/airflow/example_dags/example_external_task_marker_dag.py for tasks to queue
[2024-04-24T05:38:16.829+0000] {logging_mixin.py:188} INFO - [2024-04-24T05:38:16.829+0000] {dagbag.py:540} INFO - Filling up the DagBag from /home/airflow/.local/lib/python3.8/site-packages/airflow/example_dags/example_external_task_marker_dag.py
[2024-04-24T05:38:16.833+0000] {processor.py:840} INFO - DAG(s) 'example_external_task_marker_child', 'example_external_task_marker_parent' retrieved from /home/airflow/.local/lib/python3.8/site-packages/airflow/example_dags/example_external_task_marker_dag.py
[2024-04-24T05:38:16.845+0000] {logging_mixin.py:188} INFO - [2024-04-24T05:38:16.845+0000] {dag.py:3047} INFO - Sync 2 DAGs
[2024-04-24T05:38:16.851+0000] {logging_mixin.py:188} INFO - [2024-04-24T05:38:16.851+0000] {dag.py:3834} INFO - Setting next_dagrun for example_external_task_marker_child to None, run_after=None
[2024-04-24T05:38:16.853+0000] {logging_mixin.py:188} INFO - [2024-04-24T05:38:16.853+0000] {dag.py:3834} INFO - Setting next_dagrun for example_external_task_marker_parent to None, run_after=None
[2024-04-24T05:38:16.861+0000] {processor.py:183} INFO - Processing /home/airflow/.local/lib/python3.8/site-packages/airflow/example_dags/example_external_task_marker_dag.py took 0.035 seconds
[2024-04-24T05:40:51.662+0000] {processor.py:161} INFO - Started process (PID=92) to work on /home/airflow/.local/lib/python3.8/site-packages/airflow/example_dags/example_external_task_marker_dag.py
[2024-04-24T05:40:51.662+0000] {processor.py:830} INFO - Processing file /home/airflow/.local/lib/python3.8/site-packages/airflow/example_dags/example_external_task_marker_dag.py for tasks to queue
[2024-04-24T05:40:51.664+0000] {logging_mixin.py:188} INFO - [2024-04-24T05:40:51.663+0000] {dagbag.py:540} INFO - Filling up the DagBag from /home/airflow/.local/lib/python3.8/site-packages/airflow/example_dags/example_external_task_marker_dag.py
[2024-04-24T05:40:51.667+0000] {processor.py:840} INFO - DAG(s) 'example_external_task_marker_child', 'example_external_task_marker_parent' retrieved from /home/airflow/.local/lib/python3.8/site-packages/airflow/example_dags/example_external_task_marker_dag.py
[2024-04-24T05:40:51.673+0000] {logging_mixin.py:188} INFO - [2024-04-24T05:40:51.673+0000] {dag.py:3047} INFO - Sync 2 DAGs
[2024-04-24T05:40:51.681+0000] {logging_mixin.py:188} INFO - [2024-04-24T05:40:51.680+0000] {dag.py:3834} INFO - Setting next_dagrun for example_external_task_marker_child to None, run_after=None
[2024-04-24T05:40:51.683+0000] {logging_mixin.py:188} INFO - [2024-04-24T05:40:51.682+0000] {dag.py:3834} INFO - Setting next_dagrun for example_external_task_marker_parent to None, run_after=None
[2024-04-24T05:40:51.691+0000] {processor.py:183} INFO - Processing /home/airflow/.local/lib/python3.8/site-packages/airflow/example_dags/example_external_task_marker_dag.py took 0.031 seconds
[2024-04-24T05:41:23.160+0000] {processor.py:161} INFO - Started process (PID=147) to work on /home/airflow/.local/lib/python3.8/site-packages/airflow/example_dags/example_external_task_marker_dag.py
[2024-04-24T05:41:23.161+0000] {processor.py:830} INFO - Processing file /home/airflow/.local/lib/python3.8/site-packages/airflow/example_dags/example_external_task_marker_dag.py for tasks to queue
[2024-04-24T05:41:23.162+0000] {logging_mixin.py:188} INFO - [2024-04-24T05:41:23.161+0000] {dagbag.py:540} INFO - Filling up the DagBag from /home/airflow/.local/lib/python3.8/site-packages/airflow/example_dags/example_external_task_marker_dag.py
[2024-04-24T05:41:23.165+0000] {processor.py:840} INFO - DAG(s) 'example_external_task_marker_parent', 'example_external_task_marker_child' retrieved from /home/airflow/.local/lib/python3.8/site-packages/airflow/example_dags/example_external_task_marker_dag.py
[2024-04-24T05:41:23.222+0000] {logging_mixin.py:188} INFO - [2024-04-24T05:41:23.222+0000] {dag.py:3047} INFO - Sync 2 DAGs
[2024-04-24T05:41:23.228+0000] {logging_mixin.py:188} INFO - [2024-04-24T05:41:23.228+0000] {dag.py:3834} INFO - Setting next_dagrun for example_external_task_marker_child to None, run_after=None
[2024-04-24T05:41:23.230+0000] {logging_mixin.py:188} INFO - [2024-04-24T05:41:23.230+0000] {dag.py:3834} INFO - Setting next_dagrun for example_external_task_marker_parent to None, run_after=None
[2024-04-24T05:41:23.239+0000] {processor.py:183} INFO - Processing /home/airflow/.local/lib/python3.8/site-packages/airflow/example_dags/example_external_task_marker_dag.py took 0.081 seconds
