[2024-04-24T05:11:16.092+0000] {processor.py:161} INFO - Started process (PID=87) to work on /home/airflow/.local/lib/python3.8/site-packages/airflow/example_dags/example_branch_python_dop_operator_3.py
[2024-04-24T05:11:16.093+0000] {processor.py:830} INFO - Processing file /home/airflow/.local/lib/python3.8/site-packages/airflow/example_dags/example_branch_python_dop_operator_3.py for tasks to queue
[2024-04-24T05:11:16.094+0000] {logging_mixin.py:188} INFO - [2024-04-24T05:11:16.094+0000] {dagbag.py:540} INFO - Filling up the DagBag from /home/airflow/.local/lib/python3.8/site-packages/airflow/example_dags/example_branch_python_dop_operator_3.py
[2024-04-24T05:11:16.123+0000] {processor.py:840} INFO - DAG(s) 'example_branch_dop_operator_v3' retrieved from /home/airflow/.local/lib/python3.8/site-packages/airflow/example_dags/example_branch_python_dop_operator_3.py
[2024-04-24T05:11:16.139+0000] {logging_mixin.py:188} INFO - [2024-04-24T05:11:16.138+0000] {dag.py:3047} INFO - Sync 1 DAGs
[2024-04-24T05:11:16.153+0000] {logging_mixin.py:188} INFO - [2024-04-24T05:11:16.153+0000] {dag.py:3834} INFO - Setting next_dagrun for example_branch_dop_operator_v3 to 2024-04-24 05:10:00+00:00, run_after=2024-04-24 05:11:00+00:00
[2024-04-24T05:11:16.163+0000] {processor.py:183} INFO - Processing /home/airflow/.local/lib/python3.8/site-packages/airflow/example_dags/example_branch_python_dop_operator_3.py took 0.073 seconds
[2024-04-24T05:11:46.708+0000] {processor.py:161} INFO - Started process (PID=145) to work on /home/airflow/.local/lib/python3.8/site-packages/airflow/example_dags/example_branch_python_dop_operator_3.py
[2024-04-24T05:11:46.708+0000] {processor.py:830} INFO - Processing file /home/airflow/.local/lib/python3.8/site-packages/airflow/example_dags/example_branch_python_dop_operator_3.py for tasks to queue
[2024-04-24T05:11:46.710+0000] {logging_mixin.py:188} INFO - [2024-04-24T05:11:46.709+0000] {dagbag.py:540} INFO - Filling up the DagBag from /home/airflow/.local/lib/python3.8/site-packages/airflow/example_dags/example_branch_python_dop_operator_3.py
[2024-04-24T05:11:46.714+0000] {processor.py:840} INFO - DAG(s) 'example_branch_dop_operator_v3' retrieved from /home/airflow/.local/lib/python3.8/site-packages/airflow/example_dags/example_branch_python_dop_operator_3.py
[2024-04-24T05:11:46.724+0000] {logging_mixin.py:188} INFO - [2024-04-24T05:11:46.724+0000] {dag.py:3047} INFO - Sync 1 DAGs
[2024-04-24T05:11:46.737+0000] {logging_mixin.py:188} INFO - [2024-04-24T05:11:46.737+0000] {dag.py:3834} INFO - Setting next_dagrun for example_branch_dop_operator_v3 to 2024-04-24 05:10:00+00:00, run_after=2024-04-24 05:11:00+00:00
[2024-04-24T05:11:46.747+0000] {processor.py:183} INFO - Processing /home/airflow/.local/lib/python3.8/site-packages/airflow/example_dags/example_branch_python_dop_operator_3.py took 0.040 seconds
[2024-04-24T05:12:17.319+0000] {processor.py:161} INFO - Started process (PID=203) to work on /home/airflow/.local/lib/python3.8/site-packages/airflow/example_dags/example_branch_python_dop_operator_3.py
[2024-04-24T05:12:17.319+0000] {processor.py:830} INFO - Processing file /home/airflow/.local/lib/python3.8/site-packages/airflow/example_dags/example_branch_python_dop_operator_3.py for tasks to queue
[2024-04-24T05:12:17.320+0000] {logging_mixin.py:188} INFO - [2024-04-24T05:12:17.320+0000] {dagbag.py:540} INFO - Filling up the DagBag from /home/airflow/.local/lib/python3.8/site-packages/airflow/example_dags/example_branch_python_dop_operator_3.py
[2024-04-24T05:12:17.325+0000] {processor.py:840} INFO - DAG(s) 'example_branch_dop_operator_v3' retrieved from /home/airflow/.local/lib/python3.8/site-packages/airflow/example_dags/example_branch_python_dop_operator_3.py
[2024-04-24T05:12:17.335+0000] {logging_mixin.py:188} INFO - [2024-04-24T05:12:17.335+0000] {dag.py:3047} INFO - Sync 1 DAGs
[2024-04-24T05:12:17.348+0000] {logging_mixin.py:188} INFO - [2024-04-24T05:12:17.348+0000] {dag.py:3834} INFO - Setting next_dagrun for example_branch_dop_operator_v3 to 2024-04-24 05:11:00+00:00, run_after=2024-04-24 05:12:00+00:00
[2024-04-24T05:12:17.358+0000] {processor.py:183} INFO - Processing /home/airflow/.local/lib/python3.8/site-packages/airflow/example_dags/example_branch_python_dop_operator_3.py took 0.041 seconds
[2024-04-24T05:12:48.040+0000] {processor.py:161} INFO - Started process (PID=261) to work on /home/airflow/.local/lib/python3.8/site-packages/airflow/example_dags/example_branch_python_dop_operator_3.py
[2024-04-24T05:12:48.041+0000] {processor.py:830} INFO - Processing file /home/airflow/.local/lib/python3.8/site-packages/airflow/example_dags/example_branch_python_dop_operator_3.py for tasks to queue
[2024-04-24T05:12:48.042+0000] {logging_mixin.py:188} INFO - [2024-04-24T05:12:48.042+0000] {dagbag.py:540} INFO - Filling up the DagBag from /home/airflow/.local/lib/python3.8/site-packages/airflow/example_dags/example_branch_python_dop_operator_3.py
[2024-04-24T05:12:48.047+0000] {processor.py:840} INFO - DAG(s) 'example_branch_dop_operator_v3' retrieved from /home/airflow/.local/lib/python3.8/site-packages/airflow/example_dags/example_branch_python_dop_operator_3.py
[2024-04-24T05:12:48.058+0000] {logging_mixin.py:188} INFO - [2024-04-24T05:12:48.058+0000] {dag.py:3047} INFO - Sync 1 DAGs
[2024-04-24T05:12:48.072+0000] {logging_mixin.py:188} INFO - [2024-04-24T05:12:48.072+0000] {dag.py:3834} INFO - Setting next_dagrun for example_branch_dop_operator_v3 to 2024-04-24 05:11:00+00:00, run_after=2024-04-24 05:12:00+00:00
[2024-04-24T05:12:48.084+0000] {processor.py:183} INFO - Processing /home/airflow/.local/lib/python3.8/site-packages/airflow/example_dags/example_branch_python_dop_operator_3.py took 0.046 seconds
[2024-04-24T05:13:18.696+0000] {processor.py:161} INFO - Started process (PID=319) to work on /home/airflow/.local/lib/python3.8/site-packages/airflow/example_dags/example_branch_python_dop_operator_3.py
[2024-04-24T05:13:18.697+0000] {processor.py:830} INFO - Processing file /home/airflow/.local/lib/python3.8/site-packages/airflow/example_dags/example_branch_python_dop_operator_3.py for tasks to queue
[2024-04-24T05:13:18.698+0000] {logging_mixin.py:188} INFO - [2024-04-24T05:13:18.698+0000] {dagbag.py:540} INFO - Filling up the DagBag from /home/airflow/.local/lib/python3.8/site-packages/airflow/example_dags/example_branch_python_dop_operator_3.py
[2024-04-24T05:13:18.703+0000] {processor.py:840} INFO - DAG(s) 'example_branch_dop_operator_v3' retrieved from /home/airflow/.local/lib/python3.8/site-packages/airflow/example_dags/example_branch_python_dop_operator_3.py
[2024-04-24T05:13:18.714+0000] {logging_mixin.py:188} INFO - [2024-04-24T05:13:18.714+0000] {dag.py:3047} INFO - Sync 1 DAGs
[2024-04-24T05:13:18.727+0000] {logging_mixin.py:188} INFO - [2024-04-24T05:13:18.727+0000] {dag.py:3834} INFO - Setting next_dagrun for example_branch_dop_operator_v3 to 2024-04-24 05:12:00+00:00, run_after=2024-04-24 05:13:00+00:00
[2024-04-24T05:13:18.738+0000] {processor.py:183} INFO - Processing /home/airflow/.local/lib/python3.8/site-packages/airflow/example_dags/example_branch_python_dop_operator_3.py took 0.044 seconds
[2024-04-24T05:13:49.542+0000] {processor.py:161} INFO - Started process (PID=377) to work on /home/airflow/.local/lib/python3.8/site-packages/airflow/example_dags/example_branch_python_dop_operator_3.py
[2024-04-24T05:13:49.542+0000] {processor.py:830} INFO - Processing file /home/airflow/.local/lib/python3.8/site-packages/airflow/example_dags/example_branch_python_dop_operator_3.py for tasks to queue
[2024-04-24T05:13:49.543+0000] {logging_mixin.py:188} INFO - [2024-04-24T05:13:49.543+0000] {dagbag.py:540} INFO - Filling up the DagBag from /home/airflow/.local/lib/python3.8/site-packages/airflow/example_dags/example_branch_python_dop_operator_3.py
[2024-04-24T05:13:49.548+0000] {processor.py:840} INFO - DAG(s) 'example_branch_dop_operator_v3' retrieved from /home/airflow/.local/lib/python3.8/site-packages/airflow/example_dags/example_branch_python_dop_operator_3.py
[2024-04-24T05:13:49.558+0000] {logging_mixin.py:188} INFO - [2024-04-24T05:13:49.558+0000] {dag.py:3047} INFO - Sync 1 DAGs
[2024-04-24T05:13:49.572+0000] {logging_mixin.py:188} INFO - [2024-04-24T05:13:49.572+0000] {dag.py:3834} INFO - Setting next_dagrun for example_branch_dop_operator_v3 to 2024-04-24 05:12:00+00:00, run_after=2024-04-24 05:13:00+00:00
[2024-04-24T05:13:49.582+0000] {processor.py:183} INFO - Processing /home/airflow/.local/lib/python3.8/site-packages/airflow/example_dags/example_branch_python_dop_operator_3.py took 0.042 seconds
[2024-04-24T05:14:20.073+0000] {processor.py:161} INFO - Started process (PID=435) to work on /home/airflow/.local/lib/python3.8/site-packages/airflow/example_dags/example_branch_python_dop_operator_3.py
[2024-04-24T05:14:20.074+0000] {processor.py:830} INFO - Processing file /home/airflow/.local/lib/python3.8/site-packages/airflow/example_dags/example_branch_python_dop_operator_3.py for tasks to queue
[2024-04-24T05:14:20.075+0000] {logging_mixin.py:188} INFO - [2024-04-24T05:14:20.075+0000] {dagbag.py:540} INFO - Filling up the DagBag from /home/airflow/.local/lib/python3.8/site-packages/airflow/example_dags/example_branch_python_dop_operator_3.py
[2024-04-24T05:14:20.080+0000] {processor.py:840} INFO - DAG(s) 'example_branch_dop_operator_v3' retrieved from /home/airflow/.local/lib/python3.8/site-packages/airflow/example_dags/example_branch_python_dop_operator_3.py
[2024-04-24T05:14:20.090+0000] {logging_mixin.py:188} INFO - [2024-04-24T05:14:20.090+0000] {dag.py:3047} INFO - Sync 1 DAGs
[2024-04-24T05:14:20.103+0000] {logging_mixin.py:188} INFO - [2024-04-24T05:14:20.103+0000] {dag.py:3834} INFO - Setting next_dagrun for example_branch_dop_operator_v3 to 2024-04-24 05:13:00+00:00, run_after=2024-04-24 05:14:00+00:00
[2024-04-24T05:14:20.113+0000] {processor.py:183} INFO - Processing /home/airflow/.local/lib/python3.8/site-packages/airflow/example_dags/example_branch_python_dop_operator_3.py took 0.042 seconds
[2024-04-24T05:14:50.751+0000] {processor.py:161} INFO - Started process (PID=493) to work on /home/airflow/.local/lib/python3.8/site-packages/airflow/example_dags/example_branch_python_dop_operator_3.py
[2024-04-24T05:14:50.751+0000] {processor.py:830} INFO - Processing file /home/airflow/.local/lib/python3.8/site-packages/airflow/example_dags/example_branch_python_dop_operator_3.py for tasks to queue
[2024-04-24T05:14:50.752+0000] {logging_mixin.py:188} INFO - [2024-04-24T05:14:50.752+0000] {dagbag.py:540} INFO - Filling up the DagBag from /home/airflow/.local/lib/python3.8/site-packages/airflow/example_dags/example_branch_python_dop_operator_3.py
[2024-04-24T05:14:50.757+0000] {processor.py:840} INFO - DAG(s) 'example_branch_dop_operator_v3' retrieved from /home/airflow/.local/lib/python3.8/site-packages/airflow/example_dags/example_branch_python_dop_operator_3.py
[2024-04-24T05:14:50.768+0000] {logging_mixin.py:188} INFO - [2024-04-24T05:14:50.768+0000] {dag.py:3047} INFO - Sync 1 DAGs
[2024-04-24T05:14:50.783+0000] {logging_mixin.py:188} INFO - [2024-04-24T05:14:50.782+0000] {dag.py:3834} INFO - Setting next_dagrun for example_branch_dop_operator_v3 to 2024-04-24 05:13:00+00:00, run_after=2024-04-24 05:14:00+00:00
[2024-04-24T05:14:50.793+0000] {processor.py:183} INFO - Processing /home/airflow/.local/lib/python3.8/site-packages/airflow/example_dags/example_branch_python_dop_operator_3.py took 0.044 seconds
[2024-04-24T05:15:21.268+0000] {processor.py:161} INFO - Started process (PID=552) to work on /home/airflow/.local/lib/python3.8/site-packages/airflow/example_dags/example_branch_python_dop_operator_3.py
[2024-04-24T05:15:21.269+0000] {processor.py:830} INFO - Processing file /home/airflow/.local/lib/python3.8/site-packages/airflow/example_dags/example_branch_python_dop_operator_3.py for tasks to queue
[2024-04-24T05:15:21.270+0000] {logging_mixin.py:188} INFO - [2024-04-24T05:15:21.269+0000] {dagbag.py:540} INFO - Filling up the DagBag from /home/airflow/.local/lib/python3.8/site-packages/airflow/example_dags/example_branch_python_dop_operator_3.py
[2024-04-24T05:15:21.274+0000] {processor.py:840} INFO - DAG(s) 'example_branch_dop_operator_v3' retrieved from /home/airflow/.local/lib/python3.8/site-packages/airflow/example_dags/example_branch_python_dop_operator_3.py
[2024-04-24T05:15:21.284+0000] {logging_mixin.py:188} INFO - [2024-04-24T05:15:21.284+0000] {dag.py:3047} INFO - Sync 1 DAGs
[2024-04-24T05:15:21.297+0000] {logging_mixin.py:188} INFO - [2024-04-24T05:15:21.297+0000] {dag.py:3834} INFO - Setting next_dagrun for example_branch_dop_operator_v3 to 2024-04-24 05:14:00+00:00, run_after=2024-04-24 05:15:00+00:00
[2024-04-24T05:15:21.308+0000] {processor.py:183} INFO - Processing /home/airflow/.local/lib/python3.8/site-packages/airflow/example_dags/example_branch_python_dop_operator_3.py took 0.042 seconds
[2024-04-24T05:15:51.757+0000] {processor.py:161} INFO - Started process (PID=610) to work on /home/airflow/.local/lib/python3.8/site-packages/airflow/example_dags/example_branch_python_dop_operator_3.py
[2024-04-24T05:15:51.758+0000] {processor.py:830} INFO - Processing file /home/airflow/.local/lib/python3.8/site-packages/airflow/example_dags/example_branch_python_dop_operator_3.py for tasks to queue
[2024-04-24T05:15:51.759+0000] {logging_mixin.py:188} INFO - [2024-04-24T05:15:51.759+0000] {dagbag.py:540} INFO - Filling up the DagBag from /home/airflow/.local/lib/python3.8/site-packages/airflow/example_dags/example_branch_python_dop_operator_3.py
[2024-04-24T05:15:51.764+0000] {processor.py:840} INFO - DAG(s) 'example_branch_dop_operator_v3' retrieved from /home/airflow/.local/lib/python3.8/site-packages/airflow/example_dags/example_branch_python_dop_operator_3.py
[2024-04-24T05:15:51.774+0000] {logging_mixin.py:188} INFO - [2024-04-24T05:15:51.774+0000] {dag.py:3047} INFO - Sync 1 DAGs
[2024-04-24T05:15:51.787+0000] {logging_mixin.py:188} INFO - [2024-04-24T05:15:51.787+0000] {dag.py:3834} INFO - Setting next_dagrun for example_branch_dop_operator_v3 to 2024-04-24 05:14:00+00:00, run_after=2024-04-24 05:15:00+00:00
[2024-04-24T05:15:51.797+0000] {processor.py:183} INFO - Processing /home/airflow/.local/lib/python3.8/site-packages/airflow/example_dags/example_branch_python_dop_operator_3.py took 0.042 seconds
[2024-04-24T05:16:22.292+0000] {processor.py:161} INFO - Started process (PID=668) to work on /home/airflow/.local/lib/python3.8/site-packages/airflow/example_dags/example_branch_python_dop_operator_3.py
[2024-04-24T05:16:22.292+0000] {processor.py:830} INFO - Processing file /home/airflow/.local/lib/python3.8/site-packages/airflow/example_dags/example_branch_python_dop_operator_3.py for tasks to queue
[2024-04-24T05:16:22.293+0000] {logging_mixin.py:188} INFO - [2024-04-24T05:16:22.293+0000] {dagbag.py:540} INFO - Filling up the DagBag from /home/airflow/.local/lib/python3.8/site-packages/airflow/example_dags/example_branch_python_dop_operator_3.py
[2024-04-24T05:16:22.298+0000] {processor.py:840} INFO - DAG(s) 'example_branch_dop_operator_v3' retrieved from /home/airflow/.local/lib/python3.8/site-packages/airflow/example_dags/example_branch_python_dop_operator_3.py
[2024-04-24T05:16:22.310+0000] {logging_mixin.py:188} INFO - [2024-04-24T05:16:22.310+0000] {dag.py:3047} INFO - Sync 1 DAGs
[2024-04-24T05:16:22.324+0000] {logging_mixin.py:188} INFO - [2024-04-24T05:16:22.323+0000] {dag.py:3834} INFO - Setting next_dagrun for example_branch_dop_operator_v3 to 2024-04-24 05:15:00+00:00, run_after=2024-04-24 05:16:00+00:00
[2024-04-24T05:16:22.334+0000] {processor.py:183} INFO - Processing /home/airflow/.local/lib/python3.8/site-packages/airflow/example_dags/example_branch_python_dop_operator_3.py took 0.044 seconds
[2024-04-24T05:16:52.826+0000] {processor.py:161} INFO - Started process (PID=726) to work on /home/airflow/.local/lib/python3.8/site-packages/airflow/example_dags/example_branch_python_dop_operator_3.py
[2024-04-24T05:16:52.827+0000] {processor.py:830} INFO - Processing file /home/airflow/.local/lib/python3.8/site-packages/airflow/example_dags/example_branch_python_dop_operator_3.py for tasks to queue
[2024-04-24T05:16:52.828+0000] {logging_mixin.py:188} INFO - [2024-04-24T05:16:52.828+0000] {dagbag.py:540} INFO - Filling up the DagBag from /home/airflow/.local/lib/python3.8/site-packages/airflow/example_dags/example_branch_python_dop_operator_3.py
[2024-04-24T05:16:52.833+0000] {processor.py:840} INFO - DAG(s) 'example_branch_dop_operator_v3' retrieved from /home/airflow/.local/lib/python3.8/site-packages/airflow/example_dags/example_branch_python_dop_operator_3.py
[2024-04-24T05:16:52.843+0000] {logging_mixin.py:188} INFO - [2024-04-24T05:16:52.843+0000] {dag.py:3047} INFO - Sync 1 DAGs
[2024-04-24T05:16:52.856+0000] {logging_mixin.py:188} INFO - [2024-04-24T05:16:52.856+0000] {dag.py:3834} INFO - Setting next_dagrun for example_branch_dop_operator_v3 to 2024-04-24 05:15:00+00:00, run_after=2024-04-24 05:16:00+00:00
[2024-04-24T05:16:52.865+0000] {processor.py:183} INFO - Processing /home/airflow/.local/lib/python3.8/site-packages/airflow/example_dags/example_branch_python_dop_operator_3.py took 0.041 seconds
[2024-04-24T05:17:23.359+0000] {processor.py:161} INFO - Started process (PID=784) to work on /home/airflow/.local/lib/python3.8/site-packages/airflow/example_dags/example_branch_python_dop_operator_3.py
[2024-04-24T05:17:23.359+0000] {processor.py:830} INFO - Processing file /home/airflow/.local/lib/python3.8/site-packages/airflow/example_dags/example_branch_python_dop_operator_3.py for tasks to queue
[2024-04-24T05:17:23.361+0000] {logging_mixin.py:188} INFO - [2024-04-24T05:17:23.360+0000] {dagbag.py:540} INFO - Filling up the DagBag from /home/airflow/.local/lib/python3.8/site-packages/airflow/example_dags/example_branch_python_dop_operator_3.py
[2024-04-24T05:17:23.366+0000] {processor.py:840} INFO - DAG(s) 'example_branch_dop_operator_v3' retrieved from /home/airflow/.local/lib/python3.8/site-packages/airflow/example_dags/example_branch_python_dop_operator_3.py
[2024-04-24T05:17:23.377+0000] {logging_mixin.py:188} INFO - [2024-04-24T05:17:23.377+0000] {dag.py:3047} INFO - Sync 1 DAGs
[2024-04-24T05:17:23.391+0000] {logging_mixin.py:188} INFO - [2024-04-24T05:17:23.391+0000] {dag.py:3834} INFO - Setting next_dagrun for example_branch_dop_operator_v3 to 2024-04-24 05:16:00+00:00, run_after=2024-04-24 05:17:00+00:00
[2024-04-24T05:17:23.402+0000] {processor.py:183} INFO - Processing /home/airflow/.local/lib/python3.8/site-packages/airflow/example_dags/example_branch_python_dop_operator_3.py took 0.045 seconds
[2024-04-24T05:17:53.973+0000] {processor.py:161} INFO - Started process (PID=842) to work on /home/airflow/.local/lib/python3.8/site-packages/airflow/example_dags/example_branch_python_dop_operator_3.py
[2024-04-24T05:17:53.974+0000] {processor.py:830} INFO - Processing file /home/airflow/.local/lib/python3.8/site-packages/airflow/example_dags/example_branch_python_dop_operator_3.py for tasks to queue
[2024-04-24T05:17:53.975+0000] {logging_mixin.py:188} INFO - [2024-04-24T05:17:53.974+0000] {dagbag.py:540} INFO - Filling up the DagBag from /home/airflow/.local/lib/python3.8/site-packages/airflow/example_dags/example_branch_python_dop_operator_3.py
[2024-04-24T05:17:53.980+0000] {processor.py:840} INFO - DAG(s) 'example_branch_dop_operator_v3' retrieved from /home/airflow/.local/lib/python3.8/site-packages/airflow/example_dags/example_branch_python_dop_operator_3.py
[2024-04-24T05:17:53.990+0000] {logging_mixin.py:188} INFO - [2024-04-24T05:17:53.990+0000] {dag.py:3047} INFO - Sync 1 DAGs
[2024-04-24T05:17:54.004+0000] {logging_mixin.py:188} INFO - [2024-04-24T05:17:54.004+0000] {dag.py:3834} INFO - Setting next_dagrun for example_branch_dop_operator_v3 to 2024-04-24 05:16:00+00:00, run_after=2024-04-24 05:17:00+00:00
[2024-04-24T05:17:54.014+0000] {processor.py:183} INFO - Processing /home/airflow/.local/lib/python3.8/site-packages/airflow/example_dags/example_branch_python_dop_operator_3.py took 0.043 seconds
[2024-04-24T05:18:24.747+0000] {processor.py:161} INFO - Started process (PID=900) to work on /home/airflow/.local/lib/python3.8/site-packages/airflow/example_dags/example_branch_python_dop_operator_3.py
[2024-04-24T05:18:24.748+0000] {processor.py:830} INFO - Processing file /home/airflow/.local/lib/python3.8/site-packages/airflow/example_dags/example_branch_python_dop_operator_3.py for tasks to queue
[2024-04-24T05:18:24.749+0000] {logging_mixin.py:188} INFO - [2024-04-24T05:18:24.749+0000] {dagbag.py:540} INFO - Filling up the DagBag from /home/airflow/.local/lib/python3.8/site-packages/airflow/example_dags/example_branch_python_dop_operator_3.py
[2024-04-24T05:18:24.754+0000] {processor.py:840} INFO - DAG(s) 'example_branch_dop_operator_v3' retrieved from /home/airflow/.local/lib/python3.8/site-packages/airflow/example_dags/example_branch_python_dop_operator_3.py
[2024-04-24T05:18:24.765+0000] {logging_mixin.py:188} INFO - [2024-04-24T05:18:24.764+0000] {dag.py:3047} INFO - Sync 1 DAGs
[2024-04-24T05:18:24.778+0000] {logging_mixin.py:188} INFO - [2024-04-24T05:18:24.778+0000] {dag.py:3834} INFO - Setting next_dagrun for example_branch_dop_operator_v3 to 2024-04-24 05:17:00+00:00, run_after=2024-04-24 05:18:00+00:00
[2024-04-24T05:18:24.788+0000] {processor.py:183} INFO - Processing /home/airflow/.local/lib/python3.8/site-packages/airflow/example_dags/example_branch_python_dop_operator_3.py took 0.043 seconds
[2024-04-24T05:18:55.245+0000] {processor.py:161} INFO - Started process (PID=958) to work on /home/airflow/.local/lib/python3.8/site-packages/airflow/example_dags/example_branch_python_dop_operator_3.py
[2024-04-24T05:18:55.246+0000] {processor.py:830} INFO - Processing file /home/airflow/.local/lib/python3.8/site-packages/airflow/example_dags/example_branch_python_dop_operator_3.py for tasks to queue
[2024-04-24T05:18:55.247+0000] {logging_mixin.py:188} INFO - [2024-04-24T05:18:55.247+0000] {dagbag.py:540} INFO - Filling up the DagBag from /home/airflow/.local/lib/python3.8/site-packages/airflow/example_dags/example_branch_python_dop_operator_3.py
[2024-04-24T05:18:55.252+0000] {processor.py:840} INFO - DAG(s) 'example_branch_dop_operator_v3' retrieved from /home/airflow/.local/lib/python3.8/site-packages/airflow/example_dags/example_branch_python_dop_operator_3.py
[2024-04-24T05:18:55.262+0000] {logging_mixin.py:188} INFO - [2024-04-24T05:18:55.262+0000] {dag.py:3047} INFO - Sync 1 DAGs
[2024-04-24T05:18:55.276+0000] {logging_mixin.py:188} INFO - [2024-04-24T05:18:55.275+0000] {dag.py:3834} INFO - Setting next_dagrun for example_branch_dop_operator_v3 to 2024-04-24 05:17:00+00:00, run_after=2024-04-24 05:18:00+00:00
[2024-04-24T05:18:55.285+0000] {processor.py:183} INFO - Processing /home/airflow/.local/lib/python3.8/site-packages/airflow/example_dags/example_branch_python_dop_operator_3.py took 0.041 seconds
[2024-04-24T05:19:25.896+0000] {processor.py:161} INFO - Started process (PID=1016) to work on /home/airflow/.local/lib/python3.8/site-packages/airflow/example_dags/example_branch_python_dop_operator_3.py
[2024-04-24T05:19:25.897+0000] {processor.py:830} INFO - Processing file /home/airflow/.local/lib/python3.8/site-packages/airflow/example_dags/example_branch_python_dop_operator_3.py for tasks to queue
[2024-04-24T05:19:25.898+0000] {logging_mixin.py:188} INFO - [2024-04-24T05:19:25.897+0000] {dagbag.py:540} INFO - Filling up the DagBag from /home/airflow/.local/lib/python3.8/site-packages/airflow/example_dags/example_branch_python_dop_operator_3.py
[2024-04-24T05:19:25.902+0000] {processor.py:840} INFO - DAG(s) 'example_branch_dop_operator_v3' retrieved from /home/airflow/.local/lib/python3.8/site-packages/airflow/example_dags/example_branch_python_dop_operator_3.py
[2024-04-24T05:19:25.912+0000] {logging_mixin.py:188} INFO - [2024-04-24T05:19:25.912+0000] {dag.py:3047} INFO - Sync 1 DAGs
[2024-04-24T05:19:25.925+0000] {logging_mixin.py:188} INFO - [2024-04-24T05:19:25.925+0000] {dag.py:3834} INFO - Setting next_dagrun for example_branch_dop_operator_v3 to 2024-04-24 05:18:00+00:00, run_after=2024-04-24 05:19:00+00:00
[2024-04-24T05:19:25.935+0000] {processor.py:183} INFO - Processing /home/airflow/.local/lib/python3.8/site-packages/airflow/example_dags/example_branch_python_dop_operator_3.py took 0.041 seconds
[2024-04-24T05:19:56.379+0000] {processor.py:161} INFO - Started process (PID=1074) to work on /home/airflow/.local/lib/python3.8/site-packages/airflow/example_dags/example_branch_python_dop_operator_3.py
[2024-04-24T05:19:56.379+0000] {processor.py:830} INFO - Processing file /home/airflow/.local/lib/python3.8/site-packages/airflow/example_dags/example_branch_python_dop_operator_3.py for tasks to queue
[2024-04-24T05:19:56.380+0000] {logging_mixin.py:188} INFO - [2024-04-24T05:19:56.380+0000] {dagbag.py:540} INFO - Filling up the DagBag from /home/airflow/.local/lib/python3.8/site-packages/airflow/example_dags/example_branch_python_dop_operator_3.py
[2024-04-24T05:19:56.385+0000] {processor.py:840} INFO - DAG(s) 'example_branch_dop_operator_v3' retrieved from /home/airflow/.local/lib/python3.8/site-packages/airflow/example_dags/example_branch_python_dop_operator_3.py
[2024-04-24T05:19:56.395+0000] {logging_mixin.py:188} INFO - [2024-04-24T05:19:56.395+0000] {dag.py:3047} INFO - Sync 1 DAGs
[2024-04-24T05:19:56.409+0000] {logging_mixin.py:188} INFO - [2024-04-24T05:19:56.409+0000] {dag.py:3834} INFO - Setting next_dagrun for example_branch_dop_operator_v3 to 2024-04-24 05:18:00+00:00, run_after=2024-04-24 05:19:00+00:00
[2024-04-24T05:19:56.419+0000] {processor.py:183} INFO - Processing /home/airflow/.local/lib/python3.8/site-packages/airflow/example_dags/example_branch_python_dop_operator_3.py took 0.042 seconds
[2024-04-24T05:20:27.018+0000] {processor.py:161} INFO - Started process (PID=1132) to work on /home/airflow/.local/lib/python3.8/site-packages/airflow/example_dags/example_branch_python_dop_operator_3.py
[2024-04-24T05:20:27.018+0000] {processor.py:830} INFO - Processing file /home/airflow/.local/lib/python3.8/site-packages/airflow/example_dags/example_branch_python_dop_operator_3.py for tasks to queue
[2024-04-24T05:20:27.019+0000] {logging_mixin.py:188} INFO - [2024-04-24T05:20:27.019+0000] {dagbag.py:540} INFO - Filling up the DagBag from /home/airflow/.local/lib/python3.8/site-packages/airflow/example_dags/example_branch_python_dop_operator_3.py
[2024-04-24T05:20:27.024+0000] {processor.py:840} INFO - DAG(s) 'example_branch_dop_operator_v3' retrieved from /home/airflow/.local/lib/python3.8/site-packages/airflow/example_dags/example_branch_python_dop_operator_3.py
[2024-04-24T05:20:27.034+0000] {logging_mixin.py:188} INFO - [2024-04-24T05:20:27.034+0000] {dag.py:3047} INFO - Sync 1 DAGs
[2024-04-24T05:20:27.047+0000] {logging_mixin.py:188} INFO - [2024-04-24T05:20:27.047+0000] {dag.py:3834} INFO - Setting next_dagrun for example_branch_dop_operator_v3 to 2024-04-24 05:19:00+00:00, run_after=2024-04-24 05:20:00+00:00
[2024-04-24T05:20:27.057+0000] {processor.py:183} INFO - Processing /home/airflow/.local/lib/python3.8/site-packages/airflow/example_dags/example_branch_python_dop_operator_3.py took 0.041 seconds
[2024-04-24T05:20:57.472+0000] {processor.py:161} INFO - Started process (PID=1190) to work on /home/airflow/.local/lib/python3.8/site-packages/airflow/example_dags/example_branch_python_dop_operator_3.py
[2024-04-24T05:20:57.473+0000] {processor.py:830} INFO - Processing file /home/airflow/.local/lib/python3.8/site-packages/airflow/example_dags/example_branch_python_dop_operator_3.py for tasks to queue
[2024-04-24T05:20:57.474+0000] {logging_mixin.py:188} INFO - [2024-04-24T05:20:57.474+0000] {dagbag.py:540} INFO - Filling up the DagBag from /home/airflow/.local/lib/python3.8/site-packages/airflow/example_dags/example_branch_python_dop_operator_3.py
[2024-04-24T05:20:57.479+0000] {processor.py:840} INFO - DAG(s) 'example_branch_dop_operator_v3' retrieved from /home/airflow/.local/lib/python3.8/site-packages/airflow/example_dags/example_branch_python_dop_operator_3.py
[2024-04-24T05:20:57.488+0000] {logging_mixin.py:188} INFO - [2024-04-24T05:20:57.488+0000] {dag.py:3047} INFO - Sync 1 DAGs
[2024-04-24T05:20:57.502+0000] {logging_mixin.py:188} INFO - [2024-04-24T05:20:57.502+0000] {dag.py:3834} INFO - Setting next_dagrun for example_branch_dop_operator_v3 to 2024-04-24 05:19:00+00:00, run_after=2024-04-24 05:20:00+00:00
[2024-04-24T05:20:57.511+0000] {processor.py:183} INFO - Processing /home/airflow/.local/lib/python3.8/site-packages/airflow/example_dags/example_branch_python_dop_operator_3.py took 0.040 seconds
[2024-04-24T05:21:27.989+0000] {processor.py:161} INFO - Started process (PID=1248) to work on /home/airflow/.local/lib/python3.8/site-packages/airflow/example_dags/example_branch_python_dop_operator_3.py
[2024-04-24T05:21:27.989+0000] {processor.py:830} INFO - Processing file /home/airflow/.local/lib/python3.8/site-packages/airflow/example_dags/example_branch_python_dop_operator_3.py for tasks to queue
[2024-04-24T05:21:27.990+0000] {logging_mixin.py:188} INFO - [2024-04-24T05:21:27.990+0000] {dagbag.py:540} INFO - Filling up the DagBag from /home/airflow/.local/lib/python3.8/site-packages/airflow/example_dags/example_branch_python_dop_operator_3.py
[2024-04-24T05:21:27.995+0000] {processor.py:840} INFO - DAG(s) 'example_branch_dop_operator_v3' retrieved from /home/airflow/.local/lib/python3.8/site-packages/airflow/example_dags/example_branch_python_dop_operator_3.py
[2024-04-24T05:21:28.005+0000] {logging_mixin.py:188} INFO - [2024-04-24T05:21:28.005+0000] {dag.py:3047} INFO - Sync 1 DAGs
[2024-04-24T05:21:28.018+0000] {logging_mixin.py:188} INFO - [2024-04-24T05:21:28.018+0000] {dag.py:3834} INFO - Setting next_dagrun for example_branch_dop_operator_v3 to 2024-04-24 05:20:00+00:00, run_after=2024-04-24 05:21:00+00:00
[2024-04-24T05:21:28.027+0000] {processor.py:183} INFO - Processing /home/airflow/.local/lib/python3.8/site-packages/airflow/example_dags/example_branch_python_dop_operator_3.py took 0.041 seconds
[2024-04-24T05:21:58.468+0000] {processor.py:161} INFO - Started process (PID=1306) to work on /home/airflow/.local/lib/python3.8/site-packages/airflow/example_dags/example_branch_python_dop_operator_3.py
[2024-04-24T05:21:58.468+0000] {processor.py:830} INFO - Processing file /home/airflow/.local/lib/python3.8/site-packages/airflow/example_dags/example_branch_python_dop_operator_3.py for tasks to queue
[2024-04-24T05:21:58.469+0000] {logging_mixin.py:188} INFO - [2024-04-24T05:21:58.469+0000] {dagbag.py:540} INFO - Filling up the DagBag from /home/airflow/.local/lib/python3.8/site-packages/airflow/example_dags/example_branch_python_dop_operator_3.py
[2024-04-24T05:21:58.474+0000] {processor.py:840} INFO - DAG(s) 'example_branch_dop_operator_v3' retrieved from /home/airflow/.local/lib/python3.8/site-packages/airflow/example_dags/example_branch_python_dop_operator_3.py
[2024-04-24T05:21:58.484+0000] {logging_mixin.py:188} INFO - [2024-04-24T05:21:58.484+0000] {dag.py:3047} INFO - Sync 1 DAGs
[2024-04-24T05:21:58.497+0000] {logging_mixin.py:188} INFO - [2024-04-24T05:21:58.496+0000] {dag.py:3834} INFO - Setting next_dagrun for example_branch_dop_operator_v3 to 2024-04-24 05:20:00+00:00, run_after=2024-04-24 05:21:00+00:00
[2024-04-24T05:21:58.506+0000] {processor.py:183} INFO - Processing /home/airflow/.local/lib/python3.8/site-packages/airflow/example_dags/example_branch_python_dop_operator_3.py took 0.040 seconds
[2024-04-24T05:22:29.037+0000] {processor.py:161} INFO - Started process (PID=1364) to work on /home/airflow/.local/lib/python3.8/site-packages/airflow/example_dags/example_branch_python_dop_operator_3.py
[2024-04-24T05:22:29.038+0000] {processor.py:830} INFO - Processing file /home/airflow/.local/lib/python3.8/site-packages/airflow/example_dags/example_branch_python_dop_operator_3.py for tasks to queue
[2024-04-24T05:22:29.038+0000] {logging_mixin.py:188} INFO - [2024-04-24T05:22:29.038+0000] {dagbag.py:540} INFO - Filling up the DagBag from /home/airflow/.local/lib/python3.8/site-packages/airflow/example_dags/example_branch_python_dop_operator_3.py
[2024-04-24T05:22:29.043+0000] {processor.py:840} INFO - DAG(s) 'example_branch_dop_operator_v3' retrieved from /home/airflow/.local/lib/python3.8/site-packages/airflow/example_dags/example_branch_python_dop_operator_3.py
[2024-04-24T05:22:29.053+0000] {logging_mixin.py:188} INFO - [2024-04-24T05:22:29.053+0000] {dag.py:3047} INFO - Sync 1 DAGs
[2024-04-24T05:22:29.066+0000] {logging_mixin.py:188} INFO - [2024-04-24T05:22:29.066+0000] {dag.py:3834} INFO - Setting next_dagrun for example_branch_dop_operator_v3 to 2024-04-24 05:21:00+00:00, run_after=2024-04-24 05:22:00+00:00
[2024-04-24T05:22:29.076+0000] {processor.py:183} INFO - Processing /home/airflow/.local/lib/python3.8/site-packages/airflow/example_dags/example_branch_python_dop_operator_3.py took 0.041 seconds
[2024-04-24T05:22:59.510+0000] {processor.py:161} INFO - Started process (PID=1422) to work on /home/airflow/.local/lib/python3.8/site-packages/airflow/example_dags/example_branch_python_dop_operator_3.py
[2024-04-24T05:22:59.510+0000] {processor.py:830} INFO - Processing file /home/airflow/.local/lib/python3.8/site-packages/airflow/example_dags/example_branch_python_dop_operator_3.py for tasks to queue
[2024-04-24T05:22:59.511+0000] {logging_mixin.py:188} INFO - [2024-04-24T05:22:59.511+0000] {dagbag.py:540} INFO - Filling up the DagBag from /home/airflow/.local/lib/python3.8/site-packages/airflow/example_dags/example_branch_python_dop_operator_3.py
[2024-04-24T05:22:59.516+0000] {processor.py:840} INFO - DAG(s) 'example_branch_dop_operator_v3' retrieved from /home/airflow/.local/lib/python3.8/site-packages/airflow/example_dags/example_branch_python_dop_operator_3.py
[2024-04-24T05:22:59.526+0000] {logging_mixin.py:188} INFO - [2024-04-24T05:22:59.526+0000] {dag.py:3047} INFO - Sync 1 DAGs
[2024-04-24T05:22:59.540+0000] {logging_mixin.py:188} INFO - [2024-04-24T05:22:59.540+0000] {dag.py:3834} INFO - Setting next_dagrun for example_branch_dop_operator_v3 to 2024-04-24 05:21:00+00:00, run_after=2024-04-24 05:22:00+00:00
[2024-04-24T05:22:59.550+0000] {processor.py:183} INFO - Processing /home/airflow/.local/lib/python3.8/site-packages/airflow/example_dags/example_branch_python_dop_operator_3.py took 0.042 seconds
[2024-04-24T05:23:30.030+0000] {processor.py:161} INFO - Started process (PID=1480) to work on /home/airflow/.local/lib/python3.8/site-packages/airflow/example_dags/example_branch_python_dop_operator_3.py
[2024-04-24T05:23:30.030+0000] {processor.py:830} INFO - Processing file /home/airflow/.local/lib/python3.8/site-packages/airflow/example_dags/example_branch_python_dop_operator_3.py for tasks to queue
[2024-04-24T05:23:30.031+0000] {logging_mixin.py:188} INFO - [2024-04-24T05:23:30.031+0000] {dagbag.py:540} INFO - Filling up the DagBag from /home/airflow/.local/lib/python3.8/site-packages/airflow/example_dags/example_branch_python_dop_operator_3.py
[2024-04-24T05:23:30.036+0000] {processor.py:840} INFO - DAG(s) 'example_branch_dop_operator_v3' retrieved from /home/airflow/.local/lib/python3.8/site-packages/airflow/example_dags/example_branch_python_dop_operator_3.py
[2024-04-24T05:23:30.046+0000] {logging_mixin.py:188} INFO - [2024-04-24T05:23:30.046+0000] {dag.py:3047} INFO - Sync 1 DAGs
[2024-04-24T05:23:30.059+0000] {logging_mixin.py:188} INFO - [2024-04-24T05:23:30.059+0000] {dag.py:3834} INFO - Setting next_dagrun for example_branch_dop_operator_v3 to 2024-04-24 05:22:00+00:00, run_after=2024-04-24 05:23:00+00:00
[2024-04-24T05:23:30.069+0000] {processor.py:183} INFO - Processing /home/airflow/.local/lib/python3.8/site-packages/airflow/example_dags/example_branch_python_dop_operator_3.py took 0.041 seconds
[2024-04-24T05:24:00.531+0000] {processor.py:161} INFO - Started process (PID=1538) to work on /home/airflow/.local/lib/python3.8/site-packages/airflow/example_dags/example_branch_python_dop_operator_3.py
[2024-04-24T05:24:00.532+0000] {processor.py:830} INFO - Processing file /home/airflow/.local/lib/python3.8/site-packages/airflow/example_dags/example_branch_python_dop_operator_3.py for tasks to queue
[2024-04-24T05:24:00.533+0000] {logging_mixin.py:188} INFO - [2024-04-24T05:24:00.532+0000] {dagbag.py:540} INFO - Filling up the DagBag from /home/airflow/.local/lib/python3.8/site-packages/airflow/example_dags/example_branch_python_dop_operator_3.py
[2024-04-24T05:24:00.537+0000] {processor.py:840} INFO - DAG(s) 'example_branch_dop_operator_v3' retrieved from /home/airflow/.local/lib/python3.8/site-packages/airflow/example_dags/example_branch_python_dop_operator_3.py
[2024-04-24T05:24:00.547+0000] {logging_mixin.py:188} INFO - [2024-04-24T05:24:00.547+0000] {dag.py:3047} INFO - Sync 1 DAGs
[2024-04-24T05:24:00.561+0000] {logging_mixin.py:188} INFO - [2024-04-24T05:24:00.561+0000] {dag.py:3834} INFO - Setting next_dagrun for example_branch_dop_operator_v3 to 2024-04-24 05:23:00+00:00, run_after=2024-04-24 05:24:00+00:00
[2024-04-24T05:24:00.571+0000] {processor.py:183} INFO - Processing /home/airflow/.local/lib/python3.8/site-packages/airflow/example_dags/example_branch_python_dop_operator_3.py took 0.041 seconds
[2024-04-24T05:24:30.993+0000] {processor.py:161} INFO - Started process (PID=1596) to work on /home/airflow/.local/lib/python3.8/site-packages/airflow/example_dags/example_branch_python_dop_operator_3.py
[2024-04-24T05:24:30.994+0000] {processor.py:830} INFO - Processing file /home/airflow/.local/lib/python3.8/site-packages/airflow/example_dags/example_branch_python_dop_operator_3.py for tasks to queue
[2024-04-24T05:24:30.995+0000] {logging_mixin.py:188} INFO - [2024-04-24T05:24:30.995+0000] {dagbag.py:540} INFO - Filling up the DagBag from /home/airflow/.local/lib/python3.8/site-packages/airflow/example_dags/example_branch_python_dop_operator_3.py
[2024-04-24T05:24:31.000+0000] {processor.py:840} INFO - DAG(s) 'example_branch_dop_operator_v3' retrieved from /home/airflow/.local/lib/python3.8/site-packages/airflow/example_dags/example_branch_python_dop_operator_3.py
[2024-04-24T05:24:31.010+0000] {logging_mixin.py:188} INFO - [2024-04-24T05:24:31.009+0000] {dag.py:3047} INFO - Sync 1 DAGs
[2024-04-24T05:24:31.023+0000] {logging_mixin.py:188} INFO - [2024-04-24T05:24:31.023+0000] {dag.py:3834} INFO - Setting next_dagrun for example_branch_dop_operator_v3 to 2024-04-24 05:23:00+00:00, run_after=2024-04-24 05:24:00+00:00
[2024-04-24T05:24:31.032+0000] {processor.py:183} INFO - Processing /home/airflow/.local/lib/python3.8/site-packages/airflow/example_dags/example_branch_python_dop_operator_3.py took 0.041 seconds
[2024-04-24T05:25:01.454+0000] {processor.py:161} INFO - Started process (PID=1654) to work on /home/airflow/.local/lib/python3.8/site-packages/airflow/example_dags/example_branch_python_dop_operator_3.py
[2024-04-24T05:25:01.454+0000] {processor.py:830} INFO - Processing file /home/airflow/.local/lib/python3.8/site-packages/airflow/example_dags/example_branch_python_dop_operator_3.py for tasks to queue
[2024-04-24T05:25:01.455+0000] {logging_mixin.py:188} INFO - [2024-04-24T05:25:01.455+0000] {dagbag.py:540} INFO - Filling up the DagBag from /home/airflow/.local/lib/python3.8/site-packages/airflow/example_dags/example_branch_python_dop_operator_3.py
[2024-04-24T05:25:01.460+0000] {processor.py:840} INFO - DAG(s) 'example_branch_dop_operator_v3' retrieved from /home/airflow/.local/lib/python3.8/site-packages/airflow/example_dags/example_branch_python_dop_operator_3.py
[2024-04-24T05:25:01.470+0000] {logging_mixin.py:188} INFO - [2024-04-24T05:25:01.470+0000] {dag.py:3047} INFO - Sync 1 DAGs
[2024-04-24T05:25:01.483+0000] {logging_mixin.py:188} INFO - [2024-04-24T05:25:01.483+0000] {dag.py:3834} INFO - Setting next_dagrun for example_branch_dop_operator_v3 to 2024-04-24 05:24:00+00:00, run_after=2024-04-24 05:25:00+00:00
[2024-04-24T05:25:01.492+0000] {processor.py:183} INFO - Processing /home/airflow/.local/lib/python3.8/site-packages/airflow/example_dags/example_branch_python_dop_operator_3.py took 0.041 seconds
[2024-04-24T05:25:31.907+0000] {processor.py:161} INFO - Started process (PID=1712) to work on /home/airflow/.local/lib/python3.8/site-packages/airflow/example_dags/example_branch_python_dop_operator_3.py
[2024-04-24T05:25:31.907+0000] {processor.py:830} INFO - Processing file /home/airflow/.local/lib/python3.8/site-packages/airflow/example_dags/example_branch_python_dop_operator_3.py for tasks to queue
[2024-04-24T05:25:31.908+0000] {logging_mixin.py:188} INFO - [2024-04-24T05:25:31.908+0000] {dagbag.py:540} INFO - Filling up the DagBag from /home/airflow/.local/lib/python3.8/site-packages/airflow/example_dags/example_branch_python_dop_operator_3.py
[2024-04-24T05:25:31.913+0000] {processor.py:840} INFO - DAG(s) 'example_branch_dop_operator_v3' retrieved from /home/airflow/.local/lib/python3.8/site-packages/airflow/example_dags/example_branch_python_dop_operator_3.py
[2024-04-24T05:25:31.923+0000] {logging_mixin.py:188} INFO - [2024-04-24T05:25:31.923+0000] {dag.py:3047} INFO - Sync 1 DAGs
[2024-04-24T05:25:31.937+0000] {logging_mixin.py:188} INFO - [2024-04-24T05:25:31.937+0000] {dag.py:3834} INFO - Setting next_dagrun for example_branch_dop_operator_v3 to 2024-04-24 05:24:00+00:00, run_after=2024-04-24 05:25:00+00:00
[2024-04-24T05:25:31.947+0000] {processor.py:183} INFO - Processing /home/airflow/.local/lib/python3.8/site-packages/airflow/example_dags/example_branch_python_dop_operator_3.py took 0.042 seconds
[2024-04-24T05:26:02.709+0000] {processor.py:161} INFO - Started process (PID=1770) to work on /home/airflow/.local/lib/python3.8/site-packages/airflow/example_dags/example_branch_python_dop_operator_3.py
[2024-04-24T05:26:02.710+0000] {processor.py:830} INFO - Processing file /home/airflow/.local/lib/python3.8/site-packages/airflow/example_dags/example_branch_python_dop_operator_3.py for tasks to queue
[2024-04-24T05:26:02.711+0000] {logging_mixin.py:188} INFO - [2024-04-24T05:26:02.711+0000] {dagbag.py:540} INFO - Filling up the DagBag from /home/airflow/.local/lib/python3.8/site-packages/airflow/example_dags/example_branch_python_dop_operator_3.py
[2024-04-24T05:26:02.716+0000] {processor.py:840} INFO - DAG(s) 'example_branch_dop_operator_v3' retrieved from /home/airflow/.local/lib/python3.8/site-packages/airflow/example_dags/example_branch_python_dop_operator_3.py
[2024-04-24T05:26:02.726+0000] {logging_mixin.py:188} INFO - [2024-04-24T05:26:02.726+0000] {dag.py:3047} INFO - Sync 1 DAGs
[2024-04-24T05:26:02.739+0000] {logging_mixin.py:188} INFO - [2024-04-24T05:26:02.739+0000] {dag.py:3834} INFO - Setting next_dagrun for example_branch_dop_operator_v3 to 2024-04-24 05:25:00+00:00, run_after=2024-04-24 05:26:00+00:00
[2024-04-24T05:26:02.749+0000] {processor.py:183} INFO - Processing /home/airflow/.local/lib/python3.8/site-packages/airflow/example_dags/example_branch_python_dop_operator_3.py took 0.042 seconds
[2024-04-24T05:26:33.192+0000] {processor.py:161} INFO - Started process (PID=1828) to work on /home/airflow/.local/lib/python3.8/site-packages/airflow/example_dags/example_branch_python_dop_operator_3.py
[2024-04-24T05:26:33.193+0000] {processor.py:830} INFO - Processing file /home/airflow/.local/lib/python3.8/site-packages/airflow/example_dags/example_branch_python_dop_operator_3.py for tasks to queue
[2024-04-24T05:26:33.194+0000] {logging_mixin.py:188} INFO - [2024-04-24T05:26:33.194+0000] {dagbag.py:540} INFO - Filling up the DagBag from /home/airflow/.local/lib/python3.8/site-packages/airflow/example_dags/example_branch_python_dop_operator_3.py
[2024-04-24T05:26:33.199+0000] {processor.py:840} INFO - DAG(s) 'example_branch_dop_operator_v3' retrieved from /home/airflow/.local/lib/python3.8/site-packages/airflow/example_dags/example_branch_python_dop_operator_3.py
[2024-04-24T05:26:33.208+0000] {logging_mixin.py:188} INFO - [2024-04-24T05:26:33.208+0000] {dag.py:3047} INFO - Sync 1 DAGs
[2024-04-24T05:26:33.221+0000] {logging_mixin.py:188} INFO - [2024-04-24T05:26:33.221+0000] {dag.py:3834} INFO - Setting next_dagrun for example_branch_dop_operator_v3 to 2024-04-24 05:25:00+00:00, run_after=2024-04-24 05:26:00+00:00
[2024-04-24T05:26:33.232+0000] {processor.py:183} INFO - Processing /home/airflow/.local/lib/python3.8/site-packages/airflow/example_dags/example_branch_python_dop_operator_3.py took 0.041 seconds
[2024-04-24T05:27:04.018+0000] {processor.py:161} INFO - Started process (PID=1886) to work on /home/airflow/.local/lib/python3.8/site-packages/airflow/example_dags/example_branch_python_dop_operator_3.py
[2024-04-24T05:27:04.019+0000] {processor.py:830} INFO - Processing file /home/airflow/.local/lib/python3.8/site-packages/airflow/example_dags/example_branch_python_dop_operator_3.py for tasks to queue
[2024-04-24T05:27:04.020+0000] {logging_mixin.py:188} INFO - [2024-04-24T05:27:04.019+0000] {dagbag.py:540} INFO - Filling up the DagBag from /home/airflow/.local/lib/python3.8/site-packages/airflow/example_dags/example_branch_python_dop_operator_3.py
[2024-04-24T05:27:04.025+0000] {processor.py:840} INFO - DAG(s) 'example_branch_dop_operator_v3' retrieved from /home/airflow/.local/lib/python3.8/site-packages/airflow/example_dags/example_branch_python_dop_operator_3.py
[2024-04-24T05:27:04.034+0000] {logging_mixin.py:188} INFO - [2024-04-24T05:27:04.034+0000] {dag.py:3047} INFO - Sync 1 DAGs
[2024-04-24T05:27:04.048+0000] {logging_mixin.py:188} INFO - [2024-04-24T05:27:04.047+0000] {dag.py:3834} INFO - Setting next_dagrun for example_branch_dop_operator_v3 to 2024-04-24 05:26:00+00:00, run_after=2024-04-24 05:27:00+00:00
[2024-04-24T05:27:04.058+0000] {processor.py:183} INFO - Processing /home/airflow/.local/lib/python3.8/site-packages/airflow/example_dags/example_branch_python_dop_operator_3.py took 0.041 seconds
[2024-04-24T05:27:34.556+0000] {processor.py:161} INFO - Started process (PID=1944) to work on /home/airflow/.local/lib/python3.8/site-packages/airflow/example_dags/example_branch_python_dop_operator_3.py
[2024-04-24T05:27:34.556+0000] {processor.py:830} INFO - Processing file /home/airflow/.local/lib/python3.8/site-packages/airflow/example_dags/example_branch_python_dop_operator_3.py for tasks to queue
[2024-04-24T05:27:34.557+0000] {logging_mixin.py:188} INFO - [2024-04-24T05:27:34.557+0000] {dagbag.py:540} INFO - Filling up the DagBag from /home/airflow/.local/lib/python3.8/site-packages/airflow/example_dags/example_branch_python_dop_operator_3.py
[2024-04-24T05:27:34.562+0000] {processor.py:840} INFO - DAG(s) 'example_branch_dop_operator_v3' retrieved from /home/airflow/.local/lib/python3.8/site-packages/airflow/example_dags/example_branch_python_dop_operator_3.py
[2024-04-24T05:27:34.572+0000] {logging_mixin.py:188} INFO - [2024-04-24T05:27:34.572+0000] {dag.py:3047} INFO - Sync 1 DAGs
[2024-04-24T05:27:34.586+0000] {logging_mixin.py:188} INFO - [2024-04-24T05:27:34.585+0000] {dag.py:3834} INFO - Setting next_dagrun for example_branch_dop_operator_v3 to 2024-04-24 05:26:00+00:00, run_after=2024-04-24 05:27:00+00:00
[2024-04-24T05:27:34.600+0000] {processor.py:183} INFO - Processing /home/airflow/.local/lib/python3.8/site-packages/airflow/example_dags/example_branch_python_dop_operator_3.py took 0.046 seconds
[2024-04-24T05:28:05.276+0000] {processor.py:161} INFO - Started process (PID=2002) to work on /home/airflow/.local/lib/python3.8/site-packages/airflow/example_dags/example_branch_python_dop_operator_3.py
[2024-04-24T05:28:05.277+0000] {processor.py:830} INFO - Processing file /home/airflow/.local/lib/python3.8/site-packages/airflow/example_dags/example_branch_python_dop_operator_3.py for tasks to queue
[2024-04-24T05:28:05.278+0000] {logging_mixin.py:188} INFO - [2024-04-24T05:28:05.277+0000] {dagbag.py:540} INFO - Filling up the DagBag from /home/airflow/.local/lib/python3.8/site-packages/airflow/example_dags/example_branch_python_dop_operator_3.py
[2024-04-24T05:28:05.283+0000] {processor.py:840} INFO - DAG(s) 'example_branch_dop_operator_v3' retrieved from /home/airflow/.local/lib/python3.8/site-packages/airflow/example_dags/example_branch_python_dop_operator_3.py
[2024-04-24T05:28:05.294+0000] {logging_mixin.py:188} INFO - [2024-04-24T05:28:05.294+0000] {dag.py:3047} INFO - Sync 1 DAGs
[2024-04-24T05:28:05.309+0000] {logging_mixin.py:188} INFO - [2024-04-24T05:28:05.309+0000] {dag.py:3834} INFO - Setting next_dagrun for example_branch_dop_operator_v3 to 2024-04-24 05:27:00+00:00, run_after=2024-04-24 05:28:00+00:00
[2024-04-24T05:28:05.321+0000] {processor.py:183} INFO - Processing /home/airflow/.local/lib/python3.8/site-packages/airflow/example_dags/example_branch_python_dop_operator_3.py took 0.047 seconds
[2024-04-24T05:28:35.992+0000] {processor.py:161} INFO - Started process (PID=2060) to work on /home/airflow/.local/lib/python3.8/site-packages/airflow/example_dags/example_branch_python_dop_operator_3.py
[2024-04-24T05:28:35.993+0000] {processor.py:830} INFO - Processing file /home/airflow/.local/lib/python3.8/site-packages/airflow/example_dags/example_branch_python_dop_operator_3.py for tasks to queue
[2024-04-24T05:28:35.994+0000] {logging_mixin.py:188} INFO - [2024-04-24T05:28:35.994+0000] {dagbag.py:540} INFO - Filling up the DagBag from /home/airflow/.local/lib/python3.8/site-packages/airflow/example_dags/example_branch_python_dop_operator_3.py
[2024-04-24T05:28:35.999+0000] {processor.py:840} INFO - DAG(s) 'example_branch_dop_operator_v3' retrieved from /home/airflow/.local/lib/python3.8/site-packages/airflow/example_dags/example_branch_python_dop_operator_3.py
[2024-04-24T05:28:36.009+0000] {logging_mixin.py:188} INFO - [2024-04-24T05:28:36.008+0000] {dag.py:3047} INFO - Sync 1 DAGs
[2024-04-24T05:28:36.022+0000] {logging_mixin.py:188} INFO - [2024-04-24T05:28:36.021+0000] {dag.py:3834} INFO - Setting next_dagrun for example_branch_dop_operator_v3 to 2024-04-24 05:27:00+00:00, run_after=2024-04-24 05:28:00+00:00
[2024-04-24T05:28:36.031+0000] {processor.py:183} INFO - Processing /home/airflow/.local/lib/python3.8/site-packages/airflow/example_dags/example_branch_python_dop_operator_3.py took 0.041 seconds
[2024-04-24T05:29:06.625+0000] {processor.py:161} INFO - Started process (PID=2118) to work on /home/airflow/.local/lib/python3.8/site-packages/airflow/example_dags/example_branch_python_dop_operator_3.py
[2024-04-24T05:29:06.626+0000] {processor.py:830} INFO - Processing file /home/airflow/.local/lib/python3.8/site-packages/airflow/example_dags/example_branch_python_dop_operator_3.py for tasks to queue
[2024-04-24T05:29:06.627+0000] {logging_mixin.py:188} INFO - [2024-04-24T05:29:06.626+0000] {dagbag.py:540} INFO - Filling up the DagBag from /home/airflow/.local/lib/python3.8/site-packages/airflow/example_dags/example_branch_python_dop_operator_3.py
[2024-04-24T05:29:06.631+0000] {processor.py:840} INFO - DAG(s) 'example_branch_dop_operator_v3' retrieved from /home/airflow/.local/lib/python3.8/site-packages/airflow/example_dags/example_branch_python_dop_operator_3.py
[2024-04-24T05:29:06.641+0000] {logging_mixin.py:188} INFO - [2024-04-24T05:29:06.641+0000] {dag.py:3047} INFO - Sync 1 DAGs
[2024-04-24T05:29:06.655+0000] {logging_mixin.py:188} INFO - [2024-04-24T05:29:06.654+0000] {dag.py:3834} INFO - Setting next_dagrun for example_branch_dop_operator_v3 to 2024-04-24 05:28:00+00:00, run_after=2024-04-24 05:29:00+00:00
[2024-04-24T05:29:06.664+0000] {processor.py:183} INFO - Processing /home/airflow/.local/lib/python3.8/site-packages/airflow/example_dags/example_branch_python_dop_operator_3.py took 0.041 seconds
[2024-04-24T05:29:37.110+0000] {processor.py:161} INFO - Started process (PID=2176) to work on /home/airflow/.local/lib/python3.8/site-packages/airflow/example_dags/example_branch_python_dop_operator_3.py
[2024-04-24T05:29:37.111+0000] {processor.py:830} INFO - Processing file /home/airflow/.local/lib/python3.8/site-packages/airflow/example_dags/example_branch_python_dop_operator_3.py for tasks to queue
[2024-04-24T05:29:37.112+0000] {logging_mixin.py:188} INFO - [2024-04-24T05:29:37.112+0000] {dagbag.py:540} INFO - Filling up the DagBag from /home/airflow/.local/lib/python3.8/site-packages/airflow/example_dags/example_branch_python_dop_operator_3.py
[2024-04-24T05:29:37.117+0000] {processor.py:840} INFO - DAG(s) 'example_branch_dop_operator_v3' retrieved from /home/airflow/.local/lib/python3.8/site-packages/airflow/example_dags/example_branch_python_dop_operator_3.py
[2024-04-24T05:29:37.127+0000] {logging_mixin.py:188} INFO - [2024-04-24T05:29:37.126+0000] {dag.py:3047} INFO - Sync 1 DAGs
[2024-04-24T05:29:37.140+0000] {logging_mixin.py:188} INFO - [2024-04-24T05:29:37.139+0000] {dag.py:3834} INFO - Setting next_dagrun for example_branch_dop_operator_v3 to 2024-04-24 05:28:00+00:00, run_after=2024-04-24 05:29:00+00:00
[2024-04-24T05:29:37.149+0000] {processor.py:183} INFO - Processing /home/airflow/.local/lib/python3.8/site-packages/airflow/example_dags/example_branch_python_dop_operator_3.py took 0.041 seconds
[2024-04-24T05:30:07.704+0000] {processor.py:161} INFO - Started process (PID=2234) to work on /home/airflow/.local/lib/python3.8/site-packages/airflow/example_dags/example_branch_python_dop_operator_3.py
[2024-04-24T05:30:07.705+0000] {processor.py:830} INFO - Processing file /home/airflow/.local/lib/python3.8/site-packages/airflow/example_dags/example_branch_python_dop_operator_3.py for tasks to queue
[2024-04-24T05:30:07.706+0000] {logging_mixin.py:188} INFO - [2024-04-24T05:30:07.706+0000] {dagbag.py:540} INFO - Filling up the DagBag from /home/airflow/.local/lib/python3.8/site-packages/airflow/example_dags/example_branch_python_dop_operator_3.py
[2024-04-24T05:30:07.711+0000] {processor.py:840} INFO - DAG(s) 'example_branch_dop_operator_v3' retrieved from /home/airflow/.local/lib/python3.8/site-packages/airflow/example_dags/example_branch_python_dop_operator_3.py
[2024-04-24T05:30:07.721+0000] {logging_mixin.py:188} INFO - [2024-04-24T05:30:07.721+0000] {dag.py:3047} INFO - Sync 1 DAGs
[2024-04-24T05:30:07.734+0000] {logging_mixin.py:188} INFO - [2024-04-24T05:30:07.734+0000] {dag.py:3834} INFO - Setting next_dagrun for example_branch_dop_operator_v3 to 2024-04-24 05:29:00+00:00, run_after=2024-04-24 05:30:00+00:00
[2024-04-24T05:30:07.744+0000] {processor.py:183} INFO - Processing /home/airflow/.local/lib/python3.8/site-packages/airflow/example_dags/example_branch_python_dop_operator_3.py took 0.042 seconds
[2024-04-24T05:30:38.282+0000] {processor.py:161} INFO - Started process (PID=2292) to work on /home/airflow/.local/lib/python3.8/site-packages/airflow/example_dags/example_branch_python_dop_operator_3.py
[2024-04-24T05:30:38.283+0000] {processor.py:830} INFO - Processing file /home/airflow/.local/lib/python3.8/site-packages/airflow/example_dags/example_branch_python_dop_operator_3.py for tasks to queue
[2024-04-24T05:30:38.284+0000] {logging_mixin.py:188} INFO - [2024-04-24T05:30:38.284+0000] {dagbag.py:540} INFO - Filling up the DagBag from /home/airflow/.local/lib/python3.8/site-packages/airflow/example_dags/example_branch_python_dop_operator_3.py
[2024-04-24T05:30:38.289+0000] {processor.py:840} INFO - DAG(s) 'example_branch_dop_operator_v3' retrieved from /home/airflow/.local/lib/python3.8/site-packages/airflow/example_dags/example_branch_python_dop_operator_3.py
[2024-04-24T05:30:38.299+0000] {logging_mixin.py:188} INFO - [2024-04-24T05:30:38.299+0000] {dag.py:3047} INFO - Sync 1 DAGs
[2024-04-24T05:30:38.312+0000] {logging_mixin.py:188} INFO - [2024-04-24T05:30:38.312+0000] {dag.py:3834} INFO - Setting next_dagrun for example_branch_dop_operator_v3 to 2024-04-24 05:29:00+00:00, run_after=2024-04-24 05:30:00+00:00
[2024-04-24T05:30:38.322+0000] {processor.py:183} INFO - Processing /home/airflow/.local/lib/python3.8/site-packages/airflow/example_dags/example_branch_python_dop_operator_3.py took 0.041 seconds
[2024-04-24T05:31:08.833+0000] {processor.py:161} INFO - Started process (PID=2350) to work on /home/airflow/.local/lib/python3.8/site-packages/airflow/example_dags/example_branch_python_dop_operator_3.py
[2024-04-24T05:31:08.834+0000] {processor.py:830} INFO - Processing file /home/airflow/.local/lib/python3.8/site-packages/airflow/example_dags/example_branch_python_dop_operator_3.py for tasks to queue
[2024-04-24T05:31:08.835+0000] {logging_mixin.py:188} INFO - [2024-04-24T05:31:08.835+0000] {dagbag.py:540} INFO - Filling up the DagBag from /home/airflow/.local/lib/python3.8/site-packages/airflow/example_dags/example_branch_python_dop_operator_3.py
[2024-04-24T05:31:08.840+0000] {processor.py:840} INFO - DAG(s) 'example_branch_dop_operator_v3' retrieved from /home/airflow/.local/lib/python3.8/site-packages/airflow/example_dags/example_branch_python_dop_operator_3.py
[2024-04-24T05:31:08.850+0000] {logging_mixin.py:188} INFO - [2024-04-24T05:31:08.850+0000] {dag.py:3047} INFO - Sync 1 DAGs
[2024-04-24T05:31:08.863+0000] {logging_mixin.py:188} INFO - [2024-04-24T05:31:08.863+0000] {dag.py:3834} INFO - Setting next_dagrun for example_branch_dop_operator_v3 to 2024-04-24 05:30:00+00:00, run_after=2024-04-24 05:31:00+00:00
[2024-04-24T05:31:08.873+0000] {processor.py:183} INFO - Processing /home/airflow/.local/lib/python3.8/site-packages/airflow/example_dags/example_branch_python_dop_operator_3.py took 0.041 seconds
[2024-04-24T05:31:39.659+0000] {processor.py:161} INFO - Started process (PID=2408) to work on /home/airflow/.local/lib/python3.8/site-packages/airflow/example_dags/example_branch_python_dop_operator_3.py
[2024-04-24T05:31:39.659+0000] {processor.py:830} INFO - Processing file /home/airflow/.local/lib/python3.8/site-packages/airflow/example_dags/example_branch_python_dop_operator_3.py for tasks to queue
[2024-04-24T05:31:39.660+0000] {logging_mixin.py:188} INFO - [2024-04-24T05:31:39.660+0000] {dagbag.py:540} INFO - Filling up the DagBag from /home/airflow/.local/lib/python3.8/site-packages/airflow/example_dags/example_branch_python_dop_operator_3.py
[2024-04-24T05:31:39.665+0000] {processor.py:840} INFO - DAG(s) 'example_branch_dop_operator_v3' retrieved from /home/airflow/.local/lib/python3.8/site-packages/airflow/example_dags/example_branch_python_dop_operator_3.py
[2024-04-24T05:31:39.675+0000] {logging_mixin.py:188} INFO - [2024-04-24T05:31:39.675+0000] {dag.py:3047} INFO - Sync 1 DAGs
[2024-04-24T05:31:39.688+0000] {logging_mixin.py:188} INFO - [2024-04-24T05:31:39.688+0000] {dag.py:3834} INFO - Setting next_dagrun for example_branch_dop_operator_v3 to 2024-04-24 05:30:00+00:00, run_after=2024-04-24 05:31:00+00:00
[2024-04-24T05:31:39.698+0000] {processor.py:183} INFO - Processing /home/airflow/.local/lib/python3.8/site-packages/airflow/example_dags/example_branch_python_dop_operator_3.py took 0.040 seconds
[2024-04-24T05:32:10.240+0000] {processor.py:161} INFO - Started process (PID=2466) to work on /home/airflow/.local/lib/python3.8/site-packages/airflow/example_dags/example_branch_python_dop_operator_3.py
[2024-04-24T05:32:10.241+0000] {processor.py:830} INFO - Processing file /home/airflow/.local/lib/python3.8/site-packages/airflow/example_dags/example_branch_python_dop_operator_3.py for tasks to queue
[2024-04-24T05:32:10.242+0000] {logging_mixin.py:188} INFO - [2024-04-24T05:32:10.242+0000] {dagbag.py:540} INFO - Filling up the DagBag from /home/airflow/.local/lib/python3.8/site-packages/airflow/example_dags/example_branch_python_dop_operator_3.py
[2024-04-24T05:32:10.247+0000] {processor.py:840} INFO - DAG(s) 'example_branch_dop_operator_v3' retrieved from /home/airflow/.local/lib/python3.8/site-packages/airflow/example_dags/example_branch_python_dop_operator_3.py
[2024-04-24T05:32:10.259+0000] {logging_mixin.py:188} INFO - [2024-04-24T05:32:10.259+0000] {dag.py:3047} INFO - Sync 1 DAGs
[2024-04-24T05:32:10.273+0000] {logging_mixin.py:188} INFO - [2024-04-24T05:32:10.273+0000] {dag.py:3834} INFO - Setting next_dagrun for example_branch_dop_operator_v3 to 2024-04-24 05:31:00+00:00, run_after=2024-04-24 05:32:00+00:00
[2024-04-24T05:32:10.283+0000] {processor.py:183} INFO - Processing /home/airflow/.local/lib/python3.8/site-packages/airflow/example_dags/example_branch_python_dop_operator_3.py took 0.046 seconds
[2024-04-24T05:32:40.716+0000] {processor.py:161} INFO - Started process (PID=2525) to work on /home/airflow/.local/lib/python3.8/site-packages/airflow/example_dags/example_branch_python_dop_operator_3.py
[2024-04-24T05:32:40.717+0000] {processor.py:830} INFO - Processing file /home/airflow/.local/lib/python3.8/site-packages/airflow/example_dags/example_branch_python_dop_operator_3.py for tasks to queue
[2024-04-24T05:32:40.718+0000] {logging_mixin.py:188} INFO - [2024-04-24T05:32:40.718+0000] {dagbag.py:540} INFO - Filling up the DagBag from /home/airflow/.local/lib/python3.8/site-packages/airflow/example_dags/example_branch_python_dop_operator_3.py
[2024-04-24T05:32:40.722+0000] {processor.py:840} INFO - DAG(s) 'example_branch_dop_operator_v3' retrieved from /home/airflow/.local/lib/python3.8/site-packages/airflow/example_dags/example_branch_python_dop_operator_3.py
[2024-04-24T05:32:40.733+0000] {logging_mixin.py:188} INFO - [2024-04-24T05:32:40.732+0000] {dag.py:3047} INFO - Sync 1 DAGs
[2024-04-24T05:32:40.746+0000] {logging_mixin.py:188} INFO - [2024-04-24T05:32:40.746+0000] {dag.py:3834} INFO - Setting next_dagrun for example_branch_dop_operator_v3 to 2024-04-24 05:31:00+00:00, run_after=2024-04-24 05:32:00+00:00
[2024-04-24T05:32:40.755+0000] {processor.py:183} INFO - Processing /home/airflow/.local/lib/python3.8/site-packages/airflow/example_dags/example_branch_python_dop_operator_3.py took 0.041 seconds
[2024-04-24T05:33:11.131+0000] {processor.py:161} INFO - Started process (PID=2580) to work on /home/airflow/.local/lib/python3.8/site-packages/airflow/example_dags/example_branch_python_dop_operator_3.py
[2024-04-24T05:33:11.132+0000] {processor.py:830} INFO - Processing file /home/airflow/.local/lib/python3.8/site-packages/airflow/example_dags/example_branch_python_dop_operator_3.py for tasks to queue
[2024-04-24T05:33:11.132+0000] {logging_mixin.py:188} INFO - [2024-04-24T05:33:11.132+0000] {dagbag.py:540} INFO - Filling up the DagBag from /home/airflow/.local/lib/python3.8/site-packages/airflow/example_dags/example_branch_python_dop_operator_3.py
[2024-04-24T05:33:11.137+0000] {processor.py:840} INFO - DAG(s) 'example_branch_dop_operator_v3' retrieved from /home/airflow/.local/lib/python3.8/site-packages/airflow/example_dags/example_branch_python_dop_operator_3.py
[2024-04-24T05:33:11.148+0000] {logging_mixin.py:188} INFO - [2024-04-24T05:33:11.148+0000] {dag.py:3047} INFO - Sync 1 DAGs
[2024-04-24T05:33:11.161+0000] {logging_mixin.py:188} INFO - [2024-04-24T05:33:11.161+0000] {dag.py:3834} INFO - Setting next_dagrun for example_branch_dop_operator_v3 to 2024-04-24 05:32:00+00:00, run_after=2024-04-24 05:33:00+00:00
[2024-04-24T05:33:11.171+0000] {processor.py:183} INFO - Processing /home/airflow/.local/lib/python3.8/site-packages/airflow/example_dags/example_branch_python_dop_operator_3.py took 0.041 seconds
[2024-04-24T05:33:41.492+0000] {processor.py:161} INFO - Started process (PID=2635) to work on /home/airflow/.local/lib/python3.8/site-packages/airflow/example_dags/example_branch_python_dop_operator_3.py
[2024-04-24T05:33:41.493+0000] {processor.py:830} INFO - Processing file /home/airflow/.local/lib/python3.8/site-packages/airflow/example_dags/example_branch_python_dop_operator_3.py for tasks to queue
[2024-04-24T05:33:41.494+0000] {logging_mixin.py:188} INFO - [2024-04-24T05:33:41.493+0000] {dagbag.py:540} INFO - Filling up the DagBag from /home/airflow/.local/lib/python3.8/site-packages/airflow/example_dags/example_branch_python_dop_operator_3.py
[2024-04-24T05:33:41.499+0000] {processor.py:840} INFO - DAG(s) 'example_branch_dop_operator_v3' retrieved from /home/airflow/.local/lib/python3.8/site-packages/airflow/example_dags/example_branch_python_dop_operator_3.py
[2024-04-24T05:33:41.509+0000] {logging_mixin.py:188} INFO - [2024-04-24T05:33:41.509+0000] {dag.py:3047} INFO - Sync 1 DAGs
[2024-04-24T05:33:41.522+0000] {logging_mixin.py:188} INFO - [2024-04-24T05:33:41.522+0000] {dag.py:3834} INFO - Setting next_dagrun for example_branch_dop_operator_v3 to 2024-04-24 05:32:00+00:00, run_after=2024-04-24 05:33:00+00:00
[2024-04-24T05:33:41.531+0000] {processor.py:183} INFO - Processing /home/airflow/.local/lib/python3.8/site-packages/airflow/example_dags/example_branch_python_dop_operator_3.py took 0.040 seconds
[2024-04-24T05:34:12.036+0000] {processor.py:161} INFO - Started process (PID=2690) to work on /home/airflow/.local/lib/python3.8/site-packages/airflow/example_dags/example_branch_python_dop_operator_3.py
[2024-04-24T05:34:12.037+0000] {processor.py:830} INFO - Processing file /home/airflow/.local/lib/python3.8/site-packages/airflow/example_dags/example_branch_python_dop_operator_3.py for tasks to queue
[2024-04-24T05:34:12.038+0000] {logging_mixin.py:188} INFO - [2024-04-24T05:34:12.037+0000] {dagbag.py:540} INFO - Filling up the DagBag from /home/airflow/.local/lib/python3.8/site-packages/airflow/example_dags/example_branch_python_dop_operator_3.py
[2024-04-24T05:34:12.042+0000] {processor.py:840} INFO - DAG(s) 'example_branch_dop_operator_v3' retrieved from /home/airflow/.local/lib/python3.8/site-packages/airflow/example_dags/example_branch_python_dop_operator_3.py
[2024-04-24T05:34:12.053+0000] {logging_mixin.py:188} INFO - [2024-04-24T05:34:12.053+0000] {dag.py:3047} INFO - Sync 1 DAGs
[2024-04-24T05:34:12.067+0000] {logging_mixin.py:188} INFO - [2024-04-24T05:34:12.067+0000] {dag.py:3834} INFO - Setting next_dagrun for example_branch_dop_operator_v3 to 2024-04-24 05:33:00+00:00, run_after=2024-04-24 05:34:00+00:00
[2024-04-24T05:34:12.076+0000] {processor.py:183} INFO - Processing /home/airflow/.local/lib/python3.8/site-packages/airflow/example_dags/example_branch_python_dop_operator_3.py took 0.042 seconds
[2024-04-24T05:34:42.675+0000] {processor.py:161} INFO - Started process (PID=2751) to work on /home/airflow/.local/lib/python3.8/site-packages/airflow/example_dags/example_branch_python_dop_operator_3.py
[2024-04-24T05:34:42.676+0000] {processor.py:830} INFO - Processing file /home/airflow/.local/lib/python3.8/site-packages/airflow/example_dags/example_branch_python_dop_operator_3.py for tasks to queue
[2024-04-24T05:34:42.676+0000] {logging_mixin.py:188} INFO - [2024-04-24T05:34:42.676+0000] {dagbag.py:540} INFO - Filling up the DagBag from /home/airflow/.local/lib/python3.8/site-packages/airflow/example_dags/example_branch_python_dop_operator_3.py
[2024-04-24T05:34:42.681+0000] {processor.py:840} INFO - DAG(s) 'example_branch_dop_operator_v3' retrieved from /home/airflow/.local/lib/python3.8/site-packages/airflow/example_dags/example_branch_python_dop_operator_3.py
[2024-04-24T05:34:42.693+0000] {logging_mixin.py:188} INFO - [2024-04-24T05:34:42.693+0000] {dag.py:3047} INFO - Sync 1 DAGs
[2024-04-24T05:34:42.707+0000] {logging_mixin.py:188} INFO - [2024-04-24T05:34:42.707+0000] {dag.py:3834} INFO - Setting next_dagrun for example_branch_dop_operator_v3 to 2024-04-24 05:33:00+00:00, run_after=2024-04-24 05:34:00+00:00
[2024-04-24T05:34:42.718+0000] {processor.py:183} INFO - Processing /home/airflow/.local/lib/python3.8/site-packages/airflow/example_dags/example_branch_python_dop_operator_3.py took 0.045 seconds
[2024-04-24T05:35:13.342+0000] {processor.py:161} INFO - Started process (PID=2806) to work on /home/airflow/.local/lib/python3.8/site-packages/airflow/example_dags/example_branch_python_dop_operator_3.py
[2024-04-24T05:35:13.343+0000] {processor.py:830} INFO - Processing file /home/airflow/.local/lib/python3.8/site-packages/airflow/example_dags/example_branch_python_dop_operator_3.py for tasks to queue
[2024-04-24T05:35:13.343+0000] {logging_mixin.py:188} INFO - [2024-04-24T05:35:13.343+0000] {dagbag.py:540} INFO - Filling up the DagBag from /home/airflow/.local/lib/python3.8/site-packages/airflow/example_dags/example_branch_python_dop_operator_3.py
[2024-04-24T05:35:13.348+0000] {processor.py:840} INFO - DAG(s) 'example_branch_dop_operator_v3' retrieved from /home/airflow/.local/lib/python3.8/site-packages/airflow/example_dags/example_branch_python_dop_operator_3.py
[2024-04-24T05:35:13.359+0000] {logging_mixin.py:188} INFO - [2024-04-24T05:35:13.359+0000] {dag.py:3047} INFO - Sync 1 DAGs
[2024-04-24T05:35:13.373+0000] {logging_mixin.py:188} INFO - [2024-04-24T05:35:13.373+0000] {dag.py:3834} INFO - Setting next_dagrun for example_branch_dop_operator_v3 to 2024-04-24 05:34:00+00:00, run_after=2024-04-24 05:35:00+00:00
[2024-04-24T05:35:13.383+0000] {processor.py:183} INFO - Processing /home/airflow/.local/lib/python3.8/site-packages/airflow/example_dags/example_branch_python_dop_operator_3.py took 0.042 seconds
[2024-04-24T05:35:44.072+0000] {processor.py:161} INFO - Started process (PID=2861) to work on /home/airflow/.local/lib/python3.8/site-packages/airflow/example_dags/example_branch_python_dop_operator_3.py
[2024-04-24T05:35:44.073+0000] {processor.py:830} INFO - Processing file /home/airflow/.local/lib/python3.8/site-packages/airflow/example_dags/example_branch_python_dop_operator_3.py for tasks to queue
[2024-04-24T05:35:44.073+0000] {logging_mixin.py:188} INFO - [2024-04-24T05:35:44.073+0000] {dagbag.py:540} INFO - Filling up the DagBag from /home/airflow/.local/lib/python3.8/site-packages/airflow/example_dags/example_branch_python_dop_operator_3.py
[2024-04-24T05:35:44.078+0000] {processor.py:840} INFO - DAG(s) 'example_branch_dop_operator_v3' retrieved from /home/airflow/.local/lib/python3.8/site-packages/airflow/example_dags/example_branch_python_dop_operator_3.py
[2024-04-24T05:35:44.088+0000] {logging_mixin.py:188} INFO - [2024-04-24T05:35:44.088+0000] {dag.py:3047} INFO - Sync 1 DAGs
[2024-04-24T05:35:44.101+0000] {logging_mixin.py:188} INFO - [2024-04-24T05:35:44.101+0000] {dag.py:3834} INFO - Setting next_dagrun for example_branch_dop_operator_v3 to 2024-04-24 05:34:00+00:00, run_after=2024-04-24 05:35:00+00:00
[2024-04-24T05:35:44.111+0000] {processor.py:183} INFO - Processing /home/airflow/.local/lib/python3.8/site-packages/airflow/example_dags/example_branch_python_dop_operator_3.py took 0.041 seconds
[2024-04-24T05:36:14.486+0000] {processor.py:161} INFO - Started process (PID=2916) to work on /home/airflow/.local/lib/python3.8/site-packages/airflow/example_dags/example_branch_python_dop_operator_3.py
[2024-04-24T05:36:14.486+0000] {processor.py:830} INFO - Processing file /home/airflow/.local/lib/python3.8/site-packages/airflow/example_dags/example_branch_python_dop_operator_3.py for tasks to queue
[2024-04-24T05:36:14.487+0000] {logging_mixin.py:188} INFO - [2024-04-24T05:36:14.487+0000] {dagbag.py:540} INFO - Filling up the DagBag from /home/airflow/.local/lib/python3.8/site-packages/airflow/example_dags/example_branch_python_dop_operator_3.py
[2024-04-24T05:36:14.492+0000] {processor.py:840} INFO - DAG(s) 'example_branch_dop_operator_v3' retrieved from /home/airflow/.local/lib/python3.8/site-packages/airflow/example_dags/example_branch_python_dop_operator_3.py
[2024-04-24T05:36:14.502+0000] {logging_mixin.py:188} INFO - [2024-04-24T05:36:14.502+0000] {dag.py:3047} INFO - Sync 1 DAGs
[2024-04-24T05:36:14.516+0000] {logging_mixin.py:188} INFO - [2024-04-24T05:36:14.516+0000] {dag.py:3834} INFO - Setting next_dagrun for example_branch_dop_operator_v3 to 2024-04-24 05:35:00+00:00, run_after=2024-04-24 05:36:00+00:00
[2024-04-24T05:36:14.526+0000] {processor.py:183} INFO - Processing /home/airflow/.local/lib/python3.8/site-packages/airflow/example_dags/example_branch_python_dop_operator_3.py took 0.042 seconds
[2024-04-24T05:36:45.022+0000] {processor.py:161} INFO - Started process (PID=2971) to work on /home/airflow/.local/lib/python3.8/site-packages/airflow/example_dags/example_branch_python_dop_operator_3.py
[2024-04-24T05:36:45.023+0000] {processor.py:830} INFO - Processing file /home/airflow/.local/lib/python3.8/site-packages/airflow/example_dags/example_branch_python_dop_operator_3.py for tasks to queue
[2024-04-24T05:36:45.023+0000] {logging_mixin.py:188} INFO - [2024-04-24T05:36:45.023+0000] {dagbag.py:540} INFO - Filling up the DagBag from /home/airflow/.local/lib/python3.8/site-packages/airflow/example_dags/example_branch_python_dop_operator_3.py
[2024-04-24T05:36:45.028+0000] {processor.py:840} INFO - DAG(s) 'example_branch_dop_operator_v3' retrieved from /home/airflow/.local/lib/python3.8/site-packages/airflow/example_dags/example_branch_python_dop_operator_3.py
[2024-04-24T05:36:45.039+0000] {logging_mixin.py:188} INFO - [2024-04-24T05:36:45.038+0000] {dag.py:3047} INFO - Sync 1 DAGs
[2024-04-24T05:36:45.052+0000] {logging_mixin.py:188} INFO - [2024-04-24T05:36:45.052+0000] {dag.py:3834} INFO - Setting next_dagrun for example_branch_dop_operator_v3 to 2024-04-24 05:35:00+00:00, run_after=2024-04-24 05:36:00+00:00
[2024-04-24T05:36:45.061+0000] {processor.py:183} INFO - Processing /home/airflow/.local/lib/python3.8/site-packages/airflow/example_dags/example_branch_python_dop_operator_3.py took 0.040 seconds
[2024-04-24T05:37:15.610+0000] {processor.py:161} INFO - Started process (PID=3026) to work on /home/airflow/.local/lib/python3.8/site-packages/airflow/example_dags/example_branch_python_dop_operator_3.py
[2024-04-24T05:37:15.610+0000] {processor.py:830} INFO - Processing file /home/airflow/.local/lib/python3.8/site-packages/airflow/example_dags/example_branch_python_dop_operator_3.py for tasks to queue
[2024-04-24T05:37:15.611+0000] {logging_mixin.py:188} INFO - [2024-04-24T05:37:15.611+0000] {dagbag.py:540} INFO - Filling up the DagBag from /home/airflow/.local/lib/python3.8/site-packages/airflow/example_dags/example_branch_python_dop_operator_3.py
[2024-04-24T05:37:15.617+0000] {processor.py:840} INFO - DAG(s) 'example_branch_dop_operator_v3' retrieved from /home/airflow/.local/lib/python3.8/site-packages/airflow/example_dags/example_branch_python_dop_operator_3.py
[2024-04-24T05:37:15.627+0000] {logging_mixin.py:188} INFO - [2024-04-24T05:37:15.627+0000] {dag.py:3047} INFO - Sync 1 DAGs
[2024-04-24T05:37:15.642+0000] {logging_mixin.py:188} INFO - [2024-04-24T05:37:15.642+0000] {dag.py:3834} INFO - Setting next_dagrun for example_branch_dop_operator_v3 to 2024-04-24 05:36:00+00:00, run_after=2024-04-24 05:37:00+00:00
[2024-04-24T05:37:15.653+0000] {processor.py:183} INFO - Processing /home/airflow/.local/lib/python3.8/site-packages/airflow/example_dags/example_branch_python_dop_operator_3.py took 0.045 seconds
[2024-04-24T05:37:46.146+0000] {processor.py:161} INFO - Started process (PID=3081) to work on /home/airflow/.local/lib/python3.8/site-packages/airflow/example_dags/example_branch_python_dop_operator_3.py
[2024-04-24T05:37:46.147+0000] {processor.py:830} INFO - Processing file /home/airflow/.local/lib/python3.8/site-packages/airflow/example_dags/example_branch_python_dop_operator_3.py for tasks to queue
[2024-04-24T05:37:46.148+0000] {logging_mixin.py:188} INFO - [2024-04-24T05:37:46.147+0000] {dagbag.py:540} INFO - Filling up the DagBag from /home/airflow/.local/lib/python3.8/site-packages/airflow/example_dags/example_branch_python_dop_operator_3.py
[2024-04-24T05:37:46.152+0000] {processor.py:840} INFO - DAG(s) 'example_branch_dop_operator_v3' retrieved from /home/airflow/.local/lib/python3.8/site-packages/airflow/example_dags/example_branch_python_dop_operator_3.py
[2024-04-24T05:37:46.163+0000] {logging_mixin.py:188} INFO - [2024-04-24T05:37:46.162+0000] {dag.py:3047} INFO - Sync 1 DAGs
[2024-04-24T05:37:46.176+0000] {logging_mixin.py:188} INFO - [2024-04-24T05:37:46.176+0000] {dag.py:3834} INFO - Setting next_dagrun for example_branch_dop_operator_v3 to 2024-04-24 05:36:00+00:00, run_after=2024-04-24 05:37:00+00:00
[2024-04-24T05:37:46.185+0000] {processor.py:183} INFO - Processing /home/airflow/.local/lib/python3.8/site-packages/airflow/example_dags/example_branch_python_dop_operator_3.py took 0.041 seconds
[2024-04-24T05:38:16.630+0000] {processor.py:161} INFO - Started process (PID=3136) to work on /home/airflow/.local/lib/python3.8/site-packages/airflow/example_dags/example_branch_python_dop_operator_3.py
[2024-04-24T05:38:16.631+0000] {processor.py:830} INFO - Processing file /home/airflow/.local/lib/python3.8/site-packages/airflow/example_dags/example_branch_python_dop_operator_3.py for tasks to queue
[2024-04-24T05:38:16.631+0000] {logging_mixin.py:188} INFO - [2024-04-24T05:38:16.631+0000] {dagbag.py:540} INFO - Filling up the DagBag from /home/airflow/.local/lib/python3.8/site-packages/airflow/example_dags/example_branch_python_dop_operator_3.py
[2024-04-24T05:38:16.636+0000] {processor.py:840} INFO - DAG(s) 'example_branch_dop_operator_v3' retrieved from /home/airflow/.local/lib/python3.8/site-packages/airflow/example_dags/example_branch_python_dop_operator_3.py
[2024-04-24T05:38:16.646+0000] {logging_mixin.py:188} INFO - [2024-04-24T05:38:16.646+0000] {dag.py:3047} INFO - Sync 1 DAGs
[2024-04-24T05:38:16.659+0000] {logging_mixin.py:188} INFO - [2024-04-24T05:38:16.659+0000] {dag.py:3834} INFO - Setting next_dagrun for example_branch_dop_operator_v3 to 2024-04-24 05:37:00+00:00, run_after=2024-04-24 05:38:00+00:00
[2024-04-24T05:38:16.669+0000] {processor.py:183} INFO - Processing /home/airflow/.local/lib/python3.8/site-packages/airflow/example_dags/example_branch_python_dop_operator_3.py took 0.041 seconds
[2024-04-24T05:40:51.458+0000] {processor.py:161} INFO - Started process (PID=84) to work on /home/airflow/.local/lib/python3.8/site-packages/airflow/example_dags/example_branch_python_dop_operator_3.py
[2024-04-24T05:40:51.458+0000] {processor.py:830} INFO - Processing file /home/airflow/.local/lib/python3.8/site-packages/airflow/example_dags/example_branch_python_dop_operator_3.py for tasks to queue
[2024-04-24T05:40:51.459+0000] {logging_mixin.py:188} INFO - [2024-04-24T05:40:51.459+0000] {dagbag.py:540} INFO - Filling up the DagBag from /home/airflow/.local/lib/python3.8/site-packages/airflow/example_dags/example_branch_python_dop_operator_3.py
[2024-04-24T05:40:51.466+0000] {processor.py:840} INFO - DAG(s) 'example_branch_dop_operator_v3' retrieved from /home/airflow/.local/lib/python3.8/site-packages/airflow/example_dags/example_branch_python_dop_operator_3.py
[2024-04-24T05:40:51.472+0000] {logging_mixin.py:188} INFO - [2024-04-24T05:40:51.472+0000] {dag.py:3047} INFO - Sync 1 DAGs
[2024-04-24T05:40:51.486+0000] {logging_mixin.py:188} INFO - [2024-04-24T05:40:51.486+0000] {dag.py:3834} INFO - Setting next_dagrun for example_branch_dop_operator_v3 to 2024-04-24 05:39:00+00:00, run_after=2024-04-24 05:40:00+00:00
[2024-04-24T05:40:51.496+0000] {processor.py:183} INFO - Processing /home/airflow/.local/lib/python3.8/site-packages/airflow/example_dags/example_branch_python_dop_operator_3.py took 0.041 seconds
[2024-04-24T05:41:22.797+0000] {processor.py:161} INFO - Started process (PID=139) to work on /home/airflow/.local/lib/python3.8/site-packages/airflow/example_dags/example_branch_python_dop_operator_3.py
[2024-04-24T05:41:22.797+0000] {processor.py:830} INFO - Processing file /home/airflow/.local/lib/python3.8/site-packages/airflow/example_dags/example_branch_python_dop_operator_3.py for tasks to queue
[2024-04-24T05:41:22.798+0000] {logging_mixin.py:188} INFO - [2024-04-24T05:41:22.798+0000] {dagbag.py:540} INFO - Filling up the DagBag from /home/airflow/.local/lib/python3.8/site-packages/airflow/example_dags/example_branch_python_dop_operator_3.py
[2024-04-24T05:41:22.803+0000] {processor.py:840} INFO - DAG(s) 'example_branch_dop_operator_v3' retrieved from /home/airflow/.local/lib/python3.8/site-packages/airflow/example_dags/example_branch_python_dop_operator_3.py
[2024-04-24T05:41:22.855+0000] {logging_mixin.py:188} INFO - [2024-04-24T05:41:22.855+0000] {dag.py:3047} INFO - Sync 1 DAGs
[2024-04-24T05:41:22.868+0000] {logging_mixin.py:188} INFO - [2024-04-24T05:41:22.868+0000] {dag.py:3834} INFO - Setting next_dagrun for example_branch_dop_operator_v3 to 2024-04-24 05:40:00+00:00, run_after=2024-04-24 05:41:00+00:00
[2024-04-24T05:41:22.879+0000] {processor.py:183} INFO - Processing /home/airflow/.local/lib/python3.8/site-packages/airflow/example_dags/example_branch_python_dop_operator_3.py took 0.084 seconds
