[2024-04-24T05:11:16.295+0000] {processor.py:161} INFO - Started process (PID=91) to work on /home/airflow/.local/lib/python3.8/site-packages/airflow/example_dags/example_latest_only_with_trigger.py
[2024-04-24T05:11:16.295+0000] {processor.py:830} INFO - Processing file /home/airflow/.local/lib/python3.8/site-packages/airflow/example_dags/example_latest_only_with_trigger.py for tasks to queue
[2024-04-24T05:11:16.296+0000] {logging_mixin.py:188} INFO - [2024-04-24T05:11:16.296+0000] {dagbag.py:540} INFO - Filling up the DagBag from /home/airflow/.local/lib/python3.8/site-packages/airflow/example_dags/example_latest_only_with_trigger.py
[2024-04-24T05:11:16.301+0000] {processor.py:840} INFO - DAG(s) 'latest_only_with_trigger' retrieved from /home/airflow/.local/lib/python3.8/site-packages/airflow/example_dags/example_latest_only_with_trigger.py
[2024-04-24T05:11:16.313+0000] {logging_mixin.py:188} INFO - [2024-04-24T05:11:16.312+0000] {dag.py:3047} INFO - Sync 1 DAGs
[2024-04-24T05:11:16.324+0000] {logging_mixin.py:188} INFO - [2024-04-24T05:11:16.323+0000] {dag.py:3834} INFO - Setting next_dagrun for latest_only_with_trigger to 2024-04-24 00:00:00+00:00, run_after=2024-04-24 04:00:00+00:00
[2024-04-24T05:11:16.333+0000] {processor.py:183} INFO - Processing /home/airflow/.local/lib/python3.8/site-packages/airflow/example_dags/example_latest_only_with_trigger.py took 0.040 seconds
[2024-04-24T05:11:46.805+0000] {processor.py:161} INFO - Started process (PID=149) to work on /home/airflow/.local/lib/python3.8/site-packages/airflow/example_dags/example_latest_only_with_trigger.py
[2024-04-24T05:11:46.805+0000] {processor.py:830} INFO - Processing file /home/airflow/.local/lib/python3.8/site-packages/airflow/example_dags/example_latest_only_with_trigger.py for tasks to queue
[2024-04-24T05:11:46.806+0000] {logging_mixin.py:188} INFO - [2024-04-24T05:11:46.806+0000] {dagbag.py:540} INFO - Filling up the DagBag from /home/airflow/.local/lib/python3.8/site-packages/airflow/example_dags/example_latest_only_with_trigger.py
[2024-04-24T05:11:46.809+0000] {processor.py:840} INFO - DAG(s) 'latest_only_with_trigger' retrieved from /home/airflow/.local/lib/python3.8/site-packages/airflow/example_dags/example_latest_only_with_trigger.py
[2024-04-24T05:11:46.820+0000] {logging_mixin.py:188} INFO - [2024-04-24T05:11:46.820+0000] {dag.py:3047} INFO - Sync 1 DAGs
[2024-04-24T05:11:46.831+0000] {logging_mixin.py:188} INFO - [2024-04-24T05:11:46.831+0000] {dag.py:3834} INFO - Setting next_dagrun for latest_only_with_trigger to 2024-04-24 00:00:00+00:00, run_after=2024-04-24 04:00:00+00:00
[2024-04-24T05:11:46.840+0000] {processor.py:183} INFO - Processing /home/airflow/.local/lib/python3.8/site-packages/airflow/example_dags/example_latest_only_with_trigger.py took 0.037 seconds
[2024-04-24T05:12:17.418+0000] {processor.py:161} INFO - Started process (PID=207) to work on /home/airflow/.local/lib/python3.8/site-packages/airflow/example_dags/example_latest_only_with_trigger.py
[2024-04-24T05:12:17.418+0000] {processor.py:830} INFO - Processing file /home/airflow/.local/lib/python3.8/site-packages/airflow/example_dags/example_latest_only_with_trigger.py for tasks to queue
[2024-04-24T05:12:17.419+0000] {logging_mixin.py:188} INFO - [2024-04-24T05:12:17.419+0000] {dagbag.py:540} INFO - Filling up the DagBag from /home/airflow/.local/lib/python3.8/site-packages/airflow/example_dags/example_latest_only_with_trigger.py
[2024-04-24T05:12:17.422+0000] {processor.py:840} INFO - DAG(s) 'latest_only_with_trigger' retrieved from /home/airflow/.local/lib/python3.8/site-packages/airflow/example_dags/example_latest_only_with_trigger.py
[2024-04-24T05:12:17.433+0000] {logging_mixin.py:188} INFO - [2024-04-24T05:12:17.433+0000] {dag.py:3047} INFO - Sync 1 DAGs
[2024-04-24T05:12:17.444+0000] {logging_mixin.py:188} INFO - [2024-04-24T05:12:17.444+0000] {dag.py:3834} INFO - Setting next_dagrun for latest_only_with_trigger to 2024-04-24 00:00:00+00:00, run_after=2024-04-24 04:00:00+00:00
[2024-04-24T05:12:17.454+0000] {processor.py:183} INFO - Processing /home/airflow/.local/lib/python3.8/site-packages/airflow/example_dags/example_latest_only_with_trigger.py took 0.038 seconds
[2024-04-24T05:12:48.160+0000] {processor.py:161} INFO - Started process (PID=265) to work on /home/airflow/.local/lib/python3.8/site-packages/airflow/example_dags/example_latest_only_with_trigger.py
[2024-04-24T05:12:48.161+0000] {processor.py:830} INFO - Processing file /home/airflow/.local/lib/python3.8/site-packages/airflow/example_dags/example_latest_only_with_trigger.py for tasks to queue
[2024-04-24T05:12:48.162+0000] {logging_mixin.py:188} INFO - [2024-04-24T05:12:48.162+0000] {dagbag.py:540} INFO - Filling up the DagBag from /home/airflow/.local/lib/python3.8/site-packages/airflow/example_dags/example_latest_only_with_trigger.py
[2024-04-24T05:12:48.165+0000] {processor.py:840} INFO - DAG(s) 'latest_only_with_trigger' retrieved from /home/airflow/.local/lib/python3.8/site-packages/airflow/example_dags/example_latest_only_with_trigger.py
[2024-04-24T05:12:48.179+0000] {logging_mixin.py:188} INFO - [2024-04-24T05:12:48.178+0000] {dag.py:3047} INFO - Sync 1 DAGs
[2024-04-24T05:12:48.192+0000] {logging_mixin.py:188} INFO - [2024-04-24T05:12:48.192+0000] {dag.py:3834} INFO - Setting next_dagrun for latest_only_with_trigger to 2024-04-24 00:00:00+00:00, run_after=2024-04-24 04:00:00+00:00
[2024-04-24T05:12:48.205+0000] {processor.py:183} INFO - Processing /home/airflow/.local/lib/python3.8/site-packages/airflow/example_dags/example_latest_only_with_trigger.py took 0.048 seconds
[2024-04-24T05:13:18.798+0000] {processor.py:161} INFO - Started process (PID=323) to work on /home/airflow/.local/lib/python3.8/site-packages/airflow/example_dags/example_latest_only_with_trigger.py
[2024-04-24T05:13:18.799+0000] {processor.py:830} INFO - Processing file /home/airflow/.local/lib/python3.8/site-packages/airflow/example_dags/example_latest_only_with_trigger.py for tasks to queue
[2024-04-24T05:13:18.800+0000] {logging_mixin.py:188} INFO - [2024-04-24T05:13:18.800+0000] {dagbag.py:540} INFO - Filling up the DagBag from /home/airflow/.local/lib/python3.8/site-packages/airflow/example_dags/example_latest_only_with_trigger.py
[2024-04-24T05:13:18.803+0000] {processor.py:840} INFO - DAG(s) 'latest_only_with_trigger' retrieved from /home/airflow/.local/lib/python3.8/site-packages/airflow/example_dags/example_latest_only_with_trigger.py
[2024-04-24T05:13:18.814+0000] {logging_mixin.py:188} INFO - [2024-04-24T05:13:18.814+0000] {dag.py:3047} INFO - Sync 1 DAGs
[2024-04-24T05:13:18.826+0000] {logging_mixin.py:188} INFO - [2024-04-24T05:13:18.826+0000] {dag.py:3834} INFO - Setting next_dagrun for latest_only_with_trigger to 2024-04-24 00:00:00+00:00, run_after=2024-04-24 04:00:00+00:00
[2024-04-24T05:13:18.836+0000] {processor.py:183} INFO - Processing /home/airflow/.local/lib/python3.8/site-packages/airflow/example_dags/example_latest_only_with_trigger.py took 0.039 seconds
[2024-04-24T05:13:49.647+0000] {processor.py:161} INFO - Started process (PID=381) to work on /home/airflow/.local/lib/python3.8/site-packages/airflow/example_dags/example_latest_only_with_trigger.py
[2024-04-24T05:13:49.647+0000] {processor.py:830} INFO - Processing file /home/airflow/.local/lib/python3.8/site-packages/airflow/example_dags/example_latest_only_with_trigger.py for tasks to queue
[2024-04-24T05:13:49.648+0000] {logging_mixin.py:188} INFO - [2024-04-24T05:13:49.648+0000] {dagbag.py:540} INFO - Filling up the DagBag from /home/airflow/.local/lib/python3.8/site-packages/airflow/example_dags/example_latest_only_with_trigger.py
[2024-04-24T05:13:49.652+0000] {processor.py:840} INFO - DAG(s) 'latest_only_with_trigger' retrieved from /home/airflow/.local/lib/python3.8/site-packages/airflow/example_dags/example_latest_only_with_trigger.py
[2024-04-24T05:13:49.662+0000] {logging_mixin.py:188} INFO - [2024-04-24T05:13:49.662+0000] {dag.py:3047} INFO - Sync 1 DAGs
[2024-04-24T05:13:49.673+0000] {logging_mixin.py:188} INFO - [2024-04-24T05:13:49.673+0000] {dag.py:3834} INFO - Setting next_dagrun for latest_only_with_trigger to 2024-04-24 00:00:00+00:00, run_after=2024-04-24 04:00:00+00:00
[2024-04-24T05:13:49.684+0000] {processor.py:183} INFO - Processing /home/airflow/.local/lib/python3.8/site-packages/airflow/example_dags/example_latest_only_with_trigger.py took 0.039 seconds
[2024-04-24T05:14:20.173+0000] {processor.py:161} INFO - Started process (PID=439) to work on /home/airflow/.local/lib/python3.8/site-packages/airflow/example_dags/example_latest_only_with_trigger.py
[2024-04-24T05:14:20.174+0000] {processor.py:830} INFO - Processing file /home/airflow/.local/lib/python3.8/site-packages/airflow/example_dags/example_latest_only_with_trigger.py for tasks to queue
[2024-04-24T05:14:20.175+0000] {logging_mixin.py:188} INFO - [2024-04-24T05:14:20.175+0000] {dagbag.py:540} INFO - Filling up the DagBag from /home/airflow/.local/lib/python3.8/site-packages/airflow/example_dags/example_latest_only_with_trigger.py
[2024-04-24T05:14:20.178+0000] {processor.py:840} INFO - DAG(s) 'latest_only_with_trigger' retrieved from /home/airflow/.local/lib/python3.8/site-packages/airflow/example_dags/example_latest_only_with_trigger.py
[2024-04-24T05:14:20.189+0000] {logging_mixin.py:188} INFO - [2024-04-24T05:14:20.189+0000] {dag.py:3047} INFO - Sync 1 DAGs
[2024-04-24T05:14:20.200+0000] {logging_mixin.py:188} INFO - [2024-04-24T05:14:20.200+0000] {dag.py:3834} INFO - Setting next_dagrun for latest_only_with_trigger to 2024-04-24 00:00:00+00:00, run_after=2024-04-24 04:00:00+00:00
[2024-04-24T05:14:20.210+0000] {processor.py:183} INFO - Processing /home/airflow/.local/lib/python3.8/site-packages/airflow/example_dags/example_latest_only_with_trigger.py took 0.038 seconds
[2024-04-24T05:14:50.852+0000] {processor.py:161} INFO - Started process (PID=497) to work on /home/airflow/.local/lib/python3.8/site-packages/airflow/example_dags/example_latest_only_with_trigger.py
[2024-04-24T05:14:50.852+0000] {processor.py:830} INFO - Processing file /home/airflow/.local/lib/python3.8/site-packages/airflow/example_dags/example_latest_only_with_trigger.py for tasks to queue
[2024-04-24T05:14:50.853+0000] {logging_mixin.py:188} INFO - [2024-04-24T05:14:50.853+0000] {dagbag.py:540} INFO - Filling up the DagBag from /home/airflow/.local/lib/python3.8/site-packages/airflow/example_dags/example_latest_only_with_trigger.py
[2024-04-24T05:14:50.857+0000] {processor.py:840} INFO - DAG(s) 'latest_only_with_trigger' retrieved from /home/airflow/.local/lib/python3.8/site-packages/airflow/example_dags/example_latest_only_with_trigger.py
[2024-04-24T05:14:50.867+0000] {logging_mixin.py:188} INFO - [2024-04-24T05:14:50.867+0000] {dag.py:3047} INFO - Sync 1 DAGs
[2024-04-24T05:14:50.878+0000] {logging_mixin.py:188} INFO - [2024-04-24T05:14:50.878+0000] {dag.py:3834} INFO - Setting next_dagrun for latest_only_with_trigger to 2024-04-24 00:00:00+00:00, run_after=2024-04-24 04:00:00+00:00
[2024-04-24T05:14:50.888+0000] {processor.py:183} INFO - Processing /home/airflow/.local/lib/python3.8/site-packages/airflow/example_dags/example_latest_only_with_trigger.py took 0.038 seconds
[2024-04-24T05:15:21.415+0000] {processor.py:161} INFO - Started process (PID=556) to work on /home/airflow/.local/lib/python3.8/site-packages/airflow/example_dags/example_latest_only_with_trigger.py
[2024-04-24T05:15:21.416+0000] {processor.py:830} INFO - Processing file /home/airflow/.local/lib/python3.8/site-packages/airflow/example_dags/example_latest_only_with_trigger.py for tasks to queue
[2024-04-24T05:15:21.417+0000] {logging_mixin.py:188} INFO - [2024-04-24T05:15:21.417+0000] {dagbag.py:540} INFO - Filling up the DagBag from /home/airflow/.local/lib/python3.8/site-packages/airflow/example_dags/example_latest_only_with_trigger.py
[2024-04-24T05:15:21.420+0000] {processor.py:840} INFO - DAG(s) 'latest_only_with_trigger' retrieved from /home/airflow/.local/lib/python3.8/site-packages/airflow/example_dags/example_latest_only_with_trigger.py
[2024-04-24T05:15:21.431+0000] {logging_mixin.py:188} INFO - [2024-04-24T05:15:21.431+0000] {dag.py:3047} INFO - Sync 1 DAGs
[2024-04-24T05:15:21.442+0000] {logging_mixin.py:188} INFO - [2024-04-24T05:15:21.442+0000] {dag.py:3834} INFO - Setting next_dagrun for latest_only_with_trigger to 2024-04-24 00:00:00+00:00, run_after=2024-04-24 04:00:00+00:00
[2024-04-24T05:15:21.452+0000] {processor.py:183} INFO - Processing /home/airflow/.local/lib/python3.8/site-packages/airflow/example_dags/example_latest_only_with_trigger.py took 0.038 seconds
[2024-04-24T05:15:51.857+0000] {processor.py:161} INFO - Started process (PID=614) to work on /home/airflow/.local/lib/python3.8/site-packages/airflow/example_dags/example_latest_only_with_trigger.py
[2024-04-24T05:15:51.858+0000] {processor.py:830} INFO - Processing file /home/airflow/.local/lib/python3.8/site-packages/airflow/example_dags/example_latest_only_with_trigger.py for tasks to queue
[2024-04-24T05:15:51.859+0000] {logging_mixin.py:188} INFO - [2024-04-24T05:15:51.859+0000] {dagbag.py:540} INFO - Filling up the DagBag from /home/airflow/.local/lib/python3.8/site-packages/airflow/example_dags/example_latest_only_with_trigger.py
[2024-04-24T05:15:51.862+0000] {processor.py:840} INFO - DAG(s) 'latest_only_with_trigger' retrieved from /home/airflow/.local/lib/python3.8/site-packages/airflow/example_dags/example_latest_only_with_trigger.py
[2024-04-24T05:15:51.873+0000] {logging_mixin.py:188} INFO - [2024-04-24T05:15:51.872+0000] {dag.py:3047} INFO - Sync 1 DAGs
[2024-04-24T05:15:51.884+0000] {logging_mixin.py:188} INFO - [2024-04-24T05:15:51.884+0000] {dag.py:3834} INFO - Setting next_dagrun for latest_only_with_trigger to 2024-04-24 00:00:00+00:00, run_after=2024-04-24 04:00:00+00:00
[2024-04-24T05:15:51.893+0000] {processor.py:183} INFO - Processing /home/airflow/.local/lib/python3.8/site-packages/airflow/example_dags/example_latest_only_with_trigger.py took 0.038 seconds
[2024-04-24T05:16:22.397+0000] {processor.py:161} INFO - Started process (PID=672) to work on /home/airflow/.local/lib/python3.8/site-packages/airflow/example_dags/example_latest_only_with_trigger.py
[2024-04-24T05:16:22.397+0000] {processor.py:830} INFO - Processing file /home/airflow/.local/lib/python3.8/site-packages/airflow/example_dags/example_latest_only_with_trigger.py for tasks to queue
[2024-04-24T05:16:22.398+0000] {logging_mixin.py:188} INFO - [2024-04-24T05:16:22.398+0000] {dagbag.py:540} INFO - Filling up the DagBag from /home/airflow/.local/lib/python3.8/site-packages/airflow/example_dags/example_latest_only_with_trigger.py
[2024-04-24T05:16:22.401+0000] {processor.py:840} INFO - DAG(s) 'latest_only_with_trigger' retrieved from /home/airflow/.local/lib/python3.8/site-packages/airflow/example_dags/example_latest_only_with_trigger.py
[2024-04-24T05:16:22.413+0000] {logging_mixin.py:188} INFO - [2024-04-24T05:16:22.413+0000] {dag.py:3047} INFO - Sync 1 DAGs
[2024-04-24T05:16:22.425+0000] {logging_mixin.py:188} INFO - [2024-04-24T05:16:22.425+0000] {dag.py:3834} INFO - Setting next_dagrun for latest_only_with_trigger to 2024-04-24 00:00:00+00:00, run_after=2024-04-24 04:00:00+00:00
[2024-04-24T05:16:22.435+0000] {processor.py:183} INFO - Processing /home/airflow/.local/lib/python3.8/site-packages/airflow/example_dags/example_latest_only_with_trigger.py took 0.041 seconds
[2024-04-24T05:16:52.972+0000] {processor.py:161} INFO - Started process (PID=730) to work on /home/airflow/.local/lib/python3.8/site-packages/airflow/example_dags/example_latest_only_with_trigger.py
[2024-04-24T05:16:52.973+0000] {processor.py:830} INFO - Processing file /home/airflow/.local/lib/python3.8/site-packages/airflow/example_dags/example_latest_only_with_trigger.py for tasks to queue
[2024-04-24T05:16:52.974+0000] {logging_mixin.py:188} INFO - [2024-04-24T05:16:52.974+0000] {dagbag.py:540} INFO - Filling up the DagBag from /home/airflow/.local/lib/python3.8/site-packages/airflow/example_dags/example_latest_only_with_trigger.py
[2024-04-24T05:16:52.977+0000] {processor.py:840} INFO - DAG(s) 'latest_only_with_trigger' retrieved from /home/airflow/.local/lib/python3.8/site-packages/airflow/example_dags/example_latest_only_with_trigger.py
[2024-04-24T05:16:52.988+0000] {logging_mixin.py:188} INFO - [2024-04-24T05:16:52.988+0000] {dag.py:3047} INFO - Sync 1 DAGs
[2024-04-24T05:16:52.999+0000] {logging_mixin.py:188} INFO - [2024-04-24T05:16:52.999+0000] {dag.py:3834} INFO - Setting next_dagrun for latest_only_with_trigger to 2024-04-24 00:00:00+00:00, run_after=2024-04-24 04:00:00+00:00
[2024-04-24T05:16:53.008+0000] {processor.py:183} INFO - Processing /home/airflow/.local/lib/python3.8/site-packages/airflow/example_dags/example_latest_only_with_trigger.py took 0.038 seconds
[2024-04-24T05:17:23.469+0000] {processor.py:161} INFO - Started process (PID=788) to work on /home/airflow/.local/lib/python3.8/site-packages/airflow/example_dags/example_latest_only_with_trigger.py
[2024-04-24T05:17:23.469+0000] {processor.py:830} INFO - Processing file /home/airflow/.local/lib/python3.8/site-packages/airflow/example_dags/example_latest_only_with_trigger.py for tasks to queue
[2024-04-24T05:17:23.470+0000] {logging_mixin.py:188} INFO - [2024-04-24T05:17:23.470+0000] {dagbag.py:540} INFO - Filling up the DagBag from /home/airflow/.local/lib/python3.8/site-packages/airflow/example_dags/example_latest_only_with_trigger.py
[2024-04-24T05:17:23.474+0000] {processor.py:840} INFO - DAG(s) 'latest_only_with_trigger' retrieved from /home/airflow/.local/lib/python3.8/site-packages/airflow/example_dags/example_latest_only_with_trigger.py
[2024-04-24T05:17:23.485+0000] {logging_mixin.py:188} INFO - [2024-04-24T05:17:23.485+0000] {dag.py:3047} INFO - Sync 1 DAGs
[2024-04-24T05:17:23.496+0000] {logging_mixin.py:188} INFO - [2024-04-24T05:17:23.496+0000] {dag.py:3834} INFO - Setting next_dagrun for latest_only_with_trigger to 2024-04-24 00:00:00+00:00, run_after=2024-04-24 04:00:00+00:00
[2024-04-24T05:17:23.507+0000] {processor.py:183} INFO - Processing /home/airflow/.local/lib/python3.8/site-packages/airflow/example_dags/example_latest_only_with_trigger.py took 0.040 seconds
[2024-04-24T05:17:54.079+0000] {processor.py:161} INFO - Started process (PID=846) to work on /home/airflow/.local/lib/python3.8/site-packages/airflow/example_dags/example_latest_only_with_trigger.py
[2024-04-24T05:17:54.080+0000] {processor.py:830} INFO - Processing file /home/airflow/.local/lib/python3.8/site-packages/airflow/example_dags/example_latest_only_with_trigger.py for tasks to queue
[2024-04-24T05:17:54.081+0000] {logging_mixin.py:188} INFO - [2024-04-24T05:17:54.081+0000] {dagbag.py:540} INFO - Filling up the DagBag from /home/airflow/.local/lib/python3.8/site-packages/airflow/example_dags/example_latest_only_with_trigger.py
[2024-04-24T05:17:54.084+0000] {processor.py:840} INFO - DAG(s) 'latest_only_with_trigger' retrieved from /home/airflow/.local/lib/python3.8/site-packages/airflow/example_dags/example_latest_only_with_trigger.py
[2024-04-24T05:17:54.095+0000] {logging_mixin.py:188} INFO - [2024-04-24T05:17:54.095+0000] {dag.py:3047} INFO - Sync 1 DAGs
[2024-04-24T05:17:54.106+0000] {logging_mixin.py:188} INFO - [2024-04-24T05:17:54.106+0000] {dag.py:3834} INFO - Setting next_dagrun for latest_only_with_trigger to 2024-04-24 00:00:00+00:00, run_after=2024-04-24 04:00:00+00:00
[2024-04-24T05:17:54.120+0000] {processor.py:183} INFO - Processing /home/airflow/.local/lib/python3.8/site-packages/airflow/example_dags/example_latest_only_with_trigger.py took 0.043 seconds
[2024-04-24T05:18:24.851+0000] {processor.py:161} INFO - Started process (PID=904) to work on /home/airflow/.local/lib/python3.8/site-packages/airflow/example_dags/example_latest_only_with_trigger.py
[2024-04-24T05:18:24.851+0000] {processor.py:830} INFO - Processing file /home/airflow/.local/lib/python3.8/site-packages/airflow/example_dags/example_latest_only_with_trigger.py for tasks to queue
[2024-04-24T05:18:24.853+0000] {logging_mixin.py:188} INFO - [2024-04-24T05:18:24.853+0000] {dagbag.py:540} INFO - Filling up the DagBag from /home/airflow/.local/lib/python3.8/site-packages/airflow/example_dags/example_latest_only_with_trigger.py
[2024-04-24T05:18:24.856+0000] {processor.py:840} INFO - DAG(s) 'latest_only_with_trigger' retrieved from /home/airflow/.local/lib/python3.8/site-packages/airflow/example_dags/example_latest_only_with_trigger.py
[2024-04-24T05:18:24.867+0000] {logging_mixin.py:188} INFO - [2024-04-24T05:18:24.867+0000] {dag.py:3047} INFO - Sync 1 DAGs
[2024-04-24T05:18:24.878+0000] {logging_mixin.py:188} INFO - [2024-04-24T05:18:24.878+0000] {dag.py:3834} INFO - Setting next_dagrun for latest_only_with_trigger to 2024-04-24 00:00:00+00:00, run_after=2024-04-24 04:00:00+00:00
[2024-04-24T05:18:24.889+0000] {processor.py:183} INFO - Processing /home/airflow/.local/lib/python3.8/site-packages/airflow/example_dags/example_latest_only_with_trigger.py took 0.040 seconds
[2024-04-24T05:18:55.344+0000] {processor.py:161} INFO - Started process (PID=962) to work on /home/airflow/.local/lib/python3.8/site-packages/airflow/example_dags/example_latest_only_with_trigger.py
[2024-04-24T05:18:55.344+0000] {processor.py:830} INFO - Processing file /home/airflow/.local/lib/python3.8/site-packages/airflow/example_dags/example_latest_only_with_trigger.py for tasks to queue
[2024-04-24T05:18:55.345+0000] {logging_mixin.py:188} INFO - [2024-04-24T05:18:55.345+0000] {dagbag.py:540} INFO - Filling up the DagBag from /home/airflow/.local/lib/python3.8/site-packages/airflow/example_dags/example_latest_only_with_trigger.py
[2024-04-24T05:18:55.348+0000] {processor.py:840} INFO - DAG(s) 'latest_only_with_trigger' retrieved from /home/airflow/.local/lib/python3.8/site-packages/airflow/example_dags/example_latest_only_with_trigger.py
[2024-04-24T05:18:55.359+0000] {logging_mixin.py:188} INFO - [2024-04-24T05:18:55.359+0000] {dag.py:3047} INFO - Sync 1 DAGs
[2024-04-24T05:18:55.370+0000] {logging_mixin.py:188} INFO - [2024-04-24T05:18:55.370+0000] {dag.py:3834} INFO - Setting next_dagrun for latest_only_with_trigger to 2024-04-24 00:00:00+00:00, run_after=2024-04-24 04:00:00+00:00
[2024-04-24T05:18:55.380+0000] {processor.py:183} INFO - Processing /home/airflow/.local/lib/python3.8/site-packages/airflow/example_dags/example_latest_only_with_trigger.py took 0.038 seconds
[2024-04-24T05:19:25.993+0000] {processor.py:161} INFO - Started process (PID=1020) to work on /home/airflow/.local/lib/python3.8/site-packages/airflow/example_dags/example_latest_only_with_trigger.py
[2024-04-24T05:19:25.993+0000] {processor.py:830} INFO - Processing file /home/airflow/.local/lib/python3.8/site-packages/airflow/example_dags/example_latest_only_with_trigger.py for tasks to queue
[2024-04-24T05:19:25.994+0000] {logging_mixin.py:188} INFO - [2024-04-24T05:19:25.994+0000] {dagbag.py:540} INFO - Filling up the DagBag from /home/airflow/.local/lib/python3.8/site-packages/airflow/example_dags/example_latest_only_with_trigger.py
[2024-04-24T05:19:25.998+0000] {processor.py:840} INFO - DAG(s) 'latest_only_with_trigger' retrieved from /home/airflow/.local/lib/python3.8/site-packages/airflow/example_dags/example_latest_only_with_trigger.py
[2024-04-24T05:19:26.009+0000] {logging_mixin.py:188} INFO - [2024-04-24T05:19:26.008+0000] {dag.py:3047} INFO - Sync 1 DAGs
[2024-04-24T05:19:26.020+0000] {logging_mixin.py:188} INFO - [2024-04-24T05:19:26.020+0000] {dag.py:3834} INFO - Setting next_dagrun for latest_only_with_trigger to 2024-04-24 00:00:00+00:00, run_after=2024-04-24 04:00:00+00:00
[2024-04-24T05:19:26.029+0000] {processor.py:183} INFO - Processing /home/airflow/.local/lib/python3.8/site-packages/airflow/example_dags/example_latest_only_with_trigger.py took 0.038 seconds
[2024-04-24T05:19:56.480+0000] {processor.py:161} INFO - Started process (PID=1078) to work on /home/airflow/.local/lib/python3.8/site-packages/airflow/example_dags/example_latest_only_with_trigger.py
[2024-04-24T05:19:56.480+0000] {processor.py:830} INFO - Processing file /home/airflow/.local/lib/python3.8/site-packages/airflow/example_dags/example_latest_only_with_trigger.py for tasks to queue
[2024-04-24T05:19:56.481+0000] {logging_mixin.py:188} INFO - [2024-04-24T05:19:56.481+0000] {dagbag.py:540} INFO - Filling up the DagBag from /home/airflow/.local/lib/python3.8/site-packages/airflow/example_dags/example_latest_only_with_trigger.py
[2024-04-24T05:19:56.485+0000] {processor.py:840} INFO - DAG(s) 'latest_only_with_trigger' retrieved from /home/airflow/.local/lib/python3.8/site-packages/airflow/example_dags/example_latest_only_with_trigger.py
[2024-04-24T05:19:56.496+0000] {logging_mixin.py:188} INFO - [2024-04-24T05:19:56.496+0000] {dag.py:3047} INFO - Sync 1 DAGs
[2024-04-24T05:19:56.507+0000] {logging_mixin.py:188} INFO - [2024-04-24T05:19:56.507+0000] {dag.py:3834} INFO - Setting next_dagrun for latest_only_with_trigger to 2024-04-24 00:00:00+00:00, run_after=2024-04-24 04:00:00+00:00
[2024-04-24T05:19:56.517+0000] {processor.py:183} INFO - Processing /home/airflow/.local/lib/python3.8/site-packages/airflow/example_dags/example_latest_only_with_trigger.py took 0.039 seconds
[2024-04-24T05:20:27.123+0000] {processor.py:161} INFO - Started process (PID=1136) to work on /home/airflow/.local/lib/python3.8/site-packages/airflow/example_dags/example_latest_only_with_trigger.py
[2024-04-24T05:20:27.123+0000] {processor.py:830} INFO - Processing file /home/airflow/.local/lib/python3.8/site-packages/airflow/example_dags/example_latest_only_with_trigger.py for tasks to queue
[2024-04-24T05:20:27.124+0000] {logging_mixin.py:188} INFO - [2024-04-24T05:20:27.124+0000] {dagbag.py:540} INFO - Filling up the DagBag from /home/airflow/.local/lib/python3.8/site-packages/airflow/example_dags/example_latest_only_with_trigger.py
[2024-04-24T05:20:27.127+0000] {processor.py:840} INFO - DAG(s) 'latest_only_with_trigger' retrieved from /home/airflow/.local/lib/python3.8/site-packages/airflow/example_dags/example_latest_only_with_trigger.py
[2024-04-24T05:20:27.138+0000] {logging_mixin.py:188} INFO - [2024-04-24T05:20:27.137+0000] {dag.py:3047} INFO - Sync 1 DAGs
[2024-04-24T05:20:27.148+0000] {logging_mixin.py:188} INFO - [2024-04-24T05:20:27.148+0000] {dag.py:3834} INFO - Setting next_dagrun for latest_only_with_trigger to 2024-04-24 00:00:00+00:00, run_after=2024-04-24 04:00:00+00:00
[2024-04-24T05:20:27.158+0000] {processor.py:183} INFO - Processing /home/airflow/.local/lib/python3.8/site-packages/airflow/example_dags/example_latest_only_with_trigger.py took 0.037 seconds
[2024-04-24T05:20:57.617+0000] {processor.py:161} INFO - Started process (PID=1194) to work on /home/airflow/.local/lib/python3.8/site-packages/airflow/example_dags/example_latest_only_with_trigger.py
[2024-04-24T05:20:57.618+0000] {processor.py:830} INFO - Processing file /home/airflow/.local/lib/python3.8/site-packages/airflow/example_dags/example_latest_only_with_trigger.py for tasks to queue
[2024-04-24T05:20:57.619+0000] {logging_mixin.py:188} INFO - [2024-04-24T05:20:57.619+0000] {dagbag.py:540} INFO - Filling up the DagBag from /home/airflow/.local/lib/python3.8/site-packages/airflow/example_dags/example_latest_only_with_trigger.py
[2024-04-24T05:20:57.622+0000] {processor.py:840} INFO - DAG(s) 'latest_only_with_trigger' retrieved from /home/airflow/.local/lib/python3.8/site-packages/airflow/example_dags/example_latest_only_with_trigger.py
[2024-04-24T05:20:57.632+0000] {logging_mixin.py:188} INFO - [2024-04-24T05:20:57.632+0000] {dag.py:3047} INFO - Sync 1 DAGs
[2024-04-24T05:20:57.643+0000] {logging_mixin.py:188} INFO - [2024-04-24T05:20:57.643+0000] {dag.py:3834} INFO - Setting next_dagrun for latest_only_with_trigger to 2024-04-24 00:00:00+00:00, run_after=2024-04-24 04:00:00+00:00
[2024-04-24T05:20:57.652+0000] {processor.py:183} INFO - Processing /home/airflow/.local/lib/python3.8/site-packages/airflow/example_dags/example_latest_only_with_trigger.py took 0.037 seconds
[2024-04-24T05:21:28.136+0000] {processor.py:161} INFO - Started process (PID=1252) to work on /home/airflow/.local/lib/python3.8/site-packages/airflow/example_dags/example_latest_only_with_trigger.py
[2024-04-24T05:21:28.136+0000] {processor.py:830} INFO - Processing file /home/airflow/.local/lib/python3.8/site-packages/airflow/example_dags/example_latest_only_with_trigger.py for tasks to queue
[2024-04-24T05:21:28.138+0000] {logging_mixin.py:188} INFO - [2024-04-24T05:21:28.137+0000] {dagbag.py:540} INFO - Filling up the DagBag from /home/airflow/.local/lib/python3.8/site-packages/airflow/example_dags/example_latest_only_with_trigger.py
[2024-04-24T05:21:28.141+0000] {processor.py:840} INFO - DAG(s) 'latest_only_with_trigger' retrieved from /home/airflow/.local/lib/python3.8/site-packages/airflow/example_dags/example_latest_only_with_trigger.py
[2024-04-24T05:21:28.152+0000] {logging_mixin.py:188} INFO - [2024-04-24T05:21:28.151+0000] {dag.py:3047} INFO - Sync 1 DAGs
[2024-04-24T05:21:28.163+0000] {logging_mixin.py:188} INFO - [2024-04-24T05:21:28.162+0000] {dag.py:3834} INFO - Setting next_dagrun for latest_only_with_trigger to 2024-04-24 00:00:00+00:00, run_after=2024-04-24 04:00:00+00:00
[2024-04-24T05:21:28.172+0000] {processor.py:183} INFO - Processing /home/airflow/.local/lib/python3.8/site-packages/airflow/example_dags/example_latest_only_with_trigger.py took 0.038 seconds
[2024-04-24T05:21:58.611+0000] {processor.py:161} INFO - Started process (PID=1310) to work on /home/airflow/.local/lib/python3.8/site-packages/airflow/example_dags/example_latest_only_with_trigger.py
[2024-04-24T05:21:58.611+0000] {processor.py:830} INFO - Processing file /home/airflow/.local/lib/python3.8/site-packages/airflow/example_dags/example_latest_only_with_trigger.py for tasks to queue
[2024-04-24T05:21:58.612+0000] {logging_mixin.py:188} INFO - [2024-04-24T05:21:58.612+0000] {dagbag.py:540} INFO - Filling up the DagBag from /home/airflow/.local/lib/python3.8/site-packages/airflow/example_dags/example_latest_only_with_trigger.py
[2024-04-24T05:21:58.615+0000] {processor.py:840} INFO - DAG(s) 'latest_only_with_trigger' retrieved from /home/airflow/.local/lib/python3.8/site-packages/airflow/example_dags/example_latest_only_with_trigger.py
[2024-04-24T05:21:58.626+0000] {logging_mixin.py:188} INFO - [2024-04-24T05:21:58.626+0000] {dag.py:3047} INFO - Sync 1 DAGs
[2024-04-24T05:21:58.636+0000] {logging_mixin.py:188} INFO - [2024-04-24T05:21:58.636+0000] {dag.py:3834} INFO - Setting next_dagrun for latest_only_with_trigger to 2024-04-24 00:00:00+00:00, run_after=2024-04-24 04:00:00+00:00
[2024-04-24T05:21:58.646+0000] {processor.py:183} INFO - Processing /home/airflow/.local/lib/python3.8/site-packages/airflow/example_dags/example_latest_only_with_trigger.py took 0.037 seconds
[2024-04-24T05:22:29.137+0000] {processor.py:161} INFO - Started process (PID=1368) to work on /home/airflow/.local/lib/python3.8/site-packages/airflow/example_dags/example_latest_only_with_trigger.py
[2024-04-24T05:22:29.138+0000] {processor.py:830} INFO - Processing file /home/airflow/.local/lib/python3.8/site-packages/airflow/example_dags/example_latest_only_with_trigger.py for tasks to queue
[2024-04-24T05:22:29.139+0000] {logging_mixin.py:188} INFO - [2024-04-24T05:22:29.138+0000] {dagbag.py:540} INFO - Filling up the DagBag from /home/airflow/.local/lib/python3.8/site-packages/airflow/example_dags/example_latest_only_with_trigger.py
[2024-04-24T05:22:29.142+0000] {processor.py:840} INFO - DAG(s) 'latest_only_with_trigger' retrieved from /home/airflow/.local/lib/python3.8/site-packages/airflow/example_dags/example_latest_only_with_trigger.py
[2024-04-24T05:22:29.152+0000] {logging_mixin.py:188} INFO - [2024-04-24T05:22:29.152+0000] {dag.py:3047} INFO - Sync 1 DAGs
[2024-04-24T05:22:29.163+0000] {logging_mixin.py:188} INFO - [2024-04-24T05:22:29.163+0000] {dag.py:3834} INFO - Setting next_dagrun for latest_only_with_trigger to 2024-04-24 00:00:00+00:00, run_after=2024-04-24 04:00:00+00:00
[2024-04-24T05:22:29.174+0000] {processor.py:183} INFO - Processing /home/airflow/.local/lib/python3.8/site-packages/airflow/example_dags/example_latest_only_with_trigger.py took 0.039 seconds
[2024-04-24T05:22:59.610+0000] {processor.py:161} INFO - Started process (PID=1426) to work on /home/airflow/.local/lib/python3.8/site-packages/airflow/example_dags/example_latest_only_with_trigger.py
[2024-04-24T05:22:59.610+0000] {processor.py:830} INFO - Processing file /home/airflow/.local/lib/python3.8/site-packages/airflow/example_dags/example_latest_only_with_trigger.py for tasks to queue
[2024-04-24T05:22:59.611+0000] {logging_mixin.py:188} INFO - [2024-04-24T05:22:59.611+0000] {dagbag.py:540} INFO - Filling up the DagBag from /home/airflow/.local/lib/python3.8/site-packages/airflow/example_dags/example_latest_only_with_trigger.py
[2024-04-24T05:22:59.614+0000] {processor.py:840} INFO - DAG(s) 'latest_only_with_trigger' retrieved from /home/airflow/.local/lib/python3.8/site-packages/airflow/example_dags/example_latest_only_with_trigger.py
[2024-04-24T05:22:59.628+0000] {logging_mixin.py:188} INFO - [2024-04-24T05:22:59.627+0000] {dag.py:3047} INFO - Sync 1 DAGs
[2024-04-24T05:22:59.639+0000] {logging_mixin.py:188} INFO - [2024-04-24T05:22:59.639+0000] {dag.py:3834} INFO - Setting next_dagrun for latest_only_with_trigger to 2024-04-24 00:00:00+00:00, run_after=2024-04-24 04:00:00+00:00
[2024-04-24T05:22:59.650+0000] {processor.py:183} INFO - Processing /home/airflow/.local/lib/python3.8/site-packages/airflow/example_dags/example_latest_only_with_trigger.py took 0.042 seconds
[2024-04-24T05:23:30.127+0000] {processor.py:161} INFO - Started process (PID=1484) to work on /home/airflow/.local/lib/python3.8/site-packages/airflow/example_dags/example_latest_only_with_trigger.py
[2024-04-24T05:23:30.127+0000] {processor.py:830} INFO - Processing file /home/airflow/.local/lib/python3.8/site-packages/airflow/example_dags/example_latest_only_with_trigger.py for tasks to queue
[2024-04-24T05:23:30.128+0000] {logging_mixin.py:188} INFO - [2024-04-24T05:23:30.128+0000] {dagbag.py:540} INFO - Filling up the DagBag from /home/airflow/.local/lib/python3.8/site-packages/airflow/example_dags/example_latest_only_with_trigger.py
[2024-04-24T05:23:30.132+0000] {processor.py:840} INFO - DAG(s) 'latest_only_with_trigger' retrieved from /home/airflow/.local/lib/python3.8/site-packages/airflow/example_dags/example_latest_only_with_trigger.py
[2024-04-24T05:23:30.142+0000] {logging_mixin.py:188} INFO - [2024-04-24T05:23:30.142+0000] {dag.py:3047} INFO - Sync 1 DAGs
[2024-04-24T05:23:30.153+0000] {logging_mixin.py:188} INFO - [2024-04-24T05:23:30.153+0000] {dag.py:3834} INFO - Setting next_dagrun for latest_only_with_trigger to 2024-04-24 00:00:00+00:00, run_after=2024-04-24 04:00:00+00:00
[2024-04-24T05:23:30.162+0000] {processor.py:183} INFO - Processing /home/airflow/.local/lib/python3.8/site-packages/airflow/example_dags/example_latest_only_with_trigger.py took 0.037 seconds
[2024-04-24T05:24:00.632+0000] {processor.py:161} INFO - Started process (PID=1542) to work on /home/airflow/.local/lib/python3.8/site-packages/airflow/example_dags/example_latest_only_with_trigger.py
[2024-04-24T05:24:00.633+0000] {processor.py:830} INFO - Processing file /home/airflow/.local/lib/python3.8/site-packages/airflow/example_dags/example_latest_only_with_trigger.py for tasks to queue
[2024-04-24T05:24:00.634+0000] {logging_mixin.py:188} INFO - [2024-04-24T05:24:00.634+0000] {dagbag.py:540} INFO - Filling up the DagBag from /home/airflow/.local/lib/python3.8/site-packages/airflow/example_dags/example_latest_only_with_trigger.py
[2024-04-24T05:24:00.637+0000] {processor.py:840} INFO - DAG(s) 'latest_only_with_trigger' retrieved from /home/airflow/.local/lib/python3.8/site-packages/airflow/example_dags/example_latest_only_with_trigger.py
[2024-04-24T05:24:00.648+0000] {logging_mixin.py:188} INFO - [2024-04-24T05:24:00.648+0000] {dag.py:3047} INFO - Sync 1 DAGs
[2024-04-24T05:24:00.658+0000] {logging_mixin.py:188} INFO - [2024-04-24T05:24:00.658+0000] {dag.py:3834} INFO - Setting next_dagrun for latest_only_with_trigger to 2024-04-24 00:00:00+00:00, run_after=2024-04-24 04:00:00+00:00
[2024-04-24T05:24:00.668+0000] {processor.py:183} INFO - Processing /home/airflow/.local/lib/python3.8/site-packages/airflow/example_dags/example_latest_only_with_trigger.py took 0.038 seconds
[2024-04-24T05:24:31.090+0000] {processor.py:161} INFO - Started process (PID=1600) to work on /home/airflow/.local/lib/python3.8/site-packages/airflow/example_dags/example_latest_only_with_trigger.py
[2024-04-24T05:24:31.090+0000] {processor.py:830} INFO - Processing file /home/airflow/.local/lib/python3.8/site-packages/airflow/example_dags/example_latest_only_with_trigger.py for tasks to queue
[2024-04-24T05:24:31.092+0000] {logging_mixin.py:188} INFO - [2024-04-24T05:24:31.091+0000] {dagbag.py:540} INFO - Filling up the DagBag from /home/airflow/.local/lib/python3.8/site-packages/airflow/example_dags/example_latest_only_with_trigger.py
[2024-04-24T05:24:31.095+0000] {processor.py:840} INFO - DAG(s) 'latest_only_with_trigger' retrieved from /home/airflow/.local/lib/python3.8/site-packages/airflow/example_dags/example_latest_only_with_trigger.py
[2024-04-24T05:24:31.105+0000] {logging_mixin.py:188} INFO - [2024-04-24T05:24:31.105+0000] {dag.py:3047} INFO - Sync 1 DAGs
[2024-04-24T05:24:31.116+0000] {logging_mixin.py:188} INFO - [2024-04-24T05:24:31.116+0000] {dag.py:3834} INFO - Setting next_dagrun for latest_only_with_trigger to 2024-04-24 00:00:00+00:00, run_after=2024-04-24 04:00:00+00:00
[2024-04-24T05:24:31.125+0000] {processor.py:183} INFO - Processing /home/airflow/.local/lib/python3.8/site-packages/airflow/example_dags/example_latest_only_with_trigger.py took 0.037 seconds
[2024-04-24T05:25:01.551+0000] {processor.py:161} INFO - Started process (PID=1658) to work on /home/airflow/.local/lib/python3.8/site-packages/airflow/example_dags/example_latest_only_with_trigger.py
[2024-04-24T05:25:01.551+0000] {processor.py:830} INFO - Processing file /home/airflow/.local/lib/python3.8/site-packages/airflow/example_dags/example_latest_only_with_trigger.py for tasks to queue
[2024-04-24T05:25:01.552+0000] {logging_mixin.py:188} INFO - [2024-04-24T05:25:01.552+0000] {dagbag.py:540} INFO - Filling up the DagBag from /home/airflow/.local/lib/python3.8/site-packages/airflow/example_dags/example_latest_only_with_trigger.py
[2024-04-24T05:25:01.555+0000] {processor.py:840} INFO - DAG(s) 'latest_only_with_trigger' retrieved from /home/airflow/.local/lib/python3.8/site-packages/airflow/example_dags/example_latest_only_with_trigger.py
[2024-04-24T05:25:01.566+0000] {logging_mixin.py:188} INFO - [2024-04-24T05:25:01.566+0000] {dag.py:3047} INFO - Sync 1 DAGs
[2024-04-24T05:25:01.577+0000] {logging_mixin.py:188} INFO - [2024-04-24T05:25:01.577+0000] {dag.py:3834} INFO - Setting next_dagrun for latest_only_with_trigger to 2024-04-24 00:00:00+00:00, run_after=2024-04-24 04:00:00+00:00
[2024-04-24T05:25:01.586+0000] {processor.py:183} INFO - Processing /home/airflow/.local/lib/python3.8/site-packages/airflow/example_dags/example_latest_only_with_trigger.py took 0.037 seconds
[2024-04-24T05:25:32.006+0000] {processor.py:161} INFO - Started process (PID=1716) to work on /home/airflow/.local/lib/python3.8/site-packages/airflow/example_dags/example_latest_only_with_trigger.py
[2024-04-24T05:25:32.007+0000] {processor.py:830} INFO - Processing file /home/airflow/.local/lib/python3.8/site-packages/airflow/example_dags/example_latest_only_with_trigger.py for tasks to queue
[2024-04-24T05:25:32.008+0000] {logging_mixin.py:188} INFO - [2024-04-24T05:25:32.008+0000] {dagbag.py:540} INFO - Filling up the DagBag from /home/airflow/.local/lib/python3.8/site-packages/airflow/example_dags/example_latest_only_with_trigger.py
[2024-04-24T05:25:32.011+0000] {processor.py:840} INFO - DAG(s) 'latest_only_with_trigger' retrieved from /home/airflow/.local/lib/python3.8/site-packages/airflow/example_dags/example_latest_only_with_trigger.py
[2024-04-24T05:25:32.022+0000] {logging_mixin.py:188} INFO - [2024-04-24T05:25:32.022+0000] {dag.py:3047} INFO - Sync 1 DAGs
[2024-04-24T05:25:32.033+0000] {logging_mixin.py:188} INFO - [2024-04-24T05:25:32.033+0000] {dag.py:3834} INFO - Setting next_dagrun for latest_only_with_trigger to 2024-04-24 00:00:00+00:00, run_after=2024-04-24 04:00:00+00:00
[2024-04-24T05:25:32.043+0000] {processor.py:183} INFO - Processing /home/airflow/.local/lib/python3.8/site-packages/airflow/example_dags/example_latest_only_with_trigger.py took 0.038 seconds
[2024-04-24T05:26:02.808+0000] {processor.py:161} INFO - Started process (PID=1774) to work on /home/airflow/.local/lib/python3.8/site-packages/airflow/example_dags/example_latest_only_with_trigger.py
[2024-04-24T05:26:02.809+0000] {processor.py:830} INFO - Processing file /home/airflow/.local/lib/python3.8/site-packages/airflow/example_dags/example_latest_only_with_trigger.py for tasks to queue
[2024-04-24T05:26:02.810+0000] {logging_mixin.py:188} INFO - [2024-04-24T05:26:02.810+0000] {dagbag.py:540} INFO - Filling up the DagBag from /home/airflow/.local/lib/python3.8/site-packages/airflow/example_dags/example_latest_only_with_trigger.py
[2024-04-24T05:26:02.813+0000] {processor.py:840} INFO - DAG(s) 'latest_only_with_trigger' retrieved from /home/airflow/.local/lib/python3.8/site-packages/airflow/example_dags/example_latest_only_with_trigger.py
[2024-04-24T05:26:02.824+0000] {logging_mixin.py:188} INFO - [2024-04-24T05:26:02.824+0000] {dag.py:3047} INFO - Sync 1 DAGs
[2024-04-24T05:26:02.835+0000] {logging_mixin.py:188} INFO - [2024-04-24T05:26:02.835+0000] {dag.py:3834} INFO - Setting next_dagrun for latest_only_with_trigger to 2024-04-24 00:00:00+00:00, run_after=2024-04-24 04:00:00+00:00
[2024-04-24T05:26:02.845+0000] {processor.py:183} INFO - Processing /home/airflow/.local/lib/python3.8/site-packages/airflow/example_dags/example_latest_only_with_trigger.py took 0.039 seconds
[2024-04-24T05:26:33.292+0000] {processor.py:161} INFO - Started process (PID=1832) to work on /home/airflow/.local/lib/python3.8/site-packages/airflow/example_dags/example_latest_only_with_trigger.py
[2024-04-24T05:26:33.292+0000] {processor.py:830} INFO - Processing file /home/airflow/.local/lib/python3.8/site-packages/airflow/example_dags/example_latest_only_with_trigger.py for tasks to queue
[2024-04-24T05:26:33.293+0000] {logging_mixin.py:188} INFO - [2024-04-24T05:26:33.293+0000] {dagbag.py:540} INFO - Filling up the DagBag from /home/airflow/.local/lib/python3.8/site-packages/airflow/example_dags/example_latest_only_with_trigger.py
[2024-04-24T05:26:33.296+0000] {processor.py:840} INFO - DAG(s) 'latest_only_with_trigger' retrieved from /home/airflow/.local/lib/python3.8/site-packages/airflow/example_dags/example_latest_only_with_trigger.py
[2024-04-24T05:26:33.307+0000] {logging_mixin.py:188} INFO - [2024-04-24T05:26:33.306+0000] {dag.py:3047} INFO - Sync 1 DAGs
[2024-04-24T05:26:33.317+0000] {logging_mixin.py:188} INFO - [2024-04-24T05:26:33.317+0000] {dag.py:3834} INFO - Setting next_dagrun for latest_only_with_trigger to 2024-04-24 00:00:00+00:00, run_after=2024-04-24 04:00:00+00:00
[2024-04-24T05:26:33.327+0000] {processor.py:183} INFO - Processing /home/airflow/.local/lib/python3.8/site-packages/airflow/example_dags/example_latest_only_with_trigger.py took 0.037 seconds
[2024-04-24T05:27:04.117+0000] {processor.py:161} INFO - Started process (PID=1890) to work on /home/airflow/.local/lib/python3.8/site-packages/airflow/example_dags/example_latest_only_with_trigger.py
[2024-04-24T05:27:04.117+0000] {processor.py:830} INFO - Processing file /home/airflow/.local/lib/python3.8/site-packages/airflow/example_dags/example_latest_only_with_trigger.py for tasks to queue
[2024-04-24T05:27:04.118+0000] {logging_mixin.py:188} INFO - [2024-04-24T05:27:04.118+0000] {dagbag.py:540} INFO - Filling up the DagBag from /home/airflow/.local/lib/python3.8/site-packages/airflow/example_dags/example_latest_only_with_trigger.py
[2024-04-24T05:27:04.122+0000] {processor.py:840} INFO - DAG(s) 'latest_only_with_trigger' retrieved from /home/airflow/.local/lib/python3.8/site-packages/airflow/example_dags/example_latest_only_with_trigger.py
[2024-04-24T05:27:04.133+0000] {logging_mixin.py:188} INFO - [2024-04-24T05:27:04.133+0000] {dag.py:3047} INFO - Sync 1 DAGs
[2024-04-24T05:27:04.144+0000] {logging_mixin.py:188} INFO - [2024-04-24T05:27:04.144+0000] {dag.py:3834} INFO - Setting next_dagrun for latest_only_with_trigger to 2024-04-24 00:00:00+00:00, run_after=2024-04-24 04:00:00+00:00
[2024-04-24T05:27:04.155+0000] {processor.py:183} INFO - Processing /home/airflow/.local/lib/python3.8/site-packages/airflow/example_dags/example_latest_only_with_trigger.py took 0.040 seconds
[2024-04-24T05:27:34.664+0000] {processor.py:161} INFO - Started process (PID=1948) to work on /home/airflow/.local/lib/python3.8/site-packages/airflow/example_dags/example_latest_only_with_trigger.py
[2024-04-24T05:27:34.664+0000] {processor.py:830} INFO - Processing file /home/airflow/.local/lib/python3.8/site-packages/airflow/example_dags/example_latest_only_with_trigger.py for tasks to queue
[2024-04-24T05:27:34.665+0000] {logging_mixin.py:188} INFO - [2024-04-24T05:27:34.665+0000] {dagbag.py:540} INFO - Filling up the DagBag from /home/airflow/.local/lib/python3.8/site-packages/airflow/example_dags/example_latest_only_with_trigger.py
[2024-04-24T05:27:34.669+0000] {processor.py:840} INFO - DAG(s) 'latest_only_with_trigger' retrieved from /home/airflow/.local/lib/python3.8/site-packages/airflow/example_dags/example_latest_only_with_trigger.py
[2024-04-24T05:27:34.681+0000] {logging_mixin.py:188} INFO - [2024-04-24T05:27:34.681+0000] {dag.py:3047} INFO - Sync 1 DAGs
[2024-04-24T05:27:34.694+0000] {logging_mixin.py:188} INFO - [2024-04-24T05:27:34.693+0000] {dag.py:3834} INFO - Setting next_dagrun for latest_only_with_trigger to 2024-04-24 00:00:00+00:00, run_after=2024-04-24 04:00:00+00:00
[2024-04-24T05:27:34.704+0000] {processor.py:183} INFO - Processing /home/airflow/.local/lib/python3.8/site-packages/airflow/example_dags/example_latest_only_with_trigger.py took 0.042 seconds
[2024-04-24T05:28:05.400+0000] {processor.py:161} INFO - Started process (PID=2006) to work on /home/airflow/.local/lib/python3.8/site-packages/airflow/example_dags/example_latest_only_with_trigger.py
[2024-04-24T05:28:05.400+0000] {processor.py:830} INFO - Processing file /home/airflow/.local/lib/python3.8/site-packages/airflow/example_dags/example_latest_only_with_trigger.py for tasks to queue
[2024-04-24T05:28:05.401+0000] {logging_mixin.py:188} INFO - [2024-04-24T05:28:05.401+0000] {dagbag.py:540} INFO - Filling up the DagBag from /home/airflow/.local/lib/python3.8/site-packages/airflow/example_dags/example_latest_only_with_trigger.py
[2024-04-24T05:28:05.405+0000] {processor.py:840} INFO - DAG(s) 'latest_only_with_trigger' retrieved from /home/airflow/.local/lib/python3.8/site-packages/airflow/example_dags/example_latest_only_with_trigger.py
[2024-04-24T05:28:05.418+0000] {logging_mixin.py:188} INFO - [2024-04-24T05:28:05.418+0000] {dag.py:3047} INFO - Sync 1 DAGs
[2024-04-24T05:28:05.431+0000] {logging_mixin.py:188} INFO - [2024-04-24T05:28:05.430+0000] {dag.py:3834} INFO - Setting next_dagrun for latest_only_with_trigger to 2024-04-24 00:00:00+00:00, run_after=2024-04-24 04:00:00+00:00
[2024-04-24T05:28:05.442+0000] {processor.py:183} INFO - Processing /home/airflow/.local/lib/python3.8/site-packages/airflow/example_dags/example_latest_only_with_trigger.py took 0.045 seconds
[2024-04-24T05:28:36.089+0000] {processor.py:161} INFO - Started process (PID=2064) to work on /home/airflow/.local/lib/python3.8/site-packages/airflow/example_dags/example_latest_only_with_trigger.py
[2024-04-24T05:28:36.090+0000] {processor.py:830} INFO - Processing file /home/airflow/.local/lib/python3.8/site-packages/airflow/example_dags/example_latest_only_with_trigger.py for tasks to queue
[2024-04-24T05:28:36.091+0000] {logging_mixin.py:188} INFO - [2024-04-24T05:28:36.091+0000] {dagbag.py:540} INFO - Filling up the DagBag from /home/airflow/.local/lib/python3.8/site-packages/airflow/example_dags/example_latest_only_with_trigger.py
[2024-04-24T05:28:36.094+0000] {processor.py:840} INFO - DAG(s) 'latest_only_with_trigger' retrieved from /home/airflow/.local/lib/python3.8/site-packages/airflow/example_dags/example_latest_only_with_trigger.py
[2024-04-24T05:28:36.104+0000] {logging_mixin.py:188} INFO - [2024-04-24T05:28:36.104+0000] {dag.py:3047} INFO - Sync 1 DAGs
[2024-04-24T05:28:36.114+0000] {logging_mixin.py:188} INFO - [2024-04-24T05:28:36.114+0000] {dag.py:3834} INFO - Setting next_dagrun for latest_only_with_trigger to 2024-04-24 00:00:00+00:00, run_after=2024-04-24 04:00:00+00:00
[2024-04-24T05:28:36.124+0000] {processor.py:183} INFO - Processing /home/airflow/.local/lib/python3.8/site-packages/airflow/example_dags/example_latest_only_with_trigger.py took 0.037 seconds
[2024-04-24T05:29:06.731+0000] {processor.py:161} INFO - Started process (PID=2122) to work on /home/airflow/.local/lib/python3.8/site-packages/airflow/example_dags/example_latest_only_with_trigger.py
[2024-04-24T05:29:06.732+0000] {processor.py:830} INFO - Processing file /home/airflow/.local/lib/python3.8/site-packages/airflow/example_dags/example_latest_only_with_trigger.py for tasks to queue
[2024-04-24T05:29:06.733+0000] {logging_mixin.py:188} INFO - [2024-04-24T05:29:06.733+0000] {dagbag.py:540} INFO - Filling up the DagBag from /home/airflow/.local/lib/python3.8/site-packages/airflow/example_dags/example_latest_only_with_trigger.py
[2024-04-24T05:29:06.736+0000] {processor.py:840} INFO - DAG(s) 'latest_only_with_trigger' retrieved from /home/airflow/.local/lib/python3.8/site-packages/airflow/example_dags/example_latest_only_with_trigger.py
[2024-04-24T05:29:06.747+0000] {logging_mixin.py:188} INFO - [2024-04-24T05:29:06.747+0000] {dag.py:3047} INFO - Sync 1 DAGs
[2024-04-24T05:29:06.758+0000] {logging_mixin.py:188} INFO - [2024-04-24T05:29:06.758+0000] {dag.py:3834} INFO - Setting next_dagrun for latest_only_with_trigger to 2024-04-24 00:00:00+00:00, run_after=2024-04-24 04:00:00+00:00
[2024-04-24T05:29:06.768+0000] {processor.py:183} INFO - Processing /home/airflow/.local/lib/python3.8/site-packages/airflow/example_dags/example_latest_only_with_trigger.py took 0.038 seconds
[2024-04-24T05:29:37.206+0000] {processor.py:161} INFO - Started process (PID=2180) to work on /home/airflow/.local/lib/python3.8/site-packages/airflow/example_dags/example_latest_only_with_trigger.py
[2024-04-24T05:29:37.207+0000] {processor.py:830} INFO - Processing file /home/airflow/.local/lib/python3.8/site-packages/airflow/example_dags/example_latest_only_with_trigger.py for tasks to queue
[2024-04-24T05:29:37.208+0000] {logging_mixin.py:188} INFO - [2024-04-24T05:29:37.208+0000] {dagbag.py:540} INFO - Filling up the DagBag from /home/airflow/.local/lib/python3.8/site-packages/airflow/example_dags/example_latest_only_with_trigger.py
[2024-04-24T05:29:37.211+0000] {processor.py:840} INFO - DAG(s) 'latest_only_with_trigger' retrieved from /home/airflow/.local/lib/python3.8/site-packages/airflow/example_dags/example_latest_only_with_trigger.py
[2024-04-24T05:29:37.223+0000] {logging_mixin.py:188} INFO - [2024-04-24T05:29:37.222+0000] {dag.py:3047} INFO - Sync 1 DAGs
[2024-04-24T05:29:37.235+0000] {logging_mixin.py:188} INFO - [2024-04-24T05:29:37.234+0000] {dag.py:3834} INFO - Setting next_dagrun for latest_only_with_trigger to 2024-04-24 00:00:00+00:00, run_after=2024-04-24 04:00:00+00:00
[2024-04-24T05:29:37.245+0000] {processor.py:183} INFO - Processing /home/airflow/.local/lib/python3.8/site-packages/airflow/example_dags/example_latest_only_with_trigger.py took 0.041 seconds
[2024-04-24T05:30:07.804+0000] {processor.py:161} INFO - Started process (PID=2238) to work on /home/airflow/.local/lib/python3.8/site-packages/airflow/example_dags/example_latest_only_with_trigger.py
[2024-04-24T05:30:07.805+0000] {processor.py:830} INFO - Processing file /home/airflow/.local/lib/python3.8/site-packages/airflow/example_dags/example_latest_only_with_trigger.py for tasks to queue
[2024-04-24T05:30:07.806+0000] {logging_mixin.py:188} INFO - [2024-04-24T05:30:07.806+0000] {dagbag.py:540} INFO - Filling up the DagBag from /home/airflow/.local/lib/python3.8/site-packages/airflow/example_dags/example_latest_only_with_trigger.py
[2024-04-24T05:30:07.809+0000] {processor.py:840} INFO - DAG(s) 'latest_only_with_trigger' retrieved from /home/airflow/.local/lib/python3.8/site-packages/airflow/example_dags/example_latest_only_with_trigger.py
[2024-04-24T05:30:07.820+0000] {logging_mixin.py:188} INFO - [2024-04-24T05:30:07.820+0000] {dag.py:3047} INFO - Sync 1 DAGs
[2024-04-24T05:30:07.832+0000] {logging_mixin.py:188} INFO - [2024-04-24T05:30:07.832+0000] {dag.py:3834} INFO - Setting next_dagrun for latest_only_with_trigger to 2024-04-24 00:00:00+00:00, run_after=2024-04-24 04:00:00+00:00
[2024-04-24T05:30:07.842+0000] {processor.py:183} INFO - Processing /home/airflow/.local/lib/python3.8/site-packages/airflow/example_dags/example_latest_only_with_trigger.py took 0.040 seconds
[2024-04-24T05:30:38.382+0000] {processor.py:161} INFO - Started process (PID=2296) to work on /home/airflow/.local/lib/python3.8/site-packages/airflow/example_dags/example_latest_only_with_trigger.py
[2024-04-24T05:30:38.383+0000] {processor.py:830} INFO - Processing file /home/airflow/.local/lib/python3.8/site-packages/airflow/example_dags/example_latest_only_with_trigger.py for tasks to queue
[2024-04-24T05:30:38.384+0000] {logging_mixin.py:188} INFO - [2024-04-24T05:30:38.384+0000] {dagbag.py:540} INFO - Filling up the DagBag from /home/airflow/.local/lib/python3.8/site-packages/airflow/example_dags/example_latest_only_with_trigger.py
[2024-04-24T05:30:38.387+0000] {processor.py:840} INFO - DAG(s) 'latest_only_with_trigger' retrieved from /home/airflow/.local/lib/python3.8/site-packages/airflow/example_dags/example_latest_only_with_trigger.py
[2024-04-24T05:30:38.398+0000] {logging_mixin.py:188} INFO - [2024-04-24T05:30:38.397+0000] {dag.py:3047} INFO - Sync 1 DAGs
[2024-04-24T05:30:38.409+0000] {logging_mixin.py:188} INFO - [2024-04-24T05:30:38.409+0000] {dag.py:3834} INFO - Setting next_dagrun for latest_only_with_trigger to 2024-04-24 00:00:00+00:00, run_after=2024-04-24 04:00:00+00:00
[2024-04-24T05:30:38.418+0000] {processor.py:183} INFO - Processing /home/airflow/.local/lib/python3.8/site-packages/airflow/example_dags/example_latest_only_with_trigger.py took 0.038 seconds
[2024-04-24T05:31:08.931+0000] {processor.py:161} INFO - Started process (PID=2354) to work on /home/airflow/.local/lib/python3.8/site-packages/airflow/example_dags/example_latest_only_with_trigger.py
[2024-04-24T05:31:08.931+0000] {processor.py:830} INFO - Processing file /home/airflow/.local/lib/python3.8/site-packages/airflow/example_dags/example_latest_only_with_trigger.py for tasks to queue
[2024-04-24T05:31:08.932+0000] {logging_mixin.py:188} INFO - [2024-04-24T05:31:08.932+0000] {dagbag.py:540} INFO - Filling up the DagBag from /home/airflow/.local/lib/python3.8/site-packages/airflow/example_dags/example_latest_only_with_trigger.py
[2024-04-24T05:31:08.936+0000] {processor.py:840} INFO - DAG(s) 'latest_only_with_trigger' retrieved from /home/airflow/.local/lib/python3.8/site-packages/airflow/example_dags/example_latest_only_with_trigger.py
[2024-04-24T05:31:08.946+0000] {logging_mixin.py:188} INFO - [2024-04-24T05:31:08.946+0000] {dag.py:3047} INFO - Sync 1 DAGs
[2024-04-24T05:31:08.957+0000] {logging_mixin.py:188} INFO - [2024-04-24T05:31:08.957+0000] {dag.py:3834} INFO - Setting next_dagrun for latest_only_with_trigger to 2024-04-24 00:00:00+00:00, run_after=2024-04-24 04:00:00+00:00
[2024-04-24T05:31:08.967+0000] {processor.py:183} INFO - Processing /home/airflow/.local/lib/python3.8/site-packages/airflow/example_dags/example_latest_only_with_trigger.py took 0.038 seconds
[2024-04-24T05:31:39.803+0000] {processor.py:161} INFO - Started process (PID=2412) to work on /home/airflow/.local/lib/python3.8/site-packages/airflow/example_dags/example_latest_only_with_trigger.py
[2024-04-24T05:31:39.804+0000] {processor.py:830} INFO - Processing file /home/airflow/.local/lib/python3.8/site-packages/airflow/example_dags/example_latest_only_with_trigger.py for tasks to queue
[2024-04-24T05:31:39.805+0000] {logging_mixin.py:188} INFO - [2024-04-24T05:31:39.805+0000] {dagbag.py:540} INFO - Filling up the DagBag from /home/airflow/.local/lib/python3.8/site-packages/airflow/example_dags/example_latest_only_with_trigger.py
[2024-04-24T05:31:39.808+0000] {processor.py:840} INFO - DAG(s) 'latest_only_with_trigger' retrieved from /home/airflow/.local/lib/python3.8/site-packages/airflow/example_dags/example_latest_only_with_trigger.py
[2024-04-24T05:31:39.818+0000] {logging_mixin.py:188} INFO - [2024-04-24T05:31:39.818+0000] {dag.py:3047} INFO - Sync 1 DAGs
[2024-04-24T05:31:39.829+0000] {logging_mixin.py:188} INFO - [2024-04-24T05:31:39.829+0000] {dag.py:3834} INFO - Setting next_dagrun for latest_only_with_trigger to 2024-04-24 00:00:00+00:00, run_after=2024-04-24 04:00:00+00:00
[2024-04-24T05:31:39.839+0000] {processor.py:183} INFO - Processing /home/airflow/.local/lib/python3.8/site-packages/airflow/example_dags/example_latest_only_with_trigger.py took 0.037 seconds
[2024-04-24T05:32:10.343+0000] {processor.py:161} INFO - Started process (PID=2470) to work on /home/airflow/.local/lib/python3.8/site-packages/airflow/example_dags/example_latest_only_with_trigger.py
[2024-04-24T05:32:10.343+0000] {processor.py:830} INFO - Processing file /home/airflow/.local/lib/python3.8/site-packages/airflow/example_dags/example_latest_only_with_trigger.py for tasks to queue
[2024-04-24T05:32:10.344+0000] {logging_mixin.py:188} INFO - [2024-04-24T05:32:10.344+0000] {dagbag.py:540} INFO - Filling up the DagBag from /home/airflow/.local/lib/python3.8/site-packages/airflow/example_dags/example_latest_only_with_trigger.py
[2024-04-24T05:32:10.347+0000] {processor.py:840} INFO - DAG(s) 'latest_only_with_trigger' retrieved from /home/airflow/.local/lib/python3.8/site-packages/airflow/example_dags/example_latest_only_with_trigger.py
[2024-04-24T05:32:10.358+0000] {logging_mixin.py:188} INFO - [2024-04-24T05:32:10.358+0000] {dag.py:3047} INFO - Sync 1 DAGs
[2024-04-24T05:32:10.369+0000] {logging_mixin.py:188} INFO - [2024-04-24T05:32:10.369+0000] {dag.py:3834} INFO - Setting next_dagrun for latest_only_with_trigger to 2024-04-24 00:00:00+00:00, run_after=2024-04-24 04:00:00+00:00
[2024-04-24T05:32:10.379+0000] {processor.py:183} INFO - Processing /home/airflow/.local/lib/python3.8/site-packages/airflow/example_dags/example_latest_only_with_trigger.py took 0.038 seconds
[2024-04-24T05:32:40.814+0000] {processor.py:161} INFO - Started process (PID=2529) to work on /home/airflow/.local/lib/python3.8/site-packages/airflow/example_dags/example_latest_only_with_trigger.py
[2024-04-24T05:32:40.815+0000] {processor.py:830} INFO - Processing file /home/airflow/.local/lib/python3.8/site-packages/airflow/example_dags/example_latest_only_with_trigger.py for tasks to queue
[2024-04-24T05:32:40.816+0000] {logging_mixin.py:188} INFO - [2024-04-24T05:32:40.816+0000] {dagbag.py:540} INFO - Filling up the DagBag from /home/airflow/.local/lib/python3.8/site-packages/airflow/example_dags/example_latest_only_with_trigger.py
[2024-04-24T05:32:40.819+0000] {processor.py:840} INFO - DAG(s) 'latest_only_with_trigger' retrieved from /home/airflow/.local/lib/python3.8/site-packages/airflow/example_dags/example_latest_only_with_trigger.py
[2024-04-24T05:32:40.830+0000] {logging_mixin.py:188} INFO - [2024-04-24T05:32:40.830+0000] {dag.py:3047} INFO - Sync 1 DAGs
[2024-04-24T05:32:40.841+0000] {logging_mixin.py:188} INFO - [2024-04-24T05:32:40.841+0000] {dag.py:3834} INFO - Setting next_dagrun for latest_only_with_trigger to 2024-04-24 00:00:00+00:00, run_after=2024-04-24 04:00:00+00:00
[2024-04-24T05:32:40.851+0000] {processor.py:183} INFO - Processing /home/airflow/.local/lib/python3.8/site-packages/airflow/example_dags/example_latest_only_with_trigger.py took 0.038 seconds
[2024-04-24T05:33:11.231+0000] {processor.py:161} INFO - Started process (PID=2584) to work on /home/airflow/.local/lib/python3.8/site-packages/airflow/example_dags/example_latest_only_with_trigger.py
[2024-04-24T05:33:11.232+0000] {processor.py:830} INFO - Processing file /home/airflow/.local/lib/python3.8/site-packages/airflow/example_dags/example_latest_only_with_trigger.py for tasks to queue
[2024-04-24T05:33:11.233+0000] {logging_mixin.py:188} INFO - [2024-04-24T05:33:11.232+0000] {dagbag.py:540} INFO - Filling up the DagBag from /home/airflow/.local/lib/python3.8/site-packages/airflow/example_dags/example_latest_only_with_trigger.py
[2024-04-24T05:33:11.236+0000] {processor.py:840} INFO - DAG(s) 'latest_only_with_trigger' retrieved from /home/airflow/.local/lib/python3.8/site-packages/airflow/example_dags/example_latest_only_with_trigger.py
[2024-04-24T05:33:11.247+0000] {logging_mixin.py:188} INFO - [2024-04-24T05:33:11.246+0000] {dag.py:3047} INFO - Sync 1 DAGs
[2024-04-24T05:33:11.258+0000] {logging_mixin.py:188} INFO - [2024-04-24T05:33:11.258+0000] {dag.py:3834} INFO - Setting next_dagrun for latest_only_with_trigger to 2024-04-24 00:00:00+00:00, run_after=2024-04-24 04:00:00+00:00
[2024-04-24T05:33:11.267+0000] {processor.py:183} INFO - Processing /home/airflow/.local/lib/python3.8/site-packages/airflow/example_dags/example_latest_only_with_trigger.py took 0.038 seconds
[2024-04-24T05:33:41.589+0000] {processor.py:161} INFO - Started process (PID=2639) to work on /home/airflow/.local/lib/python3.8/site-packages/airflow/example_dags/example_latest_only_with_trigger.py
[2024-04-24T05:33:41.590+0000] {processor.py:830} INFO - Processing file /home/airflow/.local/lib/python3.8/site-packages/airflow/example_dags/example_latest_only_with_trigger.py for tasks to queue
[2024-04-24T05:33:41.590+0000] {logging_mixin.py:188} INFO - [2024-04-24T05:33:41.590+0000] {dagbag.py:540} INFO - Filling up the DagBag from /home/airflow/.local/lib/python3.8/site-packages/airflow/example_dags/example_latest_only_with_trigger.py
[2024-04-24T05:33:41.594+0000] {processor.py:840} INFO - DAG(s) 'latest_only_with_trigger' retrieved from /home/airflow/.local/lib/python3.8/site-packages/airflow/example_dags/example_latest_only_with_trigger.py
[2024-04-24T05:33:41.604+0000] {logging_mixin.py:188} INFO - [2024-04-24T05:33:41.604+0000] {dag.py:3047} INFO - Sync 1 DAGs
[2024-04-24T05:33:41.615+0000] {logging_mixin.py:188} INFO - [2024-04-24T05:33:41.615+0000] {dag.py:3834} INFO - Setting next_dagrun for latest_only_with_trigger to 2024-04-24 00:00:00+00:00, run_after=2024-04-24 04:00:00+00:00
[2024-04-24T05:33:41.625+0000] {processor.py:183} INFO - Processing /home/airflow/.local/lib/python3.8/site-packages/airflow/example_dags/example_latest_only_with_trigger.py took 0.037 seconds
[2024-04-24T05:34:12.144+0000] {processor.py:161} INFO - Started process (PID=2694) to work on /home/airflow/.local/lib/python3.8/site-packages/airflow/example_dags/example_latest_only_with_trigger.py
[2024-04-24T05:34:12.144+0000] {processor.py:830} INFO - Processing file /home/airflow/.local/lib/python3.8/site-packages/airflow/example_dags/example_latest_only_with_trigger.py for tasks to queue
[2024-04-24T05:34:12.145+0000] {logging_mixin.py:188} INFO - [2024-04-24T05:34:12.145+0000] {dagbag.py:540} INFO - Filling up the DagBag from /home/airflow/.local/lib/python3.8/site-packages/airflow/example_dags/example_latest_only_with_trigger.py
[2024-04-24T05:34:12.149+0000] {processor.py:840} INFO - DAG(s) 'latest_only_with_trigger' retrieved from /home/airflow/.local/lib/python3.8/site-packages/airflow/example_dags/example_latest_only_with_trigger.py
[2024-04-24T05:34:12.159+0000] {logging_mixin.py:188} INFO - [2024-04-24T05:34:12.159+0000] {dag.py:3047} INFO - Sync 1 DAGs
[2024-04-24T05:34:12.170+0000] {logging_mixin.py:188} INFO - [2024-04-24T05:34:12.170+0000] {dag.py:3834} INFO - Setting next_dagrun for latest_only_with_trigger to 2024-04-24 00:00:00+00:00, run_after=2024-04-24 04:00:00+00:00
[2024-04-24T05:34:12.179+0000] {processor.py:183} INFO - Processing /home/airflow/.local/lib/python3.8/site-packages/airflow/example_dags/example_latest_only_with_trigger.py took 0.037 seconds
[2024-04-24T05:34:42.834+0000] {processor.py:161} INFO - Started process (PID=2755) to work on /home/airflow/.local/lib/python3.8/site-packages/airflow/example_dags/example_latest_only_with_trigger.py
[2024-04-24T05:34:42.835+0000] {processor.py:830} INFO - Processing file /home/airflow/.local/lib/python3.8/site-packages/airflow/example_dags/example_latest_only_with_trigger.py for tasks to queue
[2024-04-24T05:34:42.835+0000] {logging_mixin.py:188} INFO - [2024-04-24T05:34:42.835+0000] {dagbag.py:540} INFO - Filling up the DagBag from /home/airflow/.local/lib/python3.8/site-packages/airflow/example_dags/example_latest_only_with_trigger.py
[2024-04-24T05:34:42.839+0000] {processor.py:840} INFO - DAG(s) 'latest_only_with_trigger' retrieved from /home/airflow/.local/lib/python3.8/site-packages/airflow/example_dags/example_latest_only_with_trigger.py
[2024-04-24T05:34:42.849+0000] {logging_mixin.py:188} INFO - [2024-04-24T05:34:42.849+0000] {dag.py:3047} INFO - Sync 1 DAGs
[2024-04-24T05:34:42.861+0000] {logging_mixin.py:188} INFO - [2024-04-24T05:34:42.861+0000] {dag.py:3834} INFO - Setting next_dagrun for latest_only_with_trigger to 2024-04-24 00:00:00+00:00, run_after=2024-04-24 04:00:00+00:00
[2024-04-24T05:34:42.871+0000] {processor.py:183} INFO - Processing /home/airflow/.local/lib/python3.8/site-packages/airflow/example_dags/example_latest_only_with_trigger.py took 0.039 seconds
[2024-04-24T05:35:13.451+0000] {processor.py:161} INFO - Started process (PID=2810) to work on /home/airflow/.local/lib/python3.8/site-packages/airflow/example_dags/example_latest_only_with_trigger.py
[2024-04-24T05:35:13.452+0000] {processor.py:830} INFO - Processing file /home/airflow/.local/lib/python3.8/site-packages/airflow/example_dags/example_latest_only_with_trigger.py for tasks to queue
[2024-04-24T05:35:13.452+0000] {logging_mixin.py:188} INFO - [2024-04-24T05:35:13.452+0000] {dagbag.py:540} INFO - Filling up the DagBag from /home/airflow/.local/lib/python3.8/site-packages/airflow/example_dags/example_latest_only_with_trigger.py
[2024-04-24T05:35:13.456+0000] {processor.py:840} INFO - DAG(s) 'latest_only_with_trigger' retrieved from /home/airflow/.local/lib/python3.8/site-packages/airflow/example_dags/example_latest_only_with_trigger.py
[2024-04-24T05:35:13.466+0000] {logging_mixin.py:188} INFO - [2024-04-24T05:35:13.466+0000] {dag.py:3047} INFO - Sync 1 DAGs
[2024-04-24T05:35:13.477+0000] {logging_mixin.py:188} INFO - [2024-04-24T05:35:13.477+0000] {dag.py:3834} INFO - Setting next_dagrun for latest_only_with_trigger to 2024-04-24 00:00:00+00:00, run_after=2024-04-24 04:00:00+00:00
[2024-04-24T05:35:13.487+0000] {processor.py:183} INFO - Processing /home/airflow/.local/lib/python3.8/site-packages/airflow/example_dags/example_latest_only_with_trigger.py took 0.038 seconds
[2024-04-24T05:35:44.172+0000] {processor.py:161} INFO - Started process (PID=2865) to work on /home/airflow/.local/lib/python3.8/site-packages/airflow/example_dags/example_latest_only_with_trigger.py
[2024-04-24T05:35:44.173+0000] {processor.py:830} INFO - Processing file /home/airflow/.local/lib/python3.8/site-packages/airflow/example_dags/example_latest_only_with_trigger.py for tasks to queue
[2024-04-24T05:35:44.173+0000] {logging_mixin.py:188} INFO - [2024-04-24T05:35:44.173+0000] {dagbag.py:540} INFO - Filling up the DagBag from /home/airflow/.local/lib/python3.8/site-packages/airflow/example_dags/example_latest_only_with_trigger.py
[2024-04-24T05:35:44.176+0000] {processor.py:840} INFO - DAG(s) 'latest_only_with_trigger' retrieved from /home/airflow/.local/lib/python3.8/site-packages/airflow/example_dags/example_latest_only_with_trigger.py
[2024-04-24T05:35:44.187+0000] {logging_mixin.py:188} INFO - [2024-04-24T05:35:44.186+0000] {dag.py:3047} INFO - Sync 1 DAGs
[2024-04-24T05:35:44.197+0000] {logging_mixin.py:188} INFO - [2024-04-24T05:35:44.197+0000] {dag.py:3834} INFO - Setting next_dagrun for latest_only_with_trigger to 2024-04-24 00:00:00+00:00, run_after=2024-04-24 04:00:00+00:00
[2024-04-24T05:35:44.207+0000] {processor.py:183} INFO - Processing /home/airflow/.local/lib/python3.8/site-packages/airflow/example_dags/example_latest_only_with_trigger.py took 0.037 seconds
[2024-04-24T05:36:14.585+0000] {processor.py:161} INFO - Started process (PID=2920) to work on /home/airflow/.local/lib/python3.8/site-packages/airflow/example_dags/example_latest_only_with_trigger.py
[2024-04-24T05:36:14.586+0000] {processor.py:830} INFO - Processing file /home/airflow/.local/lib/python3.8/site-packages/airflow/example_dags/example_latest_only_with_trigger.py for tasks to queue
[2024-04-24T05:36:14.587+0000] {logging_mixin.py:188} INFO - [2024-04-24T05:36:14.587+0000] {dagbag.py:540} INFO - Filling up the DagBag from /home/airflow/.local/lib/python3.8/site-packages/airflow/example_dags/example_latest_only_with_trigger.py
[2024-04-24T05:36:14.590+0000] {processor.py:840} INFO - DAG(s) 'latest_only_with_trigger' retrieved from /home/airflow/.local/lib/python3.8/site-packages/airflow/example_dags/example_latest_only_with_trigger.py
[2024-04-24T05:36:14.601+0000] {logging_mixin.py:188} INFO - [2024-04-24T05:36:14.601+0000] {dag.py:3047} INFO - Sync 1 DAGs
[2024-04-24T05:36:14.612+0000] {logging_mixin.py:188} INFO - [2024-04-24T05:36:14.612+0000] {dag.py:3834} INFO - Setting next_dagrun for latest_only_with_trigger to 2024-04-24 00:00:00+00:00, run_after=2024-04-24 04:00:00+00:00
[2024-04-24T05:36:14.622+0000] {processor.py:183} INFO - Processing /home/airflow/.local/lib/python3.8/site-packages/airflow/example_dags/example_latest_only_with_trigger.py took 0.038 seconds
[2024-04-24T05:36:45.120+0000] {processor.py:161} INFO - Started process (PID=2975) to work on /home/airflow/.local/lib/python3.8/site-packages/airflow/example_dags/example_latest_only_with_trigger.py
[2024-04-24T05:36:45.121+0000] {processor.py:830} INFO - Processing file /home/airflow/.local/lib/python3.8/site-packages/airflow/example_dags/example_latest_only_with_trigger.py for tasks to queue
[2024-04-24T05:36:45.121+0000] {logging_mixin.py:188} INFO - [2024-04-24T05:36:45.121+0000] {dagbag.py:540} INFO - Filling up the DagBag from /home/airflow/.local/lib/python3.8/site-packages/airflow/example_dags/example_latest_only_with_trigger.py
[2024-04-24T05:36:45.124+0000] {processor.py:840} INFO - DAG(s) 'latest_only_with_trigger' retrieved from /home/airflow/.local/lib/python3.8/site-packages/airflow/example_dags/example_latest_only_with_trigger.py
[2024-04-24T05:36:45.135+0000] {logging_mixin.py:188} INFO - [2024-04-24T05:36:45.135+0000] {dag.py:3047} INFO - Sync 1 DAGs
[2024-04-24T05:36:45.146+0000] {logging_mixin.py:188} INFO - [2024-04-24T05:36:45.146+0000] {dag.py:3834} INFO - Setting next_dagrun for latest_only_with_trigger to 2024-04-24 00:00:00+00:00, run_after=2024-04-24 04:00:00+00:00
[2024-04-24T05:36:45.155+0000] {processor.py:183} INFO - Processing /home/airflow/.local/lib/python3.8/site-packages/airflow/example_dags/example_latest_only_with_trigger.py took 0.037 seconds
[2024-04-24T05:37:15.725+0000] {processor.py:161} INFO - Started process (PID=3030) to work on /home/airflow/.local/lib/python3.8/site-packages/airflow/example_dags/example_latest_only_with_trigger.py
[2024-04-24T05:37:15.725+0000] {processor.py:830} INFO - Processing file /home/airflow/.local/lib/python3.8/site-packages/airflow/example_dags/example_latest_only_with_trigger.py for tasks to queue
[2024-04-24T05:37:15.726+0000] {logging_mixin.py:188} INFO - [2024-04-24T05:37:15.726+0000] {dagbag.py:540} INFO - Filling up the DagBag from /home/airflow/.local/lib/python3.8/site-packages/airflow/example_dags/example_latest_only_with_trigger.py
[2024-04-24T05:37:15.730+0000] {processor.py:840} INFO - DAG(s) 'latest_only_with_trigger' retrieved from /home/airflow/.local/lib/python3.8/site-packages/airflow/example_dags/example_latest_only_with_trigger.py
[2024-04-24T05:37:15.741+0000] {logging_mixin.py:188} INFO - [2024-04-24T05:37:15.741+0000] {dag.py:3047} INFO - Sync 1 DAGs
[2024-04-24T05:37:15.753+0000] {logging_mixin.py:188} INFO - [2024-04-24T05:37:15.753+0000] {dag.py:3834} INFO - Setting next_dagrun for latest_only_with_trigger to 2024-04-24 00:00:00+00:00, run_after=2024-04-24 04:00:00+00:00
[2024-04-24T05:37:15.763+0000] {processor.py:183} INFO - Processing /home/airflow/.local/lib/python3.8/site-packages/airflow/example_dags/example_latest_only_with_trigger.py took 0.040 seconds
[2024-04-24T05:37:46.243+0000] {processor.py:161} INFO - Started process (PID=3085) to work on /home/airflow/.local/lib/python3.8/site-packages/airflow/example_dags/example_latest_only_with_trigger.py
[2024-04-24T05:37:46.243+0000] {processor.py:830} INFO - Processing file /home/airflow/.local/lib/python3.8/site-packages/airflow/example_dags/example_latest_only_with_trigger.py for tasks to queue
[2024-04-24T05:37:46.244+0000] {logging_mixin.py:188} INFO - [2024-04-24T05:37:46.244+0000] {dagbag.py:540} INFO - Filling up the DagBag from /home/airflow/.local/lib/python3.8/site-packages/airflow/example_dags/example_latest_only_with_trigger.py
[2024-04-24T05:37:46.247+0000] {processor.py:840} INFO - DAG(s) 'latest_only_with_trigger' retrieved from /home/airflow/.local/lib/python3.8/site-packages/airflow/example_dags/example_latest_only_with_trigger.py
[2024-04-24T05:37:46.258+0000] {logging_mixin.py:188} INFO - [2024-04-24T05:37:46.257+0000] {dag.py:3047} INFO - Sync 1 DAGs
[2024-04-24T05:37:46.268+0000] {logging_mixin.py:188} INFO - [2024-04-24T05:37:46.268+0000] {dag.py:3834} INFO - Setting next_dagrun for latest_only_with_trigger to 2024-04-24 00:00:00+00:00, run_after=2024-04-24 04:00:00+00:00
[2024-04-24T05:37:46.278+0000] {processor.py:183} INFO - Processing /home/airflow/.local/lib/python3.8/site-packages/airflow/example_dags/example_latest_only_with_trigger.py took 0.037 seconds
[2024-04-24T05:38:16.729+0000] {processor.py:161} INFO - Started process (PID=3140) to work on /home/airflow/.local/lib/python3.8/site-packages/airflow/example_dags/example_latest_only_with_trigger.py
[2024-04-24T05:38:16.731+0000] {processor.py:830} INFO - Processing file /home/airflow/.local/lib/python3.8/site-packages/airflow/example_dags/example_latest_only_with_trigger.py for tasks to queue
[2024-04-24T05:38:16.732+0000] {logging_mixin.py:188} INFO - [2024-04-24T05:38:16.732+0000] {dagbag.py:540} INFO - Filling up the DagBag from /home/airflow/.local/lib/python3.8/site-packages/airflow/example_dags/example_latest_only_with_trigger.py
[2024-04-24T05:38:16.736+0000] {processor.py:840} INFO - DAG(s) 'latest_only_with_trigger' retrieved from /home/airflow/.local/lib/python3.8/site-packages/airflow/example_dags/example_latest_only_with_trigger.py
[2024-04-24T05:38:16.747+0000] {logging_mixin.py:188} INFO - [2024-04-24T05:38:16.747+0000] {dag.py:3047} INFO - Sync 1 DAGs
[2024-04-24T05:38:16.758+0000] {logging_mixin.py:188} INFO - [2024-04-24T05:38:16.758+0000] {dag.py:3834} INFO - Setting next_dagrun for latest_only_with_trigger to 2024-04-24 00:00:00+00:00, run_after=2024-04-24 04:00:00+00:00
[2024-04-24T05:38:16.767+0000] {processor.py:183} INFO - Processing /home/airflow/.local/lib/python3.8/site-packages/airflow/example_dags/example_latest_only_with_trigger.py took 0.040 seconds
[2024-04-24T05:40:51.564+0000] {processor.py:161} INFO - Started process (PID=88) to work on /home/airflow/.local/lib/python3.8/site-packages/airflow/example_dags/example_latest_only_with_trigger.py
[2024-04-24T05:40:51.564+0000] {processor.py:830} INFO - Processing file /home/airflow/.local/lib/python3.8/site-packages/airflow/example_dags/example_latest_only_with_trigger.py for tasks to queue
[2024-04-24T05:40:51.565+0000] {logging_mixin.py:188} INFO - [2024-04-24T05:40:51.565+0000] {dagbag.py:540} INFO - Filling up the DagBag from /home/airflow/.local/lib/python3.8/site-packages/airflow/example_dags/example_latest_only_with_trigger.py
[2024-04-24T05:40:51.570+0000] {processor.py:840} INFO - DAG(s) 'latest_only_with_trigger' retrieved from /home/airflow/.local/lib/python3.8/site-packages/airflow/example_dags/example_latest_only_with_trigger.py
[2024-04-24T05:40:51.576+0000] {logging_mixin.py:188} INFO - [2024-04-24T05:40:51.575+0000] {dag.py:3047} INFO - Sync 1 DAGs
[2024-04-24T05:40:51.587+0000] {logging_mixin.py:188} INFO - [2024-04-24T05:40:51.587+0000] {dag.py:3834} INFO - Setting next_dagrun for latest_only_with_trigger to 2024-04-24 00:00:00+00:00, run_after=2024-04-24 04:00:00+00:00
[2024-04-24T05:40:51.598+0000] {processor.py:183} INFO - Processing /home/airflow/.local/lib/python3.8/site-packages/airflow/example_dags/example_latest_only_with_trigger.py took 0.036 seconds
[2024-04-24T05:41:22.979+0000] {processor.py:161} INFO - Started process (PID=143) to work on /home/airflow/.local/lib/python3.8/site-packages/airflow/example_dags/example_latest_only_with_trigger.py
[2024-04-24T05:41:22.980+0000] {processor.py:830} INFO - Processing file /home/airflow/.local/lib/python3.8/site-packages/airflow/example_dags/example_latest_only_with_trigger.py for tasks to queue
[2024-04-24T05:41:22.981+0000] {logging_mixin.py:188} INFO - [2024-04-24T05:41:22.981+0000] {dagbag.py:540} INFO - Filling up the DagBag from /home/airflow/.local/lib/python3.8/site-packages/airflow/example_dags/example_latest_only_with_trigger.py
[2024-04-24T05:41:22.984+0000] {processor.py:840} INFO - DAG(s) 'latest_only_with_trigger' retrieved from /home/airflow/.local/lib/python3.8/site-packages/airflow/example_dags/example_latest_only_with_trigger.py
[2024-04-24T05:41:23.036+0000] {logging_mixin.py:188} INFO - [2024-04-24T05:41:23.036+0000] {dag.py:3047} INFO - Sync 1 DAGs
[2024-04-24T05:41:23.046+0000] {logging_mixin.py:188} INFO - [2024-04-24T05:41:23.046+0000] {dag.py:3834} INFO - Setting next_dagrun for latest_only_with_trigger to 2024-04-24 00:00:00+00:00, run_after=2024-04-24 04:00:00+00:00
[2024-04-24T05:41:23.057+0000] {processor.py:183} INFO - Processing /home/airflow/.local/lib/python3.8/site-packages/airflow/example_dags/example_latest_only_with_trigger.py took 0.079 seconds
