[2024-04-24T05:11:14.894+0000] {processor.py:161} INFO - Started process (PID=56) to work on /home/airflow/.local/lib/python3.8/site-packages/airflow/example_dags/example_xcom.py
[2024-04-24T05:11:14.895+0000] {processor.py:830} INFO - Processing file /home/airflow/.local/lib/python3.8/site-packages/airflow/example_dags/example_xcom.py for tasks to queue
[2024-04-24T05:11:14.896+0000] {logging_mixin.py:188} INFO - [2024-04-24T05:11:14.896+0000] {dagbag.py:540} INFO - Filling up the DagBag from /home/airflow/.local/lib/python3.8/site-packages/airflow/example_dags/example_xcom.py
[2024-04-24T05:11:14.902+0000] {processor.py:840} INFO - DAG(s) 'example_xcom' retrieved from /home/airflow/.local/lib/python3.8/site-packages/airflow/example_dags/example_xcom.py
[2024-04-24T05:11:14.918+0000] {logging_mixin.py:188} INFO - [2024-04-24T05:11:14.918+0000] {dag.py:3047} INFO - Sync 1 DAGs
[2024-04-24T05:11:14.929+0000] {logging_mixin.py:188} INFO - [2024-04-24T05:11:14.929+0000] {dag.py:3834} INFO - Setting next_dagrun for example_xcom to 2021-01-01 00:00:00+00:00, run_after=2021-01-01 00:00:00+00:00
[2024-04-24T05:11:14.939+0000] {processor.py:183} INFO - Processing /home/airflow/.local/lib/python3.8/site-packages/airflow/example_dags/example_xcom.py took 0.047 seconds
[2024-04-24T05:11:45.850+0000] {processor.py:161} INFO - Started process (PID=114) to work on /home/airflow/.local/lib/python3.8/site-packages/airflow/example_dags/example_xcom.py
[2024-04-24T05:11:45.851+0000] {processor.py:830} INFO - Processing file /home/airflow/.local/lib/python3.8/site-packages/airflow/example_dags/example_xcom.py for tasks to queue
[2024-04-24T05:11:45.852+0000] {logging_mixin.py:188} INFO - [2024-04-24T05:11:45.852+0000] {dagbag.py:540} INFO - Filling up the DagBag from /home/airflow/.local/lib/python3.8/site-packages/airflow/example_dags/example_xcom.py
[2024-04-24T05:11:45.856+0000] {processor.py:840} INFO - DAG(s) 'example_xcom' retrieved from /home/airflow/.local/lib/python3.8/site-packages/airflow/example_dags/example_xcom.py
[2024-04-24T05:11:45.866+0000] {logging_mixin.py:188} INFO - [2024-04-24T05:11:45.866+0000] {dag.py:3047} INFO - Sync 1 DAGs
[2024-04-24T05:11:45.878+0000] {logging_mixin.py:188} INFO - [2024-04-24T05:11:45.878+0000] {dag.py:3834} INFO - Setting next_dagrun for example_xcom to 2021-01-01 00:00:00+00:00, run_after=2021-01-01 00:00:00+00:00
[2024-04-24T05:11:45.887+0000] {processor.py:183} INFO - Processing /home/airflow/.local/lib/python3.8/site-packages/airflow/example_dags/example_xcom.py took 0.039 seconds
[2024-04-24T05:12:16.449+0000] {processor.py:161} INFO - Started process (PID=172) to work on /home/airflow/.local/lib/python3.8/site-packages/airflow/example_dags/example_xcom.py
[2024-04-24T05:12:16.450+0000] {processor.py:830} INFO - Processing file /home/airflow/.local/lib/python3.8/site-packages/airflow/example_dags/example_xcom.py for tasks to queue
[2024-04-24T05:12:16.451+0000] {logging_mixin.py:188} INFO - [2024-04-24T05:12:16.450+0000] {dagbag.py:540} INFO - Filling up the DagBag from /home/airflow/.local/lib/python3.8/site-packages/airflow/example_dags/example_xcom.py
[2024-04-24T05:12:16.455+0000] {processor.py:840} INFO - DAG(s) 'example_xcom' retrieved from /home/airflow/.local/lib/python3.8/site-packages/airflow/example_dags/example_xcom.py
[2024-04-24T05:12:16.465+0000] {logging_mixin.py:188} INFO - [2024-04-24T05:12:16.465+0000] {dag.py:3047} INFO - Sync 1 DAGs
[2024-04-24T05:12:16.476+0000] {logging_mixin.py:188} INFO - [2024-04-24T05:12:16.476+0000] {dag.py:3834} INFO - Setting next_dagrun for example_xcom to 2021-01-01 00:00:00+00:00, run_after=2021-01-01 00:00:00+00:00
[2024-04-24T05:12:16.486+0000] {processor.py:183} INFO - Processing /home/airflow/.local/lib/python3.8/site-packages/airflow/example_dags/example_xcom.py took 0.039 seconds
[2024-04-24T05:12:47.079+0000] {processor.py:161} INFO - Started process (PID=230) to work on /home/airflow/.local/lib/python3.8/site-packages/airflow/example_dags/example_xcom.py
[2024-04-24T05:12:47.080+0000] {processor.py:830} INFO - Processing file /home/airflow/.local/lib/python3.8/site-packages/airflow/example_dags/example_xcom.py for tasks to queue
[2024-04-24T05:12:47.081+0000] {logging_mixin.py:188} INFO - [2024-04-24T05:12:47.080+0000] {dagbag.py:540} INFO - Filling up the DagBag from /home/airflow/.local/lib/python3.8/site-packages/airflow/example_dags/example_xcom.py
[2024-04-24T05:12:47.085+0000] {processor.py:840} INFO - DAG(s) 'example_xcom' retrieved from /home/airflow/.local/lib/python3.8/site-packages/airflow/example_dags/example_xcom.py
[2024-04-24T05:12:47.096+0000] {logging_mixin.py:188} INFO - [2024-04-24T05:12:47.096+0000] {dag.py:3047} INFO - Sync 1 DAGs
[2024-04-24T05:12:47.107+0000] {logging_mixin.py:188} INFO - [2024-04-24T05:12:47.107+0000] {dag.py:3834} INFO - Setting next_dagrun for example_xcom to 2021-01-01 00:00:00+00:00, run_after=2021-01-01 00:00:00+00:00
[2024-04-24T05:12:47.118+0000] {processor.py:183} INFO - Processing /home/airflow/.local/lib/python3.8/site-packages/airflow/example_dags/example_xcom.py took 0.041 seconds
[2024-04-24T05:13:17.751+0000] {processor.py:161} INFO - Started process (PID=288) to work on /home/airflow/.local/lib/python3.8/site-packages/airflow/example_dags/example_xcom.py
[2024-04-24T05:13:17.752+0000] {processor.py:830} INFO - Processing file /home/airflow/.local/lib/python3.8/site-packages/airflow/example_dags/example_xcom.py for tasks to queue
[2024-04-24T05:13:17.753+0000] {logging_mixin.py:188} INFO - [2024-04-24T05:13:17.753+0000] {dagbag.py:540} INFO - Filling up the DagBag from /home/airflow/.local/lib/python3.8/site-packages/airflow/example_dags/example_xcom.py
[2024-04-24T05:13:17.757+0000] {processor.py:840} INFO - DAG(s) 'example_xcom' retrieved from /home/airflow/.local/lib/python3.8/site-packages/airflow/example_dags/example_xcom.py
[2024-04-24T05:13:17.768+0000] {logging_mixin.py:188} INFO - [2024-04-24T05:13:17.768+0000] {dag.py:3047} INFO - Sync 1 DAGs
[2024-04-24T05:13:17.779+0000] {logging_mixin.py:188} INFO - [2024-04-24T05:13:17.779+0000] {dag.py:3834} INFO - Setting next_dagrun for example_xcom to 2021-01-01 00:00:00+00:00, run_after=2021-01-01 00:00:00+00:00
[2024-04-24T05:13:17.789+0000] {processor.py:183} INFO - Processing /home/airflow/.local/lib/python3.8/site-packages/airflow/example_dags/example_xcom.py took 0.040 seconds
[2024-04-24T05:13:48.303+0000] {processor.py:161} INFO - Started process (PID=346) to work on /home/airflow/.local/lib/python3.8/site-packages/airflow/example_dags/example_xcom.py
[2024-04-24T05:13:48.303+0000] {processor.py:830} INFO - Processing file /home/airflow/.local/lib/python3.8/site-packages/airflow/example_dags/example_xcom.py for tasks to queue
[2024-04-24T05:13:48.304+0000] {logging_mixin.py:188} INFO - [2024-04-24T05:13:48.304+0000] {dagbag.py:540} INFO - Filling up the DagBag from /home/airflow/.local/lib/python3.8/site-packages/airflow/example_dags/example_xcom.py
[2024-04-24T05:13:48.308+0000] {processor.py:840} INFO - DAG(s) 'example_xcom' retrieved from /home/airflow/.local/lib/python3.8/site-packages/airflow/example_dags/example_xcom.py
[2024-04-24T05:13:48.319+0000] {logging_mixin.py:188} INFO - [2024-04-24T05:13:48.318+0000] {dag.py:3047} INFO - Sync 1 DAGs
[2024-04-24T05:13:48.330+0000] {logging_mixin.py:188} INFO - [2024-04-24T05:13:48.329+0000] {dag.py:3834} INFO - Setting next_dagrun for example_xcom to 2021-01-01 00:00:00+00:00, run_after=2021-01-01 00:00:00+00:00
[2024-04-24T05:13:48.340+0000] {processor.py:183} INFO - Processing /home/airflow/.local/lib/python3.8/site-packages/airflow/example_dags/example_xcom.py took 0.039 seconds
[2024-04-24T05:14:19.170+0000] {processor.py:161} INFO - Started process (PID=404) to work on /home/airflow/.local/lib/python3.8/site-packages/airflow/example_dags/example_xcom.py
[2024-04-24T05:14:19.171+0000] {processor.py:830} INFO - Processing file /home/airflow/.local/lib/python3.8/site-packages/airflow/example_dags/example_xcom.py for tasks to queue
[2024-04-24T05:14:19.172+0000] {logging_mixin.py:188} INFO - [2024-04-24T05:14:19.172+0000] {dagbag.py:540} INFO - Filling up the DagBag from /home/airflow/.local/lib/python3.8/site-packages/airflow/example_dags/example_xcom.py
[2024-04-24T05:14:19.176+0000] {processor.py:840} INFO - DAG(s) 'example_xcom' retrieved from /home/airflow/.local/lib/python3.8/site-packages/airflow/example_dags/example_xcom.py
[2024-04-24T05:14:19.187+0000] {logging_mixin.py:188} INFO - [2024-04-24T05:14:19.187+0000] {dag.py:3047} INFO - Sync 1 DAGs
[2024-04-24T05:14:19.197+0000] {logging_mixin.py:188} INFO - [2024-04-24T05:14:19.197+0000] {dag.py:3834} INFO - Setting next_dagrun for example_xcom to 2021-01-01 00:00:00+00:00, run_after=2021-01-01 00:00:00+00:00
[2024-04-24T05:14:19.207+0000] {processor.py:183} INFO - Processing /home/airflow/.local/lib/python3.8/site-packages/airflow/example_dags/example_xcom.py took 0.039 seconds
[2024-04-24T05:14:49.826+0000] {processor.py:161} INFO - Started process (PID=462) to work on /home/airflow/.local/lib/python3.8/site-packages/airflow/example_dags/example_xcom.py
[2024-04-24T05:14:49.826+0000] {processor.py:830} INFO - Processing file /home/airflow/.local/lib/python3.8/site-packages/airflow/example_dags/example_xcom.py for tasks to queue
[2024-04-24T05:14:49.827+0000] {logging_mixin.py:188} INFO - [2024-04-24T05:14:49.827+0000] {dagbag.py:540} INFO - Filling up the DagBag from /home/airflow/.local/lib/python3.8/site-packages/airflow/example_dags/example_xcom.py
[2024-04-24T05:14:49.832+0000] {processor.py:840} INFO - DAG(s) 'example_xcom' retrieved from /home/airflow/.local/lib/python3.8/site-packages/airflow/example_dags/example_xcom.py
[2024-04-24T05:14:49.842+0000] {logging_mixin.py:188} INFO - [2024-04-24T05:14:49.842+0000] {dag.py:3047} INFO - Sync 1 DAGs
[2024-04-24T05:14:49.853+0000] {logging_mixin.py:188} INFO - [2024-04-24T05:14:49.853+0000] {dag.py:3834} INFO - Setting next_dagrun for example_xcom to 2021-01-01 00:00:00+00:00, run_after=2021-01-01 00:00:00+00:00
[2024-04-24T05:14:49.863+0000] {processor.py:183} INFO - Processing /home/airflow/.local/lib/python3.8/site-packages/airflow/example_dags/example_xcom.py took 0.039 seconds
[2024-04-24T05:15:20.403+0000] {processor.py:161} INFO - Started process (PID=521) to work on /home/airflow/.local/lib/python3.8/site-packages/airflow/example_dags/example_xcom.py
[2024-04-24T05:15:20.404+0000] {processor.py:830} INFO - Processing file /home/airflow/.local/lib/python3.8/site-packages/airflow/example_dags/example_xcom.py for tasks to queue
[2024-04-24T05:15:20.405+0000] {logging_mixin.py:188} INFO - [2024-04-24T05:15:20.405+0000] {dagbag.py:540} INFO - Filling up the DagBag from /home/airflow/.local/lib/python3.8/site-packages/airflow/example_dags/example_xcom.py
[2024-04-24T05:15:20.409+0000] {processor.py:840} INFO - DAG(s) 'example_xcom' retrieved from /home/airflow/.local/lib/python3.8/site-packages/airflow/example_dags/example_xcom.py
[2024-04-24T05:15:20.420+0000] {logging_mixin.py:188} INFO - [2024-04-24T05:15:20.420+0000] {dag.py:3047} INFO - Sync 1 DAGs
[2024-04-24T05:15:20.431+0000] {logging_mixin.py:188} INFO - [2024-04-24T05:15:20.431+0000] {dag.py:3834} INFO - Setting next_dagrun for example_xcom to 2021-01-01 00:00:00+00:00, run_after=2021-01-01 00:00:00+00:00
[2024-04-24T05:15:20.442+0000] {processor.py:183} INFO - Processing /home/airflow/.local/lib/python3.8/site-packages/airflow/example_dags/example_xcom.py took 0.040 seconds
[2024-04-24T05:15:50.888+0000] {processor.py:161} INFO - Started process (PID=579) to work on /home/airflow/.local/lib/python3.8/site-packages/airflow/example_dags/example_xcom.py
[2024-04-24T05:15:50.888+0000] {processor.py:830} INFO - Processing file /home/airflow/.local/lib/python3.8/site-packages/airflow/example_dags/example_xcom.py for tasks to queue
[2024-04-24T05:15:50.889+0000] {logging_mixin.py:188} INFO - [2024-04-24T05:15:50.889+0000] {dagbag.py:540} INFO - Filling up the DagBag from /home/airflow/.local/lib/python3.8/site-packages/airflow/example_dags/example_xcom.py
[2024-04-24T05:15:50.894+0000] {processor.py:840} INFO - DAG(s) 'example_xcom' retrieved from /home/airflow/.local/lib/python3.8/site-packages/airflow/example_dags/example_xcom.py
[2024-04-24T05:15:50.905+0000] {logging_mixin.py:188} INFO - [2024-04-24T05:15:50.904+0000] {dag.py:3047} INFO - Sync 1 DAGs
[2024-04-24T05:15:50.916+0000] {logging_mixin.py:188} INFO - [2024-04-24T05:15:50.915+0000] {dag.py:3834} INFO - Setting next_dagrun for example_xcom to 2021-01-01 00:00:00+00:00, run_after=2021-01-01 00:00:00+00:00
[2024-04-24T05:15:50.929+0000] {processor.py:183} INFO - Processing /home/airflow/.local/lib/python3.8/site-packages/airflow/example_dags/example_xcom.py took 0.043 seconds
[2024-04-24T05:16:21.387+0000] {processor.py:161} INFO - Started process (PID=637) to work on /home/airflow/.local/lib/python3.8/site-packages/airflow/example_dags/example_xcom.py
[2024-04-24T05:16:21.388+0000] {processor.py:830} INFO - Processing file /home/airflow/.local/lib/python3.8/site-packages/airflow/example_dags/example_xcom.py for tasks to queue
[2024-04-24T05:16:21.389+0000] {logging_mixin.py:188} INFO - [2024-04-24T05:16:21.389+0000] {dagbag.py:540} INFO - Filling up the DagBag from /home/airflow/.local/lib/python3.8/site-packages/airflow/example_dags/example_xcom.py
[2024-04-24T05:16:21.394+0000] {processor.py:840} INFO - DAG(s) 'example_xcom' retrieved from /home/airflow/.local/lib/python3.8/site-packages/airflow/example_dags/example_xcom.py
[2024-04-24T05:16:21.404+0000] {logging_mixin.py:188} INFO - [2024-04-24T05:16:21.404+0000] {dag.py:3047} INFO - Sync 1 DAGs
[2024-04-24T05:16:21.416+0000] {logging_mixin.py:188} INFO - [2024-04-24T05:16:21.416+0000] {dag.py:3834} INFO - Setting next_dagrun for example_xcom to 2021-01-01 00:00:00+00:00, run_after=2021-01-01 00:00:00+00:00
[2024-04-24T05:16:21.426+0000] {processor.py:183} INFO - Processing /home/airflow/.local/lib/python3.8/site-packages/airflow/example_dags/example_xcom.py took 0.041 seconds
[2024-04-24T05:16:51.904+0000] {processor.py:161} INFO - Started process (PID=695) to work on /home/airflow/.local/lib/python3.8/site-packages/airflow/example_dags/example_xcom.py
[2024-04-24T05:16:51.905+0000] {processor.py:830} INFO - Processing file /home/airflow/.local/lib/python3.8/site-packages/airflow/example_dags/example_xcom.py for tasks to queue
[2024-04-24T05:16:51.906+0000] {logging_mixin.py:188} INFO - [2024-04-24T05:16:51.906+0000] {dagbag.py:540} INFO - Filling up the DagBag from /home/airflow/.local/lib/python3.8/site-packages/airflow/example_dags/example_xcom.py
[2024-04-24T05:16:51.911+0000] {processor.py:840} INFO - DAG(s) 'example_xcom' retrieved from /home/airflow/.local/lib/python3.8/site-packages/airflow/example_dags/example_xcom.py
[2024-04-24T05:16:51.923+0000] {logging_mixin.py:188} INFO - [2024-04-24T05:16:51.923+0000] {dag.py:3047} INFO - Sync 1 DAGs
[2024-04-24T05:16:51.941+0000] {logging_mixin.py:188} INFO - [2024-04-24T05:16:51.940+0000] {dag.py:3834} INFO - Setting next_dagrun for example_xcom to 2021-01-01 00:00:00+00:00, run_after=2021-01-01 00:00:00+00:00
[2024-04-24T05:16:51.953+0000] {processor.py:183} INFO - Processing /home/airflow/.local/lib/python3.8/site-packages/airflow/example_dags/example_xcom.py took 0.051 seconds
[2024-04-24T05:17:22.419+0000] {processor.py:161} INFO - Started process (PID=753) to work on /home/airflow/.local/lib/python3.8/site-packages/airflow/example_dags/example_xcom.py
[2024-04-24T05:17:22.420+0000] {processor.py:830} INFO - Processing file /home/airflow/.local/lib/python3.8/site-packages/airflow/example_dags/example_xcom.py for tasks to queue
[2024-04-24T05:17:22.421+0000] {logging_mixin.py:188} INFO - [2024-04-24T05:17:22.420+0000] {dagbag.py:540} INFO - Filling up the DagBag from /home/airflow/.local/lib/python3.8/site-packages/airflow/example_dags/example_xcom.py
[2024-04-24T05:17:22.425+0000] {processor.py:840} INFO - DAG(s) 'example_xcom' retrieved from /home/airflow/.local/lib/python3.8/site-packages/airflow/example_dags/example_xcom.py
[2024-04-24T05:17:22.436+0000] {logging_mixin.py:188} INFO - [2024-04-24T05:17:22.436+0000] {dag.py:3047} INFO - Sync 1 DAGs
[2024-04-24T05:17:22.448+0000] {logging_mixin.py:188} INFO - [2024-04-24T05:17:22.448+0000] {dag.py:3834} INFO - Setting next_dagrun for example_xcom to 2021-01-01 00:00:00+00:00, run_after=2021-01-01 00:00:00+00:00
[2024-04-24T05:17:22.458+0000] {processor.py:183} INFO - Processing /home/airflow/.local/lib/python3.8/site-packages/airflow/example_dags/example_xcom.py took 0.041 seconds
[2024-04-24T05:17:52.990+0000] {processor.py:161} INFO - Started process (PID=811) to work on /home/airflow/.local/lib/python3.8/site-packages/airflow/example_dags/example_xcom.py
[2024-04-24T05:17:52.990+0000] {processor.py:830} INFO - Processing file /home/airflow/.local/lib/python3.8/site-packages/airflow/example_dags/example_xcom.py for tasks to queue
[2024-04-24T05:17:52.991+0000] {logging_mixin.py:188} INFO - [2024-04-24T05:17:52.991+0000] {dagbag.py:540} INFO - Filling up the DagBag from /home/airflow/.local/lib/python3.8/site-packages/airflow/example_dags/example_xcom.py
[2024-04-24T05:17:52.996+0000] {processor.py:840} INFO - DAG(s) 'example_xcom' retrieved from /home/airflow/.local/lib/python3.8/site-packages/airflow/example_dags/example_xcom.py
[2024-04-24T05:17:53.006+0000] {logging_mixin.py:188} INFO - [2024-04-24T05:17:53.006+0000] {dag.py:3047} INFO - Sync 1 DAGs
[2024-04-24T05:17:53.017+0000] {logging_mixin.py:188} INFO - [2024-04-24T05:17:53.017+0000] {dag.py:3834} INFO - Setting next_dagrun for example_xcom to 2021-01-01 00:00:00+00:00, run_after=2021-01-01 00:00:00+00:00
[2024-04-24T05:17:53.028+0000] {processor.py:183} INFO - Processing /home/airflow/.local/lib/python3.8/site-packages/airflow/example_dags/example_xcom.py took 0.040 seconds
[2024-04-24T05:18:23.802+0000] {processor.py:161} INFO - Started process (PID=869) to work on /home/airflow/.local/lib/python3.8/site-packages/airflow/example_dags/example_xcom.py
[2024-04-24T05:18:23.803+0000] {processor.py:830} INFO - Processing file /home/airflow/.local/lib/python3.8/site-packages/airflow/example_dags/example_xcom.py for tasks to queue
[2024-04-24T05:18:23.804+0000] {logging_mixin.py:188} INFO - [2024-04-24T05:18:23.804+0000] {dagbag.py:540} INFO - Filling up the DagBag from /home/airflow/.local/lib/python3.8/site-packages/airflow/example_dags/example_xcom.py
[2024-04-24T05:18:23.808+0000] {processor.py:840} INFO - DAG(s) 'example_xcom' retrieved from /home/airflow/.local/lib/python3.8/site-packages/airflow/example_dags/example_xcom.py
[2024-04-24T05:18:23.819+0000] {logging_mixin.py:188} INFO - [2024-04-24T05:18:23.818+0000] {dag.py:3047} INFO - Sync 1 DAGs
[2024-04-24T05:18:23.829+0000] {logging_mixin.py:188} INFO - [2024-04-24T05:18:23.829+0000] {dag.py:3834} INFO - Setting next_dagrun for example_xcom to 2021-01-01 00:00:00+00:00, run_after=2021-01-01 00:00:00+00:00
[2024-04-24T05:18:23.843+0000] {processor.py:183} INFO - Processing /home/airflow/.local/lib/python3.8/site-packages/airflow/example_dags/example_xcom.py took 0.042 seconds
[2024-04-24T05:18:54.384+0000] {processor.py:161} INFO - Started process (PID=927) to work on /home/airflow/.local/lib/python3.8/site-packages/airflow/example_dags/example_xcom.py
[2024-04-24T05:18:54.385+0000] {processor.py:830} INFO - Processing file /home/airflow/.local/lib/python3.8/site-packages/airflow/example_dags/example_xcom.py for tasks to queue
[2024-04-24T05:18:54.386+0000] {logging_mixin.py:188} INFO - [2024-04-24T05:18:54.385+0000] {dagbag.py:540} INFO - Filling up the DagBag from /home/airflow/.local/lib/python3.8/site-packages/airflow/example_dags/example_xcom.py
[2024-04-24T05:18:54.390+0000] {processor.py:840} INFO - DAG(s) 'example_xcom' retrieved from /home/airflow/.local/lib/python3.8/site-packages/airflow/example_dags/example_xcom.py
[2024-04-24T05:18:54.401+0000] {logging_mixin.py:188} INFO - [2024-04-24T05:18:54.401+0000] {dag.py:3047} INFO - Sync 1 DAGs
[2024-04-24T05:18:54.412+0000] {logging_mixin.py:188} INFO - [2024-04-24T05:18:54.412+0000] {dag.py:3834} INFO - Setting next_dagrun for example_xcom to 2021-01-01 00:00:00+00:00, run_after=2021-01-01 00:00:00+00:00
[2024-04-24T05:18:54.422+0000] {processor.py:183} INFO - Processing /home/airflow/.local/lib/python3.8/site-packages/airflow/example_dags/example_xcom.py took 0.040 seconds
[2024-04-24T05:19:24.868+0000] {processor.py:161} INFO - Started process (PID=985) to work on /home/airflow/.local/lib/python3.8/site-packages/airflow/example_dags/example_xcom.py
[2024-04-24T05:19:24.869+0000] {processor.py:830} INFO - Processing file /home/airflow/.local/lib/python3.8/site-packages/airflow/example_dags/example_xcom.py for tasks to queue
[2024-04-24T05:19:24.870+0000] {logging_mixin.py:188} INFO - [2024-04-24T05:19:24.869+0000] {dagbag.py:540} INFO - Filling up the DagBag from /home/airflow/.local/lib/python3.8/site-packages/airflow/example_dags/example_xcom.py
[2024-04-24T05:19:24.874+0000] {processor.py:840} INFO - DAG(s) 'example_xcom' retrieved from /home/airflow/.local/lib/python3.8/site-packages/airflow/example_dags/example_xcom.py
[2024-04-24T05:19:24.884+0000] {logging_mixin.py:188} INFO - [2024-04-24T05:19:24.884+0000] {dag.py:3047} INFO - Sync 1 DAGs
[2024-04-24T05:19:24.894+0000] {logging_mixin.py:188} INFO - [2024-04-24T05:19:24.894+0000] {dag.py:3834} INFO - Setting next_dagrun for example_xcom to 2021-01-01 00:00:00+00:00, run_after=2021-01-01 00:00:00+00:00
[2024-04-24T05:19:24.904+0000] {processor.py:183} INFO - Processing /home/airflow/.local/lib/python3.8/site-packages/airflow/example_dags/example_xcom.py took 0.038 seconds
[2024-04-24T05:19:55.475+0000] {processor.py:161} INFO - Started process (PID=1043) to work on /home/airflow/.local/lib/python3.8/site-packages/airflow/example_dags/example_xcom.py
[2024-04-24T05:19:55.475+0000] {processor.py:830} INFO - Processing file /home/airflow/.local/lib/python3.8/site-packages/airflow/example_dags/example_xcom.py for tasks to queue
[2024-04-24T05:19:55.476+0000] {logging_mixin.py:188} INFO - [2024-04-24T05:19:55.476+0000] {dagbag.py:540} INFO - Filling up the DagBag from /home/airflow/.local/lib/python3.8/site-packages/airflow/example_dags/example_xcom.py
[2024-04-24T05:19:55.480+0000] {processor.py:840} INFO - DAG(s) 'example_xcom' retrieved from /home/airflow/.local/lib/python3.8/site-packages/airflow/example_dags/example_xcom.py
[2024-04-24T05:19:55.491+0000] {logging_mixin.py:188} INFO - [2024-04-24T05:19:55.491+0000] {dag.py:3047} INFO - Sync 1 DAGs
[2024-04-24T05:19:55.504+0000] {logging_mixin.py:188} INFO - [2024-04-24T05:19:55.504+0000] {dag.py:3834} INFO - Setting next_dagrun for example_xcom to 2021-01-01 00:00:00+00:00, run_after=2021-01-01 00:00:00+00:00
[2024-04-24T05:19:55.515+0000] {processor.py:183} INFO - Processing /home/airflow/.local/lib/python3.8/site-packages/airflow/example_dags/example_xcom.py took 0.042 seconds
[2024-04-24T05:20:25.987+0000] {processor.py:161} INFO - Started process (PID=1101) to work on /home/airflow/.local/lib/python3.8/site-packages/airflow/example_dags/example_xcom.py
[2024-04-24T05:20:25.988+0000] {processor.py:830} INFO - Processing file /home/airflow/.local/lib/python3.8/site-packages/airflow/example_dags/example_xcom.py for tasks to queue
[2024-04-24T05:20:25.989+0000] {logging_mixin.py:188} INFO - [2024-04-24T05:20:25.989+0000] {dagbag.py:540} INFO - Filling up the DagBag from /home/airflow/.local/lib/python3.8/site-packages/airflow/example_dags/example_xcom.py
[2024-04-24T05:20:25.995+0000] {processor.py:840} INFO - DAG(s) 'example_xcom' retrieved from /home/airflow/.local/lib/python3.8/site-packages/airflow/example_dags/example_xcom.py
[2024-04-24T05:20:26.006+0000] {logging_mixin.py:188} INFO - [2024-04-24T05:20:26.006+0000] {dag.py:3047} INFO - Sync 1 DAGs
[2024-04-24T05:20:26.017+0000] {logging_mixin.py:188} INFO - [2024-04-24T05:20:26.017+0000] {dag.py:3834} INFO - Setting next_dagrun for example_xcom to 2021-01-01 00:00:00+00:00, run_after=2021-01-01 00:00:00+00:00
[2024-04-24T05:20:26.027+0000] {processor.py:183} INFO - Processing /home/airflow/.local/lib/python3.8/site-packages/airflow/example_dags/example_xcom.py took 0.042 seconds
[2024-04-24T05:20:56.627+0000] {processor.py:161} INFO - Started process (PID=1159) to work on /home/airflow/.local/lib/python3.8/site-packages/airflow/example_dags/example_xcom.py
[2024-04-24T05:20:56.628+0000] {processor.py:830} INFO - Processing file /home/airflow/.local/lib/python3.8/site-packages/airflow/example_dags/example_xcom.py for tasks to queue
[2024-04-24T05:20:56.629+0000] {logging_mixin.py:188} INFO - [2024-04-24T05:20:56.629+0000] {dagbag.py:540} INFO - Filling up the DagBag from /home/airflow/.local/lib/python3.8/site-packages/airflow/example_dags/example_xcom.py
[2024-04-24T05:20:56.633+0000] {processor.py:840} INFO - DAG(s) 'example_xcom' retrieved from /home/airflow/.local/lib/python3.8/site-packages/airflow/example_dags/example_xcom.py
[2024-04-24T05:20:56.643+0000] {logging_mixin.py:188} INFO - [2024-04-24T05:20:56.643+0000] {dag.py:3047} INFO - Sync 1 DAGs
[2024-04-24T05:20:56.654+0000] {logging_mixin.py:188} INFO - [2024-04-24T05:20:56.654+0000] {dag.py:3834} INFO - Setting next_dagrun for example_xcom to 2021-01-01 00:00:00+00:00, run_after=2021-01-01 00:00:00+00:00
[2024-04-24T05:20:56.664+0000] {processor.py:183} INFO - Processing /home/airflow/.local/lib/python3.8/site-packages/airflow/example_dags/example_xcom.py took 0.038 seconds
[2024-04-24T05:21:27.122+0000] {processor.py:161} INFO - Started process (PID=1217) to work on /home/airflow/.local/lib/python3.8/site-packages/airflow/example_dags/example_xcom.py
[2024-04-24T05:21:27.123+0000] {processor.py:830} INFO - Processing file /home/airflow/.local/lib/python3.8/site-packages/airflow/example_dags/example_xcom.py for tasks to queue
[2024-04-24T05:21:27.124+0000] {logging_mixin.py:188} INFO - [2024-04-24T05:21:27.124+0000] {dagbag.py:540} INFO - Filling up the DagBag from /home/airflow/.local/lib/python3.8/site-packages/airflow/example_dags/example_xcom.py
[2024-04-24T05:21:27.128+0000] {processor.py:840} INFO - DAG(s) 'example_xcom' retrieved from /home/airflow/.local/lib/python3.8/site-packages/airflow/example_dags/example_xcom.py
[2024-04-24T05:21:27.138+0000] {logging_mixin.py:188} INFO - [2024-04-24T05:21:27.138+0000] {dag.py:3047} INFO - Sync 1 DAGs
[2024-04-24T05:21:27.149+0000] {logging_mixin.py:188} INFO - [2024-04-24T05:21:27.148+0000] {dag.py:3834} INFO - Setting next_dagrun for example_xcom to 2021-01-01 00:00:00+00:00, run_after=2021-01-01 00:00:00+00:00
[2024-04-24T05:21:27.158+0000] {processor.py:183} INFO - Processing /home/airflow/.local/lib/python3.8/site-packages/airflow/example_dags/example_xcom.py took 0.038 seconds
[2024-04-24T05:21:57.620+0000] {processor.py:161} INFO - Started process (PID=1275) to work on /home/airflow/.local/lib/python3.8/site-packages/airflow/example_dags/example_xcom.py
[2024-04-24T05:21:57.621+0000] {processor.py:830} INFO - Processing file /home/airflow/.local/lib/python3.8/site-packages/airflow/example_dags/example_xcom.py for tasks to queue
[2024-04-24T05:21:57.622+0000] {logging_mixin.py:188} INFO - [2024-04-24T05:21:57.622+0000] {dagbag.py:540} INFO - Filling up the DagBag from /home/airflow/.local/lib/python3.8/site-packages/airflow/example_dags/example_xcom.py
[2024-04-24T05:21:57.626+0000] {processor.py:840} INFO - DAG(s) 'example_xcom' retrieved from /home/airflow/.local/lib/python3.8/site-packages/airflow/example_dags/example_xcom.py
[2024-04-24T05:21:57.636+0000] {logging_mixin.py:188} INFO - [2024-04-24T05:21:57.636+0000] {dag.py:3047} INFO - Sync 1 DAGs
[2024-04-24T05:21:57.647+0000] {logging_mixin.py:188} INFO - [2024-04-24T05:21:57.647+0000] {dag.py:3834} INFO - Setting next_dagrun for example_xcom to 2021-01-01 00:00:00+00:00, run_after=2021-01-01 00:00:00+00:00
[2024-04-24T05:21:57.657+0000] {processor.py:183} INFO - Processing /home/airflow/.local/lib/python3.8/site-packages/airflow/example_dags/example_xcom.py took 0.039 seconds
[2024-04-24T05:22:28.084+0000] {processor.py:161} INFO - Started process (PID=1333) to work on /home/airflow/.local/lib/python3.8/site-packages/airflow/example_dags/example_xcom.py
[2024-04-24T05:22:28.085+0000] {processor.py:830} INFO - Processing file /home/airflow/.local/lib/python3.8/site-packages/airflow/example_dags/example_xcom.py for tasks to queue
[2024-04-24T05:22:28.086+0000] {logging_mixin.py:188} INFO - [2024-04-24T05:22:28.086+0000] {dagbag.py:540} INFO - Filling up the DagBag from /home/airflow/.local/lib/python3.8/site-packages/airflow/example_dags/example_xcom.py
[2024-04-24T05:22:28.090+0000] {processor.py:840} INFO - DAG(s) 'example_xcom' retrieved from /home/airflow/.local/lib/python3.8/site-packages/airflow/example_dags/example_xcom.py
[2024-04-24T05:22:28.100+0000] {logging_mixin.py:188} INFO - [2024-04-24T05:22:28.100+0000] {dag.py:3047} INFO - Sync 1 DAGs
[2024-04-24T05:22:28.111+0000] {logging_mixin.py:188} INFO - [2024-04-24T05:22:28.111+0000] {dag.py:3834} INFO - Setting next_dagrun for example_xcom to 2021-01-01 00:00:00+00:00, run_after=2021-01-01 00:00:00+00:00
[2024-04-24T05:22:28.121+0000] {processor.py:183} INFO - Processing /home/airflow/.local/lib/python3.8/site-packages/airflow/example_dags/example_xcom.py took 0.038 seconds
[2024-04-24T05:22:58.633+0000] {processor.py:161} INFO - Started process (PID=1391) to work on /home/airflow/.local/lib/python3.8/site-packages/airflow/example_dags/example_xcom.py
[2024-04-24T05:22:58.634+0000] {processor.py:830} INFO - Processing file /home/airflow/.local/lib/python3.8/site-packages/airflow/example_dags/example_xcom.py for tasks to queue
[2024-04-24T05:22:58.635+0000] {logging_mixin.py:188} INFO - [2024-04-24T05:22:58.635+0000] {dagbag.py:540} INFO - Filling up the DagBag from /home/airflow/.local/lib/python3.8/site-packages/airflow/example_dags/example_xcom.py
[2024-04-24T05:22:58.639+0000] {processor.py:840} INFO - DAG(s) 'example_xcom' retrieved from /home/airflow/.local/lib/python3.8/site-packages/airflow/example_dags/example_xcom.py
[2024-04-24T05:22:58.649+0000] {logging_mixin.py:188} INFO - [2024-04-24T05:22:58.649+0000] {dag.py:3047} INFO - Sync 1 DAGs
[2024-04-24T05:22:58.660+0000] {logging_mixin.py:188} INFO - [2024-04-24T05:22:58.660+0000] {dag.py:3834} INFO - Setting next_dagrun for example_xcom to 2021-01-01 00:00:00+00:00, run_after=2021-01-01 00:00:00+00:00
[2024-04-24T05:22:58.670+0000] {processor.py:183} INFO - Processing /home/airflow/.local/lib/python3.8/site-packages/airflow/example_dags/example_xcom.py took 0.038 seconds
[2024-04-24T05:23:29.107+0000] {processor.py:161} INFO - Started process (PID=1449) to work on /home/airflow/.local/lib/python3.8/site-packages/airflow/example_dags/example_xcom.py
[2024-04-24T05:23:29.107+0000] {processor.py:830} INFO - Processing file /home/airflow/.local/lib/python3.8/site-packages/airflow/example_dags/example_xcom.py for tasks to queue
[2024-04-24T05:23:29.108+0000] {logging_mixin.py:188} INFO - [2024-04-24T05:23:29.108+0000] {dagbag.py:540} INFO - Filling up the DagBag from /home/airflow/.local/lib/python3.8/site-packages/airflow/example_dags/example_xcom.py
[2024-04-24T05:23:29.112+0000] {processor.py:840} INFO - DAG(s) 'example_xcom' retrieved from /home/airflow/.local/lib/python3.8/site-packages/airflow/example_dags/example_xcom.py
[2024-04-24T05:23:29.123+0000] {logging_mixin.py:188} INFO - [2024-04-24T05:23:29.123+0000] {dag.py:3047} INFO - Sync 1 DAGs
[2024-04-24T05:23:29.133+0000] {logging_mixin.py:188} INFO - [2024-04-24T05:23:29.133+0000] {dag.py:3834} INFO - Setting next_dagrun for example_xcom to 2021-01-01 00:00:00+00:00, run_after=2021-01-01 00:00:00+00:00
[2024-04-24T05:23:29.143+0000] {processor.py:183} INFO - Processing /home/airflow/.local/lib/python3.8/site-packages/airflow/example_dags/example_xcom.py took 0.038 seconds
[2024-04-24T05:23:59.633+0000] {processor.py:161} INFO - Started process (PID=1507) to work on /home/airflow/.local/lib/python3.8/site-packages/airflow/example_dags/example_xcom.py
[2024-04-24T05:23:59.634+0000] {processor.py:830} INFO - Processing file /home/airflow/.local/lib/python3.8/site-packages/airflow/example_dags/example_xcom.py for tasks to queue
[2024-04-24T05:23:59.635+0000] {logging_mixin.py:188} INFO - [2024-04-24T05:23:59.635+0000] {dagbag.py:540} INFO - Filling up the DagBag from /home/airflow/.local/lib/python3.8/site-packages/airflow/example_dags/example_xcom.py
[2024-04-24T05:23:59.639+0000] {processor.py:840} INFO - DAG(s) 'example_xcom' retrieved from /home/airflow/.local/lib/python3.8/site-packages/airflow/example_dags/example_xcom.py
[2024-04-24T05:23:59.651+0000] {logging_mixin.py:188} INFO - [2024-04-24T05:23:59.651+0000] {dag.py:3047} INFO - Sync 1 DAGs
[2024-04-24T05:23:59.662+0000] {logging_mixin.py:188} INFO - [2024-04-24T05:23:59.662+0000] {dag.py:3834} INFO - Setting next_dagrun for example_xcom to 2021-01-01 00:00:00+00:00, run_after=2021-01-01 00:00:00+00:00
[2024-04-24T05:23:59.673+0000] {processor.py:183} INFO - Processing /home/airflow/.local/lib/python3.8/site-packages/airflow/example_dags/example_xcom.py took 0.042 seconds
[2024-04-24T05:24:30.143+0000] {processor.py:161} INFO - Started process (PID=1565) to work on /home/airflow/.local/lib/python3.8/site-packages/airflow/example_dags/example_xcom.py
[2024-04-24T05:24:30.144+0000] {processor.py:830} INFO - Processing file /home/airflow/.local/lib/python3.8/site-packages/airflow/example_dags/example_xcom.py for tasks to queue
[2024-04-24T05:24:30.145+0000] {logging_mixin.py:188} INFO - [2024-04-24T05:24:30.144+0000] {dagbag.py:540} INFO - Filling up the DagBag from /home/airflow/.local/lib/python3.8/site-packages/airflow/example_dags/example_xcom.py
[2024-04-24T05:24:30.149+0000] {processor.py:840} INFO - DAG(s) 'example_xcom' retrieved from /home/airflow/.local/lib/python3.8/site-packages/airflow/example_dags/example_xcom.py
[2024-04-24T05:24:30.159+0000] {logging_mixin.py:188} INFO - [2024-04-24T05:24:30.159+0000] {dag.py:3047} INFO - Sync 1 DAGs
[2024-04-24T05:24:30.170+0000] {logging_mixin.py:188} INFO - [2024-04-24T05:24:30.169+0000] {dag.py:3834} INFO - Setting next_dagrun for example_xcom to 2021-01-01 00:00:00+00:00, run_after=2021-01-01 00:00:00+00:00
[2024-04-24T05:24:30.180+0000] {processor.py:183} INFO - Processing /home/airflow/.local/lib/python3.8/site-packages/airflow/example_dags/example_xcom.py took 0.038 seconds
[2024-04-24T05:25:00.602+0000] {processor.py:161} INFO - Started process (PID=1623) to work on /home/airflow/.local/lib/python3.8/site-packages/airflow/example_dags/example_xcom.py
[2024-04-24T05:25:00.602+0000] {processor.py:830} INFO - Processing file /home/airflow/.local/lib/python3.8/site-packages/airflow/example_dags/example_xcom.py for tasks to queue
[2024-04-24T05:25:00.603+0000] {logging_mixin.py:188} INFO - [2024-04-24T05:25:00.603+0000] {dagbag.py:540} INFO - Filling up the DagBag from /home/airflow/.local/lib/python3.8/site-packages/airflow/example_dags/example_xcom.py
[2024-04-24T05:25:00.607+0000] {processor.py:840} INFO - DAG(s) 'example_xcom' retrieved from /home/airflow/.local/lib/python3.8/site-packages/airflow/example_dags/example_xcom.py
[2024-04-24T05:25:00.619+0000] {logging_mixin.py:188} INFO - [2024-04-24T05:25:00.618+0000] {dag.py:3047} INFO - Sync 1 DAGs
[2024-04-24T05:25:00.632+0000] {logging_mixin.py:188} INFO - [2024-04-24T05:25:00.631+0000] {dag.py:3834} INFO - Setting next_dagrun for example_xcom to 2021-01-01 00:00:00+00:00, run_after=2021-01-01 00:00:00+00:00
[2024-04-24T05:25:00.642+0000] {processor.py:183} INFO - Processing /home/airflow/.local/lib/python3.8/site-packages/airflow/example_dags/example_xcom.py took 0.042 seconds
[2024-04-24T05:25:31.062+0000] {processor.py:161} INFO - Started process (PID=1681) to work on /home/airflow/.local/lib/python3.8/site-packages/airflow/example_dags/example_xcom.py
[2024-04-24T05:25:31.062+0000] {processor.py:830} INFO - Processing file /home/airflow/.local/lib/python3.8/site-packages/airflow/example_dags/example_xcom.py for tasks to queue
[2024-04-24T05:25:31.063+0000] {logging_mixin.py:188} INFO - [2024-04-24T05:25:31.063+0000] {dagbag.py:540} INFO - Filling up the DagBag from /home/airflow/.local/lib/python3.8/site-packages/airflow/example_dags/example_xcom.py
[2024-04-24T05:25:31.067+0000] {processor.py:840} INFO - DAG(s) 'example_xcom' retrieved from /home/airflow/.local/lib/python3.8/site-packages/airflow/example_dags/example_xcom.py
[2024-04-24T05:25:31.078+0000] {logging_mixin.py:188} INFO - [2024-04-24T05:25:31.078+0000] {dag.py:3047} INFO - Sync 1 DAGs
[2024-04-24T05:25:31.088+0000] {logging_mixin.py:188} INFO - [2024-04-24T05:25:31.088+0000] {dag.py:3834} INFO - Setting next_dagrun for example_xcom to 2021-01-01 00:00:00+00:00, run_after=2021-01-01 00:00:00+00:00
[2024-04-24T05:25:31.098+0000] {processor.py:183} INFO - Processing /home/airflow/.local/lib/python3.8/site-packages/airflow/example_dags/example_xcom.py took 0.038 seconds
[2024-04-24T05:26:01.705+0000] {processor.py:161} INFO - Started process (PID=1739) to work on /home/airflow/.local/lib/python3.8/site-packages/airflow/example_dags/example_xcom.py
[2024-04-24T05:26:01.705+0000] {processor.py:830} INFO - Processing file /home/airflow/.local/lib/python3.8/site-packages/airflow/example_dags/example_xcom.py for tasks to queue
[2024-04-24T05:26:01.706+0000] {logging_mixin.py:188} INFO - [2024-04-24T05:26:01.706+0000] {dagbag.py:540} INFO - Filling up the DagBag from /home/airflow/.local/lib/python3.8/site-packages/airflow/example_dags/example_xcom.py
[2024-04-24T05:26:01.710+0000] {processor.py:840} INFO - DAG(s) 'example_xcom' retrieved from /home/airflow/.local/lib/python3.8/site-packages/airflow/example_dags/example_xcom.py
[2024-04-24T05:26:01.721+0000] {logging_mixin.py:188} INFO - [2024-04-24T05:26:01.721+0000] {dag.py:3047} INFO - Sync 1 DAGs
[2024-04-24T05:26:01.732+0000] {logging_mixin.py:188} INFO - [2024-04-24T05:26:01.731+0000] {dag.py:3834} INFO - Setting next_dagrun for example_xcom to 2021-01-01 00:00:00+00:00, run_after=2021-01-01 00:00:00+00:00
[2024-04-24T05:26:01.741+0000] {processor.py:183} INFO - Processing /home/airflow/.local/lib/python3.8/site-packages/airflow/example_dags/example_xcom.py took 0.039 seconds
[2024-04-24T05:26:32.326+0000] {processor.py:161} INFO - Started process (PID=1797) to work on /home/airflow/.local/lib/python3.8/site-packages/airflow/example_dags/example_xcom.py
[2024-04-24T05:26:32.326+0000] {processor.py:830} INFO - Processing file /home/airflow/.local/lib/python3.8/site-packages/airflow/example_dags/example_xcom.py for tasks to queue
[2024-04-24T05:26:32.327+0000] {logging_mixin.py:188} INFO - [2024-04-24T05:26:32.327+0000] {dagbag.py:540} INFO - Filling up the DagBag from /home/airflow/.local/lib/python3.8/site-packages/airflow/example_dags/example_xcom.py
[2024-04-24T05:26:32.331+0000] {processor.py:840} INFO - DAG(s) 'example_xcom' retrieved from /home/airflow/.local/lib/python3.8/site-packages/airflow/example_dags/example_xcom.py
[2024-04-24T05:26:32.342+0000] {logging_mixin.py:188} INFO - [2024-04-24T05:26:32.342+0000] {dag.py:3047} INFO - Sync 1 DAGs
[2024-04-24T05:26:32.353+0000] {logging_mixin.py:188} INFO - [2024-04-24T05:26:32.352+0000] {dag.py:3834} INFO - Setting next_dagrun for example_xcom to 2021-01-01 00:00:00+00:00, run_after=2021-01-01 00:00:00+00:00
[2024-04-24T05:26:32.362+0000] {processor.py:183} INFO - Processing /home/airflow/.local/lib/python3.8/site-packages/airflow/example_dags/example_xcom.py took 0.038 seconds
[2024-04-24T05:27:03.051+0000] {processor.py:161} INFO - Started process (PID=1855) to work on /home/airflow/.local/lib/python3.8/site-packages/airflow/example_dags/example_xcom.py
[2024-04-24T05:27:03.052+0000] {processor.py:830} INFO - Processing file /home/airflow/.local/lib/python3.8/site-packages/airflow/example_dags/example_xcom.py for tasks to queue
[2024-04-24T05:27:03.053+0000] {logging_mixin.py:188} INFO - [2024-04-24T05:27:03.053+0000] {dagbag.py:540} INFO - Filling up the DagBag from /home/airflow/.local/lib/python3.8/site-packages/airflow/example_dags/example_xcom.py
[2024-04-24T05:27:03.057+0000] {processor.py:840} INFO - DAG(s) 'example_xcom' retrieved from /home/airflow/.local/lib/python3.8/site-packages/airflow/example_dags/example_xcom.py
[2024-04-24T05:27:03.067+0000] {logging_mixin.py:188} INFO - [2024-04-24T05:27:03.067+0000] {dag.py:3047} INFO - Sync 1 DAGs
[2024-04-24T05:27:03.078+0000] {logging_mixin.py:188} INFO - [2024-04-24T05:27:03.078+0000] {dag.py:3834} INFO - Setting next_dagrun for example_xcom to 2021-01-01 00:00:00+00:00, run_after=2021-01-01 00:00:00+00:00
[2024-04-24T05:27:03.088+0000] {processor.py:183} INFO - Processing /home/airflow/.local/lib/python3.8/site-packages/airflow/example_dags/example_xcom.py took 0.038 seconds
[2024-04-24T05:27:33.607+0000] {processor.py:161} INFO - Started process (PID=1913) to work on /home/airflow/.local/lib/python3.8/site-packages/airflow/example_dags/example_xcom.py
[2024-04-24T05:27:33.608+0000] {processor.py:830} INFO - Processing file /home/airflow/.local/lib/python3.8/site-packages/airflow/example_dags/example_xcom.py for tasks to queue
[2024-04-24T05:27:33.609+0000] {logging_mixin.py:188} INFO - [2024-04-24T05:27:33.609+0000] {dagbag.py:540} INFO - Filling up the DagBag from /home/airflow/.local/lib/python3.8/site-packages/airflow/example_dags/example_xcom.py
[2024-04-24T05:27:33.613+0000] {processor.py:840} INFO - DAG(s) 'example_xcom' retrieved from /home/airflow/.local/lib/python3.8/site-packages/airflow/example_dags/example_xcom.py
[2024-04-24T05:27:33.624+0000] {logging_mixin.py:188} INFO - [2024-04-24T05:27:33.624+0000] {dag.py:3047} INFO - Sync 1 DAGs
[2024-04-24T05:27:33.635+0000] {logging_mixin.py:188} INFO - [2024-04-24T05:27:33.635+0000] {dag.py:3834} INFO - Setting next_dagrun for example_xcom to 2021-01-01 00:00:00+00:00, run_after=2021-01-01 00:00:00+00:00
[2024-04-24T05:27:33.645+0000] {processor.py:183} INFO - Processing /home/airflow/.local/lib/python3.8/site-packages/airflow/example_dags/example_xcom.py took 0.040 seconds
[2024-04-24T05:28:04.186+0000] {processor.py:161} INFO - Started process (PID=1971) to work on /home/airflow/.local/lib/python3.8/site-packages/airflow/example_dags/example_xcom.py
[2024-04-24T05:28:04.186+0000] {processor.py:830} INFO - Processing file /home/airflow/.local/lib/python3.8/site-packages/airflow/example_dags/example_xcom.py for tasks to queue
[2024-04-24T05:28:04.187+0000] {logging_mixin.py:188} INFO - [2024-04-24T05:28:04.187+0000] {dagbag.py:540} INFO - Filling up the DagBag from /home/airflow/.local/lib/python3.8/site-packages/airflow/example_dags/example_xcom.py
[2024-04-24T05:28:04.191+0000] {processor.py:840} INFO - DAG(s) 'example_xcom' retrieved from /home/airflow/.local/lib/python3.8/site-packages/airflow/example_dags/example_xcom.py
[2024-04-24T05:28:04.203+0000] {logging_mixin.py:188} INFO - [2024-04-24T05:28:04.203+0000] {dag.py:3047} INFO - Sync 1 DAGs
[2024-04-24T05:28:04.215+0000] {logging_mixin.py:188} INFO - [2024-04-24T05:28:04.214+0000] {dag.py:3834} INFO - Setting next_dagrun for example_xcom to 2021-01-01 00:00:00+00:00, run_after=2021-01-01 00:00:00+00:00
[2024-04-24T05:28:04.226+0000] {processor.py:183} INFO - Processing /home/airflow/.local/lib/python3.8/site-packages/airflow/example_dags/example_xcom.py took 0.042 seconds
[2024-04-24T05:28:34.929+0000] {processor.py:161} INFO - Started process (PID=2029) to work on /home/airflow/.local/lib/python3.8/site-packages/airflow/example_dags/example_xcom.py
[2024-04-24T05:28:34.930+0000] {processor.py:830} INFO - Processing file /home/airflow/.local/lib/python3.8/site-packages/airflow/example_dags/example_xcom.py for tasks to queue
[2024-04-24T05:28:34.931+0000] {logging_mixin.py:188} INFO - [2024-04-24T05:28:34.931+0000] {dagbag.py:540} INFO - Filling up the DagBag from /home/airflow/.local/lib/python3.8/site-packages/airflow/example_dags/example_xcom.py
[2024-04-24T05:28:34.935+0000] {processor.py:840} INFO - DAG(s) 'example_xcom' retrieved from /home/airflow/.local/lib/python3.8/site-packages/airflow/example_dags/example_xcom.py
[2024-04-24T05:28:34.945+0000] {logging_mixin.py:188} INFO - [2024-04-24T05:28:34.945+0000] {dag.py:3047} INFO - Sync 1 DAGs
[2024-04-24T05:28:34.956+0000] {logging_mixin.py:188} INFO - [2024-04-24T05:28:34.956+0000] {dag.py:3834} INFO - Setting next_dagrun for example_xcom to 2021-01-01 00:00:00+00:00, run_after=2021-01-01 00:00:00+00:00
[2024-04-24T05:28:34.966+0000] {processor.py:183} INFO - Processing /home/airflow/.local/lib/python3.8/site-packages/airflow/example_dags/example_xcom.py took 0.039 seconds
[2024-04-24T05:29:05.603+0000] {processor.py:161} INFO - Started process (PID=2087) to work on /home/airflow/.local/lib/python3.8/site-packages/airflow/example_dags/example_xcom.py
[2024-04-24T05:29:05.603+0000] {processor.py:830} INFO - Processing file /home/airflow/.local/lib/python3.8/site-packages/airflow/example_dags/example_xcom.py for tasks to queue
[2024-04-24T05:29:05.605+0000] {logging_mixin.py:188} INFO - [2024-04-24T05:29:05.604+0000] {dagbag.py:540} INFO - Filling up the DagBag from /home/airflow/.local/lib/python3.8/site-packages/airflow/example_dags/example_xcom.py
[2024-04-24T05:29:05.609+0000] {processor.py:840} INFO - DAG(s) 'example_xcom' retrieved from /home/airflow/.local/lib/python3.8/site-packages/airflow/example_dags/example_xcom.py
[2024-04-24T05:29:05.619+0000] {logging_mixin.py:188} INFO - [2024-04-24T05:29:05.619+0000] {dag.py:3047} INFO - Sync 1 DAGs
[2024-04-24T05:29:05.630+0000] {logging_mixin.py:188} INFO - [2024-04-24T05:29:05.630+0000] {dag.py:3834} INFO - Setting next_dagrun for example_xcom to 2021-01-01 00:00:00+00:00, run_after=2021-01-01 00:00:00+00:00
[2024-04-24T05:29:05.640+0000] {processor.py:183} INFO - Processing /home/airflow/.local/lib/python3.8/site-packages/airflow/example_dags/example_xcom.py took 0.038 seconds
[2024-04-24T05:29:36.249+0000] {processor.py:161} INFO - Started process (PID=2145) to work on /home/airflow/.local/lib/python3.8/site-packages/airflow/example_dags/example_xcom.py
[2024-04-24T05:29:36.250+0000] {processor.py:830} INFO - Processing file /home/airflow/.local/lib/python3.8/site-packages/airflow/example_dags/example_xcom.py for tasks to queue
[2024-04-24T05:29:36.251+0000] {logging_mixin.py:188} INFO - [2024-04-24T05:29:36.251+0000] {dagbag.py:540} INFO - Filling up the DagBag from /home/airflow/.local/lib/python3.8/site-packages/airflow/example_dags/example_xcom.py
[2024-04-24T05:29:36.255+0000] {processor.py:840} INFO - DAG(s) 'example_xcom' retrieved from /home/airflow/.local/lib/python3.8/site-packages/airflow/example_dags/example_xcom.py
[2024-04-24T05:29:36.265+0000] {logging_mixin.py:188} INFO - [2024-04-24T05:29:36.265+0000] {dag.py:3047} INFO - Sync 1 DAGs
[2024-04-24T05:29:36.276+0000] {logging_mixin.py:188} INFO - [2024-04-24T05:29:36.276+0000] {dag.py:3834} INFO - Setting next_dagrun for example_xcom to 2021-01-01 00:00:00+00:00, run_after=2021-01-01 00:00:00+00:00
[2024-04-24T05:29:36.286+0000] {processor.py:183} INFO - Processing /home/airflow/.local/lib/python3.8/site-packages/airflow/example_dags/example_xcom.py took 0.038 seconds
[2024-04-24T05:30:06.730+0000] {processor.py:161} INFO - Started process (PID=2203) to work on /home/airflow/.local/lib/python3.8/site-packages/airflow/example_dags/example_xcom.py
[2024-04-24T05:30:06.730+0000] {processor.py:830} INFO - Processing file /home/airflow/.local/lib/python3.8/site-packages/airflow/example_dags/example_xcom.py for tasks to queue
[2024-04-24T05:30:06.731+0000] {logging_mixin.py:188} INFO - [2024-04-24T05:30:06.731+0000] {dagbag.py:540} INFO - Filling up the DagBag from /home/airflow/.local/lib/python3.8/site-packages/airflow/example_dags/example_xcom.py
[2024-04-24T05:30:06.735+0000] {processor.py:840} INFO - DAG(s) 'example_xcom' retrieved from /home/airflow/.local/lib/python3.8/site-packages/airflow/example_dags/example_xcom.py
[2024-04-24T05:30:06.745+0000] {logging_mixin.py:188} INFO - [2024-04-24T05:30:06.745+0000] {dag.py:3047} INFO - Sync 1 DAGs
[2024-04-24T05:30:06.756+0000] {logging_mixin.py:188} INFO - [2024-04-24T05:30:06.756+0000] {dag.py:3834} INFO - Setting next_dagrun for example_xcom to 2021-01-01 00:00:00+00:00, run_after=2021-01-01 00:00:00+00:00
[2024-04-24T05:30:06.765+0000] {processor.py:183} INFO - Processing /home/airflow/.local/lib/python3.8/site-packages/airflow/example_dags/example_xcom.py took 0.037 seconds
[2024-04-24T05:30:37.300+0000] {processor.py:161} INFO - Started process (PID=2261) to work on /home/airflow/.local/lib/python3.8/site-packages/airflow/example_dags/example_xcom.py
[2024-04-24T05:30:37.301+0000] {processor.py:830} INFO - Processing file /home/airflow/.local/lib/python3.8/site-packages/airflow/example_dags/example_xcom.py for tasks to queue
[2024-04-24T05:30:37.302+0000] {logging_mixin.py:188} INFO - [2024-04-24T05:30:37.302+0000] {dagbag.py:540} INFO - Filling up the DagBag from /home/airflow/.local/lib/python3.8/site-packages/airflow/example_dags/example_xcom.py
[2024-04-24T05:30:37.306+0000] {processor.py:840} INFO - DAG(s) 'example_xcom' retrieved from /home/airflow/.local/lib/python3.8/site-packages/airflow/example_dags/example_xcom.py
[2024-04-24T05:30:37.318+0000] {logging_mixin.py:188} INFO - [2024-04-24T05:30:37.318+0000] {dag.py:3047} INFO - Sync 1 DAGs
[2024-04-24T05:30:37.330+0000] {logging_mixin.py:188} INFO - [2024-04-24T05:30:37.330+0000] {dag.py:3834} INFO - Setting next_dagrun for example_xcom to 2021-01-01 00:00:00+00:00, run_after=2021-01-01 00:00:00+00:00
[2024-04-24T05:30:37.341+0000] {processor.py:183} INFO - Processing /home/airflow/.local/lib/python3.8/site-packages/airflow/example_dags/example_xcom.py took 0.043 seconds
[2024-04-24T05:31:07.859+0000] {processor.py:161} INFO - Started process (PID=2319) to work on /home/airflow/.local/lib/python3.8/site-packages/airflow/example_dags/example_xcom.py
[2024-04-24T05:31:07.859+0000] {processor.py:830} INFO - Processing file /home/airflow/.local/lib/python3.8/site-packages/airflow/example_dags/example_xcom.py for tasks to queue
[2024-04-24T05:31:07.860+0000] {logging_mixin.py:188} INFO - [2024-04-24T05:31:07.860+0000] {dagbag.py:540} INFO - Filling up the DagBag from /home/airflow/.local/lib/python3.8/site-packages/airflow/example_dags/example_xcom.py
[2024-04-24T05:31:07.864+0000] {processor.py:840} INFO - DAG(s) 'example_xcom' retrieved from /home/airflow/.local/lib/python3.8/site-packages/airflow/example_dags/example_xcom.py
[2024-04-24T05:31:07.875+0000] {logging_mixin.py:188} INFO - [2024-04-24T05:31:07.875+0000] {dag.py:3047} INFO - Sync 1 DAGs
[2024-04-24T05:31:07.886+0000] {logging_mixin.py:188} INFO - [2024-04-24T05:31:07.885+0000] {dag.py:3834} INFO - Setting next_dagrun for example_xcom to 2021-01-01 00:00:00+00:00, run_after=2021-01-01 00:00:00+00:00
[2024-04-24T05:31:07.897+0000] {processor.py:183} INFO - Processing /home/airflow/.local/lib/python3.8/site-packages/airflow/example_dags/example_xcom.py took 0.040 seconds
[2024-04-24T05:31:38.674+0000] {processor.py:161} INFO - Started process (PID=2377) to work on /home/airflow/.local/lib/python3.8/site-packages/airflow/example_dags/example_xcom.py
[2024-04-24T05:31:38.674+0000] {processor.py:830} INFO - Processing file /home/airflow/.local/lib/python3.8/site-packages/airflow/example_dags/example_xcom.py for tasks to queue
[2024-04-24T05:31:38.675+0000] {logging_mixin.py:188} INFO - [2024-04-24T05:31:38.675+0000] {dagbag.py:540} INFO - Filling up the DagBag from /home/airflow/.local/lib/python3.8/site-packages/airflow/example_dags/example_xcom.py
[2024-04-24T05:31:38.679+0000] {processor.py:840} INFO - DAG(s) 'example_xcom' retrieved from /home/airflow/.local/lib/python3.8/site-packages/airflow/example_dags/example_xcom.py
[2024-04-24T05:31:38.690+0000] {logging_mixin.py:188} INFO - [2024-04-24T05:31:38.690+0000] {dag.py:3047} INFO - Sync 1 DAGs
[2024-04-24T05:31:38.701+0000] {logging_mixin.py:188} INFO - [2024-04-24T05:31:38.701+0000] {dag.py:3834} INFO - Setting next_dagrun for example_xcom to 2021-01-01 00:00:00+00:00, run_after=2021-01-01 00:00:00+00:00
[2024-04-24T05:31:38.711+0000] {processor.py:183} INFO - Processing /home/airflow/.local/lib/python3.8/site-packages/airflow/example_dags/example_xcom.py took 0.039 seconds
[2024-04-24T05:32:09.293+0000] {processor.py:161} INFO - Started process (PID=2435) to work on /home/airflow/.local/lib/python3.8/site-packages/airflow/example_dags/example_xcom.py
[2024-04-24T05:32:09.294+0000] {processor.py:830} INFO - Processing file /home/airflow/.local/lib/python3.8/site-packages/airflow/example_dags/example_xcom.py for tasks to queue
[2024-04-24T05:32:09.295+0000] {logging_mixin.py:188} INFO - [2024-04-24T05:32:09.295+0000] {dagbag.py:540} INFO - Filling up the DagBag from /home/airflow/.local/lib/python3.8/site-packages/airflow/example_dags/example_xcom.py
[2024-04-24T05:32:09.299+0000] {processor.py:840} INFO - DAG(s) 'example_xcom' retrieved from /home/airflow/.local/lib/python3.8/site-packages/airflow/example_dags/example_xcom.py
[2024-04-24T05:32:09.309+0000] {logging_mixin.py:188} INFO - [2024-04-24T05:32:09.309+0000] {dag.py:3047} INFO - Sync 1 DAGs
[2024-04-24T05:32:09.320+0000] {logging_mixin.py:188} INFO - [2024-04-24T05:32:09.320+0000] {dag.py:3834} INFO - Setting next_dagrun for example_xcom to 2021-01-01 00:00:00+00:00, run_after=2021-01-01 00:00:00+00:00
[2024-04-24T05:32:09.330+0000] {processor.py:183} INFO - Processing /home/airflow/.local/lib/python3.8/site-packages/airflow/example_dags/example_xcom.py took 0.038 seconds
[2024-04-24T05:32:39.854+0000] {processor.py:161} INFO - Started process (PID=2494) to work on /home/airflow/.local/lib/python3.8/site-packages/airflow/example_dags/example_xcom.py
[2024-04-24T05:32:39.855+0000] {processor.py:830} INFO - Processing file /home/airflow/.local/lib/python3.8/site-packages/airflow/example_dags/example_xcom.py for tasks to queue
[2024-04-24T05:32:39.856+0000] {logging_mixin.py:188} INFO - [2024-04-24T05:32:39.855+0000] {dagbag.py:540} INFO - Filling up the DagBag from /home/airflow/.local/lib/python3.8/site-packages/airflow/example_dags/example_xcom.py
[2024-04-24T05:32:39.860+0000] {processor.py:840} INFO - DAG(s) 'example_xcom' retrieved from /home/airflow/.local/lib/python3.8/site-packages/airflow/example_dags/example_xcom.py
[2024-04-24T05:32:39.870+0000] {logging_mixin.py:188} INFO - [2024-04-24T05:32:39.870+0000] {dag.py:3047} INFO - Sync 1 DAGs
[2024-04-24T05:32:39.881+0000] {logging_mixin.py:188} INFO - [2024-04-24T05:32:39.881+0000] {dag.py:3834} INFO - Setting next_dagrun for example_xcom to 2021-01-01 00:00:00+00:00, run_after=2021-01-01 00:00:00+00:00
[2024-04-24T05:32:39.891+0000] {processor.py:183} INFO - Processing /home/airflow/.local/lib/python3.8/site-packages/airflow/example_dags/example_xcom.py took 0.039 seconds
[2024-04-24T05:33:10.202+0000] {processor.py:161} INFO - Started process (PID=2549) to work on /home/airflow/.local/lib/python3.8/site-packages/airflow/example_dags/example_xcom.py
[2024-04-24T05:33:10.203+0000] {processor.py:830} INFO - Processing file /home/airflow/.local/lib/python3.8/site-packages/airflow/example_dags/example_xcom.py for tasks to queue
[2024-04-24T05:33:10.203+0000] {logging_mixin.py:188} INFO - [2024-04-24T05:33:10.203+0000] {dagbag.py:540} INFO - Filling up the DagBag from /home/airflow/.local/lib/python3.8/site-packages/airflow/example_dags/example_xcom.py
[2024-04-24T05:33:10.208+0000] {processor.py:840} INFO - DAG(s) 'example_xcom' retrieved from /home/airflow/.local/lib/python3.8/site-packages/airflow/example_dags/example_xcom.py
[2024-04-24T05:33:10.220+0000] {logging_mixin.py:188} INFO - [2024-04-24T05:33:10.220+0000] {dag.py:3047} INFO - Sync 1 DAGs
[2024-04-24T05:33:10.230+0000] {logging_mixin.py:188} INFO - [2024-04-24T05:33:10.230+0000] {dag.py:3834} INFO - Setting next_dagrun for example_xcom to 2021-01-01 00:00:00+00:00, run_after=2021-01-01 00:00:00+00:00
[2024-04-24T05:33:10.240+0000] {processor.py:183} INFO - Processing /home/airflow/.local/lib/python3.8/site-packages/airflow/example_dags/example_xcom.py took 0.040 seconds
[2024-04-24T05:33:40.599+0000] {processor.py:161} INFO - Started process (PID=2604) to work on /home/airflow/.local/lib/python3.8/site-packages/airflow/example_dags/example_xcom.py
[2024-04-24T05:33:40.599+0000] {processor.py:830} INFO - Processing file /home/airflow/.local/lib/python3.8/site-packages/airflow/example_dags/example_xcom.py for tasks to queue
[2024-04-24T05:33:40.600+0000] {logging_mixin.py:188} INFO - [2024-04-24T05:33:40.600+0000] {dagbag.py:540} INFO - Filling up the DagBag from /home/airflow/.local/lib/python3.8/site-packages/airflow/example_dags/example_xcom.py
[2024-04-24T05:33:40.604+0000] {processor.py:840} INFO - DAG(s) 'example_xcom' retrieved from /home/airflow/.local/lib/python3.8/site-packages/airflow/example_dags/example_xcom.py
[2024-04-24T05:33:40.615+0000] {logging_mixin.py:188} INFO - [2024-04-24T05:33:40.615+0000] {dag.py:3047} INFO - Sync 1 DAGs
[2024-04-24T05:33:40.626+0000] {logging_mixin.py:188} INFO - [2024-04-24T05:33:40.626+0000] {dag.py:3834} INFO - Setting next_dagrun for example_xcom to 2021-01-01 00:00:00+00:00, run_after=2021-01-01 00:00:00+00:00
[2024-04-24T05:33:40.637+0000] {processor.py:183} INFO - Processing /home/airflow/.local/lib/python3.8/site-packages/airflow/example_dags/example_xcom.py took 0.040 seconds
[2024-04-24T05:34:11.004+0000] {processor.py:161} INFO - Started process (PID=2659) to work on /home/airflow/.local/lib/python3.8/site-packages/airflow/example_dags/example_xcom.py
[2024-04-24T05:34:11.005+0000] {processor.py:830} INFO - Processing file /home/airflow/.local/lib/python3.8/site-packages/airflow/example_dags/example_xcom.py for tasks to queue
[2024-04-24T05:34:11.005+0000] {logging_mixin.py:188} INFO - [2024-04-24T05:34:11.005+0000] {dagbag.py:540} INFO - Filling up the DagBag from /home/airflow/.local/lib/python3.8/site-packages/airflow/example_dags/example_xcom.py
[2024-04-24T05:34:11.009+0000] {processor.py:840} INFO - DAG(s) 'example_xcom' retrieved from /home/airflow/.local/lib/python3.8/site-packages/airflow/example_dags/example_xcom.py
[2024-04-24T05:34:11.020+0000] {logging_mixin.py:188} INFO - [2024-04-24T05:34:11.020+0000] {dag.py:3047} INFO - Sync 1 DAGs
[2024-04-24T05:34:11.031+0000] {logging_mixin.py:188} INFO - [2024-04-24T05:34:11.031+0000] {dag.py:3834} INFO - Setting next_dagrun for example_xcom to 2021-01-01 00:00:00+00:00, run_after=2021-01-01 00:00:00+00:00
[2024-04-24T05:34:11.040+0000] {processor.py:183} INFO - Processing /home/airflow/.local/lib/python3.8/site-packages/airflow/example_dags/example_xcom.py took 0.038 seconds
[2024-04-24T05:34:41.574+0000] {processor.py:161} INFO - Started process (PID=2714) to work on /home/airflow/.local/lib/python3.8/site-packages/airflow/example_dags/example_xcom.py
[2024-04-24T05:34:41.574+0000] {processor.py:830} INFO - Processing file /home/airflow/.local/lib/python3.8/site-packages/airflow/example_dags/example_xcom.py for tasks to queue
[2024-04-24T05:34:41.575+0000] {logging_mixin.py:188} INFO - [2024-04-24T05:34:41.574+0000] {dagbag.py:540} INFO - Filling up the DagBag from /home/airflow/.local/lib/python3.8/site-packages/airflow/example_dags/example_xcom.py
[2024-04-24T05:34:41.579+0000] {processor.py:840} INFO - DAG(s) 'example_xcom' retrieved from /home/airflow/.local/lib/python3.8/site-packages/airflow/example_dags/example_xcom.py
[2024-04-24T05:34:41.590+0000] {logging_mixin.py:188} INFO - [2024-04-24T05:34:41.590+0000] {dag.py:3047} INFO - Sync 1 DAGs
[2024-04-24T05:34:41.603+0000] {logging_mixin.py:188} INFO - [2024-04-24T05:34:41.603+0000] {dag.py:3834} INFO - Setting next_dagrun for example_xcom to 2021-01-01 00:00:00+00:00, run_after=2021-01-01 00:00:00+00:00
[2024-04-24T05:34:41.613+0000] {processor.py:183} INFO - Processing /home/airflow/.local/lib/python3.8/site-packages/airflow/example_dags/example_xcom.py took 0.041 seconds
[2024-04-24T05:35:12.237+0000] {processor.py:161} INFO - Started process (PID=2769) to work on /home/airflow/.local/lib/python3.8/site-packages/airflow/example_dags/example_xcom.py
[2024-04-24T05:35:12.237+0000] {processor.py:830} INFO - Processing file /home/airflow/.local/lib/python3.8/site-packages/airflow/example_dags/example_xcom.py for tasks to queue
[2024-04-24T05:35:12.238+0000] {logging_mixin.py:188} INFO - [2024-04-24T05:35:12.238+0000] {dagbag.py:540} INFO - Filling up the DagBag from /home/airflow/.local/lib/python3.8/site-packages/airflow/example_dags/example_xcom.py
[2024-04-24T05:35:12.242+0000] {processor.py:840} INFO - DAG(s) 'example_xcom' retrieved from /home/airflow/.local/lib/python3.8/site-packages/airflow/example_dags/example_xcom.py
[2024-04-24T05:35:12.253+0000] {logging_mixin.py:188} INFO - [2024-04-24T05:35:12.252+0000] {dag.py:3047} INFO - Sync 1 DAGs
[2024-04-24T05:35:12.263+0000] {logging_mixin.py:188} INFO - [2024-04-24T05:35:12.263+0000] {dag.py:3834} INFO - Setting next_dagrun for example_xcom to 2021-01-01 00:00:00+00:00, run_after=2021-01-01 00:00:00+00:00
[2024-04-24T05:35:12.273+0000] {processor.py:183} INFO - Processing /home/airflow/.local/lib/python3.8/site-packages/airflow/example_dags/example_xcom.py took 0.037 seconds
[2024-04-24T05:35:43.065+0000] {processor.py:161} INFO - Started process (PID=2830) to work on /home/airflow/.local/lib/python3.8/site-packages/airflow/example_dags/example_xcom.py
[2024-04-24T05:35:43.066+0000] {processor.py:830} INFO - Processing file /home/airflow/.local/lib/python3.8/site-packages/airflow/example_dags/example_xcom.py for tasks to queue
[2024-04-24T05:35:43.066+0000] {logging_mixin.py:188} INFO - [2024-04-24T05:35:43.066+0000] {dagbag.py:540} INFO - Filling up the DagBag from /home/airflow/.local/lib/python3.8/site-packages/airflow/example_dags/example_xcom.py
[2024-04-24T05:35:43.070+0000] {processor.py:840} INFO - DAG(s) 'example_xcom' retrieved from /home/airflow/.local/lib/python3.8/site-packages/airflow/example_dags/example_xcom.py
[2024-04-24T05:35:43.081+0000] {logging_mixin.py:188} INFO - [2024-04-24T05:35:43.081+0000] {dag.py:3047} INFO - Sync 1 DAGs
[2024-04-24T05:35:43.091+0000] {logging_mixin.py:188} INFO - [2024-04-24T05:35:43.091+0000] {dag.py:3834} INFO - Setting next_dagrun for example_xcom to 2021-01-01 00:00:00+00:00, run_after=2021-01-01 00:00:00+00:00
[2024-04-24T05:35:43.101+0000] {processor.py:183} INFO - Processing /home/airflow/.local/lib/python3.8/site-packages/airflow/example_dags/example_xcom.py took 0.038 seconds
[2024-04-24T05:36:13.583+0000] {processor.py:161} INFO - Started process (PID=2885) to work on /home/airflow/.local/lib/python3.8/site-packages/airflow/example_dags/example_xcom.py
[2024-04-24T05:36:13.584+0000] {processor.py:830} INFO - Processing file /home/airflow/.local/lib/python3.8/site-packages/airflow/example_dags/example_xcom.py for tasks to queue
[2024-04-24T05:36:13.584+0000] {logging_mixin.py:188} INFO - [2024-04-24T05:36:13.584+0000] {dagbag.py:540} INFO - Filling up the DagBag from /home/airflow/.local/lib/python3.8/site-packages/airflow/example_dags/example_xcom.py
[2024-04-24T05:36:13.589+0000] {processor.py:840} INFO - DAG(s) 'example_xcom' retrieved from /home/airflow/.local/lib/python3.8/site-packages/airflow/example_dags/example_xcom.py
[2024-04-24T05:36:13.599+0000] {logging_mixin.py:188} INFO - [2024-04-24T05:36:13.599+0000] {dag.py:3047} INFO - Sync 1 DAGs
[2024-04-24T05:36:13.610+0000] {logging_mixin.py:188} INFO - [2024-04-24T05:36:13.610+0000] {dag.py:3834} INFO - Setting next_dagrun for example_xcom to 2021-01-01 00:00:00+00:00, run_after=2021-01-01 00:00:00+00:00
[2024-04-24T05:36:13.620+0000] {processor.py:183} INFO - Processing /home/airflow/.local/lib/python3.8/site-packages/airflow/example_dags/example_xcom.py took 0.038 seconds
[2024-04-24T05:36:43.993+0000] {processor.py:161} INFO - Started process (PID=2940) to work on /home/airflow/.local/lib/python3.8/site-packages/airflow/example_dags/example_xcom.py
[2024-04-24T05:36:43.994+0000] {processor.py:830} INFO - Processing file /home/airflow/.local/lib/python3.8/site-packages/airflow/example_dags/example_xcom.py for tasks to queue
[2024-04-24T05:36:43.994+0000] {logging_mixin.py:188} INFO - [2024-04-24T05:36:43.994+0000] {dagbag.py:540} INFO - Filling up the DagBag from /home/airflow/.local/lib/python3.8/site-packages/airflow/example_dags/example_xcom.py
[2024-04-24T05:36:43.999+0000] {processor.py:840} INFO - DAG(s) 'example_xcom' retrieved from /home/airflow/.local/lib/python3.8/site-packages/airflow/example_dags/example_xcom.py
[2024-04-24T05:36:44.010+0000] {logging_mixin.py:188} INFO - [2024-04-24T05:36:44.010+0000] {dag.py:3047} INFO - Sync 1 DAGs
[2024-04-24T05:36:44.021+0000] {logging_mixin.py:188} INFO - [2024-04-24T05:36:44.021+0000] {dag.py:3834} INFO - Setting next_dagrun for example_xcom to 2021-01-01 00:00:00+00:00, run_after=2021-01-01 00:00:00+00:00
[2024-04-24T05:36:44.031+0000] {processor.py:183} INFO - Processing /home/airflow/.local/lib/python3.8/site-packages/airflow/example_dags/example_xcom.py took 0.040 seconds
[2024-04-24T05:37:14.494+0000] {processor.py:161} INFO - Started process (PID=2995) to work on /home/airflow/.local/lib/python3.8/site-packages/airflow/example_dags/example_xcom.py
[2024-04-24T05:37:14.495+0000] {processor.py:830} INFO - Processing file /home/airflow/.local/lib/python3.8/site-packages/airflow/example_dags/example_xcom.py for tasks to queue
[2024-04-24T05:37:14.495+0000] {logging_mixin.py:188} INFO - [2024-04-24T05:37:14.495+0000] {dagbag.py:540} INFO - Filling up the DagBag from /home/airflow/.local/lib/python3.8/site-packages/airflow/example_dags/example_xcom.py
[2024-04-24T05:37:14.499+0000] {processor.py:840} INFO - DAG(s) 'example_xcom' retrieved from /home/airflow/.local/lib/python3.8/site-packages/airflow/example_dags/example_xcom.py
[2024-04-24T05:37:14.510+0000] {logging_mixin.py:188} INFO - [2024-04-24T05:37:14.510+0000] {dag.py:3047} INFO - Sync 1 DAGs
[2024-04-24T05:37:14.521+0000] {logging_mixin.py:188} INFO - [2024-04-24T05:37:14.521+0000] {dag.py:3834} INFO - Setting next_dagrun for example_xcom to 2021-01-01 00:00:00+00:00, run_after=2021-01-01 00:00:00+00:00
[2024-04-24T05:37:14.530+0000] {processor.py:183} INFO - Processing /home/airflow/.local/lib/python3.8/site-packages/airflow/example_dags/example_xcom.py took 0.038 seconds
[2024-04-24T05:37:45.184+0000] {processor.py:161} INFO - Started process (PID=3050) to work on /home/airflow/.local/lib/python3.8/site-packages/airflow/example_dags/example_xcom.py
[2024-04-24T05:37:45.184+0000] {processor.py:830} INFO - Processing file /home/airflow/.local/lib/python3.8/site-packages/airflow/example_dags/example_xcom.py for tasks to queue
[2024-04-24T05:37:45.185+0000] {logging_mixin.py:188} INFO - [2024-04-24T05:37:45.185+0000] {dagbag.py:540} INFO - Filling up the DagBag from /home/airflow/.local/lib/python3.8/site-packages/airflow/example_dags/example_xcom.py
[2024-04-24T05:37:45.189+0000] {processor.py:840} INFO - DAG(s) 'example_xcom' retrieved from /home/airflow/.local/lib/python3.8/site-packages/airflow/example_dags/example_xcom.py
[2024-04-24T05:37:45.200+0000] {logging_mixin.py:188} INFO - [2024-04-24T05:37:45.200+0000] {dag.py:3047} INFO - Sync 1 DAGs
[2024-04-24T05:37:45.211+0000] {logging_mixin.py:188} INFO - [2024-04-24T05:37:45.211+0000] {dag.py:3834} INFO - Setting next_dagrun for example_xcom to 2021-01-01 00:00:00+00:00, run_after=2021-01-01 00:00:00+00:00
[2024-04-24T05:37:45.220+0000] {processor.py:183} INFO - Processing /home/airflow/.local/lib/python3.8/site-packages/airflow/example_dags/example_xcom.py took 0.039 seconds
[2024-04-24T05:38:15.654+0000] {processor.py:161} INFO - Started process (PID=3105) to work on /home/airflow/.local/lib/python3.8/site-packages/airflow/example_dags/example_xcom.py
[2024-04-24T05:38:15.654+0000] {processor.py:830} INFO - Processing file /home/airflow/.local/lib/python3.8/site-packages/airflow/example_dags/example_xcom.py for tasks to queue
[2024-04-24T05:38:15.655+0000] {logging_mixin.py:188} INFO - [2024-04-24T05:38:15.655+0000] {dagbag.py:540} INFO - Filling up the DagBag from /home/airflow/.local/lib/python3.8/site-packages/airflow/example_dags/example_xcom.py
[2024-04-24T05:38:15.659+0000] {processor.py:840} INFO - DAG(s) 'example_xcom' retrieved from /home/airflow/.local/lib/python3.8/site-packages/airflow/example_dags/example_xcom.py
[2024-04-24T05:38:15.671+0000] {logging_mixin.py:188} INFO - [2024-04-24T05:38:15.671+0000] {dag.py:3047} INFO - Sync 1 DAGs
[2024-04-24T05:38:15.683+0000] {logging_mixin.py:188} INFO - [2024-04-24T05:38:15.683+0000] {dag.py:3834} INFO - Setting next_dagrun for example_xcom to 2021-01-01 00:00:00+00:00, run_after=2021-01-01 00:00:00+00:00
[2024-04-24T05:38:15.693+0000] {processor.py:183} INFO - Processing /home/airflow/.local/lib/python3.8/site-packages/airflow/example_dags/example_xcom.py took 0.041 seconds
[2024-04-24T05:40:50.480+0000] {processor.py:161} INFO - Started process (PID=53) to work on /home/airflow/.local/lib/python3.8/site-packages/airflow/example_dags/example_xcom.py
[2024-04-24T05:40:50.480+0000] {processor.py:830} INFO - Processing file /home/airflow/.local/lib/python3.8/site-packages/airflow/example_dags/example_xcom.py for tasks to queue
[2024-04-24T05:40:50.481+0000] {logging_mixin.py:188} INFO - [2024-04-24T05:40:50.481+0000] {dagbag.py:540} INFO - Filling up the DagBag from /home/airflow/.local/lib/python3.8/site-packages/airflow/example_dags/example_xcom.py
[2024-04-24T05:40:50.487+0000] {processor.py:840} INFO - DAG(s) 'example_xcom' retrieved from /home/airflow/.local/lib/python3.8/site-packages/airflow/example_dags/example_xcom.py
[2024-04-24T05:40:50.493+0000] {logging_mixin.py:188} INFO - [2024-04-24T05:40:50.493+0000] {dag.py:3047} INFO - Sync 1 DAGs
[2024-04-24T05:40:50.505+0000] {logging_mixin.py:188} INFO - [2024-04-24T05:40:50.505+0000] {dag.py:3834} INFO - Setting next_dagrun for example_xcom to 2021-01-01 00:00:00+00:00, run_after=2021-01-01 00:00:00+00:00
[2024-04-24T05:40:50.516+0000] {processor.py:183} INFO - Processing /home/airflow/.local/lib/python3.8/site-packages/airflow/example_dags/example_xcom.py took 0.038 seconds
[2024-04-24T05:41:20.987+0000] {processor.py:161} INFO - Started process (PID=108) to work on /home/airflow/.local/lib/python3.8/site-packages/airflow/example_dags/example_xcom.py
[2024-04-24T05:41:20.987+0000] {processor.py:830} INFO - Processing file /home/airflow/.local/lib/python3.8/site-packages/airflow/example_dags/example_xcom.py for tasks to queue
[2024-04-24T05:41:20.989+0000] {logging_mixin.py:188} INFO - [2024-04-24T05:41:20.988+0000] {dagbag.py:540} INFO - Filling up the DagBag from /home/airflow/.local/lib/python3.8/site-packages/airflow/example_dags/example_xcom.py
[2024-04-24T05:41:20.993+0000] {processor.py:840} INFO - DAG(s) 'example_xcom' retrieved from /home/airflow/.local/lib/python3.8/site-packages/airflow/example_dags/example_xcom.py
[2024-04-24T05:41:21.045+0000] {logging_mixin.py:188} INFO - [2024-04-24T05:41:21.045+0000] {dag.py:3047} INFO - Sync 1 DAGs
[2024-04-24T05:41:21.055+0000] {logging_mixin.py:188} INFO - [2024-04-24T05:41:21.054+0000] {dag.py:3834} INFO - Setting next_dagrun for example_xcom to 2021-01-01 00:00:00+00:00, run_after=2021-01-01 00:00:00+00:00
[2024-04-24T05:41:21.065+0000] {processor.py:183} INFO - Processing /home/airflow/.local/lib/python3.8/site-packages/airflow/example_dags/example_xcom.py took 0.080 seconds
