[2024-04-24T05:11:15.417+0000] {processor.py:161} INFO - Started process (PID=68) to work on /home/airflow/.local/lib/python3.8/site-packages/airflow/example_dags/example_sensors.py
[2024-04-24T05:11:15.418+0000] {processor.py:830} INFO - Processing file /home/airflow/.local/lib/python3.8/site-packages/airflow/example_dags/example_sensors.py for tasks to queue
[2024-04-24T05:11:15.419+0000] {logging_mixin.py:188} INFO - [2024-04-24T05:11:15.419+0000] {dagbag.py:540} INFO - Filling up the DagBag from /home/airflow/.local/lib/python3.8/site-packages/airflow/example_dags/example_sensors.py
[2024-04-24T05:11:15.426+0000] {processor.py:840} INFO - DAG(s) 'example_sensors' retrieved from /home/airflow/.local/lib/python3.8/site-packages/airflow/example_dags/example_sensors.py
[2024-04-24T05:11:15.444+0000] {logging_mixin.py:188} INFO - [2024-04-24T05:11:15.444+0000] {dag.py:3047} INFO - Sync 1 DAGs
[2024-04-24T05:11:15.451+0000] {logging_mixin.py:188} INFO - [2024-04-24T05:11:15.451+0000] {dag.py:3834} INFO - Setting next_dagrun for example_sensors to None, run_after=None
[2024-04-24T05:11:15.461+0000] {processor.py:183} INFO - Processing /home/airflow/.local/lib/python3.8/site-packages/airflow/example_dags/example_sensors.py took 0.046 seconds
[2024-04-24T05:11:46.240+0000] {processor.py:161} INFO - Started process (PID=126) to work on /home/airflow/.local/lib/python3.8/site-packages/airflow/example_dags/example_sensors.py
[2024-04-24T05:11:46.240+0000] {processor.py:830} INFO - Processing file /home/airflow/.local/lib/python3.8/site-packages/airflow/example_dags/example_sensors.py for tasks to queue
[2024-04-24T05:11:46.242+0000] {logging_mixin.py:188} INFO - [2024-04-24T05:11:46.241+0000] {dagbag.py:540} INFO - Filling up the DagBag from /home/airflow/.local/lib/python3.8/site-packages/airflow/example_dags/example_sensors.py
[2024-04-24T05:11:46.247+0000] {processor.py:840} INFO - DAG(s) 'example_sensors' retrieved from /home/airflow/.local/lib/python3.8/site-packages/airflow/example_dags/example_sensors.py
[2024-04-24T05:11:46.260+0000] {logging_mixin.py:188} INFO - [2024-04-24T05:11:46.259+0000] {dag.py:3047} INFO - Sync 1 DAGs
[2024-04-24T05:11:46.266+0000] {logging_mixin.py:188} INFO - [2024-04-24T05:11:46.266+0000] {dag.py:3834} INFO - Setting next_dagrun for example_sensors to None, run_after=None
[2024-04-24T05:11:46.276+0000] {processor.py:183} INFO - Processing /home/airflow/.local/lib/python3.8/site-packages/airflow/example_dags/example_sensors.py took 0.038 seconds
[2024-04-24T05:12:16.840+0000] {processor.py:161} INFO - Started process (PID=184) to work on /home/airflow/.local/lib/python3.8/site-packages/airflow/example_dags/example_sensors.py
[2024-04-24T05:12:16.840+0000] {processor.py:830} INFO - Processing file /home/airflow/.local/lib/python3.8/site-packages/airflow/example_dags/example_sensors.py for tasks to queue
[2024-04-24T05:12:16.842+0000] {logging_mixin.py:188} INFO - [2024-04-24T05:12:16.841+0000] {dagbag.py:540} INFO - Filling up the DagBag from /home/airflow/.local/lib/python3.8/site-packages/airflow/example_dags/example_sensors.py
[2024-04-24T05:12:16.847+0000] {processor.py:840} INFO - DAG(s) 'example_sensors' retrieved from /home/airflow/.local/lib/python3.8/site-packages/airflow/example_dags/example_sensors.py
[2024-04-24T05:12:16.863+0000] {logging_mixin.py:188} INFO - [2024-04-24T05:12:16.862+0000] {dag.py:3047} INFO - Sync 1 DAGs
[2024-04-24T05:12:16.870+0000] {logging_mixin.py:188} INFO - [2024-04-24T05:12:16.869+0000] {dag.py:3834} INFO - Setting next_dagrun for example_sensors to None, run_after=None
[2024-04-24T05:12:16.880+0000] {processor.py:183} INFO - Processing /home/airflow/.local/lib/python3.8/site-packages/airflow/example_dags/example_sensors.py took 0.042 seconds
[2024-04-24T05:12:47.501+0000] {processor.py:161} INFO - Started process (PID=242) to work on /home/airflow/.local/lib/python3.8/site-packages/airflow/example_dags/example_sensors.py
[2024-04-24T05:12:47.501+0000] {processor.py:830} INFO - Processing file /home/airflow/.local/lib/python3.8/site-packages/airflow/example_dags/example_sensors.py for tasks to queue
[2024-04-24T05:12:47.502+0000] {logging_mixin.py:188} INFO - [2024-04-24T05:12:47.502+0000] {dagbag.py:540} INFO - Filling up the DagBag from /home/airflow/.local/lib/python3.8/site-packages/airflow/example_dags/example_sensors.py
[2024-04-24T05:12:47.507+0000] {processor.py:840} INFO - DAG(s) 'example_sensors' retrieved from /home/airflow/.local/lib/python3.8/site-packages/airflow/example_dags/example_sensors.py
[2024-04-24T05:12:47.521+0000] {logging_mixin.py:188} INFO - [2024-04-24T05:12:47.521+0000] {dag.py:3047} INFO - Sync 1 DAGs
[2024-04-24T05:12:47.529+0000] {logging_mixin.py:188} INFO - [2024-04-24T05:12:47.529+0000] {dag.py:3834} INFO - Setting next_dagrun for example_sensors to None, run_after=None
[2024-04-24T05:12:47.540+0000] {processor.py:183} INFO - Processing /home/airflow/.local/lib/python3.8/site-packages/airflow/example_dags/example_sensors.py took 0.042 seconds
[2024-04-24T05:13:18.151+0000] {processor.py:161} INFO - Started process (PID=300) to work on /home/airflow/.local/lib/python3.8/site-packages/airflow/example_dags/example_sensors.py
[2024-04-24T05:13:18.151+0000] {processor.py:830} INFO - Processing file /home/airflow/.local/lib/python3.8/site-packages/airflow/example_dags/example_sensors.py for tasks to queue
[2024-04-24T05:13:18.153+0000] {logging_mixin.py:188} INFO - [2024-04-24T05:13:18.152+0000] {dagbag.py:540} INFO - Filling up the DagBag from /home/airflow/.local/lib/python3.8/site-packages/airflow/example_dags/example_sensors.py
[2024-04-24T05:13:18.158+0000] {processor.py:840} INFO - DAG(s) 'example_sensors' retrieved from /home/airflow/.local/lib/python3.8/site-packages/airflow/example_dags/example_sensors.py
[2024-04-24T05:13:18.170+0000] {logging_mixin.py:188} INFO - [2024-04-24T05:13:18.170+0000] {dag.py:3047} INFO - Sync 1 DAGs
[2024-04-24T05:13:18.177+0000] {logging_mixin.py:188} INFO - [2024-04-24T05:13:18.177+0000] {dag.py:3834} INFO - Setting next_dagrun for example_sensors to None, run_after=None
[2024-04-24T05:13:18.187+0000] {processor.py:183} INFO - Processing /home/airflow/.local/lib/python3.8/site-packages/airflow/example_dags/example_sensors.py took 0.038 seconds
[2024-04-24T05:13:48.805+0000] {processor.py:161} INFO - Started process (PID=358) to work on /home/airflow/.local/lib/python3.8/site-packages/airflow/example_dags/example_sensors.py
[2024-04-24T05:13:48.805+0000] {processor.py:830} INFO - Processing file /home/airflow/.local/lib/python3.8/site-packages/airflow/example_dags/example_sensors.py for tasks to queue
[2024-04-24T05:13:48.806+0000] {logging_mixin.py:188} INFO - [2024-04-24T05:13:48.806+0000] {dagbag.py:540} INFO - Filling up the DagBag from /home/airflow/.local/lib/python3.8/site-packages/airflow/example_dags/example_sensors.py
[2024-04-24T05:13:48.811+0000] {processor.py:840} INFO - DAG(s) 'example_sensors' retrieved from /home/airflow/.local/lib/python3.8/site-packages/airflow/example_dags/example_sensors.py
[2024-04-24T05:13:48.824+0000] {logging_mixin.py:188} INFO - [2024-04-24T05:13:48.824+0000] {dag.py:3047} INFO - Sync 1 DAGs
[2024-04-24T05:13:48.830+0000] {logging_mixin.py:188} INFO - [2024-04-24T05:13:48.830+0000] {dag.py:3834} INFO - Setting next_dagrun for example_sensors to None, run_after=None
[2024-04-24T05:13:48.841+0000] {processor.py:183} INFO - Processing /home/airflow/.local/lib/python3.8/site-packages/airflow/example_dags/example_sensors.py took 0.038 seconds
[2024-04-24T05:14:19.568+0000] {processor.py:161} INFO - Started process (PID=416) to work on /home/airflow/.local/lib/python3.8/site-packages/airflow/example_dags/example_sensors.py
[2024-04-24T05:14:19.568+0000] {processor.py:830} INFO - Processing file /home/airflow/.local/lib/python3.8/site-packages/airflow/example_dags/example_sensors.py for tasks to queue
[2024-04-24T05:14:19.569+0000] {logging_mixin.py:188} INFO - [2024-04-24T05:14:19.569+0000] {dagbag.py:540} INFO - Filling up the DagBag from /home/airflow/.local/lib/python3.8/site-packages/airflow/example_dags/example_sensors.py
[2024-04-24T05:14:19.574+0000] {processor.py:840} INFO - DAG(s) 'example_sensors' retrieved from /home/airflow/.local/lib/python3.8/site-packages/airflow/example_dags/example_sensors.py
[2024-04-24T05:14:19.587+0000] {logging_mixin.py:188} INFO - [2024-04-24T05:14:19.587+0000] {dag.py:3047} INFO - Sync 1 DAGs
[2024-04-24T05:14:19.593+0000] {logging_mixin.py:188} INFO - [2024-04-24T05:14:19.593+0000] {dag.py:3834} INFO - Setting next_dagrun for example_sensors to None, run_after=None
[2024-04-24T05:14:19.602+0000] {processor.py:183} INFO - Processing /home/airflow/.local/lib/python3.8/site-packages/airflow/example_dags/example_sensors.py took 0.036 seconds
[2024-04-24T05:14:50.272+0000] {processor.py:161} INFO - Started process (PID=474) to work on /home/airflow/.local/lib/python3.8/site-packages/airflow/example_dags/example_sensors.py
[2024-04-24T05:14:50.272+0000] {processor.py:830} INFO - Processing file /home/airflow/.local/lib/python3.8/site-packages/airflow/example_dags/example_sensors.py for tasks to queue
[2024-04-24T05:14:50.273+0000] {logging_mixin.py:188} INFO - [2024-04-24T05:14:50.273+0000] {dagbag.py:540} INFO - Filling up the DagBag from /home/airflow/.local/lib/python3.8/site-packages/airflow/example_dags/example_sensors.py
[2024-04-24T05:14:50.278+0000] {processor.py:840} INFO - DAG(s) 'example_sensors' retrieved from /home/airflow/.local/lib/python3.8/site-packages/airflow/example_dags/example_sensors.py
[2024-04-24T05:14:50.291+0000] {logging_mixin.py:188} INFO - [2024-04-24T05:14:50.291+0000] {dag.py:3047} INFO - Sync 1 DAGs
[2024-04-24T05:14:50.297+0000] {logging_mixin.py:188} INFO - [2024-04-24T05:14:50.297+0000] {dag.py:3834} INFO - Setting next_dagrun for example_sensors to None, run_after=None
[2024-04-24T05:14:50.307+0000] {processor.py:183} INFO - Processing /home/airflow/.local/lib/python3.8/site-packages/airflow/example_dags/example_sensors.py took 0.037 seconds
[2024-04-24T05:15:20.797+0000] {processor.py:161} INFO - Started process (PID=533) to work on /home/airflow/.local/lib/python3.8/site-packages/airflow/example_dags/example_sensors.py
[2024-04-24T05:15:20.797+0000] {processor.py:830} INFO - Processing file /home/airflow/.local/lib/python3.8/site-packages/airflow/example_dags/example_sensors.py for tasks to queue
[2024-04-24T05:15:20.798+0000] {logging_mixin.py:188} INFO - [2024-04-24T05:15:20.798+0000] {dagbag.py:540} INFO - Filling up the DagBag from /home/airflow/.local/lib/python3.8/site-packages/airflow/example_dags/example_sensors.py
[2024-04-24T05:15:20.803+0000] {processor.py:840} INFO - DAG(s) 'example_sensors' retrieved from /home/airflow/.local/lib/python3.8/site-packages/airflow/example_dags/example_sensors.py
[2024-04-24T05:15:20.816+0000] {logging_mixin.py:188} INFO - [2024-04-24T05:15:20.816+0000] {dag.py:3047} INFO - Sync 1 DAGs
[2024-04-24T05:15:20.822+0000] {logging_mixin.py:188} INFO - [2024-04-24T05:15:20.822+0000] {dag.py:3834} INFO - Setting next_dagrun for example_sensors to None, run_after=None
[2024-04-24T05:15:20.832+0000] {processor.py:183} INFO - Processing /home/airflow/.local/lib/python3.8/site-packages/airflow/example_dags/example_sensors.py took 0.037 seconds
[2024-04-24T05:15:51.283+0000] {processor.py:161} INFO - Started process (PID=591) to work on /home/airflow/.local/lib/python3.8/site-packages/airflow/example_dags/example_sensors.py
[2024-04-24T05:15:51.284+0000] {processor.py:830} INFO - Processing file /home/airflow/.local/lib/python3.8/site-packages/airflow/example_dags/example_sensors.py for tasks to queue
[2024-04-24T05:15:51.285+0000] {logging_mixin.py:188} INFO - [2024-04-24T05:15:51.285+0000] {dagbag.py:540} INFO - Filling up the DagBag from /home/airflow/.local/lib/python3.8/site-packages/airflow/example_dags/example_sensors.py
[2024-04-24T05:15:51.290+0000] {processor.py:840} INFO - DAG(s) 'example_sensors' retrieved from /home/airflow/.local/lib/python3.8/site-packages/airflow/example_dags/example_sensors.py
[2024-04-24T05:15:51.302+0000] {logging_mixin.py:188} INFO - [2024-04-24T05:15:51.302+0000] {dag.py:3047} INFO - Sync 1 DAGs
[2024-04-24T05:15:51.309+0000] {logging_mixin.py:188} INFO - [2024-04-24T05:15:51.309+0000] {dag.py:3834} INFO - Setting next_dagrun for example_sensors to None, run_after=None
[2024-04-24T05:15:51.318+0000] {processor.py:183} INFO - Processing /home/airflow/.local/lib/python3.8/site-packages/airflow/example_dags/example_sensors.py took 0.037 seconds
[2024-04-24T05:16:21.798+0000] {processor.py:161} INFO - Started process (PID=649) to work on /home/airflow/.local/lib/python3.8/site-packages/airflow/example_dags/example_sensors.py
[2024-04-24T05:16:21.799+0000] {processor.py:830} INFO - Processing file /home/airflow/.local/lib/python3.8/site-packages/airflow/example_dags/example_sensors.py for tasks to queue
[2024-04-24T05:16:21.800+0000] {logging_mixin.py:188} INFO - [2024-04-24T05:16:21.800+0000] {dagbag.py:540} INFO - Filling up the DagBag from /home/airflow/.local/lib/python3.8/site-packages/airflow/example_dags/example_sensors.py
[2024-04-24T05:16:21.805+0000] {processor.py:840} INFO - DAG(s) 'example_sensors' retrieved from /home/airflow/.local/lib/python3.8/site-packages/airflow/example_dags/example_sensors.py
[2024-04-24T05:16:21.818+0000] {logging_mixin.py:188} INFO - [2024-04-24T05:16:21.818+0000] {dag.py:3047} INFO - Sync 1 DAGs
[2024-04-24T05:16:21.825+0000] {logging_mixin.py:188} INFO - [2024-04-24T05:16:21.825+0000] {dag.py:3834} INFO - Setting next_dagrun for example_sensors to None, run_after=None
[2024-04-24T05:16:21.835+0000] {processor.py:183} INFO - Processing /home/airflow/.local/lib/python3.8/site-packages/airflow/example_dags/example_sensors.py took 0.038 seconds
[2024-04-24T05:16:52.347+0000] {processor.py:161} INFO - Started process (PID=707) to work on /home/airflow/.local/lib/python3.8/site-packages/airflow/example_dags/example_sensors.py
[2024-04-24T05:16:52.348+0000] {processor.py:830} INFO - Processing file /home/airflow/.local/lib/python3.8/site-packages/airflow/example_dags/example_sensors.py for tasks to queue
[2024-04-24T05:16:52.349+0000] {logging_mixin.py:188} INFO - [2024-04-24T05:16:52.349+0000] {dagbag.py:540} INFO - Filling up the DagBag from /home/airflow/.local/lib/python3.8/site-packages/airflow/example_dags/example_sensors.py
[2024-04-24T05:16:52.354+0000] {processor.py:840} INFO - DAG(s) 'example_sensors' retrieved from /home/airflow/.local/lib/python3.8/site-packages/airflow/example_dags/example_sensors.py
[2024-04-24T05:16:52.369+0000] {logging_mixin.py:188} INFO - [2024-04-24T05:16:52.369+0000] {dag.py:3047} INFO - Sync 1 DAGs
[2024-04-24T05:16:52.376+0000] {logging_mixin.py:188} INFO - [2024-04-24T05:16:52.376+0000] {dag.py:3834} INFO - Setting next_dagrun for example_sensors to None, run_after=None
[2024-04-24T05:16:52.387+0000] {processor.py:183} INFO - Processing /home/airflow/.local/lib/python3.8/site-packages/airflow/example_dags/example_sensors.py took 0.041 seconds
[2024-04-24T05:17:22.848+0000] {processor.py:161} INFO - Started process (PID=765) to work on /home/airflow/.local/lib/python3.8/site-packages/airflow/example_dags/example_sensors.py
[2024-04-24T05:17:22.849+0000] {processor.py:830} INFO - Processing file /home/airflow/.local/lib/python3.8/site-packages/airflow/example_dags/example_sensors.py for tasks to queue
[2024-04-24T05:17:22.850+0000] {logging_mixin.py:188} INFO - [2024-04-24T05:17:22.849+0000] {dagbag.py:540} INFO - Filling up the DagBag from /home/airflow/.local/lib/python3.8/site-packages/airflow/example_dags/example_sensors.py
[2024-04-24T05:17:22.855+0000] {processor.py:840} INFO - DAG(s) 'example_sensors' retrieved from /home/airflow/.local/lib/python3.8/site-packages/airflow/example_dags/example_sensors.py
[2024-04-24T05:17:22.868+0000] {logging_mixin.py:188} INFO - [2024-04-24T05:17:22.868+0000] {dag.py:3047} INFO - Sync 1 DAGs
[2024-04-24T05:17:22.875+0000] {logging_mixin.py:188} INFO - [2024-04-24T05:17:22.875+0000] {dag.py:3834} INFO - Setting next_dagrun for example_sensors to None, run_after=None
[2024-04-24T05:17:22.885+0000] {processor.py:183} INFO - Processing /home/airflow/.local/lib/python3.8/site-packages/airflow/example_dags/example_sensors.py took 0.039 seconds
[2024-04-24T05:17:53.455+0000] {processor.py:161} INFO - Started process (PID=823) to work on /home/airflow/.local/lib/python3.8/site-packages/airflow/example_dags/example_sensors.py
[2024-04-24T05:17:53.456+0000] {processor.py:830} INFO - Processing file /home/airflow/.local/lib/python3.8/site-packages/airflow/example_dags/example_sensors.py for tasks to queue
[2024-04-24T05:17:53.457+0000] {logging_mixin.py:188} INFO - [2024-04-24T05:17:53.457+0000] {dagbag.py:540} INFO - Filling up the DagBag from /home/airflow/.local/lib/python3.8/site-packages/airflow/example_dags/example_sensors.py
[2024-04-24T05:17:53.462+0000] {processor.py:840} INFO - DAG(s) 'example_sensors' retrieved from /home/airflow/.local/lib/python3.8/site-packages/airflow/example_dags/example_sensors.py
[2024-04-24T05:17:53.476+0000] {logging_mixin.py:188} INFO - [2024-04-24T05:17:53.476+0000] {dag.py:3047} INFO - Sync 1 DAGs
[2024-04-24T05:17:53.483+0000] {logging_mixin.py:188} INFO - [2024-04-24T05:17:53.483+0000] {dag.py:3834} INFO - Setting next_dagrun for example_sensors to None, run_after=None
[2024-04-24T05:17:53.493+0000] {processor.py:183} INFO - Processing /home/airflow/.local/lib/python3.8/site-packages/airflow/example_dags/example_sensors.py took 0.040 seconds
[2024-04-24T05:18:24.207+0000] {processor.py:161} INFO - Started process (PID=881) to work on /home/airflow/.local/lib/python3.8/site-packages/airflow/example_dags/example_sensors.py
[2024-04-24T05:18:24.207+0000] {processor.py:830} INFO - Processing file /home/airflow/.local/lib/python3.8/site-packages/airflow/example_dags/example_sensors.py for tasks to queue
[2024-04-24T05:18:24.208+0000] {logging_mixin.py:188} INFO - [2024-04-24T05:18:24.208+0000] {dagbag.py:540} INFO - Filling up the DagBag from /home/airflow/.local/lib/python3.8/site-packages/airflow/example_dags/example_sensors.py
[2024-04-24T05:18:24.213+0000] {processor.py:840} INFO - DAG(s) 'example_sensors' retrieved from /home/airflow/.local/lib/python3.8/site-packages/airflow/example_dags/example_sensors.py
[2024-04-24T05:18:24.227+0000] {logging_mixin.py:188} INFO - [2024-04-24T05:18:24.226+0000] {dag.py:3047} INFO - Sync 1 DAGs
[2024-04-24T05:18:24.233+0000] {logging_mixin.py:188} INFO - [2024-04-24T05:18:24.233+0000] {dag.py:3834} INFO - Setting next_dagrun for example_sensors to None, run_after=None
[2024-04-24T05:18:24.243+0000] {processor.py:183} INFO - Processing /home/airflow/.local/lib/python3.8/site-packages/airflow/example_dags/example_sensors.py took 0.038 seconds
[2024-04-24T05:18:54.776+0000] {processor.py:161} INFO - Started process (PID=939) to work on /home/airflow/.local/lib/python3.8/site-packages/airflow/example_dags/example_sensors.py
[2024-04-24T05:18:54.776+0000] {processor.py:830} INFO - Processing file /home/airflow/.local/lib/python3.8/site-packages/airflow/example_dags/example_sensors.py for tasks to queue
[2024-04-24T05:18:54.777+0000] {logging_mixin.py:188} INFO - [2024-04-24T05:18:54.777+0000] {dagbag.py:540} INFO - Filling up the DagBag from /home/airflow/.local/lib/python3.8/site-packages/airflow/example_dags/example_sensors.py
[2024-04-24T05:18:54.782+0000] {processor.py:840} INFO - DAG(s) 'example_sensors' retrieved from /home/airflow/.local/lib/python3.8/site-packages/airflow/example_dags/example_sensors.py
[2024-04-24T05:18:54.795+0000] {logging_mixin.py:188} INFO - [2024-04-24T05:18:54.795+0000] {dag.py:3047} INFO - Sync 1 DAGs
[2024-04-24T05:18:54.801+0000] {logging_mixin.py:188} INFO - [2024-04-24T05:18:54.801+0000] {dag.py:3834} INFO - Setting next_dagrun for example_sensors to None, run_after=None
[2024-04-24T05:18:54.811+0000] {processor.py:183} INFO - Processing /home/airflow/.local/lib/python3.8/site-packages/airflow/example_dags/example_sensors.py took 0.037 seconds
[2024-04-24T05:19:25.351+0000] {processor.py:161} INFO - Started process (PID=997) to work on /home/airflow/.local/lib/python3.8/site-packages/airflow/example_dags/example_sensors.py
[2024-04-24T05:19:25.351+0000] {processor.py:830} INFO - Processing file /home/airflow/.local/lib/python3.8/site-packages/airflow/example_dags/example_sensors.py for tasks to queue
[2024-04-24T05:19:25.352+0000] {logging_mixin.py:188} INFO - [2024-04-24T05:19:25.352+0000] {dagbag.py:540} INFO - Filling up the DagBag from /home/airflow/.local/lib/python3.8/site-packages/airflow/example_dags/example_sensors.py
[2024-04-24T05:19:25.357+0000] {processor.py:840} INFO - DAG(s) 'example_sensors' retrieved from /home/airflow/.local/lib/python3.8/site-packages/airflow/example_dags/example_sensors.py
[2024-04-24T05:19:25.370+0000] {logging_mixin.py:188} INFO - [2024-04-24T05:19:25.370+0000] {dag.py:3047} INFO - Sync 1 DAGs
[2024-04-24T05:19:25.376+0000] {logging_mixin.py:188} INFO - [2024-04-24T05:19:25.376+0000] {dag.py:3834} INFO - Setting next_dagrun for example_sensors to None, run_after=None
[2024-04-24T05:19:25.386+0000] {processor.py:183} INFO - Processing /home/airflow/.local/lib/python3.8/site-packages/airflow/example_dags/example_sensors.py took 0.037 seconds
[2024-04-24T05:19:55.880+0000] {processor.py:161} INFO - Started process (PID=1055) to work on /home/airflow/.local/lib/python3.8/site-packages/airflow/example_dags/example_sensors.py
[2024-04-24T05:19:55.881+0000] {processor.py:830} INFO - Processing file /home/airflow/.local/lib/python3.8/site-packages/airflow/example_dags/example_sensors.py for tasks to queue
[2024-04-24T05:19:55.882+0000] {logging_mixin.py:188} INFO - [2024-04-24T05:19:55.882+0000] {dagbag.py:540} INFO - Filling up the DagBag from /home/airflow/.local/lib/python3.8/site-packages/airflow/example_dags/example_sensors.py
[2024-04-24T05:19:55.887+0000] {processor.py:840} INFO - DAG(s) 'example_sensors' retrieved from /home/airflow/.local/lib/python3.8/site-packages/airflow/example_dags/example_sensors.py
[2024-04-24T05:19:55.900+0000] {logging_mixin.py:188} INFO - [2024-04-24T05:19:55.900+0000] {dag.py:3047} INFO - Sync 1 DAGs
[2024-04-24T05:19:55.906+0000] {logging_mixin.py:188} INFO - [2024-04-24T05:19:55.906+0000] {dag.py:3834} INFO - Setting next_dagrun for example_sensors to None, run_after=None
[2024-04-24T05:19:55.916+0000] {processor.py:183} INFO - Processing /home/airflow/.local/lib/python3.8/site-packages/airflow/example_dags/example_sensors.py took 0.037 seconds
[2024-04-24T05:20:26.374+0000] {processor.py:161} INFO - Started process (PID=1113) to work on /home/airflow/.local/lib/python3.8/site-packages/airflow/example_dags/example_sensors.py
[2024-04-24T05:20:26.375+0000] {processor.py:830} INFO - Processing file /home/airflow/.local/lib/python3.8/site-packages/airflow/example_dags/example_sensors.py for tasks to queue
[2024-04-24T05:20:26.376+0000] {logging_mixin.py:188} INFO - [2024-04-24T05:20:26.376+0000] {dagbag.py:540} INFO - Filling up the DagBag from /home/airflow/.local/lib/python3.8/site-packages/airflow/example_dags/example_sensors.py
[2024-04-24T05:20:26.381+0000] {processor.py:840} INFO - DAG(s) 'example_sensors' retrieved from /home/airflow/.local/lib/python3.8/site-packages/airflow/example_dags/example_sensors.py
[2024-04-24T05:20:26.393+0000] {logging_mixin.py:188} INFO - [2024-04-24T05:20:26.393+0000] {dag.py:3047} INFO - Sync 1 DAGs
[2024-04-24T05:20:26.400+0000] {logging_mixin.py:188} INFO - [2024-04-24T05:20:26.399+0000] {dag.py:3834} INFO - Setting next_dagrun for example_sensors to None, run_after=None
[2024-04-24T05:20:26.409+0000] {processor.py:183} INFO - Processing /home/airflow/.local/lib/python3.8/site-packages/airflow/example_dags/example_sensors.py took 0.037 seconds
[2024-04-24T05:20:57.012+0000] {processor.py:161} INFO - Started process (PID=1171) to work on /home/airflow/.local/lib/python3.8/site-packages/airflow/example_dags/example_sensors.py
[2024-04-24T05:20:57.012+0000] {processor.py:830} INFO - Processing file /home/airflow/.local/lib/python3.8/site-packages/airflow/example_dags/example_sensors.py for tasks to queue
[2024-04-24T05:20:57.013+0000] {logging_mixin.py:188} INFO - [2024-04-24T05:20:57.013+0000] {dagbag.py:540} INFO - Filling up the DagBag from /home/airflow/.local/lib/python3.8/site-packages/airflow/example_dags/example_sensors.py
[2024-04-24T05:20:57.018+0000] {processor.py:840} INFO - DAG(s) 'example_sensors' retrieved from /home/airflow/.local/lib/python3.8/site-packages/airflow/example_dags/example_sensors.py
[2024-04-24T05:20:57.030+0000] {logging_mixin.py:188} INFO - [2024-04-24T05:20:57.030+0000] {dag.py:3047} INFO - Sync 1 DAGs
[2024-04-24T05:20:57.037+0000] {logging_mixin.py:188} INFO - [2024-04-24T05:20:57.036+0000] {dag.py:3834} INFO - Setting next_dagrun for example_sensors to None, run_after=None
[2024-04-24T05:20:57.046+0000] {processor.py:183} INFO - Processing /home/airflow/.local/lib/python3.8/site-packages/airflow/example_dags/example_sensors.py took 0.036 seconds
[2024-04-24T05:21:27.517+0000] {processor.py:161} INFO - Started process (PID=1229) to work on /home/airflow/.local/lib/python3.8/site-packages/airflow/example_dags/example_sensors.py
[2024-04-24T05:21:27.518+0000] {processor.py:830} INFO - Processing file /home/airflow/.local/lib/python3.8/site-packages/airflow/example_dags/example_sensors.py for tasks to queue
[2024-04-24T05:21:27.519+0000] {logging_mixin.py:188} INFO - [2024-04-24T05:21:27.519+0000] {dagbag.py:540} INFO - Filling up the DagBag from /home/airflow/.local/lib/python3.8/site-packages/airflow/example_dags/example_sensors.py
[2024-04-24T05:21:27.524+0000] {processor.py:840} INFO - DAG(s) 'example_sensors' retrieved from /home/airflow/.local/lib/python3.8/site-packages/airflow/example_dags/example_sensors.py
[2024-04-24T05:21:27.537+0000] {logging_mixin.py:188} INFO - [2024-04-24T05:21:27.536+0000] {dag.py:3047} INFO - Sync 1 DAGs
[2024-04-24T05:21:27.544+0000] {logging_mixin.py:188} INFO - [2024-04-24T05:21:27.544+0000] {dag.py:3834} INFO - Setting next_dagrun for example_sensors to None, run_after=None
[2024-04-24T05:21:27.553+0000] {processor.py:183} INFO - Processing /home/airflow/.local/lib/python3.8/site-packages/airflow/example_dags/example_sensors.py took 0.038 seconds
[2024-04-24T05:21:58.012+0000] {processor.py:161} INFO - Started process (PID=1287) to work on /home/airflow/.local/lib/python3.8/site-packages/airflow/example_dags/example_sensors.py
[2024-04-24T05:21:58.012+0000] {processor.py:830} INFO - Processing file /home/airflow/.local/lib/python3.8/site-packages/airflow/example_dags/example_sensors.py for tasks to queue
[2024-04-24T05:21:58.013+0000] {logging_mixin.py:188} INFO - [2024-04-24T05:21:58.013+0000] {dagbag.py:540} INFO - Filling up the DagBag from /home/airflow/.local/lib/python3.8/site-packages/airflow/example_dags/example_sensors.py
[2024-04-24T05:21:58.018+0000] {processor.py:840} INFO - DAG(s) 'example_sensors' retrieved from /home/airflow/.local/lib/python3.8/site-packages/airflow/example_dags/example_sensors.py
[2024-04-24T05:21:58.031+0000] {logging_mixin.py:188} INFO - [2024-04-24T05:21:58.031+0000] {dag.py:3047} INFO - Sync 1 DAGs
[2024-04-24T05:21:58.037+0000] {logging_mixin.py:188} INFO - [2024-04-24T05:21:58.037+0000] {dag.py:3834} INFO - Setting next_dagrun for example_sensors to None, run_after=None
[2024-04-24T05:21:58.046+0000] {processor.py:183} INFO - Processing /home/airflow/.local/lib/python3.8/site-packages/airflow/example_dags/example_sensors.py took 0.036 seconds
[2024-04-24T05:22:28.487+0000] {processor.py:161} INFO - Started process (PID=1345) to work on /home/airflow/.local/lib/python3.8/site-packages/airflow/example_dags/example_sensors.py
[2024-04-24T05:22:28.488+0000] {processor.py:830} INFO - Processing file /home/airflow/.local/lib/python3.8/site-packages/airflow/example_dags/example_sensors.py for tasks to queue
[2024-04-24T05:22:28.489+0000] {logging_mixin.py:188} INFO - [2024-04-24T05:22:28.489+0000] {dagbag.py:540} INFO - Filling up the DagBag from /home/airflow/.local/lib/python3.8/site-packages/airflow/example_dags/example_sensors.py
[2024-04-24T05:22:28.494+0000] {processor.py:840} INFO - DAG(s) 'example_sensors' retrieved from /home/airflow/.local/lib/python3.8/site-packages/airflow/example_dags/example_sensors.py
[2024-04-24T05:22:28.508+0000] {logging_mixin.py:188} INFO - [2024-04-24T05:22:28.507+0000] {dag.py:3047} INFO - Sync 1 DAGs
[2024-04-24T05:22:28.514+0000] {logging_mixin.py:188} INFO - [2024-04-24T05:22:28.514+0000] {dag.py:3834} INFO - Setting next_dagrun for example_sensors to None, run_after=None
[2024-04-24T05:22:28.524+0000] {processor.py:183} INFO - Processing /home/airflow/.local/lib/python3.8/site-packages/airflow/example_dags/example_sensors.py took 0.038 seconds
[2024-04-24T05:22:59.027+0000] {processor.py:161} INFO - Started process (PID=1403) to work on /home/airflow/.local/lib/python3.8/site-packages/airflow/example_dags/example_sensors.py
[2024-04-24T05:22:59.028+0000] {processor.py:830} INFO - Processing file /home/airflow/.local/lib/python3.8/site-packages/airflow/example_dags/example_sensors.py for tasks to queue
[2024-04-24T05:22:59.029+0000] {logging_mixin.py:188} INFO - [2024-04-24T05:22:59.028+0000] {dagbag.py:540} INFO - Filling up the DagBag from /home/airflow/.local/lib/python3.8/site-packages/airflow/example_dags/example_sensors.py
[2024-04-24T05:22:59.033+0000] {processor.py:840} INFO - DAG(s) 'example_sensors' retrieved from /home/airflow/.local/lib/python3.8/site-packages/airflow/example_dags/example_sensors.py
[2024-04-24T05:22:59.046+0000] {logging_mixin.py:188} INFO - [2024-04-24T05:22:59.046+0000] {dag.py:3047} INFO - Sync 1 DAGs
[2024-04-24T05:22:59.053+0000] {logging_mixin.py:188} INFO - [2024-04-24T05:22:59.053+0000] {dag.py:3834} INFO - Setting next_dagrun for example_sensors to None, run_after=None
[2024-04-24T05:22:59.063+0000] {processor.py:183} INFO - Processing /home/airflow/.local/lib/python3.8/site-packages/airflow/example_dags/example_sensors.py took 0.038 seconds
[2024-04-24T05:23:29.539+0000] {processor.py:161} INFO - Started process (PID=1461) to work on /home/airflow/.local/lib/python3.8/site-packages/airflow/example_dags/example_sensors.py
[2024-04-24T05:23:29.539+0000] {processor.py:830} INFO - Processing file /home/airflow/.local/lib/python3.8/site-packages/airflow/example_dags/example_sensors.py for tasks to queue
[2024-04-24T05:23:29.540+0000] {logging_mixin.py:188} INFO - [2024-04-24T05:23:29.540+0000] {dagbag.py:540} INFO - Filling up the DagBag from /home/airflow/.local/lib/python3.8/site-packages/airflow/example_dags/example_sensors.py
[2024-04-24T05:23:29.545+0000] {processor.py:840} INFO - DAG(s) 'example_sensors' retrieved from /home/airflow/.local/lib/python3.8/site-packages/airflow/example_dags/example_sensors.py
[2024-04-24T05:23:29.558+0000] {logging_mixin.py:188} INFO - [2024-04-24T05:23:29.558+0000] {dag.py:3047} INFO - Sync 1 DAGs
[2024-04-24T05:23:29.565+0000] {logging_mixin.py:188} INFO - [2024-04-24T05:23:29.565+0000] {dag.py:3834} INFO - Setting next_dagrun for example_sensors to None, run_after=None
[2024-04-24T05:23:29.574+0000] {processor.py:183} INFO - Processing /home/airflow/.local/lib/python3.8/site-packages/airflow/example_dags/example_sensors.py took 0.037 seconds
[2024-04-24T05:24:00.045+0000] {processor.py:161} INFO - Started process (PID=1519) to work on /home/airflow/.local/lib/python3.8/site-packages/airflow/example_dags/example_sensors.py
[2024-04-24T05:24:00.046+0000] {processor.py:830} INFO - Processing file /home/airflow/.local/lib/python3.8/site-packages/airflow/example_dags/example_sensors.py for tasks to queue
[2024-04-24T05:24:00.047+0000] {logging_mixin.py:188} INFO - [2024-04-24T05:24:00.046+0000] {dagbag.py:540} INFO - Filling up the DagBag from /home/airflow/.local/lib/python3.8/site-packages/airflow/example_dags/example_sensors.py
[2024-04-24T05:24:00.052+0000] {processor.py:840} INFO - DAG(s) 'example_sensors' retrieved from /home/airflow/.local/lib/python3.8/site-packages/airflow/example_dags/example_sensors.py
[2024-04-24T05:24:00.065+0000] {logging_mixin.py:188} INFO - [2024-04-24T05:24:00.065+0000] {dag.py:3047} INFO - Sync 1 DAGs
[2024-04-24T05:24:00.072+0000] {logging_mixin.py:188} INFO - [2024-04-24T05:24:00.072+0000] {dag.py:3834} INFO - Setting next_dagrun for example_sensors to None, run_after=None
[2024-04-24T05:24:00.083+0000] {processor.py:183} INFO - Processing /home/airflow/.local/lib/python3.8/site-packages/airflow/example_dags/example_sensors.py took 0.040 seconds
[2024-04-24T05:24:30.529+0000] {processor.py:161} INFO - Started process (PID=1577) to work on /home/airflow/.local/lib/python3.8/site-packages/airflow/example_dags/example_sensors.py
[2024-04-24T05:24:30.529+0000] {processor.py:830} INFO - Processing file /home/airflow/.local/lib/python3.8/site-packages/airflow/example_dags/example_sensors.py for tasks to queue
[2024-04-24T05:24:30.530+0000] {logging_mixin.py:188} INFO - [2024-04-24T05:24:30.530+0000] {dagbag.py:540} INFO - Filling up the DagBag from /home/airflow/.local/lib/python3.8/site-packages/airflow/example_dags/example_sensors.py
[2024-04-24T05:24:30.535+0000] {processor.py:840} INFO - DAG(s) 'example_sensors' retrieved from /home/airflow/.local/lib/python3.8/site-packages/airflow/example_dags/example_sensors.py
[2024-04-24T05:24:30.548+0000] {logging_mixin.py:188} INFO - [2024-04-24T05:24:30.548+0000] {dag.py:3047} INFO - Sync 1 DAGs
[2024-04-24T05:24:30.554+0000] {logging_mixin.py:188} INFO - [2024-04-24T05:24:30.554+0000] {dag.py:3834} INFO - Setting next_dagrun for example_sensors to None, run_after=None
[2024-04-24T05:24:30.564+0000] {processor.py:183} INFO - Processing /home/airflow/.local/lib/python3.8/site-packages/airflow/example_dags/example_sensors.py took 0.037 seconds
[2024-04-24T05:25:00.992+0000] {processor.py:161} INFO - Started process (PID=1635) to work on /home/airflow/.local/lib/python3.8/site-packages/airflow/example_dags/example_sensors.py
[2024-04-24T05:25:00.992+0000] {processor.py:830} INFO - Processing file /home/airflow/.local/lib/python3.8/site-packages/airflow/example_dags/example_sensors.py for tasks to queue
[2024-04-24T05:25:00.993+0000] {logging_mixin.py:188} INFO - [2024-04-24T05:25:00.993+0000] {dagbag.py:540} INFO - Filling up the DagBag from /home/airflow/.local/lib/python3.8/site-packages/airflow/example_dags/example_sensors.py
[2024-04-24T05:25:00.998+0000] {processor.py:840} INFO - DAG(s) 'example_sensors' retrieved from /home/airflow/.local/lib/python3.8/site-packages/airflow/example_dags/example_sensors.py
[2024-04-24T05:25:01.011+0000] {logging_mixin.py:188} INFO - [2024-04-24T05:25:01.010+0000] {dag.py:3047} INFO - Sync 1 DAGs
[2024-04-24T05:25:01.017+0000] {logging_mixin.py:188} INFO - [2024-04-24T05:25:01.017+0000] {dag.py:3834} INFO - Setting next_dagrun for example_sensors to None, run_after=None
[2024-04-24T05:25:01.026+0000] {processor.py:183} INFO - Processing /home/airflow/.local/lib/python3.8/site-packages/airflow/example_dags/example_sensors.py took 0.036 seconds
[2024-04-24T05:25:31.416+0000] {processor.py:161} INFO - Started process (PID=1693) to work on /home/airflow/.local/lib/python3.8/site-packages/airflow/example_dags/example_sensors.py
[2024-04-24T05:25:31.417+0000] {processor.py:830} INFO - Processing file /home/airflow/.local/lib/python3.8/site-packages/airflow/example_dags/example_sensors.py for tasks to queue
[2024-04-24T05:25:31.418+0000] {logging_mixin.py:188} INFO - [2024-04-24T05:25:31.418+0000] {dagbag.py:540} INFO - Filling up the DagBag from /home/airflow/.local/lib/python3.8/site-packages/airflow/example_dags/example_sensors.py
[2024-04-24T05:25:31.422+0000] {processor.py:840} INFO - DAG(s) 'example_sensors' retrieved from /home/airflow/.local/lib/python3.8/site-packages/airflow/example_dags/example_sensors.py
[2024-04-24T05:25:31.436+0000] {logging_mixin.py:188} INFO - [2024-04-24T05:25:31.436+0000] {dag.py:3047} INFO - Sync 1 DAGs
[2024-04-24T05:25:31.442+0000] {logging_mixin.py:188} INFO - [2024-04-24T05:25:31.442+0000] {dag.py:3834} INFO - Setting next_dagrun for example_sensors to None, run_after=None
[2024-04-24T05:25:31.452+0000] {processor.py:183} INFO - Processing /home/airflow/.local/lib/python3.8/site-packages/airflow/example_dags/example_sensors.py took 0.037 seconds
[2024-04-24T05:26:02.111+0000] {processor.py:161} INFO - Started process (PID=1751) to work on /home/airflow/.local/lib/python3.8/site-packages/airflow/example_dags/example_sensors.py
[2024-04-24T05:26:02.112+0000] {processor.py:830} INFO - Processing file /home/airflow/.local/lib/python3.8/site-packages/airflow/example_dags/example_sensors.py for tasks to queue
[2024-04-24T05:26:02.113+0000] {logging_mixin.py:188} INFO - [2024-04-24T05:26:02.113+0000] {dagbag.py:540} INFO - Filling up the DagBag from /home/airflow/.local/lib/python3.8/site-packages/airflow/example_dags/example_sensors.py
[2024-04-24T05:26:02.118+0000] {processor.py:840} INFO - DAG(s) 'example_sensors' retrieved from /home/airflow/.local/lib/python3.8/site-packages/airflow/example_dags/example_sensors.py
[2024-04-24T05:26:02.130+0000] {logging_mixin.py:188} INFO - [2024-04-24T05:26:02.130+0000] {dag.py:3047} INFO - Sync 1 DAGs
[2024-04-24T05:26:02.137+0000] {logging_mixin.py:188} INFO - [2024-04-24T05:26:02.136+0000] {dag.py:3834} INFO - Setting next_dagrun for example_sensors to None, run_after=None
[2024-04-24T05:26:02.146+0000] {processor.py:183} INFO - Processing /home/airflow/.local/lib/python3.8/site-packages/airflow/example_dags/example_sensors.py took 0.037 seconds
[2024-04-24T05:26:32.720+0000] {processor.py:161} INFO - Started process (PID=1809) to work on /home/airflow/.local/lib/python3.8/site-packages/airflow/example_dags/example_sensors.py
[2024-04-24T05:26:32.721+0000] {processor.py:830} INFO - Processing file /home/airflow/.local/lib/python3.8/site-packages/airflow/example_dags/example_sensors.py for tasks to queue
[2024-04-24T05:26:32.722+0000] {logging_mixin.py:188} INFO - [2024-04-24T05:26:32.722+0000] {dagbag.py:540} INFO - Filling up the DagBag from /home/airflow/.local/lib/python3.8/site-packages/airflow/example_dags/example_sensors.py
[2024-04-24T05:26:32.727+0000] {processor.py:840} INFO - DAG(s) 'example_sensors' retrieved from /home/airflow/.local/lib/python3.8/site-packages/airflow/example_dags/example_sensors.py
[2024-04-24T05:26:32.740+0000] {logging_mixin.py:188} INFO - [2024-04-24T05:26:32.740+0000] {dag.py:3047} INFO - Sync 1 DAGs
[2024-04-24T05:26:32.746+0000] {logging_mixin.py:188} INFO - [2024-04-24T05:26:32.746+0000] {dag.py:3834} INFO - Setting next_dagrun for example_sensors to None, run_after=None
[2024-04-24T05:26:32.756+0000] {processor.py:183} INFO - Processing /home/airflow/.local/lib/python3.8/site-packages/airflow/example_dags/example_sensors.py took 0.038 seconds
[2024-04-24T05:27:03.430+0000] {processor.py:161} INFO - Started process (PID=1867) to work on /home/airflow/.local/lib/python3.8/site-packages/airflow/example_dags/example_sensors.py
[2024-04-24T05:27:03.431+0000] {processor.py:830} INFO - Processing file /home/airflow/.local/lib/python3.8/site-packages/airflow/example_dags/example_sensors.py for tasks to queue
[2024-04-24T05:27:03.432+0000] {logging_mixin.py:188} INFO - [2024-04-24T05:27:03.431+0000] {dagbag.py:540} INFO - Filling up the DagBag from /home/airflow/.local/lib/python3.8/site-packages/airflow/example_dags/example_sensors.py
[2024-04-24T05:27:03.436+0000] {processor.py:840} INFO - DAG(s) 'example_sensors' retrieved from /home/airflow/.local/lib/python3.8/site-packages/airflow/example_dags/example_sensors.py
[2024-04-24T05:27:03.449+0000] {logging_mixin.py:188} INFO - [2024-04-24T05:27:03.449+0000] {dag.py:3047} INFO - Sync 1 DAGs
[2024-04-24T05:27:03.455+0000] {logging_mixin.py:188} INFO - [2024-04-24T05:27:03.455+0000] {dag.py:3834} INFO - Setting next_dagrun for example_sensors to None, run_after=None
[2024-04-24T05:27:03.465+0000] {processor.py:183} INFO - Processing /home/airflow/.local/lib/python3.8/site-packages/airflow/example_dags/example_sensors.py took 0.037 seconds
[2024-04-24T05:27:34.000+0000] {processor.py:161} INFO - Started process (PID=1925) to work on /home/airflow/.local/lib/python3.8/site-packages/airflow/example_dags/example_sensors.py
[2024-04-24T05:27:34.001+0000] {processor.py:830} INFO - Processing file /home/airflow/.local/lib/python3.8/site-packages/airflow/example_dags/example_sensors.py for tasks to queue
[2024-04-24T05:27:34.002+0000] {logging_mixin.py:188} INFO - [2024-04-24T05:27:34.002+0000] {dagbag.py:540} INFO - Filling up the DagBag from /home/airflow/.local/lib/python3.8/site-packages/airflow/example_dags/example_sensors.py
[2024-04-24T05:27:34.007+0000] {processor.py:840} INFO - DAG(s) 'example_sensors' retrieved from /home/airflow/.local/lib/python3.8/site-packages/airflow/example_dags/example_sensors.py
[2024-04-24T05:27:34.019+0000] {logging_mixin.py:188} INFO - [2024-04-24T05:27:34.019+0000] {dag.py:3047} INFO - Sync 1 DAGs
[2024-04-24T05:27:34.026+0000] {logging_mixin.py:188} INFO - [2024-04-24T05:27:34.026+0000] {dag.py:3834} INFO - Setting next_dagrun for example_sensors to None, run_after=None
[2024-04-24T05:27:34.036+0000] {processor.py:183} INFO - Processing /home/airflow/.local/lib/python3.8/site-packages/airflow/example_dags/example_sensors.py took 0.037 seconds
[2024-04-24T05:28:04.698+0000] {processor.py:161} INFO - Started process (PID=1983) to work on /home/airflow/.local/lib/python3.8/site-packages/airflow/example_dags/example_sensors.py
[2024-04-24T05:28:04.698+0000] {processor.py:830} INFO - Processing file /home/airflow/.local/lib/python3.8/site-packages/airflow/example_dags/example_sensors.py for tasks to queue
[2024-04-24T05:28:04.700+0000] {logging_mixin.py:188} INFO - [2024-04-24T05:28:04.699+0000] {dagbag.py:540} INFO - Filling up the DagBag from /home/airflow/.local/lib/python3.8/site-packages/airflow/example_dags/example_sensors.py
[2024-04-24T05:28:04.704+0000] {processor.py:840} INFO - DAG(s) 'example_sensors' retrieved from /home/airflow/.local/lib/python3.8/site-packages/airflow/example_dags/example_sensors.py
[2024-04-24T05:28:04.719+0000] {logging_mixin.py:188} INFO - [2024-04-24T05:28:04.719+0000] {dag.py:3047} INFO - Sync 1 DAGs
[2024-04-24T05:28:04.725+0000] {logging_mixin.py:188} INFO - [2024-04-24T05:28:04.725+0000] {dag.py:3834} INFO - Setting next_dagrun for example_sensors to None, run_after=None
[2024-04-24T05:28:04.736+0000] {processor.py:183} INFO - Processing /home/airflow/.local/lib/python3.8/site-packages/airflow/example_dags/example_sensors.py took 0.040 seconds
[2024-04-24T05:28:35.473+0000] {processor.py:161} INFO - Started process (PID=2041) to work on /home/airflow/.local/lib/python3.8/site-packages/airflow/example_dags/example_sensors.py
[2024-04-24T05:28:35.474+0000] {processor.py:830} INFO - Processing file /home/airflow/.local/lib/python3.8/site-packages/airflow/example_dags/example_sensors.py for tasks to queue
[2024-04-24T05:28:35.475+0000] {logging_mixin.py:188} INFO - [2024-04-24T05:28:35.475+0000] {dagbag.py:540} INFO - Filling up the DagBag from /home/airflow/.local/lib/python3.8/site-packages/airflow/example_dags/example_sensors.py
[2024-04-24T05:28:35.479+0000] {processor.py:840} INFO - DAG(s) 'example_sensors' retrieved from /home/airflow/.local/lib/python3.8/site-packages/airflow/example_dags/example_sensors.py
[2024-04-24T05:28:35.493+0000] {logging_mixin.py:188} INFO - [2024-04-24T05:28:35.492+0000] {dag.py:3047} INFO - Sync 1 DAGs
[2024-04-24T05:28:35.499+0000] {logging_mixin.py:188} INFO - [2024-04-24T05:28:35.499+0000] {dag.py:3834} INFO - Setting next_dagrun for example_sensors to None, run_after=None
[2024-04-24T05:28:35.509+0000] {processor.py:183} INFO - Processing /home/airflow/.local/lib/python3.8/site-packages/airflow/example_dags/example_sensors.py took 0.037 seconds
[2024-04-24T05:29:06.071+0000] {processor.py:161} INFO - Started process (PID=2099) to work on /home/airflow/.local/lib/python3.8/site-packages/airflow/example_dags/example_sensors.py
[2024-04-24T05:29:06.071+0000] {processor.py:830} INFO - Processing file /home/airflow/.local/lib/python3.8/site-packages/airflow/example_dags/example_sensors.py for tasks to queue
[2024-04-24T05:29:06.072+0000] {logging_mixin.py:188} INFO - [2024-04-24T05:29:06.072+0000] {dagbag.py:540} INFO - Filling up the DagBag from /home/airflow/.local/lib/python3.8/site-packages/airflow/example_dags/example_sensors.py
[2024-04-24T05:29:06.077+0000] {processor.py:840} INFO - DAG(s) 'example_sensors' retrieved from /home/airflow/.local/lib/python3.8/site-packages/airflow/example_dags/example_sensors.py
[2024-04-24T05:29:06.090+0000] {logging_mixin.py:188} INFO - [2024-04-24T05:29:06.090+0000] {dag.py:3047} INFO - Sync 1 DAGs
[2024-04-24T05:29:06.097+0000] {logging_mixin.py:188} INFO - [2024-04-24T05:29:06.097+0000] {dag.py:3834} INFO - Setting next_dagrun for example_sensors to None, run_after=None
[2024-04-24T05:29:06.106+0000] {processor.py:183} INFO - Processing /home/airflow/.local/lib/python3.8/site-packages/airflow/example_dags/example_sensors.py took 0.037 seconds
[2024-04-24T05:29:36.641+0000] {processor.py:161} INFO - Started process (PID=2157) to work on /home/airflow/.local/lib/python3.8/site-packages/airflow/example_dags/example_sensors.py
[2024-04-24T05:29:36.641+0000] {processor.py:830} INFO - Processing file /home/airflow/.local/lib/python3.8/site-packages/airflow/example_dags/example_sensors.py for tasks to queue
[2024-04-24T05:29:36.642+0000] {logging_mixin.py:188} INFO - [2024-04-24T05:29:36.642+0000] {dagbag.py:540} INFO - Filling up the DagBag from /home/airflow/.local/lib/python3.8/site-packages/airflow/example_dags/example_sensors.py
[2024-04-24T05:29:36.647+0000] {processor.py:840} INFO - DAG(s) 'example_sensors' retrieved from /home/airflow/.local/lib/python3.8/site-packages/airflow/example_dags/example_sensors.py
[2024-04-24T05:29:36.660+0000] {logging_mixin.py:188} INFO - [2024-04-24T05:29:36.660+0000] {dag.py:3047} INFO - Sync 1 DAGs
[2024-04-24T05:29:36.666+0000] {logging_mixin.py:188} INFO - [2024-04-24T05:29:36.666+0000] {dag.py:3834} INFO - Setting next_dagrun for example_sensors to None, run_after=None
[2024-04-24T05:29:36.676+0000] {processor.py:183} INFO - Processing /home/airflow/.local/lib/python3.8/site-packages/airflow/example_dags/example_sensors.py took 0.037 seconds
[2024-04-24T05:30:07.084+0000] {processor.py:161} INFO - Started process (PID=2215) to work on /home/airflow/.local/lib/python3.8/site-packages/airflow/example_dags/example_sensors.py
[2024-04-24T05:30:07.085+0000] {processor.py:830} INFO - Processing file /home/airflow/.local/lib/python3.8/site-packages/airflow/example_dags/example_sensors.py for tasks to queue
[2024-04-24T05:30:07.086+0000] {logging_mixin.py:188} INFO - [2024-04-24T05:30:07.086+0000] {dagbag.py:540} INFO - Filling up the DagBag from /home/airflow/.local/lib/python3.8/site-packages/airflow/example_dags/example_sensors.py
[2024-04-24T05:30:07.091+0000] {processor.py:840} INFO - DAG(s) 'example_sensors' retrieved from /home/airflow/.local/lib/python3.8/site-packages/airflow/example_dags/example_sensors.py
[2024-04-24T05:30:07.104+0000] {logging_mixin.py:188} INFO - [2024-04-24T05:30:07.104+0000] {dag.py:3047} INFO - Sync 1 DAGs
[2024-04-24T05:30:07.110+0000] {logging_mixin.py:188} INFO - [2024-04-24T05:30:07.110+0000] {dag.py:3834} INFO - Setting next_dagrun for example_sensors to None, run_after=None
[2024-04-24T05:30:07.120+0000] {processor.py:183} INFO - Processing /home/airflow/.local/lib/python3.8/site-packages/airflow/example_dags/example_sensors.py took 0.037 seconds
[2024-04-24T05:30:37.694+0000] {processor.py:161} INFO - Started process (PID=2273) to work on /home/airflow/.local/lib/python3.8/site-packages/airflow/example_dags/example_sensors.py
[2024-04-24T05:30:37.694+0000] {processor.py:830} INFO - Processing file /home/airflow/.local/lib/python3.8/site-packages/airflow/example_dags/example_sensors.py for tasks to queue
[2024-04-24T05:30:37.695+0000] {logging_mixin.py:188} INFO - [2024-04-24T05:30:37.695+0000] {dagbag.py:540} INFO - Filling up the DagBag from /home/airflow/.local/lib/python3.8/site-packages/airflow/example_dags/example_sensors.py
[2024-04-24T05:30:37.700+0000] {processor.py:840} INFO - DAG(s) 'example_sensors' retrieved from /home/airflow/.local/lib/python3.8/site-packages/airflow/example_dags/example_sensors.py
[2024-04-24T05:30:37.713+0000] {logging_mixin.py:188} INFO - [2024-04-24T05:30:37.713+0000] {dag.py:3047} INFO - Sync 1 DAGs
[2024-04-24T05:30:37.719+0000] {logging_mixin.py:188} INFO - [2024-04-24T05:30:37.719+0000] {dag.py:3834} INFO - Setting next_dagrun for example_sensors to None, run_after=None
[2024-04-24T05:30:37.729+0000] {processor.py:183} INFO - Processing /home/airflow/.local/lib/python3.8/site-packages/airflow/example_dags/example_sensors.py took 0.037 seconds
[2024-04-24T05:31:08.333+0000] {processor.py:161} INFO - Started process (PID=2331) to work on /home/airflow/.local/lib/python3.8/site-packages/airflow/example_dags/example_sensors.py
[2024-04-24T05:31:08.333+0000] {processor.py:830} INFO - Processing file /home/airflow/.local/lib/python3.8/site-packages/airflow/example_dags/example_sensors.py for tasks to queue
[2024-04-24T05:31:08.334+0000] {logging_mixin.py:188} INFO - [2024-04-24T05:31:08.334+0000] {dagbag.py:540} INFO - Filling up the DagBag from /home/airflow/.local/lib/python3.8/site-packages/airflow/example_dags/example_sensors.py
[2024-04-24T05:31:08.339+0000] {processor.py:840} INFO - DAG(s) 'example_sensors' retrieved from /home/airflow/.local/lib/python3.8/site-packages/airflow/example_dags/example_sensors.py
[2024-04-24T05:31:08.352+0000] {logging_mixin.py:188} INFO - [2024-04-24T05:31:08.352+0000] {dag.py:3047} INFO - Sync 1 DAGs
[2024-04-24T05:31:08.359+0000] {logging_mixin.py:188} INFO - [2024-04-24T05:31:08.358+0000] {dag.py:3834} INFO - Setting next_dagrun for example_sensors to None, run_after=None
[2024-04-24T05:31:08.369+0000] {processor.py:183} INFO - Processing /home/airflow/.local/lib/python3.8/site-packages/airflow/example_dags/example_sensors.py took 0.038 seconds
[2024-04-24T05:31:39.148+0000] {processor.py:161} INFO - Started process (PID=2389) to work on /home/airflow/.local/lib/python3.8/site-packages/airflow/example_dags/example_sensors.py
[2024-04-24T05:31:39.149+0000] {processor.py:830} INFO - Processing file /home/airflow/.local/lib/python3.8/site-packages/airflow/example_dags/example_sensors.py for tasks to queue
[2024-04-24T05:31:39.150+0000] {logging_mixin.py:188} INFO - [2024-04-24T05:31:39.150+0000] {dagbag.py:540} INFO - Filling up the DagBag from /home/airflow/.local/lib/python3.8/site-packages/airflow/example_dags/example_sensors.py
[2024-04-24T05:31:39.154+0000] {processor.py:840} INFO - DAG(s) 'example_sensors' retrieved from /home/airflow/.local/lib/python3.8/site-packages/airflow/example_dags/example_sensors.py
[2024-04-24T05:31:39.167+0000] {logging_mixin.py:188} INFO - [2024-04-24T05:31:39.167+0000] {dag.py:3047} INFO - Sync 1 DAGs
[2024-04-24T05:31:39.174+0000] {logging_mixin.py:188} INFO - [2024-04-24T05:31:39.174+0000] {dag.py:3834} INFO - Setting next_dagrun for example_sensors to None, run_after=None
[2024-04-24T05:31:39.183+0000] {processor.py:183} INFO - Processing /home/airflow/.local/lib/python3.8/site-packages/airflow/example_dags/example_sensors.py took 0.037 seconds
[2024-04-24T05:32:09.760+0000] {processor.py:161} INFO - Started process (PID=2447) to work on /home/airflow/.local/lib/python3.8/site-packages/airflow/example_dags/example_sensors.py
[2024-04-24T05:32:09.761+0000] {processor.py:830} INFO - Processing file /home/airflow/.local/lib/python3.8/site-packages/airflow/example_dags/example_sensors.py for tasks to queue
[2024-04-24T05:32:09.762+0000] {logging_mixin.py:188} INFO - [2024-04-24T05:32:09.761+0000] {dagbag.py:540} INFO - Filling up the DagBag from /home/airflow/.local/lib/python3.8/site-packages/airflow/example_dags/example_sensors.py
[2024-04-24T05:32:09.766+0000] {processor.py:840} INFO - DAG(s) 'example_sensors' retrieved from /home/airflow/.local/lib/python3.8/site-packages/airflow/example_dags/example_sensors.py
[2024-04-24T05:32:09.779+0000] {logging_mixin.py:188} INFO - [2024-04-24T05:32:09.779+0000] {dag.py:3047} INFO - Sync 1 DAGs
[2024-04-24T05:32:09.786+0000] {logging_mixin.py:188} INFO - [2024-04-24T05:32:09.786+0000] {dag.py:3834} INFO - Setting next_dagrun for example_sensors to None, run_after=None
[2024-04-24T05:32:09.795+0000] {processor.py:183} INFO - Processing /home/airflow/.local/lib/python3.8/site-packages/airflow/example_dags/example_sensors.py took 0.037 seconds
[2024-04-24T05:32:40.231+0000] {processor.py:161} INFO - Started process (PID=2506) to work on /home/airflow/.local/lib/python3.8/site-packages/airflow/example_dags/example_sensors.py
[2024-04-24T05:32:40.231+0000] {processor.py:830} INFO - Processing file /home/airflow/.local/lib/python3.8/site-packages/airflow/example_dags/example_sensors.py for tasks to queue
[2024-04-24T05:32:40.232+0000] {logging_mixin.py:188} INFO - [2024-04-24T05:32:40.232+0000] {dagbag.py:540} INFO - Filling up the DagBag from /home/airflow/.local/lib/python3.8/site-packages/airflow/example_dags/example_sensors.py
[2024-04-24T05:32:40.237+0000] {processor.py:840} INFO - DAG(s) 'example_sensors' retrieved from /home/airflow/.local/lib/python3.8/site-packages/airflow/example_dags/example_sensors.py
[2024-04-24T05:32:40.250+0000] {logging_mixin.py:188} INFO - [2024-04-24T05:32:40.250+0000] {dag.py:3047} INFO - Sync 1 DAGs
[2024-04-24T05:32:40.256+0000] {logging_mixin.py:188} INFO - [2024-04-24T05:32:40.256+0000] {dag.py:3834} INFO - Setting next_dagrun for example_sensors to None, run_after=None
[2024-04-24T05:32:40.265+0000] {processor.py:183} INFO - Processing /home/airflow/.local/lib/python3.8/site-packages/airflow/example_dags/example_sensors.py took 0.036 seconds
[2024-04-24T05:33:10.651+0000] {processor.py:161} INFO - Started process (PID=2561) to work on /home/airflow/.local/lib/python3.8/site-packages/airflow/example_dags/example_sensors.py
[2024-04-24T05:33:10.651+0000] {processor.py:830} INFO - Processing file /home/airflow/.local/lib/python3.8/site-packages/airflow/example_dags/example_sensors.py for tasks to queue
[2024-04-24T05:33:10.652+0000] {logging_mixin.py:188} INFO - [2024-04-24T05:33:10.651+0000] {dagbag.py:540} INFO - Filling up the DagBag from /home/airflow/.local/lib/python3.8/site-packages/airflow/example_dags/example_sensors.py
[2024-04-24T05:33:10.657+0000] {processor.py:840} INFO - DAG(s) 'example_sensors' retrieved from /home/airflow/.local/lib/python3.8/site-packages/airflow/example_dags/example_sensors.py
[2024-04-24T05:33:10.670+0000] {logging_mixin.py:188} INFO - [2024-04-24T05:33:10.670+0000] {dag.py:3047} INFO - Sync 1 DAGs
[2024-04-24T05:33:10.677+0000] {logging_mixin.py:188} INFO - [2024-04-24T05:33:10.677+0000] {dag.py:3834} INFO - Setting next_dagrun for example_sensors to None, run_after=None
[2024-04-24T05:33:10.687+0000] {processor.py:183} INFO - Processing /home/airflow/.local/lib/python3.8/site-packages/airflow/example_dags/example_sensors.py took 0.038 seconds
[2024-04-24T05:33:41.027+0000] {processor.py:161} INFO - Started process (PID=2616) to work on /home/airflow/.local/lib/python3.8/site-packages/airflow/example_dags/example_sensors.py
[2024-04-24T05:33:41.028+0000] {processor.py:830} INFO - Processing file /home/airflow/.local/lib/python3.8/site-packages/airflow/example_dags/example_sensors.py for tasks to queue
[2024-04-24T05:33:41.028+0000] {logging_mixin.py:188} INFO - [2024-04-24T05:33:41.028+0000] {dagbag.py:540} INFO - Filling up the DagBag from /home/airflow/.local/lib/python3.8/site-packages/airflow/example_dags/example_sensors.py
[2024-04-24T05:33:41.034+0000] {processor.py:840} INFO - DAG(s) 'example_sensors' retrieved from /home/airflow/.local/lib/python3.8/site-packages/airflow/example_dags/example_sensors.py
[2024-04-24T05:33:41.046+0000] {logging_mixin.py:188} INFO - [2024-04-24T05:33:41.046+0000] {dag.py:3047} INFO - Sync 1 DAGs
[2024-04-24T05:33:41.053+0000] {logging_mixin.py:188} INFO - [2024-04-24T05:33:41.053+0000] {dag.py:3834} INFO - Setting next_dagrun for example_sensors to None, run_after=None
[2024-04-24T05:33:41.062+0000] {processor.py:183} INFO - Processing /home/airflow/.local/lib/python3.8/site-packages/airflow/example_dags/example_sensors.py took 0.037 seconds
[2024-04-24T05:34:11.417+0000] {processor.py:161} INFO - Started process (PID=2671) to work on /home/airflow/.local/lib/python3.8/site-packages/airflow/example_dags/example_sensors.py
[2024-04-24T05:34:11.417+0000] {processor.py:830} INFO - Processing file /home/airflow/.local/lib/python3.8/site-packages/airflow/example_dags/example_sensors.py for tasks to queue
[2024-04-24T05:34:11.418+0000] {logging_mixin.py:188} INFO - [2024-04-24T05:34:11.417+0000] {dagbag.py:540} INFO - Filling up the DagBag from /home/airflow/.local/lib/python3.8/site-packages/airflow/example_dags/example_sensors.py
[2024-04-24T05:34:11.423+0000] {processor.py:840} INFO - DAG(s) 'example_sensors' retrieved from /home/airflow/.local/lib/python3.8/site-packages/airflow/example_dags/example_sensors.py
[2024-04-24T05:34:11.436+0000] {logging_mixin.py:188} INFO - [2024-04-24T05:34:11.436+0000] {dag.py:3047} INFO - Sync 1 DAGs
[2024-04-24T05:34:11.442+0000] {logging_mixin.py:188} INFO - [2024-04-24T05:34:11.442+0000] {dag.py:3834} INFO - Setting next_dagrun for example_sensors to None, run_after=None
[2024-04-24T05:34:11.452+0000] {processor.py:183} INFO - Processing /home/airflow/.local/lib/python3.8/site-packages/airflow/example_dags/example_sensors.py took 0.037 seconds
[2024-04-24T05:34:42.044+0000] {processor.py:161} INFO - Started process (PID=2726) to work on /home/airflow/.local/lib/python3.8/site-packages/airflow/example_dags/example_sensors.py
[2024-04-24T05:34:42.045+0000] {processor.py:830} INFO - Processing file /home/airflow/.local/lib/python3.8/site-packages/airflow/example_dags/example_sensors.py for tasks to queue
[2024-04-24T05:34:42.045+0000] {logging_mixin.py:188} INFO - [2024-04-24T05:34:42.045+0000] {dagbag.py:540} INFO - Filling up the DagBag from /home/airflow/.local/lib/python3.8/site-packages/airflow/example_dags/example_sensors.py
[2024-04-24T05:34:42.050+0000] {processor.py:840} INFO - DAG(s) 'example_sensors' retrieved from /home/airflow/.local/lib/python3.8/site-packages/airflow/example_dags/example_sensors.py
[2024-04-24T05:34:42.063+0000] {logging_mixin.py:188} INFO - [2024-04-24T05:34:42.063+0000] {dag.py:3047} INFO - Sync 1 DAGs
[2024-04-24T05:34:42.069+0000] {logging_mixin.py:188} INFO - [2024-04-24T05:34:42.069+0000] {dag.py:3834} INFO - Setting next_dagrun for example_sensors to None, run_after=None
[2024-04-24T05:34:42.079+0000] {processor.py:183} INFO - Processing /home/airflow/.local/lib/python3.8/site-packages/airflow/example_dags/example_sensors.py took 0.037 seconds
[2024-04-24T05:35:12.781+0000] {processor.py:161} INFO - Started process (PID=2787) to work on /home/airflow/.local/lib/python3.8/site-packages/airflow/example_dags/example_sensors.py
[2024-04-24T05:35:12.782+0000] {processor.py:830} INFO - Processing file /home/airflow/.local/lib/python3.8/site-packages/airflow/example_dags/example_sensors.py for tasks to queue
[2024-04-24T05:35:12.782+0000] {logging_mixin.py:188} INFO - [2024-04-24T05:35:12.782+0000] {dagbag.py:540} INFO - Filling up the DagBag from /home/airflow/.local/lib/python3.8/site-packages/airflow/example_dags/example_sensors.py
[2024-04-24T05:35:12.787+0000] {processor.py:840} INFO - DAG(s) 'example_sensors' retrieved from /home/airflow/.local/lib/python3.8/site-packages/airflow/example_dags/example_sensors.py
[2024-04-24T05:35:12.800+0000] {logging_mixin.py:188} INFO - [2024-04-24T05:35:12.800+0000] {dag.py:3047} INFO - Sync 1 DAGs
[2024-04-24T05:35:12.806+0000] {logging_mixin.py:188} INFO - [2024-04-24T05:35:12.806+0000] {dag.py:3834} INFO - Setting next_dagrun for example_sensors to None, run_after=None
[2024-04-24T05:35:12.816+0000] {processor.py:183} INFO - Processing /home/airflow/.local/lib/python3.8/site-packages/airflow/example_dags/example_sensors.py took 0.037 seconds
[2024-04-24T05:35:43.416+0000] {processor.py:161} INFO - Started process (PID=2842) to work on /home/airflow/.local/lib/python3.8/site-packages/airflow/example_dags/example_sensors.py
[2024-04-24T05:35:43.417+0000] {processor.py:830} INFO - Processing file /home/airflow/.local/lib/python3.8/site-packages/airflow/example_dags/example_sensors.py for tasks to queue
[2024-04-24T05:35:43.417+0000] {logging_mixin.py:188} INFO - [2024-04-24T05:35:43.417+0000] {dagbag.py:540} INFO - Filling up the DagBag from /home/airflow/.local/lib/python3.8/site-packages/airflow/example_dags/example_sensors.py
[2024-04-24T05:35:43.422+0000] {processor.py:840} INFO - DAG(s) 'example_sensors' retrieved from /home/airflow/.local/lib/python3.8/site-packages/airflow/example_dags/example_sensors.py
[2024-04-24T05:35:43.435+0000] {logging_mixin.py:188} INFO - [2024-04-24T05:35:43.434+0000] {dag.py:3047} INFO - Sync 1 DAGs
[2024-04-24T05:35:43.441+0000] {logging_mixin.py:188} INFO - [2024-04-24T05:35:43.440+0000] {dag.py:3834} INFO - Setting next_dagrun for example_sensors to None, run_after=None
[2024-04-24T05:35:43.450+0000] {processor.py:183} INFO - Processing /home/airflow/.local/lib/python3.8/site-packages/airflow/example_dags/example_sensors.py took 0.036 seconds
[2024-04-24T05:36:13.987+0000] {processor.py:161} INFO - Started process (PID=2897) to work on /home/airflow/.local/lib/python3.8/site-packages/airflow/example_dags/example_sensors.py
[2024-04-24T05:36:13.988+0000] {processor.py:830} INFO - Processing file /home/airflow/.local/lib/python3.8/site-packages/airflow/example_dags/example_sensors.py for tasks to queue
[2024-04-24T05:36:13.988+0000] {logging_mixin.py:188} INFO - [2024-04-24T05:36:13.988+0000] {dagbag.py:540} INFO - Filling up the DagBag from /home/airflow/.local/lib/python3.8/site-packages/airflow/example_dags/example_sensors.py
[2024-04-24T05:36:13.994+0000] {processor.py:840} INFO - DAG(s) 'example_sensors' retrieved from /home/airflow/.local/lib/python3.8/site-packages/airflow/example_dags/example_sensors.py
[2024-04-24T05:36:14.006+0000] {logging_mixin.py:188} INFO - [2024-04-24T05:36:14.006+0000] {dag.py:3047} INFO - Sync 1 DAGs
[2024-04-24T05:36:14.012+0000] {logging_mixin.py:188} INFO - [2024-04-24T05:36:14.012+0000] {dag.py:3834} INFO - Setting next_dagrun for example_sensors to None, run_after=None
[2024-04-24T05:36:14.021+0000] {processor.py:183} INFO - Processing /home/airflow/.local/lib/python3.8/site-packages/airflow/example_dags/example_sensors.py took 0.036 seconds
[2024-04-24T05:36:44.473+0000] {processor.py:161} INFO - Started process (PID=2952) to work on /home/airflow/.local/lib/python3.8/site-packages/airflow/example_dags/example_sensors.py
[2024-04-24T05:36:44.474+0000] {processor.py:830} INFO - Processing file /home/airflow/.local/lib/python3.8/site-packages/airflow/example_dags/example_sensors.py for tasks to queue
[2024-04-24T05:36:44.474+0000] {logging_mixin.py:188} INFO - [2024-04-24T05:36:44.474+0000] {dagbag.py:540} INFO - Filling up the DagBag from /home/airflow/.local/lib/python3.8/site-packages/airflow/example_dags/example_sensors.py
[2024-04-24T05:36:44.480+0000] {processor.py:840} INFO - DAG(s) 'example_sensors' retrieved from /home/airflow/.local/lib/python3.8/site-packages/airflow/example_dags/example_sensors.py
[2024-04-24T05:36:44.493+0000] {logging_mixin.py:188} INFO - [2024-04-24T05:36:44.492+0000] {dag.py:3047} INFO - Sync 1 DAGs
[2024-04-24T05:36:44.499+0000] {logging_mixin.py:188} INFO - [2024-04-24T05:36:44.499+0000] {dag.py:3834} INFO - Setting next_dagrun for example_sensors to None, run_after=None
[2024-04-24T05:36:44.509+0000] {processor.py:183} INFO - Processing /home/airflow/.local/lib/python3.8/site-packages/airflow/example_dags/example_sensors.py took 0.037 seconds
[2024-04-24T05:37:14.999+0000] {processor.py:161} INFO - Started process (PID=3007) to work on /home/airflow/.local/lib/python3.8/site-packages/airflow/example_dags/example_sensors.py
[2024-04-24T05:37:15.000+0000] {processor.py:830} INFO - Processing file /home/airflow/.local/lib/python3.8/site-packages/airflow/example_dags/example_sensors.py for tasks to queue
[2024-04-24T05:37:15.000+0000] {logging_mixin.py:188} INFO - [2024-04-24T05:37:15.000+0000] {dagbag.py:540} INFO - Filling up the DagBag from /home/airflow/.local/lib/python3.8/site-packages/airflow/example_dags/example_sensors.py
[2024-04-24T05:37:15.006+0000] {processor.py:840} INFO - DAG(s) 'example_sensors' retrieved from /home/airflow/.local/lib/python3.8/site-packages/airflow/example_dags/example_sensors.py
[2024-04-24T05:37:15.018+0000] {logging_mixin.py:188} INFO - [2024-04-24T05:37:15.018+0000] {dag.py:3047} INFO - Sync 1 DAGs
[2024-04-24T05:37:15.024+0000] {logging_mixin.py:188} INFO - [2024-04-24T05:37:15.024+0000] {dag.py:3834} INFO - Setting next_dagrun for example_sensors to None, run_after=None
[2024-04-24T05:37:15.034+0000] {processor.py:183} INFO - Processing /home/airflow/.local/lib/python3.8/site-packages/airflow/example_dags/example_sensors.py took 0.036 seconds
[2024-04-24T05:37:45.678+0000] {processor.py:161} INFO - Started process (PID=3062) to work on /home/airflow/.local/lib/python3.8/site-packages/airflow/example_dags/example_sensors.py
[2024-04-24T05:37:45.678+0000] {processor.py:830} INFO - Processing file /home/airflow/.local/lib/python3.8/site-packages/airflow/example_dags/example_sensors.py for tasks to queue
[2024-04-24T05:37:45.679+0000] {logging_mixin.py:188} INFO - [2024-04-24T05:37:45.679+0000] {dagbag.py:540} INFO - Filling up the DagBag from /home/airflow/.local/lib/python3.8/site-packages/airflow/example_dags/example_sensors.py
[2024-04-24T05:37:45.685+0000] {processor.py:840} INFO - DAG(s) 'example_sensors' retrieved from /home/airflow/.local/lib/python3.8/site-packages/airflow/example_dags/example_sensors.py
[2024-04-24T05:37:45.699+0000] {logging_mixin.py:188} INFO - [2024-04-24T05:37:45.698+0000] {dag.py:3047} INFO - Sync 1 DAGs
[2024-04-24T05:37:45.705+0000] {logging_mixin.py:188} INFO - [2024-04-24T05:37:45.705+0000] {dag.py:3834} INFO - Setting next_dagrun for example_sensors to None, run_after=None
[2024-04-24T05:37:45.716+0000] {processor.py:183} INFO - Processing /home/airflow/.local/lib/python3.8/site-packages/airflow/example_dags/example_sensors.py took 0.040 seconds
[2024-04-24T05:38:16.160+0000] {processor.py:161} INFO - Started process (PID=3117) to work on /home/airflow/.local/lib/python3.8/site-packages/airflow/example_dags/example_sensors.py
[2024-04-24T05:38:16.161+0000] {processor.py:830} INFO - Processing file /home/airflow/.local/lib/python3.8/site-packages/airflow/example_dags/example_sensors.py for tasks to queue
[2024-04-24T05:38:16.161+0000] {logging_mixin.py:188} INFO - [2024-04-24T05:38:16.161+0000] {dagbag.py:540} INFO - Filling up the DagBag from /home/airflow/.local/lib/python3.8/site-packages/airflow/example_dags/example_sensors.py
[2024-04-24T05:38:16.167+0000] {processor.py:840} INFO - DAG(s) 'example_sensors' retrieved from /home/airflow/.local/lib/python3.8/site-packages/airflow/example_dags/example_sensors.py
[2024-04-24T05:38:16.180+0000] {logging_mixin.py:188} INFO - [2024-04-24T05:38:16.180+0000] {dag.py:3047} INFO - Sync 1 DAGs
[2024-04-24T05:38:16.186+0000] {logging_mixin.py:188} INFO - [2024-04-24T05:38:16.186+0000] {dag.py:3834} INFO - Setting next_dagrun for example_sensors to None, run_after=None
[2024-04-24T05:38:16.196+0000] {processor.py:183} INFO - Processing /home/airflow/.local/lib/python3.8/site-packages/airflow/example_dags/example_sensors.py took 0.037 seconds
[2024-04-24T05:40:50.884+0000] {processor.py:161} INFO - Started process (PID=65) to work on /home/airflow/.local/lib/python3.8/site-packages/airflow/example_dags/example_sensors.py
[2024-04-24T05:40:50.884+0000] {processor.py:830} INFO - Processing file /home/airflow/.local/lib/python3.8/site-packages/airflow/example_dags/example_sensors.py for tasks to queue
[2024-04-24T05:40:50.886+0000] {logging_mixin.py:188} INFO - [2024-04-24T05:40:50.885+0000] {dagbag.py:540} INFO - Filling up the DagBag from /home/airflow/.local/lib/python3.8/site-packages/airflow/example_dags/example_sensors.py
[2024-04-24T05:40:50.892+0000] {processor.py:840} INFO - DAG(s) 'example_sensors' retrieved from /home/airflow/.local/lib/python3.8/site-packages/airflow/example_dags/example_sensors.py
[2024-04-24T05:40:50.899+0000] {logging_mixin.py:188} INFO - [2024-04-24T05:40:50.898+0000] {dag.py:3047} INFO - Sync 1 DAGs
[2024-04-24T05:40:50.906+0000] {logging_mixin.py:188} INFO - [2024-04-24T05:40:50.906+0000] {dag.py:3834} INFO - Setting next_dagrun for example_sensors to None, run_after=None
[2024-04-24T05:40:50.918+0000] {processor.py:183} INFO - Processing /home/airflow/.local/lib/python3.8/site-packages/airflow/example_dags/example_sensors.py took 0.035 seconds
[2024-04-24T05:41:21.690+0000] {processor.py:161} INFO - Started process (PID=120) to work on /home/airflow/.local/lib/python3.8/site-packages/airflow/example_dags/example_sensors.py
[2024-04-24T05:41:21.690+0000] {processor.py:830} INFO - Processing file /home/airflow/.local/lib/python3.8/site-packages/airflow/example_dags/example_sensors.py for tasks to queue
[2024-04-24T05:41:21.692+0000] {logging_mixin.py:188} INFO - [2024-04-24T05:41:21.691+0000] {dagbag.py:540} INFO - Filling up the DagBag from /home/airflow/.local/lib/python3.8/site-packages/airflow/example_dags/example_sensors.py
[2024-04-24T05:41:21.697+0000] {processor.py:840} INFO - DAG(s) 'example_sensors' retrieved from /home/airflow/.local/lib/python3.8/site-packages/airflow/example_dags/example_sensors.py
[2024-04-24T05:41:21.751+0000] {logging_mixin.py:188} INFO - [2024-04-24T05:41:21.751+0000] {dag.py:3047} INFO - Sync 1 DAGs
[2024-04-24T05:41:21.756+0000] {logging_mixin.py:188} INFO - [2024-04-24T05:41:21.756+0000] {dag.py:3834} INFO - Setting next_dagrun for example_sensors to None, run_after=None
[2024-04-24T05:41:21.766+0000] {processor.py:183} INFO - Processing /home/airflow/.local/lib/python3.8/site-packages/airflow/example_dags/example_sensors.py took 0.079 seconds
