[2024-04-24T05:11:15.194+0000] {processor.py:161} INFO - Started process (PID=63) to work on /home/airflow/.local/lib/python3.8/site-packages/airflow/example_dags/example_dag_decorator.py
[2024-04-24T05:11:15.194+0000] {processor.py:830} INFO - Processing file /home/airflow/.local/lib/python3.8/site-packages/airflow/example_dags/example_dag_decorator.py for tasks to queue
[2024-04-24T05:11:15.195+0000] {logging_mixin.py:188} INFO - [2024-04-24T05:11:15.195+0000] {dagbag.py:540} INFO - Filling up the DagBag from /home/airflow/.local/lib/python3.8/site-packages/airflow/example_dags/example_dag_decorator.py
[2024-04-24T05:11:15.266+0000] {processor.py:840} INFO - DAG(s) 'example_dag_decorator' retrieved from /home/airflow/.local/lib/python3.8/site-packages/airflow/example_dags/example_dag_decorator.py
[2024-04-24T05:11:15.323+0000] {logging_mixin.py:188} INFO - [2024-04-24T05:11:15.323+0000] {dag.py:3047} INFO - Sync 1 DAGs
[2024-04-24T05:11:15.328+0000] {logging_mixin.py:188} INFO - [2024-04-24T05:11:15.328+0000] {dag.py:3834} INFO - Setting next_dagrun for example_dag_decorator to None, run_after=None
[2024-04-24T05:11:15.338+0000] {processor.py:183} INFO - Processing /home/airflow/.local/lib/python3.8/site-packages/airflow/example_dags/example_dag_decorator.py took 0.146 seconds
[2024-04-24T05:11:46.058+0000] {processor.py:161} INFO - Started process (PID=121) to work on /home/airflow/.local/lib/python3.8/site-packages/airflow/example_dags/example_dag_decorator.py
[2024-04-24T05:11:46.059+0000] {processor.py:830} INFO - Processing file /home/airflow/.local/lib/python3.8/site-packages/airflow/example_dags/example_dag_decorator.py for tasks to queue
[2024-04-24T05:11:46.060+0000] {logging_mixin.py:188} INFO - [2024-04-24T05:11:46.059+0000] {dagbag.py:540} INFO - Filling up the DagBag from /home/airflow/.local/lib/python3.8/site-packages/airflow/example_dags/example_dag_decorator.py
[2024-04-24T05:11:46.107+0000] {processor.py:840} INFO - DAG(s) 'example_dag_decorator' retrieved from /home/airflow/.local/lib/python3.8/site-packages/airflow/example_dags/example_dag_decorator.py
[2024-04-24T05:11:46.159+0000] {logging_mixin.py:188} INFO - [2024-04-24T05:11:46.159+0000] {dag.py:3047} INFO - Sync 1 DAGs
[2024-04-24T05:11:46.165+0000] {logging_mixin.py:188} INFO - [2024-04-24T05:11:46.165+0000] {dag.py:3834} INFO - Setting next_dagrun for example_dag_decorator to None, run_after=None
[2024-04-24T05:11:46.174+0000] {processor.py:183} INFO - Processing /home/airflow/.local/lib/python3.8/site-packages/airflow/example_dags/example_dag_decorator.py took 0.118 seconds
[2024-04-24T05:12:16.655+0000] {processor.py:161} INFO - Started process (PID=179) to work on /home/airflow/.local/lib/python3.8/site-packages/airflow/example_dags/example_dag_decorator.py
[2024-04-24T05:12:16.655+0000] {processor.py:830} INFO - Processing file /home/airflow/.local/lib/python3.8/site-packages/airflow/example_dags/example_dag_decorator.py for tasks to queue
[2024-04-24T05:12:16.656+0000] {logging_mixin.py:188} INFO - [2024-04-24T05:12:16.656+0000] {dagbag.py:540} INFO - Filling up the DagBag from /home/airflow/.local/lib/python3.8/site-packages/airflow/example_dags/example_dag_decorator.py
[2024-04-24T05:12:16.704+0000] {processor.py:840} INFO - DAG(s) 'example_dag_decorator' retrieved from /home/airflow/.local/lib/python3.8/site-packages/airflow/example_dags/example_dag_decorator.py
[2024-04-24T05:12:16.757+0000] {logging_mixin.py:188} INFO - [2024-04-24T05:12:16.756+0000] {dag.py:3047} INFO - Sync 1 DAGs
[2024-04-24T05:12:16.762+0000] {logging_mixin.py:188} INFO - [2024-04-24T05:12:16.762+0000] {dag.py:3834} INFO - Setting next_dagrun for example_dag_decorator to None, run_after=None
[2024-04-24T05:12:16.771+0000] {processor.py:183} INFO - Processing /home/airflow/.local/lib/python3.8/site-packages/airflow/example_dags/example_dag_decorator.py took 0.118 seconds
[2024-04-24T05:12:47.308+0000] {processor.py:161} INFO - Started process (PID=237) to work on /home/airflow/.local/lib/python3.8/site-packages/airflow/example_dags/example_dag_decorator.py
[2024-04-24T05:12:47.308+0000] {processor.py:830} INFO - Processing file /home/airflow/.local/lib/python3.8/site-packages/airflow/example_dags/example_dag_decorator.py for tasks to queue
[2024-04-24T05:12:47.309+0000] {logging_mixin.py:188} INFO - [2024-04-24T05:12:47.309+0000] {dagbag.py:540} INFO - Filling up the DagBag from /home/airflow/.local/lib/python3.8/site-packages/airflow/example_dags/example_dag_decorator.py
[2024-04-24T05:12:47.359+0000] {processor.py:840} INFO - DAG(s) 'example_dag_decorator' retrieved from /home/airflow/.local/lib/python3.8/site-packages/airflow/example_dags/example_dag_decorator.py
[2024-04-24T05:12:47.414+0000] {logging_mixin.py:188} INFO - [2024-04-24T05:12:47.413+0000] {dag.py:3047} INFO - Sync 1 DAGs
[2024-04-24T05:12:47.419+0000] {logging_mixin.py:188} INFO - [2024-04-24T05:12:47.419+0000] {dag.py:3834} INFO - Setting next_dagrun for example_dag_decorator to None, run_after=None
[2024-04-24T05:12:47.429+0000] {processor.py:183} INFO - Processing /home/airflow/.local/lib/python3.8/site-packages/airflow/example_dags/example_dag_decorator.py took 0.124 seconds
[2024-04-24T05:13:17.962+0000] {processor.py:161} INFO - Started process (PID=295) to work on /home/airflow/.local/lib/python3.8/site-packages/airflow/example_dags/example_dag_decorator.py
[2024-04-24T05:13:17.963+0000] {processor.py:830} INFO - Processing file /home/airflow/.local/lib/python3.8/site-packages/airflow/example_dags/example_dag_decorator.py for tasks to queue
[2024-04-24T05:13:17.964+0000] {logging_mixin.py:188} INFO - [2024-04-24T05:13:17.964+0000] {dagbag.py:540} INFO - Filling up the DagBag from /home/airflow/.local/lib/python3.8/site-packages/airflow/example_dags/example_dag_decorator.py
[2024-04-24T05:13:18.012+0000] {processor.py:840} INFO - DAG(s) 'example_dag_decorator' retrieved from /home/airflow/.local/lib/python3.8/site-packages/airflow/example_dags/example_dag_decorator.py
[2024-04-24T05:13:18.069+0000] {logging_mixin.py:188} INFO - [2024-04-24T05:13:18.068+0000] {dag.py:3047} INFO - Sync 1 DAGs
[2024-04-24T05:13:18.074+0000] {logging_mixin.py:188} INFO - [2024-04-24T05:13:18.074+0000] {dag.py:3834} INFO - Setting next_dagrun for example_dag_decorator to None, run_after=None
[2024-04-24T05:13:18.084+0000] {processor.py:183} INFO - Processing /home/airflow/.local/lib/python3.8/site-packages/airflow/example_dags/example_dag_decorator.py took 0.124 seconds
[2024-04-24T05:13:48.562+0000] {processor.py:161} INFO - Started process (PID=353) to work on /home/airflow/.local/lib/python3.8/site-packages/airflow/example_dags/example_dag_decorator.py
[2024-04-24T05:13:48.563+0000] {processor.py:830} INFO - Processing file /home/airflow/.local/lib/python3.8/site-packages/airflow/example_dags/example_dag_decorator.py for tasks to queue
[2024-04-24T05:13:48.564+0000] {logging_mixin.py:188} INFO - [2024-04-24T05:13:48.564+0000] {dagbag.py:540} INFO - Filling up the DagBag from /home/airflow/.local/lib/python3.8/site-packages/airflow/example_dags/example_dag_decorator.py
[2024-04-24T05:13:48.614+0000] {processor.py:840} INFO - DAG(s) 'example_dag_decorator' retrieved from /home/airflow/.local/lib/python3.8/site-packages/airflow/example_dags/example_dag_decorator.py
[2024-04-24T05:13:48.667+0000] {logging_mixin.py:188} INFO - [2024-04-24T05:13:48.667+0000] {dag.py:3047} INFO - Sync 1 DAGs
[2024-04-24T05:13:48.673+0000] {logging_mixin.py:188} INFO - [2024-04-24T05:13:48.673+0000] {dag.py:3834} INFO - Setting next_dagrun for example_dag_decorator to None, run_after=None
[2024-04-24T05:13:48.683+0000] {processor.py:183} INFO - Processing /home/airflow/.local/lib/python3.8/site-packages/airflow/example_dags/example_dag_decorator.py took 0.123 seconds
[2024-04-24T05:14:19.379+0000] {processor.py:161} INFO - Started process (PID=411) to work on /home/airflow/.local/lib/python3.8/site-packages/airflow/example_dags/example_dag_decorator.py
[2024-04-24T05:14:19.379+0000] {processor.py:830} INFO - Processing file /home/airflow/.local/lib/python3.8/site-packages/airflow/example_dags/example_dag_decorator.py for tasks to queue
[2024-04-24T05:14:19.380+0000] {logging_mixin.py:188} INFO - [2024-04-24T05:14:19.380+0000] {dagbag.py:540} INFO - Filling up the DagBag from /home/airflow/.local/lib/python3.8/site-packages/airflow/example_dags/example_dag_decorator.py
[2024-04-24T05:14:19.430+0000] {processor.py:840} INFO - DAG(s) 'example_dag_decorator' retrieved from /home/airflow/.local/lib/python3.8/site-packages/airflow/example_dags/example_dag_decorator.py
[2024-04-24T05:14:19.485+0000] {logging_mixin.py:188} INFO - [2024-04-24T05:14:19.485+0000] {dag.py:3047} INFO - Sync 1 DAGs
[2024-04-24T05:14:19.491+0000] {logging_mixin.py:188} INFO - [2024-04-24T05:14:19.491+0000] {dag.py:3834} INFO - Setting next_dagrun for example_dag_decorator to None, run_after=None
[2024-04-24T05:14:19.502+0000] {processor.py:183} INFO - Processing /home/airflow/.local/lib/python3.8/site-packages/airflow/example_dags/example_dag_decorator.py took 0.125 seconds
[2024-04-24T05:14:50.088+0000] {processor.py:161} INFO - Started process (PID=469) to work on /home/airflow/.local/lib/python3.8/site-packages/airflow/example_dags/example_dag_decorator.py
[2024-04-24T05:14:50.088+0000] {processor.py:830} INFO - Processing file /home/airflow/.local/lib/python3.8/site-packages/airflow/example_dags/example_dag_decorator.py for tasks to queue
[2024-04-24T05:14:50.089+0000] {logging_mixin.py:188} INFO - [2024-04-24T05:14:50.089+0000] {dagbag.py:540} INFO - Filling up the DagBag from /home/airflow/.local/lib/python3.8/site-packages/airflow/example_dags/example_dag_decorator.py
[2024-04-24T05:14:50.139+0000] {processor.py:840} INFO - DAG(s) 'example_dag_decorator' retrieved from /home/airflow/.local/lib/python3.8/site-packages/airflow/example_dags/example_dag_decorator.py
[2024-04-24T05:14:50.191+0000] {logging_mixin.py:188} INFO - [2024-04-24T05:14:50.191+0000] {dag.py:3047} INFO - Sync 1 DAGs
[2024-04-24T05:14:50.196+0000] {logging_mixin.py:188} INFO - [2024-04-24T05:14:50.196+0000] {dag.py:3834} INFO - Setting next_dagrun for example_dag_decorator to None, run_after=None
[2024-04-24T05:14:50.206+0000] {processor.py:183} INFO - Processing /home/airflow/.local/lib/python3.8/site-packages/airflow/example_dags/example_dag_decorator.py took 0.120 seconds
[2024-04-24T05:15:20.614+0000] {processor.py:161} INFO - Started process (PID=528) to work on /home/airflow/.local/lib/python3.8/site-packages/airflow/example_dags/example_dag_decorator.py
[2024-04-24T05:15:20.615+0000] {processor.py:830} INFO - Processing file /home/airflow/.local/lib/python3.8/site-packages/airflow/example_dags/example_dag_decorator.py for tasks to queue
[2024-04-24T05:15:20.616+0000] {logging_mixin.py:188} INFO - [2024-04-24T05:15:20.616+0000] {dagbag.py:540} INFO - Filling up the DagBag from /home/airflow/.local/lib/python3.8/site-packages/airflow/example_dags/example_dag_decorator.py
[2024-04-24T05:15:20.665+0000] {processor.py:840} INFO - DAG(s) 'example_dag_decorator' retrieved from /home/airflow/.local/lib/python3.8/site-packages/airflow/example_dags/example_dag_decorator.py
[2024-04-24T05:15:20.716+0000] {logging_mixin.py:188} INFO - [2024-04-24T05:15:20.716+0000] {dag.py:3047} INFO - Sync 1 DAGs
[2024-04-24T05:15:20.722+0000] {logging_mixin.py:188} INFO - [2024-04-24T05:15:20.722+0000] {dag.py:3834} INFO - Setting next_dagrun for example_dag_decorator to None, run_after=None
[2024-04-24T05:15:20.731+0000] {processor.py:183} INFO - Processing /home/airflow/.local/lib/python3.8/site-packages/airflow/example_dags/example_dag_decorator.py took 0.119 seconds
[2024-04-24T05:15:51.100+0000] {processor.py:161} INFO - Started process (PID=586) to work on /home/airflow/.local/lib/python3.8/site-packages/airflow/example_dags/example_dag_decorator.py
[2024-04-24T05:15:51.101+0000] {processor.py:830} INFO - Processing file /home/airflow/.local/lib/python3.8/site-packages/airflow/example_dags/example_dag_decorator.py for tasks to queue
[2024-04-24T05:15:51.102+0000] {logging_mixin.py:188} INFO - [2024-04-24T05:15:51.102+0000] {dagbag.py:540} INFO - Filling up the DagBag from /home/airflow/.local/lib/python3.8/site-packages/airflow/example_dags/example_dag_decorator.py
[2024-04-24T05:15:51.150+0000] {processor.py:840} INFO - DAG(s) 'example_dag_decorator' retrieved from /home/airflow/.local/lib/python3.8/site-packages/airflow/example_dags/example_dag_decorator.py
[2024-04-24T05:15:51.202+0000] {logging_mixin.py:188} INFO - [2024-04-24T05:15:51.201+0000] {dag.py:3047} INFO - Sync 1 DAGs
[2024-04-24T05:15:51.207+0000] {logging_mixin.py:188} INFO - [2024-04-24T05:15:51.207+0000] {dag.py:3834} INFO - Setting next_dagrun for example_dag_decorator to None, run_after=None
[2024-04-24T05:15:51.217+0000] {processor.py:183} INFO - Processing /home/airflow/.local/lib/python3.8/site-packages/airflow/example_dags/example_dag_decorator.py took 0.119 seconds
[2024-04-24T05:16:21.605+0000] {processor.py:161} INFO - Started process (PID=644) to work on /home/airflow/.local/lib/python3.8/site-packages/airflow/example_dags/example_dag_decorator.py
[2024-04-24T05:16:21.605+0000] {processor.py:830} INFO - Processing file /home/airflow/.local/lib/python3.8/site-packages/airflow/example_dags/example_dag_decorator.py for tasks to queue
[2024-04-24T05:16:21.607+0000] {logging_mixin.py:188} INFO - [2024-04-24T05:16:21.607+0000] {dagbag.py:540} INFO - Filling up the DagBag from /home/airflow/.local/lib/python3.8/site-packages/airflow/example_dags/example_dag_decorator.py
[2024-04-24T05:16:21.660+0000] {processor.py:840} INFO - DAG(s) 'example_dag_decorator' retrieved from /home/airflow/.local/lib/python3.8/site-packages/airflow/example_dags/example_dag_decorator.py
[2024-04-24T05:16:21.713+0000] {logging_mixin.py:188} INFO - [2024-04-24T05:16:21.713+0000] {dag.py:3047} INFO - Sync 1 DAGs
[2024-04-24T05:16:21.719+0000] {logging_mixin.py:188} INFO - [2024-04-24T05:16:21.719+0000] {dag.py:3834} INFO - Setting next_dagrun for example_dag_decorator to None, run_after=None
[2024-04-24T05:16:21.729+0000] {processor.py:183} INFO - Processing /home/airflow/.local/lib/python3.8/site-packages/airflow/example_dags/example_dag_decorator.py took 0.126 seconds
[2024-04-24T05:16:52.150+0000] {processor.py:161} INFO - Started process (PID=702) to work on /home/airflow/.local/lib/python3.8/site-packages/airflow/example_dags/example_dag_decorator.py
[2024-04-24T05:16:52.151+0000] {processor.py:830} INFO - Processing file /home/airflow/.local/lib/python3.8/site-packages/airflow/example_dags/example_dag_decorator.py for tasks to queue
[2024-04-24T05:16:52.152+0000] {logging_mixin.py:188} INFO - [2024-04-24T05:16:52.152+0000] {dagbag.py:540} INFO - Filling up the DagBag from /home/airflow/.local/lib/python3.8/site-packages/airflow/example_dags/example_dag_decorator.py
[2024-04-24T05:16:52.202+0000] {processor.py:840} INFO - DAG(s) 'example_dag_decorator' retrieved from /home/airflow/.local/lib/python3.8/site-packages/airflow/example_dags/example_dag_decorator.py
[2024-04-24T05:16:52.260+0000] {logging_mixin.py:188} INFO - [2024-04-24T05:16:52.260+0000] {dag.py:3047} INFO - Sync 1 DAGs
[2024-04-24T05:16:52.266+0000] {logging_mixin.py:188} INFO - [2024-04-24T05:16:52.266+0000] {dag.py:3834} INFO - Setting next_dagrun for example_dag_decorator to None, run_after=None
[2024-04-24T05:16:52.277+0000] {processor.py:183} INFO - Processing /home/airflow/.local/lib/python3.8/site-packages/airflow/example_dags/example_dag_decorator.py took 0.129 seconds
[2024-04-24T05:17:22.640+0000] {processor.py:161} INFO - Started process (PID=760) to work on /home/airflow/.local/lib/python3.8/site-packages/airflow/example_dags/example_dag_decorator.py
[2024-04-24T05:17:22.641+0000] {processor.py:830} INFO - Processing file /home/airflow/.local/lib/python3.8/site-packages/airflow/example_dags/example_dag_decorator.py for tasks to queue
[2024-04-24T05:17:22.642+0000] {logging_mixin.py:188} INFO - [2024-04-24T05:17:22.642+0000] {dagbag.py:540} INFO - Filling up the DagBag from /home/airflow/.local/lib/python3.8/site-packages/airflow/example_dags/example_dag_decorator.py
[2024-04-24T05:17:22.694+0000] {processor.py:840} INFO - DAG(s) 'example_dag_decorator' retrieved from /home/airflow/.local/lib/python3.8/site-packages/airflow/example_dags/example_dag_decorator.py
[2024-04-24T05:17:22.756+0000] {logging_mixin.py:188} INFO - [2024-04-24T05:17:22.756+0000] {dag.py:3047} INFO - Sync 1 DAGs
[2024-04-24T05:17:22.762+0000] {logging_mixin.py:188} INFO - [2024-04-24T05:17:22.762+0000] {dag.py:3834} INFO - Setting next_dagrun for example_dag_decorator to None, run_after=None
[2024-04-24T05:17:22.775+0000] {processor.py:183} INFO - Processing /home/airflow/.local/lib/python3.8/site-packages/airflow/example_dags/example_dag_decorator.py took 0.137 seconds
[2024-04-24T05:17:53.205+0000] {processor.py:161} INFO - Started process (PID=818) to work on /home/airflow/.local/lib/python3.8/site-packages/airflow/example_dags/example_dag_decorator.py
[2024-04-24T05:17:53.205+0000] {processor.py:830} INFO - Processing file /home/airflow/.local/lib/python3.8/site-packages/airflow/example_dags/example_dag_decorator.py for tasks to queue
[2024-04-24T05:17:53.206+0000] {logging_mixin.py:188} INFO - [2024-04-24T05:17:53.206+0000] {dagbag.py:540} INFO - Filling up the DagBag from /home/airflow/.local/lib/python3.8/site-packages/airflow/example_dags/example_dag_decorator.py
[2024-04-24T05:17:53.254+0000] {processor.py:840} INFO - DAG(s) 'example_dag_decorator' retrieved from /home/airflow/.local/lib/python3.8/site-packages/airflow/example_dags/example_dag_decorator.py
[2024-04-24T05:17:53.307+0000] {logging_mixin.py:188} INFO - [2024-04-24T05:17:53.307+0000] {dag.py:3047} INFO - Sync 1 DAGs
[2024-04-24T05:17:53.313+0000] {logging_mixin.py:188} INFO - [2024-04-24T05:17:53.313+0000] {dag.py:3834} INFO - Setting next_dagrun for example_dag_decorator to None, run_after=None
[2024-04-24T05:17:53.324+0000] {processor.py:183} INFO - Processing /home/airflow/.local/lib/python3.8/site-packages/airflow/example_dags/example_dag_decorator.py took 0.122 seconds
[2024-04-24T05:18:24.019+0000] {processor.py:161} INFO - Started process (PID=876) to work on /home/airflow/.local/lib/python3.8/site-packages/airflow/example_dags/example_dag_decorator.py
[2024-04-24T05:18:24.019+0000] {processor.py:830} INFO - Processing file /home/airflow/.local/lib/python3.8/site-packages/airflow/example_dags/example_dag_decorator.py for tasks to queue
[2024-04-24T05:18:24.020+0000] {logging_mixin.py:188} INFO - [2024-04-24T05:18:24.020+0000] {dagbag.py:540} INFO - Filling up the DagBag from /home/airflow/.local/lib/python3.8/site-packages/airflow/example_dags/example_dag_decorator.py
[2024-04-24T05:18:24.069+0000] {processor.py:840} INFO - DAG(s) 'example_dag_decorator' retrieved from /home/airflow/.local/lib/python3.8/site-packages/airflow/example_dags/example_dag_decorator.py
[2024-04-24T05:18:24.123+0000] {logging_mixin.py:188} INFO - [2024-04-24T05:18:24.123+0000] {dag.py:3047} INFO - Sync 1 DAGs
[2024-04-24T05:18:24.129+0000] {logging_mixin.py:188} INFO - [2024-04-24T05:18:24.129+0000] {dag.py:3834} INFO - Setting next_dagrun for example_dag_decorator to None, run_after=None
[2024-04-24T05:18:24.139+0000] {processor.py:183} INFO - Processing /home/airflow/.local/lib/python3.8/site-packages/airflow/example_dags/example_dag_decorator.py took 0.122 seconds
[2024-04-24T05:18:54.593+0000] {processor.py:161} INFO - Started process (PID=934) to work on /home/airflow/.local/lib/python3.8/site-packages/airflow/example_dags/example_dag_decorator.py
[2024-04-24T05:18:54.594+0000] {processor.py:830} INFO - Processing file /home/airflow/.local/lib/python3.8/site-packages/airflow/example_dags/example_dag_decorator.py for tasks to queue
[2024-04-24T05:18:54.595+0000] {logging_mixin.py:188} INFO - [2024-04-24T05:18:54.594+0000] {dagbag.py:540} INFO - Filling up the DagBag from /home/airflow/.local/lib/python3.8/site-packages/airflow/example_dags/example_dag_decorator.py
[2024-04-24T05:18:54.642+0000] {processor.py:840} INFO - DAG(s) 'example_dag_decorator' retrieved from /home/airflow/.local/lib/python3.8/site-packages/airflow/example_dags/example_dag_decorator.py
[2024-04-24T05:18:54.694+0000] {logging_mixin.py:188} INFO - [2024-04-24T05:18:54.694+0000] {dag.py:3047} INFO - Sync 1 DAGs
[2024-04-24T05:18:54.700+0000] {logging_mixin.py:188} INFO - [2024-04-24T05:18:54.700+0000] {dag.py:3834} INFO - Setting next_dagrun for example_dag_decorator to None, run_after=None
[2024-04-24T05:18:54.710+0000] {processor.py:183} INFO - Processing /home/airflow/.local/lib/python3.8/site-packages/airflow/example_dags/example_dag_decorator.py took 0.118 seconds
[2024-04-24T05:19:25.112+0000] {processor.py:161} INFO - Started process (PID=992) to work on /home/airflow/.local/lib/python3.8/site-packages/airflow/example_dags/example_dag_decorator.py
[2024-04-24T05:19:25.113+0000] {processor.py:830} INFO - Processing file /home/airflow/.local/lib/python3.8/site-packages/airflow/example_dags/example_dag_decorator.py for tasks to queue
[2024-04-24T05:19:25.114+0000] {logging_mixin.py:188} INFO - [2024-04-24T05:19:25.114+0000] {dagbag.py:540} INFO - Filling up the DagBag from /home/airflow/.local/lib/python3.8/site-packages/airflow/example_dags/example_dag_decorator.py
[2024-04-24T05:19:25.162+0000] {processor.py:840} INFO - DAG(s) 'example_dag_decorator' retrieved from /home/airflow/.local/lib/python3.8/site-packages/airflow/example_dags/example_dag_decorator.py
[2024-04-24T05:19:25.213+0000] {logging_mixin.py:188} INFO - [2024-04-24T05:19:25.213+0000] {dag.py:3047} INFO - Sync 1 DAGs
[2024-04-24T05:19:25.219+0000] {logging_mixin.py:188} INFO - [2024-04-24T05:19:25.218+0000] {dag.py:3834} INFO - Setting next_dagrun for example_dag_decorator to None, run_after=None
[2024-04-24T05:19:25.229+0000] {processor.py:183} INFO - Processing /home/airflow/.local/lib/python3.8/site-packages/airflow/example_dags/example_dag_decorator.py took 0.118 seconds
[2024-04-24T05:19:55.694+0000] {processor.py:161} INFO - Started process (PID=1050) to work on /home/airflow/.local/lib/python3.8/site-packages/airflow/example_dags/example_dag_decorator.py
[2024-04-24T05:19:55.695+0000] {processor.py:830} INFO - Processing file /home/airflow/.local/lib/python3.8/site-packages/airflow/example_dags/example_dag_decorator.py for tasks to queue
[2024-04-24T05:19:55.696+0000] {logging_mixin.py:188} INFO - [2024-04-24T05:19:55.696+0000] {dagbag.py:540} INFO - Filling up the DagBag from /home/airflow/.local/lib/python3.8/site-packages/airflow/example_dags/example_dag_decorator.py
[2024-04-24T05:19:55.744+0000] {processor.py:840} INFO - DAG(s) 'example_dag_decorator' retrieved from /home/airflow/.local/lib/python3.8/site-packages/airflow/example_dags/example_dag_decorator.py
[2024-04-24T05:19:55.796+0000] {logging_mixin.py:188} INFO - [2024-04-24T05:19:55.796+0000] {dag.py:3047} INFO - Sync 1 DAGs
[2024-04-24T05:19:55.801+0000] {logging_mixin.py:188} INFO - [2024-04-24T05:19:55.801+0000] {dag.py:3834} INFO - Setting next_dagrun for example_dag_decorator to None, run_after=None
[2024-04-24T05:19:55.812+0000] {processor.py:183} INFO - Processing /home/airflow/.local/lib/python3.8/site-packages/airflow/example_dags/example_dag_decorator.py took 0.120 seconds
[2024-04-24T05:20:26.191+0000] {processor.py:161} INFO - Started process (PID=1108) to work on /home/airflow/.local/lib/python3.8/site-packages/airflow/example_dags/example_dag_decorator.py
[2024-04-24T05:20:26.191+0000] {processor.py:830} INFO - Processing file /home/airflow/.local/lib/python3.8/site-packages/airflow/example_dags/example_dag_decorator.py for tasks to queue
[2024-04-24T05:20:26.192+0000] {logging_mixin.py:188} INFO - [2024-04-24T05:20:26.192+0000] {dagbag.py:540} INFO - Filling up the DagBag from /home/airflow/.local/lib/python3.8/site-packages/airflow/example_dags/example_dag_decorator.py
[2024-04-24T05:20:26.240+0000] {processor.py:840} INFO - DAG(s) 'example_dag_decorator' retrieved from /home/airflow/.local/lib/python3.8/site-packages/airflow/example_dags/example_dag_decorator.py
[2024-04-24T05:20:26.292+0000] {logging_mixin.py:188} INFO - [2024-04-24T05:20:26.292+0000] {dag.py:3047} INFO - Sync 1 DAGs
[2024-04-24T05:20:26.297+0000] {logging_mixin.py:188} INFO - [2024-04-24T05:20:26.297+0000] {dag.py:3834} INFO - Setting next_dagrun for example_dag_decorator to None, run_after=None
[2024-04-24T05:20:26.307+0000] {processor.py:183} INFO - Processing /home/airflow/.local/lib/python3.8/site-packages/airflow/example_dags/example_dag_decorator.py took 0.118 seconds
[2024-04-24T05:20:56.833+0000] {processor.py:161} INFO - Started process (PID=1166) to work on /home/airflow/.local/lib/python3.8/site-packages/airflow/example_dags/example_dag_decorator.py
[2024-04-24T05:20:56.833+0000] {processor.py:830} INFO - Processing file /home/airflow/.local/lib/python3.8/site-packages/airflow/example_dags/example_dag_decorator.py for tasks to queue
[2024-04-24T05:20:56.834+0000] {logging_mixin.py:188} INFO - [2024-04-24T05:20:56.834+0000] {dagbag.py:540} INFO - Filling up the DagBag from /home/airflow/.local/lib/python3.8/site-packages/airflow/example_dags/example_dag_decorator.py
[2024-04-24T05:20:56.882+0000] {processor.py:840} INFO - DAG(s) 'example_dag_decorator' retrieved from /home/airflow/.local/lib/python3.8/site-packages/airflow/example_dags/example_dag_decorator.py
[2024-04-24T05:20:56.932+0000] {logging_mixin.py:188} INFO - [2024-04-24T05:20:56.932+0000] {dag.py:3047} INFO - Sync 1 DAGs
[2024-04-24T05:20:56.937+0000] {logging_mixin.py:188} INFO - [2024-04-24T05:20:56.937+0000] {dag.py:3834} INFO - Setting next_dagrun for example_dag_decorator to None, run_after=None
[2024-04-24T05:20:56.947+0000] {processor.py:183} INFO - Processing /home/airflow/.local/lib/python3.8/site-packages/airflow/example_dags/example_dag_decorator.py took 0.116 seconds
[2024-04-24T05:21:27.328+0000] {processor.py:161} INFO - Started process (PID=1224) to work on /home/airflow/.local/lib/python3.8/site-packages/airflow/example_dags/example_dag_decorator.py
[2024-04-24T05:21:27.329+0000] {processor.py:830} INFO - Processing file /home/airflow/.local/lib/python3.8/site-packages/airflow/example_dags/example_dag_decorator.py for tasks to queue
[2024-04-24T05:21:27.330+0000] {logging_mixin.py:188} INFO - [2024-04-24T05:21:27.330+0000] {dagbag.py:540} INFO - Filling up the DagBag from /home/airflow/.local/lib/python3.8/site-packages/airflow/example_dags/example_dag_decorator.py
[2024-04-24T05:21:27.377+0000] {processor.py:840} INFO - DAG(s) 'example_dag_decorator' retrieved from /home/airflow/.local/lib/python3.8/site-packages/airflow/example_dags/example_dag_decorator.py
[2024-04-24T05:21:27.430+0000] {logging_mixin.py:188} INFO - [2024-04-24T05:21:27.430+0000] {dag.py:3047} INFO - Sync 1 DAGs
[2024-04-24T05:21:27.435+0000] {logging_mixin.py:188} INFO - [2024-04-24T05:21:27.435+0000] {dag.py:3834} INFO - Setting next_dagrun for example_dag_decorator to None, run_after=None
[2024-04-24T05:21:27.445+0000] {processor.py:183} INFO - Processing /home/airflow/.local/lib/python3.8/site-packages/airflow/example_dags/example_dag_decorator.py took 0.119 seconds
[2024-04-24T05:21:57.826+0000] {processor.py:161} INFO - Started process (PID=1282) to work on /home/airflow/.local/lib/python3.8/site-packages/airflow/example_dags/example_dag_decorator.py
[2024-04-24T05:21:57.827+0000] {processor.py:830} INFO - Processing file /home/airflow/.local/lib/python3.8/site-packages/airflow/example_dags/example_dag_decorator.py for tasks to queue
[2024-04-24T05:21:57.828+0000] {logging_mixin.py:188} INFO - [2024-04-24T05:21:57.827+0000] {dagbag.py:540} INFO - Filling up the DagBag from /home/airflow/.local/lib/python3.8/site-packages/airflow/example_dags/example_dag_decorator.py
[2024-04-24T05:21:57.876+0000] {processor.py:840} INFO - DAG(s) 'example_dag_decorator' retrieved from /home/airflow/.local/lib/python3.8/site-packages/airflow/example_dags/example_dag_decorator.py
[2024-04-24T05:21:57.928+0000] {logging_mixin.py:188} INFO - [2024-04-24T05:21:57.927+0000] {dag.py:3047} INFO - Sync 1 DAGs
[2024-04-24T05:21:57.933+0000] {logging_mixin.py:188} INFO - [2024-04-24T05:21:57.933+0000] {dag.py:3834} INFO - Setting next_dagrun for example_dag_decorator to None, run_after=None
[2024-04-24T05:21:57.946+0000] {processor.py:183} INFO - Processing /home/airflow/.local/lib/python3.8/site-packages/airflow/example_dags/example_dag_decorator.py took 0.121 seconds
[2024-04-24T05:22:28.292+0000] {processor.py:161} INFO - Started process (PID=1340) to work on /home/airflow/.local/lib/python3.8/site-packages/airflow/example_dags/example_dag_decorator.py
[2024-04-24T05:22:28.292+0000] {processor.py:830} INFO - Processing file /home/airflow/.local/lib/python3.8/site-packages/airflow/example_dags/example_dag_decorator.py for tasks to queue
[2024-04-24T05:22:28.293+0000] {logging_mixin.py:188} INFO - [2024-04-24T05:22:28.293+0000] {dagbag.py:540} INFO - Filling up the DagBag from /home/airflow/.local/lib/python3.8/site-packages/airflow/example_dags/example_dag_decorator.py
[2024-04-24T05:22:28.340+0000] {processor.py:840} INFO - DAG(s) 'example_dag_decorator' retrieved from /home/airflow/.local/lib/python3.8/site-packages/airflow/example_dags/example_dag_decorator.py
[2024-04-24T05:22:28.353+0000] {logging_mixin.py:188} INFO - [2024-04-24T05:22:28.352+0000] {dag.py:3047} INFO - Sync 1 DAGs
[2024-04-24T05:22:28.359+0000] {logging_mixin.py:188} INFO - [2024-04-24T05:22:28.359+0000] {dag.py:3834} INFO - Setting next_dagrun for example_dag_decorator to None, run_after=None
[2024-04-24T05:22:28.368+0000] {processor.py:183} INFO - Processing /home/airflow/.local/lib/python3.8/site-packages/airflow/example_dags/example_dag_decorator.py took 0.079 seconds
[2024-04-24T05:22:58.843+0000] {processor.py:161} INFO - Started process (PID=1398) to work on /home/airflow/.local/lib/python3.8/site-packages/airflow/example_dags/example_dag_decorator.py
[2024-04-24T05:22:58.844+0000] {processor.py:830} INFO - Processing file /home/airflow/.local/lib/python3.8/site-packages/airflow/example_dags/example_dag_decorator.py for tasks to queue
[2024-04-24T05:22:58.845+0000] {logging_mixin.py:188} INFO - [2024-04-24T05:22:58.845+0000] {dagbag.py:540} INFO - Filling up the DagBag from /home/airflow/.local/lib/python3.8/site-packages/airflow/example_dags/example_dag_decorator.py
[2024-04-24T05:22:58.893+0000] {processor.py:840} INFO - DAG(s) 'example_dag_decorator' retrieved from /home/airflow/.local/lib/python3.8/site-packages/airflow/example_dags/example_dag_decorator.py
[2024-04-24T05:22:58.945+0000] {logging_mixin.py:188} INFO - [2024-04-24T05:22:58.945+0000] {dag.py:3047} INFO - Sync 1 DAGs
[2024-04-24T05:22:58.951+0000] {logging_mixin.py:188} INFO - [2024-04-24T05:22:58.951+0000] {dag.py:3834} INFO - Setting next_dagrun for example_dag_decorator to None, run_after=None
[2024-04-24T05:22:58.960+0000] {processor.py:183} INFO - Processing /home/airflow/.local/lib/python3.8/site-packages/airflow/example_dags/example_dag_decorator.py took 0.119 seconds
[2024-04-24T05:23:29.354+0000] {processor.py:161} INFO - Started process (PID=1456) to work on /home/airflow/.local/lib/python3.8/site-packages/airflow/example_dags/example_dag_decorator.py
[2024-04-24T05:23:29.354+0000] {processor.py:830} INFO - Processing file /home/airflow/.local/lib/python3.8/site-packages/airflow/example_dags/example_dag_decorator.py for tasks to queue
[2024-04-24T05:23:29.355+0000] {logging_mixin.py:188} INFO - [2024-04-24T05:23:29.355+0000] {dagbag.py:540} INFO - Filling up the DagBag from /home/airflow/.local/lib/python3.8/site-packages/airflow/example_dags/example_dag_decorator.py
[2024-04-24T05:23:29.403+0000] {processor.py:840} INFO - DAG(s) 'example_dag_decorator' retrieved from /home/airflow/.local/lib/python3.8/site-packages/airflow/example_dags/example_dag_decorator.py
[2024-04-24T05:23:29.454+0000] {logging_mixin.py:188} INFO - [2024-04-24T05:23:29.454+0000] {dag.py:3047} INFO - Sync 1 DAGs
[2024-04-24T05:23:29.460+0000] {logging_mixin.py:188} INFO - [2024-04-24T05:23:29.460+0000] {dag.py:3834} INFO - Setting next_dagrun for example_dag_decorator to None, run_after=None
[2024-04-24T05:23:29.470+0000] {processor.py:183} INFO - Processing /home/airflow/.local/lib/python3.8/site-packages/airflow/example_dags/example_dag_decorator.py took 0.118 seconds
[2024-04-24T05:23:59.856+0000] {processor.py:161} INFO - Started process (PID=1514) to work on /home/airflow/.local/lib/python3.8/site-packages/airflow/example_dags/example_dag_decorator.py
[2024-04-24T05:23:59.857+0000] {processor.py:830} INFO - Processing file /home/airflow/.local/lib/python3.8/site-packages/airflow/example_dags/example_dag_decorator.py for tasks to queue
[2024-04-24T05:23:59.858+0000] {logging_mixin.py:188} INFO - [2024-04-24T05:23:59.858+0000] {dagbag.py:540} INFO - Filling up the DagBag from /home/airflow/.local/lib/python3.8/site-packages/airflow/example_dags/example_dag_decorator.py
[2024-04-24T05:23:59.906+0000] {processor.py:840} INFO - DAG(s) 'example_dag_decorator' retrieved from /home/airflow/.local/lib/python3.8/site-packages/airflow/example_dags/example_dag_decorator.py
[2024-04-24T05:23:59.959+0000] {logging_mixin.py:188} INFO - [2024-04-24T05:23:59.959+0000] {dag.py:3047} INFO - Sync 1 DAGs
[2024-04-24T05:23:59.964+0000] {logging_mixin.py:188} INFO - [2024-04-24T05:23:59.964+0000] {dag.py:3834} INFO - Setting next_dagrun for example_dag_decorator to None, run_after=None
[2024-04-24T05:23:59.975+0000] {processor.py:183} INFO - Processing /home/airflow/.local/lib/python3.8/site-packages/airflow/example_dags/example_dag_decorator.py took 0.120 seconds
[2024-04-24T05:24:30.346+0000] {processor.py:161} INFO - Started process (PID=1572) to work on /home/airflow/.local/lib/python3.8/site-packages/airflow/example_dags/example_dag_decorator.py
[2024-04-24T05:24:30.347+0000] {processor.py:830} INFO - Processing file /home/airflow/.local/lib/python3.8/site-packages/airflow/example_dags/example_dag_decorator.py for tasks to queue
[2024-04-24T05:24:30.348+0000] {logging_mixin.py:188} INFO - [2024-04-24T05:24:30.348+0000] {dagbag.py:540} INFO - Filling up the DagBag from /home/airflow/.local/lib/python3.8/site-packages/airflow/example_dags/example_dag_decorator.py
[2024-04-24T05:24:30.395+0000] {processor.py:840} INFO - DAG(s) 'example_dag_decorator' retrieved from /home/airflow/.local/lib/python3.8/site-packages/airflow/example_dags/example_dag_decorator.py
[2024-04-24T05:24:30.446+0000] {logging_mixin.py:188} INFO - [2024-04-24T05:24:30.446+0000] {dag.py:3047} INFO - Sync 1 DAGs
[2024-04-24T05:24:30.451+0000] {logging_mixin.py:188} INFO - [2024-04-24T05:24:30.451+0000] {dag.py:3834} INFO - Setting next_dagrun for example_dag_decorator to None, run_after=None
[2024-04-24T05:24:30.462+0000] {processor.py:183} INFO - Processing /home/airflow/.local/lib/python3.8/site-packages/airflow/example_dags/example_dag_decorator.py took 0.117 seconds
[2024-04-24T05:25:00.812+0000] {processor.py:161} INFO - Started process (PID=1630) to work on /home/airflow/.local/lib/python3.8/site-packages/airflow/example_dags/example_dag_decorator.py
[2024-04-24T05:25:00.813+0000] {processor.py:830} INFO - Processing file /home/airflow/.local/lib/python3.8/site-packages/airflow/example_dags/example_dag_decorator.py for tasks to queue
[2024-04-24T05:25:00.814+0000] {logging_mixin.py:188} INFO - [2024-04-24T05:25:00.814+0000] {dagbag.py:540} INFO - Filling up the DagBag from /home/airflow/.local/lib/python3.8/site-packages/airflow/example_dags/example_dag_decorator.py
[2024-04-24T05:25:00.861+0000] {processor.py:840} INFO - DAG(s) 'example_dag_decorator' retrieved from /home/airflow/.local/lib/python3.8/site-packages/airflow/example_dags/example_dag_decorator.py
[2024-04-24T05:25:00.912+0000] {logging_mixin.py:188} INFO - [2024-04-24T05:25:00.912+0000] {dag.py:3047} INFO - Sync 1 DAGs
[2024-04-24T05:25:00.918+0000] {logging_mixin.py:188} INFO - [2024-04-24T05:25:00.918+0000] {dag.py:3834} INFO - Setting next_dagrun for example_dag_decorator to None, run_after=None
[2024-04-24T05:25:00.927+0000] {processor.py:183} INFO - Processing /home/airflow/.local/lib/python3.8/site-packages/airflow/example_dags/example_dag_decorator.py took 0.117 seconds
[2024-04-24T05:25:31.269+0000] {processor.py:161} INFO - Started process (PID=1688) to work on /home/airflow/.local/lib/python3.8/site-packages/airflow/example_dags/example_dag_decorator.py
[2024-04-24T05:25:31.269+0000] {processor.py:830} INFO - Processing file /home/airflow/.local/lib/python3.8/site-packages/airflow/example_dags/example_dag_decorator.py for tasks to queue
[2024-04-24T05:25:31.270+0000] {logging_mixin.py:188} INFO - [2024-04-24T05:25:31.270+0000] {dagbag.py:540} INFO - Filling up the DagBag from /home/airflow/.local/lib/python3.8/site-packages/airflow/example_dags/example_dag_decorator.py
[2024-04-24T05:25:31.317+0000] {processor.py:840} INFO - DAG(s) 'example_dag_decorator' retrieved from /home/airflow/.local/lib/python3.8/site-packages/airflow/example_dags/example_dag_decorator.py
[2024-04-24T05:25:31.329+0000] {logging_mixin.py:188} INFO - [2024-04-24T05:25:31.329+0000] {dag.py:3047} INFO - Sync 1 DAGs
[2024-04-24T05:25:31.335+0000] {logging_mixin.py:188} INFO - [2024-04-24T05:25:31.335+0000] {dag.py:3834} INFO - Setting next_dagrun for example_dag_decorator to None, run_after=None
[2024-04-24T05:25:31.345+0000] {processor.py:183} INFO - Processing /home/airflow/.local/lib/python3.8/site-packages/airflow/example_dags/example_dag_decorator.py took 0.078 seconds
[2024-04-24T05:26:01.923+0000] {processor.py:161} INFO - Started process (PID=1746) to work on /home/airflow/.local/lib/python3.8/site-packages/airflow/example_dags/example_dag_decorator.py
[2024-04-24T05:26:01.923+0000] {processor.py:830} INFO - Processing file /home/airflow/.local/lib/python3.8/site-packages/airflow/example_dags/example_dag_decorator.py for tasks to queue
[2024-04-24T05:26:01.924+0000] {logging_mixin.py:188} INFO - [2024-04-24T05:26:01.924+0000] {dagbag.py:540} INFO - Filling up the DagBag from /home/airflow/.local/lib/python3.8/site-packages/airflow/example_dags/example_dag_decorator.py
[2024-04-24T05:26:01.975+0000] {processor.py:840} INFO - DAG(s) 'example_dag_decorator' retrieved from /home/airflow/.local/lib/python3.8/site-packages/airflow/example_dags/example_dag_decorator.py
[2024-04-24T05:26:02.028+0000] {logging_mixin.py:188} INFO - [2024-04-24T05:26:02.028+0000] {dag.py:3047} INFO - Sync 1 DAGs
[2024-04-24T05:26:02.034+0000] {logging_mixin.py:188} INFO - [2024-04-24T05:26:02.033+0000] {dag.py:3834} INFO - Setting next_dagrun for example_dag_decorator to None, run_after=None
[2024-04-24T05:26:02.044+0000] {processor.py:183} INFO - Processing /home/airflow/.local/lib/python3.8/site-packages/airflow/example_dags/example_dag_decorator.py took 0.123 seconds
[2024-04-24T05:26:32.536+0000] {processor.py:161} INFO - Started process (PID=1804) to work on /home/airflow/.local/lib/python3.8/site-packages/airflow/example_dags/example_dag_decorator.py
[2024-04-24T05:26:32.536+0000] {processor.py:830} INFO - Processing file /home/airflow/.local/lib/python3.8/site-packages/airflow/example_dags/example_dag_decorator.py for tasks to queue
[2024-04-24T05:26:32.537+0000] {logging_mixin.py:188} INFO - [2024-04-24T05:26:32.537+0000] {dagbag.py:540} INFO - Filling up the DagBag from /home/airflow/.local/lib/python3.8/site-packages/airflow/example_dags/example_dag_decorator.py
[2024-04-24T05:26:32.585+0000] {processor.py:840} INFO - DAG(s) 'example_dag_decorator' retrieved from /home/airflow/.local/lib/python3.8/site-packages/airflow/example_dags/example_dag_decorator.py
[2024-04-24T05:26:32.638+0000] {logging_mixin.py:188} INFO - [2024-04-24T05:26:32.637+0000] {dag.py:3047} INFO - Sync 1 DAGs
[2024-04-24T05:26:32.643+0000] {logging_mixin.py:188} INFO - [2024-04-24T05:26:32.643+0000] {dag.py:3834} INFO - Setting next_dagrun for example_dag_decorator to None, run_after=None
[2024-04-24T05:26:32.653+0000] {processor.py:183} INFO - Processing /home/airflow/.local/lib/python3.8/site-packages/airflow/example_dags/example_dag_decorator.py took 0.119 seconds
[2024-04-24T05:27:03.248+0000] {processor.py:161} INFO - Started process (PID=1862) to work on /home/airflow/.local/lib/python3.8/site-packages/airflow/example_dags/example_dag_decorator.py
[2024-04-24T05:27:03.249+0000] {processor.py:830} INFO - Processing file /home/airflow/.local/lib/python3.8/site-packages/airflow/example_dags/example_dag_decorator.py for tasks to queue
[2024-04-24T05:27:03.250+0000] {logging_mixin.py:188} INFO - [2024-04-24T05:27:03.249+0000] {dagbag.py:540} INFO - Filling up the DagBag from /home/airflow/.local/lib/python3.8/site-packages/airflow/example_dags/example_dag_decorator.py
[2024-04-24T05:27:03.298+0000] {processor.py:840} INFO - DAG(s) 'example_dag_decorator' retrieved from /home/airflow/.local/lib/python3.8/site-packages/airflow/example_dags/example_dag_decorator.py
[2024-04-24T05:27:03.349+0000] {logging_mixin.py:188} INFO - [2024-04-24T05:27:03.349+0000] {dag.py:3047} INFO - Sync 1 DAGs
[2024-04-24T05:27:03.354+0000] {logging_mixin.py:188} INFO - [2024-04-24T05:27:03.354+0000] {dag.py:3834} INFO - Setting next_dagrun for example_dag_decorator to None, run_after=None
[2024-04-24T05:27:03.364+0000] {processor.py:183} INFO - Processing /home/airflow/.local/lib/python3.8/site-packages/airflow/example_dags/example_dag_decorator.py took 0.118 seconds
[2024-04-24T05:27:33.817+0000] {processor.py:161} INFO - Started process (PID=1920) to work on /home/airflow/.local/lib/python3.8/site-packages/airflow/example_dags/example_dag_decorator.py
[2024-04-24T05:27:33.818+0000] {processor.py:830} INFO - Processing file /home/airflow/.local/lib/python3.8/site-packages/airflow/example_dags/example_dag_decorator.py for tasks to queue
[2024-04-24T05:27:33.819+0000] {logging_mixin.py:188} INFO - [2024-04-24T05:27:33.819+0000] {dagbag.py:540} INFO - Filling up the DagBag from /home/airflow/.local/lib/python3.8/site-packages/airflow/example_dags/example_dag_decorator.py
[2024-04-24T05:27:33.867+0000] {processor.py:840} INFO - DAG(s) 'example_dag_decorator' retrieved from /home/airflow/.local/lib/python3.8/site-packages/airflow/example_dags/example_dag_decorator.py
[2024-04-24T05:27:33.919+0000] {logging_mixin.py:188} INFO - [2024-04-24T05:27:33.919+0000] {dag.py:3047} INFO - Sync 1 DAGs
[2024-04-24T05:27:33.924+0000] {logging_mixin.py:188} INFO - [2024-04-24T05:27:33.924+0000] {dag.py:3834} INFO - Setting next_dagrun for example_dag_decorator to None, run_after=None
[2024-04-24T05:27:33.934+0000] {processor.py:183} INFO - Processing /home/airflow/.local/lib/python3.8/site-packages/airflow/example_dags/example_dag_decorator.py took 0.119 seconds
[2024-04-24T05:28:04.407+0000] {processor.py:161} INFO - Started process (PID=1978) to work on /home/airflow/.local/lib/python3.8/site-packages/airflow/example_dags/example_dag_decorator.py
[2024-04-24T05:28:04.407+0000] {processor.py:830} INFO - Processing file /home/airflow/.local/lib/python3.8/site-packages/airflow/example_dags/example_dag_decorator.py for tasks to queue
[2024-04-24T05:28:04.408+0000] {logging_mixin.py:188} INFO - [2024-04-24T05:28:04.408+0000] {dagbag.py:540} INFO - Filling up the DagBag from /home/airflow/.local/lib/python3.8/site-packages/airflow/example_dags/example_dag_decorator.py
[2024-04-24T05:28:04.459+0000] {processor.py:840} INFO - DAG(s) 'example_dag_decorator' retrieved from /home/airflow/.local/lib/python3.8/site-packages/airflow/example_dags/example_dag_decorator.py
[2024-04-24T05:28:04.512+0000] {logging_mixin.py:188} INFO - [2024-04-24T05:28:04.512+0000] {dag.py:3047} INFO - Sync 1 DAGs
[2024-04-24T05:28:04.615+0000] {logging_mixin.py:188} INFO - [2024-04-24T05:28:04.614+0000] {dag.py:3834} INFO - Setting next_dagrun for example_dag_decorator to None, run_after=None
[2024-04-24T05:28:04.627+0000] {processor.py:183} INFO - Processing /home/airflow/.local/lib/python3.8/site-packages/airflow/example_dags/example_dag_decorator.py took 0.222 seconds
[2024-04-24T05:28:35.135+0000] {processor.py:161} INFO - Started process (PID=2036) to work on /home/airflow/.local/lib/python3.8/site-packages/airflow/example_dags/example_dag_decorator.py
[2024-04-24T05:28:35.135+0000] {processor.py:830} INFO - Processing file /home/airflow/.local/lib/python3.8/site-packages/airflow/example_dags/example_dag_decorator.py for tasks to queue
[2024-04-24T05:28:35.136+0000] {logging_mixin.py:188} INFO - [2024-04-24T05:28:35.136+0000] {dagbag.py:540} INFO - Filling up the DagBag from /home/airflow/.local/lib/python3.8/site-packages/airflow/example_dags/example_dag_decorator.py
[2024-04-24T05:28:35.186+0000] {processor.py:840} INFO - DAG(s) 'example_dag_decorator' retrieved from /home/airflow/.local/lib/python3.8/site-packages/airflow/example_dags/example_dag_decorator.py
[2024-04-24T05:28:35.302+0000] {logging_mixin.py:188} INFO - [2024-04-24T05:28:35.302+0000] {dag.py:3047} INFO - Sync 1 DAGs
[2024-04-24T05:28:35.310+0000] {logging_mixin.py:188} INFO - [2024-04-24T05:28:35.309+0000] {dag.py:3834} INFO - Setting next_dagrun for example_dag_decorator to None, run_after=None
[2024-04-24T05:28:35.409+0000] {processor.py:183} INFO - Processing /home/airflow/.local/lib/python3.8/site-packages/airflow/example_dags/example_dag_decorator.py took 0.276 seconds
[2024-04-24T05:29:05.811+0000] {processor.py:161} INFO - Started process (PID=2094) to work on /home/airflow/.local/lib/python3.8/site-packages/airflow/example_dags/example_dag_decorator.py
[2024-04-24T05:29:05.812+0000] {processor.py:830} INFO - Processing file /home/airflow/.local/lib/python3.8/site-packages/airflow/example_dags/example_dag_decorator.py for tasks to queue
[2024-04-24T05:29:05.813+0000] {logging_mixin.py:188} INFO - [2024-04-24T05:29:05.813+0000] {dagbag.py:540} INFO - Filling up the DagBag from /home/airflow/.local/lib/python3.8/site-packages/airflow/example_dags/example_dag_decorator.py
[2024-04-24T05:29:05.860+0000] {processor.py:840} INFO - DAG(s) 'example_dag_decorator' retrieved from /home/airflow/.local/lib/python3.8/site-packages/airflow/example_dags/example_dag_decorator.py
[2024-04-24T05:29:05.912+0000] {logging_mixin.py:188} INFO - [2024-04-24T05:29:05.912+0000] {dag.py:3047} INFO - Sync 1 DAGs
[2024-04-24T05:29:05.918+0000] {logging_mixin.py:188} INFO - [2024-04-24T05:29:05.918+0000] {dag.py:3834} INFO - Setting next_dagrun for example_dag_decorator to None, run_after=None
[2024-04-24T05:29:06.007+0000] {processor.py:183} INFO - Processing /home/airflow/.local/lib/python3.8/site-packages/airflow/example_dags/example_dag_decorator.py took 0.197 seconds
[2024-04-24T05:29:36.458+0000] {processor.py:161} INFO - Started process (PID=2152) to work on /home/airflow/.local/lib/python3.8/site-packages/airflow/example_dags/example_dag_decorator.py
[2024-04-24T05:29:36.459+0000] {processor.py:830} INFO - Processing file /home/airflow/.local/lib/python3.8/site-packages/airflow/example_dags/example_dag_decorator.py for tasks to queue
[2024-04-24T05:29:36.460+0000] {logging_mixin.py:188} INFO - [2024-04-24T05:29:36.459+0000] {dagbag.py:540} INFO - Filling up the DagBag from /home/airflow/.local/lib/python3.8/site-packages/airflow/example_dags/example_dag_decorator.py
[2024-04-24T05:29:36.508+0000] {processor.py:840} INFO - DAG(s) 'example_dag_decorator' retrieved from /home/airflow/.local/lib/python3.8/site-packages/airflow/example_dags/example_dag_decorator.py
[2024-04-24T05:29:36.558+0000] {logging_mixin.py:188} INFO - [2024-04-24T05:29:36.558+0000] {dag.py:3047} INFO - Sync 1 DAGs
[2024-04-24T05:29:36.563+0000] {logging_mixin.py:188} INFO - [2024-04-24T05:29:36.563+0000] {dag.py:3834} INFO - Setting next_dagrun for example_dag_decorator to None, run_after=None
[2024-04-24T05:29:36.573+0000] {processor.py:183} INFO - Processing /home/airflow/.local/lib/python3.8/site-packages/airflow/example_dags/example_dag_decorator.py took 0.116 seconds
[2024-04-24T05:30:06.936+0000] {processor.py:161} INFO - Started process (PID=2210) to work on /home/airflow/.local/lib/python3.8/site-packages/airflow/example_dags/example_dag_decorator.py
[2024-04-24T05:30:06.936+0000] {processor.py:830} INFO - Processing file /home/airflow/.local/lib/python3.8/site-packages/airflow/example_dags/example_dag_decorator.py for tasks to queue
[2024-04-24T05:30:06.937+0000] {logging_mixin.py:188} INFO - [2024-04-24T05:30:06.937+0000] {dagbag.py:540} INFO - Filling up the DagBag from /home/airflow/.local/lib/python3.8/site-packages/airflow/example_dags/example_dag_decorator.py
[2024-04-24T05:30:06.985+0000] {processor.py:840} INFO - DAG(s) 'example_dag_decorator' retrieved from /home/airflow/.local/lib/python3.8/site-packages/airflow/example_dags/example_dag_decorator.py
[2024-04-24T05:30:06.997+0000] {logging_mixin.py:188} INFO - [2024-04-24T05:30:06.997+0000] {dag.py:3047} INFO - Sync 1 DAGs
[2024-04-24T05:30:07.003+0000] {logging_mixin.py:188} INFO - [2024-04-24T05:30:07.003+0000] {dag.py:3834} INFO - Setting next_dagrun for example_dag_decorator to None, run_after=None
[2024-04-24T05:30:07.013+0000] {processor.py:183} INFO - Processing /home/airflow/.local/lib/python3.8/site-packages/airflow/example_dags/example_dag_decorator.py took 0.079 seconds
[2024-04-24T05:30:37.511+0000] {processor.py:161} INFO - Started process (PID=2268) to work on /home/airflow/.local/lib/python3.8/site-packages/airflow/example_dags/example_dag_decorator.py
[2024-04-24T05:30:37.512+0000] {processor.py:830} INFO - Processing file /home/airflow/.local/lib/python3.8/site-packages/airflow/example_dags/example_dag_decorator.py for tasks to queue
[2024-04-24T05:30:37.513+0000] {logging_mixin.py:188} INFO - [2024-04-24T05:30:37.512+0000] {dagbag.py:540} INFO - Filling up the DagBag from /home/airflow/.local/lib/python3.8/site-packages/airflow/example_dags/example_dag_decorator.py
[2024-04-24T05:30:37.561+0000] {processor.py:840} INFO - DAG(s) 'example_dag_decorator' retrieved from /home/airflow/.local/lib/python3.8/site-packages/airflow/example_dags/example_dag_decorator.py
[2024-04-24T05:30:37.613+0000] {logging_mixin.py:188} INFO - [2024-04-24T05:30:37.613+0000] {dag.py:3047} INFO - Sync 1 DAGs
[2024-04-24T05:30:37.619+0000] {logging_mixin.py:188} INFO - [2024-04-24T05:30:37.619+0000] {dag.py:3834} INFO - Setting next_dagrun for example_dag_decorator to None, run_after=None
[2024-04-24T05:30:37.628+0000] {processor.py:183} INFO - Processing /home/airflow/.local/lib/python3.8/site-packages/airflow/example_dags/example_dag_decorator.py took 0.119 seconds
[2024-04-24T05:31:08.073+0000] {processor.py:161} INFO - Started process (PID=2326) to work on /home/airflow/.local/lib/python3.8/site-packages/airflow/example_dags/example_dag_decorator.py
[2024-04-24T05:31:08.074+0000] {processor.py:830} INFO - Processing file /home/airflow/.local/lib/python3.8/site-packages/airflow/example_dags/example_dag_decorator.py for tasks to queue
[2024-04-24T05:31:08.075+0000] {logging_mixin.py:188} INFO - [2024-04-24T05:31:08.074+0000] {dagbag.py:540} INFO - Filling up the DagBag from /home/airflow/.local/lib/python3.8/site-packages/airflow/example_dags/example_dag_decorator.py
[2024-04-24T05:31:08.122+0000] {processor.py:840} INFO - DAG(s) 'example_dag_decorator' retrieved from /home/airflow/.local/lib/python3.8/site-packages/airflow/example_dags/example_dag_decorator.py
[2024-04-24T05:31:08.254+0000] {logging_mixin.py:188} INFO - [2024-04-24T05:31:08.253+0000] {dag.py:3047} INFO - Sync 1 DAGs
[2024-04-24T05:31:08.259+0000] {logging_mixin.py:188} INFO - [2024-04-24T05:31:08.259+0000] {dag.py:3834} INFO - Setting next_dagrun for example_dag_decorator to None, run_after=None
[2024-04-24T05:31:08.268+0000] {processor.py:183} INFO - Processing /home/airflow/.local/lib/python3.8/site-packages/airflow/example_dags/example_dag_decorator.py took 0.197 seconds
[2024-04-24T05:31:38.886+0000] {processor.py:161} INFO - Started process (PID=2384) to work on /home/airflow/.local/lib/python3.8/site-packages/airflow/example_dags/example_dag_decorator.py
[2024-04-24T05:31:38.887+0000] {processor.py:830} INFO - Processing file /home/airflow/.local/lib/python3.8/site-packages/airflow/example_dags/example_dag_decorator.py for tasks to queue
[2024-04-24T05:31:38.888+0000] {logging_mixin.py:188} INFO - [2024-04-24T05:31:38.888+0000] {dagbag.py:540} INFO - Filling up the DagBag from /home/airflow/.local/lib/python3.8/site-packages/airflow/example_dags/example_dag_decorator.py
[2024-04-24T05:31:38.935+0000] {processor.py:840} INFO - DAG(s) 'example_dag_decorator' retrieved from /home/airflow/.local/lib/python3.8/site-packages/airflow/example_dags/example_dag_decorator.py
[2024-04-24T05:31:39.063+0000] {logging_mixin.py:188} INFO - [2024-04-24T05:31:39.063+0000] {dag.py:3047} INFO - Sync 1 DAGs
[2024-04-24T05:31:39.068+0000] {logging_mixin.py:188} INFO - [2024-04-24T05:31:39.068+0000] {dag.py:3834} INFO - Setting next_dagrun for example_dag_decorator to None, run_after=None
[2024-04-24T05:31:39.078+0000] {processor.py:183} INFO - Processing /home/airflow/.local/lib/python3.8/site-packages/airflow/example_dags/example_dag_decorator.py took 0.193 seconds
[2024-04-24T05:32:09.504+0000] {processor.py:161} INFO - Started process (PID=2442) to work on /home/airflow/.local/lib/python3.8/site-packages/airflow/example_dags/example_dag_decorator.py
[2024-04-24T05:32:09.505+0000] {processor.py:830} INFO - Processing file /home/airflow/.local/lib/python3.8/site-packages/airflow/example_dags/example_dag_decorator.py for tasks to queue
[2024-04-24T05:32:09.506+0000] {logging_mixin.py:188} INFO - [2024-04-24T05:32:09.505+0000] {dagbag.py:540} INFO - Filling up the DagBag from /home/airflow/.local/lib/python3.8/site-packages/airflow/example_dags/example_dag_decorator.py
[2024-04-24T05:32:09.553+0000] {processor.py:840} INFO - DAG(s) 'example_dag_decorator' retrieved from /home/airflow/.local/lib/python3.8/site-packages/airflow/example_dags/example_dag_decorator.py
[2024-04-24T05:32:09.691+0000] {logging_mixin.py:188} INFO - [2024-04-24T05:32:09.691+0000] {dag.py:3047} INFO - Sync 1 DAGs
[2024-04-24T05:32:09.696+0000] {logging_mixin.py:188} INFO - [2024-04-24T05:32:09.696+0000] {dag.py:3834} INFO - Setting next_dagrun for example_dag_decorator to None, run_after=None
[2024-04-24T05:32:09.707+0000] {processor.py:183} INFO - Processing /home/airflow/.local/lib/python3.8/site-packages/airflow/example_dags/example_dag_decorator.py took 0.204 seconds
[2024-04-24T05:32:40.080+0000] {processor.py:161} INFO - Started process (PID=2501) to work on /home/airflow/.local/lib/python3.8/site-packages/airflow/example_dags/example_dag_decorator.py
[2024-04-24T05:32:40.080+0000] {processor.py:830} INFO - Processing file /home/airflow/.local/lib/python3.8/site-packages/airflow/example_dags/example_dag_decorator.py for tasks to queue
[2024-04-24T05:32:40.081+0000] {logging_mixin.py:188} INFO - [2024-04-24T05:32:40.081+0000] {dagbag.py:540} INFO - Filling up the DagBag from /home/airflow/.local/lib/python3.8/site-packages/airflow/example_dags/example_dag_decorator.py
[2024-04-24T05:32:40.129+0000] {processor.py:840} INFO - DAG(s) 'example_dag_decorator' retrieved from /home/airflow/.local/lib/python3.8/site-packages/airflow/example_dags/example_dag_decorator.py
[2024-04-24T05:32:40.140+0000] {logging_mixin.py:188} INFO - [2024-04-24T05:32:40.140+0000] {dag.py:3047} INFO - Sync 1 DAGs
[2024-04-24T05:32:40.148+0000] {logging_mixin.py:188} INFO - [2024-04-24T05:32:40.147+0000] {dag.py:3834} INFO - Setting next_dagrun for example_dag_decorator to None, run_after=None
[2024-04-24T05:32:40.157+0000] {processor.py:183} INFO - Processing /home/airflow/.local/lib/python3.8/site-packages/airflow/example_dags/example_dag_decorator.py took 0.079 seconds
[2024-04-24T05:33:10.439+0000] {processor.py:161} INFO - Started process (PID=2556) to work on /home/airflow/.local/lib/python3.8/site-packages/airflow/example_dags/example_dag_decorator.py
[2024-04-24T05:33:10.440+0000] {processor.py:830} INFO - Processing file /home/airflow/.local/lib/python3.8/site-packages/airflow/example_dags/example_dag_decorator.py for tasks to queue
[2024-04-24T05:33:10.440+0000] {logging_mixin.py:188} INFO - [2024-04-24T05:33:10.440+0000] {dagbag.py:540} INFO - Filling up the DagBag from /home/airflow/.local/lib/python3.8/site-packages/airflow/example_dags/example_dag_decorator.py
[2024-04-24T05:33:10.488+0000] {processor.py:840} INFO - DAG(s) 'example_dag_decorator' retrieved from /home/airflow/.local/lib/python3.8/site-packages/airflow/example_dags/example_dag_decorator.py
[2024-04-24T05:33:10.541+0000] {logging_mixin.py:188} INFO - [2024-04-24T05:33:10.541+0000] {dag.py:3047} INFO - Sync 1 DAGs
[2024-04-24T05:33:10.626+0000] {logging_mixin.py:188} INFO - [2024-04-24T05:33:10.626+0000] {dag.py:3834} INFO - Setting next_dagrun for example_dag_decorator to None, run_after=None
[2024-04-24T05:33:10.636+0000] {processor.py:183} INFO - Processing /home/airflow/.local/lib/python3.8/site-packages/airflow/example_dags/example_dag_decorator.py took 0.198 seconds
[2024-04-24T05:33:40.836+0000] {processor.py:161} INFO - Started process (PID=2612) to work on /home/airflow/.local/lib/python3.8/site-packages/airflow/example_dags/example_dag_decorator.py
[2024-04-24T05:33:40.837+0000] {processor.py:830} INFO - Processing file /home/airflow/.local/lib/python3.8/site-packages/airflow/example_dags/example_dag_decorator.py for tasks to queue
[2024-04-24T05:33:40.837+0000] {logging_mixin.py:188} INFO - [2024-04-24T05:33:40.837+0000] {dagbag.py:540} INFO - Filling up the DagBag from /home/airflow/.local/lib/python3.8/site-packages/airflow/example_dags/example_dag_decorator.py
[2024-04-24T05:33:40.885+0000] {processor.py:840} INFO - DAG(s) 'example_dag_decorator' retrieved from /home/airflow/.local/lib/python3.8/site-packages/airflow/example_dags/example_dag_decorator.py
[2024-04-24T05:33:41.012+0000] {logging_mixin.py:188} INFO - [2024-04-24T05:33:41.011+0000] {dag.py:3047} INFO - Sync 1 DAGs
[2024-04-24T05:33:41.017+0000] {logging_mixin.py:188} INFO - [2024-04-24T05:33:41.017+0000] {dag.py:3834} INFO - Setting next_dagrun for example_dag_decorator to None, run_after=None
[2024-04-24T05:33:41.027+0000] {processor.py:183} INFO - Processing /home/airflow/.local/lib/python3.8/site-packages/airflow/example_dags/example_dag_decorator.py took 0.193 seconds
[2024-04-24T05:34:11.261+0000] {processor.py:161} INFO - Started process (PID=2668) to work on /home/airflow/.local/lib/python3.8/site-packages/airflow/example_dags/example_dag_decorator.py
[2024-04-24T05:34:11.262+0000] {processor.py:830} INFO - Processing file /home/airflow/.local/lib/python3.8/site-packages/airflow/example_dags/example_dag_decorator.py for tasks to queue
[2024-04-24T05:34:11.262+0000] {logging_mixin.py:188} INFO - [2024-04-24T05:34:11.262+0000] {dagbag.py:540} INFO - Filling up the DagBag from /home/airflow/.local/lib/python3.8/site-packages/airflow/example_dags/example_dag_decorator.py
[2024-04-24T05:34:11.310+0000] {processor.py:840} INFO - DAG(s) 'example_dag_decorator' retrieved from /home/airflow/.local/lib/python3.8/site-packages/airflow/example_dags/example_dag_decorator.py
[2024-04-24T05:34:11.439+0000] {logging_mixin.py:188} INFO - [2024-04-24T05:34:11.438+0000] {dag.py:3047} INFO - Sync 1 DAGs
[2024-04-24T05:34:11.444+0000] {logging_mixin.py:188} INFO - [2024-04-24T05:34:11.443+0000] {dag.py:3834} INFO - Setting next_dagrun for example_dag_decorator to None, run_after=None
[2024-04-24T05:34:11.453+0000] {processor.py:183} INFO - Processing /home/airflow/.local/lib/python3.8/site-packages/airflow/example_dags/example_dag_decorator.py took 0.194 seconds
[2024-04-24T05:34:41.790+0000] {processor.py:161} INFO - Started process (PID=2721) to work on /home/airflow/.local/lib/python3.8/site-packages/airflow/example_dags/example_dag_decorator.py
[2024-04-24T05:34:41.791+0000] {processor.py:830} INFO - Processing file /home/airflow/.local/lib/python3.8/site-packages/airflow/example_dags/example_dag_decorator.py for tasks to queue
[2024-04-24T05:34:41.791+0000] {logging_mixin.py:188} INFO - [2024-04-24T05:34:41.791+0000] {dagbag.py:540} INFO - Filling up the DagBag from /home/airflow/.local/lib/python3.8/site-packages/airflow/example_dags/example_dag_decorator.py
[2024-04-24T05:34:41.839+0000] {processor.py:840} INFO - DAG(s) 'example_dag_decorator' retrieved from /home/airflow/.local/lib/python3.8/site-packages/airflow/example_dags/example_dag_decorator.py
[2024-04-24T05:34:41.967+0000] {logging_mixin.py:188} INFO - [2024-04-24T05:34:41.967+0000] {dag.py:3047} INFO - Sync 1 DAGs
[2024-04-24T05:34:41.972+0000] {logging_mixin.py:188} INFO - [2024-04-24T05:34:41.972+0000] {dag.py:3834} INFO - Setting next_dagrun for example_dag_decorator to None, run_after=None
[2024-04-24T05:34:41.982+0000] {processor.py:183} INFO - Processing /home/airflow/.local/lib/python3.8/site-packages/airflow/example_dags/example_dag_decorator.py took 0.194 seconds
[2024-04-24T05:35:12.525+0000] {processor.py:161} INFO - Started process (PID=2782) to work on /home/airflow/.local/lib/python3.8/site-packages/airflow/example_dags/example_dag_decorator.py
[2024-04-24T05:35:12.525+0000] {processor.py:830} INFO - Processing file /home/airflow/.local/lib/python3.8/site-packages/airflow/example_dags/example_dag_decorator.py for tasks to queue
[2024-04-24T05:35:12.526+0000] {logging_mixin.py:188} INFO - [2024-04-24T05:35:12.526+0000] {dagbag.py:540} INFO - Filling up the DagBag from /home/airflow/.local/lib/python3.8/site-packages/airflow/example_dags/example_dag_decorator.py
[2024-04-24T05:35:12.574+0000] {processor.py:840} INFO - DAG(s) 'example_dag_decorator' retrieved from /home/airflow/.local/lib/python3.8/site-packages/airflow/example_dags/example_dag_decorator.py
[2024-04-24T05:35:12.703+0000] {logging_mixin.py:188} INFO - [2024-04-24T05:35:12.703+0000] {dag.py:3047} INFO - Sync 1 DAGs
[2024-04-24T05:35:12.708+0000] {logging_mixin.py:188} INFO - [2024-04-24T05:35:12.708+0000] {dag.py:3834} INFO - Setting next_dagrun for example_dag_decorator to None, run_after=None
[2024-04-24T05:35:12.718+0000] {processor.py:183} INFO - Processing /home/airflow/.local/lib/python3.8/site-packages/airflow/example_dags/example_dag_decorator.py took 0.195 seconds
[2024-04-24T05:35:43.269+0000] {processor.py:161} INFO - Started process (PID=2837) to work on /home/airflow/.local/lib/python3.8/site-packages/airflow/example_dags/example_dag_decorator.py
[2024-04-24T05:35:43.270+0000] {processor.py:830} INFO - Processing file /home/airflow/.local/lib/python3.8/site-packages/airflow/example_dags/example_dag_decorator.py for tasks to queue
[2024-04-24T05:35:43.271+0000] {logging_mixin.py:188} INFO - [2024-04-24T05:35:43.270+0000] {dagbag.py:540} INFO - Filling up the DagBag from /home/airflow/.local/lib/python3.8/site-packages/airflow/example_dags/example_dag_decorator.py
[2024-04-24T05:35:43.318+0000] {processor.py:840} INFO - DAG(s) 'example_dag_decorator' retrieved from /home/airflow/.local/lib/python3.8/site-packages/airflow/example_dags/example_dag_decorator.py
[2024-04-24T05:35:43.330+0000] {logging_mixin.py:188} INFO - [2024-04-24T05:35:43.330+0000] {dag.py:3047} INFO - Sync 1 DAGs
[2024-04-24T05:35:43.336+0000] {logging_mixin.py:188} INFO - [2024-04-24T05:35:43.336+0000] {dag.py:3834} INFO - Setting next_dagrun for example_dag_decorator to None, run_after=None
[2024-04-24T05:35:43.346+0000] {processor.py:183} INFO - Processing /home/airflow/.local/lib/python3.8/site-packages/airflow/example_dags/example_dag_decorator.py took 0.078 seconds
[2024-04-24T05:36:13.791+0000] {processor.py:161} INFO - Started process (PID=2892) to work on /home/airflow/.local/lib/python3.8/site-packages/airflow/example_dags/example_dag_decorator.py
[2024-04-24T05:36:13.791+0000] {processor.py:830} INFO - Processing file /home/airflow/.local/lib/python3.8/site-packages/airflow/example_dags/example_dag_decorator.py for tasks to queue
[2024-04-24T05:36:13.792+0000] {logging_mixin.py:188} INFO - [2024-04-24T05:36:13.792+0000] {dagbag.py:540} INFO - Filling up the DagBag from /home/airflow/.local/lib/python3.8/site-packages/airflow/example_dags/example_dag_decorator.py
[2024-04-24T05:36:13.840+0000] {processor.py:840} INFO - DAG(s) 'example_dag_decorator' retrieved from /home/airflow/.local/lib/python3.8/site-packages/airflow/example_dags/example_dag_decorator.py
[2024-04-24T05:36:13.852+0000] {logging_mixin.py:188} INFO - [2024-04-24T05:36:13.852+0000] {dag.py:3047} INFO - Sync 1 DAGs
[2024-04-24T05:36:13.858+0000] {logging_mixin.py:188} INFO - [2024-04-24T05:36:13.858+0000] {dag.py:3834} INFO - Setting next_dagrun for example_dag_decorator to None, run_after=None
[2024-04-24T05:36:13.869+0000] {processor.py:183} INFO - Processing /home/airflow/.local/lib/python3.8/site-packages/airflow/example_dags/example_dag_decorator.py took 0.080 seconds
[2024-04-24T05:36:44.211+0000] {processor.py:161} INFO - Started process (PID=2947) to work on /home/airflow/.local/lib/python3.8/site-packages/airflow/example_dags/example_dag_decorator.py
[2024-04-24T05:36:44.211+0000] {processor.py:830} INFO - Processing file /home/airflow/.local/lib/python3.8/site-packages/airflow/example_dags/example_dag_decorator.py for tasks to queue
[2024-04-24T05:36:44.212+0000] {logging_mixin.py:188} INFO - [2024-04-24T05:36:44.212+0000] {dagbag.py:540} INFO - Filling up the DagBag from /home/airflow/.local/lib/python3.8/site-packages/airflow/example_dags/example_dag_decorator.py
[2024-04-24T05:36:44.342+0000] {processor.py:840} INFO - DAG(s) 'example_dag_decorator' retrieved from /home/airflow/.local/lib/python3.8/site-packages/airflow/example_dags/example_dag_decorator.py
[2024-04-24T05:36:44.391+0000] {logging_mixin.py:188} INFO - [2024-04-24T05:36:44.391+0000] {dag.py:3047} INFO - Sync 1 DAGs
[2024-04-24T05:36:44.396+0000] {logging_mixin.py:188} INFO - [2024-04-24T05:36:44.396+0000] {dag.py:3834} INFO - Setting next_dagrun for example_dag_decorator to None, run_after=None
[2024-04-24T05:36:44.406+0000] {processor.py:183} INFO - Processing /home/airflow/.local/lib/python3.8/site-packages/airflow/example_dags/example_dag_decorator.py took 0.198 seconds
[2024-04-24T05:37:14.799+0000] {processor.py:161} INFO - Started process (PID=3005) to work on /home/airflow/.local/lib/python3.8/site-packages/airflow/example_dags/example_dag_decorator.py
[2024-04-24T05:37:14.800+0000] {processor.py:830} INFO - Processing file /home/airflow/.local/lib/python3.8/site-packages/airflow/example_dags/example_dag_decorator.py for tasks to queue
[2024-04-24T05:37:14.800+0000] {logging_mixin.py:188} INFO - [2024-04-24T05:37:14.800+0000] {dagbag.py:540} INFO - Filling up the DagBag from /home/airflow/.local/lib/python3.8/site-packages/airflow/example_dags/example_dag_decorator.py
[2024-04-24T05:37:14.848+0000] {processor.py:840} INFO - DAG(s) 'example_dag_decorator' retrieved from /home/airflow/.local/lib/python3.8/site-packages/airflow/example_dags/example_dag_decorator.py
[2024-04-24T05:37:14.967+0000] {logging_mixin.py:188} INFO - [2024-04-24T05:37:14.967+0000] {dag.py:3047} INFO - Sync 1 DAGs
[2024-04-24T05:37:14.972+0000] {logging_mixin.py:188} INFO - [2024-04-24T05:37:14.972+0000] {dag.py:3834} INFO - Setting next_dagrun for example_dag_decorator to None, run_after=None
[2024-04-24T05:37:14.981+0000] {processor.py:183} INFO - Processing /home/airflow/.local/lib/python3.8/site-packages/airflow/example_dags/example_dag_decorator.py took 0.184 seconds
[2024-04-24T05:37:45.368+0000] {processor.py:161} INFO - Started process (PID=3057) to work on /home/airflow/.local/lib/python3.8/site-packages/airflow/example_dags/example_dag_decorator.py
[2024-04-24T05:37:45.369+0000] {processor.py:830} INFO - Processing file /home/airflow/.local/lib/python3.8/site-packages/airflow/example_dags/example_dag_decorator.py for tasks to queue
[2024-04-24T05:37:45.369+0000] {logging_mixin.py:188} INFO - [2024-04-24T05:37:45.369+0000] {dagbag.py:540} INFO - Filling up the DagBag from /home/airflow/.local/lib/python3.8/site-packages/airflow/example_dags/example_dag_decorator.py
[2024-04-24T05:37:45.416+0000] {processor.py:840} INFO - DAG(s) 'example_dag_decorator' retrieved from /home/airflow/.local/lib/python3.8/site-packages/airflow/example_dags/example_dag_decorator.py
[2024-04-24T05:37:45.537+0000] {logging_mixin.py:188} INFO - [2024-04-24T05:37:45.537+0000] {dag.py:3047} INFO - Sync 1 DAGs
[2024-04-24T05:37:45.542+0000] {logging_mixin.py:188} INFO - [2024-04-24T05:37:45.542+0000] {dag.py:3834} INFO - Setting next_dagrun for example_dag_decorator to None, run_after=None
[2024-04-24T05:37:45.553+0000] {processor.py:183} INFO - Processing /home/airflow/.local/lib/python3.8/site-packages/airflow/example_dags/example_dag_decorator.py took 0.186 seconds
[2024-04-24T05:38:15.962+0000] {processor.py:161} INFO - Started process (PID=3112) to work on /home/airflow/.local/lib/python3.8/site-packages/airflow/example_dags/example_dag_decorator.py
[2024-04-24T05:38:15.963+0000] {processor.py:830} INFO - Processing file /home/airflow/.local/lib/python3.8/site-packages/airflow/example_dags/example_dag_decorator.py for tasks to queue
[2024-04-24T05:38:15.964+0000] {logging_mixin.py:188} INFO - [2024-04-24T05:38:15.963+0000] {dagbag.py:540} INFO - Filling up the DagBag from /home/airflow/.local/lib/python3.8/site-packages/airflow/example_dags/example_dag_decorator.py
[2024-04-24T05:38:16.012+0000] {processor.py:840} INFO - DAG(s) 'example_dag_decorator' retrieved from /home/airflow/.local/lib/python3.8/site-packages/airflow/example_dags/example_dag_decorator.py
[2024-04-24T05:38:16.024+0000] {logging_mixin.py:188} INFO - [2024-04-24T05:38:16.024+0000] {dag.py:3047} INFO - Sync 1 DAGs
[2024-04-24T05:38:16.107+0000] {logging_mixin.py:188} INFO - [2024-04-24T05:38:16.107+0000] {dag.py:3834} INFO - Setting next_dagrun for example_dag_decorator to None, run_after=None
[2024-04-24T05:38:16.117+0000] {processor.py:183} INFO - Processing /home/airflow/.local/lib/python3.8/site-packages/airflow/example_dags/example_dag_decorator.py took 0.156 seconds
[2024-04-24T05:40:50.687+0000] {processor.py:161} INFO - Started process (PID=60) to work on /home/airflow/.local/lib/python3.8/site-packages/airflow/example_dags/example_dag_decorator.py
[2024-04-24T05:40:50.688+0000] {processor.py:830} INFO - Processing file /home/airflow/.local/lib/python3.8/site-packages/airflow/example_dags/example_dag_decorator.py for tasks to queue
[2024-04-24T05:40:50.689+0000] {logging_mixin.py:188} INFO - [2024-04-24T05:40:50.689+0000] {dagbag.py:540} INFO - Filling up the DagBag from /home/airflow/.local/lib/python3.8/site-packages/airflow/example_dags/example_dag_decorator.py
[2024-04-24T05:40:50.801+0000] {processor.py:840} INFO - DAG(s) 'example_dag_decorator' retrieved from /home/airflow/.local/lib/python3.8/site-packages/airflow/example_dags/example_dag_decorator.py
[2024-04-24T05:40:50.807+0000] {logging_mixin.py:188} INFO - [2024-04-24T05:40:50.807+0000] {dag.py:3047} INFO - Sync 1 DAGs
[2024-04-24T05:40:50.814+0000] {logging_mixin.py:188} INFO - [2024-04-24T05:40:50.814+0000] {dag.py:3834} INFO - Setting next_dagrun for example_dag_decorator to None, run_after=None
[2024-04-24T05:40:50.825+0000] {processor.py:183} INFO - Processing /home/airflow/.local/lib/python3.8/site-packages/airflow/example_dags/example_dag_decorator.py took 0.140 seconds
[2024-04-24T05:41:21.450+0000] {processor.py:161} INFO - Started process (PID=115) to work on /home/airflow/.local/lib/python3.8/site-packages/airflow/example_dags/example_dag_decorator.py
[2024-04-24T05:41:21.450+0000] {processor.py:830} INFO - Processing file /home/airflow/.local/lib/python3.8/site-packages/airflow/example_dags/example_dag_decorator.py for tasks to queue
[2024-04-24T05:41:21.451+0000] {logging_mixin.py:188} INFO - [2024-04-24T05:41:21.451+0000] {dagbag.py:540} INFO - Filling up the DagBag from /home/airflow/.local/lib/python3.8/site-packages/airflow/example_dags/example_dag_decorator.py
[2024-04-24T05:41:21.501+0000] {processor.py:840} INFO - DAG(s) 'example_dag_decorator' retrieved from /home/airflow/.local/lib/python3.8/site-packages/airflow/example_dags/example_dag_decorator.py
[2024-04-24T05:41:21.553+0000] {logging_mixin.py:188} INFO - [2024-04-24T05:41:21.553+0000] {dag.py:3047} INFO - Sync 1 DAGs
[2024-04-24T05:41:21.558+0000] {logging_mixin.py:188} INFO - [2024-04-24T05:41:21.558+0000] {dag.py:3834} INFO - Setting next_dagrun for example_dag_decorator to None, run_after=None
[2024-04-24T05:41:21.569+0000] {processor.py:183} INFO - Processing /home/airflow/.local/lib/python3.8/site-packages/airflow/example_dags/example_dag_decorator.py took 0.121 seconds
