[2024-04-24T05:11:14.832+0000] {processor.py:161} INFO - Started process (PID=55) to work on /home/airflow/.local/lib/python3.8/site-packages/airflow/example_dags/example_short_circuit_operator.py
[2024-04-24T05:11:14.833+0000] {processor.py:830} INFO - Processing file /home/airflow/.local/lib/python3.8/site-packages/airflow/example_dags/example_short_circuit_operator.py for tasks to queue
[2024-04-24T05:11:14.834+0000] {logging_mixin.py:188} INFO - [2024-04-24T05:11:14.834+0000] {dagbag.py:540} INFO - Filling up the DagBag from /home/airflow/.local/lib/python3.8/site-packages/airflow/example_dags/example_short_circuit_operator.py
[2024-04-24T05:11:14.840+0000] {processor.py:840} INFO - DAG(s) 'example_short_circuit_operator' retrieved from /home/airflow/.local/lib/python3.8/site-packages/airflow/example_dags/example_short_circuit_operator.py
[2024-04-24T05:11:14.858+0000] {logging_mixin.py:188} INFO - [2024-04-24T05:11:14.858+0000] {dag.py:3047} INFO - Sync 1 DAGs
[2024-04-24T05:11:14.870+0000] {logging_mixin.py:188} INFO - [2024-04-24T05:11:14.869+0000] {dag.py:3834} INFO - Setting next_dagrun for example_short_circuit_operator to 2024-04-23 00:00:00+00:00, run_after=2024-04-24 00:00:00+00:00
[2024-04-24T05:11:14.880+0000] {processor.py:183} INFO - Processing /home/airflow/.local/lib/python3.8/site-packages/airflow/example_dags/example_short_circuit_operator.py took 0.049 seconds
[2024-04-24T05:11:45.834+0000] {processor.py:161} INFO - Started process (PID=113) to work on /home/airflow/.local/lib/python3.8/site-packages/airflow/example_dags/example_short_circuit_operator.py
[2024-04-24T05:11:45.835+0000] {processor.py:830} INFO - Processing file /home/airflow/.local/lib/python3.8/site-packages/airflow/example_dags/example_short_circuit_operator.py for tasks to queue
[2024-04-24T05:11:45.836+0000] {logging_mixin.py:188} INFO - [2024-04-24T05:11:45.835+0000] {dagbag.py:540} INFO - Filling up the DagBag from /home/airflow/.local/lib/python3.8/site-packages/airflow/example_dags/example_short_circuit_operator.py
[2024-04-24T05:11:45.840+0000] {processor.py:840} INFO - DAG(s) 'example_short_circuit_operator' retrieved from /home/airflow/.local/lib/python3.8/site-packages/airflow/example_dags/example_short_circuit_operator.py
[2024-04-24T05:11:45.852+0000] {logging_mixin.py:188} INFO - [2024-04-24T05:11:45.851+0000] {dag.py:3047} INFO - Sync 1 DAGs
[2024-04-24T05:11:45.863+0000] {logging_mixin.py:188} INFO - [2024-04-24T05:11:45.863+0000] {dag.py:3834} INFO - Setting next_dagrun for example_short_circuit_operator to 2024-04-23 00:00:00+00:00, run_after=2024-04-24 00:00:00+00:00
[2024-04-24T05:11:45.873+0000] {processor.py:183} INFO - Processing /home/airflow/.local/lib/python3.8/site-packages/airflow/example_dags/example_short_circuit_operator.py took 0.041 seconds
[2024-04-24T05:12:16.433+0000] {processor.py:161} INFO - Started process (PID=171) to work on /home/airflow/.local/lib/python3.8/site-packages/airflow/example_dags/example_short_circuit_operator.py
[2024-04-24T05:12:16.433+0000] {processor.py:830} INFO - Processing file /home/airflow/.local/lib/python3.8/site-packages/airflow/example_dags/example_short_circuit_operator.py for tasks to queue
[2024-04-24T05:12:16.434+0000] {logging_mixin.py:188} INFO - [2024-04-24T05:12:16.434+0000] {dagbag.py:540} INFO - Filling up the DagBag from /home/airflow/.local/lib/python3.8/site-packages/airflow/example_dags/example_short_circuit_operator.py
[2024-04-24T05:12:16.438+0000] {processor.py:840} INFO - DAG(s) 'example_short_circuit_operator' retrieved from /home/airflow/.local/lib/python3.8/site-packages/airflow/example_dags/example_short_circuit_operator.py
[2024-04-24T05:12:16.451+0000] {logging_mixin.py:188} INFO - [2024-04-24T05:12:16.450+0000] {dag.py:3047} INFO - Sync 1 DAGs
[2024-04-24T05:12:16.462+0000] {logging_mixin.py:188} INFO - [2024-04-24T05:12:16.462+0000] {dag.py:3834} INFO - Setting next_dagrun for example_short_circuit_operator to 2024-04-23 00:00:00+00:00, run_after=2024-04-24 00:00:00+00:00
[2024-04-24T05:12:16.472+0000] {processor.py:183} INFO - Processing /home/airflow/.local/lib/python3.8/site-packages/airflow/example_dags/example_short_circuit_operator.py took 0.041 seconds
[2024-04-24T05:12:47.064+0000] {processor.py:161} INFO - Started process (PID=229) to work on /home/airflow/.local/lib/python3.8/site-packages/airflow/example_dags/example_short_circuit_operator.py
[2024-04-24T05:12:47.065+0000] {processor.py:830} INFO - Processing file /home/airflow/.local/lib/python3.8/site-packages/airflow/example_dags/example_short_circuit_operator.py for tasks to queue
[2024-04-24T05:12:47.066+0000] {logging_mixin.py:188} INFO - [2024-04-24T05:12:47.066+0000] {dagbag.py:540} INFO - Filling up the DagBag from /home/airflow/.local/lib/python3.8/site-packages/airflow/example_dags/example_short_circuit_operator.py
[2024-04-24T05:12:47.070+0000] {processor.py:840} INFO - DAG(s) 'example_short_circuit_operator' retrieved from /home/airflow/.local/lib/python3.8/site-packages/airflow/example_dags/example_short_circuit_operator.py
[2024-04-24T05:12:47.083+0000] {logging_mixin.py:188} INFO - [2024-04-24T05:12:47.083+0000] {dag.py:3047} INFO - Sync 1 DAGs
[2024-04-24T05:12:47.095+0000] {logging_mixin.py:188} INFO - [2024-04-24T05:12:47.095+0000] {dag.py:3834} INFO - Setting next_dagrun for example_short_circuit_operator to 2024-04-23 00:00:00+00:00, run_after=2024-04-24 00:00:00+00:00
[2024-04-24T05:12:47.105+0000] {processor.py:183} INFO - Processing /home/airflow/.local/lib/python3.8/site-packages/airflow/example_dags/example_short_circuit_operator.py took 0.043 seconds
[2024-04-24T05:13:17.734+0000] {processor.py:161} INFO - Started process (PID=287) to work on /home/airflow/.local/lib/python3.8/site-packages/airflow/example_dags/example_short_circuit_operator.py
[2024-04-24T05:13:17.735+0000] {processor.py:830} INFO - Processing file /home/airflow/.local/lib/python3.8/site-packages/airflow/example_dags/example_short_circuit_operator.py for tasks to queue
[2024-04-24T05:13:17.736+0000] {logging_mixin.py:188} INFO - [2024-04-24T05:13:17.736+0000] {dagbag.py:540} INFO - Filling up the DagBag from /home/airflow/.local/lib/python3.8/site-packages/airflow/example_dags/example_short_circuit_operator.py
[2024-04-24T05:13:17.740+0000] {processor.py:840} INFO - DAG(s) 'example_short_circuit_operator' retrieved from /home/airflow/.local/lib/python3.8/site-packages/airflow/example_dags/example_short_circuit_operator.py
[2024-04-24T05:13:17.752+0000] {logging_mixin.py:188} INFO - [2024-04-24T05:13:17.752+0000] {dag.py:3047} INFO - Sync 1 DAGs
[2024-04-24T05:13:17.763+0000] {logging_mixin.py:188} INFO - [2024-04-24T05:13:17.763+0000] {dag.py:3834} INFO - Setting next_dagrun for example_short_circuit_operator to 2024-04-23 00:00:00+00:00, run_after=2024-04-24 00:00:00+00:00
[2024-04-24T05:13:17.773+0000] {processor.py:183} INFO - Processing /home/airflow/.local/lib/python3.8/site-packages/airflow/example_dags/example_short_circuit_operator.py took 0.041 seconds
[2024-04-24T05:13:48.302+0000] {processor.py:161} INFO - Started process (PID=345) to work on /home/airflow/.local/lib/python3.8/site-packages/airflow/example_dags/example_short_circuit_operator.py
[2024-04-24T05:13:48.303+0000] {processor.py:830} INFO - Processing file /home/airflow/.local/lib/python3.8/site-packages/airflow/example_dags/example_short_circuit_operator.py for tasks to queue
[2024-04-24T05:13:48.304+0000] {logging_mixin.py:188} INFO - [2024-04-24T05:13:48.304+0000] {dagbag.py:540} INFO - Filling up the DagBag from /home/airflow/.local/lib/python3.8/site-packages/airflow/example_dags/example_short_circuit_operator.py
[2024-04-24T05:13:48.308+0000] {processor.py:840} INFO - DAG(s) 'example_short_circuit_operator' retrieved from /home/airflow/.local/lib/python3.8/site-packages/airflow/example_dags/example_short_circuit_operator.py
[2024-04-24T05:13:48.320+0000] {logging_mixin.py:188} INFO - [2024-04-24T05:13:48.320+0000] {dag.py:3047} INFO - Sync 1 DAGs
[2024-04-24T05:13:48.331+0000] {logging_mixin.py:188} INFO - [2024-04-24T05:13:48.331+0000] {dag.py:3834} INFO - Setting next_dagrun for example_short_circuit_operator to 2024-04-23 00:00:00+00:00, run_after=2024-04-24 00:00:00+00:00
[2024-04-24T05:13:48.340+0000] {processor.py:183} INFO - Processing /home/airflow/.local/lib/python3.8/site-packages/airflow/example_dags/example_short_circuit_operator.py took 0.040 seconds
[2024-04-24T05:14:19.155+0000] {processor.py:161} INFO - Started process (PID=403) to work on /home/airflow/.local/lib/python3.8/site-packages/airflow/example_dags/example_short_circuit_operator.py
[2024-04-24T05:14:19.156+0000] {processor.py:830} INFO - Processing file /home/airflow/.local/lib/python3.8/site-packages/airflow/example_dags/example_short_circuit_operator.py for tasks to queue
[2024-04-24T05:14:19.157+0000] {logging_mixin.py:188} INFO - [2024-04-24T05:14:19.156+0000] {dagbag.py:540} INFO - Filling up the DagBag from /home/airflow/.local/lib/python3.8/site-packages/airflow/example_dags/example_short_circuit_operator.py
[2024-04-24T05:14:19.161+0000] {processor.py:840} INFO - DAG(s) 'example_short_circuit_operator' retrieved from /home/airflow/.local/lib/python3.8/site-packages/airflow/example_dags/example_short_circuit_operator.py
[2024-04-24T05:14:19.172+0000] {logging_mixin.py:188} INFO - [2024-04-24T05:14:19.172+0000] {dag.py:3047} INFO - Sync 1 DAGs
[2024-04-24T05:14:19.184+0000] {logging_mixin.py:188} INFO - [2024-04-24T05:14:19.184+0000] {dag.py:3834} INFO - Setting next_dagrun for example_short_circuit_operator to 2024-04-23 00:00:00+00:00, run_after=2024-04-24 00:00:00+00:00
[2024-04-24T05:14:19.193+0000] {processor.py:183} INFO - Processing /home/airflow/.local/lib/python3.8/site-packages/airflow/example_dags/example_short_circuit_operator.py took 0.040 seconds
[2024-04-24T05:14:49.811+0000] {processor.py:161} INFO - Started process (PID=461) to work on /home/airflow/.local/lib/python3.8/site-packages/airflow/example_dags/example_short_circuit_operator.py
[2024-04-24T05:14:49.812+0000] {processor.py:830} INFO - Processing file /home/airflow/.local/lib/python3.8/site-packages/airflow/example_dags/example_short_circuit_operator.py for tasks to queue
[2024-04-24T05:14:49.813+0000] {logging_mixin.py:188} INFO - [2024-04-24T05:14:49.813+0000] {dagbag.py:540} INFO - Filling up the DagBag from /home/airflow/.local/lib/python3.8/site-packages/airflow/example_dags/example_short_circuit_operator.py
[2024-04-24T05:14:49.817+0000] {processor.py:840} INFO - DAG(s) 'example_short_circuit_operator' retrieved from /home/airflow/.local/lib/python3.8/site-packages/airflow/example_dags/example_short_circuit_operator.py
[2024-04-24T05:14:49.829+0000] {logging_mixin.py:188} INFO - [2024-04-24T05:14:49.829+0000] {dag.py:3047} INFO - Sync 1 DAGs
[2024-04-24T05:14:49.840+0000] {logging_mixin.py:188} INFO - [2024-04-24T05:14:49.840+0000] {dag.py:3834} INFO - Setting next_dagrun for example_short_circuit_operator to 2024-04-23 00:00:00+00:00, run_after=2024-04-24 00:00:00+00:00
[2024-04-24T05:14:49.850+0000] {processor.py:183} INFO - Processing /home/airflow/.local/lib/python3.8/site-packages/airflow/example_dags/example_short_circuit_operator.py took 0.040 seconds
[2024-04-24T05:15:20.391+0000] {processor.py:161} INFO - Started process (PID=520) to work on /home/airflow/.local/lib/python3.8/site-packages/airflow/example_dags/example_short_circuit_operator.py
[2024-04-24T05:15:20.391+0000] {processor.py:830} INFO - Processing file /home/airflow/.local/lib/python3.8/site-packages/airflow/example_dags/example_short_circuit_operator.py for tasks to queue
[2024-04-24T05:15:20.392+0000] {logging_mixin.py:188} INFO - [2024-04-24T05:15:20.392+0000] {dagbag.py:540} INFO - Filling up the DagBag from /home/airflow/.local/lib/python3.8/site-packages/airflow/example_dags/example_short_circuit_operator.py
[2024-04-24T05:15:20.396+0000] {processor.py:840} INFO - DAG(s) 'example_short_circuit_operator' retrieved from /home/airflow/.local/lib/python3.8/site-packages/airflow/example_dags/example_short_circuit_operator.py
[2024-04-24T05:15:20.408+0000] {logging_mixin.py:188} INFO - [2024-04-24T05:15:20.408+0000] {dag.py:3047} INFO - Sync 1 DAGs
[2024-04-24T05:15:20.420+0000] {logging_mixin.py:188} INFO - [2024-04-24T05:15:20.419+0000] {dag.py:3834} INFO - Setting next_dagrun for example_short_circuit_operator to 2024-04-23 00:00:00+00:00, run_after=2024-04-24 00:00:00+00:00
[2024-04-24T05:15:20.430+0000] {processor.py:183} INFO - Processing /home/airflow/.local/lib/python3.8/site-packages/airflow/example_dags/example_short_circuit_operator.py took 0.041 seconds
[2024-04-24T05:15:50.869+0000] {processor.py:161} INFO - Started process (PID=578) to work on /home/airflow/.local/lib/python3.8/site-packages/airflow/example_dags/example_short_circuit_operator.py
[2024-04-24T05:15:50.869+0000] {processor.py:830} INFO - Processing file /home/airflow/.local/lib/python3.8/site-packages/airflow/example_dags/example_short_circuit_operator.py for tasks to queue
[2024-04-24T05:15:50.870+0000] {logging_mixin.py:188} INFO - [2024-04-24T05:15:50.870+0000] {dagbag.py:540} INFO - Filling up the DagBag from /home/airflow/.local/lib/python3.8/site-packages/airflow/example_dags/example_short_circuit_operator.py
[2024-04-24T05:15:50.874+0000] {processor.py:840} INFO - DAG(s) 'example_short_circuit_operator' retrieved from /home/airflow/.local/lib/python3.8/site-packages/airflow/example_dags/example_short_circuit_operator.py
[2024-04-24T05:15:50.887+0000] {logging_mixin.py:188} INFO - [2024-04-24T05:15:50.887+0000] {dag.py:3047} INFO - Sync 1 DAGs
[2024-04-24T05:15:50.898+0000] {logging_mixin.py:188} INFO - [2024-04-24T05:15:50.898+0000] {dag.py:3834} INFO - Setting next_dagrun for example_short_circuit_operator to 2024-04-23 00:00:00+00:00, run_after=2024-04-24 00:00:00+00:00
[2024-04-24T05:15:50.911+0000] {processor.py:183} INFO - Processing /home/airflow/.local/lib/python3.8/site-packages/airflow/example_dags/example_short_circuit_operator.py took 0.044 seconds
[2024-04-24T05:16:21.373+0000] {processor.py:161} INFO - Started process (PID=636) to work on /home/airflow/.local/lib/python3.8/site-packages/airflow/example_dags/example_short_circuit_operator.py
[2024-04-24T05:16:21.374+0000] {processor.py:830} INFO - Processing file /home/airflow/.local/lib/python3.8/site-packages/airflow/example_dags/example_short_circuit_operator.py for tasks to queue
[2024-04-24T05:16:21.375+0000] {logging_mixin.py:188} INFO - [2024-04-24T05:16:21.375+0000] {dagbag.py:540} INFO - Filling up the DagBag from /home/airflow/.local/lib/python3.8/site-packages/airflow/example_dags/example_short_circuit_operator.py
[2024-04-24T05:16:21.379+0000] {processor.py:840} INFO - DAG(s) 'example_short_circuit_operator' retrieved from /home/airflow/.local/lib/python3.8/site-packages/airflow/example_dags/example_short_circuit_operator.py
[2024-04-24T05:16:21.391+0000] {logging_mixin.py:188} INFO - [2024-04-24T05:16:21.391+0000] {dag.py:3047} INFO - Sync 1 DAGs
[2024-04-24T05:16:21.403+0000] {logging_mixin.py:188} INFO - [2024-04-24T05:16:21.403+0000] {dag.py:3834} INFO - Setting next_dagrun for example_short_circuit_operator to 2024-04-23 00:00:00+00:00, run_after=2024-04-24 00:00:00+00:00
[2024-04-24T05:16:21.412+0000] {processor.py:183} INFO - Processing /home/airflow/.local/lib/python3.8/site-packages/airflow/example_dags/example_short_circuit_operator.py took 0.041 seconds
[2024-04-24T05:16:51.886+0000] {processor.py:161} INFO - Started process (PID=694) to work on /home/airflow/.local/lib/python3.8/site-packages/airflow/example_dags/example_short_circuit_operator.py
[2024-04-24T05:16:51.887+0000] {processor.py:830} INFO - Processing file /home/airflow/.local/lib/python3.8/site-packages/airflow/example_dags/example_short_circuit_operator.py for tasks to queue
[2024-04-24T05:16:51.888+0000] {logging_mixin.py:188} INFO - [2024-04-24T05:16:51.888+0000] {dagbag.py:540} INFO - Filling up the DagBag from /home/airflow/.local/lib/python3.8/site-packages/airflow/example_dags/example_short_circuit_operator.py
[2024-04-24T05:16:51.893+0000] {processor.py:840} INFO - DAG(s) 'example_short_circuit_operator' retrieved from /home/airflow/.local/lib/python3.8/site-packages/airflow/example_dags/example_short_circuit_operator.py
[2024-04-24T05:16:51.909+0000] {logging_mixin.py:188} INFO - [2024-04-24T05:16:51.908+0000] {dag.py:3047} INFO - Sync 1 DAGs
[2024-04-24T05:16:51.923+0000] {logging_mixin.py:188} INFO - [2024-04-24T05:16:51.922+0000] {dag.py:3834} INFO - Setting next_dagrun for example_short_circuit_operator to 2024-04-23 00:00:00+00:00, run_after=2024-04-24 00:00:00+00:00
[2024-04-24T05:16:51.933+0000] {processor.py:183} INFO - Processing /home/airflow/.local/lib/python3.8/site-packages/airflow/example_dags/example_short_circuit_operator.py took 0.049 seconds
[2024-04-24T05:17:22.402+0000] {processor.py:161} INFO - Started process (PID=752) to work on /home/airflow/.local/lib/python3.8/site-packages/airflow/example_dags/example_short_circuit_operator.py
[2024-04-24T05:17:22.403+0000] {processor.py:830} INFO - Processing file /home/airflow/.local/lib/python3.8/site-packages/airflow/example_dags/example_short_circuit_operator.py for tasks to queue
[2024-04-24T05:17:22.404+0000] {logging_mixin.py:188} INFO - [2024-04-24T05:17:22.404+0000] {dagbag.py:540} INFO - Filling up the DagBag from /home/airflow/.local/lib/python3.8/site-packages/airflow/example_dags/example_short_circuit_operator.py
[2024-04-24T05:17:22.408+0000] {processor.py:840} INFO - DAG(s) 'example_short_circuit_operator' retrieved from /home/airflow/.local/lib/python3.8/site-packages/airflow/example_dags/example_short_circuit_operator.py
[2024-04-24T05:17:22.420+0000] {logging_mixin.py:188} INFO - [2024-04-24T05:17:22.420+0000] {dag.py:3047} INFO - Sync 1 DAGs
[2024-04-24T05:17:22.432+0000] {logging_mixin.py:188} INFO - [2024-04-24T05:17:22.432+0000] {dag.py:3834} INFO - Setting next_dagrun for example_short_circuit_operator to 2024-04-23 00:00:00+00:00, run_after=2024-04-24 00:00:00+00:00
[2024-04-24T05:17:22.443+0000] {processor.py:183} INFO - Processing /home/airflow/.local/lib/python3.8/site-packages/airflow/example_dags/example_short_circuit_operator.py took 0.043 seconds
[2024-04-24T05:17:52.975+0000] {processor.py:161} INFO - Started process (PID=810) to work on /home/airflow/.local/lib/python3.8/site-packages/airflow/example_dags/example_short_circuit_operator.py
[2024-04-24T05:17:52.975+0000] {processor.py:830} INFO - Processing file /home/airflow/.local/lib/python3.8/site-packages/airflow/example_dags/example_short_circuit_operator.py for tasks to queue
[2024-04-24T05:17:52.977+0000] {logging_mixin.py:188} INFO - [2024-04-24T05:17:52.976+0000] {dagbag.py:540} INFO - Filling up the DagBag from /home/airflow/.local/lib/python3.8/site-packages/airflow/example_dags/example_short_circuit_operator.py
[2024-04-24T05:17:52.981+0000] {processor.py:840} INFO - DAG(s) 'example_short_circuit_operator' retrieved from /home/airflow/.local/lib/python3.8/site-packages/airflow/example_dags/example_short_circuit_operator.py
[2024-04-24T05:17:52.993+0000] {logging_mixin.py:188} INFO - [2024-04-24T05:17:52.993+0000] {dag.py:3047} INFO - Sync 1 DAGs
[2024-04-24T05:17:53.004+0000] {logging_mixin.py:188} INFO - [2024-04-24T05:17:53.004+0000] {dag.py:3834} INFO - Setting next_dagrun for example_short_circuit_operator to 2024-04-23 00:00:00+00:00, run_after=2024-04-24 00:00:00+00:00
[2024-04-24T05:17:53.014+0000] {processor.py:183} INFO - Processing /home/airflow/.local/lib/python3.8/site-packages/airflow/example_dags/example_short_circuit_operator.py took 0.041 seconds
[2024-04-24T05:18:23.784+0000] {processor.py:161} INFO - Started process (PID=868) to work on /home/airflow/.local/lib/python3.8/site-packages/airflow/example_dags/example_short_circuit_operator.py
[2024-04-24T05:18:23.785+0000] {processor.py:830} INFO - Processing file /home/airflow/.local/lib/python3.8/site-packages/airflow/example_dags/example_short_circuit_operator.py for tasks to queue
[2024-04-24T05:18:23.786+0000] {logging_mixin.py:188} INFO - [2024-04-24T05:18:23.786+0000] {dagbag.py:540} INFO - Filling up the DagBag from /home/airflow/.local/lib/python3.8/site-packages/airflow/example_dags/example_short_circuit_operator.py
[2024-04-24T05:18:23.790+0000] {processor.py:840} INFO - DAG(s) 'example_short_circuit_operator' retrieved from /home/airflow/.local/lib/python3.8/site-packages/airflow/example_dags/example_short_circuit_operator.py
[2024-04-24T05:18:23.802+0000] {logging_mixin.py:188} INFO - [2024-04-24T05:18:23.802+0000] {dag.py:3047} INFO - Sync 1 DAGs
[2024-04-24T05:18:23.813+0000] {logging_mixin.py:188} INFO - [2024-04-24T05:18:23.813+0000] {dag.py:3834} INFO - Setting next_dagrun for example_short_circuit_operator to 2024-04-23 00:00:00+00:00, run_after=2024-04-24 00:00:00+00:00
[2024-04-24T05:18:23.825+0000] {processor.py:183} INFO - Processing /home/airflow/.local/lib/python3.8/site-packages/airflow/example_dags/example_short_circuit_operator.py took 0.042 seconds
[2024-04-24T05:18:54.369+0000] {processor.py:161} INFO - Started process (PID=926) to work on /home/airflow/.local/lib/python3.8/site-packages/airflow/example_dags/example_short_circuit_operator.py
[2024-04-24T05:18:54.370+0000] {processor.py:830} INFO - Processing file /home/airflow/.local/lib/python3.8/site-packages/airflow/example_dags/example_short_circuit_operator.py for tasks to queue
[2024-04-24T05:18:54.371+0000] {logging_mixin.py:188} INFO - [2024-04-24T05:18:54.371+0000] {dagbag.py:540} INFO - Filling up the DagBag from /home/airflow/.local/lib/python3.8/site-packages/airflow/example_dags/example_short_circuit_operator.py
[2024-04-24T05:18:54.375+0000] {processor.py:840} INFO - DAG(s) 'example_short_circuit_operator' retrieved from /home/airflow/.local/lib/python3.8/site-packages/airflow/example_dags/example_short_circuit_operator.py
[2024-04-24T05:18:54.386+0000] {logging_mixin.py:188} INFO - [2024-04-24T05:18:54.386+0000] {dag.py:3047} INFO - Sync 1 DAGs
[2024-04-24T05:18:54.398+0000] {logging_mixin.py:188} INFO - [2024-04-24T05:18:54.397+0000] {dag.py:3834} INFO - Setting next_dagrun for example_short_circuit_operator to 2024-04-23 00:00:00+00:00, run_after=2024-04-24 00:00:00+00:00
[2024-04-24T05:18:54.408+0000] {processor.py:183} INFO - Processing /home/airflow/.local/lib/python3.8/site-packages/airflow/example_dags/example_short_circuit_operator.py took 0.040 seconds
[2024-04-24T05:19:24.862+0000] {processor.py:161} INFO - Started process (PID=984) to work on /home/airflow/.local/lib/python3.8/site-packages/airflow/example_dags/example_short_circuit_operator.py
[2024-04-24T05:19:24.862+0000] {processor.py:830} INFO - Processing file /home/airflow/.local/lib/python3.8/site-packages/airflow/example_dags/example_short_circuit_operator.py for tasks to queue
[2024-04-24T05:19:24.863+0000] {logging_mixin.py:188} INFO - [2024-04-24T05:19:24.863+0000] {dagbag.py:540} INFO - Filling up the DagBag from /home/airflow/.local/lib/python3.8/site-packages/airflow/example_dags/example_short_circuit_operator.py
[2024-04-24T05:19:24.867+0000] {processor.py:840} INFO - DAG(s) 'example_short_circuit_operator' retrieved from /home/airflow/.local/lib/python3.8/site-packages/airflow/example_dags/example_short_circuit_operator.py
[2024-04-24T05:19:24.879+0000] {logging_mixin.py:188} INFO - [2024-04-24T05:19:24.879+0000] {dag.py:3047} INFO - Sync 1 DAGs
[2024-04-24T05:19:24.890+0000] {logging_mixin.py:188} INFO - [2024-04-24T05:19:24.890+0000] {dag.py:3834} INFO - Setting next_dagrun for example_short_circuit_operator to 2024-04-23 00:00:00+00:00, run_after=2024-04-24 00:00:00+00:00
[2024-04-24T05:19:24.900+0000] {processor.py:183} INFO - Processing /home/airflow/.local/lib/python3.8/site-packages/airflow/example_dags/example_short_circuit_operator.py took 0.040 seconds
[2024-04-24T05:19:55.458+0000] {processor.py:161} INFO - Started process (PID=1042) to work on /home/airflow/.local/lib/python3.8/site-packages/airflow/example_dags/example_short_circuit_operator.py
[2024-04-24T05:19:55.459+0000] {processor.py:830} INFO - Processing file /home/airflow/.local/lib/python3.8/site-packages/airflow/example_dags/example_short_circuit_operator.py for tasks to queue
[2024-04-24T05:19:55.460+0000] {logging_mixin.py:188} INFO - [2024-04-24T05:19:55.460+0000] {dagbag.py:540} INFO - Filling up the DagBag from /home/airflow/.local/lib/python3.8/site-packages/airflow/example_dags/example_short_circuit_operator.py
[2024-04-24T05:19:55.464+0000] {processor.py:840} INFO - DAG(s) 'example_short_circuit_operator' retrieved from /home/airflow/.local/lib/python3.8/site-packages/airflow/example_dags/example_short_circuit_operator.py
[2024-04-24T05:19:55.476+0000] {logging_mixin.py:188} INFO - [2024-04-24T05:19:55.476+0000] {dag.py:3047} INFO - Sync 1 DAGs
[2024-04-24T05:19:55.487+0000] {logging_mixin.py:188} INFO - [2024-04-24T05:19:55.487+0000] {dag.py:3834} INFO - Setting next_dagrun for example_short_circuit_operator to 2024-04-23 00:00:00+00:00, run_after=2024-04-24 00:00:00+00:00
[2024-04-24T05:19:55.498+0000] {processor.py:183} INFO - Processing /home/airflow/.local/lib/python3.8/site-packages/airflow/example_dags/example_short_circuit_operator.py took 0.042 seconds
[2024-04-24T05:20:25.971+0000] {processor.py:161} INFO - Started process (PID=1100) to work on /home/airflow/.local/lib/python3.8/site-packages/airflow/example_dags/example_short_circuit_operator.py
[2024-04-24T05:20:25.971+0000] {processor.py:830} INFO - Processing file /home/airflow/.local/lib/python3.8/site-packages/airflow/example_dags/example_short_circuit_operator.py for tasks to queue
[2024-04-24T05:20:25.972+0000] {logging_mixin.py:188} INFO - [2024-04-24T05:20:25.972+0000] {dagbag.py:540} INFO - Filling up the DagBag from /home/airflow/.local/lib/python3.8/site-packages/airflow/example_dags/example_short_circuit_operator.py
[2024-04-24T05:20:25.977+0000] {processor.py:840} INFO - DAG(s) 'example_short_circuit_operator' retrieved from /home/airflow/.local/lib/python3.8/site-packages/airflow/example_dags/example_short_circuit_operator.py
[2024-04-24T05:20:25.988+0000] {logging_mixin.py:188} INFO - [2024-04-24T05:20:25.988+0000] {dag.py:3047} INFO - Sync 1 DAGs
[2024-04-24T05:20:25.999+0000] {logging_mixin.py:188} INFO - [2024-04-24T05:20:25.999+0000] {dag.py:3834} INFO - Setting next_dagrun for example_short_circuit_operator to 2024-04-23 00:00:00+00:00, run_after=2024-04-24 00:00:00+00:00
[2024-04-24T05:20:26.009+0000] {processor.py:183} INFO - Processing /home/airflow/.local/lib/python3.8/site-packages/airflow/example_dags/example_short_circuit_operator.py took 0.040 seconds
[2024-04-24T05:20:56.613+0000] {processor.py:161} INFO - Started process (PID=1158) to work on /home/airflow/.local/lib/python3.8/site-packages/airflow/example_dags/example_short_circuit_operator.py
[2024-04-24T05:20:56.614+0000] {processor.py:830} INFO - Processing file /home/airflow/.local/lib/python3.8/site-packages/airflow/example_dags/example_short_circuit_operator.py for tasks to queue
[2024-04-24T05:20:56.615+0000] {logging_mixin.py:188} INFO - [2024-04-24T05:20:56.615+0000] {dagbag.py:540} INFO - Filling up the DagBag from /home/airflow/.local/lib/python3.8/site-packages/airflow/example_dags/example_short_circuit_operator.py
[2024-04-24T05:20:56.619+0000] {processor.py:840} INFO - DAG(s) 'example_short_circuit_operator' retrieved from /home/airflow/.local/lib/python3.8/site-packages/airflow/example_dags/example_short_circuit_operator.py
[2024-04-24T05:20:56.631+0000] {logging_mixin.py:188} INFO - [2024-04-24T05:20:56.631+0000] {dag.py:3047} INFO - Sync 1 DAGs
[2024-04-24T05:20:56.642+0000] {logging_mixin.py:188} INFO - [2024-04-24T05:20:56.642+0000] {dag.py:3834} INFO - Setting next_dagrun for example_short_circuit_operator to 2024-04-23 00:00:00+00:00, run_after=2024-04-24 00:00:00+00:00
[2024-04-24T05:20:56.651+0000] {processor.py:183} INFO - Processing /home/airflow/.local/lib/python3.8/site-packages/airflow/example_dags/example_short_circuit_operator.py took 0.040 seconds
[2024-04-24T05:21:27.108+0000] {processor.py:161} INFO - Started process (PID=1216) to work on /home/airflow/.local/lib/python3.8/site-packages/airflow/example_dags/example_short_circuit_operator.py
[2024-04-24T05:21:27.108+0000] {processor.py:830} INFO - Processing file /home/airflow/.local/lib/python3.8/site-packages/airflow/example_dags/example_short_circuit_operator.py for tasks to queue
[2024-04-24T05:21:27.109+0000] {logging_mixin.py:188} INFO - [2024-04-24T05:21:27.109+0000] {dagbag.py:540} INFO - Filling up the DagBag from /home/airflow/.local/lib/python3.8/site-packages/airflow/example_dags/example_short_circuit_operator.py
[2024-04-24T05:21:27.114+0000] {processor.py:840} INFO - DAG(s) 'example_short_circuit_operator' retrieved from /home/airflow/.local/lib/python3.8/site-packages/airflow/example_dags/example_short_circuit_operator.py
[2024-04-24T05:21:27.125+0000] {logging_mixin.py:188} INFO - [2024-04-24T05:21:27.125+0000] {dag.py:3047} INFO - Sync 1 DAGs
[2024-04-24T05:21:27.136+0000] {logging_mixin.py:188} INFO - [2024-04-24T05:21:27.136+0000] {dag.py:3834} INFO - Setting next_dagrun for example_short_circuit_operator to 2024-04-23 00:00:00+00:00, run_after=2024-04-24 00:00:00+00:00
[2024-04-24T05:21:27.146+0000] {processor.py:183} INFO - Processing /home/airflow/.local/lib/python3.8/site-packages/airflow/example_dags/example_short_circuit_operator.py took 0.040 seconds
[2024-04-24T05:21:57.604+0000] {processor.py:161} INFO - Started process (PID=1274) to work on /home/airflow/.local/lib/python3.8/site-packages/airflow/example_dags/example_short_circuit_operator.py
[2024-04-24T05:21:57.604+0000] {processor.py:830} INFO - Processing file /home/airflow/.local/lib/python3.8/site-packages/airflow/example_dags/example_short_circuit_operator.py for tasks to queue
[2024-04-24T05:21:57.606+0000] {logging_mixin.py:188} INFO - [2024-04-24T05:21:57.605+0000] {dagbag.py:540} INFO - Filling up the DagBag from /home/airflow/.local/lib/python3.8/site-packages/airflow/example_dags/example_short_circuit_operator.py
[2024-04-24T05:21:57.610+0000] {processor.py:840} INFO - DAG(s) 'example_short_circuit_operator' retrieved from /home/airflow/.local/lib/python3.8/site-packages/airflow/example_dags/example_short_circuit_operator.py
[2024-04-24T05:21:57.622+0000] {logging_mixin.py:188} INFO - [2024-04-24T05:21:57.622+0000] {dag.py:3047} INFO - Sync 1 DAGs
[2024-04-24T05:21:57.633+0000] {logging_mixin.py:188} INFO - [2024-04-24T05:21:57.633+0000] {dag.py:3834} INFO - Setting next_dagrun for example_short_circuit_operator to 2024-04-23 00:00:00+00:00, run_after=2024-04-24 00:00:00+00:00
[2024-04-24T05:21:57.643+0000] {processor.py:183} INFO - Processing /home/airflow/.local/lib/python3.8/site-packages/airflow/example_dags/example_short_circuit_operator.py took 0.041 seconds
[2024-04-24T05:22:28.067+0000] {processor.py:161} INFO - Started process (PID=1332) to work on /home/airflow/.local/lib/python3.8/site-packages/airflow/example_dags/example_short_circuit_operator.py
[2024-04-24T05:22:28.068+0000] {processor.py:830} INFO - Processing file /home/airflow/.local/lib/python3.8/site-packages/airflow/example_dags/example_short_circuit_operator.py for tasks to queue
[2024-04-24T05:22:28.069+0000] {logging_mixin.py:188} INFO - [2024-04-24T05:22:28.069+0000] {dagbag.py:540} INFO - Filling up the DagBag from /home/airflow/.local/lib/python3.8/site-packages/airflow/example_dags/example_short_circuit_operator.py
[2024-04-24T05:22:28.073+0000] {processor.py:840} INFO - DAG(s) 'example_short_circuit_operator' retrieved from /home/airflow/.local/lib/python3.8/site-packages/airflow/example_dags/example_short_circuit_operator.py
[2024-04-24T05:22:28.085+0000] {logging_mixin.py:188} INFO - [2024-04-24T05:22:28.085+0000] {dag.py:3047} INFO - Sync 1 DAGs
[2024-04-24T05:22:28.096+0000] {logging_mixin.py:188} INFO - [2024-04-24T05:22:28.096+0000] {dag.py:3834} INFO - Setting next_dagrun for example_short_circuit_operator to 2024-04-23 00:00:00+00:00, run_after=2024-04-24 00:00:00+00:00
[2024-04-24T05:22:28.106+0000] {processor.py:183} INFO - Processing /home/airflow/.local/lib/python3.8/site-packages/airflow/example_dags/example_short_circuit_operator.py took 0.040 seconds
[2024-04-24T05:22:58.619+0000] {processor.py:161} INFO - Started process (PID=1390) to work on /home/airflow/.local/lib/python3.8/site-packages/airflow/example_dags/example_short_circuit_operator.py
[2024-04-24T05:22:58.619+0000] {processor.py:830} INFO - Processing file /home/airflow/.local/lib/python3.8/site-packages/airflow/example_dags/example_short_circuit_operator.py for tasks to queue
[2024-04-24T05:22:58.620+0000] {logging_mixin.py:188} INFO - [2024-04-24T05:22:58.620+0000] {dagbag.py:540} INFO - Filling up the DagBag from /home/airflow/.local/lib/python3.8/site-packages/airflow/example_dags/example_short_circuit_operator.py
[2024-04-24T05:22:58.625+0000] {processor.py:840} INFO - DAG(s) 'example_short_circuit_operator' retrieved from /home/airflow/.local/lib/python3.8/site-packages/airflow/example_dags/example_short_circuit_operator.py
[2024-04-24T05:22:58.636+0000] {logging_mixin.py:188} INFO - [2024-04-24T05:22:58.636+0000] {dag.py:3047} INFO - Sync 1 DAGs
[2024-04-24T05:22:58.647+0000] {logging_mixin.py:188} INFO - [2024-04-24T05:22:58.647+0000] {dag.py:3834} INFO - Setting next_dagrun for example_short_circuit_operator to 2024-04-23 00:00:00+00:00, run_after=2024-04-24 00:00:00+00:00
[2024-04-24T05:22:58.657+0000] {processor.py:183} INFO - Processing /home/airflow/.local/lib/python3.8/site-packages/airflow/example_dags/example_short_circuit_operator.py took 0.040 seconds
[2024-04-24T05:23:29.102+0000] {processor.py:161} INFO - Started process (PID=1448) to work on /home/airflow/.local/lib/python3.8/site-packages/airflow/example_dags/example_short_circuit_operator.py
[2024-04-24T05:23:29.102+0000] {processor.py:830} INFO - Processing file /home/airflow/.local/lib/python3.8/site-packages/airflow/example_dags/example_short_circuit_operator.py for tasks to queue
[2024-04-24T05:23:29.103+0000] {logging_mixin.py:188} INFO - [2024-04-24T05:23:29.103+0000] {dagbag.py:540} INFO - Filling up the DagBag from /home/airflow/.local/lib/python3.8/site-packages/airflow/example_dags/example_short_circuit_operator.py
[2024-04-24T05:23:29.107+0000] {processor.py:840} INFO - DAG(s) 'example_short_circuit_operator' retrieved from /home/airflow/.local/lib/python3.8/site-packages/airflow/example_dags/example_short_circuit_operator.py
[2024-04-24T05:23:29.119+0000] {logging_mixin.py:188} INFO - [2024-04-24T05:23:29.119+0000] {dag.py:3047} INFO - Sync 1 DAGs
[2024-04-24T05:23:29.130+0000] {logging_mixin.py:188} INFO - [2024-04-24T05:23:29.130+0000] {dag.py:3834} INFO - Setting next_dagrun for example_short_circuit_operator to 2024-04-23 00:00:00+00:00, run_after=2024-04-24 00:00:00+00:00
[2024-04-24T05:23:29.140+0000] {processor.py:183} INFO - Processing /home/airflow/.local/lib/python3.8/site-packages/airflow/example_dags/example_short_circuit_operator.py took 0.040 seconds
[2024-04-24T05:23:59.620+0000] {processor.py:161} INFO - Started process (PID=1506) to work on /home/airflow/.local/lib/python3.8/site-packages/airflow/example_dags/example_short_circuit_operator.py
[2024-04-24T05:23:59.620+0000] {processor.py:830} INFO - Processing file /home/airflow/.local/lib/python3.8/site-packages/airflow/example_dags/example_short_circuit_operator.py for tasks to queue
[2024-04-24T05:23:59.621+0000] {logging_mixin.py:188} INFO - [2024-04-24T05:23:59.621+0000] {dagbag.py:540} INFO - Filling up the DagBag from /home/airflow/.local/lib/python3.8/site-packages/airflow/example_dags/example_short_circuit_operator.py
[2024-04-24T05:23:59.626+0000] {processor.py:840} INFO - DAG(s) 'example_short_circuit_operator' retrieved from /home/airflow/.local/lib/python3.8/site-packages/airflow/example_dags/example_short_circuit_operator.py
[2024-04-24T05:23:59.640+0000] {logging_mixin.py:188} INFO - [2024-04-24T05:23:59.640+0000] {dag.py:3047} INFO - Sync 1 DAGs
[2024-04-24T05:23:59.653+0000] {logging_mixin.py:188} INFO - [2024-04-24T05:23:59.653+0000] {dag.py:3834} INFO - Setting next_dagrun for example_short_circuit_operator to 2024-04-23 00:00:00+00:00, run_after=2024-04-24 00:00:00+00:00
[2024-04-24T05:23:59.663+0000] {processor.py:183} INFO - Processing /home/airflow/.local/lib/python3.8/site-packages/airflow/example_dags/example_short_circuit_operator.py took 0.046 seconds
[2024-04-24T05:24:30.124+0000] {processor.py:161} INFO - Started process (PID=1564) to work on /home/airflow/.local/lib/python3.8/site-packages/airflow/example_dags/example_short_circuit_operator.py
[2024-04-24T05:24:30.124+0000] {processor.py:830} INFO - Processing file /home/airflow/.local/lib/python3.8/site-packages/airflow/example_dags/example_short_circuit_operator.py for tasks to queue
[2024-04-24T05:24:30.125+0000] {logging_mixin.py:188} INFO - [2024-04-24T05:24:30.125+0000] {dagbag.py:540} INFO - Filling up the DagBag from /home/airflow/.local/lib/python3.8/site-packages/airflow/example_dags/example_short_circuit_operator.py
[2024-04-24T05:24:30.129+0000] {processor.py:840} INFO - DAG(s) 'example_short_circuit_operator' retrieved from /home/airflow/.local/lib/python3.8/site-packages/airflow/example_dags/example_short_circuit_operator.py
[2024-04-24T05:24:30.142+0000] {logging_mixin.py:188} INFO - [2024-04-24T05:24:30.142+0000] {dag.py:3047} INFO - Sync 1 DAGs
[2024-04-24T05:24:30.153+0000] {logging_mixin.py:188} INFO - [2024-04-24T05:24:30.153+0000] {dag.py:3834} INFO - Setting next_dagrun for example_short_circuit_operator to 2024-04-23 00:00:00+00:00, run_after=2024-04-24 00:00:00+00:00
[2024-04-24T05:24:30.162+0000] {processor.py:183} INFO - Processing /home/airflow/.local/lib/python3.8/site-packages/airflow/example_dags/example_short_circuit_operator.py took 0.040 seconds
[2024-04-24T05:25:00.591+0000] {processor.py:161} INFO - Started process (PID=1622) to work on /home/airflow/.local/lib/python3.8/site-packages/airflow/example_dags/example_short_circuit_operator.py
[2024-04-24T05:25:00.591+0000] {processor.py:830} INFO - Processing file /home/airflow/.local/lib/python3.8/site-packages/airflow/example_dags/example_short_circuit_operator.py for tasks to queue
[2024-04-24T05:25:00.592+0000] {logging_mixin.py:188} INFO - [2024-04-24T05:25:00.592+0000] {dagbag.py:540} INFO - Filling up the DagBag from /home/airflow/.local/lib/python3.8/site-packages/airflow/example_dags/example_short_circuit_operator.py
[2024-04-24T05:25:00.596+0000] {processor.py:840} INFO - DAG(s) 'example_short_circuit_operator' retrieved from /home/airflow/.local/lib/python3.8/site-packages/airflow/example_dags/example_short_circuit_operator.py
[2024-04-24T05:25:00.608+0000] {logging_mixin.py:188} INFO - [2024-04-24T05:25:00.608+0000] {dag.py:3047} INFO - Sync 1 DAGs
[2024-04-24T05:25:00.619+0000] {logging_mixin.py:188} INFO - [2024-04-24T05:25:00.619+0000] {dag.py:3834} INFO - Setting next_dagrun for example_short_circuit_operator to 2024-04-23 00:00:00+00:00, run_after=2024-04-24 00:00:00+00:00
[2024-04-24T05:25:00.633+0000] {processor.py:183} INFO - Processing /home/airflow/.local/lib/python3.8/site-packages/airflow/example_dags/example_short_circuit_operator.py took 0.044 seconds
[2024-04-24T05:25:31.047+0000] {processor.py:161} INFO - Started process (PID=1680) to work on /home/airflow/.local/lib/python3.8/site-packages/airflow/example_dags/example_short_circuit_operator.py
[2024-04-24T05:25:31.048+0000] {processor.py:830} INFO - Processing file /home/airflow/.local/lib/python3.8/site-packages/airflow/example_dags/example_short_circuit_operator.py for tasks to queue
[2024-04-24T05:25:31.049+0000] {logging_mixin.py:188} INFO - [2024-04-24T05:25:31.048+0000] {dagbag.py:540} INFO - Filling up the DagBag from /home/airflow/.local/lib/python3.8/site-packages/airflow/example_dags/example_short_circuit_operator.py
[2024-04-24T05:25:31.053+0000] {processor.py:840} INFO - DAG(s) 'example_short_circuit_operator' retrieved from /home/airflow/.local/lib/python3.8/site-packages/airflow/example_dags/example_short_circuit_operator.py
[2024-04-24T05:25:31.064+0000] {logging_mixin.py:188} INFO - [2024-04-24T05:25:31.064+0000] {dag.py:3047} INFO - Sync 1 DAGs
[2024-04-24T05:25:31.075+0000] {logging_mixin.py:188} INFO - [2024-04-24T05:25:31.075+0000] {dag.py:3834} INFO - Setting next_dagrun for example_short_circuit_operator to 2024-04-23 00:00:00+00:00, run_after=2024-04-24 00:00:00+00:00
[2024-04-24T05:25:31.085+0000] {processor.py:183} INFO - Processing /home/airflow/.local/lib/python3.8/site-packages/airflow/example_dags/example_short_circuit_operator.py took 0.039 seconds
[2024-04-24T05:26:01.689+0000] {processor.py:161} INFO - Started process (PID=1738) to work on /home/airflow/.local/lib/python3.8/site-packages/airflow/example_dags/example_short_circuit_operator.py
[2024-04-24T05:26:01.689+0000] {processor.py:830} INFO - Processing file /home/airflow/.local/lib/python3.8/site-packages/airflow/example_dags/example_short_circuit_operator.py for tasks to queue
[2024-04-24T05:26:01.690+0000] {logging_mixin.py:188} INFO - [2024-04-24T05:26:01.690+0000] {dagbag.py:540} INFO - Filling up the DagBag from /home/airflow/.local/lib/python3.8/site-packages/airflow/example_dags/example_short_circuit_operator.py
[2024-04-24T05:26:01.695+0000] {processor.py:840} INFO - DAG(s) 'example_short_circuit_operator' retrieved from /home/airflow/.local/lib/python3.8/site-packages/airflow/example_dags/example_short_circuit_operator.py
[2024-04-24T05:26:01.706+0000] {logging_mixin.py:188} INFO - [2024-04-24T05:26:01.706+0000] {dag.py:3047} INFO - Sync 1 DAGs
[2024-04-24T05:26:01.718+0000] {logging_mixin.py:188} INFO - [2024-04-24T05:26:01.717+0000] {dag.py:3834} INFO - Setting next_dagrun for example_short_circuit_operator to 2024-04-23 00:00:00+00:00, run_after=2024-04-24 00:00:00+00:00
[2024-04-24T05:26:01.728+0000] {processor.py:183} INFO - Processing /home/airflow/.local/lib/python3.8/site-packages/airflow/example_dags/example_short_circuit_operator.py took 0.041 seconds
[2024-04-24T05:26:32.311+0000] {processor.py:161} INFO - Started process (PID=1796) to work on /home/airflow/.local/lib/python3.8/site-packages/airflow/example_dags/example_short_circuit_operator.py
[2024-04-24T05:26:32.311+0000] {processor.py:830} INFO - Processing file /home/airflow/.local/lib/python3.8/site-packages/airflow/example_dags/example_short_circuit_operator.py for tasks to queue
[2024-04-24T05:26:32.312+0000] {logging_mixin.py:188} INFO - [2024-04-24T05:26:32.312+0000] {dagbag.py:540} INFO - Filling up the DagBag from /home/airflow/.local/lib/python3.8/site-packages/airflow/example_dags/example_short_circuit_operator.py
[2024-04-24T05:26:32.317+0000] {processor.py:840} INFO - DAG(s) 'example_short_circuit_operator' retrieved from /home/airflow/.local/lib/python3.8/site-packages/airflow/example_dags/example_short_circuit_operator.py
[2024-04-24T05:26:32.329+0000] {logging_mixin.py:188} INFO - [2024-04-24T05:26:32.328+0000] {dag.py:3047} INFO - Sync 1 DAGs
[2024-04-24T05:26:32.339+0000] {logging_mixin.py:188} INFO - [2024-04-24T05:26:32.339+0000] {dag.py:3834} INFO - Setting next_dagrun for example_short_circuit_operator to 2024-04-23 00:00:00+00:00, run_after=2024-04-24 00:00:00+00:00
[2024-04-24T05:26:32.349+0000] {processor.py:183} INFO - Processing /home/airflow/.local/lib/python3.8/site-packages/airflow/example_dags/example_short_circuit_operator.py took 0.040 seconds
[2024-04-24T05:27:03.026+0000] {processor.py:161} INFO - Started process (PID=1854) to work on /home/airflow/.local/lib/python3.8/site-packages/airflow/example_dags/example_short_circuit_operator.py
[2024-04-24T05:27:03.026+0000] {processor.py:830} INFO - Processing file /home/airflow/.local/lib/python3.8/site-packages/airflow/example_dags/example_short_circuit_operator.py for tasks to queue
[2024-04-24T05:27:03.027+0000] {logging_mixin.py:188} INFO - [2024-04-24T05:27:03.027+0000] {dagbag.py:540} INFO - Filling up the DagBag from /home/airflow/.local/lib/python3.8/site-packages/airflow/example_dags/example_short_circuit_operator.py
[2024-04-24T05:27:03.031+0000] {processor.py:840} INFO - DAG(s) 'example_short_circuit_operator' retrieved from /home/airflow/.local/lib/python3.8/site-packages/airflow/example_dags/example_short_circuit_operator.py
[2024-04-24T05:27:03.043+0000] {logging_mixin.py:188} INFO - [2024-04-24T05:27:03.043+0000] {dag.py:3047} INFO - Sync 1 DAGs
[2024-04-24T05:27:03.054+0000] {logging_mixin.py:188} INFO - [2024-04-24T05:27:03.054+0000] {dag.py:3834} INFO - Setting next_dagrun for example_short_circuit_operator to 2024-04-23 00:00:00+00:00, run_after=2024-04-24 00:00:00+00:00
[2024-04-24T05:27:03.064+0000] {processor.py:183} INFO - Processing /home/airflow/.local/lib/python3.8/site-packages/airflow/example_dags/example_short_circuit_operator.py took 0.040 seconds
[2024-04-24T05:27:33.591+0000] {processor.py:161} INFO - Started process (PID=1912) to work on /home/airflow/.local/lib/python3.8/site-packages/airflow/example_dags/example_short_circuit_operator.py
[2024-04-24T05:27:33.591+0000] {processor.py:830} INFO - Processing file /home/airflow/.local/lib/python3.8/site-packages/airflow/example_dags/example_short_circuit_operator.py for tasks to queue
[2024-04-24T05:27:33.593+0000] {logging_mixin.py:188} INFO - [2024-04-24T05:27:33.592+0000] {dagbag.py:540} INFO - Filling up the DagBag from /home/airflow/.local/lib/python3.8/site-packages/airflow/example_dags/example_short_circuit_operator.py
[2024-04-24T05:27:33.597+0000] {processor.py:840} INFO - DAG(s) 'example_short_circuit_operator' retrieved from /home/airflow/.local/lib/python3.8/site-packages/airflow/example_dags/example_short_circuit_operator.py
[2024-04-24T05:27:33.609+0000] {logging_mixin.py:188} INFO - [2024-04-24T05:27:33.609+0000] {dag.py:3047} INFO - Sync 1 DAGs
[2024-04-24T05:27:33.620+0000] {logging_mixin.py:188} INFO - [2024-04-24T05:27:33.620+0000] {dag.py:3834} INFO - Setting next_dagrun for example_short_circuit_operator to 2024-04-23 00:00:00+00:00, run_after=2024-04-24 00:00:00+00:00
[2024-04-24T05:27:33.630+0000] {processor.py:183} INFO - Processing /home/airflow/.local/lib/python3.8/site-packages/airflow/example_dags/example_short_circuit_operator.py took 0.041 seconds
[2024-04-24T05:28:04.168+0000] {processor.py:161} INFO - Started process (PID=1970) to work on /home/airflow/.local/lib/python3.8/site-packages/airflow/example_dags/example_short_circuit_operator.py
[2024-04-24T05:28:04.169+0000] {processor.py:830} INFO - Processing file /home/airflow/.local/lib/python3.8/site-packages/airflow/example_dags/example_short_circuit_operator.py for tasks to queue
[2024-04-24T05:28:04.170+0000] {logging_mixin.py:188} INFO - [2024-04-24T05:28:04.170+0000] {dagbag.py:540} INFO - Filling up the DagBag from /home/airflow/.local/lib/python3.8/site-packages/airflow/example_dags/example_short_circuit_operator.py
[2024-04-24T05:28:04.174+0000] {processor.py:840} INFO - DAG(s) 'example_short_circuit_operator' retrieved from /home/airflow/.local/lib/python3.8/site-packages/airflow/example_dags/example_short_circuit_operator.py
[2024-04-24T05:28:04.186+0000] {logging_mixin.py:188} INFO - [2024-04-24T05:28:04.186+0000] {dag.py:3047} INFO - Sync 1 DAGs
[2024-04-24T05:28:04.198+0000] {logging_mixin.py:188} INFO - [2024-04-24T05:28:04.198+0000] {dag.py:3834} INFO - Setting next_dagrun for example_short_circuit_operator to 2024-04-23 00:00:00+00:00, run_after=2024-04-24 00:00:00+00:00
[2024-04-24T05:28:04.209+0000] {processor.py:183} INFO - Processing /home/airflow/.local/lib/python3.8/site-packages/airflow/example_dags/example_short_circuit_operator.py took 0.042 seconds
[2024-04-24T05:28:34.911+0000] {processor.py:161} INFO - Started process (PID=2028) to work on /home/airflow/.local/lib/python3.8/site-packages/airflow/example_dags/example_short_circuit_operator.py
[2024-04-24T05:28:34.911+0000] {processor.py:830} INFO - Processing file /home/airflow/.local/lib/python3.8/site-packages/airflow/example_dags/example_short_circuit_operator.py for tasks to queue
[2024-04-24T05:28:34.912+0000] {logging_mixin.py:188} INFO - [2024-04-24T05:28:34.912+0000] {dagbag.py:540} INFO - Filling up the DagBag from /home/airflow/.local/lib/python3.8/site-packages/airflow/example_dags/example_short_circuit_operator.py
[2024-04-24T05:28:34.916+0000] {processor.py:840} INFO - DAG(s) 'example_short_circuit_operator' retrieved from /home/airflow/.local/lib/python3.8/site-packages/airflow/example_dags/example_short_circuit_operator.py
[2024-04-24T05:28:34.929+0000] {logging_mixin.py:188} INFO - [2024-04-24T05:28:34.928+0000] {dag.py:3047} INFO - Sync 1 DAGs
[2024-04-24T05:28:34.940+0000] {logging_mixin.py:188} INFO - [2024-04-24T05:28:34.940+0000] {dag.py:3834} INFO - Setting next_dagrun for example_short_circuit_operator to 2024-04-23 00:00:00+00:00, run_after=2024-04-24 00:00:00+00:00
[2024-04-24T05:28:34.950+0000] {processor.py:183} INFO - Processing /home/airflow/.local/lib/python3.8/site-packages/airflow/example_dags/example_short_circuit_operator.py took 0.041 seconds
[2024-04-24T05:29:05.587+0000] {processor.py:161} INFO - Started process (PID=2086) to work on /home/airflow/.local/lib/python3.8/site-packages/airflow/example_dags/example_short_circuit_operator.py
[2024-04-24T05:29:05.587+0000] {processor.py:830} INFO - Processing file /home/airflow/.local/lib/python3.8/site-packages/airflow/example_dags/example_short_circuit_operator.py for tasks to queue
[2024-04-24T05:29:05.588+0000] {logging_mixin.py:188} INFO - [2024-04-24T05:29:05.588+0000] {dagbag.py:540} INFO - Filling up the DagBag from /home/airflow/.local/lib/python3.8/site-packages/airflow/example_dags/example_short_circuit_operator.py
[2024-04-24T05:29:05.593+0000] {processor.py:840} INFO - DAG(s) 'example_short_circuit_operator' retrieved from /home/airflow/.local/lib/python3.8/site-packages/airflow/example_dags/example_short_circuit_operator.py
[2024-04-24T05:29:05.605+0000] {logging_mixin.py:188} INFO - [2024-04-24T05:29:05.605+0000] {dag.py:3047} INFO - Sync 1 DAGs
[2024-04-24T05:29:05.616+0000] {logging_mixin.py:188} INFO - [2024-04-24T05:29:05.616+0000] {dag.py:3834} INFO - Setting next_dagrun for example_short_circuit_operator to 2024-04-23 00:00:00+00:00, run_after=2024-04-24 00:00:00+00:00
[2024-04-24T05:29:05.625+0000] {processor.py:183} INFO - Processing /home/airflow/.local/lib/python3.8/site-packages/airflow/example_dags/example_short_circuit_operator.py took 0.040 seconds
[2024-04-24T05:29:36.234+0000] {processor.py:161} INFO - Started process (PID=2144) to work on /home/airflow/.local/lib/python3.8/site-packages/airflow/example_dags/example_short_circuit_operator.py
[2024-04-24T05:29:36.235+0000] {processor.py:830} INFO - Processing file /home/airflow/.local/lib/python3.8/site-packages/airflow/example_dags/example_short_circuit_operator.py for tasks to queue
[2024-04-24T05:29:36.236+0000] {logging_mixin.py:188} INFO - [2024-04-24T05:29:36.236+0000] {dagbag.py:540} INFO - Filling up the DagBag from /home/airflow/.local/lib/python3.8/site-packages/airflow/example_dags/example_short_circuit_operator.py
[2024-04-24T05:29:36.240+0000] {processor.py:840} INFO - DAG(s) 'example_short_circuit_operator' retrieved from /home/airflow/.local/lib/python3.8/site-packages/airflow/example_dags/example_short_circuit_operator.py
[2024-04-24T05:29:36.251+0000] {logging_mixin.py:188} INFO - [2024-04-24T05:29:36.251+0000] {dag.py:3047} INFO - Sync 1 DAGs
[2024-04-24T05:29:36.262+0000] {logging_mixin.py:188} INFO - [2024-04-24T05:29:36.262+0000] {dag.py:3834} INFO - Setting next_dagrun for example_short_circuit_operator to 2024-04-23 00:00:00+00:00, run_after=2024-04-24 00:00:00+00:00
[2024-04-24T05:29:36.272+0000] {processor.py:183} INFO - Processing /home/airflow/.local/lib/python3.8/site-packages/airflow/example_dags/example_short_circuit_operator.py took 0.040 seconds
[2024-04-24T05:30:06.716+0000] {processor.py:161} INFO - Started process (PID=2202) to work on /home/airflow/.local/lib/python3.8/site-packages/airflow/example_dags/example_short_circuit_operator.py
[2024-04-24T05:30:06.716+0000] {processor.py:830} INFO - Processing file /home/airflow/.local/lib/python3.8/site-packages/airflow/example_dags/example_short_circuit_operator.py for tasks to queue
[2024-04-24T05:30:06.717+0000] {logging_mixin.py:188} INFO - [2024-04-24T05:30:06.717+0000] {dagbag.py:540} INFO - Filling up the DagBag from /home/airflow/.local/lib/python3.8/site-packages/airflow/example_dags/example_short_circuit_operator.py
[2024-04-24T05:30:06.721+0000] {processor.py:840} INFO - DAG(s) 'example_short_circuit_operator' retrieved from /home/airflow/.local/lib/python3.8/site-packages/airflow/example_dags/example_short_circuit_operator.py
[2024-04-24T05:30:06.733+0000] {logging_mixin.py:188} INFO - [2024-04-24T05:30:06.733+0000] {dag.py:3047} INFO - Sync 1 DAGs
[2024-04-24T05:30:06.744+0000] {logging_mixin.py:188} INFO - [2024-04-24T05:30:06.744+0000] {dag.py:3834} INFO - Setting next_dagrun for example_short_circuit_operator to 2024-04-23 00:00:00+00:00, run_after=2024-04-24 00:00:00+00:00
[2024-04-24T05:30:06.753+0000] {processor.py:183} INFO - Processing /home/airflow/.local/lib/python3.8/site-packages/airflow/example_dags/example_short_circuit_operator.py took 0.039 seconds
[2024-04-24T05:30:37.284+0000] {processor.py:161} INFO - Started process (PID=2260) to work on /home/airflow/.local/lib/python3.8/site-packages/airflow/example_dags/example_short_circuit_operator.py
[2024-04-24T05:30:37.285+0000] {processor.py:830} INFO - Processing file /home/airflow/.local/lib/python3.8/site-packages/airflow/example_dags/example_short_circuit_operator.py for tasks to queue
[2024-04-24T05:30:37.286+0000] {logging_mixin.py:188} INFO - [2024-04-24T05:30:37.286+0000] {dagbag.py:540} INFO - Filling up the DagBag from /home/airflow/.local/lib/python3.8/site-packages/airflow/example_dags/example_short_circuit_operator.py
[2024-04-24T05:30:37.290+0000] {processor.py:840} INFO - DAG(s) 'example_short_circuit_operator' retrieved from /home/airflow/.local/lib/python3.8/site-packages/airflow/example_dags/example_short_circuit_operator.py
[2024-04-24T05:30:37.302+0000] {logging_mixin.py:188} INFO - [2024-04-24T05:30:37.302+0000] {dag.py:3047} INFO - Sync 1 DAGs
[2024-04-24T05:30:37.313+0000] {logging_mixin.py:188} INFO - [2024-04-24T05:30:37.313+0000] {dag.py:3834} INFO - Setting next_dagrun for example_short_circuit_operator to 2024-04-23 00:00:00+00:00, run_after=2024-04-24 00:00:00+00:00
[2024-04-24T05:30:37.323+0000] {processor.py:183} INFO - Processing /home/airflow/.local/lib/python3.8/site-packages/airflow/example_dags/example_short_circuit_operator.py took 0.041 seconds
[2024-04-24T05:31:07.842+0000] {processor.py:161} INFO - Started process (PID=2318) to work on /home/airflow/.local/lib/python3.8/site-packages/airflow/example_dags/example_short_circuit_operator.py
[2024-04-24T05:31:07.843+0000] {processor.py:830} INFO - Processing file /home/airflow/.local/lib/python3.8/site-packages/airflow/example_dags/example_short_circuit_operator.py for tasks to queue
[2024-04-24T05:31:07.844+0000] {logging_mixin.py:188} INFO - [2024-04-24T05:31:07.844+0000] {dagbag.py:540} INFO - Filling up the DagBag from /home/airflow/.local/lib/python3.8/site-packages/airflow/example_dags/example_short_circuit_operator.py
[2024-04-24T05:31:07.848+0000] {processor.py:840} INFO - DAG(s) 'example_short_circuit_operator' retrieved from /home/airflow/.local/lib/python3.8/site-packages/airflow/example_dags/example_short_circuit_operator.py
[2024-04-24T05:31:07.860+0000] {logging_mixin.py:188} INFO - [2024-04-24T05:31:07.860+0000] {dag.py:3047} INFO - Sync 1 DAGs
[2024-04-24T05:31:07.871+0000] {logging_mixin.py:188} INFO - [2024-04-24T05:31:07.871+0000] {dag.py:3834} INFO - Setting next_dagrun for example_short_circuit_operator to 2024-04-23 00:00:00+00:00, run_after=2024-04-24 00:00:00+00:00
[2024-04-24T05:31:07.881+0000] {processor.py:183} INFO - Processing /home/airflow/.local/lib/python3.8/site-packages/airflow/example_dags/example_short_circuit_operator.py took 0.040 seconds
[2024-04-24T05:31:38.659+0000] {processor.py:161} INFO - Started process (PID=2376) to work on /home/airflow/.local/lib/python3.8/site-packages/airflow/example_dags/example_short_circuit_operator.py
[2024-04-24T05:31:38.659+0000] {processor.py:830} INFO - Processing file /home/airflow/.local/lib/python3.8/site-packages/airflow/example_dags/example_short_circuit_operator.py for tasks to queue
[2024-04-24T05:31:38.660+0000] {logging_mixin.py:188} INFO - [2024-04-24T05:31:38.660+0000] {dagbag.py:540} INFO - Filling up the DagBag from /home/airflow/.local/lib/python3.8/site-packages/airflow/example_dags/example_short_circuit_operator.py
[2024-04-24T05:31:38.664+0000] {processor.py:840} INFO - DAG(s) 'example_short_circuit_operator' retrieved from /home/airflow/.local/lib/python3.8/site-packages/airflow/example_dags/example_short_circuit_operator.py
[2024-04-24T05:31:38.676+0000] {logging_mixin.py:188} INFO - [2024-04-24T05:31:38.676+0000] {dag.py:3047} INFO - Sync 1 DAGs
[2024-04-24T05:31:38.688+0000] {logging_mixin.py:188} INFO - [2024-04-24T05:31:38.687+0000] {dag.py:3834} INFO - Setting next_dagrun for example_short_circuit_operator to 2024-04-23 00:00:00+00:00, run_after=2024-04-24 00:00:00+00:00
[2024-04-24T05:31:38.697+0000] {processor.py:183} INFO - Processing /home/airflow/.local/lib/python3.8/site-packages/airflow/example_dags/example_short_circuit_operator.py took 0.040 seconds
[2024-04-24T05:32:09.285+0000] {processor.py:161} INFO - Started process (PID=2434) to work on /home/airflow/.local/lib/python3.8/site-packages/airflow/example_dags/example_short_circuit_operator.py
[2024-04-24T05:32:09.286+0000] {processor.py:830} INFO - Processing file /home/airflow/.local/lib/python3.8/site-packages/airflow/example_dags/example_short_circuit_operator.py for tasks to queue
[2024-04-24T05:32:09.287+0000] {logging_mixin.py:188} INFO - [2024-04-24T05:32:09.286+0000] {dagbag.py:540} INFO - Filling up the DagBag from /home/airflow/.local/lib/python3.8/site-packages/airflow/example_dags/example_short_circuit_operator.py
[2024-04-24T05:32:09.290+0000] {processor.py:840} INFO - DAG(s) 'example_short_circuit_operator' retrieved from /home/airflow/.local/lib/python3.8/site-packages/airflow/example_dags/example_short_circuit_operator.py
[2024-04-24T05:32:09.302+0000] {logging_mixin.py:188} INFO - [2024-04-24T05:32:09.302+0000] {dag.py:3047} INFO - Sync 1 DAGs
[2024-04-24T05:32:09.313+0000] {logging_mixin.py:188} INFO - [2024-04-24T05:32:09.313+0000] {dag.py:3834} INFO - Setting next_dagrun for example_short_circuit_operator to 2024-04-23 00:00:00+00:00, run_after=2024-04-24 00:00:00+00:00
[2024-04-24T05:32:09.323+0000] {processor.py:183} INFO - Processing /home/airflow/.local/lib/python3.8/site-packages/airflow/example_dags/example_short_circuit_operator.py took 0.039 seconds
[2024-04-24T05:32:39.839+0000] {processor.py:161} INFO - Started process (PID=2493) to work on /home/airflow/.local/lib/python3.8/site-packages/airflow/example_dags/example_short_circuit_operator.py
[2024-04-24T05:32:39.839+0000] {processor.py:830} INFO - Processing file /home/airflow/.local/lib/python3.8/site-packages/airflow/example_dags/example_short_circuit_operator.py for tasks to queue
[2024-04-24T05:32:39.840+0000] {logging_mixin.py:188} INFO - [2024-04-24T05:32:39.840+0000] {dagbag.py:540} INFO - Filling up the DagBag from /home/airflow/.local/lib/python3.8/site-packages/airflow/example_dags/example_short_circuit_operator.py
[2024-04-24T05:32:39.844+0000] {processor.py:840} INFO - DAG(s) 'example_short_circuit_operator' retrieved from /home/airflow/.local/lib/python3.8/site-packages/airflow/example_dags/example_short_circuit_operator.py
[2024-04-24T05:32:39.856+0000] {logging_mixin.py:188} INFO - [2024-04-24T05:32:39.856+0000] {dag.py:3047} INFO - Sync 1 DAGs
[2024-04-24T05:32:39.867+0000] {logging_mixin.py:188} INFO - [2024-04-24T05:32:39.867+0000] {dag.py:3834} INFO - Setting next_dagrun for example_short_circuit_operator to 2024-04-23 00:00:00+00:00, run_after=2024-04-24 00:00:00+00:00
[2024-04-24T05:32:39.877+0000] {processor.py:183} INFO - Processing /home/airflow/.local/lib/python3.8/site-packages/airflow/example_dags/example_short_circuit_operator.py took 0.040 seconds
[2024-04-24T05:33:10.187+0000] {processor.py:161} INFO - Started process (PID=2548) to work on /home/airflow/.local/lib/python3.8/site-packages/airflow/example_dags/example_short_circuit_operator.py
[2024-04-24T05:33:10.188+0000] {processor.py:830} INFO - Processing file /home/airflow/.local/lib/python3.8/site-packages/airflow/example_dags/example_short_circuit_operator.py for tasks to queue
[2024-04-24T05:33:10.188+0000] {logging_mixin.py:188} INFO - [2024-04-24T05:33:10.188+0000] {dagbag.py:540} INFO - Filling up the DagBag from /home/airflow/.local/lib/python3.8/site-packages/airflow/example_dags/example_short_circuit_operator.py
[2024-04-24T05:33:10.193+0000] {processor.py:840} INFO - DAG(s) 'example_short_circuit_operator' retrieved from /home/airflow/.local/lib/python3.8/site-packages/airflow/example_dags/example_short_circuit_operator.py
[2024-04-24T05:33:10.205+0000] {logging_mixin.py:188} INFO - [2024-04-24T05:33:10.204+0000] {dag.py:3047} INFO - Sync 1 DAGs
[2024-04-24T05:33:10.218+0000] {logging_mixin.py:188} INFO - [2024-04-24T05:33:10.218+0000] {dag.py:3834} INFO - Setting next_dagrun for example_short_circuit_operator to 2024-04-23 00:00:00+00:00, run_after=2024-04-24 00:00:00+00:00
[2024-04-24T05:33:10.228+0000] {processor.py:183} INFO - Processing /home/airflow/.local/lib/python3.8/site-packages/airflow/example_dags/example_short_circuit_operator.py took 0.043 seconds
[2024-04-24T05:33:40.583+0000] {processor.py:161} INFO - Started process (PID=2603) to work on /home/airflow/.local/lib/python3.8/site-packages/airflow/example_dags/example_short_circuit_operator.py
[2024-04-24T05:33:40.584+0000] {processor.py:830} INFO - Processing file /home/airflow/.local/lib/python3.8/site-packages/airflow/example_dags/example_short_circuit_operator.py for tasks to queue
[2024-04-24T05:33:40.584+0000] {logging_mixin.py:188} INFO - [2024-04-24T05:33:40.584+0000] {dagbag.py:540} INFO - Filling up the DagBag from /home/airflow/.local/lib/python3.8/site-packages/airflow/example_dags/example_short_circuit_operator.py
[2024-04-24T05:33:40.589+0000] {processor.py:840} INFO - DAG(s) 'example_short_circuit_operator' retrieved from /home/airflow/.local/lib/python3.8/site-packages/airflow/example_dags/example_short_circuit_operator.py
[2024-04-24T05:33:40.601+0000] {logging_mixin.py:188} INFO - [2024-04-24T05:33:40.600+0000] {dag.py:3047} INFO - Sync 1 DAGs
[2024-04-24T05:33:40.612+0000] {logging_mixin.py:188} INFO - [2024-04-24T05:33:40.612+0000] {dag.py:3834} INFO - Setting next_dagrun for example_short_circuit_operator to 2024-04-23 00:00:00+00:00, run_after=2024-04-24 00:00:00+00:00
[2024-04-24T05:33:40.622+0000] {processor.py:183} INFO - Processing /home/airflow/.local/lib/python3.8/site-packages/airflow/example_dags/example_short_circuit_operator.py took 0.040 seconds
[2024-04-24T05:34:10.990+0000] {processor.py:161} INFO - Started process (PID=2658) to work on /home/airflow/.local/lib/python3.8/site-packages/airflow/example_dags/example_short_circuit_operator.py
[2024-04-24T05:34:10.991+0000] {processor.py:830} INFO - Processing file /home/airflow/.local/lib/python3.8/site-packages/airflow/example_dags/example_short_circuit_operator.py for tasks to queue
[2024-04-24T05:34:10.991+0000] {logging_mixin.py:188} INFO - [2024-04-24T05:34:10.991+0000] {dagbag.py:540} INFO - Filling up the DagBag from /home/airflow/.local/lib/python3.8/site-packages/airflow/example_dags/example_short_circuit_operator.py
[2024-04-24T05:34:10.996+0000] {processor.py:840} INFO - DAG(s) 'example_short_circuit_operator' retrieved from /home/airflow/.local/lib/python3.8/site-packages/airflow/example_dags/example_short_circuit_operator.py
[2024-04-24T05:34:11.008+0000] {logging_mixin.py:188} INFO - [2024-04-24T05:34:11.007+0000] {dag.py:3047} INFO - Sync 1 DAGs
[2024-04-24T05:34:11.019+0000] {logging_mixin.py:188} INFO - [2024-04-24T05:34:11.019+0000] {dag.py:3834} INFO - Setting next_dagrun for example_short_circuit_operator to 2024-04-23 00:00:00+00:00, run_after=2024-04-24 00:00:00+00:00
[2024-04-24T05:34:11.028+0000] {processor.py:183} INFO - Processing /home/airflow/.local/lib/python3.8/site-packages/airflow/example_dags/example_short_circuit_operator.py took 0.040 seconds
[2024-04-24T05:34:41.557+0000] {processor.py:161} INFO - Started process (PID=2713) to work on /home/airflow/.local/lib/python3.8/site-packages/airflow/example_dags/example_short_circuit_operator.py
[2024-04-24T05:34:41.558+0000] {processor.py:830} INFO - Processing file /home/airflow/.local/lib/python3.8/site-packages/airflow/example_dags/example_short_circuit_operator.py for tasks to queue
[2024-04-24T05:34:41.559+0000] {logging_mixin.py:188} INFO - [2024-04-24T05:34:41.559+0000] {dagbag.py:540} INFO - Filling up the DagBag from /home/airflow/.local/lib/python3.8/site-packages/airflow/example_dags/example_short_circuit_operator.py
[2024-04-24T05:34:41.563+0000] {processor.py:840} INFO - DAG(s) 'example_short_circuit_operator' retrieved from /home/airflow/.local/lib/python3.8/site-packages/airflow/example_dags/example_short_circuit_operator.py
[2024-04-24T05:34:41.575+0000] {logging_mixin.py:188} INFO - [2024-04-24T05:34:41.575+0000] {dag.py:3047} INFO - Sync 1 DAGs
[2024-04-24T05:34:41.587+0000] {logging_mixin.py:188} INFO - [2024-04-24T05:34:41.586+0000] {dag.py:3834} INFO - Setting next_dagrun for example_short_circuit_operator to 2024-04-23 00:00:00+00:00, run_after=2024-04-24 00:00:00+00:00
[2024-04-24T05:34:41.598+0000] {processor.py:183} INFO - Processing /home/airflow/.local/lib/python3.8/site-packages/airflow/example_dags/example_short_circuit_operator.py took 0.043 seconds
[2024-04-24T05:35:12.224+0000] {processor.py:161} INFO - Started process (PID=2768) to work on /home/airflow/.local/lib/python3.8/site-packages/airflow/example_dags/example_short_circuit_operator.py
[2024-04-24T05:35:12.225+0000] {processor.py:830} INFO - Processing file /home/airflow/.local/lib/python3.8/site-packages/airflow/example_dags/example_short_circuit_operator.py for tasks to queue
[2024-04-24T05:35:12.226+0000] {logging_mixin.py:188} INFO - [2024-04-24T05:35:12.225+0000] {dagbag.py:540} INFO - Filling up the DagBag from /home/airflow/.local/lib/python3.8/site-packages/airflow/example_dags/example_short_circuit_operator.py
[2024-04-24T05:35:12.230+0000] {processor.py:840} INFO - DAG(s) 'example_short_circuit_operator' retrieved from /home/airflow/.local/lib/python3.8/site-packages/airflow/example_dags/example_short_circuit_operator.py
[2024-04-24T05:35:12.242+0000] {logging_mixin.py:188} INFO - [2024-04-24T05:35:12.241+0000] {dag.py:3047} INFO - Sync 1 DAGs
[2024-04-24T05:35:12.253+0000] {logging_mixin.py:188} INFO - [2024-04-24T05:35:12.252+0000] {dag.py:3834} INFO - Setting next_dagrun for example_short_circuit_operator to 2024-04-23 00:00:00+00:00, run_after=2024-04-24 00:00:00+00:00
[2024-04-24T05:35:12.262+0000] {processor.py:183} INFO - Processing /home/airflow/.local/lib/python3.8/site-packages/airflow/example_dags/example_short_circuit_operator.py took 0.039 seconds
[2024-04-24T05:35:43.050+0000] {processor.py:161} INFO - Started process (PID=2829) to work on /home/airflow/.local/lib/python3.8/site-packages/airflow/example_dags/example_short_circuit_operator.py
[2024-04-24T05:35:43.051+0000] {processor.py:830} INFO - Processing file /home/airflow/.local/lib/python3.8/site-packages/airflow/example_dags/example_short_circuit_operator.py for tasks to queue
[2024-04-24T05:35:43.052+0000] {logging_mixin.py:188} INFO - [2024-04-24T05:35:43.051+0000] {dagbag.py:540} INFO - Filling up the DagBag from /home/airflow/.local/lib/python3.8/site-packages/airflow/example_dags/example_short_circuit_operator.py
[2024-04-24T05:35:43.056+0000] {processor.py:840} INFO - DAG(s) 'example_short_circuit_operator' retrieved from /home/airflow/.local/lib/python3.8/site-packages/airflow/example_dags/example_short_circuit_operator.py
[2024-04-24T05:35:43.067+0000] {logging_mixin.py:188} INFO - [2024-04-24T05:35:43.067+0000] {dag.py:3047} INFO - Sync 1 DAGs
[2024-04-24T05:35:43.078+0000] {logging_mixin.py:188} INFO - [2024-04-24T05:35:43.078+0000] {dag.py:3834} INFO - Setting next_dagrun for example_short_circuit_operator to 2024-04-23 00:00:00+00:00, run_after=2024-04-24 00:00:00+00:00
[2024-04-24T05:35:43.088+0000] {processor.py:183} INFO - Processing /home/airflow/.local/lib/python3.8/site-packages/airflow/example_dags/example_short_circuit_operator.py took 0.039 seconds
[2024-04-24T05:36:13.570+0000] {processor.py:161} INFO - Started process (PID=2884) to work on /home/airflow/.local/lib/python3.8/site-packages/airflow/example_dags/example_short_circuit_operator.py
[2024-04-24T05:36:13.570+0000] {processor.py:830} INFO - Processing file /home/airflow/.local/lib/python3.8/site-packages/airflow/example_dags/example_short_circuit_operator.py for tasks to queue
[2024-04-24T05:36:13.571+0000] {logging_mixin.py:188} INFO - [2024-04-24T05:36:13.571+0000] {dagbag.py:540} INFO - Filling up the DagBag from /home/airflow/.local/lib/python3.8/site-packages/airflow/example_dags/example_short_circuit_operator.py
[2024-04-24T05:36:13.575+0000] {processor.py:840} INFO - DAG(s) 'example_short_circuit_operator' retrieved from /home/airflow/.local/lib/python3.8/site-packages/airflow/example_dags/example_short_circuit_operator.py
[2024-04-24T05:36:13.587+0000] {logging_mixin.py:188} INFO - [2024-04-24T05:36:13.587+0000] {dag.py:3047} INFO - Sync 1 DAGs
[2024-04-24T05:36:13.598+0000] {logging_mixin.py:188} INFO - [2024-04-24T05:36:13.598+0000] {dag.py:3834} INFO - Setting next_dagrun for example_short_circuit_operator to 2024-04-23 00:00:00+00:00, run_after=2024-04-24 00:00:00+00:00
[2024-04-24T05:36:13.608+0000] {processor.py:183} INFO - Processing /home/airflow/.local/lib/python3.8/site-packages/airflow/example_dags/example_short_circuit_operator.py took 0.039 seconds
[2024-04-24T05:36:43.977+0000] {processor.py:161} INFO - Started process (PID=2939) to work on /home/airflow/.local/lib/python3.8/site-packages/airflow/example_dags/example_short_circuit_operator.py
[2024-04-24T05:36:43.977+0000] {processor.py:830} INFO - Processing file /home/airflow/.local/lib/python3.8/site-packages/airflow/example_dags/example_short_circuit_operator.py for tasks to queue
[2024-04-24T05:36:43.978+0000] {logging_mixin.py:188} INFO - [2024-04-24T05:36:43.978+0000] {dagbag.py:540} INFO - Filling up the DagBag from /home/airflow/.local/lib/python3.8/site-packages/airflow/example_dags/example_short_circuit_operator.py
[2024-04-24T05:36:43.982+0000] {processor.py:840} INFO - DAG(s) 'example_short_circuit_operator' retrieved from /home/airflow/.local/lib/python3.8/site-packages/airflow/example_dags/example_short_circuit_operator.py
[2024-04-24T05:36:43.995+0000] {logging_mixin.py:188} INFO - [2024-04-24T05:36:43.995+0000] {dag.py:3047} INFO - Sync 1 DAGs
[2024-04-24T05:36:44.007+0000] {logging_mixin.py:188} INFO - [2024-04-24T05:36:44.006+0000] {dag.py:3834} INFO - Setting next_dagrun for example_short_circuit_operator to 2024-04-23 00:00:00+00:00, run_after=2024-04-24 00:00:00+00:00
[2024-04-24T05:36:44.016+0000] {processor.py:183} INFO - Processing /home/airflow/.local/lib/python3.8/site-packages/airflow/example_dags/example_short_circuit_operator.py took 0.041 seconds
[2024-04-24T05:37:14.481+0000] {processor.py:161} INFO - Started process (PID=2994) to work on /home/airflow/.local/lib/python3.8/site-packages/airflow/example_dags/example_short_circuit_operator.py
[2024-04-24T05:37:14.481+0000] {processor.py:830} INFO - Processing file /home/airflow/.local/lib/python3.8/site-packages/airflow/example_dags/example_short_circuit_operator.py for tasks to queue
[2024-04-24T05:37:14.482+0000] {logging_mixin.py:188} INFO - [2024-04-24T05:37:14.482+0000] {dagbag.py:540} INFO - Filling up the DagBag from /home/airflow/.local/lib/python3.8/site-packages/airflow/example_dags/example_short_circuit_operator.py
[2024-04-24T05:37:14.486+0000] {processor.py:840} INFO - DAG(s) 'example_short_circuit_operator' retrieved from /home/airflow/.local/lib/python3.8/site-packages/airflow/example_dags/example_short_circuit_operator.py
[2024-04-24T05:37:14.498+0000] {logging_mixin.py:188} INFO - [2024-04-24T05:37:14.498+0000] {dag.py:3047} INFO - Sync 1 DAGs
[2024-04-24T05:37:14.509+0000] {logging_mixin.py:188} INFO - [2024-04-24T05:37:14.509+0000] {dag.py:3834} INFO - Setting next_dagrun for example_short_circuit_operator to 2024-04-23 00:00:00+00:00, run_after=2024-04-24 00:00:00+00:00
[2024-04-24T05:37:14.518+0000] {processor.py:183} INFO - Processing /home/airflow/.local/lib/python3.8/site-packages/airflow/example_dags/example_short_circuit_operator.py took 0.040 seconds
[2024-04-24T05:37:45.132+0000] {processor.py:161} INFO - Started process (PID=3049) to work on /home/airflow/.local/lib/python3.8/site-packages/airflow/example_dags/example_short_circuit_operator.py
[2024-04-24T05:37:45.133+0000] {processor.py:830} INFO - Processing file /home/airflow/.local/lib/python3.8/site-packages/airflow/example_dags/example_short_circuit_operator.py for tasks to queue
[2024-04-24T05:37:45.133+0000] {logging_mixin.py:188} INFO - [2024-04-24T05:37:45.133+0000] {dagbag.py:540} INFO - Filling up the DagBag from /home/airflow/.local/lib/python3.8/site-packages/airflow/example_dags/example_short_circuit_operator.py
[2024-04-24T05:37:45.138+0000] {processor.py:840} INFO - DAG(s) 'example_short_circuit_operator' retrieved from /home/airflow/.local/lib/python3.8/site-packages/airflow/example_dags/example_short_circuit_operator.py
[2024-04-24T05:37:45.150+0000] {logging_mixin.py:188} INFO - [2024-04-24T05:37:45.150+0000] {dag.py:3047} INFO - Sync 1 DAGs
[2024-04-24T05:37:45.162+0000] {logging_mixin.py:188} INFO - [2024-04-24T05:37:45.162+0000] {dag.py:3834} INFO - Setting next_dagrun for example_short_circuit_operator to 2024-04-23 00:00:00+00:00, run_after=2024-04-24 00:00:00+00:00
[2024-04-24T05:37:45.171+0000] {processor.py:183} INFO - Processing /home/airflow/.local/lib/python3.8/site-packages/airflow/example_dags/example_short_circuit_operator.py took 0.040 seconds
[2024-04-24T05:38:15.648+0000] {processor.py:161} INFO - Started process (PID=3104) to work on /home/airflow/.local/lib/python3.8/site-packages/airflow/example_dags/example_short_circuit_operator.py
[2024-04-24T05:38:15.648+0000] {processor.py:830} INFO - Processing file /home/airflow/.local/lib/python3.8/site-packages/airflow/example_dags/example_short_circuit_operator.py for tasks to queue
[2024-04-24T05:38:15.649+0000] {logging_mixin.py:188} INFO - [2024-04-24T05:38:15.649+0000] {dagbag.py:540} INFO - Filling up the DagBag from /home/airflow/.local/lib/python3.8/site-packages/airflow/example_dags/example_short_circuit_operator.py
[2024-04-24T05:38:15.653+0000] {processor.py:840} INFO - DAG(s) 'example_short_circuit_operator' retrieved from /home/airflow/.local/lib/python3.8/site-packages/airflow/example_dags/example_short_circuit_operator.py
[2024-04-24T05:38:15.666+0000] {logging_mixin.py:188} INFO - [2024-04-24T05:38:15.666+0000] {dag.py:3047} INFO - Sync 1 DAGs
[2024-04-24T05:38:15.677+0000] {logging_mixin.py:188} INFO - [2024-04-24T05:38:15.677+0000] {dag.py:3834} INFO - Setting next_dagrun for example_short_circuit_operator to 2024-04-23 00:00:00+00:00, run_after=2024-04-24 00:00:00+00:00
[2024-04-24T05:38:15.688+0000] {processor.py:183} INFO - Processing /home/airflow/.local/lib/python3.8/site-packages/airflow/example_dags/example_short_circuit_operator.py took 0.042 seconds
[2024-04-24T05:40:50.429+0000] {processor.py:161} INFO - Started process (PID=52) to work on /home/airflow/.local/lib/python3.8/site-packages/airflow/example_dags/example_short_circuit_operator.py
[2024-04-24T05:40:50.429+0000] {processor.py:830} INFO - Processing file /home/airflow/.local/lib/python3.8/site-packages/airflow/example_dags/example_short_circuit_operator.py for tasks to queue
[2024-04-24T05:40:50.431+0000] {logging_mixin.py:188} INFO - [2024-04-24T05:40:50.430+0000] {dagbag.py:540} INFO - Filling up the DagBag from /home/airflow/.local/lib/python3.8/site-packages/airflow/example_dags/example_short_circuit_operator.py
[2024-04-24T05:40:50.437+0000] {processor.py:840} INFO - DAG(s) 'example_short_circuit_operator' retrieved from /home/airflow/.local/lib/python3.8/site-packages/airflow/example_dags/example_short_circuit_operator.py
[2024-04-24T05:40:50.444+0000] {logging_mixin.py:188} INFO - [2024-04-24T05:40:50.444+0000] {dag.py:3047} INFO - Sync 1 DAGs
[2024-04-24T05:40:50.456+0000] {logging_mixin.py:188} INFO - [2024-04-24T05:40:50.456+0000] {dag.py:3834} INFO - Setting next_dagrun for example_short_circuit_operator to 2024-04-23 00:00:00+00:00, run_after=2024-04-24 00:00:00+00:00
[2024-04-24T05:40:50.465+0000] {processor.py:183} INFO - Processing /home/airflow/.local/lib/python3.8/site-packages/airflow/example_dags/example_short_circuit_operator.py took 0.039 seconds
[2024-04-24T05:41:20.979+0000] {processor.py:161} INFO - Started process (PID=107) to work on /home/airflow/.local/lib/python3.8/site-packages/airflow/example_dags/example_short_circuit_operator.py
[2024-04-24T05:41:20.979+0000] {processor.py:830} INFO - Processing file /home/airflow/.local/lib/python3.8/site-packages/airflow/example_dags/example_short_circuit_operator.py for tasks to queue
[2024-04-24T05:41:20.980+0000] {logging_mixin.py:188} INFO - [2024-04-24T05:41:20.980+0000] {dagbag.py:540} INFO - Filling up the DagBag from /home/airflow/.local/lib/python3.8/site-packages/airflow/example_dags/example_short_circuit_operator.py
[2024-04-24T05:41:20.985+0000] {processor.py:840} INFO - DAG(s) 'example_short_circuit_operator' retrieved from /home/airflow/.local/lib/python3.8/site-packages/airflow/example_dags/example_short_circuit_operator.py
[2024-04-24T05:41:21.039+0000] {logging_mixin.py:188} INFO - [2024-04-24T05:41:21.039+0000] {dag.py:3047} INFO - Sync 1 DAGs
[2024-04-24T05:41:21.049+0000] {logging_mixin.py:188} INFO - [2024-04-24T05:41:21.049+0000] {dag.py:3834} INFO - Setting next_dagrun for example_short_circuit_operator to 2024-04-23 00:00:00+00:00, run_after=2024-04-24 00:00:00+00:00
[2024-04-24T05:41:21.060+0000] {processor.py:183} INFO - Processing /home/airflow/.local/lib/python3.8/site-packages/airflow/example_dags/example_short_circuit_operator.py took 0.082 seconds
