[2024-04-24T05:11:15.789+0000] {processor.py:161} INFO - Started process (PID=80) to work on /home/airflow/.local/lib/python3.8/site-packages/airflow/example_dags/example_sla_dag.py
[2024-04-24T05:11:15.790+0000] {processor.py:830} INFO - Processing file /home/airflow/.local/lib/python3.8/site-packages/airflow/example_dags/example_sla_dag.py for tasks to queue
[2024-04-24T05:11:15.791+0000] {logging_mixin.py:188} INFO - [2024-04-24T05:11:15.790+0000] {dagbag.py:540} INFO - Filling up the DagBag from /home/airflow/.local/lib/python3.8/site-packages/airflow/example_dags/example_sla_dag.py
[2024-04-24T05:11:15.797+0000] {processor.py:840} INFO - DAG(s) 'example_sla_dag' retrieved from /home/airflow/.local/lib/python3.8/site-packages/airflow/example_dags/example_sla_dag.py
[2024-04-24T05:11:15.811+0000] {logging_mixin.py:188} INFO - [2024-04-24T05:11:15.811+0000] {dag.py:3047} INFO - Sync 1 DAGs
[2024-04-24T05:11:15.824+0000] {logging_mixin.py:188} INFO - [2024-04-24T05:11:15.824+0000] {dag.py:3834} INFO - Setting next_dagrun for example_sla_dag to 2024-04-24 05:08:00+00:00, run_after=2024-04-24 05:10:00+00:00
[2024-04-24T05:11:15.834+0000] {processor.py:183} INFO - Processing /home/airflow/.local/lib/python3.8/site-packages/airflow/example_dags/example_sla_dag.py took 0.047 seconds
[2024-04-24T05:11:46.533+0000] {processor.py:161} INFO - Started process (PID=138) to work on /home/airflow/.local/lib/python3.8/site-packages/airflow/example_dags/example_sla_dag.py
[2024-04-24T05:11:46.534+0000] {processor.py:830} INFO - Processing file /home/airflow/.local/lib/python3.8/site-packages/airflow/example_dags/example_sla_dag.py for tasks to queue
[2024-04-24T05:11:46.535+0000] {logging_mixin.py:188} INFO - [2024-04-24T05:11:46.535+0000] {dagbag.py:540} INFO - Filling up the DagBag from /home/airflow/.local/lib/python3.8/site-packages/airflow/example_dags/example_sla_dag.py
[2024-04-24T05:11:46.539+0000] {processor.py:840} INFO - DAG(s) 'example_sla_dag' retrieved from /home/airflow/.local/lib/python3.8/site-packages/airflow/example_dags/example_sla_dag.py
[2024-04-24T05:11:46.549+0000] {logging_mixin.py:188} INFO - [2024-04-24T05:11:46.549+0000] {dag.py:3047} INFO - Sync 1 DAGs
[2024-04-24T05:11:46.561+0000] {logging_mixin.py:188} INFO - [2024-04-24T05:11:46.561+0000] {dag.py:3834} INFO - Setting next_dagrun for example_sla_dag to 2024-04-24 05:08:00+00:00, run_after=2024-04-24 05:10:00+00:00
[2024-04-24T05:11:46.571+0000] {processor.py:183} INFO - Processing /home/airflow/.local/lib/python3.8/site-packages/airflow/example_dags/example_sla_dag.py took 0.039 seconds
[2024-04-24T05:12:17.141+0000] {processor.py:161} INFO - Started process (PID=196) to work on /home/airflow/.local/lib/python3.8/site-packages/airflow/example_dags/example_sla_dag.py
[2024-04-24T05:12:17.141+0000] {processor.py:830} INFO - Processing file /home/airflow/.local/lib/python3.8/site-packages/airflow/example_dags/example_sla_dag.py for tasks to queue
[2024-04-24T05:12:17.142+0000] {logging_mixin.py:188} INFO - [2024-04-24T05:12:17.142+0000] {dagbag.py:540} INFO - Filling up the DagBag from /home/airflow/.local/lib/python3.8/site-packages/airflow/example_dags/example_sla_dag.py
[2024-04-24T05:12:17.147+0000] {processor.py:840} INFO - DAG(s) 'example_sla_dag' retrieved from /home/airflow/.local/lib/python3.8/site-packages/airflow/example_dags/example_sla_dag.py
[2024-04-24T05:12:17.157+0000] {logging_mixin.py:188} INFO - [2024-04-24T05:12:17.157+0000] {dag.py:3047} INFO - Sync 1 DAGs
[2024-04-24T05:12:17.170+0000] {logging_mixin.py:188} INFO - [2024-04-24T05:12:17.170+0000] {dag.py:3834} INFO - Setting next_dagrun for example_sla_dag to 2024-04-24 05:10:00+00:00, run_after=2024-04-24 05:12:00+00:00
[2024-04-24T05:12:17.179+0000] {processor.py:183} INFO - Processing /home/airflow/.local/lib/python3.8/site-packages/airflow/example_dags/example_sla_dag.py took 0.041 seconds
[2024-04-24T05:12:47.834+0000] {processor.py:161} INFO - Started process (PID=254) to work on /home/airflow/.local/lib/python3.8/site-packages/airflow/example_dags/example_sla_dag.py
[2024-04-24T05:12:47.834+0000] {processor.py:830} INFO - Processing file /home/airflow/.local/lib/python3.8/site-packages/airflow/example_dags/example_sla_dag.py for tasks to queue
[2024-04-24T05:12:47.835+0000] {logging_mixin.py:188} INFO - [2024-04-24T05:12:47.835+0000] {dagbag.py:540} INFO - Filling up the DagBag from /home/airflow/.local/lib/python3.8/site-packages/airflow/example_dags/example_sla_dag.py
[2024-04-24T05:12:47.841+0000] {processor.py:840} INFO - DAG(s) 'example_sla_dag' retrieved from /home/airflow/.local/lib/python3.8/site-packages/airflow/example_dags/example_sla_dag.py
[2024-04-24T05:12:47.853+0000] {logging_mixin.py:188} INFO - [2024-04-24T05:12:47.853+0000] {dag.py:3047} INFO - Sync 1 DAGs
[2024-04-24T05:12:47.868+0000] {logging_mixin.py:188} INFO - [2024-04-24T05:12:47.868+0000] {dag.py:3834} INFO - Setting next_dagrun for example_sla_dag to 2024-04-24 05:10:00+00:00, run_after=2024-04-24 05:12:00+00:00
[2024-04-24T05:12:47.879+0000] {processor.py:183} INFO - Processing /home/airflow/.local/lib/python3.8/site-packages/airflow/example_dags/example_sla_dag.py took 0.047 seconds
[2024-04-24T05:13:18.447+0000] {processor.py:161} INFO - Started process (PID=312) to work on /home/airflow/.local/lib/python3.8/site-packages/airflow/example_dags/example_sla_dag.py
[2024-04-24T05:13:18.447+0000] {processor.py:830} INFO - Processing file /home/airflow/.local/lib/python3.8/site-packages/airflow/example_dags/example_sla_dag.py for tasks to queue
[2024-04-24T05:13:18.448+0000] {logging_mixin.py:188} INFO - [2024-04-24T05:13:18.448+0000] {dagbag.py:540} INFO - Filling up the DagBag from /home/airflow/.local/lib/python3.8/site-packages/airflow/example_dags/example_sla_dag.py
[2024-04-24T05:13:18.453+0000] {processor.py:840} INFO - DAG(s) 'example_sla_dag' retrieved from /home/airflow/.local/lib/python3.8/site-packages/airflow/example_dags/example_sla_dag.py
[2024-04-24T05:13:18.464+0000] {logging_mixin.py:188} INFO - [2024-04-24T05:13:18.464+0000] {dag.py:3047} INFO - Sync 1 DAGs
[2024-04-24T05:13:18.477+0000] {logging_mixin.py:188} INFO - [2024-04-24T05:13:18.476+0000] {dag.py:3834} INFO - Setting next_dagrun for example_sla_dag to 2024-04-24 05:10:00+00:00, run_after=2024-04-24 05:12:00+00:00
[2024-04-24T05:13:18.486+0000] {processor.py:183} INFO - Processing /home/airflow/.local/lib/python3.8/site-packages/airflow/example_dags/example_sla_dag.py took 0.041 seconds
[2024-04-24T05:13:49.221+0000] {processor.py:161} INFO - Started process (PID=370) to work on /home/airflow/.local/lib/python3.8/site-packages/airflow/example_dags/example_sla_dag.py
[2024-04-24T05:13:49.222+0000] {processor.py:830} INFO - Processing file /home/airflow/.local/lib/python3.8/site-packages/airflow/example_dags/example_sla_dag.py for tasks to queue
[2024-04-24T05:13:49.223+0000] {logging_mixin.py:188} INFO - [2024-04-24T05:13:49.223+0000] {dagbag.py:540} INFO - Filling up the DagBag from /home/airflow/.local/lib/python3.8/site-packages/airflow/example_dags/example_sla_dag.py
[2024-04-24T05:13:49.228+0000] {processor.py:840} INFO - DAG(s) 'example_sla_dag' retrieved from /home/airflow/.local/lib/python3.8/site-packages/airflow/example_dags/example_sla_dag.py
[2024-04-24T05:13:49.237+0000] {logging_mixin.py:188} INFO - [2024-04-24T05:13:49.237+0000] {dag.py:3047} INFO - Sync 1 DAGs
[2024-04-24T05:13:49.250+0000] {logging_mixin.py:188} INFO - [2024-04-24T05:13:49.250+0000] {dag.py:3834} INFO - Setting next_dagrun for example_sla_dag to 2024-04-24 05:10:00+00:00, run_after=2024-04-24 05:12:00+00:00
[2024-04-24T05:13:49.260+0000] {processor.py:183} INFO - Processing /home/airflow/.local/lib/python3.8/site-packages/airflow/example_dags/example_sla_dag.py took 0.040 seconds
[2024-04-24T05:14:19.891+0000] {processor.py:161} INFO - Started process (PID=428) to work on /home/airflow/.local/lib/python3.8/site-packages/airflow/example_dags/example_sla_dag.py
[2024-04-24T05:14:19.891+0000] {processor.py:830} INFO - Processing file /home/airflow/.local/lib/python3.8/site-packages/airflow/example_dags/example_sla_dag.py for tasks to queue
[2024-04-24T05:14:19.892+0000] {logging_mixin.py:188} INFO - [2024-04-24T05:14:19.892+0000] {dagbag.py:540} INFO - Filling up the DagBag from /home/airflow/.local/lib/python3.8/site-packages/airflow/example_dags/example_sla_dag.py
[2024-04-24T05:14:19.897+0000] {processor.py:840} INFO - DAG(s) 'example_sla_dag' retrieved from /home/airflow/.local/lib/python3.8/site-packages/airflow/example_dags/example_sla_dag.py
[2024-04-24T05:14:19.907+0000] {logging_mixin.py:188} INFO - [2024-04-24T05:14:19.907+0000] {dag.py:3047} INFO - Sync 1 DAGs
[2024-04-24T05:14:19.920+0000] {logging_mixin.py:188} INFO - [2024-04-24T05:14:19.920+0000] {dag.py:3834} INFO - Setting next_dagrun for example_sla_dag to 2024-04-24 05:12:00+00:00, run_after=2024-04-24 05:14:00+00:00
[2024-04-24T05:14:19.930+0000] {processor.py:183} INFO - Processing /home/airflow/.local/lib/python3.8/site-packages/airflow/example_dags/example_sla_dag.py took 0.041 seconds
[2024-04-24T05:14:50.563+0000] {processor.py:161} INFO - Started process (PID=486) to work on /home/airflow/.local/lib/python3.8/site-packages/airflow/example_dags/example_sla_dag.py
[2024-04-24T05:14:50.563+0000] {processor.py:830} INFO - Processing file /home/airflow/.local/lib/python3.8/site-packages/airflow/example_dags/example_sla_dag.py for tasks to queue
[2024-04-24T05:14:50.564+0000] {logging_mixin.py:188} INFO - [2024-04-24T05:14:50.564+0000] {dagbag.py:540} INFO - Filling up the DagBag from /home/airflow/.local/lib/python3.8/site-packages/airflow/example_dags/example_sla_dag.py
[2024-04-24T05:14:50.569+0000] {processor.py:840} INFO - DAG(s) 'example_sla_dag' retrieved from /home/airflow/.local/lib/python3.8/site-packages/airflow/example_dags/example_sla_dag.py
[2024-04-24T05:14:50.579+0000] {logging_mixin.py:188} INFO - [2024-04-24T05:14:50.579+0000] {dag.py:3047} INFO - Sync 1 DAGs
[2024-04-24T05:14:50.592+0000] {logging_mixin.py:188} INFO - [2024-04-24T05:14:50.591+0000] {dag.py:3834} INFO - Setting next_dagrun for example_sla_dag to 2024-04-24 05:12:00+00:00, run_after=2024-04-24 05:14:00+00:00
[2024-04-24T05:14:50.601+0000] {processor.py:183} INFO - Processing /home/airflow/.local/lib/python3.8/site-packages/airflow/example_dags/example_sla_dag.py took 0.040 seconds
[2024-04-24T05:15:21.090+0000] {processor.py:161} INFO - Started process (PID=545) to work on /home/airflow/.local/lib/python3.8/site-packages/airflow/example_dags/example_sla_dag.py
[2024-04-24T05:15:21.090+0000] {processor.py:830} INFO - Processing file /home/airflow/.local/lib/python3.8/site-packages/airflow/example_dags/example_sla_dag.py for tasks to queue
[2024-04-24T05:15:21.091+0000] {logging_mixin.py:188} INFO - [2024-04-24T05:15:21.091+0000] {dagbag.py:540} INFO - Filling up the DagBag from /home/airflow/.local/lib/python3.8/site-packages/airflow/example_dags/example_sla_dag.py
[2024-04-24T05:15:21.096+0000] {processor.py:840} INFO - DAG(s) 'example_sla_dag' retrieved from /home/airflow/.local/lib/python3.8/site-packages/airflow/example_dags/example_sla_dag.py
[2024-04-24T05:15:21.106+0000] {logging_mixin.py:188} INFO - [2024-04-24T05:15:21.105+0000] {dag.py:3047} INFO - Sync 1 DAGs
[2024-04-24T05:15:21.118+0000] {logging_mixin.py:188} INFO - [2024-04-24T05:15:21.118+0000] {dag.py:3834} INFO - Setting next_dagrun for example_sla_dag to 2024-04-24 05:12:00+00:00, run_after=2024-04-24 05:14:00+00:00
[2024-04-24T05:15:21.127+0000] {processor.py:183} INFO - Processing /home/airflow/.local/lib/python3.8/site-packages/airflow/example_dags/example_sla_dag.py took 0.039 seconds
[2024-04-24T05:15:51.577+0000] {processor.py:161} INFO - Started process (PID=603) to work on /home/airflow/.local/lib/python3.8/site-packages/airflow/example_dags/example_sla_dag.py
[2024-04-24T05:15:51.578+0000] {processor.py:830} INFO - Processing file /home/airflow/.local/lib/python3.8/site-packages/airflow/example_dags/example_sla_dag.py for tasks to queue
[2024-04-24T05:15:51.579+0000] {logging_mixin.py:188} INFO - [2024-04-24T05:15:51.579+0000] {dagbag.py:540} INFO - Filling up the DagBag from /home/airflow/.local/lib/python3.8/site-packages/airflow/example_dags/example_sla_dag.py
[2024-04-24T05:15:51.583+0000] {processor.py:840} INFO - DAG(s) 'example_sla_dag' retrieved from /home/airflow/.local/lib/python3.8/site-packages/airflow/example_dags/example_sla_dag.py
[2024-04-24T05:15:51.594+0000] {logging_mixin.py:188} INFO - [2024-04-24T05:15:51.593+0000] {dag.py:3047} INFO - Sync 1 DAGs
[2024-04-24T05:15:51.606+0000] {logging_mixin.py:188} INFO - [2024-04-24T05:15:51.606+0000] {dag.py:3834} INFO - Setting next_dagrun for example_sla_dag to 2024-04-24 05:12:00+00:00, run_after=2024-04-24 05:14:00+00:00
[2024-04-24T05:15:51.615+0000] {processor.py:183} INFO - Processing /home/airflow/.local/lib/python3.8/site-packages/airflow/example_dags/example_sla_dag.py took 0.040 seconds
[2024-04-24T05:16:22.097+0000] {processor.py:161} INFO - Started process (PID=661) to work on /home/airflow/.local/lib/python3.8/site-packages/airflow/example_dags/example_sla_dag.py
[2024-04-24T05:16:22.098+0000] {processor.py:830} INFO - Processing file /home/airflow/.local/lib/python3.8/site-packages/airflow/example_dags/example_sla_dag.py for tasks to queue
[2024-04-24T05:16:22.099+0000] {logging_mixin.py:188} INFO - [2024-04-24T05:16:22.099+0000] {dagbag.py:540} INFO - Filling up the DagBag from /home/airflow/.local/lib/python3.8/site-packages/airflow/example_dags/example_sla_dag.py
[2024-04-24T05:16:22.105+0000] {processor.py:840} INFO - DAG(s) 'example_sla_dag' retrieved from /home/airflow/.local/lib/python3.8/site-packages/airflow/example_dags/example_sla_dag.py
[2024-04-24T05:16:22.115+0000] {logging_mixin.py:188} INFO - [2024-04-24T05:16:22.115+0000] {dag.py:3047} INFO - Sync 1 DAGs
[2024-04-24T05:16:22.131+0000] {logging_mixin.py:188} INFO - [2024-04-24T05:16:22.131+0000] {dag.py:3834} INFO - Setting next_dagrun for example_sla_dag to 2024-04-24 05:14:00+00:00, run_after=2024-04-24 05:16:00+00:00
[2024-04-24T05:16:22.143+0000] {processor.py:183} INFO - Processing /home/airflow/.local/lib/python3.8/site-packages/airflow/example_dags/example_sla_dag.py took 0.047 seconds
[2024-04-24T05:16:52.652+0000] {processor.py:161} INFO - Started process (PID=719) to work on /home/airflow/.local/lib/python3.8/site-packages/airflow/example_dags/example_sla_dag.py
[2024-04-24T05:16:52.653+0000] {processor.py:830} INFO - Processing file /home/airflow/.local/lib/python3.8/site-packages/airflow/example_dags/example_sla_dag.py for tasks to queue
[2024-04-24T05:16:52.654+0000] {logging_mixin.py:188} INFO - [2024-04-24T05:16:52.654+0000] {dagbag.py:540} INFO - Filling up the DagBag from /home/airflow/.local/lib/python3.8/site-packages/airflow/example_dags/example_sla_dag.py
[2024-04-24T05:16:52.659+0000] {processor.py:840} INFO - DAG(s) 'example_sla_dag' retrieved from /home/airflow/.local/lib/python3.8/site-packages/airflow/example_dags/example_sla_dag.py
[2024-04-24T05:16:52.668+0000] {logging_mixin.py:188} INFO - [2024-04-24T05:16:52.668+0000] {dag.py:3047} INFO - Sync 1 DAGs
[2024-04-24T05:16:52.681+0000] {logging_mixin.py:188} INFO - [2024-04-24T05:16:52.681+0000] {dag.py:3834} INFO - Setting next_dagrun for example_sla_dag to 2024-04-24 05:14:00+00:00, run_after=2024-04-24 05:16:00+00:00
[2024-04-24T05:16:52.691+0000] {processor.py:183} INFO - Processing /home/airflow/.local/lib/python3.8/site-packages/airflow/example_dags/example_sla_dag.py took 0.040 seconds
[2024-04-24T05:17:23.166+0000] {processor.py:161} INFO - Started process (PID=777) to work on /home/airflow/.local/lib/python3.8/site-packages/airflow/example_dags/example_sla_dag.py
[2024-04-24T05:17:23.167+0000] {processor.py:830} INFO - Processing file /home/airflow/.local/lib/python3.8/site-packages/airflow/example_dags/example_sla_dag.py for tasks to queue
[2024-04-24T05:17:23.168+0000] {logging_mixin.py:188} INFO - [2024-04-24T05:17:23.168+0000] {dagbag.py:540} INFO - Filling up the DagBag from /home/airflow/.local/lib/python3.8/site-packages/airflow/example_dags/example_sla_dag.py
[2024-04-24T05:17:23.173+0000] {processor.py:840} INFO - DAG(s) 'example_sla_dag' retrieved from /home/airflow/.local/lib/python3.8/site-packages/airflow/example_dags/example_sla_dag.py
[2024-04-24T05:17:23.184+0000] {logging_mixin.py:188} INFO - [2024-04-24T05:17:23.183+0000] {dag.py:3047} INFO - Sync 1 DAGs
[2024-04-24T05:17:23.197+0000] {logging_mixin.py:188} INFO - [2024-04-24T05:17:23.197+0000] {dag.py:3834} INFO - Setting next_dagrun for example_sla_dag to 2024-04-24 05:14:00+00:00, run_after=2024-04-24 05:16:00+00:00
[2024-04-24T05:17:23.207+0000] {processor.py:183} INFO - Processing /home/airflow/.local/lib/python3.8/site-packages/airflow/example_dags/example_sla_dag.py took 0.042 seconds
[2024-04-24T05:17:53.781+0000] {processor.py:161} INFO - Started process (PID=835) to work on /home/airflow/.local/lib/python3.8/site-packages/airflow/example_dags/example_sla_dag.py
[2024-04-24T05:17:53.781+0000] {processor.py:830} INFO - Processing file /home/airflow/.local/lib/python3.8/site-packages/airflow/example_dags/example_sla_dag.py for tasks to queue
[2024-04-24T05:17:53.782+0000] {logging_mixin.py:188} INFO - [2024-04-24T05:17:53.782+0000] {dagbag.py:540} INFO - Filling up the DagBag from /home/airflow/.local/lib/python3.8/site-packages/airflow/example_dags/example_sla_dag.py
[2024-04-24T05:17:53.787+0000] {processor.py:840} INFO - DAG(s) 'example_sla_dag' retrieved from /home/airflow/.local/lib/python3.8/site-packages/airflow/example_dags/example_sla_dag.py
[2024-04-24T05:17:53.797+0000] {logging_mixin.py:188} INFO - [2024-04-24T05:17:53.797+0000] {dag.py:3047} INFO - Sync 1 DAGs
[2024-04-24T05:17:53.811+0000] {logging_mixin.py:188} INFO - [2024-04-24T05:17:53.811+0000] {dag.py:3834} INFO - Setting next_dagrun for example_sla_dag to 2024-04-24 05:14:00+00:00, run_after=2024-04-24 05:16:00+00:00
[2024-04-24T05:17:53.821+0000] {processor.py:183} INFO - Processing /home/airflow/.local/lib/python3.8/site-packages/airflow/example_dags/example_sla_dag.py took 0.043 seconds
[2024-04-24T05:18:24.522+0000] {processor.py:161} INFO - Started process (PID=893) to work on /home/airflow/.local/lib/python3.8/site-packages/airflow/example_dags/example_sla_dag.py
[2024-04-24T05:18:24.522+0000] {processor.py:830} INFO - Processing file /home/airflow/.local/lib/python3.8/site-packages/airflow/example_dags/example_sla_dag.py for tasks to queue
[2024-04-24T05:18:24.524+0000] {logging_mixin.py:188} INFO - [2024-04-24T05:18:24.523+0000] {dagbag.py:540} INFO - Filling up the DagBag from /home/airflow/.local/lib/python3.8/site-packages/airflow/example_dags/example_sla_dag.py
[2024-04-24T05:18:24.528+0000] {processor.py:840} INFO - DAG(s) 'example_sla_dag' retrieved from /home/airflow/.local/lib/python3.8/site-packages/airflow/example_dags/example_sla_dag.py
[2024-04-24T05:18:24.539+0000] {logging_mixin.py:188} INFO - [2024-04-24T05:18:24.538+0000] {dag.py:3047} INFO - Sync 1 DAGs
[2024-04-24T05:18:24.551+0000] {logging_mixin.py:188} INFO - [2024-04-24T05:18:24.551+0000] {dag.py:3834} INFO - Setting next_dagrun for example_sla_dag to 2024-04-24 05:16:00+00:00, run_after=2024-04-24 05:18:00+00:00
[2024-04-24T05:18:24.561+0000] {processor.py:183} INFO - Processing /home/airflow/.local/lib/python3.8/site-packages/airflow/example_dags/example_sla_dag.py took 0.041 seconds
[2024-04-24T05:18:55.068+0000] {processor.py:161} INFO - Started process (PID=951) to work on /home/airflow/.local/lib/python3.8/site-packages/airflow/example_dags/example_sla_dag.py
[2024-04-24T05:18:55.069+0000] {processor.py:830} INFO - Processing file /home/airflow/.local/lib/python3.8/site-packages/airflow/example_dags/example_sla_dag.py for tasks to queue
[2024-04-24T05:18:55.070+0000] {logging_mixin.py:188} INFO - [2024-04-24T05:18:55.069+0000] {dagbag.py:540} INFO - Filling up the DagBag from /home/airflow/.local/lib/python3.8/site-packages/airflow/example_dags/example_sla_dag.py
[2024-04-24T05:18:55.075+0000] {processor.py:840} INFO - DAG(s) 'example_sla_dag' retrieved from /home/airflow/.local/lib/python3.8/site-packages/airflow/example_dags/example_sla_dag.py
[2024-04-24T05:18:55.084+0000] {logging_mixin.py:188} INFO - [2024-04-24T05:18:55.084+0000] {dag.py:3047} INFO - Sync 1 DAGs
[2024-04-24T05:18:55.097+0000] {logging_mixin.py:188} INFO - [2024-04-24T05:18:55.097+0000] {dag.py:3834} INFO - Setting next_dagrun for example_sla_dag to 2024-04-24 05:16:00+00:00, run_after=2024-04-24 05:18:00+00:00
[2024-04-24T05:18:55.106+0000] {processor.py:183} INFO - Processing /home/airflow/.local/lib/python3.8/site-packages/airflow/example_dags/example_sla_dag.py took 0.040 seconds
[2024-04-24T05:19:25.693+0000] {processor.py:161} INFO - Started process (PID=1009) to work on /home/airflow/.local/lib/python3.8/site-packages/airflow/example_dags/example_sla_dag.py
[2024-04-24T05:19:25.693+0000] {processor.py:830} INFO - Processing file /home/airflow/.local/lib/python3.8/site-packages/airflow/example_dags/example_sla_dag.py for tasks to queue
[2024-04-24T05:19:25.694+0000] {logging_mixin.py:188} INFO - [2024-04-24T05:19:25.694+0000] {dagbag.py:540} INFO - Filling up the DagBag from /home/airflow/.local/lib/python3.8/site-packages/airflow/example_dags/example_sla_dag.py
[2024-04-24T05:19:25.699+0000] {processor.py:840} INFO - DAG(s) 'example_sla_dag' retrieved from /home/airflow/.local/lib/python3.8/site-packages/airflow/example_dags/example_sla_dag.py
[2024-04-24T05:19:25.708+0000] {logging_mixin.py:188} INFO - [2024-04-24T05:19:25.708+0000] {dag.py:3047} INFO - Sync 1 DAGs
[2024-04-24T05:19:25.721+0000] {logging_mixin.py:188} INFO - [2024-04-24T05:19:25.721+0000] {dag.py:3834} INFO - Setting next_dagrun for example_sla_dag to 2024-04-24 05:16:00+00:00, run_after=2024-04-24 05:18:00+00:00
[2024-04-24T05:19:25.730+0000] {processor.py:183} INFO - Processing /home/airflow/.local/lib/python3.8/site-packages/airflow/example_dags/example_sla_dag.py took 0.039 seconds
[2024-04-24T05:19:56.195+0000] {processor.py:161} INFO - Started process (PID=1067) to work on /home/airflow/.local/lib/python3.8/site-packages/airflow/example_dags/example_sla_dag.py
[2024-04-24T05:19:56.196+0000] {processor.py:830} INFO - Processing file /home/airflow/.local/lib/python3.8/site-packages/airflow/example_dags/example_sla_dag.py for tasks to queue
[2024-04-24T05:19:56.197+0000] {logging_mixin.py:188} INFO - [2024-04-24T05:19:56.196+0000] {dagbag.py:540} INFO - Filling up the DagBag from /home/airflow/.local/lib/python3.8/site-packages/airflow/example_dags/example_sla_dag.py
[2024-04-24T05:19:56.201+0000] {processor.py:840} INFO - DAG(s) 'example_sla_dag' retrieved from /home/airflow/.local/lib/python3.8/site-packages/airflow/example_dags/example_sla_dag.py
[2024-04-24T05:19:56.212+0000] {logging_mixin.py:188} INFO - [2024-04-24T05:19:56.212+0000] {dag.py:3047} INFO - Sync 1 DAGs
[2024-04-24T05:19:56.225+0000] {logging_mixin.py:188} INFO - [2024-04-24T05:19:56.225+0000] {dag.py:3834} INFO - Setting next_dagrun for example_sla_dag to 2024-04-24 05:16:00+00:00, run_after=2024-04-24 05:18:00+00:00
[2024-04-24T05:19:56.235+0000] {processor.py:183} INFO - Processing /home/airflow/.local/lib/python3.8/site-packages/airflow/example_dags/example_sla_dag.py took 0.042 seconds
[2024-04-24T05:20:26.753+0000] {processor.py:161} INFO - Started process (PID=1125) to work on /home/airflow/.local/lib/python3.8/site-packages/airflow/example_dags/example_sla_dag.py
[2024-04-24T05:20:26.753+0000] {processor.py:830} INFO - Processing file /home/airflow/.local/lib/python3.8/site-packages/airflow/example_dags/example_sla_dag.py for tasks to queue
[2024-04-24T05:20:26.754+0000] {logging_mixin.py:188} INFO - [2024-04-24T05:20:26.754+0000] {dagbag.py:540} INFO - Filling up the DagBag from /home/airflow/.local/lib/python3.8/site-packages/airflow/example_dags/example_sla_dag.py
[2024-04-24T05:20:26.759+0000] {processor.py:840} INFO - DAG(s) 'example_sla_dag' retrieved from /home/airflow/.local/lib/python3.8/site-packages/airflow/example_dags/example_sla_dag.py
[2024-04-24T05:20:26.769+0000] {logging_mixin.py:188} INFO - [2024-04-24T05:20:26.768+0000] {dag.py:3047} INFO - Sync 1 DAGs
[2024-04-24T05:20:26.781+0000] {logging_mixin.py:188} INFO - [2024-04-24T05:20:26.781+0000] {dag.py:3834} INFO - Setting next_dagrun for example_sla_dag to 2024-04-24 05:18:00+00:00, run_after=2024-04-24 05:20:00+00:00
[2024-04-24T05:20:26.790+0000] {processor.py:183} INFO - Processing /home/airflow/.local/lib/python3.8/site-packages/airflow/example_dags/example_sla_dag.py took 0.039 seconds
[2024-04-24T05:20:57.303+0000] {processor.py:161} INFO - Started process (PID=1183) to work on /home/airflow/.local/lib/python3.8/site-packages/airflow/example_dags/example_sla_dag.py
[2024-04-24T05:20:57.304+0000] {processor.py:830} INFO - Processing file /home/airflow/.local/lib/python3.8/site-packages/airflow/example_dags/example_sla_dag.py for tasks to queue
[2024-04-24T05:20:57.305+0000] {logging_mixin.py:188} INFO - [2024-04-24T05:20:57.305+0000] {dagbag.py:540} INFO - Filling up the DagBag from /home/airflow/.local/lib/python3.8/site-packages/airflow/example_dags/example_sla_dag.py
[2024-04-24T05:20:57.309+0000] {processor.py:840} INFO - DAG(s) 'example_sla_dag' retrieved from /home/airflow/.local/lib/python3.8/site-packages/airflow/example_dags/example_sla_dag.py
[2024-04-24T05:20:57.319+0000] {logging_mixin.py:188} INFO - [2024-04-24T05:20:57.319+0000] {dag.py:3047} INFO - Sync 1 DAGs
[2024-04-24T05:20:57.331+0000] {logging_mixin.py:188} INFO - [2024-04-24T05:20:57.331+0000] {dag.py:3834} INFO - Setting next_dagrun for example_sla_dag to 2024-04-24 05:18:00+00:00, run_after=2024-04-24 05:20:00+00:00
[2024-04-24T05:20:57.341+0000] {processor.py:183} INFO - Processing /home/airflow/.local/lib/python3.8/site-packages/airflow/example_dags/example_sla_dag.py took 0.040 seconds
[2024-04-24T05:21:27.815+0000] {processor.py:161} INFO - Started process (PID=1241) to work on /home/airflow/.local/lib/python3.8/site-packages/airflow/example_dags/example_sla_dag.py
[2024-04-24T05:21:27.816+0000] {processor.py:830} INFO - Processing file /home/airflow/.local/lib/python3.8/site-packages/airflow/example_dags/example_sla_dag.py for tasks to queue
[2024-04-24T05:21:27.817+0000] {logging_mixin.py:188} INFO - [2024-04-24T05:21:27.816+0000] {dagbag.py:540} INFO - Filling up the DagBag from /home/airflow/.local/lib/python3.8/site-packages/airflow/example_dags/example_sla_dag.py
[2024-04-24T05:21:27.821+0000] {processor.py:840} INFO - DAG(s) 'example_sla_dag' retrieved from /home/airflow/.local/lib/python3.8/site-packages/airflow/example_dags/example_sla_dag.py
[2024-04-24T05:21:27.831+0000] {logging_mixin.py:188} INFO - [2024-04-24T05:21:27.831+0000] {dag.py:3047} INFO - Sync 1 DAGs
[2024-04-24T05:21:27.844+0000] {logging_mixin.py:188} INFO - [2024-04-24T05:21:27.844+0000] {dag.py:3834} INFO - Setting next_dagrun for example_sla_dag to 2024-04-24 05:18:00+00:00, run_after=2024-04-24 05:20:00+00:00
[2024-04-24T05:21:27.853+0000] {processor.py:183} INFO - Processing /home/airflow/.local/lib/python3.8/site-packages/airflow/example_dags/example_sla_dag.py took 0.040 seconds
[2024-04-24T05:21:58.302+0000] {processor.py:161} INFO - Started process (PID=1299) to work on /home/airflow/.local/lib/python3.8/site-packages/airflow/example_dags/example_sla_dag.py
[2024-04-24T05:21:58.303+0000] {processor.py:830} INFO - Processing file /home/airflow/.local/lib/python3.8/site-packages/airflow/example_dags/example_sla_dag.py for tasks to queue
[2024-04-24T05:21:58.304+0000] {logging_mixin.py:188} INFO - [2024-04-24T05:21:58.304+0000] {dagbag.py:540} INFO - Filling up the DagBag from /home/airflow/.local/lib/python3.8/site-packages/airflow/example_dags/example_sla_dag.py
[2024-04-24T05:21:58.308+0000] {processor.py:840} INFO - DAG(s) 'example_sla_dag' retrieved from /home/airflow/.local/lib/python3.8/site-packages/airflow/example_dags/example_sla_dag.py
[2024-04-24T05:21:58.318+0000] {logging_mixin.py:188} INFO - [2024-04-24T05:21:58.317+0000] {dag.py:3047} INFO - Sync 1 DAGs
[2024-04-24T05:21:58.330+0000] {logging_mixin.py:188} INFO - [2024-04-24T05:21:58.330+0000] {dag.py:3834} INFO - Setting next_dagrun for example_sla_dag to 2024-04-24 05:18:00+00:00, run_after=2024-04-24 05:20:00+00:00
[2024-04-24T05:21:58.339+0000] {processor.py:183} INFO - Processing /home/airflow/.local/lib/python3.8/site-packages/airflow/example_dags/example_sla_dag.py took 0.038 seconds
[2024-04-24T05:22:28.779+0000] {processor.py:161} INFO - Started process (PID=1357) to work on /home/airflow/.local/lib/python3.8/site-packages/airflow/example_dags/example_sla_dag.py
[2024-04-24T05:22:28.780+0000] {processor.py:830} INFO - Processing file /home/airflow/.local/lib/python3.8/site-packages/airflow/example_dags/example_sla_dag.py for tasks to queue
[2024-04-24T05:22:28.781+0000] {logging_mixin.py:188} INFO - [2024-04-24T05:22:28.780+0000] {dagbag.py:540} INFO - Filling up the DagBag from /home/airflow/.local/lib/python3.8/site-packages/airflow/example_dags/example_sla_dag.py
[2024-04-24T05:22:28.785+0000] {processor.py:840} INFO - DAG(s) 'example_sla_dag' retrieved from /home/airflow/.local/lib/python3.8/site-packages/airflow/example_dags/example_sla_dag.py
[2024-04-24T05:22:28.795+0000] {logging_mixin.py:188} INFO - [2024-04-24T05:22:28.795+0000] {dag.py:3047} INFO - Sync 1 DAGs
[2024-04-24T05:22:28.807+0000] {logging_mixin.py:188} INFO - [2024-04-24T05:22:28.807+0000] {dag.py:3834} INFO - Setting next_dagrun for example_sla_dag to 2024-04-24 05:20:00+00:00, run_after=2024-04-24 05:22:00+00:00
[2024-04-24T05:22:28.817+0000] {processor.py:183} INFO - Processing /home/airflow/.local/lib/python3.8/site-packages/airflow/example_dags/example_sla_dag.py took 0.040 seconds
[2024-04-24T05:22:59.330+0000] {processor.py:161} INFO - Started process (PID=1415) to work on /home/airflow/.local/lib/python3.8/site-packages/airflow/example_dags/example_sla_dag.py
[2024-04-24T05:22:59.330+0000] {processor.py:830} INFO - Processing file /home/airflow/.local/lib/python3.8/site-packages/airflow/example_dags/example_sla_dag.py for tasks to queue
[2024-04-24T05:22:59.331+0000] {logging_mixin.py:188} INFO - [2024-04-24T05:22:59.331+0000] {dagbag.py:540} INFO - Filling up the DagBag from /home/airflow/.local/lib/python3.8/site-packages/airflow/example_dags/example_sla_dag.py
[2024-04-24T05:22:59.336+0000] {processor.py:840} INFO - DAG(s) 'example_sla_dag' retrieved from /home/airflow/.local/lib/python3.8/site-packages/airflow/example_dags/example_sla_dag.py
[2024-04-24T05:22:59.347+0000] {logging_mixin.py:188} INFO - [2024-04-24T05:22:59.346+0000] {dag.py:3047} INFO - Sync 1 DAGs
[2024-04-24T05:22:59.359+0000] {logging_mixin.py:188} INFO - [2024-04-24T05:22:59.359+0000] {dag.py:3834} INFO - Setting next_dagrun for example_sla_dag to 2024-04-24 05:20:00+00:00, run_after=2024-04-24 05:22:00+00:00
[2024-04-24T05:22:59.369+0000] {processor.py:183} INFO - Processing /home/airflow/.local/lib/python3.8/site-packages/airflow/example_dags/example_sla_dag.py took 0.041 seconds
[2024-04-24T05:23:29.852+0000] {processor.py:161} INFO - Started process (PID=1473) to work on /home/airflow/.local/lib/python3.8/site-packages/airflow/example_dags/example_sla_dag.py
[2024-04-24T05:23:29.853+0000] {processor.py:830} INFO - Processing file /home/airflow/.local/lib/python3.8/site-packages/airflow/example_dags/example_sla_dag.py for tasks to queue
[2024-04-24T05:23:29.854+0000] {logging_mixin.py:188} INFO - [2024-04-24T05:23:29.854+0000] {dagbag.py:540} INFO - Filling up the DagBag from /home/airflow/.local/lib/python3.8/site-packages/airflow/example_dags/example_sla_dag.py
[2024-04-24T05:23:29.858+0000] {processor.py:840} INFO - DAG(s) 'example_sla_dag' retrieved from /home/airflow/.local/lib/python3.8/site-packages/airflow/example_dags/example_sla_dag.py
[2024-04-24T05:23:29.868+0000] {logging_mixin.py:188} INFO - [2024-04-24T05:23:29.868+0000] {dag.py:3047} INFO - Sync 1 DAGs
[2024-04-24T05:23:29.881+0000] {logging_mixin.py:188} INFO - [2024-04-24T05:23:29.881+0000] {dag.py:3834} INFO - Setting next_dagrun for example_sla_dag to 2024-04-24 05:20:00+00:00, run_after=2024-04-24 05:22:00+00:00
[2024-04-24T05:23:29.890+0000] {processor.py:183} INFO - Processing /home/airflow/.local/lib/python3.8/site-packages/airflow/example_dags/example_sla_dag.py took 0.040 seconds
[2024-04-24T05:24:00.351+0000] {processor.py:161} INFO - Started process (PID=1531) to work on /home/airflow/.local/lib/python3.8/site-packages/airflow/example_dags/example_sla_dag.py
[2024-04-24T05:24:00.351+0000] {processor.py:830} INFO - Processing file /home/airflow/.local/lib/python3.8/site-packages/airflow/example_dags/example_sla_dag.py for tasks to queue
[2024-04-24T05:24:00.352+0000] {logging_mixin.py:188} INFO - [2024-04-24T05:24:00.352+0000] {dagbag.py:540} INFO - Filling up the DagBag from /home/airflow/.local/lib/python3.8/site-packages/airflow/example_dags/example_sla_dag.py
[2024-04-24T05:24:00.357+0000] {processor.py:840} INFO - DAG(s) 'example_sla_dag' retrieved from /home/airflow/.local/lib/python3.8/site-packages/airflow/example_dags/example_sla_dag.py
[2024-04-24T05:24:00.367+0000] {logging_mixin.py:188} INFO - [2024-04-24T05:24:00.367+0000] {dag.py:3047} INFO - Sync 1 DAGs
[2024-04-24T05:24:00.380+0000] {logging_mixin.py:188} INFO - [2024-04-24T05:24:00.379+0000] {dag.py:3834} INFO - Setting next_dagrun for example_sla_dag to 2024-04-24 05:22:00+00:00, run_after=2024-04-24 05:24:00+00:00
[2024-04-24T05:24:00.389+0000] {processor.py:183} INFO - Processing /home/airflow/.local/lib/python3.8/site-packages/airflow/example_dags/example_sla_dag.py took 0.040 seconds
[2024-04-24T05:24:30.820+0000] {processor.py:161} INFO - Started process (PID=1589) to work on /home/airflow/.local/lib/python3.8/site-packages/airflow/example_dags/example_sla_dag.py
[2024-04-24T05:24:30.821+0000] {processor.py:830} INFO - Processing file /home/airflow/.local/lib/python3.8/site-packages/airflow/example_dags/example_sla_dag.py for tasks to queue
[2024-04-24T05:24:30.822+0000] {logging_mixin.py:188} INFO - [2024-04-24T05:24:30.822+0000] {dagbag.py:540} INFO - Filling up the DagBag from /home/airflow/.local/lib/python3.8/site-packages/airflow/example_dags/example_sla_dag.py
[2024-04-24T05:24:30.826+0000] {processor.py:840} INFO - DAG(s) 'example_sla_dag' retrieved from /home/airflow/.local/lib/python3.8/site-packages/airflow/example_dags/example_sla_dag.py
[2024-04-24T05:24:30.836+0000] {logging_mixin.py:188} INFO - [2024-04-24T05:24:30.836+0000] {dag.py:3047} INFO - Sync 1 DAGs
[2024-04-24T05:24:30.849+0000] {logging_mixin.py:188} INFO - [2024-04-24T05:24:30.849+0000] {dag.py:3834} INFO - Setting next_dagrun for example_sla_dag to 2024-04-24 05:22:00+00:00, run_after=2024-04-24 05:24:00+00:00
[2024-04-24T05:24:30.858+0000] {processor.py:183} INFO - Processing /home/airflow/.local/lib/python3.8/site-packages/airflow/example_dags/example_sla_dag.py took 0.039 seconds
[2024-04-24T05:25:01.281+0000] {processor.py:161} INFO - Started process (PID=1647) to work on /home/airflow/.local/lib/python3.8/site-packages/airflow/example_dags/example_sla_dag.py
[2024-04-24T05:25:01.282+0000] {processor.py:830} INFO - Processing file /home/airflow/.local/lib/python3.8/site-packages/airflow/example_dags/example_sla_dag.py for tasks to queue
[2024-04-24T05:25:01.283+0000] {logging_mixin.py:188} INFO - [2024-04-24T05:25:01.283+0000] {dagbag.py:540} INFO - Filling up the DagBag from /home/airflow/.local/lib/python3.8/site-packages/airflow/example_dags/example_sla_dag.py
[2024-04-24T05:25:01.287+0000] {processor.py:840} INFO - DAG(s) 'example_sla_dag' retrieved from /home/airflow/.local/lib/python3.8/site-packages/airflow/example_dags/example_sla_dag.py
[2024-04-24T05:25:01.297+0000] {logging_mixin.py:188} INFO - [2024-04-24T05:25:01.297+0000] {dag.py:3047} INFO - Sync 1 DAGs
[2024-04-24T05:25:01.310+0000] {logging_mixin.py:188} INFO - [2024-04-24T05:25:01.310+0000] {dag.py:3834} INFO - Setting next_dagrun for example_sla_dag to 2024-04-24 05:22:00+00:00, run_after=2024-04-24 05:24:00+00:00
[2024-04-24T05:25:01.319+0000] {processor.py:183} INFO - Processing /home/airflow/.local/lib/python3.8/site-packages/airflow/example_dags/example_sla_dag.py took 0.039 seconds
[2024-04-24T05:25:31.720+0000] {processor.py:161} INFO - Started process (PID=1705) to work on /home/airflow/.local/lib/python3.8/site-packages/airflow/example_dags/example_sla_dag.py
[2024-04-24T05:25:31.721+0000] {processor.py:830} INFO - Processing file /home/airflow/.local/lib/python3.8/site-packages/airflow/example_dags/example_sla_dag.py for tasks to queue
[2024-04-24T05:25:31.722+0000] {logging_mixin.py:188} INFO - [2024-04-24T05:25:31.721+0000] {dagbag.py:540} INFO - Filling up the DagBag from /home/airflow/.local/lib/python3.8/site-packages/airflow/example_dags/example_sla_dag.py
[2024-04-24T05:25:31.726+0000] {processor.py:840} INFO - DAG(s) 'example_sla_dag' retrieved from /home/airflow/.local/lib/python3.8/site-packages/airflow/example_dags/example_sla_dag.py
[2024-04-24T05:25:31.736+0000] {logging_mixin.py:188} INFO - [2024-04-24T05:25:31.736+0000] {dag.py:3047} INFO - Sync 1 DAGs
[2024-04-24T05:25:31.748+0000] {logging_mixin.py:188} INFO - [2024-04-24T05:25:31.748+0000] {dag.py:3834} INFO - Setting next_dagrun for example_sla_dag to 2024-04-24 05:22:00+00:00, run_after=2024-04-24 05:24:00+00:00
[2024-04-24T05:25:31.759+0000] {processor.py:183} INFO - Processing /home/airflow/.local/lib/python3.8/site-packages/airflow/example_dags/example_sla_dag.py took 0.040 seconds
[2024-04-24T05:26:02.498+0000] {processor.py:161} INFO - Started process (PID=1763) to work on /home/airflow/.local/lib/python3.8/site-packages/airflow/example_dags/example_sla_dag.py
[2024-04-24T05:26:02.498+0000] {processor.py:830} INFO - Processing file /home/airflow/.local/lib/python3.8/site-packages/airflow/example_dags/example_sla_dag.py for tasks to queue
[2024-04-24T05:26:02.499+0000] {logging_mixin.py:188} INFO - [2024-04-24T05:26:02.499+0000] {dagbag.py:540} INFO - Filling up the DagBag from /home/airflow/.local/lib/python3.8/site-packages/airflow/example_dags/example_sla_dag.py
[2024-04-24T05:26:02.504+0000] {processor.py:840} INFO - DAG(s) 'example_sla_dag' retrieved from /home/airflow/.local/lib/python3.8/site-packages/airflow/example_dags/example_sla_dag.py
[2024-04-24T05:26:02.515+0000] {logging_mixin.py:188} INFO - [2024-04-24T05:26:02.514+0000] {dag.py:3047} INFO - Sync 1 DAGs
[2024-04-24T05:26:02.528+0000] {logging_mixin.py:188} INFO - [2024-04-24T05:26:02.527+0000] {dag.py:3834} INFO - Setting next_dagrun for example_sla_dag to 2024-04-24 05:24:00+00:00, run_after=2024-04-24 05:26:00+00:00
[2024-04-24T05:26:02.538+0000] {processor.py:183} INFO - Processing /home/airflow/.local/lib/python3.8/site-packages/airflow/example_dags/example_sla_dag.py took 0.042 seconds
[2024-04-24T05:26:33.015+0000] {processor.py:161} INFO - Started process (PID=1821) to work on /home/airflow/.local/lib/python3.8/site-packages/airflow/example_dags/example_sla_dag.py
[2024-04-24T05:26:33.016+0000] {processor.py:830} INFO - Processing file /home/airflow/.local/lib/python3.8/site-packages/airflow/example_dags/example_sla_dag.py for tasks to queue
[2024-04-24T05:26:33.017+0000] {logging_mixin.py:188} INFO - [2024-04-24T05:26:33.016+0000] {dagbag.py:540} INFO - Filling up the DagBag from /home/airflow/.local/lib/python3.8/site-packages/airflow/example_dags/example_sla_dag.py
[2024-04-24T05:26:33.021+0000] {processor.py:840} INFO - DAG(s) 'example_sla_dag' retrieved from /home/airflow/.local/lib/python3.8/site-packages/airflow/example_dags/example_sla_dag.py
[2024-04-24T05:26:33.031+0000] {logging_mixin.py:188} INFO - [2024-04-24T05:26:33.031+0000] {dag.py:3047} INFO - Sync 1 DAGs
[2024-04-24T05:26:33.043+0000] {logging_mixin.py:188} INFO - [2024-04-24T05:26:33.043+0000] {dag.py:3834} INFO - Setting next_dagrun for example_sla_dag to 2024-04-24 05:24:00+00:00, run_after=2024-04-24 05:26:00+00:00
[2024-04-24T05:26:33.052+0000] {processor.py:183} INFO - Processing /home/airflow/.local/lib/python3.8/site-packages/airflow/example_dags/example_sla_dag.py took 0.039 seconds
[2024-04-24T05:27:03.811+0000] {processor.py:161} INFO - Started process (PID=1879) to work on /home/airflow/.local/lib/python3.8/site-packages/airflow/example_dags/example_sla_dag.py
[2024-04-24T05:27:03.812+0000] {processor.py:830} INFO - Processing file /home/airflow/.local/lib/python3.8/site-packages/airflow/example_dags/example_sla_dag.py for tasks to queue
[2024-04-24T05:27:03.813+0000] {logging_mixin.py:188} INFO - [2024-04-24T05:27:03.813+0000] {dagbag.py:540} INFO - Filling up the DagBag from /home/airflow/.local/lib/python3.8/site-packages/airflow/example_dags/example_sla_dag.py
[2024-04-24T05:27:03.817+0000] {processor.py:840} INFO - DAG(s) 'example_sla_dag' retrieved from /home/airflow/.local/lib/python3.8/site-packages/airflow/example_dags/example_sla_dag.py
[2024-04-24T05:27:03.827+0000] {logging_mixin.py:188} INFO - [2024-04-24T05:27:03.827+0000] {dag.py:3047} INFO - Sync 1 DAGs
[2024-04-24T05:27:03.839+0000] {logging_mixin.py:188} INFO - [2024-04-24T05:27:03.839+0000] {dag.py:3834} INFO - Setting next_dagrun for example_sla_dag to 2024-04-24 05:24:00+00:00, run_after=2024-04-24 05:26:00+00:00
[2024-04-24T05:27:03.849+0000] {processor.py:183} INFO - Processing /home/airflow/.local/lib/python3.8/site-packages/airflow/example_dags/example_sla_dag.py took 0.039 seconds
[2024-04-24T05:27:34.351+0000] {processor.py:161} INFO - Started process (PID=1937) to work on /home/airflow/.local/lib/python3.8/site-packages/airflow/example_dags/example_sla_dag.py
[2024-04-24T05:27:34.351+0000] {processor.py:830} INFO - Processing file /home/airflow/.local/lib/python3.8/site-packages/airflow/example_dags/example_sla_dag.py for tasks to queue
[2024-04-24T05:27:34.352+0000] {logging_mixin.py:188} INFO - [2024-04-24T05:27:34.352+0000] {dagbag.py:540} INFO - Filling up the DagBag from /home/airflow/.local/lib/python3.8/site-packages/airflow/example_dags/example_sla_dag.py
[2024-04-24T05:27:34.357+0000] {processor.py:840} INFO - DAG(s) 'example_sla_dag' retrieved from /home/airflow/.local/lib/python3.8/site-packages/airflow/example_dags/example_sla_dag.py
[2024-04-24T05:27:34.367+0000] {logging_mixin.py:188} INFO - [2024-04-24T05:27:34.367+0000] {dag.py:3047} INFO - Sync 1 DAGs
[2024-04-24T05:27:34.379+0000] {logging_mixin.py:188} INFO - [2024-04-24T05:27:34.379+0000] {dag.py:3834} INFO - Setting next_dagrun for example_sla_dag to 2024-04-24 05:24:00+00:00, run_after=2024-04-24 05:26:00+00:00
[2024-04-24T05:27:34.388+0000] {processor.py:183} INFO - Processing /home/airflow/.local/lib/python3.8/site-packages/airflow/example_dags/example_sla_dag.py took 0.039 seconds
[2024-04-24T05:28:05.077+0000] {processor.py:161} INFO - Started process (PID=1995) to work on /home/airflow/.local/lib/python3.8/site-packages/airflow/example_dags/example_sla_dag.py
[2024-04-24T05:28:05.077+0000] {processor.py:830} INFO - Processing file /home/airflow/.local/lib/python3.8/site-packages/airflow/example_dags/example_sla_dag.py for tasks to queue
[2024-04-24T05:28:05.078+0000] {logging_mixin.py:188} INFO - [2024-04-24T05:28:05.078+0000] {dagbag.py:540} INFO - Filling up the DagBag from /home/airflow/.local/lib/python3.8/site-packages/airflow/example_dags/example_sla_dag.py
[2024-04-24T05:28:05.083+0000] {processor.py:840} INFO - DAG(s) 'example_sla_dag' retrieved from /home/airflow/.local/lib/python3.8/site-packages/airflow/example_dags/example_sla_dag.py
[2024-04-24T05:28:05.094+0000] {logging_mixin.py:188} INFO - [2024-04-24T05:28:05.093+0000] {dag.py:3047} INFO - Sync 1 DAGs
[2024-04-24T05:28:05.106+0000] {logging_mixin.py:188} INFO - [2024-04-24T05:28:05.106+0000] {dag.py:3834} INFO - Setting next_dagrun for example_sla_dag to 2024-04-24 05:26:00+00:00, run_after=2024-04-24 05:28:00+00:00
[2024-04-24T05:28:05.117+0000] {processor.py:183} INFO - Processing /home/airflow/.local/lib/python3.8/site-packages/airflow/example_dags/example_sla_dag.py took 0.042 seconds
[2024-04-24T05:28:35.814+0000] {processor.py:161} INFO - Started process (PID=2053) to work on /home/airflow/.local/lib/python3.8/site-packages/airflow/example_dags/example_sla_dag.py
[2024-04-24T05:28:35.814+0000] {processor.py:830} INFO - Processing file /home/airflow/.local/lib/python3.8/site-packages/airflow/example_dags/example_sla_dag.py for tasks to queue
[2024-04-24T05:28:35.815+0000] {logging_mixin.py:188} INFO - [2024-04-24T05:28:35.815+0000] {dagbag.py:540} INFO - Filling up the DagBag from /home/airflow/.local/lib/python3.8/site-packages/airflow/example_dags/example_sla_dag.py
[2024-04-24T05:28:35.820+0000] {processor.py:840} INFO - DAG(s) 'example_sla_dag' retrieved from /home/airflow/.local/lib/python3.8/site-packages/airflow/example_dags/example_sla_dag.py
[2024-04-24T05:28:35.830+0000] {logging_mixin.py:188} INFO - [2024-04-24T05:28:35.830+0000] {dag.py:3047} INFO - Sync 1 DAGs
[2024-04-24T05:28:35.843+0000] {logging_mixin.py:188} INFO - [2024-04-24T05:28:35.843+0000] {dag.py:3834} INFO - Setting next_dagrun for example_sla_dag to 2024-04-24 05:26:00+00:00, run_after=2024-04-24 05:28:00+00:00
[2024-04-24T05:28:35.852+0000] {processor.py:183} INFO - Processing /home/airflow/.local/lib/python3.8/site-packages/airflow/example_dags/example_sla_dag.py took 0.040 seconds
[2024-04-24T05:29:06.367+0000] {processor.py:161} INFO - Started process (PID=2111) to work on /home/airflow/.local/lib/python3.8/site-packages/airflow/example_dags/example_sla_dag.py
[2024-04-24T05:29:06.367+0000] {processor.py:830} INFO - Processing file /home/airflow/.local/lib/python3.8/site-packages/airflow/example_dags/example_sla_dag.py for tasks to queue
[2024-04-24T05:29:06.368+0000] {logging_mixin.py:188} INFO - [2024-04-24T05:29:06.368+0000] {dagbag.py:540} INFO - Filling up the DagBag from /home/airflow/.local/lib/python3.8/site-packages/airflow/example_dags/example_sla_dag.py
[2024-04-24T05:29:06.373+0000] {processor.py:840} INFO - DAG(s) 'example_sla_dag' retrieved from /home/airflow/.local/lib/python3.8/site-packages/airflow/example_dags/example_sla_dag.py
[2024-04-24T05:29:06.383+0000] {logging_mixin.py:188} INFO - [2024-04-24T05:29:06.383+0000] {dag.py:3047} INFO - Sync 1 DAGs
[2024-04-24T05:29:06.396+0000] {logging_mixin.py:188} INFO - [2024-04-24T05:29:06.396+0000] {dag.py:3834} INFO - Setting next_dagrun for example_sla_dag to 2024-04-24 05:26:00+00:00, run_after=2024-04-24 05:28:00+00:00
[2024-04-24T05:29:06.405+0000] {processor.py:183} INFO - Processing /home/airflow/.local/lib/python3.8/site-packages/airflow/example_dags/example_sla_dag.py took 0.040 seconds
[2024-04-24T05:29:36.936+0000] {processor.py:161} INFO - Started process (PID=2169) to work on /home/airflow/.local/lib/python3.8/site-packages/airflow/example_dags/example_sla_dag.py
[2024-04-24T05:29:36.936+0000] {processor.py:830} INFO - Processing file /home/airflow/.local/lib/python3.8/site-packages/airflow/example_dags/example_sla_dag.py for tasks to queue
[2024-04-24T05:29:36.938+0000] {logging_mixin.py:188} INFO - [2024-04-24T05:29:36.937+0000] {dagbag.py:540} INFO - Filling up the DagBag from /home/airflow/.local/lib/python3.8/site-packages/airflow/example_dags/example_sla_dag.py
[2024-04-24T05:29:36.942+0000] {processor.py:840} INFO - DAG(s) 'example_sla_dag' retrieved from /home/airflow/.local/lib/python3.8/site-packages/airflow/example_dags/example_sla_dag.py
[2024-04-24T05:29:36.952+0000] {logging_mixin.py:188} INFO - [2024-04-24T05:29:36.952+0000] {dag.py:3047} INFO - Sync 1 DAGs
[2024-04-24T05:29:36.965+0000] {logging_mixin.py:188} INFO - [2024-04-24T05:29:36.965+0000] {dag.py:3834} INFO - Setting next_dagrun for example_sla_dag to 2024-04-24 05:26:00+00:00, run_after=2024-04-24 05:28:00+00:00
[2024-04-24T05:29:36.974+0000] {processor.py:183} INFO - Processing /home/airflow/.local/lib/python3.8/site-packages/airflow/example_dags/example_sla_dag.py took 0.040 seconds
[2024-04-24T05:30:07.497+0000] {processor.py:161} INFO - Started process (PID=2227) to work on /home/airflow/.local/lib/python3.8/site-packages/airflow/example_dags/example_sla_dag.py
[2024-04-24T05:30:07.497+0000] {processor.py:830} INFO - Processing file /home/airflow/.local/lib/python3.8/site-packages/airflow/example_dags/example_sla_dag.py for tasks to queue
[2024-04-24T05:30:07.498+0000] {logging_mixin.py:188} INFO - [2024-04-24T05:30:07.498+0000] {dagbag.py:540} INFO - Filling up the DagBag from /home/airflow/.local/lib/python3.8/site-packages/airflow/example_dags/example_sla_dag.py
[2024-04-24T05:30:07.503+0000] {processor.py:840} INFO - DAG(s) 'example_sla_dag' retrieved from /home/airflow/.local/lib/python3.8/site-packages/airflow/example_dags/example_sla_dag.py
[2024-04-24T05:30:07.513+0000] {logging_mixin.py:188} INFO - [2024-04-24T05:30:07.513+0000] {dag.py:3047} INFO - Sync 1 DAGs
[2024-04-24T05:30:07.526+0000] {logging_mixin.py:188} INFO - [2024-04-24T05:30:07.526+0000] {dag.py:3834} INFO - Setting next_dagrun for example_sla_dag to 2024-04-24 05:28:00+00:00, run_after=2024-04-24 05:30:00+00:00
[2024-04-24T05:30:07.535+0000] {processor.py:183} INFO - Processing /home/airflow/.local/lib/python3.8/site-packages/airflow/example_dags/example_sla_dag.py took 0.041 seconds
[2024-04-24T05:30:38.079+0000] {processor.py:161} INFO - Started process (PID=2285) to work on /home/airflow/.local/lib/python3.8/site-packages/airflow/example_dags/example_sla_dag.py
[2024-04-24T05:30:38.080+0000] {processor.py:830} INFO - Processing file /home/airflow/.local/lib/python3.8/site-packages/airflow/example_dags/example_sla_dag.py for tasks to queue
[2024-04-24T05:30:38.081+0000] {logging_mixin.py:188} INFO - [2024-04-24T05:30:38.080+0000] {dagbag.py:540} INFO - Filling up the DagBag from /home/airflow/.local/lib/python3.8/site-packages/airflow/example_dags/example_sla_dag.py
[2024-04-24T05:30:38.085+0000] {processor.py:840} INFO - DAG(s) 'example_sla_dag' retrieved from /home/airflow/.local/lib/python3.8/site-packages/airflow/example_dags/example_sla_dag.py
[2024-04-24T05:30:38.095+0000] {logging_mixin.py:188} INFO - [2024-04-24T05:30:38.095+0000] {dag.py:3047} INFO - Sync 1 DAGs
[2024-04-24T05:30:38.107+0000] {logging_mixin.py:188} INFO - [2024-04-24T05:30:38.107+0000] {dag.py:3834} INFO - Setting next_dagrun for example_sla_dag to 2024-04-24 05:28:00+00:00, run_after=2024-04-24 05:30:00+00:00
[2024-04-24T05:30:38.116+0000] {processor.py:183} INFO - Processing /home/airflow/.local/lib/python3.8/site-packages/airflow/example_dags/example_sla_dag.py took 0.039 seconds
[2024-04-24T05:31:08.645+0000] {processor.py:161} INFO - Started process (PID=2343) to work on /home/airflow/.local/lib/python3.8/site-packages/airflow/example_dags/example_sla_dag.py
[2024-04-24T05:31:08.645+0000] {processor.py:830} INFO - Processing file /home/airflow/.local/lib/python3.8/site-packages/airflow/example_dags/example_sla_dag.py for tasks to queue
[2024-04-24T05:31:08.646+0000] {logging_mixin.py:188} INFO - [2024-04-24T05:31:08.646+0000] {dagbag.py:540} INFO - Filling up the DagBag from /home/airflow/.local/lib/python3.8/site-packages/airflow/example_dags/example_sla_dag.py
[2024-04-24T05:31:08.651+0000] {processor.py:840} INFO - DAG(s) 'example_sla_dag' retrieved from /home/airflow/.local/lib/python3.8/site-packages/airflow/example_dags/example_sla_dag.py
[2024-04-24T05:31:08.661+0000] {logging_mixin.py:188} INFO - [2024-04-24T05:31:08.661+0000] {dag.py:3047} INFO - Sync 1 DAGs
[2024-04-24T05:31:08.674+0000] {logging_mixin.py:188} INFO - [2024-04-24T05:31:08.674+0000] {dag.py:3834} INFO - Setting next_dagrun for example_sla_dag to 2024-04-24 05:28:00+00:00, run_after=2024-04-24 05:30:00+00:00
[2024-04-24T05:31:08.684+0000] {processor.py:183} INFO - Processing /home/airflow/.local/lib/python3.8/site-packages/airflow/example_dags/example_sla_dag.py took 0.041 seconds
[2024-04-24T05:31:39.487+0000] {processor.py:161} INFO - Started process (PID=2401) to work on /home/airflow/.local/lib/python3.8/site-packages/airflow/example_dags/example_sla_dag.py
[2024-04-24T05:31:39.488+0000] {processor.py:830} INFO - Processing file /home/airflow/.local/lib/python3.8/site-packages/airflow/example_dags/example_sla_dag.py for tasks to queue
[2024-04-24T05:31:39.489+0000] {logging_mixin.py:188} INFO - [2024-04-24T05:31:39.489+0000] {dagbag.py:540} INFO - Filling up the DagBag from /home/airflow/.local/lib/python3.8/site-packages/airflow/example_dags/example_sla_dag.py
[2024-04-24T05:31:39.493+0000] {processor.py:840} INFO - DAG(s) 'example_sla_dag' retrieved from /home/airflow/.local/lib/python3.8/site-packages/airflow/example_dags/example_sla_dag.py
[2024-04-24T05:31:39.503+0000] {logging_mixin.py:188} INFO - [2024-04-24T05:31:39.503+0000] {dag.py:3047} INFO - Sync 1 DAGs
[2024-04-24T05:31:39.516+0000] {logging_mixin.py:188} INFO - [2024-04-24T05:31:39.516+0000] {dag.py:3834} INFO - Setting next_dagrun for example_sla_dag to 2024-04-24 05:28:00+00:00, run_after=2024-04-24 05:30:00+00:00
[2024-04-24T05:31:39.525+0000] {processor.py:183} INFO - Processing /home/airflow/.local/lib/python3.8/site-packages/airflow/example_dags/example_sla_dag.py took 0.040 seconds
[2024-04-24T05:32:10.058+0000] {processor.py:161} INFO - Started process (PID=2459) to work on /home/airflow/.local/lib/python3.8/site-packages/airflow/example_dags/example_sla_dag.py
[2024-04-24T05:32:10.059+0000] {processor.py:830} INFO - Processing file /home/airflow/.local/lib/python3.8/site-packages/airflow/example_dags/example_sla_dag.py for tasks to queue
[2024-04-24T05:32:10.060+0000] {logging_mixin.py:188} INFO - [2024-04-24T05:32:10.060+0000] {dagbag.py:540} INFO - Filling up the DagBag from /home/airflow/.local/lib/python3.8/site-packages/airflow/example_dags/example_sla_dag.py
[2024-04-24T05:32:10.065+0000] {processor.py:840} INFO - DAG(s) 'example_sla_dag' retrieved from /home/airflow/.local/lib/python3.8/site-packages/airflow/example_dags/example_sla_dag.py
[2024-04-24T05:32:10.074+0000] {logging_mixin.py:188} INFO - [2024-04-24T05:32:10.074+0000] {dag.py:3047} INFO - Sync 1 DAGs
[2024-04-24T05:32:10.086+0000] {logging_mixin.py:188} INFO - [2024-04-24T05:32:10.086+0000] {dag.py:3834} INFO - Setting next_dagrun for example_sla_dag to 2024-04-24 05:30:00+00:00, run_after=2024-04-24 05:32:00+00:00
[2024-04-24T05:32:10.095+0000] {processor.py:183} INFO - Processing /home/airflow/.local/lib/python3.8/site-packages/airflow/example_dags/example_sla_dag.py took 0.039 seconds
[2024-04-24T05:32:40.528+0000] {processor.py:161} INFO - Started process (PID=2518) to work on /home/airflow/.local/lib/python3.8/site-packages/airflow/example_dags/example_sla_dag.py
[2024-04-24T05:32:40.529+0000] {processor.py:830} INFO - Processing file /home/airflow/.local/lib/python3.8/site-packages/airflow/example_dags/example_sla_dag.py for tasks to queue
[2024-04-24T05:32:40.530+0000] {logging_mixin.py:188} INFO - [2024-04-24T05:32:40.530+0000] {dagbag.py:540} INFO - Filling up the DagBag from /home/airflow/.local/lib/python3.8/site-packages/airflow/example_dags/example_sla_dag.py
[2024-04-24T05:32:40.535+0000] {processor.py:840} INFO - DAG(s) 'example_sla_dag' retrieved from /home/airflow/.local/lib/python3.8/site-packages/airflow/example_dags/example_sla_dag.py
[2024-04-24T05:32:40.544+0000] {logging_mixin.py:188} INFO - [2024-04-24T05:32:40.544+0000] {dag.py:3047} INFO - Sync 1 DAGs
[2024-04-24T05:32:40.557+0000] {logging_mixin.py:188} INFO - [2024-04-24T05:32:40.557+0000] {dag.py:3834} INFO - Setting next_dagrun for example_sla_dag to 2024-04-24 05:30:00+00:00, run_after=2024-04-24 05:32:00+00:00
[2024-04-24T05:32:40.566+0000] {processor.py:183} INFO - Processing /home/airflow/.local/lib/python3.8/site-packages/airflow/example_dags/example_sla_dag.py took 0.039 seconds
[2024-04-24T05:33:10.945+0000] {processor.py:161} INFO - Started process (PID=2573) to work on /home/airflow/.local/lib/python3.8/site-packages/airflow/example_dags/example_sla_dag.py
[2024-04-24T05:33:10.946+0000] {processor.py:830} INFO - Processing file /home/airflow/.local/lib/python3.8/site-packages/airflow/example_dags/example_sla_dag.py for tasks to queue
[2024-04-24T05:33:10.946+0000] {logging_mixin.py:188} INFO - [2024-04-24T05:33:10.946+0000] {dagbag.py:540} INFO - Filling up the DagBag from /home/airflow/.local/lib/python3.8/site-packages/airflow/example_dags/example_sla_dag.py
[2024-04-24T05:33:10.951+0000] {processor.py:840} INFO - DAG(s) 'example_sla_dag' retrieved from /home/airflow/.local/lib/python3.8/site-packages/airflow/example_dags/example_sla_dag.py
[2024-04-24T05:33:10.961+0000] {logging_mixin.py:188} INFO - [2024-04-24T05:33:10.961+0000] {dag.py:3047} INFO - Sync 1 DAGs
[2024-04-24T05:33:10.974+0000] {logging_mixin.py:188} INFO - [2024-04-24T05:33:10.974+0000] {dag.py:3834} INFO - Setting next_dagrun for example_sla_dag to 2024-04-24 05:30:00+00:00, run_after=2024-04-24 05:32:00+00:00
[2024-04-24T05:33:10.983+0000] {processor.py:183} INFO - Processing /home/airflow/.local/lib/python3.8/site-packages/airflow/example_dags/example_sla_dag.py took 0.040 seconds
[2024-04-24T05:33:41.317+0000] {processor.py:161} INFO - Started process (PID=2628) to work on /home/airflow/.local/lib/python3.8/site-packages/airflow/example_dags/example_sla_dag.py
[2024-04-24T05:33:41.318+0000] {processor.py:830} INFO - Processing file /home/airflow/.local/lib/python3.8/site-packages/airflow/example_dags/example_sla_dag.py for tasks to queue
[2024-04-24T05:33:41.318+0000] {logging_mixin.py:188} INFO - [2024-04-24T05:33:41.318+0000] {dagbag.py:540} INFO - Filling up the DagBag from /home/airflow/.local/lib/python3.8/site-packages/airflow/example_dags/example_sla_dag.py
[2024-04-24T05:33:41.323+0000] {processor.py:840} INFO - DAG(s) 'example_sla_dag' retrieved from /home/airflow/.local/lib/python3.8/site-packages/airflow/example_dags/example_sla_dag.py
[2024-04-24T05:33:41.333+0000] {logging_mixin.py:188} INFO - [2024-04-24T05:33:41.333+0000] {dag.py:3047} INFO - Sync 1 DAGs
[2024-04-24T05:33:41.346+0000] {logging_mixin.py:188} INFO - [2024-04-24T05:33:41.346+0000] {dag.py:3834} INFO - Setting next_dagrun for example_sla_dag to 2024-04-24 05:30:00+00:00, run_after=2024-04-24 05:32:00+00:00
[2024-04-24T05:33:41.355+0000] {processor.py:183} INFO - Processing /home/airflow/.local/lib/python3.8/site-packages/airflow/example_dags/example_sla_dag.py took 0.039 seconds
[2024-04-24T05:34:11.820+0000] {processor.py:161} INFO - Started process (PID=2683) to work on /home/airflow/.local/lib/python3.8/site-packages/airflow/example_dags/example_sla_dag.py
[2024-04-24T05:34:11.821+0000] {processor.py:830} INFO - Processing file /home/airflow/.local/lib/python3.8/site-packages/airflow/example_dags/example_sla_dag.py for tasks to queue
[2024-04-24T05:34:11.821+0000] {logging_mixin.py:188} INFO - [2024-04-24T05:34:11.821+0000] {dagbag.py:540} INFO - Filling up the DagBag from /home/airflow/.local/lib/python3.8/site-packages/airflow/example_dags/example_sla_dag.py
[2024-04-24T05:34:11.826+0000] {processor.py:840} INFO - DAG(s) 'example_sla_dag' retrieved from /home/airflow/.local/lib/python3.8/site-packages/airflow/example_dags/example_sla_dag.py
[2024-04-24T05:34:11.836+0000] {logging_mixin.py:188} INFO - [2024-04-24T05:34:11.836+0000] {dag.py:3047} INFO - Sync 1 DAGs
[2024-04-24T05:34:11.848+0000] {logging_mixin.py:188} INFO - [2024-04-24T05:34:11.848+0000] {dag.py:3834} INFO - Setting next_dagrun for example_sla_dag to 2024-04-24 05:32:00+00:00, run_after=2024-04-24 05:34:00+00:00
[2024-04-24T05:34:11.857+0000] {processor.py:183} INFO - Processing /home/airflow/.local/lib/python3.8/site-packages/airflow/example_dags/example_sla_dag.py took 0.039 seconds
[2024-04-24T05:34:42.449+0000] {processor.py:161} INFO - Started process (PID=2744) to work on /home/airflow/.local/lib/python3.8/site-packages/airflow/example_dags/example_sla_dag.py
[2024-04-24T05:34:42.449+0000] {processor.py:830} INFO - Processing file /home/airflow/.local/lib/python3.8/site-packages/airflow/example_dags/example_sla_dag.py for tasks to queue
[2024-04-24T05:34:42.450+0000] {logging_mixin.py:188} INFO - [2024-04-24T05:34:42.450+0000] {dagbag.py:540} INFO - Filling up the DagBag from /home/airflow/.local/lib/python3.8/site-packages/airflow/example_dags/example_sla_dag.py
[2024-04-24T05:34:42.455+0000] {processor.py:840} INFO - DAG(s) 'example_sla_dag' retrieved from /home/airflow/.local/lib/python3.8/site-packages/airflow/example_dags/example_sla_dag.py
[2024-04-24T05:34:42.465+0000] {logging_mixin.py:188} INFO - [2024-04-24T05:34:42.465+0000] {dag.py:3047} INFO - Sync 1 DAGs
[2024-04-24T05:34:42.478+0000] {logging_mixin.py:188} INFO - [2024-04-24T05:34:42.478+0000] {dag.py:3834} INFO - Setting next_dagrun for example_sla_dag to 2024-04-24 05:32:00+00:00, run_after=2024-04-24 05:34:00+00:00
[2024-04-24T05:34:42.487+0000] {processor.py:183} INFO - Processing /home/airflow/.local/lib/python3.8/site-packages/airflow/example_dags/example_sla_dag.py took 0.040 seconds
[2024-04-24T05:35:13.126+0000] {processor.py:161} INFO - Started process (PID=2799) to work on /home/airflow/.local/lib/python3.8/site-packages/airflow/example_dags/example_sla_dag.py
[2024-04-24T05:35:13.126+0000] {processor.py:830} INFO - Processing file /home/airflow/.local/lib/python3.8/site-packages/airflow/example_dags/example_sla_dag.py for tasks to queue
[2024-04-24T05:35:13.127+0000] {logging_mixin.py:188} INFO - [2024-04-24T05:35:13.127+0000] {dagbag.py:540} INFO - Filling up the DagBag from /home/airflow/.local/lib/python3.8/site-packages/airflow/example_dags/example_sla_dag.py
[2024-04-24T05:35:13.131+0000] {processor.py:840} INFO - DAG(s) 'example_sla_dag' retrieved from /home/airflow/.local/lib/python3.8/site-packages/airflow/example_dags/example_sla_dag.py
[2024-04-24T05:35:13.141+0000] {logging_mixin.py:188} INFO - [2024-04-24T05:35:13.141+0000] {dag.py:3047} INFO - Sync 1 DAGs
[2024-04-24T05:35:13.154+0000] {logging_mixin.py:188} INFO - [2024-04-24T05:35:13.154+0000] {dag.py:3834} INFO - Setting next_dagrun for example_sla_dag to 2024-04-24 05:32:00+00:00, run_after=2024-04-24 05:34:00+00:00
[2024-04-24T05:35:13.164+0000] {processor.py:183} INFO - Processing /home/airflow/.local/lib/python3.8/site-packages/airflow/example_dags/example_sla_dag.py took 0.040 seconds
[2024-04-24T05:35:43.810+0000] {processor.py:161} INFO - Started process (PID=2854) to work on /home/airflow/.local/lib/python3.8/site-packages/airflow/example_dags/example_sla_dag.py
[2024-04-24T05:35:43.811+0000] {processor.py:830} INFO - Processing file /home/airflow/.local/lib/python3.8/site-packages/airflow/example_dags/example_sla_dag.py for tasks to queue
[2024-04-24T05:35:43.811+0000] {logging_mixin.py:188} INFO - [2024-04-24T05:35:43.811+0000] {dagbag.py:540} INFO - Filling up the DagBag from /home/airflow/.local/lib/python3.8/site-packages/airflow/example_dags/example_sla_dag.py
[2024-04-24T05:35:43.816+0000] {processor.py:840} INFO - DAG(s) 'example_sla_dag' retrieved from /home/airflow/.local/lib/python3.8/site-packages/airflow/example_dags/example_sla_dag.py
[2024-04-24T05:35:43.826+0000] {logging_mixin.py:188} INFO - [2024-04-24T05:35:43.826+0000] {dag.py:3047} INFO - Sync 1 DAGs
[2024-04-24T05:35:43.839+0000] {logging_mixin.py:188} INFO - [2024-04-24T05:35:43.838+0000] {dag.py:3834} INFO - Setting next_dagrun for example_sla_dag to 2024-04-24 05:32:00+00:00, run_after=2024-04-24 05:34:00+00:00
[2024-04-24T05:35:43.848+0000] {processor.py:183} INFO - Processing /home/airflow/.local/lib/python3.8/site-packages/airflow/example_dags/example_sla_dag.py took 0.040 seconds
[2024-04-24T05:36:14.297+0000] {processor.py:161} INFO - Started process (PID=2909) to work on /home/airflow/.local/lib/python3.8/site-packages/airflow/example_dags/example_sla_dag.py
[2024-04-24T05:36:14.298+0000] {processor.py:830} INFO - Processing file /home/airflow/.local/lib/python3.8/site-packages/airflow/example_dags/example_sla_dag.py for tasks to queue
[2024-04-24T05:36:14.298+0000] {logging_mixin.py:188} INFO - [2024-04-24T05:36:14.298+0000] {dagbag.py:540} INFO - Filling up the DagBag from /home/airflow/.local/lib/python3.8/site-packages/airflow/example_dags/example_sla_dag.py
[2024-04-24T05:36:14.303+0000] {processor.py:840} INFO - DAG(s) 'example_sla_dag' retrieved from /home/airflow/.local/lib/python3.8/site-packages/airflow/example_dags/example_sla_dag.py
[2024-04-24T05:36:14.313+0000] {logging_mixin.py:188} INFO - [2024-04-24T05:36:14.313+0000] {dag.py:3047} INFO - Sync 1 DAGs
[2024-04-24T05:36:14.326+0000] {logging_mixin.py:188} INFO - [2024-04-24T05:36:14.326+0000] {dag.py:3834} INFO - Setting next_dagrun for example_sla_dag to 2024-04-24 05:34:00+00:00, run_after=2024-04-24 05:36:00+00:00
[2024-04-24T05:36:14.335+0000] {processor.py:183} INFO - Processing /home/airflow/.local/lib/python3.8/site-packages/airflow/example_dags/example_sla_dag.py took 0.040 seconds
[2024-04-24T05:36:44.819+0000] {processor.py:161} INFO - Started process (PID=2964) to work on /home/airflow/.local/lib/python3.8/site-packages/airflow/example_dags/example_sla_dag.py
[2024-04-24T05:36:44.819+0000] {processor.py:830} INFO - Processing file /home/airflow/.local/lib/python3.8/site-packages/airflow/example_dags/example_sla_dag.py for tasks to queue
[2024-04-24T05:36:44.820+0000] {logging_mixin.py:188} INFO - [2024-04-24T05:36:44.820+0000] {dagbag.py:540} INFO - Filling up the DagBag from /home/airflow/.local/lib/python3.8/site-packages/airflow/example_dags/example_sla_dag.py
[2024-04-24T05:36:44.825+0000] {processor.py:840} INFO - DAG(s) 'example_sla_dag' retrieved from /home/airflow/.local/lib/python3.8/site-packages/airflow/example_dags/example_sla_dag.py
[2024-04-24T05:36:44.835+0000] {logging_mixin.py:188} INFO - [2024-04-24T05:36:44.835+0000] {dag.py:3047} INFO - Sync 1 DAGs
[2024-04-24T05:36:44.847+0000] {logging_mixin.py:188} INFO - [2024-04-24T05:36:44.847+0000] {dag.py:3834} INFO - Setting next_dagrun for example_sla_dag to 2024-04-24 05:34:00+00:00, run_after=2024-04-24 05:36:00+00:00
[2024-04-24T05:36:44.856+0000] {processor.py:183} INFO - Processing /home/airflow/.local/lib/python3.8/site-packages/airflow/example_dags/example_sla_dag.py took 0.040 seconds
[2024-04-24T05:37:15.402+0000] {processor.py:161} INFO - Started process (PID=3019) to work on /home/airflow/.local/lib/python3.8/site-packages/airflow/example_dags/example_sla_dag.py
[2024-04-24T05:37:15.403+0000] {processor.py:830} INFO - Processing file /home/airflow/.local/lib/python3.8/site-packages/airflow/example_dags/example_sla_dag.py for tasks to queue
[2024-04-24T05:37:15.403+0000] {logging_mixin.py:188} INFO - [2024-04-24T05:37:15.403+0000] {dagbag.py:540} INFO - Filling up the DagBag from /home/airflow/.local/lib/python3.8/site-packages/airflow/example_dags/example_sla_dag.py
[2024-04-24T05:37:15.408+0000] {processor.py:840} INFO - DAG(s) 'example_sla_dag' retrieved from /home/airflow/.local/lib/python3.8/site-packages/airflow/example_dags/example_sla_dag.py
[2024-04-24T05:37:15.419+0000] {logging_mixin.py:188} INFO - [2024-04-24T05:37:15.419+0000] {dag.py:3047} INFO - Sync 1 DAGs
[2024-04-24T05:37:15.431+0000] {logging_mixin.py:188} INFO - [2024-04-24T05:37:15.431+0000] {dag.py:3834} INFO - Setting next_dagrun for example_sla_dag to 2024-04-24 05:34:00+00:00, run_after=2024-04-24 05:36:00+00:00
[2024-04-24T05:37:15.440+0000] {processor.py:183} INFO - Processing /home/airflow/.local/lib/python3.8/site-packages/airflow/example_dags/example_sla_dag.py took 0.040 seconds
[2024-04-24T05:37:45.973+0000] {processor.py:161} INFO - Started process (PID=3074) to work on /home/airflow/.local/lib/python3.8/site-packages/airflow/example_dags/example_sla_dag.py
[2024-04-24T05:37:45.973+0000] {processor.py:830} INFO - Processing file /home/airflow/.local/lib/python3.8/site-packages/airflow/example_dags/example_sla_dag.py for tasks to queue
[2024-04-24T05:37:45.974+0000] {logging_mixin.py:188} INFO - [2024-04-24T05:37:45.974+0000] {dagbag.py:540} INFO - Filling up the DagBag from /home/airflow/.local/lib/python3.8/site-packages/airflow/example_dags/example_sla_dag.py
[2024-04-24T05:37:45.979+0000] {processor.py:840} INFO - DAG(s) 'example_sla_dag' retrieved from /home/airflow/.local/lib/python3.8/site-packages/airflow/example_dags/example_sla_dag.py
[2024-04-24T05:37:45.988+0000] {logging_mixin.py:188} INFO - [2024-04-24T05:37:45.988+0000] {dag.py:3047} INFO - Sync 1 DAGs
[2024-04-24T05:37:46.001+0000] {logging_mixin.py:188} INFO - [2024-04-24T05:37:46.001+0000] {dag.py:3834} INFO - Setting next_dagrun for example_sla_dag to 2024-04-24 05:34:00+00:00, run_after=2024-04-24 05:36:00+00:00
[2024-04-24T05:37:46.009+0000] {processor.py:183} INFO - Processing /home/airflow/.local/lib/python3.8/site-packages/airflow/example_dags/example_sla_dag.py took 0.038 seconds
[2024-04-24T05:38:16.452+0000] {processor.py:161} INFO - Started process (PID=3129) to work on /home/airflow/.local/lib/python3.8/site-packages/airflow/example_dags/example_sla_dag.py
[2024-04-24T05:38:16.453+0000] {processor.py:830} INFO - Processing file /home/airflow/.local/lib/python3.8/site-packages/airflow/example_dags/example_sla_dag.py for tasks to queue
[2024-04-24T05:38:16.453+0000] {logging_mixin.py:188} INFO - [2024-04-24T05:38:16.453+0000] {dagbag.py:540} INFO - Filling up the DagBag from /home/airflow/.local/lib/python3.8/site-packages/airflow/example_dags/example_sla_dag.py
[2024-04-24T05:38:16.458+0000] {processor.py:840} INFO - DAG(s) 'example_sla_dag' retrieved from /home/airflow/.local/lib/python3.8/site-packages/airflow/example_dags/example_sla_dag.py
[2024-04-24T05:38:16.468+0000] {logging_mixin.py:188} INFO - [2024-04-24T05:38:16.468+0000] {dag.py:3047} INFO - Sync 1 DAGs
[2024-04-24T05:38:16.481+0000] {logging_mixin.py:188} INFO - [2024-04-24T05:38:16.481+0000] {dag.py:3834} INFO - Setting next_dagrun for example_sla_dag to 2024-04-24 05:36:00+00:00, run_after=2024-04-24 05:38:00+00:00
[2024-04-24T05:38:16.490+0000] {processor.py:183} INFO - Processing /home/airflow/.local/lib/python3.8/site-packages/airflow/example_dags/example_sla_dag.py took 0.040 seconds
[2024-04-24T05:40:51.264+0000] {processor.py:161} INFO - Started process (PID=77) to work on /home/airflow/.local/lib/python3.8/site-packages/airflow/example_dags/example_sla_dag.py
[2024-04-24T05:40:51.264+0000] {processor.py:830} INFO - Processing file /home/airflow/.local/lib/python3.8/site-packages/airflow/example_dags/example_sla_dag.py for tasks to queue
[2024-04-24T05:40:51.265+0000] {logging_mixin.py:188} INFO - [2024-04-24T05:40:51.265+0000] {dagbag.py:540} INFO - Filling up the DagBag from /home/airflow/.local/lib/python3.8/site-packages/airflow/example_dags/example_sla_dag.py
[2024-04-24T05:40:51.272+0000] {processor.py:840} INFO - DAG(s) 'example_sla_dag' retrieved from /home/airflow/.local/lib/python3.8/site-packages/airflow/example_dags/example_sla_dag.py
[2024-04-24T05:40:51.279+0000] {logging_mixin.py:188} INFO - [2024-04-24T05:40:51.278+0000] {dag.py:3047} INFO - Sync 1 DAGs
[2024-04-24T05:40:51.293+0000] {logging_mixin.py:188} INFO - [2024-04-24T05:40:51.293+0000] {dag.py:3834} INFO - Setting next_dagrun for example_sla_dag to 2024-04-24 05:38:00+00:00, run_after=2024-04-24 05:40:00+00:00
[2024-04-24T05:40:51.304+0000] {processor.py:183} INFO - Processing /home/airflow/.local/lib/python3.8/site-packages/airflow/example_dags/example_sla_dag.py took 0.043 seconds
[2024-04-24T05:41:22.413+0000] {processor.py:161} INFO - Started process (PID=132) to work on /home/airflow/.local/lib/python3.8/site-packages/airflow/example_dags/example_sla_dag.py
[2024-04-24T05:41:22.414+0000] {processor.py:830} INFO - Processing file /home/airflow/.local/lib/python3.8/site-packages/airflow/example_dags/example_sla_dag.py for tasks to queue
[2024-04-24T05:41:22.415+0000] {logging_mixin.py:188} INFO - [2024-04-24T05:41:22.415+0000] {dagbag.py:540} INFO - Filling up the DagBag from /home/airflow/.local/lib/python3.8/site-packages/airflow/example_dags/example_sla_dag.py
[2024-04-24T05:41:22.420+0000] {processor.py:840} INFO - DAG(s) 'example_sla_dag' retrieved from /home/airflow/.local/lib/python3.8/site-packages/airflow/example_dags/example_sla_dag.py
[2024-04-24T05:41:22.471+0000] {logging_mixin.py:188} INFO - [2024-04-24T05:41:22.470+0000] {dag.py:3047} INFO - Sync 1 DAGs
[2024-04-24T05:41:22.482+0000] {logging_mixin.py:188} INFO - [2024-04-24T05:41:22.482+0000] {dag.py:3834} INFO - Setting next_dagrun for example_sla_dag to 2024-04-24 05:38:00+00:00, run_after=2024-04-24 05:40:00+00:00
[2024-04-24T05:41:22.492+0000] {processor.py:183} INFO - Processing /home/airflow/.local/lib/python3.8/site-packages/airflow/example_dags/example_sla_dag.py took 0.081 seconds
