[2024-04-24T05:11:16.178+0000] {processor.py:161} INFO - Started process (PID=88) to work on /home/airflow/.local/lib/python3.8/site-packages/airflow/example_dags/example_local_kubernetes_executor.py
[2024-04-24T05:11:16.179+0000] {processor.py:830} INFO - Processing file /home/airflow/.local/lib/python3.8/site-packages/airflow/example_dags/example_local_kubernetes_executor.py for tasks to queue
[2024-04-24T05:11:16.180+0000] {logging_mixin.py:188} INFO - [2024-04-24T05:11:16.180+0000] {dagbag.py:540} INFO - Filling up the DagBag from /home/airflow/.local/lib/python3.8/site-packages/airflow/example_dags/example_local_kubernetes_executor.py
[2024-04-24T05:11:16.186+0000] {processor.py:840} INFO - DAG(s) 'example_local_kubernetes_executor' retrieved from /home/airflow/.local/lib/python3.8/site-packages/airflow/example_dags/example_local_kubernetes_executor.py
[2024-04-24T05:11:16.207+0000] {logging_mixin.py:188} INFO - [2024-04-24T05:11:16.207+0000] {dag.py:3047} INFO - Sync 1 DAGs
[2024-04-24T05:11:16.214+0000] {logging_mixin.py:188} INFO - [2024-04-24T05:11:16.214+0000] {dag.py:3834} INFO - Setting next_dagrun for example_local_kubernetes_executor to None, run_after=None
[2024-04-24T05:11:16.224+0000] {processor.py:183} INFO - Processing /home/airflow/.local/lib/python3.8/site-packages/airflow/example_dags/example_local_kubernetes_executor.py took 0.047 seconds
[2024-04-24T05:11:46.743+0000] {processor.py:161} INFO - Started process (PID=146) to work on /home/airflow/.local/lib/python3.8/site-packages/airflow/example_dags/example_local_kubernetes_executor.py
[2024-04-24T05:11:46.744+0000] {processor.py:830} INFO - Processing file /home/airflow/.local/lib/python3.8/site-packages/airflow/example_dags/example_local_kubernetes_executor.py for tasks to queue
[2024-04-24T05:11:46.745+0000] {logging_mixin.py:188} INFO - [2024-04-24T05:11:46.745+0000] {dagbag.py:540} INFO - Filling up the DagBag from /home/airflow/.local/lib/python3.8/site-packages/airflow/example_dags/example_local_kubernetes_executor.py
[2024-04-24T05:11:46.749+0000] {processor.py:840} INFO - DAG(s) 'example_local_kubernetes_executor' retrieved from /home/airflow/.local/lib/python3.8/site-packages/airflow/example_dags/example_local_kubernetes_executor.py
[2024-04-24T05:11:46.766+0000] {logging_mixin.py:188} INFO - [2024-04-24T05:11:46.766+0000] {dag.py:3047} INFO - Sync 1 DAGs
[2024-04-24T05:11:46.773+0000] {logging_mixin.py:188} INFO - [2024-04-24T05:11:46.773+0000] {dag.py:3834} INFO - Setting next_dagrun for example_local_kubernetes_executor to None, run_after=None
[2024-04-24T05:11:46.782+0000] {processor.py:183} INFO - Processing /home/airflow/.local/lib/python3.8/site-packages/airflow/example_dags/example_local_kubernetes_executor.py took 0.041 seconds
[2024-04-24T05:12:17.356+0000] {processor.py:161} INFO - Started process (PID=204) to work on /home/airflow/.local/lib/python3.8/site-packages/airflow/example_dags/example_local_kubernetes_executor.py
[2024-04-24T05:12:17.356+0000] {processor.py:830} INFO - Processing file /home/airflow/.local/lib/python3.8/site-packages/airflow/example_dags/example_local_kubernetes_executor.py for tasks to queue
[2024-04-24T05:12:17.357+0000] {logging_mixin.py:188} INFO - [2024-04-24T05:12:17.357+0000] {dagbag.py:540} INFO - Filling up the DagBag from /home/airflow/.local/lib/python3.8/site-packages/airflow/example_dags/example_local_kubernetes_executor.py
[2024-04-24T05:12:17.362+0000] {processor.py:840} INFO - DAG(s) 'example_local_kubernetes_executor' retrieved from /home/airflow/.local/lib/python3.8/site-packages/airflow/example_dags/example_local_kubernetes_executor.py
[2024-04-24T05:12:17.380+0000] {logging_mixin.py:188} INFO - [2024-04-24T05:12:17.380+0000] {dag.py:3047} INFO - Sync 1 DAGs
[2024-04-24T05:12:17.386+0000] {logging_mixin.py:188} INFO - [2024-04-24T05:12:17.386+0000] {dag.py:3834} INFO - Setting next_dagrun for example_local_kubernetes_executor to None, run_after=None
[2024-04-24T05:12:17.396+0000] {processor.py:183} INFO - Processing /home/airflow/.local/lib/python3.8/site-packages/airflow/example_dags/example_local_kubernetes_executor.py took 0.043 seconds
[2024-04-24T05:12:48.073+0000] {processor.py:161} INFO - Started process (PID=262) to work on /home/airflow/.local/lib/python3.8/site-packages/airflow/example_dags/example_local_kubernetes_executor.py
[2024-04-24T05:12:48.074+0000] {processor.py:830} INFO - Processing file /home/airflow/.local/lib/python3.8/site-packages/airflow/example_dags/example_local_kubernetes_executor.py for tasks to queue
[2024-04-24T05:12:48.075+0000] {logging_mixin.py:188} INFO - [2024-04-24T05:12:48.075+0000] {dagbag.py:540} INFO - Filling up the DagBag from /home/airflow/.local/lib/python3.8/site-packages/airflow/example_dags/example_local_kubernetes_executor.py
[2024-04-24T05:12:48.080+0000] {processor.py:840} INFO - DAG(s) 'example_local_kubernetes_executor' retrieved from /home/airflow/.local/lib/python3.8/site-packages/airflow/example_dags/example_local_kubernetes_executor.py
[2024-04-24T05:12:48.100+0000] {logging_mixin.py:188} INFO - [2024-04-24T05:12:48.099+0000] {dag.py:3047} INFO - Sync 1 DAGs
[2024-04-24T05:12:48.106+0000] {logging_mixin.py:188} INFO - [2024-04-24T05:12:48.106+0000] {dag.py:3834} INFO - Setting next_dagrun for example_local_kubernetes_executor to None, run_after=None
[2024-04-24T05:12:48.118+0000] {processor.py:183} INFO - Processing /home/airflow/.local/lib/python3.8/site-packages/airflow/example_dags/example_local_kubernetes_executor.py took 0.047 seconds
[2024-04-24T05:13:18.714+0000] {processor.py:161} INFO - Started process (PID=320) to work on /home/airflow/.local/lib/python3.8/site-packages/airflow/example_dags/example_local_kubernetes_executor.py
[2024-04-24T05:13:18.714+0000] {processor.py:830} INFO - Processing file /home/airflow/.local/lib/python3.8/site-packages/airflow/example_dags/example_local_kubernetes_executor.py for tasks to queue
[2024-04-24T05:13:18.716+0000] {logging_mixin.py:188} INFO - [2024-04-24T05:13:18.715+0000] {dagbag.py:540} INFO - Filling up the DagBag from /home/airflow/.local/lib/python3.8/site-packages/airflow/example_dags/example_local_kubernetes_executor.py
[2024-04-24T05:13:18.720+0000] {processor.py:840} INFO - DAG(s) 'example_local_kubernetes_executor' retrieved from /home/airflow/.local/lib/python3.8/site-packages/airflow/example_dags/example_local_kubernetes_executor.py
[2024-04-24T05:13:18.739+0000] {logging_mixin.py:188} INFO - [2024-04-24T05:13:18.739+0000] {dag.py:3047} INFO - Sync 1 DAGs
[2024-04-24T05:13:18.746+0000] {logging_mixin.py:188} INFO - [2024-04-24T05:13:18.746+0000] {dag.py:3834} INFO - Setting next_dagrun for example_local_kubernetes_executor to None, run_after=None
[2024-04-24T05:13:18.756+0000] {processor.py:183} INFO - Processing /home/airflow/.local/lib/python3.8/site-packages/airflow/example_dags/example_local_kubernetes_executor.py took 0.044 seconds
[2024-04-24T05:13:49.542+0000] {processor.py:161} INFO - Started process (PID=378) to work on /home/airflow/.local/lib/python3.8/site-packages/airflow/example_dags/example_local_kubernetes_executor.py
[2024-04-24T05:13:49.543+0000] {processor.py:830} INFO - Processing file /home/airflow/.local/lib/python3.8/site-packages/airflow/example_dags/example_local_kubernetes_executor.py for tasks to queue
[2024-04-24T05:13:49.544+0000] {logging_mixin.py:188} INFO - [2024-04-24T05:13:49.544+0000] {dagbag.py:540} INFO - Filling up the DagBag from /home/airflow/.local/lib/python3.8/site-packages/airflow/example_dags/example_local_kubernetes_executor.py
[2024-04-24T05:13:49.548+0000] {processor.py:840} INFO - DAG(s) 'example_local_kubernetes_executor' retrieved from /home/airflow/.local/lib/python3.8/site-packages/airflow/example_dags/example_local_kubernetes_executor.py
[2024-04-24T05:13:49.567+0000] {logging_mixin.py:188} INFO - [2024-04-24T05:13:49.567+0000] {dag.py:3047} INFO - Sync 1 DAGs
[2024-04-24T05:13:49.573+0000] {logging_mixin.py:188} INFO - [2024-04-24T05:13:49.573+0000] {dag.py:3834} INFO - Setting next_dagrun for example_local_kubernetes_executor to None, run_after=None
[2024-04-24T05:13:49.583+0000] {processor.py:183} INFO - Processing /home/airflow/.local/lib/python3.8/site-packages/airflow/example_dags/example_local_kubernetes_executor.py took 0.043 seconds
[2024-04-24T05:14:20.109+0000] {processor.py:161} INFO - Started process (PID=436) to work on /home/airflow/.local/lib/python3.8/site-packages/airflow/example_dags/example_local_kubernetes_executor.py
[2024-04-24T05:14:20.110+0000] {processor.py:830} INFO - Processing file /home/airflow/.local/lib/python3.8/site-packages/airflow/example_dags/example_local_kubernetes_executor.py for tasks to queue
[2024-04-24T05:14:20.111+0000] {logging_mixin.py:188} INFO - [2024-04-24T05:14:20.110+0000] {dagbag.py:540} INFO - Filling up the DagBag from /home/airflow/.local/lib/python3.8/site-packages/airflow/example_dags/example_local_kubernetes_executor.py
[2024-04-24T05:14:20.115+0000] {processor.py:840} INFO - DAG(s) 'example_local_kubernetes_executor' retrieved from /home/airflow/.local/lib/python3.8/site-packages/airflow/example_dags/example_local_kubernetes_executor.py
[2024-04-24T05:14:20.133+0000] {logging_mixin.py:188} INFO - [2024-04-24T05:14:20.133+0000] {dag.py:3047} INFO - Sync 1 DAGs
[2024-04-24T05:14:20.140+0000] {logging_mixin.py:188} INFO - [2024-04-24T05:14:20.140+0000] {dag.py:3834} INFO - Setting next_dagrun for example_local_kubernetes_executor to None, run_after=None
[2024-04-24T05:14:20.150+0000] {processor.py:183} INFO - Processing /home/airflow/.local/lib/python3.8/site-packages/airflow/example_dags/example_local_kubernetes_executor.py took 0.043 seconds
[2024-04-24T05:14:50.776+0000] {processor.py:161} INFO - Started process (PID=494) to work on /home/airflow/.local/lib/python3.8/site-packages/airflow/example_dags/example_local_kubernetes_executor.py
[2024-04-24T05:14:50.777+0000] {processor.py:830} INFO - Processing file /home/airflow/.local/lib/python3.8/site-packages/airflow/example_dags/example_local_kubernetes_executor.py for tasks to queue
[2024-04-24T05:14:50.778+0000] {logging_mixin.py:188} INFO - [2024-04-24T05:14:50.777+0000] {dagbag.py:540} INFO - Filling up the DagBag from /home/airflow/.local/lib/python3.8/site-packages/airflow/example_dags/example_local_kubernetes_executor.py
[2024-04-24T05:14:50.782+0000] {processor.py:840} INFO - DAG(s) 'example_local_kubernetes_executor' retrieved from /home/airflow/.local/lib/python3.8/site-packages/airflow/example_dags/example_local_kubernetes_executor.py
[2024-04-24T05:14:50.800+0000] {logging_mixin.py:188} INFO - [2024-04-24T05:14:50.800+0000] {dag.py:3047} INFO - Sync 1 DAGs
[2024-04-24T05:14:50.807+0000] {logging_mixin.py:188} INFO - [2024-04-24T05:14:50.807+0000] {dag.py:3834} INFO - Setting next_dagrun for example_local_kubernetes_executor to None, run_after=None
[2024-04-24T05:14:50.817+0000] {processor.py:183} INFO - Processing /home/airflow/.local/lib/python3.8/site-packages/airflow/example_dags/example_local_kubernetes_executor.py took 0.042 seconds
[2024-04-24T05:15:21.304+0000] {processor.py:161} INFO - Started process (PID=553) to work on /home/airflow/.local/lib/python3.8/site-packages/airflow/example_dags/example_local_kubernetes_executor.py
[2024-04-24T05:15:21.305+0000] {processor.py:830} INFO - Processing file /home/airflow/.local/lib/python3.8/site-packages/airflow/example_dags/example_local_kubernetes_executor.py for tasks to queue
[2024-04-24T05:15:21.306+0000] {logging_mixin.py:188} INFO - [2024-04-24T05:15:21.306+0000] {dagbag.py:540} INFO - Filling up the DagBag from /home/airflow/.local/lib/python3.8/site-packages/airflow/example_dags/example_local_kubernetes_executor.py
[2024-04-24T05:15:21.312+0000] {processor.py:840} INFO - DAG(s) 'example_local_kubernetes_executor' retrieved from /home/airflow/.local/lib/python3.8/site-packages/airflow/example_dags/example_local_kubernetes_executor.py
[2024-04-24T05:15:21.332+0000] {logging_mixin.py:188} INFO - [2024-04-24T05:15:21.332+0000] {dag.py:3047} INFO - Sync 1 DAGs
[2024-04-24T05:15:21.340+0000] {logging_mixin.py:188} INFO - [2024-04-24T05:15:21.340+0000] {dag.py:3834} INFO - Setting next_dagrun for example_local_kubernetes_executor to None, run_after=None
[2024-04-24T05:15:21.351+0000] {processor.py:183} INFO - Processing /home/airflow/.local/lib/python3.8/site-packages/airflow/example_dags/example_local_kubernetes_executor.py took 0.049 seconds
[2024-04-24T05:15:51.790+0000] {processor.py:161} INFO - Started process (PID=611) to work on /home/airflow/.local/lib/python3.8/site-packages/airflow/example_dags/example_local_kubernetes_executor.py
[2024-04-24T05:15:51.791+0000] {processor.py:830} INFO - Processing file /home/airflow/.local/lib/python3.8/site-packages/airflow/example_dags/example_local_kubernetes_executor.py for tasks to queue
[2024-04-24T05:15:51.792+0000] {logging_mixin.py:188} INFO - [2024-04-24T05:15:51.791+0000] {dagbag.py:540} INFO - Filling up the DagBag from /home/airflow/.local/lib/python3.8/site-packages/airflow/example_dags/example_local_kubernetes_executor.py
[2024-04-24T05:15:51.796+0000] {processor.py:840} INFO - DAG(s) 'example_local_kubernetes_executor' retrieved from /home/airflow/.local/lib/python3.8/site-packages/airflow/example_dags/example_local_kubernetes_executor.py
[2024-04-24T05:15:51.815+0000] {logging_mixin.py:188} INFO - [2024-04-24T05:15:51.815+0000] {dag.py:3047} INFO - Sync 1 DAGs
[2024-04-24T05:15:51.821+0000] {logging_mixin.py:188} INFO - [2024-04-24T05:15:51.821+0000] {dag.py:3834} INFO - Setting next_dagrun for example_local_kubernetes_executor to None, run_after=None
[2024-04-24T05:15:51.832+0000] {processor.py:183} INFO - Processing /home/airflow/.local/lib/python3.8/site-packages/airflow/example_dags/example_local_kubernetes_executor.py took 0.044 seconds
[2024-04-24T05:16:22.327+0000] {processor.py:161} INFO - Started process (PID=669) to work on /home/airflow/.local/lib/python3.8/site-packages/airflow/example_dags/example_local_kubernetes_executor.py
[2024-04-24T05:16:22.328+0000] {processor.py:830} INFO - Processing file /home/airflow/.local/lib/python3.8/site-packages/airflow/example_dags/example_local_kubernetes_executor.py for tasks to queue
[2024-04-24T05:16:22.329+0000] {logging_mixin.py:188} INFO - [2024-04-24T05:16:22.329+0000] {dagbag.py:540} INFO - Filling up the DagBag from /home/airflow/.local/lib/python3.8/site-packages/airflow/example_dags/example_local_kubernetes_executor.py
[2024-04-24T05:16:22.333+0000] {processor.py:840} INFO - DAG(s) 'example_local_kubernetes_executor' retrieved from /home/airflow/.local/lib/python3.8/site-packages/airflow/example_dags/example_local_kubernetes_executor.py
[2024-04-24T05:16:22.353+0000] {logging_mixin.py:188} INFO - [2024-04-24T05:16:22.353+0000] {dag.py:3047} INFO - Sync 1 DAGs
[2024-04-24T05:16:22.360+0000] {logging_mixin.py:188} INFO - [2024-04-24T05:16:22.359+0000] {dag.py:3834} INFO - Setting next_dagrun for example_local_kubernetes_executor to None, run_after=None
[2024-04-24T05:16:22.370+0000] {processor.py:183} INFO - Processing /home/airflow/.local/lib/python3.8/site-packages/airflow/example_dags/example_local_kubernetes_executor.py took 0.044 seconds
[2024-04-24T05:16:52.869+0000] {processor.py:161} INFO - Started process (PID=727) to work on /home/airflow/.local/lib/python3.8/site-packages/airflow/example_dags/example_local_kubernetes_executor.py
[2024-04-24T05:16:52.869+0000] {processor.py:830} INFO - Processing file /home/airflow/.local/lib/python3.8/site-packages/airflow/example_dags/example_local_kubernetes_executor.py for tasks to queue
[2024-04-24T05:16:52.870+0000] {logging_mixin.py:188} INFO - [2024-04-24T05:16:52.870+0000] {dagbag.py:540} INFO - Filling up the DagBag from /home/airflow/.local/lib/python3.8/site-packages/airflow/example_dags/example_local_kubernetes_executor.py
[2024-04-24T05:16:52.875+0000] {processor.py:840} INFO - DAG(s) 'example_local_kubernetes_executor' retrieved from /home/airflow/.local/lib/python3.8/site-packages/airflow/example_dags/example_local_kubernetes_executor.py
[2024-04-24T05:16:52.893+0000] {logging_mixin.py:188} INFO - [2024-04-24T05:16:52.893+0000] {dag.py:3047} INFO - Sync 1 DAGs
[2024-04-24T05:16:52.899+0000] {logging_mixin.py:188} INFO - [2024-04-24T05:16:52.899+0000] {dag.py:3834} INFO - Setting next_dagrun for example_local_kubernetes_executor to None, run_after=None
[2024-04-24T05:16:52.909+0000] {processor.py:183} INFO - Processing /home/airflow/.local/lib/python3.8/site-packages/airflow/example_dags/example_local_kubernetes_executor.py took 0.042 seconds
[2024-04-24T05:17:23.404+0000] {processor.py:161} INFO - Started process (PID=785) to work on /home/airflow/.local/lib/python3.8/site-packages/airflow/example_dags/example_local_kubernetes_executor.py
[2024-04-24T05:17:23.404+0000] {processor.py:830} INFO - Processing file /home/airflow/.local/lib/python3.8/site-packages/airflow/example_dags/example_local_kubernetes_executor.py for tasks to queue
[2024-04-24T05:17:23.405+0000] {logging_mixin.py:188} INFO - [2024-04-24T05:17:23.405+0000] {dagbag.py:540} INFO - Filling up the DagBag from /home/airflow/.local/lib/python3.8/site-packages/airflow/example_dags/example_local_kubernetes_executor.py
[2024-04-24T05:17:23.410+0000] {processor.py:840} INFO - DAG(s) 'example_local_kubernetes_executor' retrieved from /home/airflow/.local/lib/python3.8/site-packages/airflow/example_dags/example_local_kubernetes_executor.py
[2024-04-24T05:17:23.429+0000] {logging_mixin.py:188} INFO - [2024-04-24T05:17:23.429+0000] {dag.py:3047} INFO - Sync 1 DAGs
[2024-04-24T05:17:23.436+0000] {logging_mixin.py:188} INFO - [2024-04-24T05:17:23.436+0000] {dag.py:3834} INFO - Setting next_dagrun for example_local_kubernetes_executor to None, run_after=None
[2024-04-24T05:17:23.446+0000] {processor.py:183} INFO - Processing /home/airflow/.local/lib/python3.8/site-packages/airflow/example_dags/example_local_kubernetes_executor.py took 0.045 seconds
[2024-04-24T05:17:54.005+0000] {processor.py:161} INFO - Started process (PID=843) to work on /home/airflow/.local/lib/python3.8/site-packages/airflow/example_dags/example_local_kubernetes_executor.py
[2024-04-24T05:17:54.006+0000] {processor.py:830} INFO - Processing file /home/airflow/.local/lib/python3.8/site-packages/airflow/example_dags/example_local_kubernetes_executor.py for tasks to queue
[2024-04-24T05:17:54.007+0000] {logging_mixin.py:188} INFO - [2024-04-24T05:17:54.007+0000] {dagbag.py:540} INFO - Filling up the DagBag from /home/airflow/.local/lib/python3.8/site-packages/airflow/example_dags/example_local_kubernetes_executor.py
[2024-04-24T05:17:54.011+0000] {processor.py:840} INFO - DAG(s) 'example_local_kubernetes_executor' retrieved from /home/airflow/.local/lib/python3.8/site-packages/airflow/example_dags/example_local_kubernetes_executor.py
[2024-04-24T05:17:54.030+0000] {logging_mixin.py:188} INFO - [2024-04-24T05:17:54.030+0000] {dag.py:3047} INFO - Sync 1 DAGs
[2024-04-24T05:17:54.037+0000] {logging_mixin.py:188} INFO - [2024-04-24T05:17:54.037+0000] {dag.py:3834} INFO - Setting next_dagrun for example_local_kubernetes_executor to None, run_after=None
[2024-04-24T05:17:54.047+0000] {processor.py:183} INFO - Processing /home/airflow/.local/lib/python3.8/site-packages/airflow/example_dags/example_local_kubernetes_executor.py took 0.044 seconds
[2024-04-24T05:18:24.782+0000] {processor.py:161} INFO - Started process (PID=901) to work on /home/airflow/.local/lib/python3.8/site-packages/airflow/example_dags/example_local_kubernetes_executor.py
[2024-04-24T05:18:24.782+0000] {processor.py:830} INFO - Processing file /home/airflow/.local/lib/python3.8/site-packages/airflow/example_dags/example_local_kubernetes_executor.py for tasks to queue
[2024-04-24T05:18:24.783+0000] {logging_mixin.py:188} INFO - [2024-04-24T05:18:24.783+0000] {dagbag.py:540} INFO - Filling up the DagBag from /home/airflow/.local/lib/python3.8/site-packages/airflow/example_dags/example_local_kubernetes_executor.py
[2024-04-24T05:18:24.788+0000] {processor.py:840} INFO - DAG(s) 'example_local_kubernetes_executor' retrieved from /home/airflow/.local/lib/python3.8/site-packages/airflow/example_dags/example_local_kubernetes_executor.py
[2024-04-24T05:18:24.807+0000] {logging_mixin.py:188} INFO - [2024-04-24T05:18:24.807+0000] {dag.py:3047} INFO - Sync 1 DAGs
[2024-04-24T05:18:24.813+0000] {logging_mixin.py:188} INFO - [2024-04-24T05:18:24.813+0000] {dag.py:3834} INFO - Setting next_dagrun for example_local_kubernetes_executor to None, run_after=None
[2024-04-24T05:18:24.824+0000] {processor.py:183} INFO - Processing /home/airflow/.local/lib/python3.8/site-packages/airflow/example_dags/example_local_kubernetes_executor.py took 0.044 seconds
[2024-04-24T05:18:55.283+0000] {processor.py:161} INFO - Started process (PID=959) to work on /home/airflow/.local/lib/python3.8/site-packages/airflow/example_dags/example_local_kubernetes_executor.py
[2024-04-24T05:18:55.284+0000] {processor.py:830} INFO - Processing file /home/airflow/.local/lib/python3.8/site-packages/airflow/example_dags/example_local_kubernetes_executor.py for tasks to queue
[2024-04-24T05:18:55.285+0000] {logging_mixin.py:188} INFO - [2024-04-24T05:18:55.284+0000] {dagbag.py:540} INFO - Filling up the DagBag from /home/airflow/.local/lib/python3.8/site-packages/airflow/example_dags/example_local_kubernetes_executor.py
[2024-04-24T05:18:55.289+0000] {processor.py:840} INFO - DAG(s) 'example_local_kubernetes_executor' retrieved from /home/airflow/.local/lib/python3.8/site-packages/airflow/example_dags/example_local_kubernetes_executor.py
[2024-04-24T05:18:55.307+0000] {logging_mixin.py:188} INFO - [2024-04-24T05:18:55.307+0000] {dag.py:3047} INFO - Sync 1 DAGs
[2024-04-24T05:18:55.314+0000] {logging_mixin.py:188} INFO - [2024-04-24T05:18:55.313+0000] {dag.py:3834} INFO - Setting next_dagrun for example_local_kubernetes_executor to None, run_after=None
[2024-04-24T05:18:55.323+0000] {processor.py:183} INFO - Processing /home/airflow/.local/lib/python3.8/site-packages/airflow/example_dags/example_local_kubernetes_executor.py took 0.042 seconds
[2024-04-24T05:19:25.911+0000] {processor.py:161} INFO - Started process (PID=1017) to work on /home/airflow/.local/lib/python3.8/site-packages/airflow/example_dags/example_local_kubernetes_executor.py
[2024-04-24T05:19:25.911+0000] {processor.py:830} INFO - Processing file /home/airflow/.local/lib/python3.8/site-packages/airflow/example_dags/example_local_kubernetes_executor.py for tasks to queue
[2024-04-24T05:19:25.912+0000] {logging_mixin.py:188} INFO - [2024-04-24T05:19:25.912+0000] {dagbag.py:540} INFO - Filling up the DagBag from /home/airflow/.local/lib/python3.8/site-packages/airflow/example_dags/example_local_kubernetes_executor.py
[2024-04-24T05:19:25.916+0000] {processor.py:840} INFO - DAG(s) 'example_local_kubernetes_executor' retrieved from /home/airflow/.local/lib/python3.8/site-packages/airflow/example_dags/example_local_kubernetes_executor.py
[2024-04-24T05:19:25.934+0000] {logging_mixin.py:188} INFO - [2024-04-24T05:19:25.934+0000] {dag.py:3047} INFO - Sync 1 DAGs
[2024-04-24T05:19:25.941+0000] {logging_mixin.py:188} INFO - [2024-04-24T05:19:25.941+0000] {dag.py:3834} INFO - Setting next_dagrun for example_local_kubernetes_executor to None, run_after=None
[2024-04-24T05:19:25.950+0000] {processor.py:183} INFO - Processing /home/airflow/.local/lib/python3.8/site-packages/airflow/example_dags/example_local_kubernetes_executor.py took 0.042 seconds
[2024-04-24T05:19:56.414+0000] {processor.py:161} INFO - Started process (PID=1075) to work on /home/airflow/.local/lib/python3.8/site-packages/airflow/example_dags/example_local_kubernetes_executor.py
[2024-04-24T05:19:56.415+0000] {processor.py:830} INFO - Processing file /home/airflow/.local/lib/python3.8/site-packages/airflow/example_dags/example_local_kubernetes_executor.py for tasks to queue
[2024-04-24T05:19:56.416+0000] {logging_mixin.py:188} INFO - [2024-04-24T05:19:56.415+0000] {dagbag.py:540} INFO - Filling up the DagBag from /home/airflow/.local/lib/python3.8/site-packages/airflow/example_dags/example_local_kubernetes_executor.py
[2024-04-24T05:19:56.420+0000] {processor.py:840} INFO - DAG(s) 'example_local_kubernetes_executor' retrieved from /home/airflow/.local/lib/python3.8/site-packages/airflow/example_dags/example_local_kubernetes_executor.py
[2024-04-24T05:19:56.438+0000] {logging_mixin.py:188} INFO - [2024-04-24T05:19:56.438+0000] {dag.py:3047} INFO - Sync 1 DAGs
[2024-04-24T05:19:56.446+0000] {logging_mixin.py:188} INFO - [2024-04-24T05:19:56.445+0000] {dag.py:3834} INFO - Setting next_dagrun for example_local_kubernetes_executor to None, run_after=None
[2024-04-24T05:19:56.455+0000] {processor.py:183} INFO - Processing /home/airflow/.local/lib/python3.8/site-packages/airflow/example_dags/example_local_kubernetes_executor.py took 0.043 seconds
[2024-04-24T05:20:27.071+0000] {processor.py:161} INFO - Started process (PID=1133) to work on /home/airflow/.local/lib/python3.8/site-packages/airflow/example_dags/example_local_kubernetes_executor.py
[2024-04-24T05:20:27.071+0000] {processor.py:830} INFO - Processing file /home/airflow/.local/lib/python3.8/site-packages/airflow/example_dags/example_local_kubernetes_executor.py for tasks to queue
[2024-04-24T05:20:27.072+0000] {logging_mixin.py:188} INFO - [2024-04-24T05:20:27.072+0000] {dagbag.py:540} INFO - Filling up the DagBag from /home/airflow/.local/lib/python3.8/site-packages/airflow/example_dags/example_local_kubernetes_executor.py
[2024-04-24T05:20:27.077+0000] {processor.py:840} INFO - DAG(s) 'example_local_kubernetes_executor' retrieved from /home/airflow/.local/lib/python3.8/site-packages/airflow/example_dags/example_local_kubernetes_executor.py
[2024-04-24T05:20:27.094+0000] {logging_mixin.py:188} INFO - [2024-04-24T05:20:27.094+0000] {dag.py:3047} INFO - Sync 1 DAGs
[2024-04-24T05:20:27.100+0000] {logging_mixin.py:188} INFO - [2024-04-24T05:20:27.100+0000] {dag.py:3834} INFO - Setting next_dagrun for example_local_kubernetes_executor to None, run_after=None
[2024-04-24T05:20:27.111+0000] {processor.py:183} INFO - Processing /home/airflow/.local/lib/python3.8/site-packages/airflow/example_dags/example_local_kubernetes_executor.py took 0.041 seconds
[2024-04-24T05:20:57.515+0000] {processor.py:161} INFO - Started process (PID=1191) to work on /home/airflow/.local/lib/python3.8/site-packages/airflow/example_dags/example_local_kubernetes_executor.py
[2024-04-24T05:20:57.516+0000] {processor.py:830} INFO - Processing file /home/airflow/.local/lib/python3.8/site-packages/airflow/example_dags/example_local_kubernetes_executor.py for tasks to queue
[2024-04-24T05:20:57.517+0000] {logging_mixin.py:188} INFO - [2024-04-24T05:20:57.517+0000] {dagbag.py:540} INFO - Filling up the DagBag from /home/airflow/.local/lib/python3.8/site-packages/airflow/example_dags/example_local_kubernetes_executor.py
[2024-04-24T05:20:57.521+0000] {processor.py:840} INFO - DAG(s) 'example_local_kubernetes_executor' retrieved from /home/airflow/.local/lib/python3.8/site-packages/airflow/example_dags/example_local_kubernetes_executor.py
[2024-04-24T05:20:57.539+0000] {logging_mixin.py:188} INFO - [2024-04-24T05:20:57.538+0000] {dag.py:3047} INFO - Sync 1 DAGs
[2024-04-24T05:20:57.545+0000] {logging_mixin.py:188} INFO - [2024-04-24T05:20:57.544+0000] {dag.py:3834} INFO - Setting next_dagrun for example_local_kubernetes_executor to None, run_after=None
[2024-04-24T05:20:57.555+0000] {processor.py:183} INFO - Processing /home/airflow/.local/lib/python3.8/site-packages/airflow/example_dags/example_local_kubernetes_executor.py took 0.042 seconds
[2024-04-24T05:21:28.033+0000] {processor.py:161} INFO - Started process (PID=1249) to work on /home/airflow/.local/lib/python3.8/site-packages/airflow/example_dags/example_local_kubernetes_executor.py
[2024-04-24T05:21:28.034+0000] {processor.py:830} INFO - Processing file /home/airflow/.local/lib/python3.8/site-packages/airflow/example_dags/example_local_kubernetes_executor.py for tasks to queue
[2024-04-24T05:21:28.035+0000] {logging_mixin.py:188} INFO - [2024-04-24T05:21:28.035+0000] {dagbag.py:540} INFO - Filling up the DagBag from /home/airflow/.local/lib/python3.8/site-packages/airflow/example_dags/example_local_kubernetes_executor.py
[2024-04-24T05:21:28.039+0000] {processor.py:840} INFO - DAG(s) 'example_local_kubernetes_executor' retrieved from /home/airflow/.local/lib/python3.8/site-packages/airflow/example_dags/example_local_kubernetes_executor.py
[2024-04-24T05:21:28.057+0000] {logging_mixin.py:188} INFO - [2024-04-24T05:21:28.057+0000] {dag.py:3047} INFO - Sync 1 DAGs
[2024-04-24T05:21:28.063+0000] {logging_mixin.py:188} INFO - [2024-04-24T05:21:28.063+0000] {dag.py:3834} INFO - Setting next_dagrun for example_local_kubernetes_executor to None, run_after=None
[2024-04-24T05:21:28.074+0000] {processor.py:183} INFO - Processing /home/airflow/.local/lib/python3.8/site-packages/airflow/example_dags/example_local_kubernetes_executor.py took 0.042 seconds
[2024-04-24T05:21:58.511+0000] {processor.py:161} INFO - Started process (PID=1307) to work on /home/airflow/.local/lib/python3.8/site-packages/airflow/example_dags/example_local_kubernetes_executor.py
[2024-04-24T05:21:58.511+0000] {processor.py:830} INFO - Processing file /home/airflow/.local/lib/python3.8/site-packages/airflow/example_dags/example_local_kubernetes_executor.py for tasks to queue
[2024-04-24T05:21:58.512+0000] {logging_mixin.py:188} INFO - [2024-04-24T05:21:58.512+0000] {dagbag.py:540} INFO - Filling up the DagBag from /home/airflow/.local/lib/python3.8/site-packages/airflow/example_dags/example_local_kubernetes_executor.py
[2024-04-24T05:21:58.516+0000] {processor.py:840} INFO - DAG(s) 'example_local_kubernetes_executor' retrieved from /home/airflow/.local/lib/python3.8/site-packages/airflow/example_dags/example_local_kubernetes_executor.py
[2024-04-24T05:21:58.533+0000] {logging_mixin.py:188} INFO - [2024-04-24T05:21:58.533+0000] {dag.py:3047} INFO - Sync 1 DAGs
[2024-04-24T05:21:58.540+0000] {logging_mixin.py:188} INFO - [2024-04-24T05:21:58.539+0000] {dag.py:3834} INFO - Setting next_dagrun for example_local_kubernetes_executor to None, run_after=None
[2024-04-24T05:21:58.549+0000] {processor.py:183} INFO - Processing /home/airflow/.local/lib/python3.8/site-packages/airflow/example_dags/example_local_kubernetes_executor.py took 0.040 seconds
[2024-04-24T05:22:29.037+0000] {processor.py:161} INFO - Started process (PID=1365) to work on /home/airflow/.local/lib/python3.8/site-packages/airflow/example_dags/example_local_kubernetes_executor.py
[2024-04-24T05:22:29.038+0000] {processor.py:830} INFO - Processing file /home/airflow/.local/lib/python3.8/site-packages/airflow/example_dags/example_local_kubernetes_executor.py for tasks to queue
[2024-04-24T05:22:29.039+0000] {logging_mixin.py:188} INFO - [2024-04-24T05:22:29.039+0000] {dagbag.py:540} INFO - Filling up the DagBag from /home/airflow/.local/lib/python3.8/site-packages/airflow/example_dags/example_local_kubernetes_executor.py
[2024-04-24T05:22:29.043+0000] {processor.py:840} INFO - DAG(s) 'example_local_kubernetes_executor' retrieved from /home/airflow/.local/lib/python3.8/site-packages/airflow/example_dags/example_local_kubernetes_executor.py
[2024-04-24T05:22:29.061+0000] {logging_mixin.py:188} INFO - [2024-04-24T05:22:29.061+0000] {dag.py:3047} INFO - Sync 1 DAGs
[2024-04-24T05:22:29.067+0000] {logging_mixin.py:188} INFO - [2024-04-24T05:22:29.067+0000] {dag.py:3834} INFO - Setting next_dagrun for example_local_kubernetes_executor to None, run_after=None
[2024-04-24T05:22:29.077+0000] {processor.py:183} INFO - Processing /home/airflow/.local/lib/python3.8/site-packages/airflow/example_dags/example_local_kubernetes_executor.py took 0.042 seconds
[2024-04-24T05:22:59.545+0000] {processor.py:161} INFO - Started process (PID=1423) to work on /home/airflow/.local/lib/python3.8/site-packages/airflow/example_dags/example_local_kubernetes_executor.py
[2024-04-24T05:22:59.546+0000] {processor.py:830} INFO - Processing file /home/airflow/.local/lib/python3.8/site-packages/airflow/example_dags/example_local_kubernetes_executor.py for tasks to queue
[2024-04-24T05:22:59.547+0000] {logging_mixin.py:188} INFO - [2024-04-24T05:22:59.547+0000] {dagbag.py:540} INFO - Filling up the DagBag from /home/airflow/.local/lib/python3.8/site-packages/airflow/example_dags/example_local_kubernetes_executor.py
[2024-04-24T05:22:59.551+0000] {processor.py:840} INFO - DAG(s) 'example_local_kubernetes_executor' retrieved from /home/airflow/.local/lib/python3.8/site-packages/airflow/example_dags/example_local_kubernetes_executor.py
[2024-04-24T05:22:59.569+0000] {logging_mixin.py:188} INFO - [2024-04-24T05:22:59.569+0000] {dag.py:3047} INFO - Sync 1 DAGs
[2024-04-24T05:22:59.576+0000] {logging_mixin.py:188} INFO - [2024-04-24T05:22:59.576+0000] {dag.py:3834} INFO - Setting next_dagrun for example_local_kubernetes_executor to None, run_after=None
[2024-04-24T05:22:59.586+0000] {processor.py:183} INFO - Processing /home/airflow/.local/lib/python3.8/site-packages/airflow/example_dags/example_local_kubernetes_executor.py took 0.043 seconds
[2024-04-24T05:23:30.065+0000] {processor.py:161} INFO - Started process (PID=1481) to work on /home/airflow/.local/lib/python3.8/site-packages/airflow/example_dags/example_local_kubernetes_executor.py
[2024-04-24T05:23:30.066+0000] {processor.py:830} INFO - Processing file /home/airflow/.local/lib/python3.8/site-packages/airflow/example_dags/example_local_kubernetes_executor.py for tasks to queue
[2024-04-24T05:23:30.067+0000] {logging_mixin.py:188} INFO - [2024-04-24T05:23:30.067+0000] {dagbag.py:540} INFO - Filling up the DagBag from /home/airflow/.local/lib/python3.8/site-packages/airflow/example_dags/example_local_kubernetes_executor.py
[2024-04-24T05:23:30.071+0000] {processor.py:840} INFO - DAG(s) 'example_local_kubernetes_executor' retrieved from /home/airflow/.local/lib/python3.8/site-packages/airflow/example_dags/example_local_kubernetes_executor.py
[2024-04-24T05:23:30.089+0000] {logging_mixin.py:188} INFO - [2024-04-24T05:23:30.089+0000] {dag.py:3047} INFO - Sync 1 DAGs
[2024-04-24T05:23:30.095+0000] {logging_mixin.py:188} INFO - [2024-04-24T05:23:30.095+0000] {dag.py:3834} INFO - Setting next_dagrun for example_local_kubernetes_executor to None, run_after=None
[2024-04-24T05:23:30.105+0000] {processor.py:183} INFO - Processing /home/airflow/.local/lib/python3.8/site-packages/airflow/example_dags/example_local_kubernetes_executor.py took 0.042 seconds
[2024-04-24T05:24:00.565+0000] {processor.py:161} INFO - Started process (PID=1539) to work on /home/airflow/.local/lib/python3.8/site-packages/airflow/example_dags/example_local_kubernetes_executor.py
[2024-04-24T05:24:00.566+0000] {processor.py:830} INFO - Processing file /home/airflow/.local/lib/python3.8/site-packages/airflow/example_dags/example_local_kubernetes_executor.py for tasks to queue
[2024-04-24T05:24:00.567+0000] {logging_mixin.py:188} INFO - [2024-04-24T05:24:00.566+0000] {dagbag.py:540} INFO - Filling up the DagBag from /home/airflow/.local/lib/python3.8/site-packages/airflow/example_dags/example_local_kubernetes_executor.py
[2024-04-24T05:24:00.571+0000] {processor.py:840} INFO - DAG(s) 'example_local_kubernetes_executor' retrieved from /home/airflow/.local/lib/python3.8/site-packages/airflow/example_dags/example_local_kubernetes_executor.py
[2024-04-24T05:24:00.589+0000] {logging_mixin.py:188} INFO - [2024-04-24T05:24:00.589+0000] {dag.py:3047} INFO - Sync 1 DAGs
[2024-04-24T05:24:00.596+0000] {logging_mixin.py:188} INFO - [2024-04-24T05:24:00.596+0000] {dag.py:3834} INFO - Setting next_dagrun for example_local_kubernetes_executor to None, run_after=None
[2024-04-24T05:24:00.605+0000] {processor.py:183} INFO - Processing /home/airflow/.local/lib/python3.8/site-packages/airflow/example_dags/example_local_kubernetes_executor.py took 0.042 seconds
[2024-04-24T05:24:31.031+0000] {processor.py:161} INFO - Started process (PID=1597) to work on /home/airflow/.local/lib/python3.8/site-packages/airflow/example_dags/example_local_kubernetes_executor.py
[2024-04-24T05:24:31.032+0000] {processor.py:830} INFO - Processing file /home/airflow/.local/lib/python3.8/site-packages/airflow/example_dags/example_local_kubernetes_executor.py for tasks to queue
[2024-04-24T05:24:31.033+0000] {logging_mixin.py:188} INFO - [2024-04-24T05:24:31.033+0000] {dagbag.py:540} INFO - Filling up the DagBag from /home/airflow/.local/lib/python3.8/site-packages/airflow/example_dags/example_local_kubernetes_executor.py
[2024-04-24T05:24:31.037+0000] {processor.py:840} INFO - DAG(s) 'example_local_kubernetes_executor' retrieved from /home/airflow/.local/lib/python3.8/site-packages/airflow/example_dags/example_local_kubernetes_executor.py
[2024-04-24T05:24:31.055+0000] {logging_mixin.py:188} INFO - [2024-04-24T05:24:31.055+0000] {dag.py:3047} INFO - Sync 1 DAGs
[2024-04-24T05:24:31.061+0000] {logging_mixin.py:188} INFO - [2024-04-24T05:24:31.061+0000] {dag.py:3834} INFO - Setting next_dagrun for example_local_kubernetes_executor to None, run_after=None
[2024-04-24T05:24:31.071+0000] {processor.py:183} INFO - Processing /home/airflow/.local/lib/python3.8/site-packages/airflow/example_dags/example_local_kubernetes_executor.py took 0.041 seconds
[2024-04-24T05:25:01.493+0000] {processor.py:161} INFO - Started process (PID=1655) to work on /home/airflow/.local/lib/python3.8/site-packages/airflow/example_dags/example_local_kubernetes_executor.py
[2024-04-24T05:25:01.494+0000] {processor.py:830} INFO - Processing file /home/airflow/.local/lib/python3.8/site-packages/airflow/example_dags/example_local_kubernetes_executor.py for tasks to queue
[2024-04-24T05:25:01.495+0000] {logging_mixin.py:188} INFO - [2024-04-24T05:25:01.494+0000] {dagbag.py:540} INFO - Filling up the DagBag from /home/airflow/.local/lib/python3.8/site-packages/airflow/example_dags/example_local_kubernetes_executor.py
[2024-04-24T05:25:01.499+0000] {processor.py:840} INFO - DAG(s) 'example_local_kubernetes_executor' retrieved from /home/airflow/.local/lib/python3.8/site-packages/airflow/example_dags/example_local_kubernetes_executor.py
[2024-04-24T05:25:01.517+0000] {logging_mixin.py:188} INFO - [2024-04-24T05:25:01.517+0000] {dag.py:3047} INFO - Sync 1 DAGs
[2024-04-24T05:25:01.523+0000] {logging_mixin.py:188} INFO - [2024-04-24T05:25:01.523+0000] {dag.py:3834} INFO - Setting next_dagrun for example_local_kubernetes_executor to None, run_after=None
[2024-04-24T05:25:01.533+0000] {processor.py:183} INFO - Processing /home/airflow/.local/lib/python3.8/site-packages/airflow/example_dags/example_local_kubernetes_executor.py took 0.042 seconds
[2024-04-24T05:25:31.937+0000] {processor.py:161} INFO - Started process (PID=1713) to work on /home/airflow/.local/lib/python3.8/site-packages/airflow/example_dags/example_local_kubernetes_executor.py
[2024-04-24T05:25:31.938+0000] {processor.py:830} INFO - Processing file /home/airflow/.local/lib/python3.8/site-packages/airflow/example_dags/example_local_kubernetes_executor.py for tasks to queue
[2024-04-24T05:25:31.939+0000] {logging_mixin.py:188} INFO - [2024-04-24T05:25:31.939+0000] {dagbag.py:540} INFO - Filling up the DagBag from /home/airflow/.local/lib/python3.8/site-packages/airflow/example_dags/example_local_kubernetes_executor.py
[2024-04-24T05:25:31.943+0000] {processor.py:840} INFO - DAG(s) 'example_local_kubernetes_executor' retrieved from /home/airflow/.local/lib/python3.8/site-packages/airflow/example_dags/example_local_kubernetes_executor.py
[2024-04-24T05:25:31.961+0000] {logging_mixin.py:188} INFO - [2024-04-24T05:25:31.961+0000] {dag.py:3047} INFO - Sync 1 DAGs
[2024-04-24T05:25:31.968+0000] {logging_mixin.py:188} INFO - [2024-04-24T05:25:31.968+0000] {dag.py:3834} INFO - Setting next_dagrun for example_local_kubernetes_executor to None, run_after=None
[2024-04-24T05:25:31.978+0000] {processor.py:183} INFO - Processing /home/airflow/.local/lib/python3.8/site-packages/airflow/example_dags/example_local_kubernetes_executor.py took 0.042 seconds
[2024-04-24T05:26:02.729+0000] {processor.py:161} INFO - Started process (PID=1771) to work on /home/airflow/.local/lib/python3.8/site-packages/airflow/example_dags/example_local_kubernetes_executor.py
[2024-04-24T05:26:02.729+0000] {processor.py:830} INFO - Processing file /home/airflow/.local/lib/python3.8/site-packages/airflow/example_dags/example_local_kubernetes_executor.py for tasks to queue
[2024-04-24T05:26:02.730+0000] {logging_mixin.py:188} INFO - [2024-04-24T05:26:02.730+0000] {dagbag.py:540} INFO - Filling up the DagBag from /home/airflow/.local/lib/python3.8/site-packages/airflow/example_dags/example_local_kubernetes_executor.py
[2024-04-24T05:26:02.735+0000] {processor.py:840} INFO - DAG(s) 'example_local_kubernetes_executor' retrieved from /home/airflow/.local/lib/python3.8/site-packages/airflow/example_dags/example_local_kubernetes_executor.py
[2024-04-24T05:26:02.753+0000] {logging_mixin.py:188} INFO - [2024-04-24T05:26:02.752+0000] {dag.py:3047} INFO - Sync 1 DAGs
[2024-04-24T05:26:02.759+0000] {logging_mixin.py:188} INFO - [2024-04-24T05:26:02.759+0000] {dag.py:3834} INFO - Setting next_dagrun for example_local_kubernetes_executor to None, run_after=None
[2024-04-24T05:26:02.770+0000] {processor.py:183} INFO - Processing /home/airflow/.local/lib/python3.8/site-packages/airflow/example_dags/example_local_kubernetes_executor.py took 0.043 seconds
[2024-04-24T05:26:33.227+0000] {processor.py:161} INFO - Started process (PID=1829) to work on /home/airflow/.local/lib/python3.8/site-packages/airflow/example_dags/example_local_kubernetes_executor.py
[2024-04-24T05:26:33.228+0000] {processor.py:830} INFO - Processing file /home/airflow/.local/lib/python3.8/site-packages/airflow/example_dags/example_local_kubernetes_executor.py for tasks to queue
[2024-04-24T05:26:33.229+0000] {logging_mixin.py:188} INFO - [2024-04-24T05:26:33.229+0000] {dagbag.py:540} INFO - Filling up the DagBag from /home/airflow/.local/lib/python3.8/site-packages/airflow/example_dags/example_local_kubernetes_executor.py
[2024-04-24T05:26:33.233+0000] {processor.py:840} INFO - DAG(s) 'example_local_kubernetes_executor' retrieved from /home/airflow/.local/lib/python3.8/site-packages/airflow/example_dags/example_local_kubernetes_executor.py
[2024-04-24T05:26:33.251+0000] {logging_mixin.py:188} INFO - [2024-04-24T05:26:33.251+0000] {dag.py:3047} INFO - Sync 1 DAGs
[2024-04-24T05:26:33.257+0000] {logging_mixin.py:188} INFO - [2024-04-24T05:26:33.257+0000] {dag.py:3834} INFO - Setting next_dagrun for example_local_kubernetes_executor to None, run_after=None
[2024-04-24T05:26:33.268+0000] {processor.py:183} INFO - Processing /home/airflow/.local/lib/python3.8/site-packages/airflow/example_dags/example_local_kubernetes_executor.py took 0.042 seconds
[2024-04-24T05:27:04.034+0000] {processor.py:161} INFO - Started process (PID=1887) to work on /home/airflow/.local/lib/python3.8/site-packages/airflow/example_dags/example_local_kubernetes_executor.py
[2024-04-24T05:27:04.035+0000] {processor.py:830} INFO - Processing file /home/airflow/.local/lib/python3.8/site-packages/airflow/example_dags/example_local_kubernetes_executor.py for tasks to queue
[2024-04-24T05:27:04.036+0000] {logging_mixin.py:188} INFO - [2024-04-24T05:27:04.036+0000] {dagbag.py:540} INFO - Filling up the DagBag from /home/airflow/.local/lib/python3.8/site-packages/airflow/example_dags/example_local_kubernetes_executor.py
[2024-04-24T05:27:04.040+0000] {processor.py:840} INFO - DAG(s) 'example_local_kubernetes_executor' retrieved from /home/airflow/.local/lib/python3.8/site-packages/airflow/example_dags/example_local_kubernetes_executor.py
[2024-04-24T05:27:04.058+0000] {logging_mixin.py:188} INFO - [2024-04-24T05:27:04.058+0000] {dag.py:3047} INFO - Sync 1 DAGs
[2024-04-24T05:27:04.064+0000] {logging_mixin.py:188} INFO - [2024-04-24T05:27:04.064+0000] {dag.py:3834} INFO - Setting next_dagrun for example_local_kubernetes_executor to None, run_after=None
[2024-04-24T05:27:04.074+0000] {processor.py:183} INFO - Processing /home/airflow/.local/lib/python3.8/site-packages/airflow/example_dags/example_local_kubernetes_executor.py took 0.042 seconds
[2024-04-24T05:27:34.570+0000] {processor.py:161} INFO - Started process (PID=1945) to work on /home/airflow/.local/lib/python3.8/site-packages/airflow/example_dags/example_local_kubernetes_executor.py
[2024-04-24T05:27:34.570+0000] {processor.py:830} INFO - Processing file /home/airflow/.local/lib/python3.8/site-packages/airflow/example_dags/example_local_kubernetes_executor.py for tasks to queue
[2024-04-24T05:27:34.571+0000] {logging_mixin.py:188} INFO - [2024-04-24T05:27:34.571+0000] {dagbag.py:540} INFO - Filling up the DagBag from /home/airflow/.local/lib/python3.8/site-packages/airflow/example_dags/example_local_kubernetes_executor.py
[2024-04-24T05:27:34.576+0000] {processor.py:840} INFO - DAG(s) 'example_local_kubernetes_executor' retrieved from /home/airflow/.local/lib/python3.8/site-packages/airflow/example_dags/example_local_kubernetes_executor.py
[2024-04-24T05:27:34.595+0000] {logging_mixin.py:188} INFO - [2024-04-24T05:27:34.595+0000] {dag.py:3047} INFO - Sync 1 DAGs
[2024-04-24T05:27:34.603+0000] {logging_mixin.py:188} INFO - [2024-04-24T05:27:34.603+0000] {dag.py:3834} INFO - Setting next_dagrun for example_local_kubernetes_executor to None, run_after=None
[2024-04-24T05:27:34.615+0000] {processor.py:183} INFO - Processing /home/airflow/.local/lib/python3.8/site-packages/airflow/example_dags/example_local_kubernetes_executor.py took 0.046 seconds
[2024-04-24T05:28:05.321+0000] {processor.py:161} INFO - Started process (PID=2003) to work on /home/airflow/.local/lib/python3.8/site-packages/airflow/example_dags/example_local_kubernetes_executor.py
[2024-04-24T05:28:05.321+0000] {processor.py:830} INFO - Processing file /home/airflow/.local/lib/python3.8/site-packages/airflow/example_dags/example_local_kubernetes_executor.py for tasks to queue
[2024-04-24T05:28:05.323+0000] {logging_mixin.py:188} INFO - [2024-04-24T05:28:05.323+0000] {dagbag.py:540} INFO - Filling up the DagBag from /home/airflow/.local/lib/python3.8/site-packages/airflow/example_dags/example_local_kubernetes_executor.py
[2024-04-24T05:28:05.328+0000] {processor.py:840} INFO - DAG(s) 'example_local_kubernetes_executor' retrieved from /home/airflow/.local/lib/python3.8/site-packages/airflow/example_dags/example_local_kubernetes_executor.py
[2024-04-24T05:28:05.347+0000] {logging_mixin.py:188} INFO - [2024-04-24T05:28:05.347+0000] {dag.py:3047} INFO - Sync 1 DAGs
[2024-04-24T05:28:05.354+0000] {logging_mixin.py:188} INFO - [2024-04-24T05:28:05.354+0000] {dag.py:3834} INFO - Setting next_dagrun for example_local_kubernetes_executor to None, run_after=None
[2024-04-24T05:28:05.365+0000] {processor.py:183} INFO - Processing /home/airflow/.local/lib/python3.8/site-packages/airflow/example_dags/example_local_kubernetes_executor.py took 0.046 seconds
[2024-04-24T05:28:36.032+0000] {processor.py:161} INFO - Started process (PID=2061) to work on /home/airflow/.local/lib/python3.8/site-packages/airflow/example_dags/example_local_kubernetes_executor.py
[2024-04-24T05:28:36.033+0000] {processor.py:830} INFO - Processing file /home/airflow/.local/lib/python3.8/site-packages/airflow/example_dags/example_local_kubernetes_executor.py for tasks to queue
[2024-04-24T05:28:36.034+0000] {logging_mixin.py:188} INFO - [2024-04-24T05:28:36.033+0000] {dagbag.py:540} INFO - Filling up the DagBag from /home/airflow/.local/lib/python3.8/site-packages/airflow/example_dags/example_local_kubernetes_executor.py
[2024-04-24T05:28:36.038+0000] {processor.py:840} INFO - DAG(s) 'example_local_kubernetes_executor' retrieved from /home/airflow/.local/lib/python3.8/site-packages/airflow/example_dags/example_local_kubernetes_executor.py
[2024-04-24T05:28:36.056+0000] {logging_mixin.py:188} INFO - [2024-04-24T05:28:36.055+0000] {dag.py:3047} INFO - Sync 1 DAGs
[2024-04-24T05:28:36.062+0000] {logging_mixin.py:188} INFO - [2024-04-24T05:28:36.062+0000] {dag.py:3834} INFO - Setting next_dagrun for example_local_kubernetes_executor to None, run_after=None
[2024-04-24T05:28:36.071+0000] {processor.py:183} INFO - Processing /home/airflow/.local/lib/python3.8/site-packages/airflow/example_dags/example_local_kubernetes_executor.py took 0.041 seconds
[2024-04-24T05:29:06.678+0000] {processor.py:161} INFO - Started process (PID=2119) to work on /home/airflow/.local/lib/python3.8/site-packages/airflow/example_dags/example_local_kubernetes_executor.py
[2024-04-24T05:29:06.679+0000] {processor.py:830} INFO - Processing file /home/airflow/.local/lib/python3.8/site-packages/airflow/example_dags/example_local_kubernetes_executor.py for tasks to queue
[2024-04-24T05:29:06.680+0000] {logging_mixin.py:188} INFO - [2024-04-24T05:29:06.680+0000] {dagbag.py:540} INFO - Filling up the DagBag from /home/airflow/.local/lib/python3.8/site-packages/airflow/example_dags/example_local_kubernetes_executor.py
[2024-04-24T05:29:06.684+0000] {processor.py:840} INFO - DAG(s) 'example_local_kubernetes_executor' retrieved from /home/airflow/.local/lib/python3.8/site-packages/airflow/example_dags/example_local_kubernetes_executor.py
[2024-04-24T05:29:06.702+0000] {logging_mixin.py:188} INFO - [2024-04-24T05:29:06.702+0000] {dag.py:3047} INFO - Sync 1 DAGs
[2024-04-24T05:29:06.708+0000] {logging_mixin.py:188} INFO - [2024-04-24T05:29:06.708+0000] {dag.py:3834} INFO - Setting next_dagrun for example_local_kubernetes_executor to None, run_after=None
[2024-04-24T05:29:06.718+0000] {processor.py:183} INFO - Processing /home/airflow/.local/lib/python3.8/site-packages/airflow/example_dags/example_local_kubernetes_executor.py took 0.041 seconds
[2024-04-24T05:29:37.149+0000] {processor.py:161} INFO - Started process (PID=2177) to work on /home/airflow/.local/lib/python3.8/site-packages/airflow/example_dags/example_local_kubernetes_executor.py
[2024-04-24T05:29:37.149+0000] {processor.py:830} INFO - Processing file /home/airflow/.local/lib/python3.8/site-packages/airflow/example_dags/example_local_kubernetes_executor.py for tasks to queue
[2024-04-24T05:29:37.150+0000] {logging_mixin.py:188} INFO - [2024-04-24T05:29:37.150+0000] {dagbag.py:540} INFO - Filling up the DagBag from /home/airflow/.local/lib/python3.8/site-packages/airflow/example_dags/example_local_kubernetes_executor.py
[2024-04-24T05:29:37.154+0000] {processor.py:840} INFO - DAG(s) 'example_local_kubernetes_executor' retrieved from /home/airflow/.local/lib/python3.8/site-packages/airflow/example_dags/example_local_kubernetes_executor.py
[2024-04-24T05:29:37.173+0000] {logging_mixin.py:188} INFO - [2024-04-24T05:29:37.173+0000] {dag.py:3047} INFO - Sync 1 DAGs
[2024-04-24T05:29:37.179+0000] {logging_mixin.py:188} INFO - [2024-04-24T05:29:37.179+0000] {dag.py:3834} INFO - Setting next_dagrun for example_local_kubernetes_executor to None, run_after=None
[2024-04-24T05:29:37.188+0000] {processor.py:183} INFO - Processing /home/airflow/.local/lib/python3.8/site-packages/airflow/example_dags/example_local_kubernetes_executor.py took 0.042 seconds
[2024-04-24T05:30:07.721+0000] {processor.py:161} INFO - Started process (PID=2235) to work on /home/airflow/.local/lib/python3.8/site-packages/airflow/example_dags/example_local_kubernetes_executor.py
[2024-04-24T05:30:07.722+0000] {processor.py:830} INFO - Processing file /home/airflow/.local/lib/python3.8/site-packages/airflow/example_dags/example_local_kubernetes_executor.py for tasks to queue
[2024-04-24T05:30:07.723+0000] {logging_mixin.py:188} INFO - [2024-04-24T05:30:07.723+0000] {dagbag.py:540} INFO - Filling up the DagBag from /home/airflow/.local/lib/python3.8/site-packages/airflow/example_dags/example_local_kubernetes_executor.py
[2024-04-24T05:30:07.727+0000] {processor.py:840} INFO - DAG(s) 'example_local_kubernetes_executor' retrieved from /home/airflow/.local/lib/python3.8/site-packages/airflow/example_dags/example_local_kubernetes_executor.py
[2024-04-24T05:30:07.745+0000] {logging_mixin.py:188} INFO - [2024-04-24T05:30:07.744+0000] {dag.py:3047} INFO - Sync 1 DAGs
[2024-04-24T05:30:07.752+0000] {logging_mixin.py:188} INFO - [2024-04-24T05:30:07.752+0000] {dag.py:3834} INFO - Setting next_dagrun for example_local_kubernetes_executor to None, run_after=None
[2024-04-24T05:30:07.762+0000] {processor.py:183} INFO - Processing /home/airflow/.local/lib/python3.8/site-packages/airflow/example_dags/example_local_kubernetes_executor.py took 0.042 seconds
[2024-04-24T05:30:38.299+0000] {processor.py:161} INFO - Started process (PID=2293) to work on /home/airflow/.local/lib/python3.8/site-packages/airflow/example_dags/example_local_kubernetes_executor.py
[2024-04-24T05:30:38.300+0000] {processor.py:830} INFO - Processing file /home/airflow/.local/lib/python3.8/site-packages/airflow/example_dags/example_local_kubernetes_executor.py for tasks to queue
[2024-04-24T05:30:38.301+0000] {logging_mixin.py:188} INFO - [2024-04-24T05:30:38.301+0000] {dagbag.py:540} INFO - Filling up the DagBag from /home/airflow/.local/lib/python3.8/site-packages/airflow/example_dags/example_local_kubernetes_executor.py
[2024-04-24T05:30:38.305+0000] {processor.py:840} INFO - DAG(s) 'example_local_kubernetes_executor' retrieved from /home/airflow/.local/lib/python3.8/site-packages/airflow/example_dags/example_local_kubernetes_executor.py
[2024-04-24T05:30:38.323+0000] {logging_mixin.py:188} INFO - [2024-04-24T05:30:38.323+0000] {dag.py:3047} INFO - Sync 1 DAGs
[2024-04-24T05:30:38.329+0000] {logging_mixin.py:188} INFO - [2024-04-24T05:30:38.329+0000] {dag.py:3834} INFO - Setting next_dagrun for example_local_kubernetes_executor to None, run_after=None
[2024-04-24T05:30:38.340+0000] {processor.py:183} INFO - Processing /home/airflow/.local/lib/python3.8/site-packages/airflow/example_dags/example_local_kubernetes_executor.py took 0.043 seconds
[2024-04-24T05:31:08.864+0000] {processor.py:161} INFO - Started process (PID=2351) to work on /home/airflow/.local/lib/python3.8/site-packages/airflow/example_dags/example_local_kubernetes_executor.py
[2024-04-24T05:31:08.865+0000] {processor.py:830} INFO - Processing file /home/airflow/.local/lib/python3.8/site-packages/airflow/example_dags/example_local_kubernetes_executor.py for tasks to queue
[2024-04-24T05:31:08.866+0000] {logging_mixin.py:188} INFO - [2024-04-24T05:31:08.865+0000] {dagbag.py:540} INFO - Filling up the DagBag from /home/airflow/.local/lib/python3.8/site-packages/airflow/example_dags/example_local_kubernetes_executor.py
[2024-04-24T05:31:08.870+0000] {processor.py:840} INFO - DAG(s) 'example_local_kubernetes_executor' retrieved from /home/airflow/.local/lib/python3.8/site-packages/airflow/example_dags/example_local_kubernetes_executor.py
[2024-04-24T05:31:08.888+0000] {logging_mixin.py:188} INFO - [2024-04-24T05:31:08.888+0000] {dag.py:3047} INFO - Sync 1 DAGs
[2024-04-24T05:31:08.894+0000] {logging_mixin.py:188} INFO - [2024-04-24T05:31:08.894+0000] {dag.py:3834} INFO - Setting next_dagrun for example_local_kubernetes_executor to None, run_after=None
[2024-04-24T05:31:08.904+0000] {processor.py:183} INFO - Processing /home/airflow/.local/lib/python3.8/site-packages/airflow/example_dags/example_local_kubernetes_executor.py took 0.041 seconds
[2024-04-24T05:31:39.701+0000] {processor.py:161} INFO - Started process (PID=2409) to work on /home/airflow/.local/lib/python3.8/site-packages/airflow/example_dags/example_local_kubernetes_executor.py
[2024-04-24T05:31:39.701+0000] {processor.py:830} INFO - Processing file /home/airflow/.local/lib/python3.8/site-packages/airflow/example_dags/example_local_kubernetes_executor.py for tasks to queue
[2024-04-24T05:31:39.702+0000] {logging_mixin.py:188} INFO - [2024-04-24T05:31:39.702+0000] {dagbag.py:540} INFO - Filling up the DagBag from /home/airflow/.local/lib/python3.8/site-packages/airflow/example_dags/example_local_kubernetes_executor.py
[2024-04-24T05:31:39.707+0000] {processor.py:840} INFO - DAG(s) 'example_local_kubernetes_executor' retrieved from /home/airflow/.local/lib/python3.8/site-packages/airflow/example_dags/example_local_kubernetes_executor.py
[2024-04-24T05:31:39.725+0000] {logging_mixin.py:188} INFO - [2024-04-24T05:31:39.725+0000] {dag.py:3047} INFO - Sync 1 DAGs
[2024-04-24T05:31:39.731+0000] {logging_mixin.py:188} INFO - [2024-04-24T05:31:39.731+0000] {dag.py:3834} INFO - Setting next_dagrun for example_local_kubernetes_executor to None, run_after=None
[2024-04-24T05:31:39.740+0000] {processor.py:183} INFO - Processing /home/airflow/.local/lib/python3.8/site-packages/airflow/example_dags/example_local_kubernetes_executor.py took 0.041 seconds
[2024-04-24T05:32:10.280+0000] {processor.py:161} INFO - Started process (PID=2467) to work on /home/airflow/.local/lib/python3.8/site-packages/airflow/example_dags/example_local_kubernetes_executor.py
[2024-04-24T05:32:10.280+0000] {processor.py:830} INFO - Processing file /home/airflow/.local/lib/python3.8/site-packages/airflow/example_dags/example_local_kubernetes_executor.py for tasks to queue
[2024-04-24T05:32:10.281+0000] {logging_mixin.py:188} INFO - [2024-04-24T05:32:10.281+0000] {dagbag.py:540} INFO - Filling up the DagBag from /home/airflow/.local/lib/python3.8/site-packages/airflow/example_dags/example_local_kubernetes_executor.py
[2024-04-24T05:32:10.285+0000] {processor.py:840} INFO - DAG(s) 'example_local_kubernetes_executor' retrieved from /home/airflow/.local/lib/python3.8/site-packages/airflow/example_dags/example_local_kubernetes_executor.py
[2024-04-24T05:32:10.303+0000] {logging_mixin.py:188} INFO - [2024-04-24T05:32:10.303+0000] {dag.py:3047} INFO - Sync 1 DAGs
[2024-04-24T05:32:10.310+0000] {logging_mixin.py:188} INFO - [2024-04-24T05:32:10.309+0000] {dag.py:3834} INFO - Setting next_dagrun for example_local_kubernetes_executor to None, run_after=None
[2024-04-24T05:32:10.319+0000] {processor.py:183} INFO - Processing /home/airflow/.local/lib/python3.8/site-packages/airflow/example_dags/example_local_kubernetes_executor.py took 0.041 seconds
[2024-04-24T05:32:40.740+0000] {processor.py:161} INFO - Started process (PID=2526) to work on /home/airflow/.local/lib/python3.8/site-packages/airflow/example_dags/example_local_kubernetes_executor.py
[2024-04-24T05:32:40.741+0000] {processor.py:830} INFO - Processing file /home/airflow/.local/lib/python3.8/site-packages/airflow/example_dags/example_local_kubernetes_executor.py for tasks to queue
[2024-04-24T05:32:40.742+0000] {logging_mixin.py:188} INFO - [2024-04-24T05:32:40.742+0000] {dagbag.py:540} INFO - Filling up the DagBag from /home/airflow/.local/lib/python3.8/site-packages/airflow/example_dags/example_local_kubernetes_executor.py
[2024-04-24T05:32:40.746+0000] {processor.py:840} INFO - DAG(s) 'example_local_kubernetes_executor' retrieved from /home/airflow/.local/lib/python3.8/site-packages/airflow/example_dags/example_local_kubernetes_executor.py
[2024-04-24T05:32:40.764+0000] {logging_mixin.py:188} INFO - [2024-04-24T05:32:40.764+0000] {dag.py:3047} INFO - Sync 1 DAGs
[2024-04-24T05:32:40.770+0000] {logging_mixin.py:188} INFO - [2024-04-24T05:32:40.770+0000] {dag.py:3834} INFO - Setting next_dagrun for example_local_kubernetes_executor to None, run_after=None
[2024-04-24T05:32:40.781+0000] {processor.py:183} INFO - Processing /home/airflow/.local/lib/python3.8/site-packages/airflow/example_dags/example_local_kubernetes_executor.py took 0.043 seconds
[2024-04-24T05:33:11.158+0000] {processor.py:161} INFO - Started process (PID=2581) to work on /home/airflow/.local/lib/python3.8/site-packages/airflow/example_dags/example_local_kubernetes_executor.py
[2024-04-24T05:33:11.159+0000] {processor.py:830} INFO - Processing file /home/airflow/.local/lib/python3.8/site-packages/airflow/example_dags/example_local_kubernetes_executor.py for tasks to queue
[2024-04-24T05:33:11.159+0000] {logging_mixin.py:188} INFO - [2024-04-24T05:33:11.159+0000] {dagbag.py:540} INFO - Filling up the DagBag from /home/airflow/.local/lib/python3.8/site-packages/airflow/example_dags/example_local_kubernetes_executor.py
[2024-04-24T05:33:11.164+0000] {processor.py:840} INFO - DAG(s) 'example_local_kubernetes_executor' retrieved from /home/airflow/.local/lib/python3.8/site-packages/airflow/example_dags/example_local_kubernetes_executor.py
[2024-04-24T05:33:11.182+0000] {logging_mixin.py:188} INFO - [2024-04-24T05:33:11.182+0000] {dag.py:3047} INFO - Sync 1 DAGs
[2024-04-24T05:33:11.189+0000] {logging_mixin.py:188} INFO - [2024-04-24T05:33:11.189+0000] {dag.py:3834} INFO - Setting next_dagrun for example_local_kubernetes_executor to None, run_after=None
[2024-04-24T05:33:11.198+0000] {processor.py:183} INFO - Processing /home/airflow/.local/lib/python3.8/site-packages/airflow/example_dags/example_local_kubernetes_executor.py took 0.042 seconds
[2024-04-24T05:33:41.528+0000] {processor.py:161} INFO - Started process (PID=2636) to work on /home/airflow/.local/lib/python3.8/site-packages/airflow/example_dags/example_local_kubernetes_executor.py
[2024-04-24T05:33:41.528+0000] {processor.py:830} INFO - Processing file /home/airflow/.local/lib/python3.8/site-packages/airflow/example_dags/example_local_kubernetes_executor.py for tasks to queue
[2024-04-24T05:33:41.529+0000] {logging_mixin.py:188} INFO - [2024-04-24T05:33:41.529+0000] {dagbag.py:540} INFO - Filling up the DagBag from /home/airflow/.local/lib/python3.8/site-packages/airflow/example_dags/example_local_kubernetes_executor.py
[2024-04-24T05:33:41.533+0000] {processor.py:840} INFO - DAG(s) 'example_local_kubernetes_executor' retrieved from /home/airflow/.local/lib/python3.8/site-packages/airflow/example_dags/example_local_kubernetes_executor.py
[2024-04-24T05:33:41.552+0000] {logging_mixin.py:188} INFO - [2024-04-24T05:33:41.551+0000] {dag.py:3047} INFO - Sync 1 DAGs
[2024-04-24T05:33:41.558+0000] {logging_mixin.py:188} INFO - [2024-04-24T05:33:41.558+0000] {dag.py:3834} INFO - Setting next_dagrun for example_local_kubernetes_executor to None, run_after=None
[2024-04-24T05:33:41.567+0000] {processor.py:183} INFO - Processing /home/airflow/.local/lib/python3.8/site-packages/airflow/example_dags/example_local_kubernetes_executor.py took 0.041 seconds
[2024-04-24T05:34:12.091+0000] {processor.py:161} INFO - Started process (PID=2691) to work on /home/airflow/.local/lib/python3.8/site-packages/airflow/example_dags/example_local_kubernetes_executor.py
[2024-04-24T05:34:12.091+0000] {processor.py:830} INFO - Processing file /home/airflow/.local/lib/python3.8/site-packages/airflow/example_dags/example_local_kubernetes_executor.py for tasks to queue
[2024-04-24T05:34:12.092+0000] {logging_mixin.py:188} INFO - [2024-04-24T05:34:12.092+0000] {dagbag.py:540} INFO - Filling up the DagBag from /home/airflow/.local/lib/python3.8/site-packages/airflow/example_dags/example_local_kubernetes_executor.py
[2024-04-24T05:34:12.096+0000] {processor.py:840} INFO - DAG(s) 'example_local_kubernetes_executor' retrieved from /home/airflow/.local/lib/python3.8/site-packages/airflow/example_dags/example_local_kubernetes_executor.py
[2024-04-24T05:34:12.115+0000] {logging_mixin.py:188} INFO - [2024-04-24T05:34:12.115+0000] {dag.py:3047} INFO - Sync 1 DAGs
[2024-04-24T05:34:12.121+0000] {logging_mixin.py:188} INFO - [2024-04-24T05:34:12.121+0000] {dag.py:3834} INFO - Setting next_dagrun for example_local_kubernetes_executor to None, run_after=None
[2024-04-24T05:34:12.132+0000] {processor.py:183} INFO - Processing /home/airflow/.local/lib/python3.8/site-packages/airflow/example_dags/example_local_kubernetes_executor.py took 0.043 seconds
[2024-04-24T05:34:42.732+0000] {processor.py:161} INFO - Started process (PID=2752) to work on /home/airflow/.local/lib/python3.8/site-packages/airflow/example_dags/example_local_kubernetes_executor.py
[2024-04-24T05:34:42.733+0000] {processor.py:830} INFO - Processing file /home/airflow/.local/lib/python3.8/site-packages/airflow/example_dags/example_local_kubernetes_executor.py for tasks to queue
[2024-04-24T05:34:42.734+0000] {logging_mixin.py:188} INFO - [2024-04-24T05:34:42.733+0000] {dagbag.py:540} INFO - Filling up the DagBag from /home/airflow/.local/lib/python3.8/site-packages/airflow/example_dags/example_local_kubernetes_executor.py
[2024-04-24T05:34:42.738+0000] {processor.py:840} INFO - DAG(s) 'example_local_kubernetes_executor' retrieved from /home/airflow/.local/lib/python3.8/site-packages/airflow/example_dags/example_local_kubernetes_executor.py
[2024-04-24T05:34:42.757+0000] {logging_mixin.py:188} INFO - [2024-04-24T05:34:42.757+0000] {dag.py:3047} INFO - Sync 1 DAGs
[2024-04-24T05:34:42.765+0000] {logging_mixin.py:188} INFO - [2024-04-24T05:34:42.765+0000] {dag.py:3834} INFO - Setting next_dagrun for example_local_kubernetes_executor to None, run_after=None
[2024-04-24T05:34:42.776+0000] {processor.py:183} INFO - Processing /home/airflow/.local/lib/python3.8/site-packages/airflow/example_dags/example_local_kubernetes_executor.py took 0.046 seconds
[2024-04-24T05:35:13.397+0000] {processor.py:161} INFO - Started process (PID=2807) to work on /home/airflow/.local/lib/python3.8/site-packages/airflow/example_dags/example_local_kubernetes_executor.py
[2024-04-24T05:35:13.397+0000] {processor.py:830} INFO - Processing file /home/airflow/.local/lib/python3.8/site-packages/airflow/example_dags/example_local_kubernetes_executor.py for tasks to queue
[2024-04-24T05:35:13.398+0000] {logging_mixin.py:188} INFO - [2024-04-24T05:35:13.398+0000] {dagbag.py:540} INFO - Filling up the DagBag from /home/airflow/.local/lib/python3.8/site-packages/airflow/example_dags/example_local_kubernetes_executor.py
[2024-04-24T05:35:13.402+0000] {processor.py:840} INFO - DAG(s) 'example_local_kubernetes_executor' retrieved from /home/airflow/.local/lib/python3.8/site-packages/airflow/example_dags/example_local_kubernetes_executor.py
[2024-04-24T05:35:13.421+0000] {logging_mixin.py:188} INFO - [2024-04-24T05:35:13.421+0000] {dag.py:3047} INFO - Sync 1 DAGs
[2024-04-24T05:35:13.428+0000] {logging_mixin.py:188} INFO - [2024-04-24T05:35:13.428+0000] {dag.py:3834} INFO - Setting next_dagrun for example_local_kubernetes_executor to None, run_after=None
[2024-04-24T05:35:13.438+0000] {processor.py:183} INFO - Processing /home/airflow/.local/lib/python3.8/site-packages/airflow/example_dags/example_local_kubernetes_executor.py took 0.043 seconds
[2024-04-24T05:35:44.072+0000] {processor.py:161} INFO - Started process (PID=2862) to work on /home/airflow/.local/lib/python3.8/site-packages/airflow/example_dags/example_local_kubernetes_executor.py
[2024-04-24T05:35:44.073+0000] {processor.py:830} INFO - Processing file /home/airflow/.local/lib/python3.8/site-packages/airflow/example_dags/example_local_kubernetes_executor.py for tasks to queue
[2024-04-24T05:35:44.074+0000] {logging_mixin.py:188} INFO - [2024-04-24T05:35:44.073+0000] {dagbag.py:540} INFO - Filling up the DagBag from /home/airflow/.local/lib/python3.8/site-packages/airflow/example_dags/example_local_kubernetes_executor.py
[2024-04-24T05:35:44.078+0000] {processor.py:840} INFO - DAG(s) 'example_local_kubernetes_executor' retrieved from /home/airflow/.local/lib/python3.8/site-packages/airflow/example_dags/example_local_kubernetes_executor.py
[2024-04-24T05:35:44.096+0000] {logging_mixin.py:188} INFO - [2024-04-24T05:35:44.096+0000] {dag.py:3047} INFO - Sync 1 DAGs
[2024-04-24T05:35:44.103+0000] {logging_mixin.py:188} INFO - [2024-04-24T05:35:44.103+0000] {dag.py:3834} INFO - Setting next_dagrun for example_local_kubernetes_executor to None, run_after=None
[2024-04-24T05:35:44.113+0000] {processor.py:183} INFO - Processing /home/airflow/.local/lib/python3.8/site-packages/airflow/example_dags/example_local_kubernetes_executor.py took 0.042 seconds
[2024-04-24T05:36:14.514+0000] {processor.py:161} INFO - Started process (PID=2917) to work on /home/airflow/.local/lib/python3.8/site-packages/airflow/example_dags/example_local_kubernetes_executor.py
[2024-04-24T05:36:14.514+0000] {processor.py:830} INFO - Processing file /home/airflow/.local/lib/python3.8/site-packages/airflow/example_dags/example_local_kubernetes_executor.py for tasks to queue
[2024-04-24T05:36:14.515+0000] {logging_mixin.py:188} INFO - [2024-04-24T05:36:14.514+0000] {dagbag.py:540} INFO - Filling up the DagBag from /home/airflow/.local/lib/python3.8/site-packages/airflow/example_dags/example_local_kubernetes_executor.py
[2024-04-24T05:36:14.519+0000] {processor.py:840} INFO - DAG(s) 'example_local_kubernetes_executor' retrieved from /home/airflow/.local/lib/python3.8/site-packages/airflow/example_dags/example_local_kubernetes_executor.py
[2024-04-24T05:36:14.538+0000] {logging_mixin.py:188} INFO - [2024-04-24T05:36:14.538+0000] {dag.py:3047} INFO - Sync 1 DAGs
[2024-04-24T05:36:14.545+0000] {logging_mixin.py:188} INFO - [2024-04-24T05:36:14.544+0000] {dag.py:3834} INFO - Setting next_dagrun for example_local_kubernetes_executor to None, run_after=None
[2024-04-24T05:36:14.556+0000] {processor.py:183} INFO - Processing /home/airflow/.local/lib/python3.8/site-packages/airflow/example_dags/example_local_kubernetes_executor.py took 0.044 seconds
[2024-04-24T05:36:45.039+0000] {processor.py:161} INFO - Started process (PID=2972) to work on /home/airflow/.local/lib/python3.8/site-packages/airflow/example_dags/example_local_kubernetes_executor.py
[2024-04-24T05:36:45.040+0000] {processor.py:830} INFO - Processing file /home/airflow/.local/lib/python3.8/site-packages/airflow/example_dags/example_local_kubernetes_executor.py for tasks to queue
[2024-04-24T05:36:45.040+0000] {logging_mixin.py:188} INFO - [2024-04-24T05:36:45.040+0000] {dagbag.py:540} INFO - Filling up the DagBag from /home/airflow/.local/lib/python3.8/site-packages/airflow/example_dags/example_local_kubernetes_executor.py
[2024-04-24T05:36:45.044+0000] {processor.py:840} INFO - DAG(s) 'example_local_kubernetes_executor' retrieved from /home/airflow/.local/lib/python3.8/site-packages/airflow/example_dags/example_local_kubernetes_executor.py
[2024-04-24T05:36:45.064+0000] {logging_mixin.py:188} INFO - [2024-04-24T05:36:45.064+0000] {dag.py:3047} INFO - Sync 1 DAGs
[2024-04-24T05:36:45.072+0000] {logging_mixin.py:188} INFO - [2024-04-24T05:36:45.071+0000] {dag.py:3834} INFO - Setting next_dagrun for example_local_kubernetes_executor to None, run_after=None
[2024-04-24T05:36:45.083+0000] {processor.py:183} INFO - Processing /home/airflow/.local/lib/python3.8/site-packages/airflow/example_dags/example_local_kubernetes_executor.py took 0.046 seconds
[2024-04-24T05:37:15.629+0000] {processor.py:161} INFO - Started process (PID=3027) to work on /home/airflow/.local/lib/python3.8/site-packages/airflow/example_dags/example_local_kubernetes_executor.py
[2024-04-24T05:37:15.629+0000] {processor.py:830} INFO - Processing file /home/airflow/.local/lib/python3.8/site-packages/airflow/example_dags/example_local_kubernetes_executor.py for tasks to queue
[2024-04-24T05:37:15.630+0000] {logging_mixin.py:188} INFO - [2024-04-24T05:37:15.630+0000] {dagbag.py:540} INFO - Filling up the DagBag from /home/airflow/.local/lib/python3.8/site-packages/airflow/example_dags/example_local_kubernetes_executor.py
[2024-04-24T05:37:15.635+0000] {processor.py:840} INFO - DAG(s) 'example_local_kubernetes_executor' retrieved from /home/airflow/.local/lib/python3.8/site-packages/airflow/example_dags/example_local_kubernetes_executor.py
[2024-04-24T05:37:15.656+0000] {logging_mixin.py:188} INFO - [2024-04-24T05:37:15.655+0000] {dag.py:3047} INFO - Sync 1 DAGs
[2024-04-24T05:37:15.663+0000] {logging_mixin.py:188} INFO - [2024-04-24T05:37:15.663+0000] {dag.py:3834} INFO - Setting next_dagrun for example_local_kubernetes_executor to None, run_after=None
[2024-04-24T05:37:15.674+0000] {processor.py:183} INFO - Processing /home/airflow/.local/lib/python3.8/site-packages/airflow/example_dags/example_local_kubernetes_executor.py took 0.047 seconds
[2024-04-24T05:37:46.181+0000] {processor.py:161} INFO - Started process (PID=3082) to work on /home/airflow/.local/lib/python3.8/site-packages/airflow/example_dags/example_local_kubernetes_executor.py
[2024-04-24T05:37:46.182+0000] {processor.py:830} INFO - Processing file /home/airflow/.local/lib/python3.8/site-packages/airflow/example_dags/example_local_kubernetes_executor.py for tasks to queue
[2024-04-24T05:37:46.182+0000] {logging_mixin.py:188} INFO - [2024-04-24T05:37:46.182+0000] {dagbag.py:540} INFO - Filling up the DagBag from /home/airflow/.local/lib/python3.8/site-packages/airflow/example_dags/example_local_kubernetes_executor.py
[2024-04-24T05:37:46.187+0000] {processor.py:840} INFO - DAG(s) 'example_local_kubernetes_executor' retrieved from /home/airflow/.local/lib/python3.8/site-packages/airflow/example_dags/example_local_kubernetes_executor.py
[2024-04-24T05:37:46.205+0000] {logging_mixin.py:188} INFO - [2024-04-24T05:37:46.205+0000] {dag.py:3047} INFO - Sync 1 DAGs
[2024-04-24T05:37:46.211+0000] {logging_mixin.py:188} INFO - [2024-04-24T05:37:46.211+0000] {dag.py:3834} INFO - Setting next_dagrun for example_local_kubernetes_executor to None, run_after=None
[2024-04-24T05:37:46.220+0000] {processor.py:183} INFO - Processing /home/airflow/.local/lib/python3.8/site-packages/airflow/example_dags/example_local_kubernetes_executor.py took 0.041 seconds
[2024-04-24T05:38:16.662+0000] {processor.py:161} INFO - Started process (PID=3137) to work on /home/airflow/.local/lib/python3.8/site-packages/airflow/example_dags/example_local_kubernetes_executor.py
[2024-04-24T05:38:16.663+0000] {processor.py:830} INFO - Processing file /home/airflow/.local/lib/python3.8/site-packages/airflow/example_dags/example_local_kubernetes_executor.py for tasks to queue
[2024-04-24T05:38:16.664+0000] {logging_mixin.py:188} INFO - [2024-04-24T05:38:16.663+0000] {dagbag.py:540} INFO - Filling up the DagBag from /home/airflow/.local/lib/python3.8/site-packages/airflow/example_dags/example_local_kubernetes_executor.py
[2024-04-24T05:38:16.668+0000] {processor.py:840} INFO - DAG(s) 'example_local_kubernetes_executor' retrieved from /home/airflow/.local/lib/python3.8/site-packages/airflow/example_dags/example_local_kubernetes_executor.py
[2024-04-24T05:38:16.687+0000] {logging_mixin.py:188} INFO - [2024-04-24T05:38:16.687+0000] {dag.py:3047} INFO - Sync 1 DAGs
[2024-04-24T05:38:16.694+0000] {logging_mixin.py:188} INFO - [2024-04-24T05:38:16.693+0000] {dag.py:3834} INFO - Setting next_dagrun for example_local_kubernetes_executor to None, run_after=None
[2024-04-24T05:38:16.703+0000] {processor.py:183} INFO - Processing /home/airflow/.local/lib/python3.8/site-packages/airflow/example_dags/example_local_kubernetes_executor.py took 0.042 seconds
[2024-04-24T05:40:51.480+0000] {processor.py:161} INFO - Started process (PID=85) to work on /home/airflow/.local/lib/python3.8/site-packages/airflow/example_dags/example_local_kubernetes_executor.py
[2024-04-24T05:40:51.481+0000] {processor.py:830} INFO - Processing file /home/airflow/.local/lib/python3.8/site-packages/airflow/example_dags/example_local_kubernetes_executor.py for tasks to queue
[2024-04-24T05:40:51.482+0000] {logging_mixin.py:188} INFO - [2024-04-24T05:40:51.481+0000] {dagbag.py:540} INFO - Filling up the DagBag from /home/airflow/.local/lib/python3.8/site-packages/airflow/example_dags/example_local_kubernetes_executor.py
[2024-04-24T05:40:51.487+0000] {processor.py:840} INFO - DAG(s) 'example_local_kubernetes_executor' retrieved from /home/airflow/.local/lib/python3.8/site-packages/airflow/example_dags/example_local_kubernetes_executor.py
[2024-04-24T05:40:51.493+0000] {logging_mixin.py:188} INFO - [2024-04-24T05:40:51.493+0000] {dag.py:3047} INFO - Sync 1 DAGs
[2024-04-24T05:40:51.501+0000] {logging_mixin.py:188} INFO - [2024-04-24T05:40:51.501+0000] {dag.py:3834} INFO - Setting next_dagrun for example_local_kubernetes_executor to None, run_after=None
[2024-04-24T05:40:51.511+0000] {processor.py:183} INFO - Processing /home/airflow/.local/lib/python3.8/site-packages/airflow/example_dags/example_local_kubernetes_executor.py took 0.033 seconds
[2024-04-24T05:41:22.804+0000] {processor.py:161} INFO - Started process (PID=140) to work on /home/airflow/.local/lib/python3.8/site-packages/airflow/example_dags/example_local_kubernetes_executor.py
[2024-04-24T05:41:22.805+0000] {processor.py:830} INFO - Processing file /home/airflow/.local/lib/python3.8/site-packages/airflow/example_dags/example_local_kubernetes_executor.py for tasks to queue
[2024-04-24T05:41:22.806+0000] {logging_mixin.py:188} INFO - [2024-04-24T05:41:22.806+0000] {dagbag.py:540} INFO - Filling up the DagBag from /home/airflow/.local/lib/python3.8/site-packages/airflow/example_dags/example_local_kubernetes_executor.py
[2024-04-24T05:41:22.811+0000] {processor.py:840} INFO - DAG(s) 'example_local_kubernetes_executor' retrieved from /home/airflow/.local/lib/python3.8/site-packages/airflow/example_dags/example_local_kubernetes_executor.py
[2024-04-24T05:41:22.870+0000] {logging_mixin.py:188} INFO - [2024-04-24T05:41:22.870+0000] {dag.py:3047} INFO - Sync 1 DAGs
[2024-04-24T05:41:22.876+0000] {logging_mixin.py:188} INFO - [2024-04-24T05:41:22.875+0000] {dag.py:3834} INFO - Setting next_dagrun for example_local_kubernetes_executor to None, run_after=None
[2024-04-24T05:41:22.885+0000] {processor.py:183} INFO - Processing /home/airflow/.local/lib/python3.8/site-packages/airflow/example_dags/example_local_kubernetes_executor.py took 0.083 seconds
