[2024-04-24T05:11:16.010+0000] {processor.py:161} INFO - Started process (PID=84) to work on /home/airflow/.local/lib/python3.8/site-packages/airflow/example_dags/example_bash_operator.py
[2024-04-24T05:11:16.011+0000] {processor.py:830} INFO - Processing file /home/airflow/.local/lib/python3.8/site-packages/airflow/example_dags/example_bash_operator.py for tasks to queue
[2024-04-24T05:11:16.012+0000] {logging_mixin.py:188} INFO - [2024-04-24T05:11:16.012+0000] {dagbag.py:540} INFO - Filling up the DagBag from /home/airflow/.local/lib/python3.8/site-packages/airflow/example_dags/example_bash_operator.py
[2024-04-24T05:11:16.020+0000] {processor.py:840} INFO - DAG(s) 'example_bash_operator' retrieved from /home/airflow/.local/lib/python3.8/site-packages/airflow/example_dags/example_bash_operator.py
[2024-04-24T05:11:16.038+0000] {logging_mixin.py:188} INFO - [2024-04-24T05:11:16.038+0000] {dag.py:3047} INFO - Sync 1 DAGs
[2024-04-24T05:11:16.050+0000] {logging_mixin.py:188} INFO - [2024-04-24T05:11:16.050+0000] {dag.py:3834} INFO - Setting next_dagrun for example_bash_operator to 2024-04-23 00:00:00+00:00, run_after=2024-04-24 00:00:00+00:00
[2024-04-24T05:11:16.060+0000] {processor.py:183} INFO - Processing /home/airflow/.local/lib/python3.8/site-packages/airflow/example_dags/example_bash_operator.py took 0.052 seconds
[2024-04-24T05:11:46.634+0000] {processor.py:161} INFO - Started process (PID=142) to work on /home/airflow/.local/lib/python3.8/site-packages/airflow/example_dags/example_bash_operator.py
[2024-04-24T05:11:46.635+0000] {processor.py:830} INFO - Processing file /home/airflow/.local/lib/python3.8/site-packages/airflow/example_dags/example_bash_operator.py for tasks to queue
[2024-04-24T05:11:46.636+0000] {logging_mixin.py:188} INFO - [2024-04-24T05:11:46.636+0000] {dagbag.py:540} INFO - Filling up the DagBag from /home/airflow/.local/lib/python3.8/site-packages/airflow/example_dags/example_bash_operator.py
[2024-04-24T05:11:46.642+0000] {processor.py:840} INFO - DAG(s) 'example_bash_operator' retrieved from /home/airflow/.local/lib/python3.8/site-packages/airflow/example_dags/example_bash_operator.py
[2024-04-24T05:11:46.657+0000] {logging_mixin.py:188} INFO - [2024-04-24T05:11:46.657+0000] {dag.py:3047} INFO - Sync 1 DAGs
[2024-04-24T05:11:46.668+0000] {logging_mixin.py:188} INFO - [2024-04-24T05:11:46.668+0000] {dag.py:3834} INFO - Setting next_dagrun for example_bash_operator to 2024-04-23 00:00:00+00:00, run_after=2024-04-24 00:00:00+00:00
[2024-04-24T05:11:46.677+0000] {processor.py:183} INFO - Processing /home/airflow/.local/lib/python3.8/site-packages/airflow/example_dags/example_bash_operator.py took 0.045 seconds
[2024-04-24T05:12:17.244+0000] {processor.py:161} INFO - Started process (PID=200) to work on /home/airflow/.local/lib/python3.8/site-packages/airflow/example_dags/example_bash_operator.py
[2024-04-24T05:12:17.245+0000] {processor.py:830} INFO - Processing file /home/airflow/.local/lib/python3.8/site-packages/airflow/example_dags/example_bash_operator.py for tasks to queue
[2024-04-24T05:12:17.246+0000] {logging_mixin.py:188} INFO - [2024-04-24T05:12:17.246+0000] {dagbag.py:540} INFO - Filling up the DagBag from /home/airflow/.local/lib/python3.8/site-packages/airflow/example_dags/example_bash_operator.py
[2024-04-24T05:12:17.252+0000] {processor.py:840} INFO - DAG(s) 'example_bash_operator' retrieved from /home/airflow/.local/lib/python3.8/site-packages/airflow/example_dags/example_bash_operator.py
[2024-04-24T05:12:17.267+0000] {logging_mixin.py:188} INFO - [2024-04-24T05:12:17.267+0000] {dag.py:3047} INFO - Sync 1 DAGs
[2024-04-24T05:12:17.279+0000] {logging_mixin.py:188} INFO - [2024-04-24T05:12:17.279+0000] {dag.py:3834} INFO - Setting next_dagrun for example_bash_operator to 2024-04-23 00:00:00+00:00, run_after=2024-04-24 00:00:00+00:00
[2024-04-24T05:12:17.289+0000] {processor.py:183} INFO - Processing /home/airflow/.local/lib/python3.8/site-packages/airflow/example_dags/example_bash_operator.py took 0.046 seconds
[2024-04-24T05:12:47.951+0000] {processor.py:161} INFO - Started process (PID=258) to work on /home/airflow/.local/lib/python3.8/site-packages/airflow/example_dags/example_bash_operator.py
[2024-04-24T05:12:47.952+0000] {processor.py:830} INFO - Processing file /home/airflow/.local/lib/python3.8/site-packages/airflow/example_dags/example_bash_operator.py for tasks to queue
[2024-04-24T05:12:47.953+0000] {logging_mixin.py:188} INFO - [2024-04-24T05:12:47.953+0000] {dagbag.py:540} INFO - Filling up the DagBag from /home/airflow/.local/lib/python3.8/site-packages/airflow/example_dags/example_bash_operator.py
[2024-04-24T05:12:47.960+0000] {processor.py:840} INFO - DAG(s) 'example_bash_operator' retrieved from /home/airflow/.local/lib/python3.8/site-packages/airflow/example_dags/example_bash_operator.py
[2024-04-24T05:12:47.976+0000] {logging_mixin.py:188} INFO - [2024-04-24T05:12:47.976+0000] {dag.py:3047} INFO - Sync 1 DAGs
[2024-04-24T05:12:47.989+0000] {logging_mixin.py:188} INFO - [2024-04-24T05:12:47.989+0000] {dag.py:3834} INFO - Setting next_dagrun for example_bash_operator to 2024-04-23 00:00:00+00:00, run_after=2024-04-24 00:00:00+00:00
[2024-04-24T05:12:48.000+0000] {processor.py:183} INFO - Processing /home/airflow/.local/lib/python3.8/site-packages/airflow/example_dags/example_bash_operator.py took 0.051 seconds
[2024-04-24T05:13:18.598+0000] {processor.py:161} INFO - Started process (PID=316) to work on /home/airflow/.local/lib/python3.8/site-packages/airflow/example_dags/example_bash_operator.py
[2024-04-24T05:13:18.598+0000] {processor.py:830} INFO - Processing file /home/airflow/.local/lib/python3.8/site-packages/airflow/example_dags/example_bash_operator.py for tasks to queue
[2024-04-24T05:13:18.599+0000] {logging_mixin.py:188} INFO - [2024-04-24T05:13:18.599+0000] {dagbag.py:540} INFO - Filling up the DagBag from /home/airflow/.local/lib/python3.8/site-packages/airflow/example_dags/example_bash_operator.py
[2024-04-24T05:13:18.606+0000] {processor.py:840} INFO - DAG(s) 'example_bash_operator' retrieved from /home/airflow/.local/lib/python3.8/site-packages/airflow/example_dags/example_bash_operator.py
[2024-04-24T05:13:18.621+0000] {logging_mixin.py:188} INFO - [2024-04-24T05:13:18.620+0000] {dag.py:3047} INFO - Sync 1 DAGs
[2024-04-24T05:13:18.632+0000] {logging_mixin.py:188} INFO - [2024-04-24T05:13:18.632+0000] {dag.py:3834} INFO - Setting next_dagrun for example_bash_operator to 2024-04-23 00:00:00+00:00, run_after=2024-04-24 00:00:00+00:00
[2024-04-24T05:13:18.642+0000] {processor.py:183} INFO - Processing /home/airflow/.local/lib/python3.8/site-packages/airflow/example_dags/example_bash_operator.py took 0.046 seconds
[2024-04-24T05:13:49.374+0000] {processor.py:161} INFO - Started process (PID=374) to work on /home/airflow/.local/lib/python3.8/site-packages/airflow/example_dags/example_bash_operator.py
[2024-04-24T05:13:49.375+0000] {processor.py:830} INFO - Processing file /home/airflow/.local/lib/python3.8/site-packages/airflow/example_dags/example_bash_operator.py for tasks to queue
[2024-04-24T05:13:49.376+0000] {logging_mixin.py:188} INFO - [2024-04-24T05:13:49.376+0000] {dagbag.py:540} INFO - Filling up the DagBag from /home/airflow/.local/lib/python3.8/site-packages/airflow/example_dags/example_bash_operator.py
[2024-04-24T05:13:49.382+0000] {processor.py:840} INFO - DAG(s) 'example_bash_operator' retrieved from /home/airflow/.local/lib/python3.8/site-packages/airflow/example_dags/example_bash_operator.py
[2024-04-24T05:13:49.397+0000] {logging_mixin.py:188} INFO - [2024-04-24T05:13:49.397+0000] {dag.py:3047} INFO - Sync 1 DAGs
[2024-04-24T05:13:49.409+0000] {logging_mixin.py:188} INFO - [2024-04-24T05:13:49.409+0000] {dag.py:3834} INFO - Setting next_dagrun for example_bash_operator to 2024-04-23 00:00:00+00:00, run_after=2024-04-24 00:00:00+00:00
[2024-04-24T05:13:49.420+0000] {processor.py:183} INFO - Processing /home/airflow/.local/lib/python3.8/site-packages/airflow/example_dags/example_bash_operator.py took 0.048 seconds
[2024-04-24T05:14:19.996+0000] {processor.py:161} INFO - Started process (PID=432) to work on /home/airflow/.local/lib/python3.8/site-packages/airflow/example_dags/example_bash_operator.py
[2024-04-24T05:14:19.996+0000] {processor.py:830} INFO - Processing file /home/airflow/.local/lib/python3.8/site-packages/airflow/example_dags/example_bash_operator.py for tasks to queue
[2024-04-24T05:14:19.997+0000] {logging_mixin.py:188} INFO - [2024-04-24T05:14:19.997+0000] {dagbag.py:540} INFO - Filling up the DagBag from /home/airflow/.local/lib/python3.8/site-packages/airflow/example_dags/example_bash_operator.py
[2024-04-24T05:14:20.004+0000] {processor.py:840} INFO - DAG(s) 'example_bash_operator' retrieved from /home/airflow/.local/lib/python3.8/site-packages/airflow/example_dags/example_bash_operator.py
[2024-04-24T05:14:20.019+0000] {logging_mixin.py:188} INFO - [2024-04-24T05:14:20.019+0000] {dag.py:3047} INFO - Sync 1 DAGs
[2024-04-24T05:14:20.032+0000] {logging_mixin.py:188} INFO - [2024-04-24T05:14:20.032+0000] {dag.py:3834} INFO - Setting next_dagrun for example_bash_operator to 2024-04-23 00:00:00+00:00, run_after=2024-04-24 00:00:00+00:00
[2024-04-24T05:14:20.042+0000] {processor.py:183} INFO - Processing /home/airflow/.local/lib/python3.8/site-packages/airflow/example_dags/example_bash_operator.py took 0.048 seconds
[2024-04-24T05:14:50.665+0000] {processor.py:161} INFO - Started process (PID=490) to work on /home/airflow/.local/lib/python3.8/site-packages/airflow/example_dags/example_bash_operator.py
[2024-04-24T05:14:50.666+0000] {processor.py:830} INFO - Processing file /home/airflow/.local/lib/python3.8/site-packages/airflow/example_dags/example_bash_operator.py for tasks to queue
[2024-04-24T05:14:50.667+0000] {logging_mixin.py:188} INFO - [2024-04-24T05:14:50.667+0000] {dagbag.py:540} INFO - Filling up the DagBag from /home/airflow/.local/lib/python3.8/site-packages/airflow/example_dags/example_bash_operator.py
[2024-04-24T05:14:50.673+0000] {processor.py:840} INFO - DAG(s) 'example_bash_operator' retrieved from /home/airflow/.local/lib/python3.8/site-packages/airflow/example_dags/example_bash_operator.py
[2024-04-24T05:14:50.688+0000] {logging_mixin.py:188} INFO - [2024-04-24T05:14:50.688+0000] {dag.py:3047} INFO - Sync 1 DAGs
[2024-04-24T05:14:50.700+0000] {logging_mixin.py:188} INFO - [2024-04-24T05:14:50.700+0000] {dag.py:3834} INFO - Setting next_dagrun for example_bash_operator to 2024-04-23 00:00:00+00:00, run_after=2024-04-24 00:00:00+00:00
[2024-04-24T05:14:50.709+0000] {processor.py:183} INFO - Processing /home/airflow/.local/lib/python3.8/site-packages/airflow/example_dags/example_bash_operator.py took 0.046 seconds
[2024-04-24T05:15:21.191+0000] {processor.py:161} INFO - Started process (PID=549) to work on /home/airflow/.local/lib/python3.8/site-packages/airflow/example_dags/example_bash_operator.py
[2024-04-24T05:15:21.192+0000] {processor.py:830} INFO - Processing file /home/airflow/.local/lib/python3.8/site-packages/airflow/example_dags/example_bash_operator.py for tasks to queue
[2024-04-24T05:15:21.193+0000] {logging_mixin.py:188} INFO - [2024-04-24T05:15:21.193+0000] {dagbag.py:540} INFO - Filling up the DagBag from /home/airflow/.local/lib/python3.8/site-packages/airflow/example_dags/example_bash_operator.py
[2024-04-24T05:15:21.199+0000] {processor.py:840} INFO - DAG(s) 'example_bash_operator' retrieved from /home/airflow/.local/lib/python3.8/site-packages/airflow/example_dags/example_bash_operator.py
[2024-04-24T05:15:21.214+0000] {logging_mixin.py:188} INFO - [2024-04-24T05:15:21.214+0000] {dag.py:3047} INFO - Sync 1 DAGs
[2024-04-24T05:15:21.226+0000] {logging_mixin.py:188} INFO - [2024-04-24T05:15:21.226+0000] {dag.py:3834} INFO - Setting next_dagrun for example_bash_operator to 2024-04-23 00:00:00+00:00, run_after=2024-04-24 00:00:00+00:00
[2024-04-24T05:15:21.235+0000] {processor.py:183} INFO - Processing /home/airflow/.local/lib/python3.8/site-packages/airflow/example_dags/example_bash_operator.py took 0.046 seconds
[2024-04-24T05:15:51.678+0000] {processor.py:161} INFO - Started process (PID=607) to work on /home/airflow/.local/lib/python3.8/site-packages/airflow/example_dags/example_bash_operator.py
[2024-04-24T05:15:51.679+0000] {processor.py:830} INFO - Processing file /home/airflow/.local/lib/python3.8/site-packages/airflow/example_dags/example_bash_operator.py for tasks to queue
[2024-04-24T05:15:51.680+0000] {logging_mixin.py:188} INFO - [2024-04-24T05:15:51.680+0000] {dagbag.py:540} INFO - Filling up the DagBag from /home/airflow/.local/lib/python3.8/site-packages/airflow/example_dags/example_bash_operator.py
[2024-04-24T05:15:51.686+0000] {processor.py:840} INFO - DAG(s) 'example_bash_operator' retrieved from /home/airflow/.local/lib/python3.8/site-packages/airflow/example_dags/example_bash_operator.py
[2024-04-24T05:15:51.701+0000] {logging_mixin.py:188} INFO - [2024-04-24T05:15:51.701+0000] {dag.py:3047} INFO - Sync 1 DAGs
[2024-04-24T05:15:51.713+0000] {logging_mixin.py:188} INFO - [2024-04-24T05:15:51.713+0000] {dag.py:3834} INFO - Setting next_dagrun for example_bash_operator to 2024-04-23 00:00:00+00:00, run_after=2024-04-24 00:00:00+00:00
[2024-04-24T05:15:51.722+0000] {processor.py:183} INFO - Processing /home/airflow/.local/lib/python3.8/site-packages/airflow/example_dags/example_bash_operator.py took 0.046 seconds
[2024-04-24T05:16:22.209+0000] {processor.py:161} INFO - Started process (PID=665) to work on /home/airflow/.local/lib/python3.8/site-packages/airflow/example_dags/example_bash_operator.py
[2024-04-24T05:16:22.210+0000] {processor.py:830} INFO - Processing file /home/airflow/.local/lib/python3.8/site-packages/airflow/example_dags/example_bash_operator.py for tasks to queue
[2024-04-24T05:16:22.211+0000] {logging_mixin.py:188} INFO - [2024-04-24T05:16:22.211+0000] {dagbag.py:540} INFO - Filling up the DagBag from /home/airflow/.local/lib/python3.8/site-packages/airflow/example_dags/example_bash_operator.py
[2024-04-24T05:16:22.218+0000] {processor.py:840} INFO - DAG(s) 'example_bash_operator' retrieved from /home/airflow/.local/lib/python3.8/site-packages/airflow/example_dags/example_bash_operator.py
[2024-04-24T05:16:22.234+0000] {logging_mixin.py:188} INFO - [2024-04-24T05:16:22.234+0000] {dag.py:3047} INFO - Sync 1 DAGs
[2024-04-24T05:16:22.247+0000] {logging_mixin.py:188} INFO - [2024-04-24T05:16:22.246+0000] {dag.py:3834} INFO - Setting next_dagrun for example_bash_operator to 2024-04-23 00:00:00+00:00, run_after=2024-04-24 00:00:00+00:00
[2024-04-24T05:16:22.257+0000] {processor.py:183} INFO - Processing /home/airflow/.local/lib/python3.8/site-packages/airflow/example_dags/example_bash_operator.py took 0.049 seconds
[2024-04-24T05:16:52.757+0000] {processor.py:161} INFO - Started process (PID=723) to work on /home/airflow/.local/lib/python3.8/site-packages/airflow/example_dags/example_bash_operator.py
[2024-04-24T05:16:52.757+0000] {processor.py:830} INFO - Processing file /home/airflow/.local/lib/python3.8/site-packages/airflow/example_dags/example_bash_operator.py for tasks to queue
[2024-04-24T05:16:52.758+0000] {logging_mixin.py:188} INFO - [2024-04-24T05:16:52.758+0000] {dagbag.py:540} INFO - Filling up the DagBag from /home/airflow/.local/lib/python3.8/site-packages/airflow/example_dags/example_bash_operator.py
[2024-04-24T05:16:52.765+0000] {processor.py:840} INFO - DAG(s) 'example_bash_operator' retrieved from /home/airflow/.local/lib/python3.8/site-packages/airflow/example_dags/example_bash_operator.py
[2024-04-24T05:16:52.780+0000] {logging_mixin.py:188} INFO - [2024-04-24T05:16:52.780+0000] {dag.py:3047} INFO - Sync 1 DAGs
[2024-04-24T05:16:52.791+0000] {logging_mixin.py:188} INFO - [2024-04-24T05:16:52.791+0000] {dag.py:3834} INFO - Setting next_dagrun for example_bash_operator to 2024-04-23 00:00:00+00:00, run_after=2024-04-24 00:00:00+00:00
[2024-04-24T05:16:52.800+0000] {processor.py:183} INFO - Processing /home/airflow/.local/lib/python3.8/site-packages/airflow/example_dags/example_bash_operator.py took 0.045 seconds
[2024-04-24T05:17:23.279+0000] {processor.py:161} INFO - Started process (PID=781) to work on /home/airflow/.local/lib/python3.8/site-packages/airflow/example_dags/example_bash_operator.py
[2024-04-24T05:17:23.280+0000] {processor.py:830} INFO - Processing file /home/airflow/.local/lib/python3.8/site-packages/airflow/example_dags/example_bash_operator.py for tasks to queue
[2024-04-24T05:17:23.281+0000] {logging_mixin.py:188} INFO - [2024-04-24T05:17:23.281+0000] {dagbag.py:540} INFO - Filling up the DagBag from /home/airflow/.local/lib/python3.8/site-packages/airflow/example_dags/example_bash_operator.py
[2024-04-24T05:17:23.288+0000] {processor.py:840} INFO - DAG(s) 'example_bash_operator' retrieved from /home/airflow/.local/lib/python3.8/site-packages/airflow/example_dags/example_bash_operator.py
[2024-04-24T05:17:23.304+0000] {logging_mixin.py:188} INFO - [2024-04-24T05:17:23.304+0000] {dag.py:3047} INFO - Sync 1 DAGs
[2024-04-24T05:17:23.317+0000] {logging_mixin.py:188} INFO - [2024-04-24T05:17:23.317+0000] {dag.py:3834} INFO - Setting next_dagrun for example_bash_operator to 2024-04-23 00:00:00+00:00, run_after=2024-04-24 00:00:00+00:00
[2024-04-24T05:17:23.327+0000] {processor.py:183} INFO - Processing /home/airflow/.local/lib/python3.8/site-packages/airflow/example_dags/example_bash_operator.py took 0.050 seconds
[2024-04-24T05:17:53.889+0000] {processor.py:161} INFO - Started process (PID=839) to work on /home/airflow/.local/lib/python3.8/site-packages/airflow/example_dags/example_bash_operator.py
[2024-04-24T05:17:53.890+0000] {processor.py:830} INFO - Processing file /home/airflow/.local/lib/python3.8/site-packages/airflow/example_dags/example_bash_operator.py for tasks to queue
[2024-04-24T05:17:53.891+0000] {logging_mixin.py:188} INFO - [2024-04-24T05:17:53.890+0000] {dagbag.py:540} INFO - Filling up the DagBag from /home/airflow/.local/lib/python3.8/site-packages/airflow/example_dags/example_bash_operator.py
[2024-04-24T05:17:53.897+0000] {processor.py:840} INFO - DAG(s) 'example_bash_operator' retrieved from /home/airflow/.local/lib/python3.8/site-packages/airflow/example_dags/example_bash_operator.py
[2024-04-24T05:17:53.913+0000] {logging_mixin.py:188} INFO - [2024-04-24T05:17:53.913+0000] {dag.py:3047} INFO - Sync 1 DAGs
[2024-04-24T05:17:53.925+0000] {logging_mixin.py:188} INFO - [2024-04-24T05:17:53.925+0000] {dag.py:3834} INFO - Setting next_dagrun for example_bash_operator to 2024-04-23 00:00:00+00:00, run_after=2024-04-24 00:00:00+00:00
[2024-04-24T05:17:53.935+0000] {processor.py:183} INFO - Processing /home/airflow/.local/lib/python3.8/site-packages/airflow/example_dags/example_bash_operator.py took 0.048 seconds
[2024-04-24T05:18:24.628+0000] {processor.py:161} INFO - Started process (PID=897) to work on /home/airflow/.local/lib/python3.8/site-packages/airflow/example_dags/example_bash_operator.py
[2024-04-24T05:18:24.628+0000] {processor.py:830} INFO - Processing file /home/airflow/.local/lib/python3.8/site-packages/airflow/example_dags/example_bash_operator.py for tasks to queue
[2024-04-24T05:18:24.629+0000] {logging_mixin.py:188} INFO - [2024-04-24T05:18:24.629+0000] {dagbag.py:540} INFO - Filling up the DagBag from /home/airflow/.local/lib/python3.8/site-packages/airflow/example_dags/example_bash_operator.py
[2024-04-24T05:18:24.636+0000] {processor.py:840} INFO - DAG(s) 'example_bash_operator' retrieved from /home/airflow/.local/lib/python3.8/site-packages/airflow/example_dags/example_bash_operator.py
[2024-04-24T05:18:24.687+0000] {logging_mixin.py:188} INFO - [2024-04-24T05:18:24.687+0000] {dag.py:3047} INFO - Sync 1 DAGs
[2024-04-24T05:18:24.700+0000] {logging_mixin.py:188} INFO - [2024-04-24T05:18:24.700+0000] {dag.py:3834} INFO - Setting next_dagrun for example_bash_operator to 2024-04-23 00:00:00+00:00, run_after=2024-04-24 00:00:00+00:00
[2024-04-24T05:18:24.711+0000] {processor.py:183} INFO - Processing /home/airflow/.local/lib/python3.8/site-packages/airflow/example_dags/example_bash_operator.py took 0.085 seconds
[2024-04-24T05:18:55.170+0000] {processor.py:161} INFO - Started process (PID=955) to work on /home/airflow/.local/lib/python3.8/site-packages/airflow/example_dags/example_bash_operator.py
[2024-04-24T05:18:55.171+0000] {processor.py:830} INFO - Processing file /home/airflow/.local/lib/python3.8/site-packages/airflow/example_dags/example_bash_operator.py for tasks to queue
[2024-04-24T05:18:55.172+0000] {logging_mixin.py:188} INFO - [2024-04-24T05:18:55.172+0000] {dagbag.py:540} INFO - Filling up the DagBag from /home/airflow/.local/lib/python3.8/site-packages/airflow/example_dags/example_bash_operator.py
[2024-04-24T05:18:55.178+0000] {processor.py:840} INFO - DAG(s) 'example_bash_operator' retrieved from /home/airflow/.local/lib/python3.8/site-packages/airflow/example_dags/example_bash_operator.py
[2024-04-24T05:18:55.193+0000] {logging_mixin.py:188} INFO - [2024-04-24T05:18:55.193+0000] {dag.py:3047} INFO - Sync 1 DAGs
[2024-04-24T05:18:55.205+0000] {logging_mixin.py:188} INFO - [2024-04-24T05:18:55.205+0000] {dag.py:3834} INFO - Setting next_dagrun for example_bash_operator to 2024-04-23 00:00:00+00:00, run_after=2024-04-24 00:00:00+00:00
[2024-04-24T05:18:55.214+0000] {processor.py:183} INFO - Processing /home/airflow/.local/lib/python3.8/site-packages/airflow/example_dags/example_bash_operator.py took 0.046 seconds
[2024-04-24T05:19:25.801+0000] {processor.py:161} INFO - Started process (PID=1013) to work on /home/airflow/.local/lib/python3.8/site-packages/airflow/example_dags/example_bash_operator.py
[2024-04-24T05:19:25.801+0000] {processor.py:830} INFO - Processing file /home/airflow/.local/lib/python3.8/site-packages/airflow/example_dags/example_bash_operator.py for tasks to queue
[2024-04-24T05:19:25.802+0000] {logging_mixin.py:188} INFO - [2024-04-24T05:19:25.802+0000] {dagbag.py:540} INFO - Filling up the DagBag from /home/airflow/.local/lib/python3.8/site-packages/airflow/example_dags/example_bash_operator.py
[2024-04-24T05:19:25.809+0000] {processor.py:840} INFO - DAG(s) 'example_bash_operator' retrieved from /home/airflow/.local/lib/python3.8/site-packages/airflow/example_dags/example_bash_operator.py
[2024-04-24T05:19:25.823+0000] {logging_mixin.py:188} INFO - [2024-04-24T05:19:25.823+0000] {dag.py:3047} INFO - Sync 1 DAGs
[2024-04-24T05:19:25.835+0000] {logging_mixin.py:188} INFO - [2024-04-24T05:19:25.835+0000] {dag.py:3834} INFO - Setting next_dagrun for example_bash_operator to 2024-04-23 00:00:00+00:00, run_after=2024-04-24 00:00:00+00:00
[2024-04-24T05:19:25.844+0000] {processor.py:183} INFO - Processing /home/airflow/.local/lib/python3.8/site-packages/airflow/example_dags/example_bash_operator.py took 0.045 seconds
[2024-04-24T05:19:56.302+0000] {processor.py:161} INFO - Started process (PID=1071) to work on /home/airflow/.local/lib/python3.8/site-packages/airflow/example_dags/example_bash_operator.py
[2024-04-24T05:19:56.302+0000] {processor.py:830} INFO - Processing file /home/airflow/.local/lib/python3.8/site-packages/airflow/example_dags/example_bash_operator.py for tasks to queue
[2024-04-24T05:19:56.303+0000] {logging_mixin.py:188} INFO - [2024-04-24T05:19:56.303+0000] {dagbag.py:540} INFO - Filling up the DagBag from /home/airflow/.local/lib/python3.8/site-packages/airflow/example_dags/example_bash_operator.py
[2024-04-24T05:19:56.309+0000] {processor.py:840} INFO - DAG(s) 'example_bash_operator' retrieved from /home/airflow/.local/lib/python3.8/site-packages/airflow/example_dags/example_bash_operator.py
[2024-04-24T05:19:56.324+0000] {logging_mixin.py:188} INFO - [2024-04-24T05:19:56.324+0000] {dag.py:3047} INFO - Sync 1 DAGs
[2024-04-24T05:19:56.337+0000] {logging_mixin.py:188} INFO - [2024-04-24T05:19:56.336+0000] {dag.py:3834} INFO - Setting next_dagrun for example_bash_operator to 2024-04-23 00:00:00+00:00, run_after=2024-04-24 00:00:00+00:00
[2024-04-24T05:19:56.346+0000] {processor.py:183} INFO - Processing /home/airflow/.local/lib/python3.8/site-packages/airflow/example_dags/example_bash_operator.py took 0.046 seconds
[2024-04-24T05:20:26.902+0000] {processor.py:161} INFO - Started process (PID=1129) to work on /home/airflow/.local/lib/python3.8/site-packages/airflow/example_dags/example_bash_operator.py
[2024-04-24T05:20:26.902+0000] {processor.py:830} INFO - Processing file /home/airflow/.local/lib/python3.8/site-packages/airflow/example_dags/example_bash_operator.py for tasks to queue
[2024-04-24T05:20:26.903+0000] {logging_mixin.py:188} INFO - [2024-04-24T05:20:26.903+0000] {dagbag.py:540} INFO - Filling up the DagBag from /home/airflow/.local/lib/python3.8/site-packages/airflow/example_dags/example_bash_operator.py
[2024-04-24T05:20:26.910+0000] {processor.py:840} INFO - DAG(s) 'example_bash_operator' retrieved from /home/airflow/.local/lib/python3.8/site-packages/airflow/example_dags/example_bash_operator.py
[2024-04-24T05:20:26.924+0000] {logging_mixin.py:188} INFO - [2024-04-24T05:20:26.924+0000] {dag.py:3047} INFO - Sync 1 DAGs
[2024-04-24T05:20:26.936+0000] {logging_mixin.py:188} INFO - [2024-04-24T05:20:26.935+0000] {dag.py:3834} INFO - Setting next_dagrun for example_bash_operator to 2024-04-23 00:00:00+00:00, run_after=2024-04-24 00:00:00+00:00
[2024-04-24T05:20:26.945+0000] {processor.py:183} INFO - Processing /home/airflow/.local/lib/python3.8/site-packages/airflow/example_dags/example_bash_operator.py took 0.045 seconds
[2024-04-24T05:20:57.404+0000] {processor.py:161} INFO - Started process (PID=1187) to work on /home/airflow/.local/lib/python3.8/site-packages/airflow/example_dags/example_bash_operator.py
[2024-04-24T05:20:57.405+0000] {processor.py:830} INFO - Processing file /home/airflow/.local/lib/python3.8/site-packages/airflow/example_dags/example_bash_operator.py for tasks to queue
[2024-04-24T05:20:57.406+0000] {logging_mixin.py:188} INFO - [2024-04-24T05:20:57.406+0000] {dagbag.py:540} INFO - Filling up the DagBag from /home/airflow/.local/lib/python3.8/site-packages/airflow/example_dags/example_bash_operator.py
[2024-04-24T05:20:57.412+0000] {processor.py:840} INFO - DAG(s) 'example_bash_operator' retrieved from /home/airflow/.local/lib/python3.8/site-packages/airflow/example_dags/example_bash_operator.py
[2024-04-24T05:20:57.427+0000] {logging_mixin.py:188} INFO - [2024-04-24T05:20:57.427+0000] {dag.py:3047} INFO - Sync 1 DAGs
[2024-04-24T05:20:57.438+0000] {logging_mixin.py:188} INFO - [2024-04-24T05:20:57.438+0000] {dag.py:3834} INFO - Setting next_dagrun for example_bash_operator to 2024-04-23 00:00:00+00:00, run_after=2024-04-24 00:00:00+00:00
[2024-04-24T05:20:57.447+0000] {processor.py:183} INFO - Processing /home/airflow/.local/lib/python3.8/site-packages/airflow/example_dags/example_bash_operator.py took 0.045 seconds
[2024-04-24T05:21:27.921+0000] {processor.py:161} INFO - Started process (PID=1245) to work on /home/airflow/.local/lib/python3.8/site-packages/airflow/example_dags/example_bash_operator.py
[2024-04-24T05:21:27.921+0000] {processor.py:830} INFO - Processing file /home/airflow/.local/lib/python3.8/site-packages/airflow/example_dags/example_bash_operator.py for tasks to queue
[2024-04-24T05:21:27.922+0000] {logging_mixin.py:188} INFO - [2024-04-24T05:21:27.922+0000] {dagbag.py:540} INFO - Filling up the DagBag from /home/airflow/.local/lib/python3.8/site-packages/airflow/example_dags/example_bash_operator.py
[2024-04-24T05:21:27.928+0000] {processor.py:840} INFO - DAG(s) 'example_bash_operator' retrieved from /home/airflow/.local/lib/python3.8/site-packages/airflow/example_dags/example_bash_operator.py
[2024-04-24T05:21:27.943+0000] {logging_mixin.py:188} INFO - [2024-04-24T05:21:27.943+0000] {dag.py:3047} INFO - Sync 1 DAGs
[2024-04-24T05:21:27.955+0000] {logging_mixin.py:188} INFO - [2024-04-24T05:21:27.955+0000] {dag.py:3834} INFO - Setting next_dagrun for example_bash_operator to 2024-04-23 00:00:00+00:00, run_after=2024-04-24 00:00:00+00:00
[2024-04-24T05:21:27.967+0000] {processor.py:183} INFO - Processing /home/airflow/.local/lib/python3.8/site-packages/airflow/example_dags/example_bash_operator.py took 0.049 seconds
[2024-04-24T05:21:58.401+0000] {processor.py:161} INFO - Started process (PID=1303) to work on /home/airflow/.local/lib/python3.8/site-packages/airflow/example_dags/example_bash_operator.py
[2024-04-24T05:21:58.402+0000] {processor.py:830} INFO - Processing file /home/airflow/.local/lib/python3.8/site-packages/airflow/example_dags/example_bash_operator.py for tasks to queue
[2024-04-24T05:21:58.403+0000] {logging_mixin.py:188} INFO - [2024-04-24T05:21:58.403+0000] {dagbag.py:540} INFO - Filling up the DagBag from /home/airflow/.local/lib/python3.8/site-packages/airflow/example_dags/example_bash_operator.py
[2024-04-24T05:21:58.409+0000] {processor.py:840} INFO - DAG(s) 'example_bash_operator' retrieved from /home/airflow/.local/lib/python3.8/site-packages/airflow/example_dags/example_bash_operator.py
[2024-04-24T05:21:58.424+0000] {logging_mixin.py:188} INFO - [2024-04-24T05:21:58.424+0000] {dag.py:3047} INFO - Sync 1 DAGs
[2024-04-24T05:21:58.435+0000] {logging_mixin.py:188} INFO - [2024-04-24T05:21:58.435+0000] {dag.py:3834} INFO - Setting next_dagrun for example_bash_operator to 2024-04-23 00:00:00+00:00, run_after=2024-04-24 00:00:00+00:00
[2024-04-24T05:21:58.444+0000] {processor.py:183} INFO - Processing /home/airflow/.local/lib/python3.8/site-packages/airflow/example_dags/example_bash_operator.py took 0.045 seconds
[2024-04-24T05:22:28.925+0000] {processor.py:161} INFO - Started process (PID=1361) to work on /home/airflow/.local/lib/python3.8/site-packages/airflow/example_dags/example_bash_operator.py
[2024-04-24T05:22:28.926+0000] {processor.py:830} INFO - Processing file /home/airflow/.local/lib/python3.8/site-packages/airflow/example_dags/example_bash_operator.py for tasks to queue
[2024-04-24T05:22:28.927+0000] {logging_mixin.py:188} INFO - [2024-04-24T05:22:28.927+0000] {dagbag.py:540} INFO - Filling up the DagBag from /home/airflow/.local/lib/python3.8/site-packages/airflow/example_dags/example_bash_operator.py
[2024-04-24T05:22:28.933+0000] {processor.py:840} INFO - DAG(s) 'example_bash_operator' retrieved from /home/airflow/.local/lib/python3.8/site-packages/airflow/example_dags/example_bash_operator.py
[2024-04-24T05:22:28.948+0000] {logging_mixin.py:188} INFO - [2024-04-24T05:22:28.948+0000] {dag.py:3047} INFO - Sync 1 DAGs
[2024-04-24T05:22:28.959+0000] {logging_mixin.py:188} INFO - [2024-04-24T05:22:28.959+0000] {dag.py:3834} INFO - Setting next_dagrun for example_bash_operator to 2024-04-23 00:00:00+00:00, run_after=2024-04-24 00:00:00+00:00
[2024-04-24T05:22:28.969+0000] {processor.py:183} INFO - Processing /home/airflow/.local/lib/python3.8/site-packages/airflow/example_dags/example_bash_operator.py took 0.045 seconds
[2024-04-24T05:22:59.434+0000] {processor.py:161} INFO - Started process (PID=1419) to work on /home/airflow/.local/lib/python3.8/site-packages/airflow/example_dags/example_bash_operator.py
[2024-04-24T05:22:59.434+0000] {processor.py:830} INFO - Processing file /home/airflow/.local/lib/python3.8/site-packages/airflow/example_dags/example_bash_operator.py for tasks to queue
[2024-04-24T05:22:59.435+0000] {logging_mixin.py:188} INFO - [2024-04-24T05:22:59.435+0000] {dagbag.py:540} INFO - Filling up the DagBag from /home/airflow/.local/lib/python3.8/site-packages/airflow/example_dags/example_bash_operator.py
[2024-04-24T05:22:59.442+0000] {processor.py:840} INFO - DAG(s) 'example_bash_operator' retrieved from /home/airflow/.local/lib/python3.8/site-packages/airflow/example_dags/example_bash_operator.py
[2024-04-24T05:22:59.457+0000] {logging_mixin.py:188} INFO - [2024-04-24T05:22:59.457+0000] {dag.py:3047} INFO - Sync 1 DAGs
[2024-04-24T05:22:59.469+0000] {logging_mixin.py:188} INFO - [2024-04-24T05:22:59.469+0000] {dag.py:3834} INFO - Setting next_dagrun for example_bash_operator to 2024-04-23 00:00:00+00:00, run_after=2024-04-24 00:00:00+00:00
[2024-04-24T05:22:59.478+0000] {processor.py:183} INFO - Processing /home/airflow/.local/lib/python3.8/site-packages/airflow/example_dags/example_bash_operator.py took 0.047 seconds
[2024-04-24T05:23:29.954+0000] {processor.py:161} INFO - Started process (PID=1477) to work on /home/airflow/.local/lib/python3.8/site-packages/airflow/example_dags/example_bash_operator.py
[2024-04-24T05:23:29.955+0000] {processor.py:830} INFO - Processing file /home/airflow/.local/lib/python3.8/site-packages/airflow/example_dags/example_bash_operator.py for tasks to queue
[2024-04-24T05:23:29.956+0000] {logging_mixin.py:188} INFO - [2024-04-24T05:23:29.956+0000] {dagbag.py:540} INFO - Filling up the DagBag from /home/airflow/.local/lib/python3.8/site-packages/airflow/example_dags/example_bash_operator.py
[2024-04-24T05:23:29.962+0000] {processor.py:840} INFO - DAG(s) 'example_bash_operator' retrieved from /home/airflow/.local/lib/python3.8/site-packages/airflow/example_dags/example_bash_operator.py
[2024-04-24T05:23:29.977+0000] {logging_mixin.py:188} INFO - [2024-04-24T05:23:29.977+0000] {dag.py:3047} INFO - Sync 1 DAGs
[2024-04-24T05:23:29.989+0000] {logging_mixin.py:188} INFO - [2024-04-24T05:23:29.989+0000] {dag.py:3834} INFO - Setting next_dagrun for example_bash_operator to 2024-04-23 00:00:00+00:00, run_after=2024-04-24 00:00:00+00:00
[2024-04-24T05:23:29.998+0000] {processor.py:183} INFO - Processing /home/airflow/.local/lib/python3.8/site-packages/airflow/example_dags/example_bash_operator.py took 0.046 seconds
[2024-04-24T05:24:00.453+0000] {processor.py:161} INFO - Started process (PID=1535) to work on /home/airflow/.local/lib/python3.8/site-packages/airflow/example_dags/example_bash_operator.py
[2024-04-24T05:24:00.454+0000] {processor.py:830} INFO - Processing file /home/airflow/.local/lib/python3.8/site-packages/airflow/example_dags/example_bash_operator.py for tasks to queue
[2024-04-24T05:24:00.455+0000] {logging_mixin.py:188} INFO - [2024-04-24T05:24:00.455+0000] {dagbag.py:540} INFO - Filling up the DagBag from /home/airflow/.local/lib/python3.8/site-packages/airflow/example_dags/example_bash_operator.py
[2024-04-24T05:24:00.461+0000] {processor.py:840} INFO - DAG(s) 'example_bash_operator' retrieved from /home/airflow/.local/lib/python3.8/site-packages/airflow/example_dags/example_bash_operator.py
[2024-04-24T05:24:00.476+0000] {logging_mixin.py:188} INFO - [2024-04-24T05:24:00.476+0000] {dag.py:3047} INFO - Sync 1 DAGs
[2024-04-24T05:24:00.488+0000] {logging_mixin.py:188} INFO - [2024-04-24T05:24:00.488+0000] {dag.py:3834} INFO - Setting next_dagrun for example_bash_operator to 2024-04-23 00:00:00+00:00, run_after=2024-04-24 00:00:00+00:00
[2024-04-24T05:24:00.497+0000] {processor.py:183} INFO - Processing /home/airflow/.local/lib/python3.8/site-packages/airflow/example_dags/example_bash_operator.py took 0.046 seconds
[2024-04-24T05:24:30.921+0000] {processor.py:161} INFO - Started process (PID=1593) to work on /home/airflow/.local/lib/python3.8/site-packages/airflow/example_dags/example_bash_operator.py
[2024-04-24T05:24:30.922+0000] {processor.py:830} INFO - Processing file /home/airflow/.local/lib/python3.8/site-packages/airflow/example_dags/example_bash_operator.py for tasks to queue
[2024-04-24T05:24:30.923+0000] {logging_mixin.py:188} INFO - [2024-04-24T05:24:30.923+0000] {dagbag.py:540} INFO - Filling up the DagBag from /home/airflow/.local/lib/python3.8/site-packages/airflow/example_dags/example_bash_operator.py
[2024-04-24T05:24:30.929+0000] {processor.py:840} INFO - DAG(s) 'example_bash_operator' retrieved from /home/airflow/.local/lib/python3.8/site-packages/airflow/example_dags/example_bash_operator.py
[2024-04-24T05:24:30.944+0000] {logging_mixin.py:188} INFO - [2024-04-24T05:24:30.944+0000] {dag.py:3047} INFO - Sync 1 DAGs
[2024-04-24T05:24:30.956+0000] {logging_mixin.py:188} INFO - [2024-04-24T05:24:30.956+0000] {dag.py:3834} INFO - Setting next_dagrun for example_bash_operator to 2024-04-23 00:00:00+00:00, run_after=2024-04-24 00:00:00+00:00
[2024-04-24T05:24:30.965+0000] {processor.py:183} INFO - Processing /home/airflow/.local/lib/python3.8/site-packages/airflow/example_dags/example_bash_operator.py took 0.046 seconds
[2024-04-24T05:25:01.383+0000] {processor.py:161} INFO - Started process (PID=1651) to work on /home/airflow/.local/lib/python3.8/site-packages/airflow/example_dags/example_bash_operator.py
[2024-04-24T05:25:01.383+0000] {processor.py:830} INFO - Processing file /home/airflow/.local/lib/python3.8/site-packages/airflow/example_dags/example_bash_operator.py for tasks to queue
[2024-04-24T05:25:01.384+0000] {logging_mixin.py:188} INFO - [2024-04-24T05:25:01.384+0000] {dagbag.py:540} INFO - Filling up the DagBag from /home/airflow/.local/lib/python3.8/site-packages/airflow/example_dags/example_bash_operator.py
[2024-04-24T05:25:01.390+0000] {processor.py:840} INFO - DAG(s) 'example_bash_operator' retrieved from /home/airflow/.local/lib/python3.8/site-packages/airflow/example_dags/example_bash_operator.py
[2024-04-24T05:25:01.405+0000] {logging_mixin.py:188} INFO - [2024-04-24T05:25:01.405+0000] {dag.py:3047} INFO - Sync 1 DAGs
[2024-04-24T05:25:01.417+0000] {logging_mixin.py:188} INFO - [2024-04-24T05:25:01.417+0000] {dag.py:3834} INFO - Setting next_dagrun for example_bash_operator to 2024-04-23 00:00:00+00:00, run_after=2024-04-24 00:00:00+00:00
[2024-04-24T05:25:01.427+0000] {processor.py:183} INFO - Processing /home/airflow/.local/lib/python3.8/site-packages/airflow/example_dags/example_bash_operator.py took 0.046 seconds
[2024-04-24T05:25:31.824+0000] {processor.py:161} INFO - Started process (PID=1709) to work on /home/airflow/.local/lib/python3.8/site-packages/airflow/example_dags/example_bash_operator.py
[2024-04-24T05:25:31.825+0000] {processor.py:830} INFO - Processing file /home/airflow/.local/lib/python3.8/site-packages/airflow/example_dags/example_bash_operator.py for tasks to queue
[2024-04-24T05:25:31.826+0000] {logging_mixin.py:188} INFO - [2024-04-24T05:25:31.826+0000] {dagbag.py:540} INFO - Filling up the DagBag from /home/airflow/.local/lib/python3.8/site-packages/airflow/example_dags/example_bash_operator.py
[2024-04-24T05:25:31.832+0000] {processor.py:840} INFO - DAG(s) 'example_bash_operator' retrieved from /home/airflow/.local/lib/python3.8/site-packages/airflow/example_dags/example_bash_operator.py
[2024-04-24T05:25:31.849+0000] {logging_mixin.py:188} INFO - [2024-04-24T05:25:31.848+0000] {dag.py:3047} INFO - Sync 1 DAGs
[2024-04-24T05:25:31.861+0000] {logging_mixin.py:188} INFO - [2024-04-24T05:25:31.861+0000] {dag.py:3834} INFO - Setting next_dagrun for example_bash_operator to 2024-04-23 00:00:00+00:00, run_after=2024-04-24 00:00:00+00:00
[2024-04-24T05:25:31.870+0000] {processor.py:183} INFO - Processing /home/airflow/.local/lib/python3.8/site-packages/airflow/example_dags/example_bash_operator.py took 0.047 seconds
[2024-04-24T05:26:02.612+0000] {processor.py:161} INFO - Started process (PID=1767) to work on /home/airflow/.local/lib/python3.8/site-packages/airflow/example_dags/example_bash_operator.py
[2024-04-24T05:26:02.612+0000] {processor.py:830} INFO - Processing file /home/airflow/.local/lib/python3.8/site-packages/airflow/example_dags/example_bash_operator.py for tasks to queue
[2024-04-24T05:26:02.614+0000] {logging_mixin.py:188} INFO - [2024-04-24T05:26:02.613+0000] {dagbag.py:540} INFO - Filling up the DagBag from /home/airflow/.local/lib/python3.8/site-packages/airflow/example_dags/example_bash_operator.py
[2024-04-24T05:26:02.620+0000] {processor.py:840} INFO - DAG(s) 'example_bash_operator' retrieved from /home/airflow/.local/lib/python3.8/site-packages/airflow/example_dags/example_bash_operator.py
[2024-04-24T05:26:02.636+0000] {logging_mixin.py:188} INFO - [2024-04-24T05:26:02.636+0000] {dag.py:3047} INFO - Sync 1 DAGs
[2024-04-24T05:26:02.650+0000] {logging_mixin.py:188} INFO - [2024-04-24T05:26:02.649+0000] {dag.py:3834} INFO - Setting next_dagrun for example_bash_operator to 2024-04-23 00:00:00+00:00, run_after=2024-04-24 00:00:00+00:00
[2024-04-24T05:26:02.661+0000] {processor.py:183} INFO - Processing /home/airflow/.local/lib/python3.8/site-packages/airflow/example_dags/example_bash_operator.py took 0.051 seconds
[2024-04-24T05:26:33.117+0000] {processor.py:161} INFO - Started process (PID=1825) to work on /home/airflow/.local/lib/python3.8/site-packages/airflow/example_dags/example_bash_operator.py
[2024-04-24T05:26:33.117+0000] {processor.py:830} INFO - Processing file /home/airflow/.local/lib/python3.8/site-packages/airflow/example_dags/example_bash_operator.py for tasks to queue
[2024-04-24T05:26:33.118+0000] {logging_mixin.py:188} INFO - [2024-04-24T05:26:33.118+0000] {dagbag.py:540} INFO - Filling up the DagBag from /home/airflow/.local/lib/python3.8/site-packages/airflow/example_dags/example_bash_operator.py
[2024-04-24T05:26:33.125+0000] {processor.py:840} INFO - DAG(s) 'example_bash_operator' retrieved from /home/airflow/.local/lib/python3.8/site-packages/airflow/example_dags/example_bash_operator.py
[2024-04-24T05:26:33.139+0000] {logging_mixin.py:188} INFO - [2024-04-24T05:26:33.139+0000] {dag.py:3047} INFO - Sync 1 DAGs
[2024-04-24T05:26:33.151+0000] {logging_mixin.py:188} INFO - [2024-04-24T05:26:33.151+0000] {dag.py:3834} INFO - Setting next_dagrun for example_bash_operator to 2024-04-23 00:00:00+00:00, run_after=2024-04-24 00:00:00+00:00
[2024-04-24T05:26:33.161+0000] {processor.py:183} INFO - Processing /home/airflow/.local/lib/python3.8/site-packages/airflow/example_dags/example_bash_operator.py took 0.046 seconds
[2024-04-24T05:27:03.921+0000] {processor.py:161} INFO - Started process (PID=1883) to work on /home/airflow/.local/lib/python3.8/site-packages/airflow/example_dags/example_bash_operator.py
[2024-04-24T05:27:03.921+0000] {processor.py:830} INFO - Processing file /home/airflow/.local/lib/python3.8/site-packages/airflow/example_dags/example_bash_operator.py for tasks to queue
[2024-04-24T05:27:03.922+0000] {logging_mixin.py:188} INFO - [2024-04-24T05:27:03.922+0000] {dagbag.py:540} INFO - Filling up the DagBag from /home/airflow/.local/lib/python3.8/site-packages/airflow/example_dags/example_bash_operator.py
[2024-04-24T05:27:03.928+0000] {processor.py:840} INFO - DAG(s) 'example_bash_operator' retrieved from /home/airflow/.local/lib/python3.8/site-packages/airflow/example_dags/example_bash_operator.py
[2024-04-24T05:27:03.944+0000] {logging_mixin.py:188} INFO - [2024-04-24T05:27:03.944+0000] {dag.py:3047} INFO - Sync 1 DAGs
[2024-04-24T05:27:03.956+0000] {logging_mixin.py:188} INFO - [2024-04-24T05:27:03.956+0000] {dag.py:3834} INFO - Setting next_dagrun for example_bash_operator to 2024-04-23 00:00:00+00:00, run_after=2024-04-24 00:00:00+00:00
[2024-04-24T05:27:03.966+0000] {processor.py:183} INFO - Processing /home/airflow/.local/lib/python3.8/site-packages/airflow/example_dags/example_bash_operator.py took 0.047 seconds
[2024-04-24T05:27:34.461+0000] {processor.py:161} INFO - Started process (PID=1941) to work on /home/airflow/.local/lib/python3.8/site-packages/airflow/example_dags/example_bash_operator.py
[2024-04-24T05:27:34.461+0000] {processor.py:830} INFO - Processing file /home/airflow/.local/lib/python3.8/site-packages/airflow/example_dags/example_bash_operator.py for tasks to queue
[2024-04-24T05:27:34.462+0000] {logging_mixin.py:188} INFO - [2024-04-24T05:27:34.462+0000] {dagbag.py:540} INFO - Filling up the DagBag from /home/airflow/.local/lib/python3.8/site-packages/airflow/example_dags/example_bash_operator.py
[2024-04-24T05:27:34.468+0000] {processor.py:840} INFO - DAG(s) 'example_bash_operator' retrieved from /home/airflow/.local/lib/python3.8/site-packages/airflow/example_dags/example_bash_operator.py
[2024-04-24T05:27:34.483+0000] {logging_mixin.py:188} INFO - [2024-04-24T05:27:34.483+0000] {dag.py:3047} INFO - Sync 1 DAGs
[2024-04-24T05:27:34.495+0000] {logging_mixin.py:188} INFO - [2024-04-24T05:27:34.494+0000] {dag.py:3834} INFO - Setting next_dagrun for example_bash_operator to 2024-04-23 00:00:00+00:00, run_after=2024-04-24 00:00:00+00:00
[2024-04-24T05:27:34.504+0000] {processor.py:183} INFO - Processing /home/airflow/.local/lib/python3.8/site-packages/airflow/example_dags/example_bash_operator.py took 0.045 seconds
[2024-04-24T05:28:05.190+0000] {processor.py:161} INFO - Started process (PID=1999) to work on /home/airflow/.local/lib/python3.8/site-packages/airflow/example_dags/example_bash_operator.py
[2024-04-24T05:28:05.191+0000] {processor.py:830} INFO - Processing file /home/airflow/.local/lib/python3.8/site-packages/airflow/example_dags/example_bash_operator.py for tasks to queue
[2024-04-24T05:28:05.192+0000] {logging_mixin.py:188} INFO - [2024-04-24T05:28:05.192+0000] {dagbag.py:540} INFO - Filling up the DagBag from /home/airflow/.local/lib/python3.8/site-packages/airflow/example_dags/example_bash_operator.py
[2024-04-24T05:28:05.199+0000] {processor.py:840} INFO - DAG(s) 'example_bash_operator' retrieved from /home/airflow/.local/lib/python3.8/site-packages/airflow/example_dags/example_bash_operator.py
[2024-04-24T05:28:05.218+0000] {logging_mixin.py:188} INFO - [2024-04-24T05:28:05.217+0000] {dag.py:3047} INFO - Sync 1 DAGs
[2024-04-24T05:28:05.231+0000] {logging_mixin.py:188} INFO - [2024-04-24T05:28:05.231+0000] {dag.py:3834} INFO - Setting next_dagrun for example_bash_operator to 2024-04-23 00:00:00+00:00, run_after=2024-04-24 00:00:00+00:00
[2024-04-24T05:28:05.243+0000] {processor.py:183} INFO - Processing /home/airflow/.local/lib/python3.8/site-packages/airflow/example_dags/example_bash_operator.py took 0.055 seconds
[2024-04-24T05:28:35.922+0000] {processor.py:161} INFO - Started process (PID=2057) to work on /home/airflow/.local/lib/python3.8/site-packages/airflow/example_dags/example_bash_operator.py
[2024-04-24T05:28:35.922+0000] {processor.py:830} INFO - Processing file /home/airflow/.local/lib/python3.8/site-packages/airflow/example_dags/example_bash_operator.py for tasks to queue
[2024-04-24T05:28:35.923+0000] {logging_mixin.py:188} INFO - [2024-04-24T05:28:35.923+0000] {dagbag.py:540} INFO - Filling up the DagBag from /home/airflow/.local/lib/python3.8/site-packages/airflow/example_dags/example_bash_operator.py
[2024-04-24T05:28:35.929+0000] {processor.py:840} INFO - DAG(s) 'example_bash_operator' retrieved from /home/airflow/.local/lib/python3.8/site-packages/airflow/example_dags/example_bash_operator.py
[2024-04-24T05:28:35.944+0000] {logging_mixin.py:188} INFO - [2024-04-24T05:28:35.944+0000] {dag.py:3047} INFO - Sync 1 DAGs
[2024-04-24T05:28:35.956+0000] {logging_mixin.py:188} INFO - [2024-04-24T05:28:35.955+0000] {dag.py:3834} INFO - Setting next_dagrun for example_bash_operator to 2024-04-23 00:00:00+00:00, run_after=2024-04-24 00:00:00+00:00
[2024-04-24T05:28:35.965+0000] {processor.py:183} INFO - Processing /home/airflow/.local/lib/python3.8/site-packages/airflow/example_dags/example_bash_operator.py took 0.045 seconds
[2024-04-24T05:29:06.514+0000] {processor.py:161} INFO - Started process (PID=2115) to work on /home/airflow/.local/lib/python3.8/site-packages/airflow/example_dags/example_bash_operator.py
[2024-04-24T05:29:06.514+0000] {processor.py:830} INFO - Processing file /home/airflow/.local/lib/python3.8/site-packages/airflow/example_dags/example_bash_operator.py for tasks to queue
[2024-04-24T05:29:06.515+0000] {logging_mixin.py:188} INFO - [2024-04-24T05:29:06.515+0000] {dagbag.py:540} INFO - Filling up the DagBag from /home/airflow/.local/lib/python3.8/site-packages/airflow/example_dags/example_bash_operator.py
[2024-04-24T05:29:06.521+0000] {processor.py:840} INFO - DAG(s) 'example_bash_operator' retrieved from /home/airflow/.local/lib/python3.8/site-packages/airflow/example_dags/example_bash_operator.py
[2024-04-24T05:29:06.536+0000] {logging_mixin.py:188} INFO - [2024-04-24T05:29:06.536+0000] {dag.py:3047} INFO - Sync 1 DAGs
[2024-04-24T05:29:06.547+0000] {logging_mixin.py:188} INFO - [2024-04-24T05:29:06.547+0000] {dag.py:3834} INFO - Setting next_dagrun for example_bash_operator to 2024-04-23 00:00:00+00:00, run_after=2024-04-24 00:00:00+00:00
[2024-04-24T05:29:06.556+0000] {processor.py:183} INFO - Processing /home/airflow/.local/lib/python3.8/site-packages/airflow/example_dags/example_bash_operator.py took 0.045 seconds
[2024-04-24T05:29:37.038+0000] {processor.py:161} INFO - Started process (PID=2173) to work on /home/airflow/.local/lib/python3.8/site-packages/airflow/example_dags/example_bash_operator.py
[2024-04-24T05:29:37.038+0000] {processor.py:830} INFO - Processing file /home/airflow/.local/lib/python3.8/site-packages/airflow/example_dags/example_bash_operator.py for tasks to queue
[2024-04-24T05:29:37.039+0000] {logging_mixin.py:188} INFO - [2024-04-24T05:29:37.039+0000] {dagbag.py:540} INFO - Filling up the DagBag from /home/airflow/.local/lib/python3.8/site-packages/airflow/example_dags/example_bash_operator.py
[2024-04-24T05:29:37.046+0000] {processor.py:840} INFO - DAG(s) 'example_bash_operator' retrieved from /home/airflow/.local/lib/python3.8/site-packages/airflow/example_dags/example_bash_operator.py
[2024-04-24T05:29:37.060+0000] {logging_mixin.py:188} INFO - [2024-04-24T05:29:37.060+0000] {dag.py:3047} INFO - Sync 1 DAGs
[2024-04-24T05:29:37.072+0000] {logging_mixin.py:188} INFO - [2024-04-24T05:29:37.072+0000] {dag.py:3834} INFO - Setting next_dagrun for example_bash_operator to 2024-04-23 00:00:00+00:00, run_after=2024-04-24 00:00:00+00:00
[2024-04-24T05:29:37.081+0000] {processor.py:183} INFO - Processing /home/airflow/.local/lib/python3.8/site-packages/airflow/example_dags/example_bash_operator.py took 0.046 seconds
[2024-04-24T05:30:07.610+0000] {processor.py:161} INFO - Started process (PID=2231) to work on /home/airflow/.local/lib/python3.8/site-packages/airflow/example_dags/example_bash_operator.py
[2024-04-24T05:30:07.610+0000] {processor.py:830} INFO - Processing file /home/airflow/.local/lib/python3.8/site-packages/airflow/example_dags/example_bash_operator.py for tasks to queue
[2024-04-24T05:30:07.611+0000] {logging_mixin.py:188} INFO - [2024-04-24T05:30:07.611+0000] {dagbag.py:540} INFO - Filling up the DagBag from /home/airflow/.local/lib/python3.8/site-packages/airflow/example_dags/example_bash_operator.py
[2024-04-24T05:30:07.618+0000] {processor.py:840} INFO - DAG(s) 'example_bash_operator' retrieved from /home/airflow/.local/lib/python3.8/site-packages/airflow/example_dags/example_bash_operator.py
[2024-04-24T05:30:07.632+0000] {logging_mixin.py:188} INFO - [2024-04-24T05:30:07.632+0000] {dag.py:3047} INFO - Sync 1 DAGs
[2024-04-24T05:30:07.644+0000] {logging_mixin.py:188} INFO - [2024-04-24T05:30:07.644+0000] {dag.py:3834} INFO - Setting next_dagrun for example_bash_operator to 2024-04-23 00:00:00+00:00, run_after=2024-04-24 00:00:00+00:00
[2024-04-24T05:30:07.654+0000] {processor.py:183} INFO - Processing /home/airflow/.local/lib/python3.8/site-packages/airflow/example_dags/example_bash_operator.py took 0.046 seconds
[2024-04-24T05:30:38.189+0000] {processor.py:161} INFO - Started process (PID=2289) to work on /home/airflow/.local/lib/python3.8/site-packages/airflow/example_dags/example_bash_operator.py
[2024-04-24T05:30:38.190+0000] {processor.py:830} INFO - Processing file /home/airflow/.local/lib/python3.8/site-packages/airflow/example_dags/example_bash_operator.py for tasks to queue
[2024-04-24T05:30:38.191+0000] {logging_mixin.py:188} INFO - [2024-04-24T05:30:38.191+0000] {dagbag.py:540} INFO - Filling up the DagBag from /home/airflow/.local/lib/python3.8/site-packages/airflow/example_dags/example_bash_operator.py
[2024-04-24T05:30:38.197+0000] {processor.py:840} INFO - DAG(s) 'example_bash_operator' retrieved from /home/airflow/.local/lib/python3.8/site-packages/airflow/example_dags/example_bash_operator.py
[2024-04-24T05:30:38.211+0000] {logging_mixin.py:188} INFO - [2024-04-24T05:30:38.211+0000] {dag.py:3047} INFO - Sync 1 DAGs
[2024-04-24T05:30:38.223+0000] {logging_mixin.py:188} INFO - [2024-04-24T05:30:38.223+0000] {dag.py:3834} INFO - Setting next_dagrun for example_bash_operator to 2024-04-23 00:00:00+00:00, run_after=2024-04-24 00:00:00+00:00
[2024-04-24T05:30:38.233+0000] {processor.py:183} INFO - Processing /home/airflow/.local/lib/python3.8/site-packages/airflow/example_dags/example_bash_operator.py took 0.045 seconds
[2024-04-24T05:31:08.751+0000] {processor.py:161} INFO - Started process (PID=2347) to work on /home/airflow/.local/lib/python3.8/site-packages/airflow/example_dags/example_bash_operator.py
[2024-04-24T05:31:08.752+0000] {processor.py:830} INFO - Processing file /home/airflow/.local/lib/python3.8/site-packages/airflow/example_dags/example_bash_operator.py for tasks to queue
[2024-04-24T05:31:08.753+0000] {logging_mixin.py:188} INFO - [2024-04-24T05:31:08.753+0000] {dagbag.py:540} INFO - Filling up the DagBag from /home/airflow/.local/lib/python3.8/site-packages/airflow/example_dags/example_bash_operator.py
[2024-04-24T05:31:08.759+0000] {processor.py:840} INFO - DAG(s) 'example_bash_operator' retrieved from /home/airflow/.local/lib/python3.8/site-packages/airflow/example_dags/example_bash_operator.py
[2024-04-24T05:31:08.775+0000] {logging_mixin.py:188} INFO - [2024-04-24T05:31:08.774+0000] {dag.py:3047} INFO - Sync 1 DAGs
[2024-04-24T05:31:08.786+0000] {logging_mixin.py:188} INFO - [2024-04-24T05:31:08.786+0000] {dag.py:3834} INFO - Setting next_dagrun for example_bash_operator to 2024-04-23 00:00:00+00:00, run_after=2024-04-24 00:00:00+00:00
[2024-04-24T05:31:08.796+0000] {processor.py:183} INFO - Processing /home/airflow/.local/lib/python3.8/site-packages/airflow/example_dags/example_bash_operator.py took 0.047 seconds
[2024-04-24T05:31:39.589+0000] {processor.py:161} INFO - Started process (PID=2405) to work on /home/airflow/.local/lib/python3.8/site-packages/airflow/example_dags/example_bash_operator.py
[2024-04-24T05:31:39.590+0000] {processor.py:830} INFO - Processing file /home/airflow/.local/lib/python3.8/site-packages/airflow/example_dags/example_bash_operator.py for tasks to queue
[2024-04-24T05:31:39.591+0000] {logging_mixin.py:188} INFO - [2024-04-24T05:31:39.591+0000] {dagbag.py:540} INFO - Filling up the DagBag from /home/airflow/.local/lib/python3.8/site-packages/airflow/example_dags/example_bash_operator.py
[2024-04-24T05:31:39.597+0000] {processor.py:840} INFO - DAG(s) 'example_bash_operator' retrieved from /home/airflow/.local/lib/python3.8/site-packages/airflow/example_dags/example_bash_operator.py
[2024-04-24T05:31:39.612+0000] {logging_mixin.py:188} INFO - [2024-04-24T05:31:39.612+0000] {dag.py:3047} INFO - Sync 1 DAGs
[2024-04-24T05:31:39.624+0000] {logging_mixin.py:188} INFO - [2024-04-24T05:31:39.623+0000] {dag.py:3834} INFO - Setting next_dagrun for example_bash_operator to 2024-04-23 00:00:00+00:00, run_after=2024-04-24 00:00:00+00:00
[2024-04-24T05:31:39.633+0000] {processor.py:183} INFO - Processing /home/airflow/.local/lib/python3.8/site-packages/airflow/example_dags/example_bash_operator.py took 0.046 seconds
[2024-04-24T05:32:10.161+0000] {processor.py:161} INFO - Started process (PID=2463) to work on /home/airflow/.local/lib/python3.8/site-packages/airflow/example_dags/example_bash_operator.py
[2024-04-24T05:32:10.162+0000] {processor.py:830} INFO - Processing file /home/airflow/.local/lib/python3.8/site-packages/airflow/example_dags/example_bash_operator.py for tasks to queue
[2024-04-24T05:32:10.163+0000] {logging_mixin.py:188} INFO - [2024-04-24T05:32:10.162+0000] {dagbag.py:540} INFO - Filling up the DagBag from /home/airflow/.local/lib/python3.8/site-packages/airflow/example_dags/example_bash_operator.py
[2024-04-24T05:32:10.169+0000] {processor.py:840} INFO - DAG(s) 'example_bash_operator' retrieved from /home/airflow/.local/lib/python3.8/site-packages/airflow/example_dags/example_bash_operator.py
[2024-04-24T05:32:10.184+0000] {logging_mixin.py:188} INFO - [2024-04-24T05:32:10.184+0000] {dag.py:3047} INFO - Sync 1 DAGs
[2024-04-24T05:32:10.196+0000] {logging_mixin.py:188} INFO - [2024-04-24T05:32:10.196+0000] {dag.py:3834} INFO - Setting next_dagrun for example_bash_operator to 2024-04-23 00:00:00+00:00, run_after=2024-04-24 00:00:00+00:00
[2024-04-24T05:32:10.206+0000] {processor.py:183} INFO - Processing /home/airflow/.local/lib/python3.8/site-packages/airflow/example_dags/example_bash_operator.py took 0.047 seconds
[2024-04-24T05:32:40.629+0000] {processor.py:161} INFO - Started process (PID=2522) to work on /home/airflow/.local/lib/python3.8/site-packages/airflow/example_dags/example_bash_operator.py
[2024-04-24T05:32:40.630+0000] {processor.py:830} INFO - Processing file /home/airflow/.local/lib/python3.8/site-packages/airflow/example_dags/example_bash_operator.py for tasks to queue
[2024-04-24T05:32:40.631+0000] {logging_mixin.py:188} INFO - [2024-04-24T05:32:40.630+0000] {dagbag.py:540} INFO - Filling up the DagBag from /home/airflow/.local/lib/python3.8/site-packages/airflow/example_dags/example_bash_operator.py
[2024-04-24T05:32:40.637+0000] {processor.py:840} INFO - DAG(s) 'example_bash_operator' retrieved from /home/airflow/.local/lib/python3.8/site-packages/airflow/example_dags/example_bash_operator.py
[2024-04-24T05:32:40.652+0000] {logging_mixin.py:188} INFO - [2024-04-24T05:32:40.652+0000] {dag.py:3047} INFO - Sync 1 DAGs
[2024-04-24T05:32:40.664+0000] {logging_mixin.py:188} INFO - [2024-04-24T05:32:40.663+0000] {dag.py:3834} INFO - Setting next_dagrun for example_bash_operator to 2024-04-23 00:00:00+00:00, run_after=2024-04-24 00:00:00+00:00
[2024-04-24T05:32:40.673+0000] {processor.py:183} INFO - Processing /home/airflow/.local/lib/python3.8/site-packages/airflow/example_dags/example_bash_operator.py took 0.046 seconds
[2024-04-24T05:33:11.047+0000] {processor.py:161} INFO - Started process (PID=2577) to work on /home/airflow/.local/lib/python3.8/site-packages/airflow/example_dags/example_bash_operator.py
[2024-04-24T05:33:11.047+0000] {processor.py:830} INFO - Processing file /home/airflow/.local/lib/python3.8/site-packages/airflow/example_dags/example_bash_operator.py for tasks to queue
[2024-04-24T05:33:11.048+0000] {logging_mixin.py:188} INFO - [2024-04-24T05:33:11.048+0000] {dagbag.py:540} INFO - Filling up the DagBag from /home/airflow/.local/lib/python3.8/site-packages/airflow/example_dags/example_bash_operator.py
[2024-04-24T05:33:11.055+0000] {processor.py:840} INFO - DAG(s) 'example_bash_operator' retrieved from /home/airflow/.local/lib/python3.8/site-packages/airflow/example_dags/example_bash_operator.py
[2024-04-24T05:33:11.070+0000] {logging_mixin.py:188} INFO - [2024-04-24T05:33:11.070+0000] {dag.py:3047} INFO - Sync 1 DAGs
[2024-04-24T05:33:11.082+0000] {logging_mixin.py:188} INFO - [2024-04-24T05:33:11.082+0000] {dag.py:3834} INFO - Setting next_dagrun for example_bash_operator to 2024-04-23 00:00:00+00:00, run_after=2024-04-24 00:00:00+00:00
[2024-04-24T05:33:11.091+0000] {processor.py:183} INFO - Processing /home/airflow/.local/lib/python3.8/site-packages/airflow/example_dags/example_bash_operator.py took 0.046 seconds
[2024-04-24T05:33:41.418+0000] {processor.py:161} INFO - Started process (PID=2632) to work on /home/airflow/.local/lib/python3.8/site-packages/airflow/example_dags/example_bash_operator.py
[2024-04-24T05:33:41.419+0000] {processor.py:830} INFO - Processing file /home/airflow/.local/lib/python3.8/site-packages/airflow/example_dags/example_bash_operator.py for tasks to queue
[2024-04-24T05:33:41.419+0000] {logging_mixin.py:188} INFO - [2024-04-24T05:33:41.419+0000] {dagbag.py:540} INFO - Filling up the DagBag from /home/airflow/.local/lib/python3.8/site-packages/airflow/example_dags/example_bash_operator.py
[2024-04-24T05:33:41.426+0000] {processor.py:840} INFO - DAG(s) 'example_bash_operator' retrieved from /home/airflow/.local/lib/python3.8/site-packages/airflow/example_dags/example_bash_operator.py
[2024-04-24T05:33:41.441+0000] {logging_mixin.py:188} INFO - [2024-04-24T05:33:41.441+0000] {dag.py:3047} INFO - Sync 1 DAGs
[2024-04-24T05:33:41.452+0000] {logging_mixin.py:188} INFO - [2024-04-24T05:33:41.452+0000] {dag.py:3834} INFO - Setting next_dagrun for example_bash_operator to 2024-04-23 00:00:00+00:00, run_after=2024-04-24 00:00:00+00:00
[2024-04-24T05:33:41.461+0000] {processor.py:183} INFO - Processing /home/airflow/.local/lib/python3.8/site-packages/airflow/example_dags/example_bash_operator.py took 0.045 seconds
[2024-04-24T05:34:11.922+0000] {processor.py:161} INFO - Started process (PID=2687) to work on /home/airflow/.local/lib/python3.8/site-packages/airflow/example_dags/example_bash_operator.py
[2024-04-24T05:34:11.923+0000] {processor.py:830} INFO - Processing file /home/airflow/.local/lib/python3.8/site-packages/airflow/example_dags/example_bash_operator.py for tasks to queue
[2024-04-24T05:34:11.923+0000] {logging_mixin.py:188} INFO - [2024-04-24T05:34:11.923+0000] {dagbag.py:540} INFO - Filling up the DagBag from /home/airflow/.local/lib/python3.8/site-packages/airflow/example_dags/example_bash_operator.py
[2024-04-24T05:34:11.930+0000] {processor.py:840} INFO - DAG(s) 'example_bash_operator' retrieved from /home/airflow/.local/lib/python3.8/site-packages/airflow/example_dags/example_bash_operator.py
[2024-04-24T05:34:11.945+0000] {logging_mixin.py:188} INFO - [2024-04-24T05:34:11.945+0000] {dag.py:3047} INFO - Sync 1 DAGs
[2024-04-24T05:34:11.957+0000] {logging_mixin.py:188} INFO - [2024-04-24T05:34:11.957+0000] {dag.py:3834} INFO - Setting next_dagrun for example_bash_operator to 2024-04-23 00:00:00+00:00, run_after=2024-04-24 00:00:00+00:00
[2024-04-24T05:34:11.966+0000] {processor.py:183} INFO - Processing /home/airflow/.local/lib/python3.8/site-packages/airflow/example_dags/example_bash_operator.py took 0.045 seconds
[2024-04-24T05:34:42.556+0000] {processor.py:161} INFO - Started process (PID=2748) to work on /home/airflow/.local/lib/python3.8/site-packages/airflow/example_dags/example_bash_operator.py
[2024-04-24T05:34:42.557+0000] {processor.py:830} INFO - Processing file /home/airflow/.local/lib/python3.8/site-packages/airflow/example_dags/example_bash_operator.py for tasks to queue
[2024-04-24T05:34:42.557+0000] {logging_mixin.py:188} INFO - [2024-04-24T05:34:42.557+0000] {dagbag.py:540} INFO - Filling up the DagBag from /home/airflow/.local/lib/python3.8/site-packages/airflow/example_dags/example_bash_operator.py
[2024-04-24T05:34:42.564+0000] {processor.py:840} INFO - DAG(s) 'example_bash_operator' retrieved from /home/airflow/.local/lib/python3.8/site-packages/airflow/example_dags/example_bash_operator.py
[2024-04-24T05:34:42.579+0000] {logging_mixin.py:188} INFO - [2024-04-24T05:34:42.579+0000] {dag.py:3047} INFO - Sync 1 DAGs
[2024-04-24T05:34:42.591+0000] {logging_mixin.py:188} INFO - [2024-04-24T05:34:42.591+0000] {dag.py:3834} INFO - Setting next_dagrun for example_bash_operator to 2024-04-23 00:00:00+00:00, run_after=2024-04-24 00:00:00+00:00
[2024-04-24T05:34:42.601+0000] {processor.py:183} INFO - Processing /home/airflow/.local/lib/python3.8/site-packages/airflow/example_dags/example_bash_operator.py took 0.046 seconds
[2024-04-24T05:35:13.227+0000] {processor.py:161} INFO - Started process (PID=2803) to work on /home/airflow/.local/lib/python3.8/site-packages/airflow/example_dags/example_bash_operator.py
[2024-04-24T05:35:13.227+0000] {processor.py:830} INFO - Processing file /home/airflow/.local/lib/python3.8/site-packages/airflow/example_dags/example_bash_operator.py for tasks to queue
[2024-04-24T05:35:13.228+0000] {logging_mixin.py:188} INFO - [2024-04-24T05:35:13.228+0000] {dagbag.py:540} INFO - Filling up the DagBag from /home/airflow/.local/lib/python3.8/site-packages/airflow/example_dags/example_bash_operator.py
[2024-04-24T05:35:13.234+0000] {processor.py:840} INFO - DAG(s) 'example_bash_operator' retrieved from /home/airflow/.local/lib/python3.8/site-packages/airflow/example_dags/example_bash_operator.py
[2024-04-24T05:35:13.250+0000] {logging_mixin.py:188} INFO - [2024-04-24T05:35:13.249+0000] {dag.py:3047} INFO - Sync 1 DAGs
[2024-04-24T05:35:13.261+0000] {logging_mixin.py:188} INFO - [2024-04-24T05:35:13.261+0000] {dag.py:3834} INFO - Setting next_dagrun for example_bash_operator to 2024-04-23 00:00:00+00:00, run_after=2024-04-24 00:00:00+00:00
[2024-04-24T05:35:13.271+0000] {processor.py:183} INFO - Processing /home/airflow/.local/lib/python3.8/site-packages/airflow/example_dags/example_bash_operator.py took 0.046 seconds
[2024-04-24T05:35:43.959+0000] {processor.py:161} INFO - Started process (PID=2858) to work on /home/airflow/.local/lib/python3.8/site-packages/airflow/example_dags/example_bash_operator.py
[2024-04-24T05:35:43.960+0000] {processor.py:830} INFO - Processing file /home/airflow/.local/lib/python3.8/site-packages/airflow/example_dags/example_bash_operator.py for tasks to queue
[2024-04-24T05:35:43.960+0000] {logging_mixin.py:188} INFO - [2024-04-24T05:35:43.960+0000] {dagbag.py:540} INFO - Filling up the DagBag from /home/airflow/.local/lib/python3.8/site-packages/airflow/example_dags/example_bash_operator.py
[2024-04-24T05:35:43.967+0000] {processor.py:840} INFO - DAG(s) 'example_bash_operator' retrieved from /home/airflow/.local/lib/python3.8/site-packages/airflow/example_dags/example_bash_operator.py
[2024-04-24T05:35:43.982+0000] {logging_mixin.py:188} INFO - [2024-04-24T05:35:43.982+0000] {dag.py:3047} INFO - Sync 1 DAGs
[2024-04-24T05:35:43.993+0000] {logging_mixin.py:188} INFO - [2024-04-24T05:35:43.993+0000] {dag.py:3834} INFO - Setting next_dagrun for example_bash_operator to 2024-04-23 00:00:00+00:00, run_after=2024-04-24 00:00:00+00:00
[2024-04-24T05:35:44.003+0000] {processor.py:183} INFO - Processing /home/airflow/.local/lib/python3.8/site-packages/airflow/example_dags/example_bash_operator.py took 0.046 seconds
[2024-04-24T05:36:14.400+0000] {processor.py:161} INFO - Started process (PID=2913) to work on /home/airflow/.local/lib/python3.8/site-packages/airflow/example_dags/example_bash_operator.py
[2024-04-24T05:36:14.400+0000] {processor.py:830} INFO - Processing file /home/airflow/.local/lib/python3.8/site-packages/airflow/example_dags/example_bash_operator.py for tasks to queue
[2024-04-24T05:36:14.401+0000] {logging_mixin.py:188} INFO - [2024-04-24T05:36:14.401+0000] {dagbag.py:540} INFO - Filling up the DagBag from /home/airflow/.local/lib/python3.8/site-packages/airflow/example_dags/example_bash_operator.py
[2024-04-24T05:36:14.407+0000] {processor.py:840} INFO - DAG(s) 'example_bash_operator' retrieved from /home/airflow/.local/lib/python3.8/site-packages/airflow/example_dags/example_bash_operator.py
[2024-04-24T05:36:14.423+0000] {logging_mixin.py:188} INFO - [2024-04-24T05:36:14.423+0000] {dag.py:3047} INFO - Sync 1 DAGs
[2024-04-24T05:36:14.434+0000] {logging_mixin.py:188} INFO - [2024-04-24T05:36:14.434+0000] {dag.py:3834} INFO - Setting next_dagrun for example_bash_operator to 2024-04-23 00:00:00+00:00, run_after=2024-04-24 00:00:00+00:00
[2024-04-24T05:36:14.444+0000] {processor.py:183} INFO - Processing /home/airflow/.local/lib/python3.8/site-packages/airflow/example_dags/example_bash_operator.py took 0.046 seconds
[2024-04-24T05:36:44.929+0000] {processor.py:161} INFO - Started process (PID=2968) to work on /home/airflow/.local/lib/python3.8/site-packages/airflow/example_dags/example_bash_operator.py
[2024-04-24T05:36:44.930+0000] {processor.py:830} INFO - Processing file /home/airflow/.local/lib/python3.8/site-packages/airflow/example_dags/example_bash_operator.py for tasks to queue
[2024-04-24T05:36:44.931+0000] {logging_mixin.py:188} INFO - [2024-04-24T05:36:44.930+0000] {dagbag.py:540} INFO - Filling up the DagBag from /home/airflow/.local/lib/python3.8/site-packages/airflow/example_dags/example_bash_operator.py
[2024-04-24T05:36:44.937+0000] {processor.py:840} INFO - DAG(s) 'example_bash_operator' retrieved from /home/airflow/.local/lib/python3.8/site-packages/airflow/example_dags/example_bash_operator.py
[2024-04-24T05:36:44.952+0000] {logging_mixin.py:188} INFO - [2024-04-24T05:36:44.952+0000] {dag.py:3047} INFO - Sync 1 DAGs
[2024-04-24T05:36:44.964+0000] {logging_mixin.py:188} INFO - [2024-04-24T05:36:44.964+0000] {dag.py:3834} INFO - Setting next_dagrun for example_bash_operator to 2024-04-23 00:00:00+00:00, run_after=2024-04-24 00:00:00+00:00
[2024-04-24T05:36:44.973+0000] {processor.py:183} INFO - Processing /home/airflow/.local/lib/python3.8/site-packages/airflow/example_dags/example_bash_operator.py took 0.045 seconds
[2024-04-24T05:37:15.514+0000] {processor.py:161} INFO - Started process (PID=3023) to work on /home/airflow/.local/lib/python3.8/site-packages/airflow/example_dags/example_bash_operator.py
[2024-04-24T05:37:15.514+0000] {processor.py:830} INFO - Processing file /home/airflow/.local/lib/python3.8/site-packages/airflow/example_dags/example_bash_operator.py for tasks to queue
[2024-04-24T05:37:15.515+0000] {logging_mixin.py:188} INFO - [2024-04-24T05:37:15.515+0000] {dagbag.py:540} INFO - Filling up the DagBag from /home/airflow/.local/lib/python3.8/site-packages/airflow/example_dags/example_bash_operator.py
[2024-04-24T05:37:15.521+0000] {processor.py:840} INFO - DAG(s) 'example_bash_operator' retrieved from /home/airflow/.local/lib/python3.8/site-packages/airflow/example_dags/example_bash_operator.py
[2024-04-24T05:37:15.537+0000] {logging_mixin.py:188} INFO - [2024-04-24T05:37:15.537+0000] {dag.py:3047} INFO - Sync 1 DAGs
[2024-04-24T05:37:15.549+0000] {logging_mixin.py:188} INFO - [2024-04-24T05:37:15.549+0000] {dag.py:3834} INFO - Setting next_dagrun for example_bash_operator to 2024-04-23 00:00:00+00:00, run_after=2024-04-24 00:00:00+00:00
[2024-04-24T05:37:15.558+0000] {processor.py:183} INFO - Processing /home/airflow/.local/lib/python3.8/site-packages/airflow/example_dags/example_bash_operator.py took 0.046 seconds
[2024-04-24T05:37:46.072+0000] {processor.py:161} INFO - Started process (PID=3078) to work on /home/airflow/.local/lib/python3.8/site-packages/airflow/example_dags/example_bash_operator.py
[2024-04-24T05:37:46.073+0000] {processor.py:830} INFO - Processing file /home/airflow/.local/lib/python3.8/site-packages/airflow/example_dags/example_bash_operator.py for tasks to queue
[2024-04-24T05:37:46.073+0000] {logging_mixin.py:188} INFO - [2024-04-24T05:37:46.073+0000] {dagbag.py:540} INFO - Filling up the DagBag from /home/airflow/.local/lib/python3.8/site-packages/airflow/example_dags/example_bash_operator.py
[2024-04-24T05:37:46.080+0000] {processor.py:840} INFO - DAG(s) 'example_bash_operator' retrieved from /home/airflow/.local/lib/python3.8/site-packages/airflow/example_dags/example_bash_operator.py
[2024-04-24T05:37:46.094+0000] {logging_mixin.py:188} INFO - [2024-04-24T05:37:46.094+0000] {dag.py:3047} INFO - Sync 1 DAGs
[2024-04-24T05:37:46.106+0000] {logging_mixin.py:188} INFO - [2024-04-24T05:37:46.106+0000] {dag.py:3834} INFO - Setting next_dagrun for example_bash_operator to 2024-04-23 00:00:00+00:00, run_after=2024-04-24 00:00:00+00:00
[2024-04-24T05:37:46.115+0000] {processor.py:183} INFO - Processing /home/airflow/.local/lib/python3.8/site-packages/airflow/example_dags/example_bash_operator.py took 0.045 seconds
[2024-04-24T05:38:16.553+0000] {processor.py:161} INFO - Started process (PID=3133) to work on /home/airflow/.local/lib/python3.8/site-packages/airflow/example_dags/example_bash_operator.py
[2024-04-24T05:38:16.554+0000] {processor.py:830} INFO - Processing file /home/airflow/.local/lib/python3.8/site-packages/airflow/example_dags/example_bash_operator.py for tasks to queue
[2024-04-24T05:38:16.554+0000] {logging_mixin.py:188} INFO - [2024-04-24T05:38:16.554+0000] {dagbag.py:540} INFO - Filling up the DagBag from /home/airflow/.local/lib/python3.8/site-packages/airflow/example_dags/example_bash_operator.py
[2024-04-24T05:38:16.561+0000] {processor.py:840} INFO - DAG(s) 'example_bash_operator' retrieved from /home/airflow/.local/lib/python3.8/site-packages/airflow/example_dags/example_bash_operator.py
[2024-04-24T05:38:16.576+0000] {logging_mixin.py:188} INFO - [2024-04-24T05:38:16.576+0000] {dag.py:3047} INFO - Sync 1 DAGs
[2024-04-24T05:38:16.588+0000] {logging_mixin.py:188} INFO - [2024-04-24T05:38:16.588+0000] {dag.py:3834} INFO - Setting next_dagrun for example_bash_operator to 2024-04-23 00:00:00+00:00, run_after=2024-04-24 00:00:00+00:00
[2024-04-24T05:38:16.597+0000] {processor.py:183} INFO - Processing /home/airflow/.local/lib/python3.8/site-packages/airflow/example_dags/example_bash_operator.py took 0.045 seconds
[2024-04-24T05:40:51.373+0000] {processor.py:161} INFO - Started process (PID=81) to work on /home/airflow/.local/lib/python3.8/site-packages/airflow/example_dags/example_bash_operator.py
[2024-04-24T05:40:51.374+0000] {processor.py:830} INFO - Processing file /home/airflow/.local/lib/python3.8/site-packages/airflow/example_dags/example_bash_operator.py for tasks to queue
[2024-04-24T05:40:51.375+0000] {logging_mixin.py:188} INFO - [2024-04-24T05:40:51.375+0000] {dagbag.py:540} INFO - Filling up the DagBag from /home/airflow/.local/lib/python3.8/site-packages/airflow/example_dags/example_bash_operator.py
[2024-04-24T05:40:51.383+0000] {processor.py:840} INFO - DAG(s) 'example_bash_operator' retrieved from /home/airflow/.local/lib/python3.8/site-packages/airflow/example_dags/example_bash_operator.py
[2024-04-24T05:40:51.390+0000] {logging_mixin.py:188} INFO - [2024-04-24T05:40:51.390+0000] {dag.py:3047} INFO - Sync 1 DAGs
[2024-04-24T05:40:51.403+0000] {logging_mixin.py:188} INFO - [2024-04-24T05:40:51.403+0000] {dag.py:3834} INFO - Setting next_dagrun for example_bash_operator to 2024-04-23 00:00:00+00:00, run_after=2024-04-24 00:00:00+00:00
[2024-04-24T05:40:51.413+0000] {processor.py:183} INFO - Processing /home/airflow/.local/lib/python3.8/site-packages/airflow/example_dags/example_bash_operator.py took 0.042 seconds
[2024-04-24T05:41:22.607+0000] {processor.py:161} INFO - Started process (PID=136) to work on /home/airflow/.local/lib/python3.8/site-packages/airflow/example_dags/example_bash_operator.py
[2024-04-24T05:41:22.608+0000] {processor.py:830} INFO - Processing file /home/airflow/.local/lib/python3.8/site-packages/airflow/example_dags/example_bash_operator.py for tasks to queue
[2024-04-24T05:41:22.609+0000] {logging_mixin.py:188} INFO - [2024-04-24T05:41:22.609+0000] {dagbag.py:540} INFO - Filling up the DagBag from /home/airflow/.local/lib/python3.8/site-packages/airflow/example_dags/example_bash_operator.py
[2024-04-24T05:41:22.615+0000] {processor.py:840} INFO - DAG(s) 'example_bash_operator' retrieved from /home/airflow/.local/lib/python3.8/site-packages/airflow/example_dags/example_bash_operator.py
[2024-04-24T05:41:22.670+0000] {logging_mixin.py:188} INFO - [2024-04-24T05:41:22.670+0000] {dag.py:3047} INFO - Sync 1 DAGs
[2024-04-24T05:41:22.681+0000] {logging_mixin.py:188} INFO - [2024-04-24T05:41:22.681+0000] {dag.py:3834} INFO - Setting next_dagrun for example_bash_operator to 2024-04-23 00:00:00+00:00, run_after=2024-04-24 00:00:00+00:00
[2024-04-24T05:41:22.692+0000] {processor.py:183} INFO - Processing /home/airflow/.local/lib/python3.8/site-packages/airflow/example_dags/example_bash_operator.py took 0.087 seconds
