[2024-04-24T05:11:15.732+0000] {processor.py:161} INFO - Started process (PID=78) to work on /home/airflow/.local/lib/python3.8/site-packages/airflow/example_dags/example_latest_only.py
[2024-04-24T05:11:15.733+0000] {processor.py:830} INFO - Processing file /home/airflow/.local/lib/python3.8/site-packages/airflow/example_dags/example_latest_only.py for tasks to queue
[2024-04-24T05:11:15.735+0000] {logging_mixin.py:188} INFO - [2024-04-24T05:11:15.734+0000] {dagbag.py:540} INFO - Filling up the DagBag from /home/airflow/.local/lib/python3.8/site-packages/airflow/example_dags/example_latest_only.py
[2024-04-24T05:11:15.739+0000] {processor.py:840} INFO - DAG(s) 'latest_only' retrieved from /home/airflow/.local/lib/python3.8/site-packages/airflow/example_dags/example_latest_only.py
[2024-04-24T05:11:15.753+0000] {logging_mixin.py:188} INFO - [2024-04-24T05:11:15.753+0000] {dag.py:3047} INFO - Sync 1 DAGs
[2024-04-24T05:11:15.765+0000] {logging_mixin.py:188} INFO - [2024-04-24T05:11:15.765+0000] {dag.py:3834} INFO - Setting next_dagrun for latest_only to 2024-04-24 00:00:00+00:00, run_after=2024-04-24 04:00:00+00:00
[2024-04-24T05:11:15.775+0000] {processor.py:183} INFO - Processing /home/airflow/.local/lib/python3.8/site-packages/airflow/example_dags/example_latest_only.py took 0.045 seconds
[2024-04-24T05:11:46.486+0000] {processor.py:161} INFO - Started process (PID=136) to work on /home/airflow/.local/lib/python3.8/site-packages/airflow/example_dags/example_latest_only.py
[2024-04-24T05:11:46.486+0000] {processor.py:830} INFO - Processing file /home/airflow/.local/lib/python3.8/site-packages/airflow/example_dags/example_latest_only.py for tasks to queue
[2024-04-24T05:11:46.487+0000] {logging_mixin.py:188} INFO - [2024-04-24T05:11:46.487+0000] {dagbag.py:540} INFO - Filling up the DagBag from /home/airflow/.local/lib/python3.8/site-packages/airflow/example_dags/example_latest_only.py
[2024-04-24T05:11:46.490+0000] {processor.py:840} INFO - DAG(s) 'latest_only' retrieved from /home/airflow/.local/lib/python3.8/site-packages/airflow/example_dags/example_latest_only.py
[2024-04-24T05:11:46.501+0000] {logging_mixin.py:188} INFO - [2024-04-24T05:11:46.500+0000] {dag.py:3047} INFO - Sync 1 DAGs
[2024-04-24T05:11:46.512+0000] {logging_mixin.py:188} INFO - [2024-04-24T05:11:46.512+0000] {dag.py:3834} INFO - Setting next_dagrun for latest_only to 2024-04-24 00:00:00+00:00, run_after=2024-04-24 04:00:00+00:00
[2024-04-24T05:11:46.521+0000] {processor.py:183} INFO - Processing /home/airflow/.local/lib/python3.8/site-packages/airflow/example_dags/example_latest_only.py took 0.037 seconds
[2024-04-24T05:12:17.093+0000] {processor.py:161} INFO - Started process (PID=194) to work on /home/airflow/.local/lib/python3.8/site-packages/airflow/example_dags/example_latest_only.py
[2024-04-24T05:12:17.093+0000] {processor.py:830} INFO - Processing file /home/airflow/.local/lib/python3.8/site-packages/airflow/example_dags/example_latest_only.py for tasks to queue
[2024-04-24T05:12:17.094+0000] {logging_mixin.py:188} INFO - [2024-04-24T05:12:17.094+0000] {dagbag.py:540} INFO - Filling up the DagBag from /home/airflow/.local/lib/python3.8/site-packages/airflow/example_dags/example_latest_only.py
[2024-04-24T05:12:17.097+0000] {processor.py:840} INFO - DAG(s) 'latest_only' retrieved from /home/airflow/.local/lib/python3.8/site-packages/airflow/example_dags/example_latest_only.py
[2024-04-24T05:12:17.107+0000] {logging_mixin.py:188} INFO - [2024-04-24T05:12:17.107+0000] {dag.py:3047} INFO - Sync 1 DAGs
[2024-04-24T05:12:17.119+0000] {logging_mixin.py:188} INFO - [2024-04-24T05:12:17.118+0000] {dag.py:3834} INFO - Setting next_dagrun for latest_only to 2024-04-24 00:00:00+00:00, run_after=2024-04-24 04:00:00+00:00
[2024-04-24T05:12:17.128+0000] {processor.py:183} INFO - Processing /home/airflow/.local/lib/python3.8/site-packages/airflow/example_dags/example_latest_only.py took 0.037 seconds
[2024-04-24T05:12:47.778+0000] {processor.py:161} INFO - Started process (PID=252) to work on /home/airflow/.local/lib/python3.8/site-packages/airflow/example_dags/example_latest_only.py
[2024-04-24T05:12:47.779+0000] {processor.py:830} INFO - Processing file /home/airflow/.local/lib/python3.8/site-packages/airflow/example_dags/example_latest_only.py for tasks to queue
[2024-04-24T05:12:47.780+0000] {logging_mixin.py:188} INFO - [2024-04-24T05:12:47.780+0000] {dagbag.py:540} INFO - Filling up the DagBag from /home/airflow/.local/lib/python3.8/site-packages/airflow/example_dags/example_latest_only.py
[2024-04-24T05:12:47.784+0000] {processor.py:840} INFO - DAG(s) 'latest_only' retrieved from /home/airflow/.local/lib/python3.8/site-packages/airflow/example_dags/example_latest_only.py
[2024-04-24T05:12:47.795+0000] {logging_mixin.py:188} INFO - [2024-04-24T05:12:47.795+0000] {dag.py:3047} INFO - Sync 1 DAGs
[2024-04-24T05:12:47.808+0000] {logging_mixin.py:188} INFO - [2024-04-24T05:12:47.808+0000] {dag.py:3834} INFO - Setting next_dagrun for latest_only to 2024-04-24 00:00:00+00:00, run_after=2024-04-24 04:00:00+00:00
[2024-04-24T05:12:47.819+0000] {processor.py:183} INFO - Processing /home/airflow/.local/lib/python3.8/site-packages/airflow/example_dags/example_latest_only.py took 0.043 seconds
[2024-04-24T05:13:18.399+0000] {processor.py:161} INFO - Started process (PID=310) to work on /home/airflow/.local/lib/python3.8/site-packages/airflow/example_dags/example_latest_only.py
[2024-04-24T05:13:18.399+0000] {processor.py:830} INFO - Processing file /home/airflow/.local/lib/python3.8/site-packages/airflow/example_dags/example_latest_only.py for tasks to queue
[2024-04-24T05:13:18.400+0000] {logging_mixin.py:188} INFO - [2024-04-24T05:13:18.400+0000] {dagbag.py:540} INFO - Filling up the DagBag from /home/airflow/.local/lib/python3.8/site-packages/airflow/example_dags/example_latest_only.py
[2024-04-24T05:13:18.403+0000] {processor.py:840} INFO - DAG(s) 'latest_only' retrieved from /home/airflow/.local/lib/python3.8/site-packages/airflow/example_dags/example_latest_only.py
[2024-04-24T05:13:18.413+0000] {logging_mixin.py:188} INFO - [2024-04-24T05:13:18.413+0000] {dag.py:3047} INFO - Sync 1 DAGs
[2024-04-24T05:13:18.425+0000] {logging_mixin.py:188} INFO - [2024-04-24T05:13:18.425+0000] {dag.py:3834} INFO - Setting next_dagrun for latest_only to 2024-04-24 00:00:00+00:00, run_after=2024-04-24 04:00:00+00:00
[2024-04-24T05:13:18.434+0000] {processor.py:183} INFO - Processing /home/airflow/.local/lib/python3.8/site-packages/airflow/example_dags/example_latest_only.py took 0.037 seconds
[2024-04-24T05:13:49.171+0000] {processor.py:161} INFO - Started process (PID=368) to work on /home/airflow/.local/lib/python3.8/site-packages/airflow/example_dags/example_latest_only.py
[2024-04-24T05:13:49.172+0000] {processor.py:830} INFO - Processing file /home/airflow/.local/lib/python3.8/site-packages/airflow/example_dags/example_latest_only.py for tasks to queue
[2024-04-24T05:13:49.173+0000] {logging_mixin.py:188} INFO - [2024-04-24T05:13:49.173+0000] {dagbag.py:540} INFO - Filling up the DagBag from /home/airflow/.local/lib/python3.8/site-packages/airflow/example_dags/example_latest_only.py
[2024-04-24T05:13:49.176+0000] {processor.py:840} INFO - DAG(s) 'latest_only' retrieved from /home/airflow/.local/lib/python3.8/site-packages/airflow/example_dags/example_latest_only.py
[2024-04-24T05:13:49.186+0000] {logging_mixin.py:188} INFO - [2024-04-24T05:13:49.186+0000] {dag.py:3047} INFO - Sync 1 DAGs
[2024-04-24T05:13:49.198+0000] {logging_mixin.py:188} INFO - [2024-04-24T05:13:49.198+0000] {dag.py:3834} INFO - Setting next_dagrun for latest_only to 2024-04-24 00:00:00+00:00, run_after=2024-04-24 04:00:00+00:00
[2024-04-24T05:13:49.208+0000] {processor.py:183} INFO - Processing /home/airflow/.local/lib/python3.8/site-packages/airflow/example_dags/example_latest_only.py took 0.039 seconds
[2024-04-24T05:14:19.842+0000] {processor.py:161} INFO - Started process (PID=426) to work on /home/airflow/.local/lib/python3.8/site-packages/airflow/example_dags/example_latest_only.py
[2024-04-24T05:14:19.842+0000] {processor.py:830} INFO - Processing file /home/airflow/.local/lib/python3.8/site-packages/airflow/example_dags/example_latest_only.py for tasks to queue
[2024-04-24T05:14:19.844+0000] {logging_mixin.py:188} INFO - [2024-04-24T05:14:19.843+0000] {dagbag.py:540} INFO - Filling up the DagBag from /home/airflow/.local/lib/python3.8/site-packages/airflow/example_dags/example_latest_only.py
[2024-04-24T05:14:19.846+0000] {processor.py:840} INFO - DAG(s) 'latest_only' retrieved from /home/airflow/.local/lib/python3.8/site-packages/airflow/example_dags/example_latest_only.py
[2024-04-24T05:14:19.857+0000] {logging_mixin.py:188} INFO - [2024-04-24T05:14:19.857+0000] {dag.py:3047} INFO - Sync 1 DAGs
[2024-04-24T05:14:19.868+0000] {logging_mixin.py:188} INFO - [2024-04-24T05:14:19.868+0000] {dag.py:3834} INFO - Setting next_dagrun for latest_only to 2024-04-24 00:00:00+00:00, run_after=2024-04-24 04:00:00+00:00
[2024-04-24T05:14:19.879+0000] {processor.py:183} INFO - Processing /home/airflow/.local/lib/python3.8/site-packages/airflow/example_dags/example_latest_only.py took 0.039 seconds
[2024-04-24T05:14:50.516+0000] {processor.py:161} INFO - Started process (PID=484) to work on /home/airflow/.local/lib/python3.8/site-packages/airflow/example_dags/example_latest_only.py
[2024-04-24T05:14:50.517+0000] {processor.py:830} INFO - Processing file /home/airflow/.local/lib/python3.8/site-packages/airflow/example_dags/example_latest_only.py for tasks to queue
[2024-04-24T05:14:50.518+0000] {logging_mixin.py:188} INFO - [2024-04-24T05:14:50.517+0000] {dagbag.py:540} INFO - Filling up the DagBag from /home/airflow/.local/lib/python3.8/site-packages/airflow/example_dags/example_latest_only.py
[2024-04-24T05:14:50.520+0000] {processor.py:840} INFO - DAG(s) 'latest_only' retrieved from /home/airflow/.local/lib/python3.8/site-packages/airflow/example_dags/example_latest_only.py
[2024-04-24T05:14:50.530+0000] {logging_mixin.py:188} INFO - [2024-04-24T05:14:50.530+0000] {dag.py:3047} INFO - Sync 1 DAGs
[2024-04-24T05:14:50.542+0000] {logging_mixin.py:188} INFO - [2024-04-24T05:14:50.541+0000] {dag.py:3834} INFO - Setting next_dagrun for latest_only to 2024-04-24 00:00:00+00:00, run_after=2024-04-24 04:00:00+00:00
[2024-04-24T05:14:50.551+0000] {processor.py:183} INFO - Processing /home/airflow/.local/lib/python3.8/site-packages/airflow/example_dags/example_latest_only.py took 0.037 seconds
[2024-04-24T05:15:21.042+0000] {processor.py:161} INFO - Started process (PID=543) to work on /home/airflow/.local/lib/python3.8/site-packages/airflow/example_dags/example_latest_only.py
[2024-04-24T05:15:21.043+0000] {processor.py:830} INFO - Processing file /home/airflow/.local/lib/python3.8/site-packages/airflow/example_dags/example_latest_only.py for tasks to queue
[2024-04-24T05:15:21.044+0000] {logging_mixin.py:188} INFO - [2024-04-24T05:15:21.044+0000] {dagbag.py:540} INFO - Filling up the DagBag from /home/airflow/.local/lib/python3.8/site-packages/airflow/example_dags/example_latest_only.py
[2024-04-24T05:15:21.047+0000] {processor.py:840} INFO - DAG(s) 'latest_only' retrieved from /home/airflow/.local/lib/python3.8/site-packages/airflow/example_dags/example_latest_only.py
[2024-04-24T05:15:21.057+0000] {logging_mixin.py:188} INFO - [2024-04-24T05:15:21.057+0000] {dag.py:3047} INFO - Sync 1 DAGs
[2024-04-24T05:15:21.068+0000] {logging_mixin.py:188} INFO - [2024-04-24T05:15:21.068+0000] {dag.py:3834} INFO - Setting next_dagrun for latest_only to 2024-04-24 00:00:00+00:00, run_after=2024-04-24 04:00:00+00:00
[2024-04-24T05:15:21.077+0000] {processor.py:183} INFO - Processing /home/airflow/.local/lib/python3.8/site-packages/airflow/example_dags/example_latest_only.py took 0.037 seconds
[2024-04-24T05:15:51.530+0000] {processor.py:161} INFO - Started process (PID=601) to work on /home/airflow/.local/lib/python3.8/site-packages/airflow/example_dags/example_latest_only.py
[2024-04-24T05:15:51.530+0000] {processor.py:830} INFO - Processing file /home/airflow/.local/lib/python3.8/site-packages/airflow/example_dags/example_latest_only.py for tasks to queue
[2024-04-24T05:15:51.531+0000] {logging_mixin.py:188} INFO - [2024-04-24T05:15:51.531+0000] {dagbag.py:540} INFO - Filling up the DagBag from /home/airflow/.local/lib/python3.8/site-packages/airflow/example_dags/example_latest_only.py
[2024-04-24T05:15:51.534+0000] {processor.py:840} INFO - DAG(s) 'latest_only' retrieved from /home/airflow/.local/lib/python3.8/site-packages/airflow/example_dags/example_latest_only.py
[2024-04-24T05:15:51.545+0000] {logging_mixin.py:188} INFO - [2024-04-24T05:15:51.544+0000] {dag.py:3047} INFO - Sync 1 DAGs
[2024-04-24T05:15:51.556+0000] {logging_mixin.py:188} INFO - [2024-04-24T05:15:51.556+0000] {dag.py:3834} INFO - Setting next_dagrun for latest_only to 2024-04-24 00:00:00+00:00, run_after=2024-04-24 04:00:00+00:00
[2024-04-24T05:15:51.565+0000] {processor.py:183} INFO - Processing /home/airflow/.local/lib/python3.8/site-packages/airflow/example_dags/example_latest_only.py took 0.037 seconds
[2024-04-24T05:16:22.049+0000] {processor.py:161} INFO - Started process (PID=659) to work on /home/airflow/.local/lib/python3.8/site-packages/airflow/example_dags/example_latest_only.py
[2024-04-24T05:16:22.049+0000] {processor.py:830} INFO - Processing file /home/airflow/.local/lib/python3.8/site-packages/airflow/example_dags/example_latest_only.py for tasks to queue
[2024-04-24T05:16:22.050+0000] {logging_mixin.py:188} INFO - [2024-04-24T05:16:22.050+0000] {dagbag.py:540} INFO - Filling up the DagBag from /home/airflow/.local/lib/python3.8/site-packages/airflow/example_dags/example_latest_only.py
[2024-04-24T05:16:22.053+0000] {processor.py:840} INFO - DAG(s) 'latest_only' retrieved from /home/airflow/.local/lib/python3.8/site-packages/airflow/example_dags/example_latest_only.py
[2024-04-24T05:16:22.063+0000] {logging_mixin.py:188} INFO - [2024-04-24T05:16:22.063+0000] {dag.py:3047} INFO - Sync 1 DAGs
[2024-04-24T05:16:22.075+0000] {logging_mixin.py:188} INFO - [2024-04-24T05:16:22.075+0000] {dag.py:3834} INFO - Setting next_dagrun for latest_only to 2024-04-24 00:00:00+00:00, run_after=2024-04-24 04:00:00+00:00
[2024-04-24T05:16:22.084+0000] {processor.py:183} INFO - Processing /home/airflow/.local/lib/python3.8/site-packages/airflow/example_dags/example_latest_only.py took 0.038 seconds
[2024-04-24T05:16:52.605+0000] {processor.py:161} INFO - Started process (PID=717) to work on /home/airflow/.local/lib/python3.8/site-packages/airflow/example_dags/example_latest_only.py
[2024-04-24T05:16:52.606+0000] {processor.py:830} INFO - Processing file /home/airflow/.local/lib/python3.8/site-packages/airflow/example_dags/example_latest_only.py for tasks to queue
[2024-04-24T05:16:52.607+0000] {logging_mixin.py:188} INFO - [2024-04-24T05:16:52.607+0000] {dagbag.py:540} INFO - Filling up the DagBag from /home/airflow/.local/lib/python3.8/site-packages/airflow/example_dags/example_latest_only.py
[2024-04-24T05:16:52.610+0000] {processor.py:840} INFO - DAG(s) 'latest_only' retrieved from /home/airflow/.local/lib/python3.8/site-packages/airflow/example_dags/example_latest_only.py
[2024-04-24T05:16:52.619+0000] {logging_mixin.py:188} INFO - [2024-04-24T05:16:52.619+0000] {dag.py:3047} INFO - Sync 1 DAGs
[2024-04-24T05:16:52.631+0000] {logging_mixin.py:188} INFO - [2024-04-24T05:16:52.631+0000] {dag.py:3834} INFO - Setting next_dagrun for latest_only to 2024-04-24 00:00:00+00:00, run_after=2024-04-24 04:00:00+00:00
[2024-04-24T05:16:52.640+0000] {processor.py:183} INFO - Processing /home/airflow/.local/lib/python3.8/site-packages/airflow/example_dags/example_latest_only.py took 0.037 seconds
[2024-04-24T05:17:23.116+0000] {processor.py:161} INFO - Started process (PID=775) to work on /home/airflow/.local/lib/python3.8/site-packages/airflow/example_dags/example_latest_only.py
[2024-04-24T05:17:23.117+0000] {processor.py:830} INFO - Processing file /home/airflow/.local/lib/python3.8/site-packages/airflow/example_dags/example_latest_only.py for tasks to queue
[2024-04-24T05:17:23.118+0000] {logging_mixin.py:188} INFO - [2024-04-24T05:17:23.118+0000] {dagbag.py:540} INFO - Filling up the DagBag from /home/airflow/.local/lib/python3.8/site-packages/airflow/example_dags/example_latest_only.py
[2024-04-24T05:17:23.121+0000] {processor.py:840} INFO - DAG(s) 'latest_only' retrieved from /home/airflow/.local/lib/python3.8/site-packages/airflow/example_dags/example_latest_only.py
[2024-04-24T05:17:23.132+0000] {logging_mixin.py:188} INFO - [2024-04-24T05:17:23.131+0000] {dag.py:3047} INFO - Sync 1 DAGs
[2024-04-24T05:17:23.143+0000] {logging_mixin.py:188} INFO - [2024-04-24T05:17:23.143+0000] {dag.py:3834} INFO - Setting next_dagrun for latest_only to 2024-04-24 00:00:00+00:00, run_after=2024-04-24 04:00:00+00:00
[2024-04-24T05:17:23.153+0000] {processor.py:183} INFO - Processing /home/airflow/.local/lib/python3.8/site-packages/airflow/example_dags/example_latest_only.py took 0.039 seconds
[2024-04-24T05:17:53.731+0000] {processor.py:161} INFO - Started process (PID=833) to work on /home/airflow/.local/lib/python3.8/site-packages/airflow/example_dags/example_latest_only.py
[2024-04-24T05:17:53.731+0000] {processor.py:830} INFO - Processing file /home/airflow/.local/lib/python3.8/site-packages/airflow/example_dags/example_latest_only.py for tasks to queue
[2024-04-24T05:17:53.732+0000] {logging_mixin.py:188} INFO - [2024-04-24T05:17:53.732+0000] {dagbag.py:540} INFO - Filling up the DagBag from /home/airflow/.local/lib/python3.8/site-packages/airflow/example_dags/example_latest_only.py
[2024-04-24T05:17:53.735+0000] {processor.py:840} INFO - DAG(s) 'latest_only' retrieved from /home/airflow/.local/lib/python3.8/site-packages/airflow/example_dags/example_latest_only.py
[2024-04-24T05:17:53.746+0000] {logging_mixin.py:188} INFO - [2024-04-24T05:17:53.746+0000] {dag.py:3047} INFO - Sync 1 DAGs
[2024-04-24T05:17:53.757+0000] {logging_mixin.py:188} INFO - [2024-04-24T05:17:53.757+0000] {dag.py:3834} INFO - Setting next_dagrun for latest_only to 2024-04-24 00:00:00+00:00, run_after=2024-04-24 04:00:00+00:00
[2024-04-24T05:17:53.768+0000] {processor.py:183} INFO - Processing /home/airflow/.local/lib/python3.8/site-packages/airflow/example_dags/example_latest_only.py took 0.039 seconds
[2024-04-24T05:18:24.473+0000] {processor.py:161} INFO - Started process (PID=891) to work on /home/airflow/.local/lib/python3.8/site-packages/airflow/example_dags/example_latest_only.py
[2024-04-24T05:18:24.473+0000] {processor.py:830} INFO - Processing file /home/airflow/.local/lib/python3.8/site-packages/airflow/example_dags/example_latest_only.py for tasks to queue
[2024-04-24T05:18:24.474+0000] {logging_mixin.py:188} INFO - [2024-04-24T05:18:24.474+0000] {dagbag.py:540} INFO - Filling up the DagBag from /home/airflow/.local/lib/python3.8/site-packages/airflow/example_dags/example_latest_only.py
[2024-04-24T05:18:24.477+0000] {processor.py:840} INFO - DAG(s) 'latest_only' retrieved from /home/airflow/.local/lib/python3.8/site-packages/airflow/example_dags/example_latest_only.py
[2024-04-24T05:18:24.488+0000] {logging_mixin.py:188} INFO - [2024-04-24T05:18:24.488+0000] {dag.py:3047} INFO - Sync 1 DAGs
[2024-04-24T05:18:24.499+0000] {logging_mixin.py:188} INFO - [2024-04-24T05:18:24.499+0000] {dag.py:3834} INFO - Setting next_dagrun for latest_only to 2024-04-24 00:00:00+00:00, run_after=2024-04-24 04:00:00+00:00
[2024-04-24T05:18:24.509+0000] {processor.py:183} INFO - Processing /home/airflow/.local/lib/python3.8/site-packages/airflow/example_dags/example_latest_only.py took 0.038 seconds
[2024-04-24T05:18:55.020+0000] {processor.py:161} INFO - Started process (PID=949) to work on /home/airflow/.local/lib/python3.8/site-packages/airflow/example_dags/example_latest_only.py
[2024-04-24T05:18:55.021+0000] {processor.py:830} INFO - Processing file /home/airflow/.local/lib/python3.8/site-packages/airflow/example_dags/example_latest_only.py for tasks to queue
[2024-04-24T05:18:55.022+0000] {logging_mixin.py:188} INFO - [2024-04-24T05:18:55.022+0000] {dagbag.py:540} INFO - Filling up the DagBag from /home/airflow/.local/lib/python3.8/site-packages/airflow/example_dags/example_latest_only.py
[2024-04-24T05:18:55.025+0000] {processor.py:840} INFO - DAG(s) 'latest_only' retrieved from /home/airflow/.local/lib/python3.8/site-packages/airflow/example_dags/example_latest_only.py
[2024-04-24T05:18:55.035+0000] {logging_mixin.py:188} INFO - [2024-04-24T05:18:55.035+0000] {dag.py:3047} INFO - Sync 1 DAGs
[2024-04-24T05:18:55.046+0000] {logging_mixin.py:188} INFO - [2024-04-24T05:18:55.046+0000] {dag.py:3834} INFO - Setting next_dagrun for latest_only to 2024-04-24 00:00:00+00:00, run_after=2024-04-24 04:00:00+00:00
[2024-04-24T05:18:55.055+0000] {processor.py:183} INFO - Processing /home/airflow/.local/lib/python3.8/site-packages/airflow/example_dags/example_latest_only.py took 0.037 seconds
[2024-04-24T05:19:25.644+0000] {processor.py:161} INFO - Started process (PID=1007) to work on /home/airflow/.local/lib/python3.8/site-packages/airflow/example_dags/example_latest_only.py
[2024-04-24T05:19:25.644+0000] {processor.py:830} INFO - Processing file /home/airflow/.local/lib/python3.8/site-packages/airflow/example_dags/example_latest_only.py for tasks to queue
[2024-04-24T05:19:25.645+0000] {logging_mixin.py:188} INFO - [2024-04-24T05:19:25.645+0000] {dagbag.py:540} INFO - Filling up the DagBag from /home/airflow/.local/lib/python3.8/site-packages/airflow/example_dags/example_latest_only.py
[2024-04-24T05:19:25.648+0000] {processor.py:840} INFO - DAG(s) 'latest_only' retrieved from /home/airflow/.local/lib/python3.8/site-packages/airflow/example_dags/example_latest_only.py
[2024-04-24T05:19:25.659+0000] {logging_mixin.py:188} INFO - [2024-04-24T05:19:25.658+0000] {dag.py:3047} INFO - Sync 1 DAGs
[2024-04-24T05:19:25.670+0000] {logging_mixin.py:188} INFO - [2024-04-24T05:19:25.670+0000] {dag.py:3834} INFO - Setting next_dagrun for latest_only to 2024-04-24 00:00:00+00:00, run_after=2024-04-24 04:00:00+00:00
[2024-04-24T05:19:25.679+0000] {processor.py:183} INFO - Processing /home/airflow/.local/lib/python3.8/site-packages/airflow/example_dags/example_latest_only.py took 0.037 seconds
[2024-04-24T05:19:56.147+0000] {processor.py:161} INFO - Started process (PID=1065) to work on /home/airflow/.local/lib/python3.8/site-packages/airflow/example_dags/example_latest_only.py
[2024-04-24T05:19:56.147+0000] {processor.py:830} INFO - Processing file /home/airflow/.local/lib/python3.8/site-packages/airflow/example_dags/example_latest_only.py for tasks to queue
[2024-04-24T05:19:56.148+0000] {logging_mixin.py:188} INFO - [2024-04-24T05:19:56.148+0000] {dagbag.py:540} INFO - Filling up the DagBag from /home/airflow/.local/lib/python3.8/site-packages/airflow/example_dags/example_latest_only.py
[2024-04-24T05:19:56.151+0000] {processor.py:840} INFO - DAG(s) 'latest_only' retrieved from /home/airflow/.local/lib/python3.8/site-packages/airflow/example_dags/example_latest_only.py
[2024-04-24T05:19:56.162+0000] {logging_mixin.py:188} INFO - [2024-04-24T05:19:56.161+0000] {dag.py:3047} INFO - Sync 1 DAGs
[2024-04-24T05:19:56.173+0000] {logging_mixin.py:188} INFO - [2024-04-24T05:19:56.173+0000] {dag.py:3834} INFO - Setting next_dagrun for latest_only to 2024-04-24 00:00:00+00:00, run_after=2024-04-24 04:00:00+00:00
[2024-04-24T05:19:56.183+0000] {processor.py:183} INFO - Processing /home/airflow/.local/lib/python3.8/site-packages/airflow/example_dags/example_latest_only.py took 0.038 seconds
[2024-04-24T05:20:26.704+0000] {processor.py:161} INFO - Started process (PID=1123) to work on /home/airflow/.local/lib/python3.8/site-packages/airflow/example_dags/example_latest_only.py
[2024-04-24T05:20:26.705+0000] {processor.py:830} INFO - Processing file /home/airflow/.local/lib/python3.8/site-packages/airflow/example_dags/example_latest_only.py for tasks to queue
[2024-04-24T05:20:26.706+0000] {logging_mixin.py:188} INFO - [2024-04-24T05:20:26.706+0000] {dagbag.py:540} INFO - Filling up the DagBag from /home/airflow/.local/lib/python3.8/site-packages/airflow/example_dags/example_latest_only.py
[2024-04-24T05:20:26.709+0000] {processor.py:840} INFO - DAG(s) 'latest_only' retrieved from /home/airflow/.local/lib/python3.8/site-packages/airflow/example_dags/example_latest_only.py
[2024-04-24T05:20:26.719+0000] {logging_mixin.py:188} INFO - [2024-04-24T05:20:26.719+0000] {dag.py:3047} INFO - Sync 1 DAGs
[2024-04-24T05:20:26.730+0000] {logging_mixin.py:188} INFO - [2024-04-24T05:20:26.730+0000] {dag.py:3834} INFO - Setting next_dagrun for latest_only to 2024-04-24 00:00:00+00:00, run_after=2024-04-24 04:00:00+00:00
[2024-04-24T05:20:26.740+0000] {processor.py:183} INFO - Processing /home/airflow/.local/lib/python3.8/site-packages/airflow/example_dags/example_latest_only.py took 0.038 seconds
[2024-04-24T05:20:57.256+0000] {processor.py:161} INFO - Started process (PID=1181) to work on /home/airflow/.local/lib/python3.8/site-packages/airflow/example_dags/example_latest_only.py
[2024-04-24T05:20:57.257+0000] {processor.py:830} INFO - Processing file /home/airflow/.local/lib/python3.8/site-packages/airflow/example_dags/example_latest_only.py for tasks to queue
[2024-04-24T05:20:57.258+0000] {logging_mixin.py:188} INFO - [2024-04-24T05:20:57.258+0000] {dagbag.py:540} INFO - Filling up the DagBag from /home/airflow/.local/lib/python3.8/site-packages/airflow/example_dags/example_latest_only.py
[2024-04-24T05:20:57.261+0000] {processor.py:840} INFO - DAG(s) 'latest_only' retrieved from /home/airflow/.local/lib/python3.8/site-packages/airflow/example_dags/example_latest_only.py
[2024-04-24T05:20:57.270+0000] {logging_mixin.py:188} INFO - [2024-04-24T05:20:57.270+0000] {dag.py:3047} INFO - Sync 1 DAGs
[2024-04-24T05:20:57.281+0000] {logging_mixin.py:188} INFO - [2024-04-24T05:20:57.281+0000] {dag.py:3834} INFO - Setting next_dagrun for latest_only to 2024-04-24 00:00:00+00:00, run_after=2024-04-24 04:00:00+00:00
[2024-04-24T05:20:57.291+0000] {processor.py:183} INFO - Processing /home/airflow/.local/lib/python3.8/site-packages/airflow/example_dags/example_latest_only.py took 0.036 seconds
[2024-04-24T05:21:27.767+0000] {processor.py:161} INFO - Started process (PID=1239) to work on /home/airflow/.local/lib/python3.8/site-packages/airflow/example_dags/example_latest_only.py
[2024-04-24T05:21:27.767+0000] {processor.py:830} INFO - Processing file /home/airflow/.local/lib/python3.8/site-packages/airflow/example_dags/example_latest_only.py for tasks to queue
[2024-04-24T05:21:27.768+0000] {logging_mixin.py:188} INFO - [2024-04-24T05:21:27.768+0000] {dagbag.py:540} INFO - Filling up the DagBag from /home/airflow/.local/lib/python3.8/site-packages/airflow/example_dags/example_latest_only.py
[2024-04-24T05:21:27.771+0000] {processor.py:840} INFO - DAG(s) 'latest_only' retrieved from /home/airflow/.local/lib/python3.8/site-packages/airflow/example_dags/example_latest_only.py
[2024-04-24T05:21:27.781+0000] {logging_mixin.py:188} INFO - [2024-04-24T05:21:27.781+0000] {dag.py:3047} INFO - Sync 1 DAGs
[2024-04-24T05:21:27.793+0000] {logging_mixin.py:188} INFO - [2024-04-24T05:21:27.793+0000] {dag.py:3834} INFO - Setting next_dagrun for latest_only to 2024-04-24 00:00:00+00:00, run_after=2024-04-24 04:00:00+00:00
[2024-04-24T05:21:27.803+0000] {processor.py:183} INFO - Processing /home/airflow/.local/lib/python3.8/site-packages/airflow/example_dags/example_latest_only.py took 0.038 seconds
[2024-04-24T05:21:58.256+0000] {processor.py:161} INFO - Started process (PID=1297) to work on /home/airflow/.local/lib/python3.8/site-packages/airflow/example_dags/example_latest_only.py
[2024-04-24T05:21:58.256+0000] {processor.py:830} INFO - Processing file /home/airflow/.local/lib/python3.8/site-packages/airflow/example_dags/example_latest_only.py for tasks to queue
[2024-04-24T05:21:58.257+0000] {logging_mixin.py:188} INFO - [2024-04-24T05:21:58.257+0000] {dagbag.py:540} INFO - Filling up the DagBag from /home/airflow/.local/lib/python3.8/site-packages/airflow/example_dags/example_latest_only.py
[2024-04-24T05:21:58.260+0000] {processor.py:840} INFO - DAG(s) 'latest_only' retrieved from /home/airflow/.local/lib/python3.8/site-packages/airflow/example_dags/example_latest_only.py
[2024-04-24T05:21:58.270+0000] {logging_mixin.py:188} INFO - [2024-04-24T05:21:58.270+0000] {dag.py:3047} INFO - Sync 1 DAGs
[2024-04-24T05:21:58.280+0000] {logging_mixin.py:188} INFO - [2024-04-24T05:21:58.280+0000] {dag.py:3834} INFO - Setting next_dagrun for latest_only to 2024-04-24 00:00:00+00:00, run_after=2024-04-24 04:00:00+00:00
[2024-04-24T05:21:58.290+0000] {processor.py:183} INFO - Processing /home/airflow/.local/lib/python3.8/site-packages/airflow/example_dags/example_latest_only.py took 0.036 seconds
[2024-04-24T05:22:28.730+0000] {processor.py:161} INFO - Started process (PID=1355) to work on /home/airflow/.local/lib/python3.8/site-packages/airflow/example_dags/example_latest_only.py
[2024-04-24T05:22:28.731+0000] {processor.py:830} INFO - Processing file /home/airflow/.local/lib/python3.8/site-packages/airflow/example_dags/example_latest_only.py for tasks to queue
[2024-04-24T05:22:28.732+0000] {logging_mixin.py:188} INFO - [2024-04-24T05:22:28.731+0000] {dagbag.py:540} INFO - Filling up the DagBag from /home/airflow/.local/lib/python3.8/site-packages/airflow/example_dags/example_latest_only.py
[2024-04-24T05:22:28.734+0000] {processor.py:840} INFO - DAG(s) 'latest_only' retrieved from /home/airflow/.local/lib/python3.8/site-packages/airflow/example_dags/example_latest_only.py
[2024-04-24T05:22:28.744+0000] {logging_mixin.py:188} INFO - [2024-04-24T05:22:28.744+0000] {dag.py:3047} INFO - Sync 1 DAGs
[2024-04-24T05:22:28.755+0000] {logging_mixin.py:188} INFO - [2024-04-24T05:22:28.755+0000] {dag.py:3834} INFO - Setting next_dagrun for latest_only to 2024-04-24 00:00:00+00:00, run_after=2024-04-24 04:00:00+00:00
[2024-04-24T05:22:28.764+0000] {processor.py:183} INFO - Processing /home/airflow/.local/lib/python3.8/site-packages/airflow/example_dags/example_latest_only.py took 0.036 seconds
[2024-04-24T05:22:59.281+0000] {processor.py:161} INFO - Started process (PID=1413) to work on /home/airflow/.local/lib/python3.8/site-packages/airflow/example_dags/example_latest_only.py
[2024-04-24T05:22:59.282+0000] {processor.py:830} INFO - Processing file /home/airflow/.local/lib/python3.8/site-packages/airflow/example_dags/example_latest_only.py for tasks to queue
[2024-04-24T05:22:59.283+0000] {logging_mixin.py:188} INFO - [2024-04-24T05:22:59.283+0000] {dagbag.py:540} INFO - Filling up the DagBag from /home/airflow/.local/lib/python3.8/site-packages/airflow/example_dags/example_latest_only.py
[2024-04-24T05:22:59.286+0000] {processor.py:840} INFO - DAG(s) 'latest_only' retrieved from /home/airflow/.local/lib/python3.8/site-packages/airflow/example_dags/example_latest_only.py
[2024-04-24T05:22:59.296+0000] {logging_mixin.py:188} INFO - [2024-04-24T05:22:59.296+0000] {dag.py:3047} INFO - Sync 1 DAGs
[2024-04-24T05:22:59.307+0000] {logging_mixin.py:188} INFO - [2024-04-24T05:22:59.307+0000] {dag.py:3834} INFO - Setting next_dagrun for latest_only to 2024-04-24 00:00:00+00:00, run_after=2024-04-24 04:00:00+00:00
[2024-04-24T05:22:59.317+0000] {processor.py:183} INFO - Processing /home/airflow/.local/lib/python3.8/site-packages/airflow/example_dags/example_latest_only.py took 0.038 seconds
[2024-04-24T05:23:29.805+0000] {processor.py:161} INFO - Started process (PID=1471) to work on /home/airflow/.local/lib/python3.8/site-packages/airflow/example_dags/example_latest_only.py
[2024-04-24T05:23:29.805+0000] {processor.py:830} INFO - Processing file /home/airflow/.local/lib/python3.8/site-packages/airflow/example_dags/example_latest_only.py for tasks to queue
[2024-04-24T05:23:29.806+0000] {logging_mixin.py:188} INFO - [2024-04-24T05:23:29.806+0000] {dagbag.py:540} INFO - Filling up the DagBag from /home/airflow/.local/lib/python3.8/site-packages/airflow/example_dags/example_latest_only.py
[2024-04-24T05:23:29.809+0000] {processor.py:840} INFO - DAG(s) 'latest_only' retrieved from /home/airflow/.local/lib/python3.8/site-packages/airflow/example_dags/example_latest_only.py
[2024-04-24T05:23:29.819+0000] {logging_mixin.py:188} INFO - [2024-04-24T05:23:29.819+0000] {dag.py:3047} INFO - Sync 1 DAGs
[2024-04-24T05:23:29.830+0000] {logging_mixin.py:188} INFO - [2024-04-24T05:23:29.830+0000] {dag.py:3834} INFO - Setting next_dagrun for latest_only to 2024-04-24 00:00:00+00:00, run_after=2024-04-24 04:00:00+00:00
[2024-04-24T05:23:29.840+0000] {processor.py:183} INFO - Processing /home/airflow/.local/lib/python3.8/site-packages/airflow/example_dags/example_latest_only.py took 0.037 seconds
[2024-04-24T05:24:00.302+0000] {processor.py:161} INFO - Started process (PID=1529) to work on /home/airflow/.local/lib/python3.8/site-packages/airflow/example_dags/example_latest_only.py
[2024-04-24T05:24:00.302+0000] {processor.py:830} INFO - Processing file /home/airflow/.local/lib/python3.8/site-packages/airflow/example_dags/example_latest_only.py for tasks to queue
[2024-04-24T05:24:00.303+0000] {logging_mixin.py:188} INFO - [2024-04-24T05:24:00.303+0000] {dagbag.py:540} INFO - Filling up the DagBag from /home/airflow/.local/lib/python3.8/site-packages/airflow/example_dags/example_latest_only.py
[2024-04-24T05:24:00.306+0000] {processor.py:840} INFO - DAG(s) 'latest_only' retrieved from /home/airflow/.local/lib/python3.8/site-packages/airflow/example_dags/example_latest_only.py
[2024-04-24T05:24:00.317+0000] {logging_mixin.py:188} INFO - [2024-04-24T05:24:00.317+0000] {dag.py:3047} INFO - Sync 1 DAGs
[2024-04-24T05:24:00.328+0000] {logging_mixin.py:188} INFO - [2024-04-24T05:24:00.328+0000] {dag.py:3834} INFO - Setting next_dagrun for latest_only to 2024-04-24 00:00:00+00:00, run_after=2024-04-24 04:00:00+00:00
[2024-04-24T05:24:00.338+0000] {processor.py:183} INFO - Processing /home/airflow/.local/lib/python3.8/site-packages/airflow/example_dags/example_latest_only.py took 0.038 seconds
[2024-04-24T05:24:30.773+0000] {processor.py:161} INFO - Started process (PID=1587) to work on /home/airflow/.local/lib/python3.8/site-packages/airflow/example_dags/example_latest_only.py
[2024-04-24T05:24:30.774+0000] {processor.py:830} INFO - Processing file /home/airflow/.local/lib/python3.8/site-packages/airflow/example_dags/example_latest_only.py for tasks to queue
[2024-04-24T05:24:30.775+0000] {logging_mixin.py:188} INFO - [2024-04-24T05:24:30.775+0000] {dagbag.py:540} INFO - Filling up the DagBag from /home/airflow/.local/lib/python3.8/site-packages/airflow/example_dags/example_latest_only.py
[2024-04-24T05:24:30.778+0000] {processor.py:840} INFO - DAG(s) 'latest_only' retrieved from /home/airflow/.local/lib/python3.8/site-packages/airflow/example_dags/example_latest_only.py
[2024-04-24T05:24:30.787+0000] {logging_mixin.py:188} INFO - [2024-04-24T05:24:30.787+0000] {dag.py:3047} INFO - Sync 1 DAGs
[2024-04-24T05:24:30.799+0000] {logging_mixin.py:188} INFO - [2024-04-24T05:24:30.799+0000] {dag.py:3834} INFO - Setting next_dagrun for latest_only to 2024-04-24 00:00:00+00:00, run_after=2024-04-24 04:00:00+00:00
[2024-04-24T05:24:30.808+0000] {processor.py:183} INFO - Processing /home/airflow/.local/lib/python3.8/site-packages/airflow/example_dags/example_latest_only.py took 0.037 seconds
[2024-04-24T05:25:01.234+0000] {processor.py:161} INFO - Started process (PID=1645) to work on /home/airflow/.local/lib/python3.8/site-packages/airflow/example_dags/example_latest_only.py
[2024-04-24T05:25:01.235+0000] {processor.py:830} INFO - Processing file /home/airflow/.local/lib/python3.8/site-packages/airflow/example_dags/example_latest_only.py for tasks to queue
[2024-04-24T05:25:01.236+0000] {logging_mixin.py:188} INFO - [2024-04-24T05:25:01.236+0000] {dagbag.py:540} INFO - Filling up the DagBag from /home/airflow/.local/lib/python3.8/site-packages/airflow/example_dags/example_latest_only.py
[2024-04-24T05:25:01.238+0000] {processor.py:840} INFO - DAG(s) 'latest_only' retrieved from /home/airflow/.local/lib/python3.8/site-packages/airflow/example_dags/example_latest_only.py
[2024-04-24T05:25:01.248+0000] {logging_mixin.py:188} INFO - [2024-04-24T05:25:01.248+0000] {dag.py:3047} INFO - Sync 1 DAGs
[2024-04-24T05:25:01.260+0000] {logging_mixin.py:188} INFO - [2024-04-24T05:25:01.260+0000] {dag.py:3834} INFO - Setting next_dagrun for latest_only to 2024-04-24 00:00:00+00:00, run_after=2024-04-24 04:00:00+00:00
[2024-04-24T05:25:01.269+0000] {processor.py:183} INFO - Processing /home/airflow/.local/lib/python3.8/site-packages/airflow/example_dags/example_latest_only.py took 0.037 seconds
[2024-04-24T05:25:31.672+0000] {processor.py:161} INFO - Started process (PID=1703) to work on /home/airflow/.local/lib/python3.8/site-packages/airflow/example_dags/example_latest_only.py
[2024-04-24T05:25:31.673+0000] {processor.py:830} INFO - Processing file /home/airflow/.local/lib/python3.8/site-packages/airflow/example_dags/example_latest_only.py for tasks to queue
[2024-04-24T05:25:31.674+0000] {logging_mixin.py:188} INFO - [2024-04-24T05:25:31.673+0000] {dagbag.py:540} INFO - Filling up the DagBag from /home/airflow/.local/lib/python3.8/site-packages/airflow/example_dags/example_latest_only.py
[2024-04-24T05:25:31.676+0000] {processor.py:840} INFO - DAG(s) 'latest_only' retrieved from /home/airflow/.local/lib/python3.8/site-packages/airflow/example_dags/example_latest_only.py
[2024-04-24T05:25:31.686+0000] {logging_mixin.py:188} INFO - [2024-04-24T05:25:31.686+0000] {dag.py:3047} INFO - Sync 1 DAGs
[2024-04-24T05:25:31.697+0000] {logging_mixin.py:188} INFO - [2024-04-24T05:25:31.697+0000] {dag.py:3834} INFO - Setting next_dagrun for latest_only to 2024-04-24 00:00:00+00:00, run_after=2024-04-24 04:00:00+00:00
[2024-04-24T05:25:31.708+0000] {processor.py:183} INFO - Processing /home/airflow/.local/lib/python3.8/site-packages/airflow/example_dags/example_latest_only.py took 0.038 seconds
[2024-04-24T05:26:02.449+0000] {processor.py:161} INFO - Started process (PID=1761) to work on /home/airflow/.local/lib/python3.8/site-packages/airflow/example_dags/example_latest_only.py
[2024-04-24T05:26:02.450+0000] {processor.py:830} INFO - Processing file /home/airflow/.local/lib/python3.8/site-packages/airflow/example_dags/example_latest_only.py for tasks to queue
[2024-04-24T05:26:02.451+0000] {logging_mixin.py:188} INFO - [2024-04-24T05:26:02.451+0000] {dagbag.py:540} INFO - Filling up the DagBag from /home/airflow/.local/lib/python3.8/site-packages/airflow/example_dags/example_latest_only.py
[2024-04-24T05:26:02.453+0000] {processor.py:840} INFO - DAG(s) 'latest_only' retrieved from /home/airflow/.local/lib/python3.8/site-packages/airflow/example_dags/example_latest_only.py
[2024-04-24T05:26:02.464+0000] {logging_mixin.py:188} INFO - [2024-04-24T05:26:02.464+0000] {dag.py:3047} INFO - Sync 1 DAGs
[2024-04-24T05:26:02.475+0000] {logging_mixin.py:188} INFO - [2024-04-24T05:26:02.475+0000] {dag.py:3834} INFO - Setting next_dagrun for latest_only to 2024-04-24 00:00:00+00:00, run_after=2024-04-24 04:00:00+00:00
[2024-04-24T05:26:02.485+0000] {processor.py:183} INFO - Processing /home/airflow/.local/lib/python3.8/site-packages/airflow/example_dags/example_latest_only.py took 0.038 seconds
[2024-04-24T05:26:32.968+0000] {processor.py:161} INFO - Started process (PID=1819) to work on /home/airflow/.local/lib/python3.8/site-packages/airflow/example_dags/example_latest_only.py
[2024-04-24T05:26:32.968+0000] {processor.py:830} INFO - Processing file /home/airflow/.local/lib/python3.8/site-packages/airflow/example_dags/example_latest_only.py for tasks to queue
[2024-04-24T05:26:32.969+0000] {logging_mixin.py:188} INFO - [2024-04-24T05:26:32.969+0000] {dagbag.py:540} INFO - Filling up the DagBag from /home/airflow/.local/lib/python3.8/site-packages/airflow/example_dags/example_latest_only.py
[2024-04-24T05:26:32.972+0000] {processor.py:840} INFO - DAG(s) 'latest_only' retrieved from /home/airflow/.local/lib/python3.8/site-packages/airflow/example_dags/example_latest_only.py
[2024-04-24T05:26:32.982+0000] {logging_mixin.py:188} INFO - [2024-04-24T05:26:32.982+0000] {dag.py:3047} INFO - Sync 1 DAGs
[2024-04-24T05:26:32.993+0000] {logging_mixin.py:188} INFO - [2024-04-24T05:26:32.993+0000] {dag.py:3834} INFO - Setting next_dagrun for latest_only to 2024-04-24 00:00:00+00:00, run_after=2024-04-24 04:00:00+00:00
[2024-04-24T05:26:33.002+0000] {processor.py:183} INFO - Processing /home/airflow/.local/lib/python3.8/site-packages/airflow/example_dags/example_latest_only.py took 0.036 seconds
[2024-04-24T05:27:03.764+0000] {processor.py:161} INFO - Started process (PID=1877) to work on /home/airflow/.local/lib/python3.8/site-packages/airflow/example_dags/example_latest_only.py
[2024-04-24T05:27:03.764+0000] {processor.py:830} INFO - Processing file /home/airflow/.local/lib/python3.8/site-packages/airflow/example_dags/example_latest_only.py for tasks to queue
[2024-04-24T05:27:03.765+0000] {logging_mixin.py:188} INFO - [2024-04-24T05:27:03.765+0000] {dagbag.py:540} INFO - Filling up the DagBag from /home/airflow/.local/lib/python3.8/site-packages/airflow/example_dags/example_latest_only.py
[2024-04-24T05:27:03.768+0000] {processor.py:840} INFO - DAG(s) 'latest_only' retrieved from /home/airflow/.local/lib/python3.8/site-packages/airflow/example_dags/example_latest_only.py
[2024-04-24T05:27:03.778+0000] {logging_mixin.py:188} INFO - [2024-04-24T05:27:03.778+0000] {dag.py:3047} INFO - Sync 1 DAGs
[2024-04-24T05:27:03.789+0000] {logging_mixin.py:188} INFO - [2024-04-24T05:27:03.789+0000] {dag.py:3834} INFO - Setting next_dagrun for latest_only to 2024-04-24 00:00:00+00:00, run_after=2024-04-24 04:00:00+00:00
[2024-04-24T05:27:03.799+0000] {processor.py:183} INFO - Processing /home/airflow/.local/lib/python3.8/site-packages/airflow/example_dags/example_latest_only.py took 0.037 seconds
[2024-04-24T05:27:34.302+0000] {processor.py:161} INFO - Started process (PID=1935) to work on /home/airflow/.local/lib/python3.8/site-packages/airflow/example_dags/example_latest_only.py
[2024-04-24T05:27:34.303+0000] {processor.py:830} INFO - Processing file /home/airflow/.local/lib/python3.8/site-packages/airflow/example_dags/example_latest_only.py for tasks to queue
[2024-04-24T05:27:34.304+0000] {logging_mixin.py:188} INFO - [2024-04-24T05:27:34.304+0000] {dagbag.py:540} INFO - Filling up the DagBag from /home/airflow/.local/lib/python3.8/site-packages/airflow/example_dags/example_latest_only.py
[2024-04-24T05:27:34.307+0000] {processor.py:840} INFO - DAG(s) 'latest_only' retrieved from /home/airflow/.local/lib/python3.8/site-packages/airflow/example_dags/example_latest_only.py
[2024-04-24T05:27:34.317+0000] {logging_mixin.py:188} INFO - [2024-04-24T05:27:34.317+0000] {dag.py:3047} INFO - Sync 1 DAGs
[2024-04-24T05:27:34.328+0000] {logging_mixin.py:188} INFO - [2024-04-24T05:27:34.328+0000] {dag.py:3834} INFO - Setting next_dagrun for latest_only to 2024-04-24 00:00:00+00:00, run_after=2024-04-24 04:00:00+00:00
[2024-04-24T05:27:34.338+0000] {processor.py:183} INFO - Processing /home/airflow/.local/lib/python3.8/site-packages/airflow/example_dags/example_latest_only.py took 0.037 seconds
[2024-04-24T05:28:05.028+0000] {processor.py:161} INFO - Started process (PID=1993) to work on /home/airflow/.local/lib/python3.8/site-packages/airflow/example_dags/example_latest_only.py
[2024-04-24T05:28:05.028+0000] {processor.py:830} INFO - Processing file /home/airflow/.local/lib/python3.8/site-packages/airflow/example_dags/example_latest_only.py for tasks to queue
[2024-04-24T05:28:05.029+0000] {logging_mixin.py:188} INFO - [2024-04-24T05:28:05.029+0000] {dagbag.py:540} INFO - Filling up the DagBag from /home/airflow/.local/lib/python3.8/site-packages/airflow/example_dags/example_latest_only.py
[2024-04-24T05:28:05.032+0000] {processor.py:840} INFO - DAG(s) 'latest_only' retrieved from /home/airflow/.local/lib/python3.8/site-packages/airflow/example_dags/example_latest_only.py
[2024-04-24T05:28:05.042+0000] {logging_mixin.py:188} INFO - [2024-04-24T05:28:05.042+0000] {dag.py:3047} INFO - Sync 1 DAGs
[2024-04-24T05:28:05.053+0000] {logging_mixin.py:188} INFO - [2024-04-24T05:28:05.053+0000] {dag.py:3834} INFO - Setting next_dagrun for latest_only to 2024-04-24 00:00:00+00:00, run_after=2024-04-24 04:00:00+00:00
[2024-04-24T05:28:05.064+0000] {processor.py:183} INFO - Processing /home/airflow/.local/lib/python3.8/site-packages/airflow/example_dags/example_latest_only.py took 0.038 seconds
[2024-04-24T05:28:35.765+0000] {processor.py:161} INFO - Started process (PID=2051) to work on /home/airflow/.local/lib/python3.8/site-packages/airflow/example_dags/example_latest_only.py
[2024-04-24T05:28:35.765+0000] {processor.py:830} INFO - Processing file /home/airflow/.local/lib/python3.8/site-packages/airflow/example_dags/example_latest_only.py for tasks to queue
[2024-04-24T05:28:35.766+0000] {logging_mixin.py:188} INFO - [2024-04-24T05:28:35.766+0000] {dagbag.py:540} INFO - Filling up the DagBag from /home/airflow/.local/lib/python3.8/site-packages/airflow/example_dags/example_latest_only.py
[2024-04-24T05:28:35.769+0000] {processor.py:840} INFO - DAG(s) 'latest_only' retrieved from /home/airflow/.local/lib/python3.8/site-packages/airflow/example_dags/example_latest_only.py
[2024-04-24T05:28:35.780+0000] {logging_mixin.py:188} INFO - [2024-04-24T05:28:35.780+0000] {dag.py:3047} INFO - Sync 1 DAGs
[2024-04-24T05:28:35.791+0000] {logging_mixin.py:188} INFO - [2024-04-24T05:28:35.791+0000] {dag.py:3834} INFO - Setting next_dagrun for latest_only to 2024-04-24 00:00:00+00:00, run_after=2024-04-24 04:00:00+00:00
[2024-04-24T05:28:35.801+0000] {processor.py:183} INFO - Processing /home/airflow/.local/lib/python3.8/site-packages/airflow/example_dags/example_latest_only.py took 0.038 seconds
[2024-04-24T05:29:06.317+0000] {processor.py:161} INFO - Started process (PID=2109) to work on /home/airflow/.local/lib/python3.8/site-packages/airflow/example_dags/example_latest_only.py
[2024-04-24T05:29:06.318+0000] {processor.py:830} INFO - Processing file /home/airflow/.local/lib/python3.8/site-packages/airflow/example_dags/example_latest_only.py for tasks to queue
[2024-04-24T05:29:06.319+0000] {logging_mixin.py:188} INFO - [2024-04-24T05:29:06.319+0000] {dagbag.py:540} INFO - Filling up the DagBag from /home/airflow/.local/lib/python3.8/site-packages/airflow/example_dags/example_latest_only.py
[2024-04-24T05:29:06.322+0000] {processor.py:840} INFO - DAG(s) 'latest_only' retrieved from /home/airflow/.local/lib/python3.8/site-packages/airflow/example_dags/example_latest_only.py
[2024-04-24T05:29:06.332+0000] {logging_mixin.py:188} INFO - [2024-04-24T05:29:06.332+0000] {dag.py:3047} INFO - Sync 1 DAGs
[2024-04-24T05:29:06.343+0000] {logging_mixin.py:188} INFO - [2024-04-24T05:29:06.343+0000] {dag.py:3834} INFO - Setting next_dagrun for latest_only to 2024-04-24 00:00:00+00:00, run_after=2024-04-24 04:00:00+00:00
[2024-04-24T05:29:06.352+0000] {processor.py:183} INFO - Processing /home/airflow/.local/lib/python3.8/site-packages/airflow/example_dags/example_latest_only.py took 0.037 seconds
[2024-04-24T05:29:36.888+0000] {processor.py:161} INFO - Started process (PID=2167) to work on /home/airflow/.local/lib/python3.8/site-packages/airflow/example_dags/example_latest_only.py
[2024-04-24T05:29:36.888+0000] {processor.py:830} INFO - Processing file /home/airflow/.local/lib/python3.8/site-packages/airflow/example_dags/example_latest_only.py for tasks to queue
[2024-04-24T05:29:36.889+0000] {logging_mixin.py:188} INFO - [2024-04-24T05:29:36.889+0000] {dagbag.py:540} INFO - Filling up the DagBag from /home/airflow/.local/lib/python3.8/site-packages/airflow/example_dags/example_latest_only.py
[2024-04-24T05:29:36.892+0000] {processor.py:840} INFO - DAG(s) 'latest_only' retrieved from /home/airflow/.local/lib/python3.8/site-packages/airflow/example_dags/example_latest_only.py
[2024-04-24T05:29:36.902+0000] {logging_mixin.py:188} INFO - [2024-04-24T05:29:36.902+0000] {dag.py:3047} INFO - Sync 1 DAGs
[2024-04-24T05:29:36.913+0000] {logging_mixin.py:188} INFO - [2024-04-24T05:29:36.913+0000] {dag.py:3834} INFO - Setting next_dagrun for latest_only to 2024-04-24 00:00:00+00:00, run_after=2024-04-24 04:00:00+00:00
[2024-04-24T05:29:36.923+0000] {processor.py:183} INFO - Processing /home/airflow/.local/lib/python3.8/site-packages/airflow/example_dags/example_latest_only.py took 0.037 seconds
[2024-04-24T05:30:07.448+0000] {processor.py:161} INFO - Started process (PID=2225) to work on /home/airflow/.local/lib/python3.8/site-packages/airflow/example_dags/example_latest_only.py
[2024-04-24T05:30:07.449+0000] {processor.py:830} INFO - Processing file /home/airflow/.local/lib/python3.8/site-packages/airflow/example_dags/example_latest_only.py for tasks to queue
[2024-04-24T05:30:07.450+0000] {logging_mixin.py:188} INFO - [2024-04-24T05:30:07.450+0000] {dagbag.py:540} INFO - Filling up the DagBag from /home/airflow/.local/lib/python3.8/site-packages/airflow/example_dags/example_latest_only.py
[2024-04-24T05:30:07.453+0000] {processor.py:840} INFO - DAG(s) 'latest_only' retrieved from /home/airflow/.local/lib/python3.8/site-packages/airflow/example_dags/example_latest_only.py
[2024-04-24T05:30:07.463+0000] {logging_mixin.py:188} INFO - [2024-04-24T05:30:07.463+0000] {dag.py:3047} INFO - Sync 1 DAGs
[2024-04-24T05:30:07.474+0000] {logging_mixin.py:188} INFO - [2024-04-24T05:30:07.474+0000] {dag.py:3834} INFO - Setting next_dagrun for latest_only to 2024-04-24 00:00:00+00:00, run_after=2024-04-24 04:00:00+00:00
[2024-04-24T05:30:07.484+0000] {processor.py:183} INFO - Processing /home/airflow/.local/lib/python3.8/site-packages/airflow/example_dags/example_latest_only.py took 0.038 seconds
[2024-04-24T05:30:38.031+0000] {processor.py:161} INFO - Started process (PID=2283) to work on /home/airflow/.local/lib/python3.8/site-packages/airflow/example_dags/example_latest_only.py
[2024-04-24T05:30:38.032+0000] {processor.py:830} INFO - Processing file /home/airflow/.local/lib/python3.8/site-packages/airflow/example_dags/example_latest_only.py for tasks to queue
[2024-04-24T05:30:38.033+0000] {logging_mixin.py:188} INFO - [2024-04-24T05:30:38.033+0000] {dagbag.py:540} INFO - Filling up the DagBag from /home/airflow/.local/lib/python3.8/site-packages/airflow/example_dags/example_latest_only.py
[2024-04-24T05:30:38.036+0000] {processor.py:840} INFO - DAG(s) 'latest_only' retrieved from /home/airflow/.local/lib/python3.8/site-packages/airflow/example_dags/example_latest_only.py
[2024-04-24T05:30:38.046+0000] {logging_mixin.py:188} INFO - [2024-04-24T05:30:38.046+0000] {dag.py:3047} INFO - Sync 1 DAGs
[2024-04-24T05:30:38.057+0000] {logging_mixin.py:188} INFO - [2024-04-24T05:30:38.057+0000] {dag.py:3834} INFO - Setting next_dagrun for latest_only to 2024-04-24 00:00:00+00:00, run_after=2024-04-24 04:00:00+00:00
[2024-04-24T05:30:38.067+0000] {processor.py:183} INFO - Processing /home/airflow/.local/lib/python3.8/site-packages/airflow/example_dags/example_latest_only.py took 0.037 seconds
[2024-04-24T05:31:08.596+0000] {processor.py:161} INFO - Started process (PID=2341) to work on /home/airflow/.local/lib/python3.8/site-packages/airflow/example_dags/example_latest_only.py
[2024-04-24T05:31:08.597+0000] {processor.py:830} INFO - Processing file /home/airflow/.local/lib/python3.8/site-packages/airflow/example_dags/example_latest_only.py for tasks to queue
[2024-04-24T05:31:08.598+0000] {logging_mixin.py:188} INFO - [2024-04-24T05:31:08.598+0000] {dagbag.py:540} INFO - Filling up the DagBag from /home/airflow/.local/lib/python3.8/site-packages/airflow/example_dags/example_latest_only.py
[2024-04-24T05:31:08.601+0000] {processor.py:840} INFO - DAG(s) 'latest_only' retrieved from /home/airflow/.local/lib/python3.8/site-packages/airflow/example_dags/example_latest_only.py
[2024-04-24T05:31:08.611+0000] {logging_mixin.py:188} INFO - [2024-04-24T05:31:08.611+0000] {dag.py:3047} INFO - Sync 1 DAGs
[2024-04-24T05:31:08.622+0000] {logging_mixin.py:188} INFO - [2024-04-24T05:31:08.622+0000] {dag.py:3834} INFO - Setting next_dagrun for latest_only to 2024-04-24 00:00:00+00:00, run_after=2024-04-24 04:00:00+00:00
[2024-04-24T05:31:08.632+0000] {processor.py:183} INFO - Processing /home/airflow/.local/lib/python3.8/site-packages/airflow/example_dags/example_latest_only.py took 0.038 seconds
[2024-04-24T05:31:39.396+0000] {processor.py:161} INFO - Started process (PID=2399) to work on /home/airflow/.local/lib/python3.8/site-packages/airflow/example_dags/example_latest_only.py
[2024-04-24T05:31:39.397+0000] {processor.py:830} INFO - Processing file /home/airflow/.local/lib/python3.8/site-packages/airflow/example_dags/example_latest_only.py for tasks to queue
[2024-04-24T05:31:39.398+0000] {logging_mixin.py:188} INFO - [2024-04-24T05:31:39.398+0000] {dagbag.py:540} INFO - Filling up the DagBag from /home/airflow/.local/lib/python3.8/site-packages/airflow/example_dags/example_latest_only.py
[2024-04-24T05:31:39.400+0000] {processor.py:840} INFO - DAG(s) 'latest_only' retrieved from /home/airflow/.local/lib/python3.8/site-packages/airflow/example_dags/example_latest_only.py
[2024-04-24T05:31:39.452+0000] {logging_mixin.py:188} INFO - [2024-04-24T05:31:39.452+0000] {dag.py:3047} INFO - Sync 1 DAGs
[2024-04-24T05:31:39.464+0000] {logging_mixin.py:188} INFO - [2024-04-24T05:31:39.464+0000] {dag.py:3834} INFO - Setting next_dagrun for latest_only to 2024-04-24 00:00:00+00:00, run_after=2024-04-24 04:00:00+00:00
[2024-04-24T05:31:39.474+0000] {processor.py:183} INFO - Processing /home/airflow/.local/lib/python3.8/site-packages/airflow/example_dags/example_latest_only.py took 0.080 seconds
[2024-04-24T05:32:10.011+0000] {processor.py:161} INFO - Started process (PID=2457) to work on /home/airflow/.local/lib/python3.8/site-packages/airflow/example_dags/example_latest_only.py
[2024-04-24T05:32:10.012+0000] {processor.py:830} INFO - Processing file /home/airflow/.local/lib/python3.8/site-packages/airflow/example_dags/example_latest_only.py for tasks to queue
[2024-04-24T05:32:10.013+0000] {logging_mixin.py:188} INFO - [2024-04-24T05:32:10.013+0000] {dagbag.py:540} INFO - Filling up the DagBag from /home/airflow/.local/lib/python3.8/site-packages/airflow/example_dags/example_latest_only.py
[2024-04-24T05:32:10.016+0000] {processor.py:840} INFO - DAG(s) 'latest_only' retrieved from /home/airflow/.local/lib/python3.8/site-packages/airflow/example_dags/example_latest_only.py
[2024-04-24T05:32:10.025+0000] {logging_mixin.py:188} INFO - [2024-04-24T05:32:10.025+0000] {dag.py:3047} INFO - Sync 1 DAGs
[2024-04-24T05:32:10.036+0000] {logging_mixin.py:188} INFO - [2024-04-24T05:32:10.036+0000] {dag.py:3834} INFO - Setting next_dagrun for latest_only to 2024-04-24 00:00:00+00:00, run_after=2024-04-24 04:00:00+00:00
[2024-04-24T05:32:10.046+0000] {processor.py:183} INFO - Processing /home/airflow/.local/lib/python3.8/site-packages/airflow/example_dags/example_latest_only.py took 0.036 seconds
[2024-04-24T05:32:40.482+0000] {processor.py:161} INFO - Started process (PID=2516) to work on /home/airflow/.local/lib/python3.8/site-packages/airflow/example_dags/example_latest_only.py
[2024-04-24T05:32:40.482+0000] {processor.py:830} INFO - Processing file /home/airflow/.local/lib/python3.8/site-packages/airflow/example_dags/example_latest_only.py for tasks to queue
[2024-04-24T05:32:40.483+0000] {logging_mixin.py:188} INFO - [2024-04-24T05:32:40.483+0000] {dagbag.py:540} INFO - Filling up the DagBag from /home/airflow/.local/lib/python3.8/site-packages/airflow/example_dags/example_latest_only.py
[2024-04-24T05:32:40.486+0000] {processor.py:840} INFO - DAG(s) 'latest_only' retrieved from /home/airflow/.local/lib/python3.8/site-packages/airflow/example_dags/example_latest_only.py
[2024-04-24T05:32:40.496+0000] {logging_mixin.py:188} INFO - [2024-04-24T05:32:40.496+0000] {dag.py:3047} INFO - Sync 1 DAGs
[2024-04-24T05:32:40.507+0000] {logging_mixin.py:188} INFO - [2024-04-24T05:32:40.507+0000] {dag.py:3834} INFO - Setting next_dagrun for latest_only to 2024-04-24 00:00:00+00:00, run_after=2024-04-24 04:00:00+00:00
[2024-04-24T05:32:40.517+0000] {processor.py:183} INFO - Processing /home/airflow/.local/lib/python3.8/site-packages/airflow/example_dags/example_latest_only.py took 0.037 seconds
[2024-04-24T05:33:10.898+0000] {processor.py:161} INFO - Started process (PID=2571) to work on /home/airflow/.local/lib/python3.8/site-packages/airflow/example_dags/example_latest_only.py
[2024-04-24T05:33:10.898+0000] {processor.py:830} INFO - Processing file /home/airflow/.local/lib/python3.8/site-packages/airflow/example_dags/example_latest_only.py for tasks to queue
[2024-04-24T05:33:10.899+0000] {logging_mixin.py:188} INFO - [2024-04-24T05:33:10.899+0000] {dagbag.py:540} INFO - Filling up the DagBag from /home/airflow/.local/lib/python3.8/site-packages/airflow/example_dags/example_latest_only.py
[2024-04-24T05:33:10.902+0000] {processor.py:840} INFO - DAG(s) 'latest_only' retrieved from /home/airflow/.local/lib/python3.8/site-packages/airflow/example_dags/example_latest_only.py
[2024-04-24T05:33:10.912+0000] {logging_mixin.py:188} INFO - [2024-04-24T05:33:10.912+0000] {dag.py:3047} INFO - Sync 1 DAGs
[2024-04-24T05:33:10.924+0000] {logging_mixin.py:188} INFO - [2024-04-24T05:33:10.923+0000] {dag.py:3834} INFO - Setting next_dagrun for latest_only to 2024-04-24 00:00:00+00:00, run_after=2024-04-24 04:00:00+00:00
[2024-04-24T05:33:10.933+0000] {processor.py:183} INFO - Processing /home/airflow/.local/lib/python3.8/site-packages/airflow/example_dags/example_latest_only.py took 0.037 seconds
[2024-04-24T05:33:41.270+0000] {processor.py:161} INFO - Started process (PID=2626) to work on /home/airflow/.local/lib/python3.8/site-packages/airflow/example_dags/example_latest_only.py
[2024-04-24T05:33:41.271+0000] {processor.py:830} INFO - Processing file /home/airflow/.local/lib/python3.8/site-packages/airflow/example_dags/example_latest_only.py for tasks to queue
[2024-04-24T05:33:41.271+0000] {logging_mixin.py:188} INFO - [2024-04-24T05:33:41.271+0000] {dagbag.py:540} INFO - Filling up the DagBag from /home/airflow/.local/lib/python3.8/site-packages/airflow/example_dags/example_latest_only.py
[2024-04-24T05:33:41.275+0000] {processor.py:840} INFO - DAG(s) 'latest_only' retrieved from /home/airflow/.local/lib/python3.8/site-packages/airflow/example_dags/example_latest_only.py
[2024-04-24T05:33:41.285+0000] {logging_mixin.py:188} INFO - [2024-04-24T05:33:41.285+0000] {dag.py:3047} INFO - Sync 1 DAGs
[2024-04-24T05:33:41.296+0000] {logging_mixin.py:188} INFO - [2024-04-24T05:33:41.296+0000] {dag.py:3834} INFO - Setting next_dagrun for latest_only to 2024-04-24 00:00:00+00:00, run_after=2024-04-24 04:00:00+00:00
[2024-04-24T05:33:41.305+0000] {processor.py:183} INFO - Processing /home/airflow/.local/lib/python3.8/site-packages/airflow/example_dags/example_latest_only.py took 0.037 seconds
[2024-04-24T05:34:11.773+0000] {processor.py:161} INFO - Started process (PID=2681) to work on /home/airflow/.local/lib/python3.8/site-packages/airflow/example_dags/example_latest_only.py
[2024-04-24T05:34:11.773+0000] {processor.py:830} INFO - Processing file /home/airflow/.local/lib/python3.8/site-packages/airflow/example_dags/example_latest_only.py for tasks to queue
[2024-04-24T05:34:11.774+0000] {logging_mixin.py:188} INFO - [2024-04-24T05:34:11.773+0000] {dagbag.py:540} INFO - Filling up the DagBag from /home/airflow/.local/lib/python3.8/site-packages/airflow/example_dags/example_latest_only.py
[2024-04-24T05:34:11.776+0000] {processor.py:840} INFO - DAG(s) 'latest_only' retrieved from /home/airflow/.local/lib/python3.8/site-packages/airflow/example_dags/example_latest_only.py
[2024-04-24T05:34:11.786+0000] {logging_mixin.py:188} INFO - [2024-04-24T05:34:11.786+0000] {dag.py:3047} INFO - Sync 1 DAGs
[2024-04-24T05:34:11.797+0000] {logging_mixin.py:188} INFO - [2024-04-24T05:34:11.797+0000] {dag.py:3834} INFO - Setting next_dagrun for latest_only to 2024-04-24 00:00:00+00:00, run_after=2024-04-24 04:00:00+00:00
[2024-04-24T05:34:11.807+0000] {processor.py:183} INFO - Processing /home/airflow/.local/lib/python3.8/site-packages/airflow/example_dags/example_latest_only.py took 0.036 seconds
[2024-04-24T05:34:42.349+0000] {processor.py:161} INFO - Started process (PID=2742) to work on /home/airflow/.local/lib/python3.8/site-packages/airflow/example_dags/example_latest_only.py
[2024-04-24T05:34:42.349+0000] {processor.py:830} INFO - Processing file /home/airflow/.local/lib/python3.8/site-packages/airflow/example_dags/example_latest_only.py for tasks to queue
[2024-04-24T05:34:42.350+0000] {logging_mixin.py:188} INFO - [2024-04-24T05:34:42.350+0000] {dagbag.py:540} INFO - Filling up the DagBag from /home/airflow/.local/lib/python3.8/site-packages/airflow/example_dags/example_latest_only.py
[2024-04-24T05:34:42.354+0000] {processor.py:840} INFO - DAG(s) 'latest_only' retrieved from /home/airflow/.local/lib/python3.8/site-packages/airflow/example_dags/example_latest_only.py
[2024-04-24T05:34:42.365+0000] {logging_mixin.py:188} INFO - [2024-04-24T05:34:42.365+0000] {dag.py:3047} INFO - Sync 1 DAGs
[2024-04-24T05:34:42.378+0000] {logging_mixin.py:188} INFO - [2024-04-24T05:34:42.378+0000] {dag.py:3834} INFO - Setting next_dagrun for latest_only to 2024-04-24 00:00:00+00:00, run_after=2024-04-24 04:00:00+00:00
[2024-04-24T05:34:42.388+0000] {processor.py:183} INFO - Processing /home/airflow/.local/lib/python3.8/site-packages/airflow/example_dags/example_latest_only.py took 0.041 seconds
[2024-04-24T05:35:13.033+0000] {processor.py:161} INFO - Started process (PID=2797) to work on /home/airflow/.local/lib/python3.8/site-packages/airflow/example_dags/example_latest_only.py
[2024-04-24T05:35:13.033+0000] {processor.py:830} INFO - Processing file /home/airflow/.local/lib/python3.8/site-packages/airflow/example_dags/example_latest_only.py for tasks to queue
[2024-04-24T05:35:13.034+0000] {logging_mixin.py:188} INFO - [2024-04-24T05:35:13.034+0000] {dagbag.py:540} INFO - Filling up the DagBag from /home/airflow/.local/lib/python3.8/site-packages/airflow/example_dags/example_latest_only.py
[2024-04-24T05:35:13.037+0000] {processor.py:840} INFO - DAG(s) 'latest_only' retrieved from /home/airflow/.local/lib/python3.8/site-packages/airflow/example_dags/example_latest_only.py
[2024-04-24T05:35:13.047+0000] {logging_mixin.py:188} INFO - [2024-04-24T05:35:13.047+0000] {dag.py:3047} INFO - Sync 1 DAGs
[2024-04-24T05:35:13.058+0000] {logging_mixin.py:188} INFO - [2024-04-24T05:35:13.058+0000] {dag.py:3834} INFO - Setting next_dagrun for latest_only to 2024-04-24 00:00:00+00:00, run_after=2024-04-24 04:00:00+00:00
[2024-04-24T05:35:13.067+0000] {processor.py:183} INFO - Processing /home/airflow/.local/lib/python3.8/site-packages/airflow/example_dags/example_latest_only.py took 0.036 seconds
[2024-04-24T05:35:43.763+0000] {processor.py:161} INFO - Started process (PID=2852) to work on /home/airflow/.local/lib/python3.8/site-packages/airflow/example_dags/example_latest_only.py
[2024-04-24T05:35:43.764+0000] {processor.py:830} INFO - Processing file /home/airflow/.local/lib/python3.8/site-packages/airflow/example_dags/example_latest_only.py for tasks to queue
[2024-04-24T05:35:43.764+0000] {logging_mixin.py:188} INFO - [2024-04-24T05:35:43.764+0000] {dagbag.py:540} INFO - Filling up the DagBag from /home/airflow/.local/lib/python3.8/site-packages/airflow/example_dags/example_latest_only.py
[2024-04-24T05:35:43.767+0000] {processor.py:840} INFO - DAG(s) 'latest_only' retrieved from /home/airflow/.local/lib/python3.8/site-packages/airflow/example_dags/example_latest_only.py
[2024-04-24T05:35:43.777+0000] {logging_mixin.py:188} INFO - [2024-04-24T05:35:43.777+0000] {dag.py:3047} INFO - Sync 1 DAGs
[2024-04-24T05:35:43.788+0000] {logging_mixin.py:188} INFO - [2024-04-24T05:35:43.787+0000] {dag.py:3834} INFO - Setting next_dagrun for latest_only to 2024-04-24 00:00:00+00:00, run_after=2024-04-24 04:00:00+00:00
[2024-04-24T05:35:43.797+0000] {processor.py:183} INFO - Processing /home/airflow/.local/lib/python3.8/site-packages/airflow/example_dags/example_latest_only.py took 0.035 seconds
[2024-04-24T05:36:14.249+0000] {processor.py:161} INFO - Started process (PID=2907) to work on /home/airflow/.local/lib/python3.8/site-packages/airflow/example_dags/example_latest_only.py
[2024-04-24T05:36:14.250+0000] {processor.py:830} INFO - Processing file /home/airflow/.local/lib/python3.8/site-packages/airflow/example_dags/example_latest_only.py for tasks to queue
[2024-04-24T05:36:14.250+0000] {logging_mixin.py:188} INFO - [2024-04-24T05:36:14.250+0000] {dagbag.py:540} INFO - Filling up the DagBag from /home/airflow/.local/lib/python3.8/site-packages/airflow/example_dags/example_latest_only.py
[2024-04-24T05:36:14.253+0000] {processor.py:840} INFO - DAG(s) 'latest_only' retrieved from /home/airflow/.local/lib/python3.8/site-packages/airflow/example_dags/example_latest_only.py
[2024-04-24T05:36:14.264+0000] {logging_mixin.py:188} INFO - [2024-04-24T05:36:14.263+0000] {dag.py:3047} INFO - Sync 1 DAGs
[2024-04-24T05:36:14.275+0000] {logging_mixin.py:188} INFO - [2024-04-24T05:36:14.275+0000] {dag.py:3834} INFO - Setting next_dagrun for latest_only to 2024-04-24 00:00:00+00:00, run_after=2024-04-24 04:00:00+00:00
[2024-04-24T05:36:14.285+0000] {processor.py:183} INFO - Processing /home/airflow/.local/lib/python3.8/site-packages/airflow/example_dags/example_latest_only.py took 0.038 seconds
[2024-04-24T05:36:44.770+0000] {processor.py:161} INFO - Started process (PID=2962) to work on /home/airflow/.local/lib/python3.8/site-packages/airflow/example_dags/example_latest_only.py
[2024-04-24T05:36:44.771+0000] {processor.py:830} INFO - Processing file /home/airflow/.local/lib/python3.8/site-packages/airflow/example_dags/example_latest_only.py for tasks to queue
[2024-04-24T05:36:44.771+0000] {logging_mixin.py:188} INFO - [2024-04-24T05:36:44.771+0000] {dagbag.py:540} INFO - Filling up the DagBag from /home/airflow/.local/lib/python3.8/site-packages/airflow/example_dags/example_latest_only.py
[2024-04-24T05:36:44.775+0000] {processor.py:840} INFO - DAG(s) 'latest_only' retrieved from /home/airflow/.local/lib/python3.8/site-packages/airflow/example_dags/example_latest_only.py
[2024-04-24T05:36:44.785+0000] {logging_mixin.py:188} INFO - [2024-04-24T05:36:44.785+0000] {dag.py:3047} INFO - Sync 1 DAGs
[2024-04-24T05:36:44.796+0000] {logging_mixin.py:188} INFO - [2024-04-24T05:36:44.796+0000] {dag.py:3834} INFO - Setting next_dagrun for latest_only to 2024-04-24 00:00:00+00:00, run_after=2024-04-24 04:00:00+00:00
[2024-04-24T05:36:44.806+0000] {processor.py:183} INFO - Processing /home/airflow/.local/lib/python3.8/site-packages/airflow/example_dags/example_latest_only.py took 0.038 seconds
[2024-04-24T05:37:15.352+0000] {processor.py:161} INFO - Started process (PID=3017) to work on /home/airflow/.local/lib/python3.8/site-packages/airflow/example_dags/example_latest_only.py
[2024-04-24T05:37:15.353+0000] {processor.py:830} INFO - Processing file /home/airflow/.local/lib/python3.8/site-packages/airflow/example_dags/example_latest_only.py for tasks to queue
[2024-04-24T05:37:15.354+0000] {logging_mixin.py:188} INFO - [2024-04-24T05:37:15.353+0000] {dagbag.py:540} INFO - Filling up the DagBag from /home/airflow/.local/lib/python3.8/site-packages/airflow/example_dags/example_latest_only.py
[2024-04-24T05:37:15.357+0000] {processor.py:840} INFO - DAG(s) 'latest_only' retrieved from /home/airflow/.local/lib/python3.8/site-packages/airflow/example_dags/example_latest_only.py
[2024-04-24T05:37:15.367+0000] {logging_mixin.py:188} INFO - [2024-04-24T05:37:15.367+0000] {dag.py:3047} INFO - Sync 1 DAGs
[2024-04-24T05:37:15.378+0000] {logging_mixin.py:188} INFO - [2024-04-24T05:37:15.378+0000] {dag.py:3834} INFO - Setting next_dagrun for latest_only to 2024-04-24 00:00:00+00:00, run_after=2024-04-24 04:00:00+00:00
[2024-04-24T05:37:15.388+0000] {processor.py:183} INFO - Processing /home/airflow/.local/lib/python3.8/site-packages/airflow/example_dags/example_latest_only.py took 0.038 seconds
[2024-04-24T05:37:45.927+0000] {processor.py:161} INFO - Started process (PID=3072) to work on /home/airflow/.local/lib/python3.8/site-packages/airflow/example_dags/example_latest_only.py
[2024-04-24T05:37:45.927+0000] {processor.py:830} INFO - Processing file /home/airflow/.local/lib/python3.8/site-packages/airflow/example_dags/example_latest_only.py for tasks to queue
[2024-04-24T05:37:45.928+0000] {logging_mixin.py:188} INFO - [2024-04-24T05:37:45.927+0000] {dagbag.py:540} INFO - Filling up the DagBag from /home/airflow/.local/lib/python3.8/site-packages/airflow/example_dags/example_latest_only.py
[2024-04-24T05:37:45.931+0000] {processor.py:840} INFO - DAG(s) 'latest_only' retrieved from /home/airflow/.local/lib/python3.8/site-packages/airflow/example_dags/example_latest_only.py
[2024-04-24T05:37:45.941+0000] {logging_mixin.py:188} INFO - [2024-04-24T05:37:45.941+0000] {dag.py:3047} INFO - Sync 1 DAGs
[2024-04-24T05:37:45.952+0000] {logging_mixin.py:188} INFO - [2024-04-24T05:37:45.952+0000] {dag.py:3834} INFO - Setting next_dagrun for latest_only to 2024-04-24 00:00:00+00:00, run_after=2024-04-24 04:00:00+00:00
[2024-04-24T05:37:45.961+0000] {processor.py:183} INFO - Processing /home/airflow/.local/lib/python3.8/site-packages/airflow/example_dags/example_latest_only.py took 0.036 seconds
[2024-04-24T05:38:16.405+0000] {processor.py:161} INFO - Started process (PID=3127) to work on /home/airflow/.local/lib/python3.8/site-packages/airflow/example_dags/example_latest_only.py
[2024-04-24T05:38:16.405+0000] {processor.py:830} INFO - Processing file /home/airflow/.local/lib/python3.8/site-packages/airflow/example_dags/example_latest_only.py for tasks to queue
[2024-04-24T05:38:16.406+0000] {logging_mixin.py:188} INFO - [2024-04-24T05:38:16.406+0000] {dagbag.py:540} INFO - Filling up the DagBag from /home/airflow/.local/lib/python3.8/site-packages/airflow/example_dags/example_latest_only.py
[2024-04-24T05:38:16.409+0000] {processor.py:840} INFO - DAG(s) 'latest_only' retrieved from /home/airflow/.local/lib/python3.8/site-packages/airflow/example_dags/example_latest_only.py
[2024-04-24T05:38:16.419+0000] {logging_mixin.py:188} INFO - [2024-04-24T05:38:16.419+0000] {dag.py:3047} INFO - Sync 1 DAGs
[2024-04-24T05:38:16.430+0000] {logging_mixin.py:188} INFO - [2024-04-24T05:38:16.430+0000] {dag.py:3834} INFO - Setting next_dagrun for latest_only to 2024-04-24 00:00:00+00:00, run_after=2024-04-24 04:00:00+00:00
[2024-04-24T05:38:16.439+0000] {processor.py:183} INFO - Processing /home/airflow/.local/lib/python3.8/site-packages/airflow/example_dags/example_latest_only.py took 0.037 seconds
[2024-04-24T05:40:51.205+0000] {processor.py:161} INFO - Started process (PID=75) to work on /home/airflow/.local/lib/python3.8/site-packages/airflow/example_dags/example_latest_only.py
[2024-04-24T05:40:51.206+0000] {processor.py:830} INFO - Processing file /home/airflow/.local/lib/python3.8/site-packages/airflow/example_dags/example_latest_only.py for tasks to queue
[2024-04-24T05:40:51.207+0000] {logging_mixin.py:188} INFO - [2024-04-24T05:40:51.207+0000] {dagbag.py:540} INFO - Filling up the DagBag from /home/airflow/.local/lib/python3.8/site-packages/airflow/example_dags/example_latest_only.py
[2024-04-24T05:40:51.213+0000] {processor.py:840} INFO - DAG(s) 'latest_only' retrieved from /home/airflow/.local/lib/python3.8/site-packages/airflow/example_dags/example_latest_only.py
[2024-04-24T05:40:51.221+0000] {logging_mixin.py:188} INFO - [2024-04-24T05:40:51.221+0000] {dag.py:3047} INFO - Sync 1 DAGs
[2024-04-24T05:40:51.237+0000] {logging_mixin.py:188} INFO - [2024-04-24T05:40:51.237+0000] {dag.py:3834} INFO - Setting next_dagrun for latest_only to 2024-04-24 00:00:00+00:00, run_after=2024-04-24 04:00:00+00:00
[2024-04-24T05:40:51.249+0000] {processor.py:183} INFO - Processing /home/airflow/.local/lib/python3.8/site-packages/airflow/example_dags/example_latest_only.py took 0.046 seconds
[2024-04-24T05:41:22.322+0000] {processor.py:161} INFO - Started process (PID=130) to work on /home/airflow/.local/lib/python3.8/site-packages/airflow/example_dags/example_latest_only.py
[2024-04-24T05:41:22.323+0000] {processor.py:830} INFO - Processing file /home/airflow/.local/lib/python3.8/site-packages/airflow/example_dags/example_latest_only.py for tasks to queue
[2024-04-24T05:41:22.324+0000] {logging_mixin.py:188} INFO - [2024-04-24T05:41:22.324+0000] {dagbag.py:540} INFO - Filling up the DagBag from /home/airflow/.local/lib/python3.8/site-packages/airflow/example_dags/example_latest_only.py
[2024-04-24T05:41:22.327+0000] {processor.py:840} INFO - DAG(s) 'latest_only' retrieved from /home/airflow/.local/lib/python3.8/site-packages/airflow/example_dags/example_latest_only.py
[2024-04-24T05:41:22.380+0000] {logging_mixin.py:188} INFO - [2024-04-24T05:41:22.379+0000] {dag.py:3047} INFO - Sync 1 DAGs
[2024-04-24T05:41:22.390+0000] {logging_mixin.py:188} INFO - [2024-04-24T05:41:22.390+0000] {dag.py:3834} INFO - Setting next_dagrun for latest_only to 2024-04-24 00:00:00+00:00, run_after=2024-04-24 04:00:00+00:00
[2024-04-24T05:41:22.400+0000] {processor.py:183} INFO - Processing /home/airflow/.local/lib/python3.8/site-packages/airflow/example_dags/example_latest_only.py took 0.080 seconds
