[2024-04-24T05:11:15.750+0000] {processor.py:161} INFO - Started process (PID=79) to work on /home/airflow/.local/lib/python3.8/site-packages/airflow/example_dags/example_python_operator.py
[2024-04-24T05:11:15.750+0000] {processor.py:830} INFO - Processing file /home/airflow/.local/lib/python3.8/site-packages/airflow/example_dags/example_python_operator.py for tasks to queue
[2024-04-24T05:11:15.752+0000] {logging_mixin.py:188} INFO - [2024-04-24T05:11:15.751+0000] {dagbag.py:540} INFO - Filling up the DagBag from /home/airflow/.local/lib/python3.8/site-packages/airflow/example_dags/example_python_operator.py
[2024-04-24T05:11:15.760+0000] {processor.py:840} INFO - DAG(s) 'example_python_operator' retrieved from /home/airflow/.local/lib/python3.8/site-packages/airflow/example_dags/example_python_operator.py
[2024-04-24T05:11:15.817+0000] {logging_mixin.py:188} INFO - [2024-04-24T05:11:15.816+0000] {dag.py:3047} INFO - Sync 1 DAGs
[2024-04-24T05:11:15.822+0000] {logging_mixin.py:188} INFO - [2024-04-24T05:11:15.822+0000] {dag.py:3834} INFO - Setting next_dagrun for example_python_operator to None, run_after=None
[2024-04-24T05:11:15.832+0000] {processor.py:183} INFO - Processing /home/airflow/.local/lib/python3.8/site-packages/airflow/example_dags/example_python_operator.py took 0.085 seconds
[2024-04-24T05:11:46.504+0000] {processor.py:161} INFO - Started process (PID=137) to work on /home/airflow/.local/lib/python3.8/site-packages/airflow/example_dags/example_python_operator.py
[2024-04-24T05:11:46.504+0000] {processor.py:830} INFO - Processing file /home/airflow/.local/lib/python3.8/site-packages/airflow/example_dags/example_python_operator.py for tasks to queue
[2024-04-24T05:11:46.505+0000] {logging_mixin.py:188} INFO - [2024-04-24T05:11:46.505+0000] {dagbag.py:540} INFO - Filling up the DagBag from /home/airflow/.local/lib/python3.8/site-packages/airflow/example_dags/example_python_operator.py
[2024-04-24T05:11:46.511+0000] {processor.py:840} INFO - DAG(s) 'example_python_operator' retrieved from /home/airflow/.local/lib/python3.8/site-packages/airflow/example_dags/example_python_operator.py
[2024-04-24T05:11:46.522+0000] {logging_mixin.py:188} INFO - [2024-04-24T05:11:46.522+0000] {dag.py:3047} INFO - Sync 1 DAGs
[2024-04-24T05:11:46.528+0000] {logging_mixin.py:188} INFO - [2024-04-24T05:11:46.528+0000] {dag.py:3834} INFO - Setting next_dagrun for example_python_operator to None, run_after=None
[2024-04-24T05:11:46.538+0000] {processor.py:183} INFO - Processing /home/airflow/.local/lib/python3.8/site-packages/airflow/example_dags/example_python_operator.py took 0.036 seconds
[2024-04-24T05:12:17.108+0000] {processor.py:161} INFO - Started process (PID=195) to work on /home/airflow/.local/lib/python3.8/site-packages/airflow/example_dags/example_python_operator.py
[2024-04-24T05:12:17.108+0000] {processor.py:830} INFO - Processing file /home/airflow/.local/lib/python3.8/site-packages/airflow/example_dags/example_python_operator.py for tasks to queue
[2024-04-24T05:12:17.109+0000] {logging_mixin.py:188} INFO - [2024-04-24T05:12:17.109+0000] {dagbag.py:540} INFO - Filling up the DagBag from /home/airflow/.local/lib/python3.8/site-packages/airflow/example_dags/example_python_operator.py
[2024-04-24T05:12:17.115+0000] {processor.py:840} INFO - DAG(s) 'example_python_operator' retrieved from /home/airflow/.local/lib/python3.8/site-packages/airflow/example_dags/example_python_operator.py
[2024-04-24T05:12:17.126+0000] {logging_mixin.py:188} INFO - [2024-04-24T05:12:17.126+0000] {dag.py:3047} INFO - Sync 1 DAGs
[2024-04-24T05:12:17.133+0000] {logging_mixin.py:188} INFO - [2024-04-24T05:12:17.133+0000] {dag.py:3834} INFO - Setting next_dagrun for example_python_operator to None, run_after=None
[2024-04-24T05:12:17.143+0000] {processor.py:183} INFO - Processing /home/airflow/.local/lib/python3.8/site-packages/airflow/example_dags/example_python_operator.py took 0.037 seconds
[2024-04-24T05:12:47.803+0000] {processor.py:161} INFO - Started process (PID=253) to work on /home/airflow/.local/lib/python3.8/site-packages/airflow/example_dags/example_python_operator.py
[2024-04-24T05:12:47.804+0000] {processor.py:830} INFO - Processing file /home/airflow/.local/lib/python3.8/site-packages/airflow/example_dags/example_python_operator.py for tasks to queue
[2024-04-24T05:12:47.805+0000] {logging_mixin.py:188} INFO - [2024-04-24T05:12:47.805+0000] {dagbag.py:540} INFO - Filling up the DagBag from /home/airflow/.local/lib/python3.8/site-packages/airflow/example_dags/example_python_operator.py
[2024-04-24T05:12:47.811+0000] {processor.py:840} INFO - DAG(s) 'example_python_operator' retrieved from /home/airflow/.local/lib/python3.8/site-packages/airflow/example_dags/example_python_operator.py
[2024-04-24T05:12:47.825+0000] {logging_mixin.py:188} INFO - [2024-04-24T05:12:47.825+0000] {dag.py:3047} INFO - Sync 1 DAGs
[2024-04-24T05:12:47.833+0000] {logging_mixin.py:188} INFO - [2024-04-24T05:12:47.833+0000] {dag.py:3834} INFO - Setting next_dagrun for example_python_operator to None, run_after=None
[2024-04-24T05:12:47.845+0000] {processor.py:183} INFO - Processing /home/airflow/.local/lib/python3.8/site-packages/airflow/example_dags/example_python_operator.py took 0.043 seconds
[2024-04-24T05:13:18.424+0000] {processor.py:161} INFO - Started process (PID=311) to work on /home/airflow/.local/lib/python3.8/site-packages/airflow/example_dags/example_python_operator.py
[2024-04-24T05:13:18.424+0000] {processor.py:830} INFO - Processing file /home/airflow/.local/lib/python3.8/site-packages/airflow/example_dags/example_python_operator.py for tasks to queue
[2024-04-24T05:13:18.425+0000] {logging_mixin.py:188} INFO - [2024-04-24T05:13:18.425+0000] {dagbag.py:540} INFO - Filling up the DagBag from /home/airflow/.local/lib/python3.8/site-packages/airflow/example_dags/example_python_operator.py
[2024-04-24T05:13:18.431+0000] {processor.py:840} INFO - DAG(s) 'example_python_operator' retrieved from /home/airflow/.local/lib/python3.8/site-packages/airflow/example_dags/example_python_operator.py
[2024-04-24T05:13:18.442+0000] {logging_mixin.py:188} INFO - [2024-04-24T05:13:18.442+0000] {dag.py:3047} INFO - Sync 1 DAGs
[2024-04-24T05:13:18.449+0000] {logging_mixin.py:188} INFO - [2024-04-24T05:13:18.449+0000] {dag.py:3834} INFO - Setting next_dagrun for example_python_operator to None, run_after=None
[2024-04-24T05:13:18.460+0000] {processor.py:183} INFO - Processing /home/airflow/.local/lib/python3.8/site-packages/airflow/example_dags/example_python_operator.py took 0.038 seconds
[2024-04-24T05:13:49.172+0000] {processor.py:161} INFO - Started process (PID=369) to work on /home/airflow/.local/lib/python3.8/site-packages/airflow/example_dags/example_python_operator.py
[2024-04-24T05:13:49.173+0000] {processor.py:830} INFO - Processing file /home/airflow/.local/lib/python3.8/site-packages/airflow/example_dags/example_python_operator.py for tasks to queue
[2024-04-24T05:13:49.174+0000] {logging_mixin.py:188} INFO - [2024-04-24T05:13:49.174+0000] {dagbag.py:540} INFO - Filling up the DagBag from /home/airflow/.local/lib/python3.8/site-packages/airflow/example_dags/example_python_operator.py
[2024-04-24T05:13:49.180+0000] {processor.py:840} INFO - DAG(s) 'example_python_operator' retrieved from /home/airflow/.local/lib/python3.8/site-packages/airflow/example_dags/example_python_operator.py
[2024-04-24T05:13:49.191+0000] {logging_mixin.py:188} INFO - [2024-04-24T05:13:49.191+0000] {dag.py:3047} INFO - Sync 1 DAGs
[2024-04-24T05:13:49.198+0000] {logging_mixin.py:188} INFO - [2024-04-24T05:13:49.198+0000] {dag.py:3834} INFO - Setting next_dagrun for example_python_operator to None, run_after=None
[2024-04-24T05:13:49.207+0000] {processor.py:183} INFO - Processing /home/airflow/.local/lib/python3.8/site-packages/airflow/example_dags/example_python_operator.py took 0.037 seconds
[2024-04-24T05:14:19.860+0000] {processor.py:161} INFO - Started process (PID=427) to work on /home/airflow/.local/lib/python3.8/site-packages/airflow/example_dags/example_python_operator.py
[2024-04-24T05:14:19.861+0000] {processor.py:830} INFO - Processing file /home/airflow/.local/lib/python3.8/site-packages/airflow/example_dags/example_python_operator.py for tasks to queue
[2024-04-24T05:14:19.862+0000] {logging_mixin.py:188} INFO - [2024-04-24T05:14:19.862+0000] {dagbag.py:540} INFO - Filling up the DagBag from /home/airflow/.local/lib/python3.8/site-packages/airflow/example_dags/example_python_operator.py
[2024-04-24T05:14:19.867+0000] {processor.py:840} INFO - DAG(s) 'example_python_operator' retrieved from /home/airflow/.local/lib/python3.8/site-packages/airflow/example_dags/example_python_operator.py
[2024-04-24T05:14:19.880+0000] {logging_mixin.py:188} INFO - [2024-04-24T05:14:19.879+0000] {dag.py:3047} INFO - Sync 1 DAGs
[2024-04-24T05:14:19.886+0000] {logging_mixin.py:188} INFO - [2024-04-24T05:14:19.886+0000] {dag.py:3834} INFO - Setting next_dagrun for example_python_operator to None, run_after=None
[2024-04-24T05:14:19.896+0000] {processor.py:183} INFO - Processing /home/airflow/.local/lib/python3.8/site-packages/airflow/example_dags/example_python_operator.py took 0.038 seconds
[2024-04-24T05:14:50.545+0000] {processor.py:161} INFO - Started process (PID=485) to work on /home/airflow/.local/lib/python3.8/site-packages/airflow/example_dags/example_python_operator.py
[2024-04-24T05:14:50.545+0000] {processor.py:830} INFO - Processing file /home/airflow/.local/lib/python3.8/site-packages/airflow/example_dags/example_python_operator.py for tasks to queue
[2024-04-24T05:14:50.546+0000] {logging_mixin.py:188} INFO - [2024-04-24T05:14:50.546+0000] {dagbag.py:540} INFO - Filling up the DagBag from /home/airflow/.local/lib/python3.8/site-packages/airflow/example_dags/example_python_operator.py
[2024-04-24T05:14:50.552+0000] {processor.py:840} INFO - DAG(s) 'example_python_operator' retrieved from /home/airflow/.local/lib/python3.8/site-packages/airflow/example_dags/example_python_operator.py
[2024-04-24T05:14:50.563+0000] {logging_mixin.py:188} INFO - [2024-04-24T05:14:50.563+0000] {dag.py:3047} INFO - Sync 1 DAGs
[2024-04-24T05:14:50.570+0000] {logging_mixin.py:188} INFO - [2024-04-24T05:14:50.569+0000] {dag.py:3834} INFO - Setting next_dagrun for example_python_operator to None, run_after=None
[2024-04-24T05:14:50.579+0000] {processor.py:183} INFO - Processing /home/airflow/.local/lib/python3.8/site-packages/airflow/example_dags/example_python_operator.py took 0.036 seconds
[2024-04-24T05:15:21.061+0000] {processor.py:161} INFO - Started process (PID=544) to work on /home/airflow/.local/lib/python3.8/site-packages/airflow/example_dags/example_python_operator.py
[2024-04-24T05:15:21.061+0000] {processor.py:830} INFO - Processing file /home/airflow/.local/lib/python3.8/site-packages/airflow/example_dags/example_python_operator.py for tasks to queue
[2024-04-24T05:15:21.062+0000] {logging_mixin.py:188} INFO - [2024-04-24T05:15:21.062+0000] {dagbag.py:540} INFO - Filling up the DagBag from /home/airflow/.local/lib/python3.8/site-packages/airflow/example_dags/example_python_operator.py
[2024-04-24T05:15:21.068+0000] {processor.py:840} INFO - DAG(s) 'example_python_operator' retrieved from /home/airflow/.local/lib/python3.8/site-packages/airflow/example_dags/example_python_operator.py
[2024-04-24T05:15:21.079+0000] {logging_mixin.py:188} INFO - [2024-04-24T05:15:21.079+0000] {dag.py:3047} INFO - Sync 1 DAGs
[2024-04-24T05:15:21.086+0000] {logging_mixin.py:188} INFO - [2024-04-24T05:15:21.086+0000] {dag.py:3834} INFO - Setting next_dagrun for example_python_operator to None, run_after=None
[2024-04-24T05:15:21.095+0000] {processor.py:183} INFO - Processing /home/airflow/.local/lib/python3.8/site-packages/airflow/example_dags/example_python_operator.py took 0.036 seconds
[2024-04-24T05:15:51.551+0000] {processor.py:161} INFO - Started process (PID=602) to work on /home/airflow/.local/lib/python3.8/site-packages/airflow/example_dags/example_python_operator.py
[2024-04-24T05:15:51.551+0000] {processor.py:830} INFO - Processing file /home/airflow/.local/lib/python3.8/site-packages/airflow/example_dags/example_python_operator.py for tasks to queue
[2024-04-24T05:15:51.552+0000] {logging_mixin.py:188} INFO - [2024-04-24T05:15:51.552+0000] {dagbag.py:540} INFO - Filling up the DagBag from /home/airflow/.local/lib/python3.8/site-packages/airflow/example_dags/example_python_operator.py
[2024-04-24T05:15:51.558+0000] {processor.py:840} INFO - DAG(s) 'example_python_operator' retrieved from /home/airflow/.local/lib/python3.8/site-packages/airflow/example_dags/example_python_operator.py
[2024-04-24T05:15:51.569+0000] {logging_mixin.py:188} INFO - [2024-04-24T05:15:51.569+0000] {dag.py:3047} INFO - Sync 1 DAGs
[2024-04-24T05:15:51.575+0000] {logging_mixin.py:188} INFO - [2024-04-24T05:15:51.575+0000] {dag.py:3834} INFO - Setting next_dagrun for example_python_operator to None, run_after=None
[2024-04-24T05:15:51.585+0000] {processor.py:183} INFO - Processing /home/airflow/.local/lib/python3.8/site-packages/airflow/example_dags/example_python_operator.py took 0.036 seconds
[2024-04-24T05:16:22.069+0000] {processor.py:161} INFO - Started process (PID=660) to work on /home/airflow/.local/lib/python3.8/site-packages/airflow/example_dags/example_python_operator.py
[2024-04-24T05:16:22.070+0000] {processor.py:830} INFO - Processing file /home/airflow/.local/lib/python3.8/site-packages/airflow/example_dags/example_python_operator.py for tasks to queue
[2024-04-24T05:16:22.071+0000] {logging_mixin.py:188} INFO - [2024-04-24T05:16:22.070+0000] {dagbag.py:540} INFO - Filling up the DagBag from /home/airflow/.local/lib/python3.8/site-packages/airflow/example_dags/example_python_operator.py
[2024-04-24T05:16:22.076+0000] {processor.py:840} INFO - DAG(s) 'example_python_operator' retrieved from /home/airflow/.local/lib/python3.8/site-packages/airflow/example_dags/example_python_operator.py
[2024-04-24T05:16:22.088+0000] {logging_mixin.py:188} INFO - [2024-04-24T05:16:22.088+0000] {dag.py:3047} INFO - Sync 1 DAGs
[2024-04-24T05:16:22.095+0000] {logging_mixin.py:188} INFO - [2024-04-24T05:16:22.095+0000] {dag.py:3834} INFO - Setting next_dagrun for example_python_operator to None, run_after=None
[2024-04-24T05:16:22.106+0000] {processor.py:183} INFO - Processing /home/airflow/.local/lib/python3.8/site-packages/airflow/example_dags/example_python_operator.py took 0.039 seconds
[2024-04-24T05:16:52.618+0000] {processor.py:161} INFO - Started process (PID=718) to work on /home/airflow/.local/lib/python3.8/site-packages/airflow/example_dags/example_python_operator.py
[2024-04-24T05:16:52.618+0000] {processor.py:830} INFO - Processing file /home/airflow/.local/lib/python3.8/site-packages/airflow/example_dags/example_python_operator.py for tasks to queue
[2024-04-24T05:16:52.619+0000] {logging_mixin.py:188} INFO - [2024-04-24T05:16:52.619+0000] {dagbag.py:540} INFO - Filling up the DagBag from /home/airflow/.local/lib/python3.8/site-packages/airflow/example_dags/example_python_operator.py
[2024-04-24T05:16:52.625+0000] {processor.py:840} INFO - DAG(s) 'example_python_operator' retrieved from /home/airflow/.local/lib/python3.8/site-packages/airflow/example_dags/example_python_operator.py
[2024-04-24T05:16:52.636+0000] {logging_mixin.py:188} INFO - [2024-04-24T05:16:52.636+0000] {dag.py:3047} INFO - Sync 1 DAGs
[2024-04-24T05:16:52.643+0000] {logging_mixin.py:188} INFO - [2024-04-24T05:16:52.643+0000] {dag.py:3834} INFO - Setting next_dagrun for example_python_operator to None, run_after=None
[2024-04-24T05:16:52.652+0000] {processor.py:183} INFO - Processing /home/airflow/.local/lib/python3.8/site-packages/airflow/example_dags/example_python_operator.py took 0.037 seconds
[2024-04-24T05:17:23.128+0000] {processor.py:161} INFO - Started process (PID=776) to work on /home/airflow/.local/lib/python3.8/site-packages/airflow/example_dags/example_python_operator.py
[2024-04-24T05:17:23.128+0000] {processor.py:830} INFO - Processing file /home/airflow/.local/lib/python3.8/site-packages/airflow/example_dags/example_python_operator.py for tasks to queue
[2024-04-24T05:17:23.129+0000] {logging_mixin.py:188} INFO - [2024-04-24T05:17:23.129+0000] {dagbag.py:540} INFO - Filling up the DagBag from /home/airflow/.local/lib/python3.8/site-packages/airflow/example_dags/example_python_operator.py
[2024-04-24T05:17:23.136+0000] {processor.py:840} INFO - DAG(s) 'example_python_operator' retrieved from /home/airflow/.local/lib/python3.8/site-packages/airflow/example_dags/example_python_operator.py
[2024-04-24T05:17:23.147+0000] {logging_mixin.py:188} INFO - [2024-04-24T05:17:23.147+0000] {dag.py:3047} INFO - Sync 1 DAGs
[2024-04-24T05:17:23.154+0000] {logging_mixin.py:188} INFO - [2024-04-24T05:17:23.154+0000] {dag.py:3834} INFO - Setting next_dagrun for example_python_operator to None, run_after=None
[2024-04-24T05:17:23.164+0000] {processor.py:183} INFO - Processing /home/airflow/.local/lib/python3.8/site-packages/airflow/example_dags/example_python_operator.py took 0.038 seconds
[2024-04-24T05:17:53.755+0000] {processor.py:161} INFO - Started process (PID=834) to work on /home/airflow/.local/lib/python3.8/site-packages/airflow/example_dags/example_python_operator.py
[2024-04-24T05:17:53.755+0000] {processor.py:830} INFO - Processing file /home/airflow/.local/lib/python3.8/site-packages/airflow/example_dags/example_python_operator.py for tasks to queue
[2024-04-24T05:17:53.756+0000] {logging_mixin.py:188} INFO - [2024-04-24T05:17:53.756+0000] {dagbag.py:540} INFO - Filling up the DagBag from /home/airflow/.local/lib/python3.8/site-packages/airflow/example_dags/example_python_operator.py
[2024-04-24T05:17:53.762+0000] {processor.py:840} INFO - DAG(s) 'example_python_operator' retrieved from /home/airflow/.local/lib/python3.8/site-packages/airflow/example_dags/example_python_operator.py
[2024-04-24T05:17:53.775+0000] {logging_mixin.py:188} INFO - [2024-04-24T05:17:53.774+0000] {dag.py:3047} INFO - Sync 1 DAGs
[2024-04-24T05:17:53.781+0000] {logging_mixin.py:188} INFO - [2024-04-24T05:17:53.781+0000] {dag.py:3834} INFO - Setting next_dagrun for example_python_operator to None, run_after=None
[2024-04-24T05:17:53.792+0000] {processor.py:183} INFO - Processing /home/airflow/.local/lib/python3.8/site-packages/airflow/example_dags/example_python_operator.py took 0.039 seconds
[2024-04-24T05:18:24.494+0000] {processor.py:161} INFO - Started process (PID=892) to work on /home/airflow/.local/lib/python3.8/site-packages/airflow/example_dags/example_python_operator.py
[2024-04-24T05:18:24.494+0000] {processor.py:830} INFO - Processing file /home/airflow/.local/lib/python3.8/site-packages/airflow/example_dags/example_python_operator.py for tasks to queue
[2024-04-24T05:18:24.495+0000] {logging_mixin.py:188} INFO - [2024-04-24T05:18:24.495+0000] {dagbag.py:540} INFO - Filling up the DagBag from /home/airflow/.local/lib/python3.8/site-packages/airflow/example_dags/example_python_operator.py
[2024-04-24T05:18:24.501+0000] {processor.py:840} INFO - DAG(s) 'example_python_operator' retrieved from /home/airflow/.local/lib/python3.8/site-packages/airflow/example_dags/example_python_operator.py
[2024-04-24T05:18:24.513+0000] {logging_mixin.py:188} INFO - [2024-04-24T05:18:24.512+0000] {dag.py:3047} INFO - Sync 1 DAGs
[2024-04-24T05:18:24.519+0000] {logging_mixin.py:188} INFO - [2024-04-24T05:18:24.519+0000] {dag.py:3834} INFO - Setting next_dagrun for example_python_operator to None, run_after=None
[2024-04-24T05:18:24.529+0000] {processor.py:183} INFO - Processing /home/airflow/.local/lib/python3.8/site-packages/airflow/example_dags/example_python_operator.py took 0.037 seconds
[2024-04-24T05:18:55.036+0000] {processor.py:161} INFO - Started process (PID=950) to work on /home/airflow/.local/lib/python3.8/site-packages/airflow/example_dags/example_python_operator.py
[2024-04-24T05:18:55.037+0000] {processor.py:830} INFO - Processing file /home/airflow/.local/lib/python3.8/site-packages/airflow/example_dags/example_python_operator.py for tasks to queue
[2024-04-24T05:18:55.038+0000] {logging_mixin.py:188} INFO - [2024-04-24T05:18:55.038+0000] {dagbag.py:540} INFO - Filling up the DagBag from /home/airflow/.local/lib/python3.8/site-packages/airflow/example_dags/example_python_operator.py
[2024-04-24T05:18:55.044+0000] {processor.py:840} INFO - DAG(s) 'example_python_operator' retrieved from /home/airflow/.local/lib/python3.8/site-packages/airflow/example_dags/example_python_operator.py
[2024-04-24T05:18:55.055+0000] {logging_mixin.py:188} INFO - [2024-04-24T05:18:55.055+0000] {dag.py:3047} INFO - Sync 1 DAGs
[2024-04-24T05:18:55.061+0000] {logging_mixin.py:188} INFO - [2024-04-24T05:18:55.061+0000] {dag.py:3834} INFO - Setting next_dagrun for example_python_operator to None, run_after=None
[2024-04-24T05:18:55.071+0000] {processor.py:183} INFO - Processing /home/airflow/.local/lib/python3.8/site-packages/airflow/example_dags/example_python_operator.py took 0.037 seconds
[2024-04-24T05:19:25.645+0000] {processor.py:161} INFO - Started process (PID=1008) to work on /home/airflow/.local/lib/python3.8/site-packages/airflow/example_dags/example_python_operator.py
[2024-04-24T05:19:25.645+0000] {processor.py:830} INFO - Processing file /home/airflow/.local/lib/python3.8/site-packages/airflow/example_dags/example_python_operator.py for tasks to queue
[2024-04-24T05:19:25.646+0000] {logging_mixin.py:188} INFO - [2024-04-24T05:19:25.646+0000] {dagbag.py:540} INFO - Filling up the DagBag from /home/airflow/.local/lib/python3.8/site-packages/airflow/example_dags/example_python_operator.py
[2024-04-24T05:19:25.652+0000] {processor.py:840} INFO - DAG(s) 'example_python_operator' retrieved from /home/airflow/.local/lib/python3.8/site-packages/airflow/example_dags/example_python_operator.py
[2024-04-24T05:19:25.664+0000] {logging_mixin.py:188} INFO - [2024-04-24T05:19:25.664+0000] {dag.py:3047} INFO - Sync 1 DAGs
[2024-04-24T05:19:25.671+0000] {logging_mixin.py:188} INFO - [2024-04-24T05:19:25.671+0000] {dag.py:3834} INFO - Setting next_dagrun for example_python_operator to None, run_after=None
[2024-04-24T05:19:25.681+0000] {processor.py:183} INFO - Processing /home/airflow/.local/lib/python3.8/site-packages/airflow/example_dags/example_python_operator.py took 0.038 seconds
[2024-04-24T05:19:56.164+0000] {processor.py:161} INFO - Started process (PID=1066) to work on /home/airflow/.local/lib/python3.8/site-packages/airflow/example_dags/example_python_operator.py
[2024-04-24T05:19:56.165+0000] {processor.py:830} INFO - Processing file /home/airflow/.local/lib/python3.8/site-packages/airflow/example_dags/example_python_operator.py for tasks to queue
[2024-04-24T05:19:56.166+0000] {logging_mixin.py:188} INFO - [2024-04-24T05:19:56.166+0000] {dagbag.py:540} INFO - Filling up the DagBag from /home/airflow/.local/lib/python3.8/site-packages/airflow/example_dags/example_python_operator.py
[2024-04-24T05:19:56.172+0000] {processor.py:840} INFO - DAG(s) 'example_python_operator' retrieved from /home/airflow/.local/lib/python3.8/site-packages/airflow/example_dags/example_python_operator.py
[2024-04-24T05:19:56.183+0000] {logging_mixin.py:188} INFO - [2024-04-24T05:19:56.183+0000] {dag.py:3047} INFO - Sync 1 DAGs
[2024-04-24T05:19:56.190+0000] {logging_mixin.py:188} INFO - [2024-04-24T05:19:56.190+0000] {dag.py:3834} INFO - Setting next_dagrun for example_python_operator to None, run_after=None
[2024-04-24T05:19:56.200+0000] {processor.py:183} INFO - Processing /home/airflow/.local/lib/python3.8/site-packages/airflow/example_dags/example_python_operator.py took 0.038 seconds
[2024-04-24T05:20:26.706+0000] {processor.py:161} INFO - Started process (PID=1124) to work on /home/airflow/.local/lib/python3.8/site-packages/airflow/example_dags/example_python_operator.py
[2024-04-24T05:20:26.706+0000] {processor.py:830} INFO - Processing file /home/airflow/.local/lib/python3.8/site-packages/airflow/example_dags/example_python_operator.py for tasks to queue
[2024-04-24T05:20:26.707+0000] {logging_mixin.py:188} INFO - [2024-04-24T05:20:26.707+0000] {dagbag.py:540} INFO - Filling up the DagBag from /home/airflow/.local/lib/python3.8/site-packages/airflow/example_dags/example_python_operator.py
[2024-04-24T05:20:26.713+0000] {processor.py:840} INFO - DAG(s) 'example_python_operator' retrieved from /home/airflow/.local/lib/python3.8/site-packages/airflow/example_dags/example_python_operator.py
[2024-04-24T05:20:26.724+0000] {logging_mixin.py:188} INFO - [2024-04-24T05:20:26.724+0000] {dag.py:3047} INFO - Sync 1 DAGs
[2024-04-24T05:20:26.730+0000] {logging_mixin.py:188} INFO - [2024-04-24T05:20:26.730+0000] {dag.py:3834} INFO - Setting next_dagrun for example_python_operator to None, run_after=None
[2024-04-24T05:20:26.739+0000] {processor.py:183} INFO - Processing /home/airflow/.local/lib/python3.8/site-packages/airflow/example_dags/example_python_operator.py took 0.035 seconds
[2024-04-24T05:20:57.269+0000] {processor.py:161} INFO - Started process (PID=1182) to work on /home/airflow/.local/lib/python3.8/site-packages/airflow/example_dags/example_python_operator.py
[2024-04-24T05:20:57.269+0000] {processor.py:830} INFO - Processing file /home/airflow/.local/lib/python3.8/site-packages/airflow/example_dags/example_python_operator.py for tasks to queue
[2024-04-24T05:20:57.270+0000] {logging_mixin.py:188} INFO - [2024-04-24T05:20:57.270+0000] {dagbag.py:540} INFO - Filling up the DagBag from /home/airflow/.local/lib/python3.8/site-packages/airflow/example_dags/example_python_operator.py
[2024-04-24T05:20:57.276+0000] {processor.py:840} INFO - DAG(s) 'example_python_operator' retrieved from /home/airflow/.local/lib/python3.8/site-packages/airflow/example_dags/example_python_operator.py
[2024-04-24T05:20:57.287+0000] {logging_mixin.py:188} INFO - [2024-04-24T05:20:57.286+0000] {dag.py:3047} INFO - Sync 1 DAGs
[2024-04-24T05:20:57.293+0000] {logging_mixin.py:188} INFO - [2024-04-24T05:20:57.293+0000] {dag.py:3834} INFO - Setting next_dagrun for example_python_operator to None, run_after=None
[2024-04-24T05:20:57.303+0000] {processor.py:183} INFO - Processing /home/airflow/.local/lib/python3.8/site-packages/airflow/example_dags/example_python_operator.py took 0.036 seconds
[2024-04-24T05:21:27.777+0000] {processor.py:161} INFO - Started process (PID=1240) to work on /home/airflow/.local/lib/python3.8/site-packages/airflow/example_dags/example_python_operator.py
[2024-04-24T05:21:27.777+0000] {processor.py:830} INFO - Processing file /home/airflow/.local/lib/python3.8/site-packages/airflow/example_dags/example_python_operator.py for tasks to queue
[2024-04-24T05:21:27.778+0000] {logging_mixin.py:188} INFO - [2024-04-24T05:21:27.778+0000] {dagbag.py:540} INFO - Filling up the DagBag from /home/airflow/.local/lib/python3.8/site-packages/airflow/example_dags/example_python_operator.py
[2024-04-24T05:21:27.784+0000] {processor.py:840} INFO - DAG(s) 'example_python_operator' retrieved from /home/airflow/.local/lib/python3.8/site-packages/airflow/example_dags/example_python_operator.py
[2024-04-24T05:21:27.795+0000] {logging_mixin.py:188} INFO - [2024-04-24T05:21:27.795+0000] {dag.py:3047} INFO - Sync 1 DAGs
[2024-04-24T05:21:27.801+0000] {logging_mixin.py:188} INFO - [2024-04-24T05:21:27.801+0000] {dag.py:3834} INFO - Setting next_dagrun for example_python_operator to None, run_after=None
[2024-04-24T05:21:27.811+0000] {processor.py:183} INFO - Processing /home/airflow/.local/lib/python3.8/site-packages/airflow/example_dags/example_python_operator.py took 0.036 seconds
[2024-04-24T05:21:58.265+0000] {processor.py:161} INFO - Started process (PID=1298) to work on /home/airflow/.local/lib/python3.8/site-packages/airflow/example_dags/example_python_operator.py
[2024-04-24T05:21:58.266+0000] {processor.py:830} INFO - Processing file /home/airflow/.local/lib/python3.8/site-packages/airflow/example_dags/example_python_operator.py for tasks to queue
[2024-04-24T05:21:58.267+0000] {logging_mixin.py:188} INFO - [2024-04-24T05:21:58.267+0000] {dagbag.py:540} INFO - Filling up the DagBag from /home/airflow/.local/lib/python3.8/site-packages/airflow/example_dags/example_python_operator.py
[2024-04-24T05:21:58.273+0000] {processor.py:840} INFO - DAG(s) 'example_python_operator' retrieved from /home/airflow/.local/lib/python3.8/site-packages/airflow/example_dags/example_python_operator.py
[2024-04-24T05:21:58.283+0000] {logging_mixin.py:188} INFO - [2024-04-24T05:21:58.283+0000] {dag.py:3047} INFO - Sync 1 DAGs
[2024-04-24T05:21:58.290+0000] {logging_mixin.py:188} INFO - [2024-04-24T05:21:58.289+0000] {dag.py:3834} INFO - Setting next_dagrun for example_python_operator to None, run_after=None
[2024-04-24T05:21:58.299+0000] {processor.py:183} INFO - Processing /home/airflow/.local/lib/python3.8/site-packages/airflow/example_dags/example_python_operator.py took 0.036 seconds
[2024-04-24T05:22:28.779+0000] {processor.py:161} INFO - Started process (PID=1356) to work on /home/airflow/.local/lib/python3.8/site-packages/airflow/example_dags/example_python_operator.py
[2024-04-24T05:22:28.779+0000] {processor.py:830} INFO - Processing file /home/airflow/.local/lib/python3.8/site-packages/airflow/example_dags/example_python_operator.py for tasks to queue
[2024-04-24T05:22:28.780+0000] {logging_mixin.py:188} INFO - [2024-04-24T05:22:28.780+0000] {dagbag.py:540} INFO - Filling up the DagBag from /home/airflow/.local/lib/python3.8/site-packages/airflow/example_dags/example_python_operator.py
[2024-04-24T05:22:28.786+0000] {processor.py:840} INFO - DAG(s) 'example_python_operator' retrieved from /home/airflow/.local/lib/python3.8/site-packages/airflow/example_dags/example_python_operator.py
[2024-04-24T05:22:28.796+0000] {logging_mixin.py:188} INFO - [2024-04-24T05:22:28.796+0000] {dag.py:3047} INFO - Sync 1 DAGs
[2024-04-24T05:22:28.802+0000] {logging_mixin.py:188} INFO - [2024-04-24T05:22:28.802+0000] {dag.py:3834} INFO - Setting next_dagrun for example_python_operator to None, run_after=None
[2024-04-24T05:22:28.812+0000] {processor.py:183} INFO - Processing /home/airflow/.local/lib/python3.8/site-packages/airflow/example_dags/example_python_operator.py took 0.035 seconds
[2024-04-24T05:22:59.297+0000] {processor.py:161} INFO - Started process (PID=1414) to work on /home/airflow/.local/lib/python3.8/site-packages/airflow/example_dags/example_python_operator.py
[2024-04-24T05:22:59.298+0000] {processor.py:830} INFO - Processing file /home/airflow/.local/lib/python3.8/site-packages/airflow/example_dags/example_python_operator.py for tasks to queue
[2024-04-24T05:22:59.299+0000] {logging_mixin.py:188} INFO - [2024-04-24T05:22:59.299+0000] {dagbag.py:540} INFO - Filling up the DagBag from /home/airflow/.local/lib/python3.8/site-packages/airflow/example_dags/example_python_operator.py
[2024-04-24T05:22:59.304+0000] {processor.py:840} INFO - DAG(s) 'example_python_operator' retrieved from /home/airflow/.local/lib/python3.8/site-packages/airflow/example_dags/example_python_operator.py
[2024-04-24T05:22:59.316+0000] {logging_mixin.py:188} INFO - [2024-04-24T05:22:59.316+0000] {dag.py:3047} INFO - Sync 1 DAGs
[2024-04-24T05:22:59.323+0000] {logging_mixin.py:188} INFO - [2024-04-24T05:22:59.323+0000] {dag.py:3834} INFO - Setting next_dagrun for example_python_operator to None, run_after=None
[2024-04-24T05:22:59.333+0000] {processor.py:183} INFO - Processing /home/airflow/.local/lib/python3.8/site-packages/airflow/example_dags/example_python_operator.py took 0.038 seconds
[2024-04-24T05:23:29.825+0000] {processor.py:161} INFO - Started process (PID=1472) to work on /home/airflow/.local/lib/python3.8/site-packages/airflow/example_dags/example_python_operator.py
[2024-04-24T05:23:29.825+0000] {processor.py:830} INFO - Processing file /home/airflow/.local/lib/python3.8/site-packages/airflow/example_dags/example_python_operator.py for tasks to queue
[2024-04-24T05:23:29.826+0000] {logging_mixin.py:188} INFO - [2024-04-24T05:23:29.826+0000] {dagbag.py:540} INFO - Filling up the DagBag from /home/airflow/.local/lib/python3.8/site-packages/airflow/example_dags/example_python_operator.py
[2024-04-24T05:23:29.832+0000] {processor.py:840} INFO - DAG(s) 'example_python_operator' retrieved from /home/airflow/.local/lib/python3.8/site-packages/airflow/example_dags/example_python_operator.py
[2024-04-24T05:23:29.843+0000] {logging_mixin.py:188} INFO - [2024-04-24T05:23:29.843+0000] {dag.py:3047} INFO - Sync 1 DAGs
[2024-04-24T05:23:29.850+0000] {logging_mixin.py:188} INFO - [2024-04-24T05:23:29.849+0000] {dag.py:3834} INFO - Setting next_dagrun for example_python_operator to None, run_after=None
[2024-04-24T05:23:29.859+0000] {processor.py:183} INFO - Processing /home/airflow/.local/lib/python3.8/site-packages/airflow/example_dags/example_python_operator.py took 0.036 seconds
[2024-04-24T05:24:00.324+0000] {processor.py:161} INFO - Started process (PID=1530) to work on /home/airflow/.local/lib/python3.8/site-packages/airflow/example_dags/example_python_operator.py
[2024-04-24T05:24:00.324+0000] {processor.py:830} INFO - Processing file /home/airflow/.local/lib/python3.8/site-packages/airflow/example_dags/example_python_operator.py for tasks to queue
[2024-04-24T05:24:00.325+0000] {logging_mixin.py:188} INFO - [2024-04-24T05:24:00.325+0000] {dagbag.py:540} INFO - Filling up the DagBag from /home/airflow/.local/lib/python3.8/site-packages/airflow/example_dags/example_python_operator.py
[2024-04-24T05:24:00.331+0000] {processor.py:840} INFO - DAG(s) 'example_python_operator' retrieved from /home/airflow/.local/lib/python3.8/site-packages/airflow/example_dags/example_python_operator.py
[2024-04-24T05:24:00.342+0000] {logging_mixin.py:188} INFO - [2024-04-24T05:24:00.342+0000] {dag.py:3047} INFO - Sync 1 DAGs
[2024-04-24T05:24:00.349+0000] {logging_mixin.py:188} INFO - [2024-04-24T05:24:00.349+0000] {dag.py:3834} INFO - Setting next_dagrun for example_python_operator to None, run_after=None
[2024-04-24T05:24:00.359+0000] {processor.py:183} INFO - Processing /home/airflow/.local/lib/python3.8/site-packages/airflow/example_dags/example_python_operator.py took 0.037 seconds
[2024-04-24T05:24:30.787+0000] {processor.py:161} INFO - Started process (PID=1588) to work on /home/airflow/.local/lib/python3.8/site-packages/airflow/example_dags/example_python_operator.py
[2024-04-24T05:24:30.788+0000] {processor.py:830} INFO - Processing file /home/airflow/.local/lib/python3.8/site-packages/airflow/example_dags/example_python_operator.py for tasks to queue
[2024-04-24T05:24:30.789+0000] {logging_mixin.py:188} INFO - [2024-04-24T05:24:30.788+0000] {dagbag.py:540} INFO - Filling up the DagBag from /home/airflow/.local/lib/python3.8/site-packages/airflow/example_dags/example_python_operator.py
[2024-04-24T05:24:30.794+0000] {processor.py:840} INFO - DAG(s) 'example_python_operator' retrieved from /home/airflow/.local/lib/python3.8/site-packages/airflow/example_dags/example_python_operator.py
[2024-04-24T05:24:30.805+0000] {logging_mixin.py:188} INFO - [2024-04-24T05:24:30.805+0000] {dag.py:3047} INFO - Sync 1 DAGs
[2024-04-24T05:24:30.812+0000] {logging_mixin.py:188} INFO - [2024-04-24T05:24:30.812+0000] {dag.py:3834} INFO - Setting next_dagrun for example_python_operator to None, run_after=None
[2024-04-24T05:24:30.821+0000] {processor.py:183} INFO - Processing /home/airflow/.local/lib/python3.8/site-packages/airflow/example_dags/example_python_operator.py took 0.036 seconds
[2024-04-24T05:25:01.249+0000] {processor.py:161} INFO - Started process (PID=1646) to work on /home/airflow/.local/lib/python3.8/site-packages/airflow/example_dags/example_python_operator.py
[2024-04-24T05:25:01.250+0000] {processor.py:830} INFO - Processing file /home/airflow/.local/lib/python3.8/site-packages/airflow/example_dags/example_python_operator.py for tasks to queue
[2024-04-24T05:25:01.251+0000] {logging_mixin.py:188} INFO - [2024-04-24T05:25:01.251+0000] {dagbag.py:540} INFO - Filling up the DagBag from /home/airflow/.local/lib/python3.8/site-packages/airflow/example_dags/example_python_operator.py
[2024-04-24T05:25:01.256+0000] {processor.py:840} INFO - DAG(s) 'example_python_operator' retrieved from /home/airflow/.local/lib/python3.8/site-packages/airflow/example_dags/example_python_operator.py
[2024-04-24T05:25:01.268+0000] {logging_mixin.py:188} INFO - [2024-04-24T05:25:01.267+0000] {dag.py:3047} INFO - Sync 1 DAGs
[2024-04-24T05:25:01.274+0000] {logging_mixin.py:188} INFO - [2024-04-24T05:25:01.274+0000] {dag.py:3834} INFO - Setting next_dagrun for example_python_operator to None, run_after=None
[2024-04-24T05:25:01.284+0000] {processor.py:183} INFO - Processing /home/airflow/.local/lib/python3.8/site-packages/airflow/example_dags/example_python_operator.py took 0.036 seconds
[2024-04-24T05:25:31.696+0000] {processor.py:161} INFO - Started process (PID=1704) to work on /home/airflow/.local/lib/python3.8/site-packages/airflow/example_dags/example_python_operator.py
[2024-04-24T05:25:31.697+0000] {processor.py:830} INFO - Processing file /home/airflow/.local/lib/python3.8/site-packages/airflow/example_dags/example_python_operator.py for tasks to queue
[2024-04-24T05:25:31.698+0000] {logging_mixin.py:188} INFO - [2024-04-24T05:25:31.698+0000] {dagbag.py:540} INFO - Filling up the DagBag from /home/airflow/.local/lib/python3.8/site-packages/airflow/example_dags/example_python_operator.py
[2024-04-24T05:25:31.704+0000] {processor.py:840} INFO - DAG(s) 'example_python_operator' retrieved from /home/airflow/.local/lib/python3.8/site-packages/airflow/example_dags/example_python_operator.py
[2024-04-24T05:25:31.715+0000] {logging_mixin.py:188} INFO - [2024-04-24T05:25:31.715+0000] {dag.py:3047} INFO - Sync 1 DAGs
[2024-04-24T05:25:31.721+0000] {logging_mixin.py:188} INFO - [2024-04-24T05:25:31.721+0000] {dag.py:3834} INFO - Setting next_dagrun for example_python_operator to None, run_after=None
[2024-04-24T05:25:31.731+0000] {processor.py:183} INFO - Processing /home/airflow/.local/lib/python3.8/site-packages/airflow/example_dags/example_python_operator.py took 0.037 seconds
[2024-04-24T05:26:02.450+0000] {processor.py:161} INFO - Started process (PID=1762) to work on /home/airflow/.local/lib/python3.8/site-packages/airflow/example_dags/example_python_operator.py
[2024-04-24T05:26:02.450+0000] {processor.py:830} INFO - Processing file /home/airflow/.local/lib/python3.8/site-packages/airflow/example_dags/example_python_operator.py for tasks to queue
[2024-04-24T05:26:02.451+0000] {logging_mixin.py:188} INFO - [2024-04-24T05:26:02.451+0000] {dagbag.py:540} INFO - Filling up the DagBag from /home/airflow/.local/lib/python3.8/site-packages/airflow/example_dags/example_python_operator.py
[2024-04-24T05:26:02.457+0000] {processor.py:840} INFO - DAG(s) 'example_python_operator' retrieved from /home/airflow/.local/lib/python3.8/site-packages/airflow/example_dags/example_python_operator.py
[2024-04-24T05:26:02.468+0000] {logging_mixin.py:188} INFO - [2024-04-24T05:26:02.468+0000] {dag.py:3047} INFO - Sync 1 DAGs
[2024-04-24T05:26:02.474+0000] {logging_mixin.py:188} INFO - [2024-04-24T05:26:02.474+0000] {dag.py:3834} INFO - Setting next_dagrun for example_python_operator to None, run_after=None
[2024-04-24T05:26:02.484+0000] {processor.py:183} INFO - Processing /home/airflow/.local/lib/python3.8/site-packages/airflow/example_dags/example_python_operator.py took 0.036 seconds
[2024-04-24T05:26:32.983+0000] {processor.py:161} INFO - Started process (PID=1820) to work on /home/airflow/.local/lib/python3.8/site-packages/airflow/example_dags/example_python_operator.py
[2024-04-24T05:26:32.984+0000] {processor.py:830} INFO - Processing file /home/airflow/.local/lib/python3.8/site-packages/airflow/example_dags/example_python_operator.py for tasks to queue
[2024-04-24T05:26:32.985+0000] {logging_mixin.py:188} INFO - [2024-04-24T05:26:32.985+0000] {dagbag.py:540} INFO - Filling up the DagBag from /home/airflow/.local/lib/python3.8/site-packages/airflow/example_dags/example_python_operator.py
[2024-04-24T05:26:32.990+0000] {processor.py:840} INFO - DAG(s) 'example_python_operator' retrieved from /home/airflow/.local/lib/python3.8/site-packages/airflow/example_dags/example_python_operator.py
[2024-04-24T05:26:33.001+0000] {logging_mixin.py:188} INFO - [2024-04-24T05:26:33.001+0000] {dag.py:3047} INFO - Sync 1 DAGs
[2024-04-24T05:26:33.008+0000] {logging_mixin.py:188} INFO - [2024-04-24T05:26:33.007+0000] {dag.py:3834} INFO - Setting next_dagrun for example_python_operator to None, run_after=None
[2024-04-24T05:26:33.017+0000] {processor.py:183} INFO - Processing /home/airflow/.local/lib/python3.8/site-packages/airflow/example_dags/example_python_operator.py took 0.036 seconds
[2024-04-24T05:27:03.765+0000] {processor.py:161} INFO - Started process (PID=1878) to work on /home/airflow/.local/lib/python3.8/site-packages/airflow/example_dags/example_python_operator.py
[2024-04-24T05:27:03.765+0000] {processor.py:830} INFO - Processing file /home/airflow/.local/lib/python3.8/site-packages/airflow/example_dags/example_python_operator.py for tasks to queue
[2024-04-24T05:27:03.766+0000] {logging_mixin.py:188} INFO - [2024-04-24T05:27:03.766+0000] {dagbag.py:540} INFO - Filling up the DagBag from /home/airflow/.local/lib/python3.8/site-packages/airflow/example_dags/example_python_operator.py
[2024-04-24T05:27:03.772+0000] {processor.py:840} INFO - DAG(s) 'example_python_operator' retrieved from /home/airflow/.local/lib/python3.8/site-packages/airflow/example_dags/example_python_operator.py
[2024-04-24T05:27:03.782+0000] {logging_mixin.py:188} INFO - [2024-04-24T05:27:03.782+0000] {dag.py:3047} INFO - Sync 1 DAGs
[2024-04-24T05:27:03.788+0000] {logging_mixin.py:188} INFO - [2024-04-24T05:27:03.788+0000] {dag.py:3834} INFO - Setting next_dagrun for example_python_operator to None, run_after=None
[2024-04-24T05:27:03.798+0000] {processor.py:183} INFO - Processing /home/airflow/.local/lib/python3.8/site-packages/airflow/example_dags/example_python_operator.py took 0.035 seconds
[2024-04-24T05:27:34.305+0000] {processor.py:161} INFO - Started process (PID=1936) to work on /home/airflow/.local/lib/python3.8/site-packages/airflow/example_dags/example_python_operator.py
[2024-04-24T05:27:34.305+0000] {processor.py:830} INFO - Processing file /home/airflow/.local/lib/python3.8/site-packages/airflow/example_dags/example_python_operator.py for tasks to queue
[2024-04-24T05:27:34.306+0000] {logging_mixin.py:188} INFO - [2024-04-24T05:27:34.306+0000] {dagbag.py:540} INFO - Filling up the DagBag from /home/airflow/.local/lib/python3.8/site-packages/airflow/example_dags/example_python_operator.py
[2024-04-24T05:27:34.312+0000] {processor.py:840} INFO - DAG(s) 'example_python_operator' retrieved from /home/airflow/.local/lib/python3.8/site-packages/airflow/example_dags/example_python_operator.py
[2024-04-24T05:27:34.323+0000] {logging_mixin.py:188} INFO - [2024-04-24T05:27:34.322+0000] {dag.py:3047} INFO - Sync 1 DAGs
[2024-04-24T05:27:34.329+0000] {logging_mixin.py:188} INFO - [2024-04-24T05:27:34.329+0000] {dag.py:3834} INFO - Setting next_dagrun for example_python_operator to None, run_after=None
[2024-04-24T05:27:34.338+0000] {processor.py:183} INFO - Processing /home/airflow/.local/lib/python3.8/site-packages/airflow/example_dags/example_python_operator.py took 0.035 seconds
[2024-04-24T05:28:05.042+0000] {processor.py:161} INFO - Started process (PID=1994) to work on /home/airflow/.local/lib/python3.8/site-packages/airflow/example_dags/example_python_operator.py
[2024-04-24T05:28:05.043+0000] {processor.py:830} INFO - Processing file /home/airflow/.local/lib/python3.8/site-packages/airflow/example_dags/example_python_operator.py for tasks to queue
[2024-04-24T05:28:05.044+0000] {logging_mixin.py:188} INFO - [2024-04-24T05:28:05.043+0000] {dagbag.py:540} INFO - Filling up the DagBag from /home/airflow/.local/lib/python3.8/site-packages/airflow/example_dags/example_python_operator.py
[2024-04-24T05:28:05.049+0000] {processor.py:840} INFO - DAG(s) 'example_python_operator' retrieved from /home/airflow/.local/lib/python3.8/site-packages/airflow/example_dags/example_python_operator.py
[2024-04-24T05:28:05.061+0000] {logging_mixin.py:188} INFO - [2024-04-24T05:28:05.061+0000] {dag.py:3047} INFO - Sync 1 DAGs
[2024-04-24T05:28:05.068+0000] {logging_mixin.py:188} INFO - [2024-04-24T05:28:05.067+0000] {dag.py:3834} INFO - Setting next_dagrun for example_python_operator to None, run_after=None
[2024-04-24T05:28:05.078+0000] {processor.py:183} INFO - Processing /home/airflow/.local/lib/python3.8/site-packages/airflow/example_dags/example_python_operator.py took 0.038 seconds
[2024-04-24T05:28:35.783+0000] {processor.py:161} INFO - Started process (PID=2052) to work on /home/airflow/.local/lib/python3.8/site-packages/airflow/example_dags/example_python_operator.py
[2024-04-24T05:28:35.783+0000] {processor.py:830} INFO - Processing file /home/airflow/.local/lib/python3.8/site-packages/airflow/example_dags/example_python_operator.py for tasks to queue
[2024-04-24T05:28:35.784+0000] {logging_mixin.py:188} INFO - [2024-04-24T05:28:35.784+0000] {dagbag.py:540} INFO - Filling up the DagBag from /home/airflow/.local/lib/python3.8/site-packages/airflow/example_dags/example_python_operator.py
[2024-04-24T05:28:35.790+0000] {processor.py:840} INFO - DAG(s) 'example_python_operator' retrieved from /home/airflow/.local/lib/python3.8/site-packages/airflow/example_dags/example_python_operator.py
[2024-04-24T05:28:35.801+0000] {logging_mixin.py:188} INFO - [2024-04-24T05:28:35.801+0000] {dag.py:3047} INFO - Sync 1 DAGs
[2024-04-24T05:28:35.808+0000] {logging_mixin.py:188} INFO - [2024-04-24T05:28:35.808+0000] {dag.py:3834} INFO - Setting next_dagrun for example_python_operator to None, run_after=None
[2024-04-24T05:28:35.818+0000] {processor.py:183} INFO - Processing /home/airflow/.local/lib/python3.8/site-packages/airflow/example_dags/example_python_operator.py took 0.037 seconds
[2024-04-24T05:29:06.366+0000] {processor.py:161} INFO - Started process (PID=2110) to work on /home/airflow/.local/lib/python3.8/site-packages/airflow/example_dags/example_python_operator.py
[2024-04-24T05:29:06.367+0000] {processor.py:830} INFO - Processing file /home/airflow/.local/lib/python3.8/site-packages/airflow/example_dags/example_python_operator.py for tasks to queue
[2024-04-24T05:29:06.368+0000] {logging_mixin.py:188} INFO - [2024-04-24T05:29:06.368+0000] {dagbag.py:540} INFO - Filling up the DagBag from /home/airflow/.local/lib/python3.8/site-packages/airflow/example_dags/example_python_operator.py
[2024-04-24T05:29:06.373+0000] {processor.py:840} INFO - DAG(s) 'example_python_operator' retrieved from /home/airflow/.local/lib/python3.8/site-packages/airflow/example_dags/example_python_operator.py
[2024-04-24T05:29:06.384+0000] {logging_mixin.py:188} INFO - [2024-04-24T05:29:06.384+0000] {dag.py:3047} INFO - Sync 1 DAGs
[2024-04-24T05:29:06.390+0000] {logging_mixin.py:188} INFO - [2024-04-24T05:29:06.390+0000] {dag.py:3834} INFO - Setting next_dagrun for example_python_operator to None, run_after=None
[2024-04-24T05:29:06.400+0000] {processor.py:183} INFO - Processing /home/airflow/.local/lib/python3.8/site-packages/airflow/example_dags/example_python_operator.py took 0.035 seconds
[2024-04-24T05:29:36.902+0000] {processor.py:161} INFO - Started process (PID=2168) to work on /home/airflow/.local/lib/python3.8/site-packages/airflow/example_dags/example_python_operator.py
[2024-04-24T05:29:36.903+0000] {processor.py:830} INFO - Processing file /home/airflow/.local/lib/python3.8/site-packages/airflow/example_dags/example_python_operator.py for tasks to queue
[2024-04-24T05:29:36.904+0000] {logging_mixin.py:188} INFO - [2024-04-24T05:29:36.904+0000] {dagbag.py:540} INFO - Filling up the DagBag from /home/airflow/.local/lib/python3.8/site-packages/airflow/example_dags/example_python_operator.py
[2024-04-24T05:29:36.909+0000] {processor.py:840} INFO - DAG(s) 'example_python_operator' retrieved from /home/airflow/.local/lib/python3.8/site-packages/airflow/example_dags/example_python_operator.py
[2024-04-24T05:29:36.921+0000] {logging_mixin.py:188} INFO - [2024-04-24T05:29:36.920+0000] {dag.py:3047} INFO - Sync 1 DAGs
[2024-04-24T05:29:36.927+0000] {logging_mixin.py:188} INFO - [2024-04-24T05:29:36.927+0000] {dag.py:3834} INFO - Setting next_dagrun for example_python_operator to None, run_after=None
[2024-04-24T05:29:36.938+0000] {processor.py:183} INFO - Processing /home/airflow/.local/lib/python3.8/site-packages/airflow/example_dags/example_python_operator.py took 0.038 seconds
[2024-04-24T05:30:07.449+0000] {processor.py:161} INFO - Started process (PID=2226) to work on /home/airflow/.local/lib/python3.8/site-packages/airflow/example_dags/example_python_operator.py
[2024-04-24T05:30:07.450+0000] {processor.py:830} INFO - Processing file /home/airflow/.local/lib/python3.8/site-packages/airflow/example_dags/example_python_operator.py for tasks to queue
[2024-04-24T05:30:07.451+0000] {logging_mixin.py:188} INFO - [2024-04-24T05:30:07.451+0000] {dagbag.py:540} INFO - Filling up the DagBag from /home/airflow/.local/lib/python3.8/site-packages/airflow/example_dags/example_python_operator.py
[2024-04-24T05:30:07.456+0000] {processor.py:840} INFO - DAG(s) 'example_python_operator' retrieved from /home/airflow/.local/lib/python3.8/site-packages/airflow/example_dags/example_python_operator.py
[2024-04-24T05:30:07.467+0000] {logging_mixin.py:188} INFO - [2024-04-24T05:30:07.467+0000] {dag.py:3047} INFO - Sync 1 DAGs
[2024-04-24T05:30:07.474+0000] {logging_mixin.py:188} INFO - [2024-04-24T05:30:07.473+0000] {dag.py:3834} INFO - Setting next_dagrun for example_python_operator to None, run_after=None
[2024-04-24T05:30:07.484+0000] {processor.py:183} INFO - Processing /home/airflow/.local/lib/python3.8/site-packages/airflow/example_dags/example_python_operator.py took 0.036 seconds
[2024-04-24T05:30:38.032+0000] {processor.py:161} INFO - Started process (PID=2284) to work on /home/airflow/.local/lib/python3.8/site-packages/airflow/example_dags/example_python_operator.py
[2024-04-24T05:30:38.033+0000] {processor.py:830} INFO - Processing file /home/airflow/.local/lib/python3.8/site-packages/airflow/example_dags/example_python_operator.py for tasks to queue
[2024-04-24T05:30:38.034+0000] {logging_mixin.py:188} INFO - [2024-04-24T05:30:38.034+0000] {dagbag.py:540} INFO - Filling up the DagBag from /home/airflow/.local/lib/python3.8/site-packages/airflow/example_dags/example_python_operator.py
[2024-04-24T05:30:38.039+0000] {processor.py:840} INFO - DAG(s) 'example_python_operator' retrieved from /home/airflow/.local/lib/python3.8/site-packages/airflow/example_dags/example_python_operator.py
[2024-04-24T05:30:38.050+0000] {logging_mixin.py:188} INFO - [2024-04-24T05:30:38.050+0000] {dag.py:3047} INFO - Sync 1 DAGs
[2024-04-24T05:30:38.056+0000] {logging_mixin.py:188} INFO - [2024-04-24T05:30:38.056+0000] {dag.py:3834} INFO - Setting next_dagrun for example_python_operator to None, run_after=None
[2024-04-24T05:30:38.066+0000] {processor.py:183} INFO - Processing /home/airflow/.local/lib/python3.8/site-packages/airflow/example_dags/example_python_operator.py took 0.035 seconds
[2024-04-24T05:31:08.621+0000] {processor.py:161} INFO - Started process (PID=2342) to work on /home/airflow/.local/lib/python3.8/site-packages/airflow/example_dags/example_python_operator.py
[2024-04-24T05:31:08.621+0000] {processor.py:830} INFO - Processing file /home/airflow/.local/lib/python3.8/site-packages/airflow/example_dags/example_python_operator.py for tasks to queue
[2024-04-24T05:31:08.623+0000] {logging_mixin.py:188} INFO - [2024-04-24T05:31:08.622+0000] {dagbag.py:540} INFO - Filling up the DagBag from /home/airflow/.local/lib/python3.8/site-packages/airflow/example_dags/example_python_operator.py
[2024-04-24T05:31:08.628+0000] {processor.py:840} INFO - DAG(s) 'example_python_operator' retrieved from /home/airflow/.local/lib/python3.8/site-packages/airflow/example_dags/example_python_operator.py
[2024-04-24T05:31:08.640+0000] {logging_mixin.py:188} INFO - [2024-04-24T05:31:08.640+0000] {dag.py:3047} INFO - Sync 1 DAGs
[2024-04-24T05:31:08.646+0000] {logging_mixin.py:188} INFO - [2024-04-24T05:31:08.646+0000] {dag.py:3834} INFO - Setting next_dagrun for example_python_operator to None, run_after=None
[2024-04-24T05:31:08.656+0000] {processor.py:183} INFO - Processing /home/airflow/.local/lib/python3.8/site-packages/airflow/example_dags/example_python_operator.py took 0.037 seconds
[2024-04-24T05:31:39.449+0000] {processor.py:161} INFO - Started process (PID=2400) to work on /home/airflow/.local/lib/python3.8/site-packages/airflow/example_dags/example_python_operator.py
[2024-04-24T05:31:39.449+0000] {processor.py:830} INFO - Processing file /home/airflow/.local/lib/python3.8/site-packages/airflow/example_dags/example_python_operator.py for tasks to queue
[2024-04-24T05:31:39.450+0000] {logging_mixin.py:188} INFO - [2024-04-24T05:31:39.450+0000] {dagbag.py:540} INFO - Filling up the DagBag from /home/airflow/.local/lib/python3.8/site-packages/airflow/example_dags/example_python_operator.py
[2024-04-24T05:31:39.456+0000] {processor.py:840} INFO - DAG(s) 'example_python_operator' retrieved from /home/airflow/.local/lib/python3.8/site-packages/airflow/example_dags/example_python_operator.py
[2024-04-24T05:31:39.467+0000] {logging_mixin.py:188} INFO - [2024-04-24T05:31:39.467+0000] {dag.py:3047} INFO - Sync 1 DAGs
[2024-04-24T05:31:39.474+0000] {logging_mixin.py:188} INFO - [2024-04-24T05:31:39.474+0000] {dag.py:3834} INFO - Setting next_dagrun for example_python_operator to None, run_after=None
[2024-04-24T05:31:39.485+0000] {processor.py:183} INFO - Processing /home/airflow/.local/lib/python3.8/site-packages/airflow/example_dags/example_python_operator.py took 0.038 seconds
[2024-04-24T05:32:10.026+0000] {processor.py:161} INFO - Started process (PID=2458) to work on /home/airflow/.local/lib/python3.8/site-packages/airflow/example_dags/example_python_operator.py
[2024-04-24T05:32:10.026+0000] {processor.py:830} INFO - Processing file /home/airflow/.local/lib/python3.8/site-packages/airflow/example_dags/example_python_operator.py for tasks to queue
[2024-04-24T05:32:10.027+0000] {logging_mixin.py:188} INFO - [2024-04-24T05:32:10.027+0000] {dagbag.py:540} INFO - Filling up the DagBag from /home/airflow/.local/lib/python3.8/site-packages/airflow/example_dags/example_python_operator.py
[2024-04-24T05:32:10.033+0000] {processor.py:840} INFO - DAG(s) 'example_python_operator' retrieved from /home/airflow/.local/lib/python3.8/site-packages/airflow/example_dags/example_python_operator.py
[2024-04-24T05:32:10.044+0000] {logging_mixin.py:188} INFO - [2024-04-24T05:32:10.044+0000] {dag.py:3047} INFO - Sync 1 DAGs
[2024-04-24T05:32:10.050+0000] {logging_mixin.py:188} INFO - [2024-04-24T05:32:10.050+0000] {dag.py:3834} INFO - Setting next_dagrun for example_python_operator to None, run_after=None
[2024-04-24T05:32:10.060+0000] {processor.py:183} INFO - Processing /home/airflow/.local/lib/python3.8/site-packages/airflow/example_dags/example_python_operator.py took 0.036 seconds
[2024-04-24T05:32:40.510+0000] {processor.py:161} INFO - Started process (PID=2517) to work on /home/airflow/.local/lib/python3.8/site-packages/airflow/example_dags/example_python_operator.py
[2024-04-24T05:32:40.510+0000] {processor.py:830} INFO - Processing file /home/airflow/.local/lib/python3.8/site-packages/airflow/example_dags/example_python_operator.py for tasks to queue
[2024-04-24T05:32:40.511+0000] {logging_mixin.py:188} INFO - [2024-04-24T05:32:40.511+0000] {dagbag.py:540} INFO - Filling up the DagBag from /home/airflow/.local/lib/python3.8/site-packages/airflow/example_dags/example_python_operator.py
[2024-04-24T05:32:40.517+0000] {processor.py:840} INFO - DAG(s) 'example_python_operator' retrieved from /home/airflow/.local/lib/python3.8/site-packages/airflow/example_dags/example_python_operator.py
[2024-04-24T05:32:40.528+0000] {logging_mixin.py:188} INFO - [2024-04-24T05:32:40.528+0000] {dag.py:3047} INFO - Sync 1 DAGs
[2024-04-24T05:32:40.534+0000] {logging_mixin.py:188} INFO - [2024-04-24T05:32:40.534+0000] {dag.py:3834} INFO - Setting next_dagrun for example_python_operator to None, run_after=None
[2024-04-24T05:32:40.544+0000] {processor.py:183} INFO - Processing /home/airflow/.local/lib/python3.8/site-packages/airflow/example_dags/example_python_operator.py took 0.036 seconds
[2024-04-24T05:33:10.924+0000] {processor.py:161} INFO - Started process (PID=2572) to work on /home/airflow/.local/lib/python3.8/site-packages/airflow/example_dags/example_python_operator.py
[2024-04-24T05:33:10.925+0000] {processor.py:830} INFO - Processing file /home/airflow/.local/lib/python3.8/site-packages/airflow/example_dags/example_python_operator.py for tasks to queue
[2024-04-24T05:33:10.925+0000] {logging_mixin.py:188} INFO - [2024-04-24T05:33:10.925+0000] {dagbag.py:540} INFO - Filling up the DagBag from /home/airflow/.local/lib/python3.8/site-packages/airflow/example_dags/example_python_operator.py
[2024-04-24T05:33:10.931+0000] {processor.py:840} INFO - DAG(s) 'example_python_operator' retrieved from /home/airflow/.local/lib/python3.8/site-packages/airflow/example_dags/example_python_operator.py
[2024-04-24T05:33:10.943+0000] {logging_mixin.py:188} INFO - [2024-04-24T05:33:10.943+0000] {dag.py:3047} INFO - Sync 1 DAGs
[2024-04-24T05:33:10.949+0000] {logging_mixin.py:188} INFO - [2024-04-24T05:33:10.949+0000] {dag.py:3834} INFO - Setting next_dagrun for example_python_operator to None, run_after=None
[2024-04-24T05:33:10.959+0000] {processor.py:183} INFO - Processing /home/airflow/.local/lib/python3.8/site-packages/airflow/example_dags/example_python_operator.py took 0.037 seconds
[2024-04-24T05:33:41.288+0000] {processor.py:161} INFO - Started process (PID=2627) to work on /home/airflow/.local/lib/python3.8/site-packages/airflow/example_dags/example_python_operator.py
[2024-04-24T05:33:41.289+0000] {processor.py:830} INFO - Processing file /home/airflow/.local/lib/python3.8/site-packages/airflow/example_dags/example_python_operator.py for tasks to queue
[2024-04-24T05:33:41.289+0000] {logging_mixin.py:188} INFO - [2024-04-24T05:33:41.289+0000] {dagbag.py:540} INFO - Filling up the DagBag from /home/airflow/.local/lib/python3.8/site-packages/airflow/example_dags/example_python_operator.py
[2024-04-24T05:33:41.295+0000] {processor.py:840} INFO - DAG(s) 'example_python_operator' retrieved from /home/airflow/.local/lib/python3.8/site-packages/airflow/example_dags/example_python_operator.py
[2024-04-24T05:33:41.306+0000] {logging_mixin.py:188} INFO - [2024-04-24T05:33:41.306+0000] {dag.py:3047} INFO - Sync 1 DAGs
[2024-04-24T05:33:41.313+0000] {logging_mixin.py:188} INFO - [2024-04-24T05:33:41.313+0000] {dag.py:3834} INFO - Setting next_dagrun for example_python_operator to None, run_after=None
[2024-04-24T05:33:41.323+0000] {processor.py:183} INFO - Processing /home/airflow/.local/lib/python3.8/site-packages/airflow/example_dags/example_python_operator.py took 0.036 seconds
[2024-04-24T05:34:11.778+0000] {processor.py:161} INFO - Started process (PID=2682) to work on /home/airflow/.local/lib/python3.8/site-packages/airflow/example_dags/example_python_operator.py
[2024-04-24T05:34:11.779+0000] {processor.py:830} INFO - Processing file /home/airflow/.local/lib/python3.8/site-packages/airflow/example_dags/example_python_operator.py for tasks to queue
[2024-04-24T05:34:11.779+0000] {logging_mixin.py:188} INFO - [2024-04-24T05:34:11.779+0000] {dagbag.py:540} INFO - Filling up the DagBag from /home/airflow/.local/lib/python3.8/site-packages/airflow/example_dags/example_python_operator.py
[2024-04-24T05:34:11.785+0000] {processor.py:840} INFO - DAG(s) 'example_python_operator' retrieved from /home/airflow/.local/lib/python3.8/site-packages/airflow/example_dags/example_python_operator.py
[2024-04-24T05:34:11.796+0000] {logging_mixin.py:188} INFO - [2024-04-24T05:34:11.796+0000] {dag.py:3047} INFO - Sync 1 DAGs
[2024-04-24T05:34:11.803+0000] {logging_mixin.py:188} INFO - [2024-04-24T05:34:11.802+0000] {dag.py:3834} INFO - Setting next_dagrun for example_python_operator to None, run_after=None
[2024-04-24T05:34:11.812+0000] {processor.py:183} INFO - Processing /home/airflow/.local/lib/python3.8/site-packages/airflow/example_dags/example_python_operator.py took 0.036 seconds
[2024-04-24T05:34:42.398+0000] {processor.py:161} INFO - Started process (PID=2743) to work on /home/airflow/.local/lib/python3.8/site-packages/airflow/example_dags/example_python_operator.py
[2024-04-24T05:34:42.399+0000] {processor.py:830} INFO - Processing file /home/airflow/.local/lib/python3.8/site-packages/airflow/example_dags/example_python_operator.py for tasks to queue
[2024-04-24T05:34:42.399+0000] {logging_mixin.py:188} INFO - [2024-04-24T05:34:42.399+0000] {dagbag.py:540} INFO - Filling up the DagBag from /home/airflow/.local/lib/python3.8/site-packages/airflow/example_dags/example_python_operator.py
[2024-04-24T05:34:42.405+0000] {processor.py:840} INFO - DAG(s) 'example_python_operator' retrieved from /home/airflow/.local/lib/python3.8/site-packages/airflow/example_dags/example_python_operator.py
[2024-04-24T05:34:42.418+0000] {logging_mixin.py:188} INFO - [2024-04-24T05:34:42.417+0000] {dag.py:3047} INFO - Sync 1 DAGs
[2024-04-24T05:34:42.425+0000] {logging_mixin.py:188} INFO - [2024-04-24T05:34:42.425+0000] {dag.py:3834} INFO - Setting next_dagrun for example_python_operator to None, run_after=None
[2024-04-24T05:34:42.435+0000] {processor.py:183} INFO - Processing /home/airflow/.local/lib/python3.8/site-packages/airflow/example_dags/example_python_operator.py took 0.039 seconds
[2024-04-24T05:35:13.078+0000] {processor.py:161} INFO - Started process (PID=2798) to work on /home/airflow/.local/lib/python3.8/site-packages/airflow/example_dags/example_python_operator.py
[2024-04-24T05:35:13.078+0000] {processor.py:830} INFO - Processing file /home/airflow/.local/lib/python3.8/site-packages/airflow/example_dags/example_python_operator.py for tasks to queue
[2024-04-24T05:35:13.079+0000] {logging_mixin.py:188} INFO - [2024-04-24T05:35:13.078+0000] {dagbag.py:540} INFO - Filling up the DagBag from /home/airflow/.local/lib/python3.8/site-packages/airflow/example_dags/example_python_operator.py
[2024-04-24T05:35:13.084+0000] {processor.py:840} INFO - DAG(s) 'example_python_operator' retrieved from /home/airflow/.local/lib/python3.8/site-packages/airflow/example_dags/example_python_operator.py
[2024-04-24T05:35:13.096+0000] {logging_mixin.py:188} INFO - [2024-04-24T05:35:13.096+0000] {dag.py:3047} INFO - Sync 1 DAGs
[2024-04-24T05:35:13.102+0000] {logging_mixin.py:188} INFO - [2024-04-24T05:35:13.102+0000] {dag.py:3834} INFO - Setting next_dagrun for example_python_operator to None, run_after=None
[2024-04-24T05:35:13.112+0000] {processor.py:183} INFO - Processing /home/airflow/.local/lib/python3.8/site-packages/airflow/example_dags/example_python_operator.py took 0.036 seconds
[2024-04-24T05:35:43.767+0000] {processor.py:161} INFO - Started process (PID=2853) to work on /home/airflow/.local/lib/python3.8/site-packages/airflow/example_dags/example_python_operator.py
[2024-04-24T05:35:43.768+0000] {processor.py:830} INFO - Processing file /home/airflow/.local/lib/python3.8/site-packages/airflow/example_dags/example_python_operator.py for tasks to queue
[2024-04-24T05:35:43.769+0000] {logging_mixin.py:188} INFO - [2024-04-24T05:35:43.768+0000] {dagbag.py:540} INFO - Filling up the DagBag from /home/airflow/.local/lib/python3.8/site-packages/airflow/example_dags/example_python_operator.py
[2024-04-24T05:35:43.774+0000] {processor.py:840} INFO - DAG(s) 'example_python_operator' retrieved from /home/airflow/.local/lib/python3.8/site-packages/airflow/example_dags/example_python_operator.py
[2024-04-24T05:35:43.785+0000] {logging_mixin.py:188} INFO - [2024-04-24T05:35:43.785+0000] {dag.py:3047} INFO - Sync 1 DAGs
[2024-04-24T05:35:43.791+0000] {logging_mixin.py:188} INFO - [2024-04-24T05:35:43.791+0000] {dag.py:3834} INFO - Setting next_dagrun for example_python_operator to None, run_after=None
[2024-04-24T05:35:43.801+0000] {processor.py:183} INFO - Processing /home/airflow/.local/lib/python3.8/site-packages/airflow/example_dags/example_python_operator.py took 0.036 seconds
[2024-04-24T05:36:14.271+0000] {processor.py:161} INFO - Started process (PID=2908) to work on /home/airflow/.local/lib/python3.8/site-packages/airflow/example_dags/example_python_operator.py
[2024-04-24T05:36:14.271+0000] {processor.py:830} INFO - Processing file /home/airflow/.local/lib/python3.8/site-packages/airflow/example_dags/example_python_operator.py for tasks to queue
[2024-04-24T05:36:14.272+0000] {logging_mixin.py:188} INFO - [2024-04-24T05:36:14.272+0000] {dagbag.py:540} INFO - Filling up the DagBag from /home/airflow/.local/lib/python3.8/site-packages/airflow/example_dags/example_python_operator.py
[2024-04-24T05:36:14.278+0000] {processor.py:840} INFO - DAG(s) 'example_python_operator' retrieved from /home/airflow/.local/lib/python3.8/site-packages/airflow/example_dags/example_python_operator.py
[2024-04-24T05:36:14.289+0000] {logging_mixin.py:188} INFO - [2024-04-24T05:36:14.289+0000] {dag.py:3047} INFO - Sync 1 DAGs
[2024-04-24T05:36:14.296+0000] {logging_mixin.py:188} INFO - [2024-04-24T05:36:14.296+0000] {dag.py:3834} INFO - Setting next_dagrun for example_python_operator to None, run_after=None
[2024-04-24T05:36:14.306+0000] {processor.py:183} INFO - Processing /home/airflow/.local/lib/python3.8/site-packages/airflow/example_dags/example_python_operator.py took 0.037 seconds
[2024-04-24T05:36:44.771+0000] {processor.py:161} INFO - Started process (PID=2963) to work on /home/airflow/.local/lib/python3.8/site-packages/airflow/example_dags/example_python_operator.py
[2024-04-24T05:36:44.772+0000] {processor.py:830} INFO - Processing file /home/airflow/.local/lib/python3.8/site-packages/airflow/example_dags/example_python_operator.py for tasks to queue
[2024-04-24T05:36:44.772+0000] {logging_mixin.py:188} INFO - [2024-04-24T05:36:44.772+0000] {dagbag.py:540} INFO - Filling up the DagBag from /home/airflow/.local/lib/python3.8/site-packages/airflow/example_dags/example_python_operator.py
[2024-04-24T05:36:44.778+0000] {processor.py:840} INFO - DAG(s) 'example_python_operator' retrieved from /home/airflow/.local/lib/python3.8/site-packages/airflow/example_dags/example_python_operator.py
[2024-04-24T05:36:44.789+0000] {logging_mixin.py:188} INFO - [2024-04-24T05:36:44.789+0000] {dag.py:3047} INFO - Sync 1 DAGs
[2024-04-24T05:36:44.796+0000] {logging_mixin.py:188} INFO - [2024-04-24T05:36:44.795+0000] {dag.py:3834} INFO - Setting next_dagrun for example_python_operator to None, run_after=None
[2024-04-24T05:36:44.805+0000] {processor.py:183} INFO - Processing /home/airflow/.local/lib/python3.8/site-packages/airflow/example_dags/example_python_operator.py took 0.036 seconds
[2024-04-24T05:37:15.354+0000] {processor.py:161} INFO - Started process (PID=3018) to work on /home/airflow/.local/lib/python3.8/site-packages/airflow/example_dags/example_python_operator.py
[2024-04-24T05:37:15.354+0000] {processor.py:830} INFO - Processing file /home/airflow/.local/lib/python3.8/site-packages/airflow/example_dags/example_python_operator.py for tasks to queue
[2024-04-24T05:37:15.355+0000] {logging_mixin.py:188} INFO - [2024-04-24T05:37:15.354+0000] {dagbag.py:540} INFO - Filling up the DagBag from /home/airflow/.local/lib/python3.8/site-packages/airflow/example_dags/example_python_operator.py
[2024-04-24T05:37:15.360+0000] {processor.py:840} INFO - DAG(s) 'example_python_operator' retrieved from /home/airflow/.local/lib/python3.8/site-packages/airflow/example_dags/example_python_operator.py
[2024-04-24T05:37:15.372+0000] {logging_mixin.py:188} INFO - [2024-04-24T05:37:15.372+0000] {dag.py:3047} INFO - Sync 1 DAGs
[2024-04-24T05:37:15.378+0000] {logging_mixin.py:188} INFO - [2024-04-24T05:37:15.378+0000] {dag.py:3834} INFO - Setting next_dagrun for example_python_operator to None, run_after=None
[2024-04-24T05:37:15.389+0000] {processor.py:183} INFO - Processing /home/airflow/.local/lib/python3.8/site-packages/airflow/example_dags/example_python_operator.py took 0.037 seconds
[2024-04-24T05:37:45.944+0000] {processor.py:161} INFO - Started process (PID=3073) to work on /home/airflow/.local/lib/python3.8/site-packages/airflow/example_dags/example_python_operator.py
[2024-04-24T05:37:45.945+0000] {processor.py:830} INFO - Processing file /home/airflow/.local/lib/python3.8/site-packages/airflow/example_dags/example_python_operator.py for tasks to queue
[2024-04-24T05:37:45.945+0000] {logging_mixin.py:188} INFO - [2024-04-24T05:37:45.945+0000] {dagbag.py:540} INFO - Filling up the DagBag from /home/airflow/.local/lib/python3.8/site-packages/airflow/example_dags/example_python_operator.py
[2024-04-24T05:37:45.951+0000] {processor.py:840} INFO - DAG(s) 'example_python_operator' retrieved from /home/airflow/.local/lib/python3.8/site-packages/airflow/example_dags/example_python_operator.py
[2024-04-24T05:37:45.962+0000] {logging_mixin.py:188} INFO - [2024-04-24T05:37:45.962+0000] {dag.py:3047} INFO - Sync 1 DAGs
[2024-04-24T05:37:45.968+0000] {logging_mixin.py:188} INFO - [2024-04-24T05:37:45.968+0000] {dag.py:3834} INFO - Setting next_dagrun for example_python_operator to None, run_after=None
[2024-04-24T05:37:45.977+0000] {processor.py:183} INFO - Processing /home/airflow/.local/lib/python3.8/site-packages/airflow/example_dags/example_python_operator.py took 0.035 seconds
[2024-04-24T05:38:16.426+0000] {processor.py:161} INFO - Started process (PID=3128) to work on /home/airflow/.local/lib/python3.8/site-packages/airflow/example_dags/example_python_operator.py
[2024-04-24T05:38:16.426+0000] {processor.py:830} INFO - Processing file /home/airflow/.local/lib/python3.8/site-packages/airflow/example_dags/example_python_operator.py for tasks to queue
[2024-04-24T05:38:16.427+0000] {logging_mixin.py:188} INFO - [2024-04-24T05:38:16.427+0000] {dagbag.py:540} INFO - Filling up the DagBag from /home/airflow/.local/lib/python3.8/site-packages/airflow/example_dags/example_python_operator.py
[2024-04-24T05:38:16.433+0000] {processor.py:840} INFO - DAG(s) 'example_python_operator' retrieved from /home/airflow/.local/lib/python3.8/site-packages/airflow/example_dags/example_python_operator.py
[2024-04-24T05:38:16.444+0000] {logging_mixin.py:188} INFO - [2024-04-24T05:38:16.444+0000] {dag.py:3047} INFO - Sync 1 DAGs
[2024-04-24T05:38:16.450+0000] {logging_mixin.py:188} INFO - [2024-04-24T05:38:16.450+0000] {dag.py:3834} INFO - Setting next_dagrun for example_python_operator to None, run_after=None
[2024-04-24T05:38:16.460+0000] {processor.py:183} INFO - Processing /home/airflow/.local/lib/python3.8/site-packages/airflow/example_dags/example_python_operator.py took 0.036 seconds
[2024-04-24T05:40:51.249+0000] {processor.py:161} INFO - Started process (PID=76) to work on /home/airflow/.local/lib/python3.8/site-packages/airflow/example_dags/example_python_operator.py
[2024-04-24T05:40:51.250+0000] {processor.py:830} INFO - Processing file /home/airflow/.local/lib/python3.8/site-packages/airflow/example_dags/example_python_operator.py for tasks to queue
[2024-04-24T05:40:51.251+0000] {logging_mixin.py:188} INFO - [2024-04-24T05:40:51.251+0000] {dagbag.py:540} INFO - Filling up the DagBag from /home/airflow/.local/lib/python3.8/site-packages/airflow/example_dags/example_python_operator.py
[2024-04-24T05:40:51.259+0000] {processor.py:840} INFO - DAG(s) 'example_python_operator' retrieved from /home/airflow/.local/lib/python3.8/site-packages/airflow/example_dags/example_python_operator.py
[2024-04-24T05:40:51.265+0000] {logging_mixin.py:188} INFO - [2024-04-24T05:40:51.265+0000] {dag.py:3047} INFO - Sync 1 DAGs
[2024-04-24T05:40:51.273+0000] {logging_mixin.py:188} INFO - [2024-04-24T05:40:51.273+0000] {dag.py:3834} INFO - Setting next_dagrun for example_python_operator to None, run_after=None
[2024-04-24T05:40:51.284+0000] {processor.py:183} INFO - Processing /home/airflow/.local/lib/python3.8/site-packages/airflow/example_dags/example_python_operator.py took 0.037 seconds
[2024-04-24T05:41:22.324+0000] {processor.py:161} INFO - Started process (PID=131) to work on /home/airflow/.local/lib/python3.8/site-packages/airflow/example_dags/example_python_operator.py
[2024-04-24T05:41:22.325+0000] {processor.py:830} INFO - Processing file /home/airflow/.local/lib/python3.8/site-packages/airflow/example_dags/example_python_operator.py for tasks to queue
[2024-04-24T05:41:22.326+0000] {logging_mixin.py:188} INFO - [2024-04-24T05:41:22.326+0000] {dagbag.py:540} INFO - Filling up the DagBag from /home/airflow/.local/lib/python3.8/site-packages/airflow/example_dags/example_python_operator.py
[2024-04-24T05:41:22.332+0000] {processor.py:840} INFO - DAG(s) 'example_python_operator' retrieved from /home/airflow/.local/lib/python3.8/site-packages/airflow/example_dags/example_python_operator.py
[2024-04-24T05:41:22.384+0000] {logging_mixin.py:188} INFO - [2024-04-24T05:41:22.384+0000] {dag.py:3047} INFO - Sync 1 DAGs
[2024-04-24T05:41:22.389+0000] {logging_mixin.py:188} INFO - [2024-04-24T05:41:22.389+0000] {dag.py:3834} INFO - Setting next_dagrun for example_python_operator to None, run_after=None
[2024-04-24T05:41:22.399+0000] {processor.py:183} INFO - Processing /home/airflow/.local/lib/python3.8/site-packages/airflow/example_dags/example_python_operator.py took 0.077 seconds
