[2024-04-24T05:11:14.989+0000] {processor.py:161} INFO - Started process (PID=59) to work on /home/airflow/.local/lib/python3.8/site-packages/airflow/example_dags/example_branch_labels.py
[2024-04-24T05:11:14.990+0000] {processor.py:830} INFO - Processing file /home/airflow/.local/lib/python3.8/site-packages/airflow/example_dags/example_branch_labels.py for tasks to queue
[2024-04-24T05:11:14.991+0000] {logging_mixin.py:188} INFO - [2024-04-24T05:11:14.991+0000] {dagbag.py:540} INFO - Filling up the DagBag from /home/airflow/.local/lib/python3.8/site-packages/airflow/example_dags/example_branch_labels.py
[2024-04-24T05:11:14.998+0000] {processor.py:840} INFO - DAG(s) 'example_branch_labels' retrieved from /home/airflow/.local/lib/python3.8/site-packages/airflow/example_dags/example_branch_labels.py
[2024-04-24T05:11:15.013+0000] {logging_mixin.py:188} INFO - [2024-04-24T05:11:15.013+0000] {dag.py:3047} INFO - Sync 1 DAGs
[2024-04-24T05:11:15.025+0000] {logging_mixin.py:188} INFO - [2024-04-24T05:11:15.025+0000] {dag.py:3834} INFO - Setting next_dagrun for example_branch_labels to 2024-04-23 00:00:00+00:00, run_after=2024-04-24 00:00:00+00:00
[2024-04-24T05:11:15.035+0000] {processor.py:183} INFO - Processing /home/airflow/.local/lib/python3.8/site-packages/airflow/example_dags/example_branch_labels.py took 0.048 seconds
[2024-04-24T05:11:45.945+0000] {processor.py:161} INFO - Started process (PID=117) to work on /home/airflow/.local/lib/python3.8/site-packages/airflow/example_dags/example_branch_labels.py
[2024-04-24T05:11:45.945+0000] {processor.py:830} INFO - Processing file /home/airflow/.local/lib/python3.8/site-packages/airflow/example_dags/example_branch_labels.py for tasks to queue
[2024-04-24T05:11:45.947+0000] {logging_mixin.py:188} INFO - [2024-04-24T05:11:45.946+0000] {dagbag.py:540} INFO - Filling up the DagBag from /home/airflow/.local/lib/python3.8/site-packages/airflow/example_dags/example_branch_labels.py
[2024-04-24T05:11:45.951+0000] {processor.py:840} INFO - DAG(s) 'example_branch_labels' retrieved from /home/airflow/.local/lib/python3.8/site-packages/airflow/example_dags/example_branch_labels.py
[2024-04-24T05:11:45.962+0000] {logging_mixin.py:188} INFO - [2024-04-24T05:11:45.961+0000] {dag.py:3047} INFO - Sync 1 DAGs
[2024-04-24T05:11:45.973+0000] {logging_mixin.py:188} INFO - [2024-04-24T05:11:45.973+0000] {dag.py:3834} INFO - Setting next_dagrun for example_branch_labels to 2024-04-23 00:00:00+00:00, run_after=2024-04-24 00:00:00+00:00
[2024-04-24T05:11:45.983+0000] {processor.py:183} INFO - Processing /home/airflow/.local/lib/python3.8/site-packages/airflow/example_dags/example_branch_labels.py took 0.040 seconds
[2024-04-24T05:12:16.543+0000] {processor.py:161} INFO - Started process (PID=175) to work on /home/airflow/.local/lib/python3.8/site-packages/airflow/example_dags/example_branch_labels.py
[2024-04-24T05:12:16.543+0000] {processor.py:830} INFO - Processing file /home/airflow/.local/lib/python3.8/site-packages/airflow/example_dags/example_branch_labels.py for tasks to queue
[2024-04-24T05:12:16.545+0000] {logging_mixin.py:188} INFO - [2024-04-24T05:12:16.544+0000] {dagbag.py:540} INFO - Filling up the DagBag from /home/airflow/.local/lib/python3.8/site-packages/airflow/example_dags/example_branch_labels.py
[2024-04-24T05:12:16.549+0000] {processor.py:840} INFO - DAG(s) 'example_branch_labels' retrieved from /home/airflow/.local/lib/python3.8/site-packages/airflow/example_dags/example_branch_labels.py
[2024-04-24T05:12:16.559+0000] {logging_mixin.py:188} INFO - [2024-04-24T05:12:16.559+0000] {dag.py:3047} INFO - Sync 1 DAGs
[2024-04-24T05:12:16.571+0000] {logging_mixin.py:188} INFO - [2024-04-24T05:12:16.571+0000] {dag.py:3834} INFO - Setting next_dagrun for example_branch_labels to 2024-04-23 00:00:00+00:00, run_after=2024-04-24 00:00:00+00:00
[2024-04-24T05:12:16.580+0000] {processor.py:183} INFO - Processing /home/airflow/.local/lib/python3.8/site-packages/airflow/example_dags/example_branch_labels.py took 0.039 seconds
[2024-04-24T05:12:47.180+0000] {processor.py:161} INFO - Started process (PID=233) to work on /home/airflow/.local/lib/python3.8/site-packages/airflow/example_dags/example_branch_labels.py
[2024-04-24T05:12:47.181+0000] {processor.py:830} INFO - Processing file /home/airflow/.local/lib/python3.8/site-packages/airflow/example_dags/example_branch_labels.py for tasks to queue
[2024-04-24T05:12:47.182+0000] {logging_mixin.py:188} INFO - [2024-04-24T05:12:47.182+0000] {dagbag.py:540} INFO - Filling up the DagBag from /home/airflow/.local/lib/python3.8/site-packages/airflow/example_dags/example_branch_labels.py
[2024-04-24T05:12:47.187+0000] {processor.py:840} INFO - DAG(s) 'example_branch_labels' retrieved from /home/airflow/.local/lib/python3.8/site-packages/airflow/example_dags/example_branch_labels.py
[2024-04-24T05:12:47.199+0000] {logging_mixin.py:188} INFO - [2024-04-24T05:12:47.199+0000] {dag.py:3047} INFO - Sync 1 DAGs
[2024-04-24T05:12:47.212+0000] {logging_mixin.py:188} INFO - [2024-04-24T05:12:47.212+0000] {dag.py:3834} INFO - Setting next_dagrun for example_branch_labels to 2024-04-23 00:00:00+00:00, run_after=2024-04-24 00:00:00+00:00
[2024-04-24T05:12:47.223+0000] {processor.py:183} INFO - Processing /home/airflow/.local/lib/python3.8/site-packages/airflow/example_dags/example_branch_labels.py took 0.045 seconds
[2024-04-24T05:13:17.849+0000] {processor.py:161} INFO - Started process (PID=291) to work on /home/airflow/.local/lib/python3.8/site-packages/airflow/example_dags/example_branch_labels.py
[2024-04-24T05:13:17.849+0000] {processor.py:830} INFO - Processing file /home/airflow/.local/lib/python3.8/site-packages/airflow/example_dags/example_branch_labels.py for tasks to queue
[2024-04-24T05:13:17.850+0000] {logging_mixin.py:188} INFO - [2024-04-24T05:13:17.850+0000] {dagbag.py:540} INFO - Filling up the DagBag from /home/airflow/.local/lib/python3.8/site-packages/airflow/example_dags/example_branch_labels.py
[2024-04-24T05:13:17.855+0000] {processor.py:840} INFO - DAG(s) 'example_branch_labels' retrieved from /home/airflow/.local/lib/python3.8/site-packages/airflow/example_dags/example_branch_labels.py
[2024-04-24T05:13:17.865+0000] {logging_mixin.py:188} INFO - [2024-04-24T05:13:17.865+0000] {dag.py:3047} INFO - Sync 1 DAGs
[2024-04-24T05:13:17.877+0000] {logging_mixin.py:188} INFO - [2024-04-24T05:13:17.877+0000] {dag.py:3834} INFO - Setting next_dagrun for example_branch_labels to 2024-04-23 00:00:00+00:00, run_after=2024-04-24 00:00:00+00:00
[2024-04-24T05:13:17.887+0000] {processor.py:183} INFO - Processing /home/airflow/.local/lib/python3.8/site-packages/airflow/example_dags/example_branch_labels.py took 0.040 seconds
[2024-04-24T05:13:48.416+0000] {processor.py:161} INFO - Started process (PID=349) to work on /home/airflow/.local/lib/python3.8/site-packages/airflow/example_dags/example_branch_labels.py
[2024-04-24T05:13:48.416+0000] {processor.py:830} INFO - Processing file /home/airflow/.local/lib/python3.8/site-packages/airflow/example_dags/example_branch_labels.py for tasks to queue
[2024-04-24T05:13:48.417+0000] {logging_mixin.py:188} INFO - [2024-04-24T05:13:48.417+0000] {dagbag.py:540} INFO - Filling up the DagBag from /home/airflow/.local/lib/python3.8/site-packages/airflow/example_dags/example_branch_labels.py
[2024-04-24T05:13:48.421+0000] {processor.py:840} INFO - DAG(s) 'example_branch_labels' retrieved from /home/airflow/.local/lib/python3.8/site-packages/airflow/example_dags/example_branch_labels.py
[2024-04-24T05:13:48.433+0000] {logging_mixin.py:188} INFO - [2024-04-24T05:13:48.433+0000] {dag.py:3047} INFO - Sync 1 DAGs
[2024-04-24T05:13:48.444+0000] {logging_mixin.py:188} INFO - [2024-04-24T05:13:48.444+0000] {dag.py:3834} INFO - Setting next_dagrun for example_branch_labels to 2024-04-23 00:00:00+00:00, run_after=2024-04-24 00:00:00+00:00
[2024-04-24T05:13:48.454+0000] {processor.py:183} INFO - Processing /home/airflow/.local/lib/python3.8/site-packages/airflow/example_dags/example_branch_labels.py took 0.040 seconds
[2024-04-24T05:14:19.265+0000] {processor.py:161} INFO - Started process (PID=407) to work on /home/airflow/.local/lib/python3.8/site-packages/airflow/example_dags/example_branch_labels.py
[2024-04-24T05:14:19.265+0000] {processor.py:830} INFO - Processing file /home/airflow/.local/lib/python3.8/site-packages/airflow/example_dags/example_branch_labels.py for tasks to queue
[2024-04-24T05:14:19.266+0000] {logging_mixin.py:188} INFO - [2024-04-24T05:14:19.266+0000] {dagbag.py:540} INFO - Filling up the DagBag from /home/airflow/.local/lib/python3.8/site-packages/airflow/example_dags/example_branch_labels.py
[2024-04-24T05:14:19.271+0000] {processor.py:840} INFO - DAG(s) 'example_branch_labels' retrieved from /home/airflow/.local/lib/python3.8/site-packages/airflow/example_dags/example_branch_labels.py
[2024-04-24T05:14:19.281+0000] {logging_mixin.py:188} INFO - [2024-04-24T05:14:19.281+0000] {dag.py:3047} INFO - Sync 1 DAGs
[2024-04-24T05:14:19.293+0000] {logging_mixin.py:188} INFO - [2024-04-24T05:14:19.293+0000] {dag.py:3834} INFO - Setting next_dagrun for example_branch_labels to 2024-04-23 00:00:00+00:00, run_after=2024-04-24 00:00:00+00:00
[2024-04-24T05:14:19.303+0000] {processor.py:183} INFO - Processing /home/airflow/.local/lib/python3.8/site-packages/airflow/example_dags/example_branch_labels.py took 0.040 seconds
[2024-04-24T05:14:49.920+0000] {processor.py:161} INFO - Started process (PID=465) to work on /home/airflow/.local/lib/python3.8/site-packages/airflow/example_dags/example_branch_labels.py
[2024-04-24T05:14:49.920+0000] {processor.py:830} INFO - Processing file /home/airflow/.local/lib/python3.8/site-packages/airflow/example_dags/example_branch_labels.py for tasks to queue
[2024-04-24T05:14:49.921+0000] {logging_mixin.py:188} INFO - [2024-04-24T05:14:49.921+0000] {dagbag.py:540} INFO - Filling up the DagBag from /home/airflow/.local/lib/python3.8/site-packages/airflow/example_dags/example_branch_labels.py
[2024-04-24T05:14:49.926+0000] {processor.py:840} INFO - DAG(s) 'example_branch_labels' retrieved from /home/airflow/.local/lib/python3.8/site-packages/airflow/example_dags/example_branch_labels.py
[2024-04-24T05:14:49.936+0000] {logging_mixin.py:188} INFO - [2024-04-24T05:14:49.936+0000] {dag.py:3047} INFO - Sync 1 DAGs
[2024-04-24T05:14:49.948+0000] {logging_mixin.py:188} INFO - [2024-04-24T05:14:49.948+0000] {dag.py:3834} INFO - Setting next_dagrun for example_branch_labels to 2024-04-23 00:00:00+00:00, run_after=2024-04-24 00:00:00+00:00
[2024-04-24T05:14:49.957+0000] {processor.py:183} INFO - Processing /home/airflow/.local/lib/python3.8/site-packages/airflow/example_dags/example_branch_labels.py took 0.039 seconds
[2024-04-24T05:15:20.501+0000] {processor.py:161} INFO - Started process (PID=524) to work on /home/airflow/.local/lib/python3.8/site-packages/airflow/example_dags/example_branch_labels.py
[2024-04-24T05:15:20.502+0000] {processor.py:830} INFO - Processing file /home/airflow/.local/lib/python3.8/site-packages/airflow/example_dags/example_branch_labels.py for tasks to queue
[2024-04-24T05:15:20.503+0000] {logging_mixin.py:188} INFO - [2024-04-24T05:15:20.503+0000] {dagbag.py:540} INFO - Filling up the DagBag from /home/airflow/.local/lib/python3.8/site-packages/airflow/example_dags/example_branch_labels.py
[2024-04-24T05:15:20.507+0000] {processor.py:840} INFO - DAG(s) 'example_branch_labels' retrieved from /home/airflow/.local/lib/python3.8/site-packages/airflow/example_dags/example_branch_labels.py
[2024-04-24T05:15:20.518+0000] {logging_mixin.py:188} INFO - [2024-04-24T05:15:20.518+0000] {dag.py:3047} INFO - Sync 1 DAGs
[2024-04-24T05:15:20.530+0000] {logging_mixin.py:188} INFO - [2024-04-24T05:15:20.530+0000] {dag.py:3834} INFO - Setting next_dagrun for example_branch_labels to 2024-04-23 00:00:00+00:00, run_after=2024-04-24 00:00:00+00:00
[2024-04-24T05:15:20.539+0000] {processor.py:183} INFO - Processing /home/airflow/.local/lib/python3.8/site-packages/airflow/example_dags/example_branch_labels.py took 0.040 seconds
[2024-04-24T05:15:50.987+0000] {processor.py:161} INFO - Started process (PID=582) to work on /home/airflow/.local/lib/python3.8/site-packages/airflow/example_dags/example_branch_labels.py
[2024-04-24T05:15:50.987+0000] {processor.py:830} INFO - Processing file /home/airflow/.local/lib/python3.8/site-packages/airflow/example_dags/example_branch_labels.py for tasks to queue
[2024-04-24T05:15:50.988+0000] {logging_mixin.py:188} INFO - [2024-04-24T05:15:50.988+0000] {dagbag.py:540} INFO - Filling up the DagBag from /home/airflow/.local/lib/python3.8/site-packages/airflow/example_dags/example_branch_labels.py
[2024-04-24T05:15:50.992+0000] {processor.py:840} INFO - DAG(s) 'example_branch_labels' retrieved from /home/airflow/.local/lib/python3.8/site-packages/airflow/example_dags/example_branch_labels.py
[2024-04-24T05:15:51.003+0000] {logging_mixin.py:188} INFO - [2024-04-24T05:15:51.003+0000] {dag.py:3047} INFO - Sync 1 DAGs
[2024-04-24T05:15:51.015+0000] {logging_mixin.py:188} INFO - [2024-04-24T05:15:51.015+0000] {dag.py:3834} INFO - Setting next_dagrun for example_branch_labels to 2024-04-23 00:00:00+00:00, run_after=2024-04-24 00:00:00+00:00
[2024-04-24T05:15:51.024+0000] {processor.py:183} INFO - Processing /home/airflow/.local/lib/python3.8/site-packages/airflow/example_dags/example_branch_labels.py took 0.039 seconds
[2024-04-24T05:16:21.486+0000] {processor.py:161} INFO - Started process (PID=640) to work on /home/airflow/.local/lib/python3.8/site-packages/airflow/example_dags/example_branch_labels.py
[2024-04-24T05:16:21.487+0000] {processor.py:830} INFO - Processing file /home/airflow/.local/lib/python3.8/site-packages/airflow/example_dags/example_branch_labels.py for tasks to queue
[2024-04-24T05:16:21.488+0000] {logging_mixin.py:188} INFO - [2024-04-24T05:16:21.487+0000] {dagbag.py:540} INFO - Filling up the DagBag from /home/airflow/.local/lib/python3.8/site-packages/airflow/example_dags/example_branch_labels.py
[2024-04-24T05:16:21.492+0000] {processor.py:840} INFO - DAG(s) 'example_branch_labels' retrieved from /home/airflow/.local/lib/python3.8/site-packages/airflow/example_dags/example_branch_labels.py
[2024-04-24T05:16:21.503+0000] {logging_mixin.py:188} INFO - [2024-04-24T05:16:21.503+0000] {dag.py:3047} INFO - Sync 1 DAGs
[2024-04-24T05:16:21.515+0000] {logging_mixin.py:188} INFO - [2024-04-24T05:16:21.515+0000] {dag.py:3834} INFO - Setting next_dagrun for example_branch_labels to 2024-04-23 00:00:00+00:00, run_after=2024-04-24 00:00:00+00:00
[2024-04-24T05:16:21.524+0000] {processor.py:183} INFO - Processing /home/airflow/.local/lib/python3.8/site-packages/airflow/example_dags/example_branch_labels.py took 0.040 seconds
[2024-04-24T05:16:52.023+0000] {processor.py:161} INFO - Started process (PID=698) to work on /home/airflow/.local/lib/python3.8/site-packages/airflow/example_dags/example_branch_labels.py
[2024-04-24T05:16:52.024+0000] {processor.py:830} INFO - Processing file /home/airflow/.local/lib/python3.8/site-packages/airflow/example_dags/example_branch_labels.py for tasks to queue
[2024-04-24T05:16:52.025+0000] {logging_mixin.py:188} INFO - [2024-04-24T05:16:52.025+0000] {dagbag.py:540} INFO - Filling up the DagBag from /home/airflow/.local/lib/python3.8/site-packages/airflow/example_dags/example_branch_labels.py
[2024-04-24T05:16:52.030+0000] {processor.py:840} INFO - DAG(s) 'example_branch_labels' retrieved from /home/airflow/.local/lib/python3.8/site-packages/airflow/example_dags/example_branch_labels.py
[2024-04-24T05:16:52.043+0000] {logging_mixin.py:188} INFO - [2024-04-24T05:16:52.043+0000] {dag.py:3047} INFO - Sync 1 DAGs
[2024-04-24T05:16:52.056+0000] {logging_mixin.py:188} INFO - [2024-04-24T05:16:52.056+0000] {dag.py:3834} INFO - Setting next_dagrun for example_branch_labels to 2024-04-23 00:00:00+00:00, run_after=2024-04-24 00:00:00+00:00
[2024-04-24T05:16:52.067+0000] {processor.py:183} INFO - Processing /home/airflow/.local/lib/python3.8/site-packages/airflow/example_dags/example_branch_labels.py took 0.046 seconds
[2024-04-24T05:17:22.520+0000] {processor.py:161} INFO - Started process (PID=756) to work on /home/airflow/.local/lib/python3.8/site-packages/airflow/example_dags/example_branch_labels.py
[2024-04-24T05:17:22.520+0000] {processor.py:830} INFO - Processing file /home/airflow/.local/lib/python3.8/site-packages/airflow/example_dags/example_branch_labels.py for tasks to queue
[2024-04-24T05:17:22.521+0000] {logging_mixin.py:188} INFO - [2024-04-24T05:17:22.521+0000] {dagbag.py:540} INFO - Filling up the DagBag from /home/airflow/.local/lib/python3.8/site-packages/airflow/example_dags/example_branch_labels.py
[2024-04-24T05:17:22.526+0000] {processor.py:840} INFO - DAG(s) 'example_branch_labels' retrieved from /home/airflow/.local/lib/python3.8/site-packages/airflow/example_dags/example_branch_labels.py
[2024-04-24T05:17:22.537+0000] {logging_mixin.py:188} INFO - [2024-04-24T05:17:22.537+0000] {dag.py:3047} INFO - Sync 1 DAGs
[2024-04-24T05:17:22.549+0000] {logging_mixin.py:188} INFO - [2024-04-24T05:17:22.549+0000] {dag.py:3834} INFO - Setting next_dagrun for example_branch_labels to 2024-04-23 00:00:00+00:00, run_after=2024-04-24 00:00:00+00:00
[2024-04-24T05:17:22.559+0000] {processor.py:183} INFO - Processing /home/airflow/.local/lib/python3.8/site-packages/airflow/example_dags/example_branch_labels.py took 0.041 seconds
[2024-04-24T05:17:53.088+0000] {processor.py:161} INFO - Started process (PID=814) to work on /home/airflow/.local/lib/python3.8/site-packages/airflow/example_dags/example_branch_labels.py
[2024-04-24T05:17:53.089+0000] {processor.py:830} INFO - Processing file /home/airflow/.local/lib/python3.8/site-packages/airflow/example_dags/example_branch_labels.py for tasks to queue
[2024-04-24T05:17:53.090+0000] {logging_mixin.py:188} INFO - [2024-04-24T05:17:53.090+0000] {dagbag.py:540} INFO - Filling up the DagBag from /home/airflow/.local/lib/python3.8/site-packages/airflow/example_dags/example_branch_labels.py
[2024-04-24T05:17:53.094+0000] {processor.py:840} INFO - DAG(s) 'example_branch_labels' retrieved from /home/airflow/.local/lib/python3.8/site-packages/airflow/example_dags/example_branch_labels.py
[2024-04-24T05:17:53.105+0000] {logging_mixin.py:188} INFO - [2024-04-24T05:17:53.105+0000] {dag.py:3047} INFO - Sync 1 DAGs
[2024-04-24T05:17:53.117+0000] {logging_mixin.py:188} INFO - [2024-04-24T05:17:53.117+0000] {dag.py:3834} INFO - Setting next_dagrun for example_branch_labels to 2024-04-23 00:00:00+00:00, run_after=2024-04-24 00:00:00+00:00
[2024-04-24T05:17:53.126+0000] {processor.py:183} INFO - Processing /home/airflow/.local/lib/python3.8/site-packages/airflow/example_dags/example_branch_labels.py took 0.040 seconds
[2024-04-24T05:18:23.901+0000] {processor.py:161} INFO - Started process (PID=872) to work on /home/airflow/.local/lib/python3.8/site-packages/airflow/example_dags/example_branch_labels.py
[2024-04-24T05:18:23.902+0000] {processor.py:830} INFO - Processing file /home/airflow/.local/lib/python3.8/site-packages/airflow/example_dags/example_branch_labels.py for tasks to queue
[2024-04-24T05:18:23.903+0000] {logging_mixin.py:188} INFO - [2024-04-24T05:18:23.903+0000] {dagbag.py:540} INFO - Filling up the DagBag from /home/airflow/.local/lib/python3.8/site-packages/airflow/example_dags/example_branch_labels.py
[2024-04-24T05:18:23.907+0000] {processor.py:840} INFO - DAG(s) 'example_branch_labels' retrieved from /home/airflow/.local/lib/python3.8/site-packages/airflow/example_dags/example_branch_labels.py
[2024-04-24T05:18:23.918+0000] {logging_mixin.py:188} INFO - [2024-04-24T05:18:23.918+0000] {dag.py:3047} INFO - Sync 1 DAGs
[2024-04-24T05:18:23.930+0000] {logging_mixin.py:188} INFO - [2024-04-24T05:18:23.930+0000] {dag.py:3834} INFO - Setting next_dagrun for example_branch_labels to 2024-04-23 00:00:00+00:00, run_after=2024-04-24 00:00:00+00:00
[2024-04-24T05:18:23.940+0000] {processor.py:183} INFO - Processing /home/airflow/.local/lib/python3.8/site-packages/airflow/example_dags/example_branch_labels.py took 0.040 seconds
[2024-04-24T05:18:54.480+0000] {processor.py:161} INFO - Started process (PID=930) to work on /home/airflow/.local/lib/python3.8/site-packages/airflow/example_dags/example_branch_labels.py
[2024-04-24T05:18:54.480+0000] {processor.py:830} INFO - Processing file /home/airflow/.local/lib/python3.8/site-packages/airflow/example_dags/example_branch_labels.py for tasks to queue
[2024-04-24T05:18:54.481+0000] {logging_mixin.py:188} INFO - [2024-04-24T05:18:54.481+0000] {dagbag.py:540} INFO - Filling up the DagBag from /home/airflow/.local/lib/python3.8/site-packages/airflow/example_dags/example_branch_labels.py
[2024-04-24T05:18:54.486+0000] {processor.py:840} INFO - DAG(s) 'example_branch_labels' retrieved from /home/airflow/.local/lib/python3.8/site-packages/airflow/example_dags/example_branch_labels.py
[2024-04-24T05:18:54.496+0000] {logging_mixin.py:188} INFO - [2024-04-24T05:18:54.496+0000] {dag.py:3047} INFO - Sync 1 DAGs
[2024-04-24T05:18:54.508+0000] {logging_mixin.py:188} INFO - [2024-04-24T05:18:54.507+0000] {dag.py:3834} INFO - Setting next_dagrun for example_branch_labels to 2024-04-23 00:00:00+00:00, run_after=2024-04-24 00:00:00+00:00
[2024-04-24T05:18:54.517+0000] {processor.py:183} INFO - Processing /home/airflow/.local/lib/python3.8/site-packages/airflow/example_dags/example_branch_labels.py took 0.039 seconds
[2024-04-24T05:19:24.973+0000] {processor.py:161} INFO - Started process (PID=988) to work on /home/airflow/.local/lib/python3.8/site-packages/airflow/example_dags/example_branch_labels.py
[2024-04-24T05:19:24.974+0000] {processor.py:830} INFO - Processing file /home/airflow/.local/lib/python3.8/site-packages/airflow/example_dags/example_branch_labels.py for tasks to queue
[2024-04-24T05:19:24.975+0000] {logging_mixin.py:188} INFO - [2024-04-24T05:19:24.975+0000] {dagbag.py:540} INFO - Filling up the DagBag from /home/airflow/.local/lib/python3.8/site-packages/airflow/example_dags/example_branch_labels.py
[2024-04-24T05:19:24.979+0000] {processor.py:840} INFO - DAG(s) 'example_branch_labels' retrieved from /home/airflow/.local/lib/python3.8/site-packages/airflow/example_dags/example_branch_labels.py
[2024-04-24T05:19:24.990+0000] {logging_mixin.py:188} INFO - [2024-04-24T05:19:24.990+0000] {dag.py:3047} INFO - Sync 1 DAGs
[2024-04-24T05:19:25.001+0000] {logging_mixin.py:188} INFO - [2024-04-24T05:19:25.001+0000] {dag.py:3834} INFO - Setting next_dagrun for example_branch_labels to 2024-04-23 00:00:00+00:00, run_after=2024-04-24 00:00:00+00:00
[2024-04-24T05:19:25.010+0000] {processor.py:183} INFO - Processing /home/airflow/.local/lib/python3.8/site-packages/airflow/example_dags/example_branch_labels.py took 0.039 seconds
[2024-04-24T05:19:55.574+0000] {processor.py:161} INFO - Started process (PID=1046) to work on /home/airflow/.local/lib/python3.8/site-packages/airflow/example_dags/example_branch_labels.py
[2024-04-24T05:19:55.575+0000] {processor.py:830} INFO - Processing file /home/airflow/.local/lib/python3.8/site-packages/airflow/example_dags/example_branch_labels.py for tasks to queue
[2024-04-24T05:19:55.576+0000] {logging_mixin.py:188} INFO - [2024-04-24T05:19:55.575+0000] {dagbag.py:540} INFO - Filling up the DagBag from /home/airflow/.local/lib/python3.8/site-packages/airflow/example_dags/example_branch_labels.py
[2024-04-24T05:19:55.580+0000] {processor.py:840} INFO - DAG(s) 'example_branch_labels' retrieved from /home/airflow/.local/lib/python3.8/site-packages/airflow/example_dags/example_branch_labels.py
[2024-04-24T05:19:55.591+0000] {logging_mixin.py:188} INFO - [2024-04-24T05:19:55.591+0000] {dag.py:3047} INFO - Sync 1 DAGs
[2024-04-24T05:19:55.603+0000] {logging_mixin.py:188} INFO - [2024-04-24T05:19:55.603+0000] {dag.py:3834} INFO - Setting next_dagrun for example_branch_labels to 2024-04-23 00:00:00+00:00, run_after=2024-04-24 00:00:00+00:00
[2024-04-24T05:19:55.612+0000] {processor.py:183} INFO - Processing /home/airflow/.local/lib/python3.8/site-packages/airflow/example_dags/example_branch_labels.py took 0.040 seconds
[2024-04-24T05:20:26.080+0000] {processor.py:161} INFO - Started process (PID=1104) to work on /home/airflow/.local/lib/python3.8/site-packages/airflow/example_dags/example_branch_labels.py
[2024-04-24T05:20:26.081+0000] {processor.py:830} INFO - Processing file /home/airflow/.local/lib/python3.8/site-packages/airflow/example_dags/example_branch_labels.py for tasks to queue
[2024-04-24T05:20:26.082+0000] {logging_mixin.py:188} INFO - [2024-04-24T05:20:26.081+0000] {dagbag.py:540} INFO - Filling up the DagBag from /home/airflow/.local/lib/python3.8/site-packages/airflow/example_dags/example_branch_labels.py
[2024-04-24T05:20:26.086+0000] {processor.py:840} INFO - DAG(s) 'example_branch_labels' retrieved from /home/airflow/.local/lib/python3.8/site-packages/airflow/example_dags/example_branch_labels.py
[2024-04-24T05:20:26.096+0000] {logging_mixin.py:188} INFO - [2024-04-24T05:20:26.096+0000] {dag.py:3047} INFO - Sync 1 DAGs
[2024-04-24T05:20:26.108+0000] {logging_mixin.py:188} INFO - [2024-04-24T05:20:26.108+0000] {dag.py:3834} INFO - Setting next_dagrun for example_branch_labels to 2024-04-23 00:00:00+00:00, run_after=2024-04-24 00:00:00+00:00
[2024-04-24T05:20:26.117+0000] {processor.py:183} INFO - Processing /home/airflow/.local/lib/python3.8/site-packages/airflow/example_dags/example_branch_labels.py took 0.038 seconds
[2024-04-24T05:20:56.721+0000] {processor.py:161} INFO - Started process (PID=1162) to work on /home/airflow/.local/lib/python3.8/site-packages/airflow/example_dags/example_branch_labels.py
[2024-04-24T05:20:56.722+0000] {processor.py:830} INFO - Processing file /home/airflow/.local/lib/python3.8/site-packages/airflow/example_dags/example_branch_labels.py for tasks to queue
[2024-04-24T05:20:56.723+0000] {logging_mixin.py:188} INFO - [2024-04-24T05:20:56.723+0000] {dagbag.py:540} INFO - Filling up the DagBag from /home/airflow/.local/lib/python3.8/site-packages/airflow/example_dags/example_branch_labels.py
[2024-04-24T05:20:56.727+0000] {processor.py:840} INFO - DAG(s) 'example_branch_labels' retrieved from /home/airflow/.local/lib/python3.8/site-packages/airflow/example_dags/example_branch_labels.py
[2024-04-24T05:20:56.737+0000] {logging_mixin.py:188} INFO - [2024-04-24T05:20:56.737+0000] {dag.py:3047} INFO - Sync 1 DAGs
[2024-04-24T05:20:56.749+0000] {logging_mixin.py:188} INFO - [2024-04-24T05:20:56.749+0000] {dag.py:3834} INFO - Setting next_dagrun for example_branch_labels to 2024-04-23 00:00:00+00:00, run_after=2024-04-24 00:00:00+00:00
[2024-04-24T05:20:56.758+0000] {processor.py:183} INFO - Processing /home/airflow/.local/lib/python3.8/site-packages/airflow/example_dags/example_branch_labels.py took 0.038 seconds
[2024-04-24T05:21:27.217+0000] {processor.py:161} INFO - Started process (PID=1220) to work on /home/airflow/.local/lib/python3.8/site-packages/airflow/example_dags/example_branch_labels.py
[2024-04-24T05:21:27.218+0000] {processor.py:830} INFO - Processing file /home/airflow/.local/lib/python3.8/site-packages/airflow/example_dags/example_branch_labels.py for tasks to queue
[2024-04-24T05:21:27.219+0000] {logging_mixin.py:188} INFO - [2024-04-24T05:21:27.219+0000] {dagbag.py:540} INFO - Filling up the DagBag from /home/airflow/.local/lib/python3.8/site-packages/airflow/example_dags/example_branch_labels.py
[2024-04-24T05:21:27.223+0000] {processor.py:840} INFO - DAG(s) 'example_branch_labels' retrieved from /home/airflow/.local/lib/python3.8/site-packages/airflow/example_dags/example_branch_labels.py
[2024-04-24T05:21:27.234+0000] {logging_mixin.py:188} INFO - [2024-04-24T05:21:27.233+0000] {dag.py:3047} INFO - Sync 1 DAGs
[2024-04-24T05:21:27.245+0000] {logging_mixin.py:188} INFO - [2024-04-24T05:21:27.245+0000] {dag.py:3834} INFO - Setting next_dagrun for example_branch_labels to 2024-04-23 00:00:00+00:00, run_after=2024-04-24 00:00:00+00:00
[2024-04-24T05:21:27.254+0000] {processor.py:183} INFO - Processing /home/airflow/.local/lib/python3.8/site-packages/airflow/example_dags/example_branch_labels.py took 0.038 seconds
[2024-04-24T05:21:57.714+0000] {processor.py:161} INFO - Started process (PID=1278) to work on /home/airflow/.local/lib/python3.8/site-packages/airflow/example_dags/example_branch_labels.py
[2024-04-24T05:21:57.714+0000] {processor.py:830} INFO - Processing file /home/airflow/.local/lib/python3.8/site-packages/airflow/example_dags/example_branch_labels.py for tasks to queue
[2024-04-24T05:21:57.715+0000] {logging_mixin.py:188} INFO - [2024-04-24T05:21:57.715+0000] {dagbag.py:540} INFO - Filling up the DagBag from /home/airflow/.local/lib/python3.8/site-packages/airflow/example_dags/example_branch_labels.py
[2024-04-24T05:21:57.720+0000] {processor.py:840} INFO - DAG(s) 'example_branch_labels' retrieved from /home/airflow/.local/lib/python3.8/site-packages/airflow/example_dags/example_branch_labels.py
[2024-04-24T05:21:57.731+0000] {logging_mixin.py:188} INFO - [2024-04-24T05:21:57.730+0000] {dag.py:3047} INFO - Sync 1 DAGs
[2024-04-24T05:21:57.742+0000] {logging_mixin.py:188} INFO - [2024-04-24T05:21:57.742+0000] {dag.py:3834} INFO - Setting next_dagrun for example_branch_labels to 2024-04-23 00:00:00+00:00, run_after=2024-04-24 00:00:00+00:00
[2024-04-24T05:21:57.751+0000] {processor.py:183} INFO - Processing /home/airflow/.local/lib/python3.8/site-packages/airflow/example_dags/example_branch_labels.py took 0.039 seconds
[2024-04-24T05:22:28.177+0000] {processor.py:161} INFO - Started process (PID=1336) to work on /home/airflow/.local/lib/python3.8/site-packages/airflow/example_dags/example_branch_labels.py
[2024-04-24T05:22:28.178+0000] {processor.py:830} INFO - Processing file /home/airflow/.local/lib/python3.8/site-packages/airflow/example_dags/example_branch_labels.py for tasks to queue
[2024-04-24T05:22:28.179+0000] {logging_mixin.py:188} INFO - [2024-04-24T05:22:28.179+0000] {dagbag.py:540} INFO - Filling up the DagBag from /home/airflow/.local/lib/python3.8/site-packages/airflow/example_dags/example_branch_labels.py
[2024-04-24T05:22:28.183+0000] {processor.py:840} INFO - DAG(s) 'example_branch_labels' retrieved from /home/airflow/.local/lib/python3.8/site-packages/airflow/example_dags/example_branch_labels.py
[2024-04-24T05:22:28.194+0000] {logging_mixin.py:188} INFO - [2024-04-24T05:22:28.194+0000] {dag.py:3047} INFO - Sync 1 DAGs
[2024-04-24T05:22:28.206+0000] {logging_mixin.py:188} INFO - [2024-04-24T05:22:28.206+0000] {dag.py:3834} INFO - Setting next_dagrun for example_branch_labels to 2024-04-23 00:00:00+00:00, run_after=2024-04-24 00:00:00+00:00
[2024-04-24T05:22:28.216+0000] {processor.py:183} INFO - Processing /home/airflow/.local/lib/python3.8/site-packages/airflow/example_dags/example_branch_labels.py took 0.040 seconds
[2024-04-24T05:22:58.729+0000] {processor.py:161} INFO - Started process (PID=1394) to work on /home/airflow/.local/lib/python3.8/site-packages/airflow/example_dags/example_branch_labels.py
[2024-04-24T05:22:58.729+0000] {processor.py:830} INFO - Processing file /home/airflow/.local/lib/python3.8/site-packages/airflow/example_dags/example_branch_labels.py for tasks to queue
[2024-04-24T05:22:58.731+0000] {logging_mixin.py:188} INFO - [2024-04-24T05:22:58.730+0000] {dagbag.py:540} INFO - Filling up the DagBag from /home/airflow/.local/lib/python3.8/site-packages/airflow/example_dags/example_branch_labels.py
[2024-04-24T05:22:58.735+0000] {processor.py:840} INFO - DAG(s) 'example_branch_labels' retrieved from /home/airflow/.local/lib/python3.8/site-packages/airflow/example_dags/example_branch_labels.py
[2024-04-24T05:22:58.745+0000] {logging_mixin.py:188} INFO - [2024-04-24T05:22:58.745+0000] {dag.py:3047} INFO - Sync 1 DAGs
[2024-04-24T05:22:58.757+0000] {logging_mixin.py:188} INFO - [2024-04-24T05:22:58.757+0000] {dag.py:3834} INFO - Setting next_dagrun for example_branch_labels to 2024-04-23 00:00:00+00:00, run_after=2024-04-24 00:00:00+00:00
[2024-04-24T05:22:58.766+0000] {processor.py:183} INFO - Processing /home/airflow/.local/lib/python3.8/site-packages/airflow/example_dags/example_branch_labels.py took 0.039 seconds
[2024-04-24T05:23:29.215+0000] {processor.py:161} INFO - Started process (PID=1452) to work on /home/airflow/.local/lib/python3.8/site-packages/airflow/example_dags/example_branch_labels.py
[2024-04-24T05:23:29.216+0000] {processor.py:830} INFO - Processing file /home/airflow/.local/lib/python3.8/site-packages/airflow/example_dags/example_branch_labels.py for tasks to queue
[2024-04-24T05:23:29.217+0000] {logging_mixin.py:188} INFO - [2024-04-24T05:23:29.217+0000] {dagbag.py:540} INFO - Filling up the DagBag from /home/airflow/.local/lib/python3.8/site-packages/airflow/example_dags/example_branch_labels.py
[2024-04-24T05:23:29.221+0000] {processor.py:840} INFO - DAG(s) 'example_branch_labels' retrieved from /home/airflow/.local/lib/python3.8/site-packages/airflow/example_dags/example_branch_labels.py
[2024-04-24T05:23:29.232+0000] {logging_mixin.py:188} INFO - [2024-04-24T05:23:29.232+0000] {dag.py:3047} INFO - Sync 1 DAGs
[2024-04-24T05:23:29.243+0000] {logging_mixin.py:188} INFO - [2024-04-24T05:23:29.243+0000] {dag.py:3834} INFO - Setting next_dagrun for example_branch_labels to 2024-04-23 00:00:00+00:00, run_after=2024-04-24 00:00:00+00:00
[2024-04-24T05:23:29.253+0000] {processor.py:183} INFO - Processing /home/airflow/.local/lib/python3.8/site-packages/airflow/example_dags/example_branch_labels.py took 0.039 seconds
[2024-04-24T05:23:59.737+0000] {processor.py:161} INFO - Started process (PID=1510) to work on /home/airflow/.local/lib/python3.8/site-packages/airflow/example_dags/example_branch_labels.py
[2024-04-24T05:23:59.737+0000] {processor.py:830} INFO - Processing file /home/airflow/.local/lib/python3.8/site-packages/airflow/example_dags/example_branch_labels.py for tasks to queue
[2024-04-24T05:23:59.738+0000] {logging_mixin.py:188} INFO - [2024-04-24T05:23:59.738+0000] {dagbag.py:540} INFO - Filling up the DagBag from /home/airflow/.local/lib/python3.8/site-packages/airflow/example_dags/example_branch_labels.py
[2024-04-24T05:23:59.743+0000] {processor.py:840} INFO - DAG(s) 'example_branch_labels' retrieved from /home/airflow/.local/lib/python3.8/site-packages/airflow/example_dags/example_branch_labels.py
[2024-04-24T05:23:59.754+0000] {logging_mixin.py:188} INFO - [2024-04-24T05:23:59.754+0000] {dag.py:3047} INFO - Sync 1 DAGs
[2024-04-24T05:23:59.766+0000] {logging_mixin.py:188} INFO - [2024-04-24T05:23:59.766+0000] {dag.py:3834} INFO - Setting next_dagrun for example_branch_labels to 2024-04-23 00:00:00+00:00, run_after=2024-04-24 00:00:00+00:00
[2024-04-24T05:23:59.776+0000] {processor.py:183} INFO - Processing /home/airflow/.local/lib/python3.8/site-packages/airflow/example_dags/example_branch_labels.py took 0.041 seconds
[2024-04-24T05:24:30.234+0000] {processor.py:161} INFO - Started process (PID=1568) to work on /home/airflow/.local/lib/python3.8/site-packages/airflow/example_dags/example_branch_labels.py
[2024-04-24T05:24:30.235+0000] {processor.py:830} INFO - Processing file /home/airflow/.local/lib/python3.8/site-packages/airflow/example_dags/example_branch_labels.py for tasks to queue
[2024-04-24T05:24:30.236+0000] {logging_mixin.py:188} INFO - [2024-04-24T05:24:30.235+0000] {dagbag.py:540} INFO - Filling up the DagBag from /home/airflow/.local/lib/python3.8/site-packages/airflow/example_dags/example_branch_labels.py
[2024-04-24T05:24:30.240+0000] {processor.py:840} INFO - DAG(s) 'example_branch_labels' retrieved from /home/airflow/.local/lib/python3.8/site-packages/airflow/example_dags/example_branch_labels.py
[2024-04-24T05:24:30.250+0000] {logging_mixin.py:188} INFO - [2024-04-24T05:24:30.250+0000] {dag.py:3047} INFO - Sync 1 DAGs
[2024-04-24T05:24:30.262+0000] {logging_mixin.py:188} INFO - [2024-04-24T05:24:30.262+0000] {dag.py:3834} INFO - Setting next_dagrun for example_branch_labels to 2024-04-23 00:00:00+00:00, run_after=2024-04-24 00:00:00+00:00
[2024-04-24T05:24:30.271+0000] {processor.py:183} INFO - Processing /home/airflow/.local/lib/python3.8/site-packages/airflow/example_dags/example_branch_labels.py took 0.039 seconds
[2024-04-24T05:25:00.700+0000] {processor.py:161} INFO - Started process (PID=1626) to work on /home/airflow/.local/lib/python3.8/site-packages/airflow/example_dags/example_branch_labels.py
[2024-04-24T05:25:00.701+0000] {processor.py:830} INFO - Processing file /home/airflow/.local/lib/python3.8/site-packages/airflow/example_dags/example_branch_labels.py for tasks to queue
[2024-04-24T05:25:00.702+0000] {logging_mixin.py:188} INFO - [2024-04-24T05:25:00.701+0000] {dagbag.py:540} INFO - Filling up the DagBag from /home/airflow/.local/lib/python3.8/site-packages/airflow/example_dags/example_branch_labels.py
[2024-04-24T05:25:00.706+0000] {processor.py:840} INFO - DAG(s) 'example_branch_labels' retrieved from /home/airflow/.local/lib/python3.8/site-packages/airflow/example_dags/example_branch_labels.py
[2024-04-24T05:25:00.716+0000] {logging_mixin.py:188} INFO - [2024-04-24T05:25:00.716+0000] {dag.py:3047} INFO - Sync 1 DAGs
[2024-04-24T05:25:00.728+0000] {logging_mixin.py:188} INFO - [2024-04-24T05:25:00.728+0000] {dag.py:3834} INFO - Setting next_dagrun for example_branch_labels to 2024-04-23 00:00:00+00:00, run_after=2024-04-24 00:00:00+00:00
[2024-04-24T05:25:00.737+0000] {processor.py:183} INFO - Processing /home/airflow/.local/lib/python3.8/site-packages/airflow/example_dags/example_branch_labels.py took 0.039 seconds
[2024-04-24T05:25:31.156+0000] {processor.py:161} INFO - Started process (PID=1684) to work on /home/airflow/.local/lib/python3.8/site-packages/airflow/example_dags/example_branch_labels.py
[2024-04-24T05:25:31.157+0000] {processor.py:830} INFO - Processing file /home/airflow/.local/lib/python3.8/site-packages/airflow/example_dags/example_branch_labels.py for tasks to queue
[2024-04-24T05:25:31.158+0000] {logging_mixin.py:188} INFO - [2024-04-24T05:25:31.158+0000] {dagbag.py:540} INFO - Filling up the DagBag from /home/airflow/.local/lib/python3.8/site-packages/airflow/example_dags/example_branch_labels.py
[2024-04-24T05:25:31.162+0000] {processor.py:840} INFO - DAG(s) 'example_branch_labels' retrieved from /home/airflow/.local/lib/python3.8/site-packages/airflow/example_dags/example_branch_labels.py
[2024-04-24T05:25:31.173+0000] {logging_mixin.py:188} INFO - [2024-04-24T05:25:31.173+0000] {dag.py:3047} INFO - Sync 1 DAGs
[2024-04-24T05:25:31.184+0000] {logging_mixin.py:188} INFO - [2024-04-24T05:25:31.184+0000] {dag.py:3834} INFO - Setting next_dagrun for example_branch_labels to 2024-04-23 00:00:00+00:00, run_after=2024-04-24 00:00:00+00:00
[2024-04-24T05:25:31.193+0000] {processor.py:183} INFO - Processing /home/airflow/.local/lib/python3.8/site-packages/airflow/example_dags/example_branch_labels.py took 0.038 seconds
[2024-04-24T05:26:01.804+0000] {processor.py:161} INFO - Started process (PID=1742) to work on /home/airflow/.local/lib/python3.8/site-packages/airflow/example_dags/example_branch_labels.py
[2024-04-24T05:26:01.805+0000] {processor.py:830} INFO - Processing file /home/airflow/.local/lib/python3.8/site-packages/airflow/example_dags/example_branch_labels.py for tasks to queue
[2024-04-24T05:26:01.806+0000] {logging_mixin.py:188} INFO - [2024-04-24T05:26:01.806+0000] {dagbag.py:540} INFO - Filling up the DagBag from /home/airflow/.local/lib/python3.8/site-packages/airflow/example_dags/example_branch_labels.py
[2024-04-24T05:26:01.810+0000] {processor.py:840} INFO - DAG(s) 'example_branch_labels' retrieved from /home/airflow/.local/lib/python3.8/site-packages/airflow/example_dags/example_branch_labels.py
[2024-04-24T05:26:01.821+0000] {logging_mixin.py:188} INFO - [2024-04-24T05:26:01.821+0000] {dag.py:3047} INFO - Sync 1 DAGs
[2024-04-24T05:26:01.833+0000] {logging_mixin.py:188} INFO - [2024-04-24T05:26:01.833+0000] {dag.py:3834} INFO - Setting next_dagrun for example_branch_labels to 2024-04-23 00:00:00+00:00, run_after=2024-04-24 00:00:00+00:00
[2024-04-24T05:26:01.845+0000] {processor.py:183} INFO - Processing /home/airflow/.local/lib/python3.8/site-packages/airflow/example_dags/example_branch_labels.py took 0.043 seconds
[2024-04-24T05:26:32.421+0000] {processor.py:161} INFO - Started process (PID=1800) to work on /home/airflow/.local/lib/python3.8/site-packages/airflow/example_dags/example_branch_labels.py
[2024-04-24T05:26:32.421+0000] {processor.py:830} INFO - Processing file /home/airflow/.local/lib/python3.8/site-packages/airflow/example_dags/example_branch_labels.py for tasks to queue
[2024-04-24T05:26:32.422+0000] {logging_mixin.py:188} INFO - [2024-04-24T05:26:32.422+0000] {dagbag.py:540} INFO - Filling up the DagBag from /home/airflow/.local/lib/python3.8/site-packages/airflow/example_dags/example_branch_labels.py
[2024-04-24T05:26:32.426+0000] {processor.py:840} INFO - DAG(s) 'example_branch_labels' retrieved from /home/airflow/.local/lib/python3.8/site-packages/airflow/example_dags/example_branch_labels.py
[2024-04-24T05:26:32.437+0000] {logging_mixin.py:188} INFO - [2024-04-24T05:26:32.437+0000] {dag.py:3047} INFO - Sync 1 DAGs
[2024-04-24T05:26:32.449+0000] {logging_mixin.py:188} INFO - [2024-04-24T05:26:32.449+0000] {dag.py:3834} INFO - Setting next_dagrun for example_branch_labels to 2024-04-23 00:00:00+00:00, run_after=2024-04-24 00:00:00+00:00
[2024-04-24T05:26:32.458+0000] {processor.py:183} INFO - Processing /home/airflow/.local/lib/python3.8/site-packages/airflow/example_dags/example_branch_labels.py took 0.040 seconds
[2024-04-24T05:27:03.135+0000] {processor.py:161} INFO - Started process (PID=1858) to work on /home/airflow/.local/lib/python3.8/site-packages/airflow/example_dags/example_branch_labels.py
[2024-04-24T05:27:03.136+0000] {processor.py:830} INFO - Processing file /home/airflow/.local/lib/python3.8/site-packages/airflow/example_dags/example_branch_labels.py for tasks to queue
[2024-04-24T05:27:03.137+0000] {logging_mixin.py:188} INFO - [2024-04-24T05:27:03.137+0000] {dagbag.py:540} INFO - Filling up the DagBag from /home/airflow/.local/lib/python3.8/site-packages/airflow/example_dags/example_branch_labels.py
[2024-04-24T05:27:03.141+0000] {processor.py:840} INFO - DAG(s) 'example_branch_labels' retrieved from /home/airflow/.local/lib/python3.8/site-packages/airflow/example_dags/example_branch_labels.py
[2024-04-24T05:27:03.152+0000] {logging_mixin.py:188} INFO - [2024-04-24T05:27:03.151+0000] {dag.py:3047} INFO - Sync 1 DAGs
[2024-04-24T05:27:03.163+0000] {logging_mixin.py:188} INFO - [2024-04-24T05:27:03.163+0000] {dag.py:3834} INFO - Setting next_dagrun for example_branch_labels to 2024-04-23 00:00:00+00:00, run_after=2024-04-24 00:00:00+00:00
[2024-04-24T05:27:03.172+0000] {processor.py:183} INFO - Processing /home/airflow/.local/lib/python3.8/site-packages/airflow/example_dags/example_branch_labels.py took 0.038 seconds
[2024-04-24T05:27:33.703+0000] {processor.py:161} INFO - Started process (PID=1916) to work on /home/airflow/.local/lib/python3.8/site-packages/airflow/example_dags/example_branch_labels.py
[2024-04-24T05:27:33.703+0000] {processor.py:830} INFO - Processing file /home/airflow/.local/lib/python3.8/site-packages/airflow/example_dags/example_branch_labels.py for tasks to queue
[2024-04-24T05:27:33.704+0000] {logging_mixin.py:188} INFO - [2024-04-24T05:27:33.704+0000] {dagbag.py:540} INFO - Filling up the DagBag from /home/airflow/.local/lib/python3.8/site-packages/airflow/example_dags/example_branch_labels.py
[2024-04-24T05:27:33.709+0000] {processor.py:840} INFO - DAG(s) 'example_branch_labels' retrieved from /home/airflow/.local/lib/python3.8/site-packages/airflow/example_dags/example_branch_labels.py
[2024-04-24T05:27:33.719+0000] {logging_mixin.py:188} INFO - [2024-04-24T05:27:33.719+0000] {dag.py:3047} INFO - Sync 1 DAGs
[2024-04-24T05:27:33.731+0000] {logging_mixin.py:188} INFO - [2024-04-24T05:27:33.731+0000] {dag.py:3834} INFO - Setting next_dagrun for example_branch_labels to 2024-04-23 00:00:00+00:00, run_after=2024-04-24 00:00:00+00:00
[2024-04-24T05:27:33.740+0000] {processor.py:183} INFO - Processing /home/airflow/.local/lib/python3.8/site-packages/airflow/example_dags/example_branch_labels.py took 0.039 seconds
[2024-04-24T05:28:04.288+0000] {processor.py:161} INFO - Started process (PID=1974) to work on /home/airflow/.local/lib/python3.8/site-packages/airflow/example_dags/example_branch_labels.py
[2024-04-24T05:28:04.289+0000] {processor.py:830} INFO - Processing file /home/airflow/.local/lib/python3.8/site-packages/airflow/example_dags/example_branch_labels.py for tasks to queue
[2024-04-24T05:28:04.290+0000] {logging_mixin.py:188} INFO - [2024-04-24T05:28:04.290+0000] {dagbag.py:540} INFO - Filling up the DagBag from /home/airflow/.local/lib/python3.8/site-packages/airflow/example_dags/example_branch_labels.py
[2024-04-24T05:28:04.294+0000] {processor.py:840} INFO - DAG(s) 'example_branch_labels' retrieved from /home/airflow/.local/lib/python3.8/site-packages/airflow/example_dags/example_branch_labels.py
[2024-04-24T05:28:04.306+0000] {logging_mixin.py:188} INFO - [2024-04-24T05:28:04.305+0000] {dag.py:3047} INFO - Sync 1 DAGs
[2024-04-24T05:28:04.318+0000] {logging_mixin.py:188} INFO - [2024-04-24T05:28:04.318+0000] {dag.py:3834} INFO - Setting next_dagrun for example_branch_labels to 2024-04-23 00:00:00+00:00, run_after=2024-04-24 00:00:00+00:00
[2024-04-24T05:28:04.327+0000] {processor.py:183} INFO - Processing /home/airflow/.local/lib/python3.8/site-packages/airflow/example_dags/example_branch_labels.py took 0.041 seconds
[2024-04-24T05:28:35.022+0000] {processor.py:161} INFO - Started process (PID=2032) to work on /home/airflow/.local/lib/python3.8/site-packages/airflow/example_dags/example_branch_labels.py
[2024-04-24T05:28:35.022+0000] {processor.py:830} INFO - Processing file /home/airflow/.local/lib/python3.8/site-packages/airflow/example_dags/example_branch_labels.py for tasks to queue
[2024-04-24T05:28:35.023+0000] {logging_mixin.py:188} INFO - [2024-04-24T05:28:35.023+0000] {dagbag.py:540} INFO - Filling up the DagBag from /home/airflow/.local/lib/python3.8/site-packages/airflow/example_dags/example_branch_labels.py
[2024-04-24T05:28:35.028+0000] {processor.py:840} INFO - DAG(s) 'example_branch_labels' retrieved from /home/airflow/.local/lib/python3.8/site-packages/airflow/example_dags/example_branch_labels.py
[2024-04-24T05:28:35.038+0000] {logging_mixin.py:188} INFO - [2024-04-24T05:28:35.038+0000] {dag.py:3047} INFO - Sync 1 DAGs
[2024-04-24T05:28:35.050+0000] {logging_mixin.py:188} INFO - [2024-04-24T05:28:35.049+0000] {dag.py:3834} INFO - Setting next_dagrun for example_branch_labels to 2024-04-23 00:00:00+00:00, run_after=2024-04-24 00:00:00+00:00
[2024-04-24T05:28:35.059+0000] {processor.py:183} INFO - Processing /home/airflow/.local/lib/python3.8/site-packages/airflow/example_dags/example_branch_labels.py took 0.039 seconds
[2024-04-24T05:29:05.698+0000] {processor.py:161} INFO - Started process (PID=2090) to work on /home/airflow/.local/lib/python3.8/site-packages/airflow/example_dags/example_branch_labels.py
[2024-04-24T05:29:05.698+0000] {processor.py:830} INFO - Processing file /home/airflow/.local/lib/python3.8/site-packages/airflow/example_dags/example_branch_labels.py for tasks to queue
[2024-04-24T05:29:05.699+0000] {logging_mixin.py:188} INFO - [2024-04-24T05:29:05.699+0000] {dagbag.py:540} INFO - Filling up the DagBag from /home/airflow/.local/lib/python3.8/site-packages/airflow/example_dags/example_branch_labels.py
[2024-04-24T05:29:05.703+0000] {processor.py:840} INFO - DAG(s) 'example_branch_labels' retrieved from /home/airflow/.local/lib/python3.8/site-packages/airflow/example_dags/example_branch_labels.py
[2024-04-24T05:29:05.715+0000] {logging_mixin.py:188} INFO - [2024-04-24T05:29:05.714+0000] {dag.py:3047} INFO - Sync 1 DAGs
[2024-04-24T05:29:05.726+0000] {logging_mixin.py:188} INFO - [2024-04-24T05:29:05.726+0000] {dag.py:3834} INFO - Setting next_dagrun for example_branch_labels to 2024-04-23 00:00:00+00:00, run_after=2024-04-24 00:00:00+00:00
[2024-04-24T05:29:05.735+0000] {processor.py:183} INFO - Processing /home/airflow/.local/lib/python3.8/site-packages/airflow/example_dags/example_branch_labels.py took 0.040 seconds
[2024-04-24T05:29:36.345+0000] {processor.py:161} INFO - Started process (PID=2148) to work on /home/airflow/.local/lib/python3.8/site-packages/airflow/example_dags/example_branch_labels.py
[2024-04-24T05:29:36.346+0000] {processor.py:830} INFO - Processing file /home/airflow/.local/lib/python3.8/site-packages/airflow/example_dags/example_branch_labels.py for tasks to queue
[2024-04-24T05:29:36.347+0000] {logging_mixin.py:188} INFO - [2024-04-24T05:29:36.347+0000] {dagbag.py:540} INFO - Filling up the DagBag from /home/airflow/.local/lib/python3.8/site-packages/airflow/example_dags/example_branch_labels.py
[2024-04-24T05:29:36.351+0000] {processor.py:840} INFO - DAG(s) 'example_branch_labels' retrieved from /home/airflow/.local/lib/python3.8/site-packages/airflow/example_dags/example_branch_labels.py
[2024-04-24T05:29:36.362+0000] {logging_mixin.py:188} INFO - [2024-04-24T05:29:36.362+0000] {dag.py:3047} INFO - Sync 1 DAGs
[2024-04-24T05:29:36.373+0000] {logging_mixin.py:188} INFO - [2024-04-24T05:29:36.373+0000] {dag.py:3834} INFO - Setting next_dagrun for example_branch_labels to 2024-04-23 00:00:00+00:00, run_after=2024-04-24 00:00:00+00:00
[2024-04-24T05:29:36.382+0000] {processor.py:183} INFO - Processing /home/airflow/.local/lib/python3.8/site-packages/airflow/example_dags/example_branch_labels.py took 0.039 seconds
[2024-04-24T05:30:06.823+0000] {processor.py:161} INFO - Started process (PID=2206) to work on /home/airflow/.local/lib/python3.8/site-packages/airflow/example_dags/example_branch_labels.py
[2024-04-24T05:30:06.824+0000] {processor.py:830} INFO - Processing file /home/airflow/.local/lib/python3.8/site-packages/airflow/example_dags/example_branch_labels.py for tasks to queue
[2024-04-24T05:30:06.825+0000] {logging_mixin.py:188} INFO - [2024-04-24T05:30:06.825+0000] {dagbag.py:540} INFO - Filling up the DagBag from /home/airflow/.local/lib/python3.8/site-packages/airflow/example_dags/example_branch_labels.py
[2024-04-24T05:30:06.829+0000] {processor.py:840} INFO - DAG(s) 'example_branch_labels' retrieved from /home/airflow/.local/lib/python3.8/site-packages/airflow/example_dags/example_branch_labels.py
[2024-04-24T05:30:06.840+0000] {logging_mixin.py:188} INFO - [2024-04-24T05:30:06.840+0000] {dag.py:3047} INFO - Sync 1 DAGs
[2024-04-24T05:30:06.851+0000] {logging_mixin.py:188} INFO - [2024-04-24T05:30:06.851+0000] {dag.py:3834} INFO - Setting next_dagrun for example_branch_labels to 2024-04-23 00:00:00+00:00, run_after=2024-04-24 00:00:00+00:00
[2024-04-24T05:30:06.861+0000] {processor.py:183} INFO - Processing /home/airflow/.local/lib/python3.8/site-packages/airflow/example_dags/example_branch_labels.py took 0.039 seconds
[2024-04-24T05:30:37.397+0000] {processor.py:161} INFO - Started process (PID=2264) to work on /home/airflow/.local/lib/python3.8/site-packages/airflow/example_dags/example_branch_labels.py
[2024-04-24T05:30:37.398+0000] {processor.py:830} INFO - Processing file /home/airflow/.local/lib/python3.8/site-packages/airflow/example_dags/example_branch_labels.py for tasks to queue
[2024-04-24T05:30:37.399+0000] {logging_mixin.py:188} INFO - [2024-04-24T05:30:37.399+0000] {dagbag.py:540} INFO - Filling up the DagBag from /home/airflow/.local/lib/python3.8/site-packages/airflow/example_dags/example_branch_labels.py
[2024-04-24T05:30:37.403+0000] {processor.py:840} INFO - DAG(s) 'example_branch_labels' retrieved from /home/airflow/.local/lib/python3.8/site-packages/airflow/example_dags/example_branch_labels.py
[2024-04-24T05:30:37.414+0000] {logging_mixin.py:188} INFO - [2024-04-24T05:30:37.414+0000] {dag.py:3047} INFO - Sync 1 DAGs
[2024-04-24T05:30:37.426+0000] {logging_mixin.py:188} INFO - [2024-04-24T05:30:37.426+0000] {dag.py:3834} INFO - Setting next_dagrun for example_branch_labels to 2024-04-23 00:00:00+00:00, run_after=2024-04-24 00:00:00+00:00
[2024-04-24T05:30:37.434+0000] {processor.py:183} INFO - Processing /home/airflow/.local/lib/python3.8/site-packages/airflow/example_dags/example_branch_labels.py took 0.039 seconds
[2024-04-24T05:31:07.956+0000] {processor.py:161} INFO - Started process (PID=2322) to work on /home/airflow/.local/lib/python3.8/site-packages/airflow/example_dags/example_branch_labels.py
[2024-04-24T05:31:07.957+0000] {processor.py:830} INFO - Processing file /home/airflow/.local/lib/python3.8/site-packages/airflow/example_dags/example_branch_labels.py for tasks to queue
[2024-04-24T05:31:07.958+0000] {logging_mixin.py:188} INFO - [2024-04-24T05:31:07.958+0000] {dagbag.py:540} INFO - Filling up the DagBag from /home/airflow/.local/lib/python3.8/site-packages/airflow/example_dags/example_branch_labels.py
[2024-04-24T05:31:07.962+0000] {processor.py:840} INFO - DAG(s) 'example_branch_labels' retrieved from /home/airflow/.local/lib/python3.8/site-packages/airflow/example_dags/example_branch_labels.py
[2024-04-24T05:31:07.974+0000] {logging_mixin.py:188} INFO - [2024-04-24T05:31:07.974+0000] {dag.py:3047} INFO - Sync 1 DAGs
[2024-04-24T05:31:07.986+0000] {logging_mixin.py:188} INFO - [2024-04-24T05:31:07.986+0000] {dag.py:3834} INFO - Setting next_dagrun for example_branch_labels to 2024-04-23 00:00:00+00:00, run_after=2024-04-24 00:00:00+00:00
[2024-04-24T05:31:07.995+0000] {processor.py:183} INFO - Processing /home/airflow/.local/lib/python3.8/site-packages/airflow/example_dags/example_branch_labels.py took 0.041 seconds
[2024-04-24T05:31:38.771+0000] {processor.py:161} INFO - Started process (PID=2380) to work on /home/airflow/.local/lib/python3.8/site-packages/airflow/example_dags/example_branch_labels.py
[2024-04-24T05:31:38.772+0000] {processor.py:830} INFO - Processing file /home/airflow/.local/lib/python3.8/site-packages/airflow/example_dags/example_branch_labels.py for tasks to queue
[2024-04-24T05:31:38.773+0000] {logging_mixin.py:188} INFO - [2024-04-24T05:31:38.773+0000] {dagbag.py:540} INFO - Filling up the DagBag from /home/airflow/.local/lib/python3.8/site-packages/airflow/example_dags/example_branch_labels.py
[2024-04-24T05:31:38.777+0000] {processor.py:840} INFO - DAG(s) 'example_branch_labels' retrieved from /home/airflow/.local/lib/python3.8/site-packages/airflow/example_dags/example_branch_labels.py
[2024-04-24T05:31:38.788+0000] {logging_mixin.py:188} INFO - [2024-04-24T05:31:38.788+0000] {dag.py:3047} INFO - Sync 1 DAGs
[2024-04-24T05:31:38.800+0000] {logging_mixin.py:188} INFO - [2024-04-24T05:31:38.800+0000] {dag.py:3834} INFO - Setting next_dagrun for example_branch_labels to 2024-04-23 00:00:00+00:00, run_after=2024-04-24 00:00:00+00:00
[2024-04-24T05:31:38.810+0000] {processor.py:183} INFO - Processing /home/airflow/.local/lib/python3.8/site-packages/airflow/example_dags/example_branch_labels.py took 0.040 seconds
[2024-04-24T05:32:09.389+0000] {processor.py:161} INFO - Started process (PID=2438) to work on /home/airflow/.local/lib/python3.8/site-packages/airflow/example_dags/example_branch_labels.py
[2024-04-24T05:32:09.390+0000] {processor.py:830} INFO - Processing file /home/airflow/.local/lib/python3.8/site-packages/airflow/example_dags/example_branch_labels.py for tasks to queue
[2024-04-24T05:32:09.391+0000] {logging_mixin.py:188} INFO - [2024-04-24T05:32:09.391+0000] {dagbag.py:540} INFO - Filling up the DagBag from /home/airflow/.local/lib/python3.8/site-packages/airflow/example_dags/example_branch_labels.py
[2024-04-24T05:32:09.395+0000] {processor.py:840} INFO - DAG(s) 'example_branch_labels' retrieved from /home/airflow/.local/lib/python3.8/site-packages/airflow/example_dags/example_branch_labels.py
[2024-04-24T05:32:09.406+0000] {logging_mixin.py:188} INFO - [2024-04-24T05:32:09.405+0000] {dag.py:3047} INFO - Sync 1 DAGs
[2024-04-24T05:32:09.417+0000] {logging_mixin.py:188} INFO - [2024-04-24T05:32:09.417+0000] {dag.py:3834} INFO - Setting next_dagrun for example_branch_labels to 2024-04-23 00:00:00+00:00, run_after=2024-04-24 00:00:00+00:00
[2024-04-24T05:32:09.426+0000] {processor.py:183} INFO - Processing /home/airflow/.local/lib/python3.8/site-packages/airflow/example_dags/example_branch_labels.py took 0.039 seconds
[2024-04-24T05:32:39.949+0000] {processor.py:161} INFO - Started process (PID=2497) to work on /home/airflow/.local/lib/python3.8/site-packages/airflow/example_dags/example_branch_labels.py
[2024-04-24T05:32:39.949+0000] {processor.py:830} INFO - Processing file /home/airflow/.local/lib/python3.8/site-packages/airflow/example_dags/example_branch_labels.py for tasks to queue
[2024-04-24T05:32:39.950+0000] {logging_mixin.py:188} INFO - [2024-04-24T05:32:39.950+0000] {dagbag.py:540} INFO - Filling up the DagBag from /home/airflow/.local/lib/python3.8/site-packages/airflow/example_dags/example_branch_labels.py
[2024-04-24T05:32:39.954+0000] {processor.py:840} INFO - DAG(s) 'example_branch_labels' retrieved from /home/airflow/.local/lib/python3.8/site-packages/airflow/example_dags/example_branch_labels.py
[2024-04-24T05:32:39.965+0000] {logging_mixin.py:188} INFO - [2024-04-24T05:32:39.965+0000] {dag.py:3047} INFO - Sync 1 DAGs
[2024-04-24T05:32:39.978+0000] {logging_mixin.py:188} INFO - [2024-04-24T05:32:39.978+0000] {dag.py:3834} INFO - Setting next_dagrun for example_branch_labels to 2024-04-23 00:00:00+00:00, run_after=2024-04-24 00:00:00+00:00
[2024-04-24T05:32:39.987+0000] {processor.py:183} INFO - Processing /home/airflow/.local/lib/python3.8/site-packages/airflow/example_dags/example_branch_labels.py took 0.040 seconds
[2024-04-24T05:33:10.336+0000] {processor.py:161} INFO - Started process (PID=2552) to work on /home/airflow/.local/lib/python3.8/site-packages/airflow/example_dags/example_branch_labels.py
[2024-04-24T05:33:10.336+0000] {processor.py:830} INFO - Processing file /home/airflow/.local/lib/python3.8/site-packages/airflow/example_dags/example_branch_labels.py for tasks to queue
[2024-04-24T05:33:10.337+0000] {logging_mixin.py:188} INFO - [2024-04-24T05:33:10.337+0000] {dagbag.py:540} INFO - Filling up the DagBag from /home/airflow/.local/lib/python3.8/site-packages/airflow/example_dags/example_branch_labels.py
[2024-04-24T05:33:10.341+0000] {processor.py:840} INFO - DAG(s) 'example_branch_labels' retrieved from /home/airflow/.local/lib/python3.8/site-packages/airflow/example_dags/example_branch_labels.py
[2024-04-24T05:33:10.352+0000] {logging_mixin.py:188} INFO - [2024-04-24T05:33:10.352+0000] {dag.py:3047} INFO - Sync 1 DAGs
[2024-04-24T05:33:10.364+0000] {logging_mixin.py:188} INFO - [2024-04-24T05:33:10.364+0000] {dag.py:3834} INFO - Setting next_dagrun for example_branch_labels to 2024-04-23 00:00:00+00:00, run_after=2024-04-24 00:00:00+00:00
[2024-04-24T05:33:10.373+0000] {processor.py:183} INFO - Processing /home/airflow/.local/lib/python3.8/site-packages/airflow/example_dags/example_branch_labels.py took 0.039 seconds
[2024-04-24T05:33:40.695+0000] {processor.py:161} INFO - Started process (PID=2607) to work on /home/airflow/.local/lib/python3.8/site-packages/airflow/example_dags/example_branch_labels.py
[2024-04-24T05:33:40.695+0000] {processor.py:830} INFO - Processing file /home/airflow/.local/lib/python3.8/site-packages/airflow/example_dags/example_branch_labels.py for tasks to queue
[2024-04-24T05:33:40.696+0000] {logging_mixin.py:188} INFO - [2024-04-24T05:33:40.696+0000] {dagbag.py:540} INFO - Filling up the DagBag from /home/airflow/.local/lib/python3.8/site-packages/airflow/example_dags/example_branch_labels.py
[2024-04-24T05:33:40.700+0000] {processor.py:840} INFO - DAG(s) 'example_branch_labels' retrieved from /home/airflow/.local/lib/python3.8/site-packages/airflow/example_dags/example_branch_labels.py
[2024-04-24T05:33:40.711+0000] {logging_mixin.py:188} INFO - [2024-04-24T05:33:40.711+0000] {dag.py:3047} INFO - Sync 1 DAGs
[2024-04-24T05:33:40.722+0000] {logging_mixin.py:188} INFO - [2024-04-24T05:33:40.722+0000] {dag.py:3834} INFO - Setting next_dagrun for example_branch_labels to 2024-04-23 00:00:00+00:00, run_after=2024-04-24 00:00:00+00:00
[2024-04-24T05:33:40.732+0000] {processor.py:183} INFO - Processing /home/airflow/.local/lib/python3.8/site-packages/airflow/example_dags/example_branch_labels.py took 0.039 seconds
[2024-04-24T05:34:11.098+0000] {processor.py:161} INFO - Started process (PID=2662) to work on /home/airflow/.local/lib/python3.8/site-packages/airflow/example_dags/example_branch_labels.py
[2024-04-24T05:34:11.099+0000] {processor.py:830} INFO - Processing file /home/airflow/.local/lib/python3.8/site-packages/airflow/example_dags/example_branch_labels.py for tasks to queue
[2024-04-24T05:34:11.099+0000] {logging_mixin.py:188} INFO - [2024-04-24T05:34:11.099+0000] {dagbag.py:540} INFO - Filling up the DagBag from /home/airflow/.local/lib/python3.8/site-packages/airflow/example_dags/example_branch_labels.py
[2024-04-24T05:34:11.104+0000] {processor.py:840} INFO - DAG(s) 'example_branch_labels' retrieved from /home/airflow/.local/lib/python3.8/site-packages/airflow/example_dags/example_branch_labels.py
[2024-04-24T05:34:11.115+0000] {logging_mixin.py:188} INFO - [2024-04-24T05:34:11.115+0000] {dag.py:3047} INFO - Sync 1 DAGs
[2024-04-24T05:34:11.126+0000] {logging_mixin.py:188} INFO - [2024-04-24T05:34:11.126+0000] {dag.py:3834} INFO - Setting next_dagrun for example_branch_labels to 2024-04-23 00:00:00+00:00, run_after=2024-04-24 00:00:00+00:00
[2024-04-24T05:34:11.136+0000] {processor.py:183} INFO - Processing /home/airflow/.local/lib/python3.8/site-packages/airflow/example_dags/example_branch_labels.py took 0.039 seconds
[2024-04-24T05:34:41.674+0000] {processor.py:161} INFO - Started process (PID=2717) to work on /home/airflow/.local/lib/python3.8/site-packages/airflow/example_dags/example_branch_labels.py
[2024-04-24T05:34:41.675+0000] {processor.py:830} INFO - Processing file /home/airflow/.local/lib/python3.8/site-packages/airflow/example_dags/example_branch_labels.py for tasks to queue
[2024-04-24T05:34:41.676+0000] {logging_mixin.py:188} INFO - [2024-04-24T05:34:41.675+0000] {dagbag.py:540} INFO - Filling up the DagBag from /home/airflow/.local/lib/python3.8/site-packages/airflow/example_dags/example_branch_labels.py
[2024-04-24T05:34:41.680+0000] {processor.py:840} INFO - DAG(s) 'example_branch_labels' retrieved from /home/airflow/.local/lib/python3.8/site-packages/airflow/example_dags/example_branch_labels.py
[2024-04-24T05:34:41.691+0000] {logging_mixin.py:188} INFO - [2024-04-24T05:34:41.691+0000] {dag.py:3047} INFO - Sync 1 DAGs
[2024-04-24T05:34:41.703+0000] {logging_mixin.py:188} INFO - [2024-04-24T05:34:41.703+0000] {dag.py:3834} INFO - Setting next_dagrun for example_branch_labels to 2024-04-23 00:00:00+00:00, run_after=2024-04-24 00:00:00+00:00
[2024-04-24T05:34:41.712+0000] {processor.py:183} INFO - Processing /home/airflow/.local/lib/python3.8/site-packages/airflow/example_dags/example_branch_labels.py took 0.040 seconds
[2024-04-24T05:35:12.330+0000] {processor.py:161} INFO - Started process (PID=2772) to work on /home/airflow/.local/lib/python3.8/site-packages/airflow/example_dags/example_branch_labels.py
[2024-04-24T05:35:12.331+0000] {processor.py:830} INFO - Processing file /home/airflow/.local/lib/python3.8/site-packages/airflow/example_dags/example_branch_labels.py for tasks to queue
[2024-04-24T05:35:12.331+0000] {logging_mixin.py:188} INFO - [2024-04-24T05:35:12.331+0000] {dagbag.py:540} INFO - Filling up the DagBag from /home/airflow/.local/lib/python3.8/site-packages/airflow/example_dags/example_branch_labels.py
[2024-04-24T05:35:12.335+0000] {processor.py:840} INFO - DAG(s) 'example_branch_labels' retrieved from /home/airflow/.local/lib/python3.8/site-packages/airflow/example_dags/example_branch_labels.py
[2024-04-24T05:35:12.346+0000] {logging_mixin.py:188} INFO - [2024-04-24T05:35:12.346+0000] {dag.py:3047} INFO - Sync 1 DAGs
[2024-04-24T05:35:12.358+0000] {logging_mixin.py:188} INFO - [2024-04-24T05:35:12.358+0000] {dag.py:3834} INFO - Setting next_dagrun for example_branch_labels to 2024-04-23 00:00:00+00:00, run_after=2024-04-24 00:00:00+00:00
[2024-04-24T05:35:12.369+0000] {processor.py:183} INFO - Processing /home/airflow/.local/lib/python3.8/site-packages/airflow/example_dags/example_branch_labels.py took 0.040 seconds
[2024-04-24T05:35:43.158+0000] {processor.py:161} INFO - Started process (PID=2833) to work on /home/airflow/.local/lib/python3.8/site-packages/airflow/example_dags/example_branch_labels.py
[2024-04-24T05:35:43.159+0000] {processor.py:830} INFO - Processing file /home/airflow/.local/lib/python3.8/site-packages/airflow/example_dags/example_branch_labels.py for tasks to queue
[2024-04-24T05:35:43.159+0000] {logging_mixin.py:188} INFO - [2024-04-24T05:35:43.159+0000] {dagbag.py:540} INFO - Filling up the DagBag from /home/airflow/.local/lib/python3.8/site-packages/airflow/example_dags/example_branch_labels.py
[2024-04-24T05:35:43.163+0000] {processor.py:840} INFO - DAG(s) 'example_branch_labels' retrieved from /home/airflow/.local/lib/python3.8/site-packages/airflow/example_dags/example_branch_labels.py
[2024-04-24T05:35:43.174+0000] {logging_mixin.py:188} INFO - [2024-04-24T05:35:43.174+0000] {dag.py:3047} INFO - Sync 1 DAGs
[2024-04-24T05:35:43.186+0000] {logging_mixin.py:188} INFO - [2024-04-24T05:35:43.186+0000] {dag.py:3834} INFO - Setting next_dagrun for example_branch_labels to 2024-04-23 00:00:00+00:00, run_after=2024-04-24 00:00:00+00:00
[2024-04-24T05:35:43.194+0000] {processor.py:183} INFO - Processing /home/airflow/.local/lib/python3.8/site-packages/airflow/example_dags/example_branch_labels.py took 0.038 seconds
[2024-04-24T05:36:13.678+0000] {processor.py:161} INFO - Started process (PID=2888) to work on /home/airflow/.local/lib/python3.8/site-packages/airflow/example_dags/example_branch_labels.py
[2024-04-24T05:36:13.679+0000] {processor.py:830} INFO - Processing file /home/airflow/.local/lib/python3.8/site-packages/airflow/example_dags/example_branch_labels.py for tasks to queue
[2024-04-24T05:36:13.679+0000] {logging_mixin.py:188} INFO - [2024-04-24T05:36:13.679+0000] {dagbag.py:540} INFO - Filling up the DagBag from /home/airflow/.local/lib/python3.8/site-packages/airflow/example_dags/example_branch_labels.py
[2024-04-24T05:36:13.683+0000] {processor.py:840} INFO - DAG(s) 'example_branch_labels' retrieved from /home/airflow/.local/lib/python3.8/site-packages/airflow/example_dags/example_branch_labels.py
[2024-04-24T05:36:13.694+0000] {logging_mixin.py:188} INFO - [2024-04-24T05:36:13.694+0000] {dag.py:3047} INFO - Sync 1 DAGs
[2024-04-24T05:36:13.706+0000] {logging_mixin.py:188} INFO - [2024-04-24T05:36:13.706+0000] {dag.py:3834} INFO - Setting next_dagrun for example_branch_labels to 2024-04-23 00:00:00+00:00, run_after=2024-04-24 00:00:00+00:00
[2024-04-24T05:36:13.715+0000] {processor.py:183} INFO - Processing /home/airflow/.local/lib/python3.8/site-packages/airflow/example_dags/example_branch_labels.py took 0.038 seconds
[2024-04-24T05:36:44.092+0000] {processor.py:161} INFO - Started process (PID=2943) to work on /home/airflow/.local/lib/python3.8/site-packages/airflow/example_dags/example_branch_labels.py
[2024-04-24T05:36:44.093+0000] {processor.py:830} INFO - Processing file /home/airflow/.local/lib/python3.8/site-packages/airflow/example_dags/example_branch_labels.py for tasks to queue
[2024-04-24T05:36:44.093+0000] {logging_mixin.py:188} INFO - [2024-04-24T05:36:44.093+0000] {dagbag.py:540} INFO - Filling up the DagBag from /home/airflow/.local/lib/python3.8/site-packages/airflow/example_dags/example_branch_labels.py
[2024-04-24T05:36:44.098+0000] {processor.py:840} INFO - DAG(s) 'example_branch_labels' retrieved from /home/airflow/.local/lib/python3.8/site-packages/airflow/example_dags/example_branch_labels.py
[2024-04-24T05:36:44.109+0000] {logging_mixin.py:188} INFO - [2024-04-24T05:36:44.109+0000] {dag.py:3047} INFO - Sync 1 DAGs
[2024-04-24T05:36:44.121+0000] {logging_mixin.py:188} INFO - [2024-04-24T05:36:44.121+0000] {dag.py:3834} INFO - Setting next_dagrun for example_branch_labels to 2024-04-23 00:00:00+00:00, run_after=2024-04-24 00:00:00+00:00
[2024-04-24T05:36:44.130+0000] {processor.py:183} INFO - Processing /home/airflow/.local/lib/python3.8/site-packages/airflow/example_dags/example_branch_labels.py took 0.040 seconds
[2024-04-24T05:37:14.588+0000] {processor.py:161} INFO - Started process (PID=2998) to work on /home/airflow/.local/lib/python3.8/site-packages/airflow/example_dags/example_branch_labels.py
[2024-04-24T05:37:14.589+0000] {processor.py:830} INFO - Processing file /home/airflow/.local/lib/python3.8/site-packages/airflow/example_dags/example_branch_labels.py for tasks to queue
[2024-04-24T05:37:14.589+0000] {logging_mixin.py:188} INFO - [2024-04-24T05:37:14.589+0000] {dagbag.py:540} INFO - Filling up the DagBag from /home/airflow/.local/lib/python3.8/site-packages/airflow/example_dags/example_branch_labels.py
[2024-04-24T05:37:14.594+0000] {processor.py:840} INFO - DAG(s) 'example_branch_labels' retrieved from /home/airflow/.local/lib/python3.8/site-packages/airflow/example_dags/example_branch_labels.py
[2024-04-24T05:37:14.605+0000] {logging_mixin.py:188} INFO - [2024-04-24T05:37:14.605+0000] {dag.py:3047} INFO - Sync 1 DAGs
[2024-04-24T05:37:14.616+0000] {logging_mixin.py:188} INFO - [2024-04-24T05:37:14.616+0000] {dag.py:3834} INFO - Setting next_dagrun for example_branch_labels to 2024-04-23 00:00:00+00:00, run_after=2024-04-24 00:00:00+00:00
[2024-04-24T05:37:14.625+0000] {processor.py:183} INFO - Processing /home/airflow/.local/lib/python3.8/site-packages/airflow/example_dags/example_branch_labels.py took 0.038 seconds
[2024-04-24T05:37:45.260+0000] {processor.py:161} INFO - Started process (PID=3053) to work on /home/airflow/.local/lib/python3.8/site-packages/airflow/example_dags/example_branch_labels.py
[2024-04-24T05:37:45.260+0000] {processor.py:830} INFO - Processing file /home/airflow/.local/lib/python3.8/site-packages/airflow/example_dags/example_branch_labels.py for tasks to queue
[2024-04-24T05:37:45.261+0000] {logging_mixin.py:188} INFO - [2024-04-24T05:37:45.260+0000] {dagbag.py:540} INFO - Filling up the DagBag from /home/airflow/.local/lib/python3.8/site-packages/airflow/example_dags/example_branch_labels.py
[2024-04-24T05:37:45.265+0000] {processor.py:840} INFO - DAG(s) 'example_branch_labels' retrieved from /home/airflow/.local/lib/python3.8/site-packages/airflow/example_dags/example_branch_labels.py
[2024-04-24T05:37:45.276+0000] {logging_mixin.py:188} INFO - [2024-04-24T05:37:45.276+0000] {dag.py:3047} INFO - Sync 1 DAGs
[2024-04-24T05:37:45.288+0000] {logging_mixin.py:188} INFO - [2024-04-24T05:37:45.288+0000] {dag.py:3834} INFO - Setting next_dagrun for example_branch_labels to 2024-04-23 00:00:00+00:00, run_after=2024-04-24 00:00:00+00:00
[2024-04-24T05:37:45.297+0000] {processor.py:183} INFO - Processing /home/airflow/.local/lib/python3.8/site-packages/airflow/example_dags/example_branch_labels.py took 0.039 seconds
[2024-04-24T05:38:15.768+0000] {processor.py:161} INFO - Started process (PID=3108) to work on /home/airflow/.local/lib/python3.8/site-packages/airflow/example_dags/example_branch_labels.py
[2024-04-24T05:38:15.768+0000] {processor.py:830} INFO - Processing file /home/airflow/.local/lib/python3.8/site-packages/airflow/example_dags/example_branch_labels.py for tasks to queue
[2024-04-24T05:38:15.769+0000] {logging_mixin.py:188} INFO - [2024-04-24T05:38:15.769+0000] {dagbag.py:540} INFO - Filling up the DagBag from /home/airflow/.local/lib/python3.8/site-packages/airflow/example_dags/example_branch_labels.py
[2024-04-24T05:38:15.773+0000] {processor.py:840} INFO - DAG(s) 'example_branch_labels' retrieved from /home/airflow/.local/lib/python3.8/site-packages/airflow/example_dags/example_branch_labels.py
[2024-04-24T05:38:15.785+0000] {logging_mixin.py:188} INFO - [2024-04-24T05:38:15.785+0000] {dag.py:3047} INFO - Sync 1 DAGs
[2024-04-24T05:38:15.797+0000] {logging_mixin.py:188} INFO - [2024-04-24T05:38:15.797+0000] {dag.py:3834} INFO - Setting next_dagrun for example_branch_labels to 2024-04-23 00:00:00+00:00, run_after=2024-04-24 00:00:00+00:00
[2024-04-24T05:38:15.888+0000] {processor.py:183} INFO - Processing /home/airflow/.local/lib/python3.8/site-packages/airflow/example_dags/example_branch_labels.py took 0.122 seconds
[2024-04-24T05:40:50.575+0000] {processor.py:161} INFO - Started process (PID=56) to work on /home/airflow/.local/lib/python3.8/site-packages/airflow/example_dags/example_branch_labels.py
[2024-04-24T05:40:50.576+0000] {processor.py:830} INFO - Processing file /home/airflow/.local/lib/python3.8/site-packages/airflow/example_dags/example_branch_labels.py for tasks to queue
[2024-04-24T05:40:50.577+0000] {logging_mixin.py:188} INFO - [2024-04-24T05:40:50.577+0000] {dagbag.py:540} INFO - Filling up the DagBag from /home/airflow/.local/lib/python3.8/site-packages/airflow/example_dags/example_branch_labels.py
[2024-04-24T05:40:50.582+0000] {processor.py:840} INFO - DAG(s) 'example_branch_labels' retrieved from /home/airflow/.local/lib/python3.8/site-packages/airflow/example_dags/example_branch_labels.py
[2024-04-24T05:40:50.590+0000] {logging_mixin.py:188} INFO - [2024-04-24T05:40:50.589+0000] {dag.py:3047} INFO - Sync 1 DAGs
[2024-04-24T05:40:50.603+0000] {logging_mixin.py:188} INFO - [2024-04-24T05:40:50.603+0000] {dag.py:3834} INFO - Setting next_dagrun for example_branch_labels to 2024-04-23 00:00:00+00:00, run_after=2024-04-24 00:00:00+00:00
[2024-04-24T05:40:50.613+0000] {processor.py:183} INFO - Processing /home/airflow/.local/lib/python3.8/site-packages/airflow/example_dags/example_branch_labels.py took 0.040 seconds
[2024-04-24T05:41:21.179+0000] {processor.py:161} INFO - Started process (PID=111) to work on /home/airflow/.local/lib/python3.8/site-packages/airflow/example_dags/example_branch_labels.py
[2024-04-24T05:41:21.180+0000] {processor.py:830} INFO - Processing file /home/airflow/.local/lib/python3.8/site-packages/airflow/example_dags/example_branch_labels.py for tasks to queue
[2024-04-24T05:41:21.181+0000] {logging_mixin.py:188} INFO - [2024-04-24T05:41:21.181+0000] {dagbag.py:540} INFO - Filling up the DagBag from /home/airflow/.local/lib/python3.8/site-packages/airflow/example_dags/example_branch_labels.py
[2024-04-24T05:41:21.185+0000] {processor.py:840} INFO - DAG(s) 'example_branch_labels' retrieved from /home/airflow/.local/lib/python3.8/site-packages/airflow/example_dags/example_branch_labels.py
[2024-04-24T05:41:21.238+0000] {logging_mixin.py:188} INFO - [2024-04-24T05:41:21.238+0000] {dag.py:3047} INFO - Sync 1 DAGs
[2024-04-24T05:41:21.249+0000] {logging_mixin.py:188} INFO - [2024-04-24T05:41:21.249+0000] {dag.py:3834} INFO - Setting next_dagrun for example_branch_labels to 2024-04-23 00:00:00+00:00, run_after=2024-04-24 00:00:00+00:00
[2024-04-24T05:41:21.261+0000] {processor.py:183} INFO - Processing /home/airflow/.local/lib/python3.8/site-packages/airflow/example_dags/example_branch_labels.py took 0.084 seconds
