[2024-04-24T05:11:16.462+0000] {processor.py:161} INFO - Started process (PID=96) to work on /home/airflow/.local/lib/python3.8/site-packages/airflow/example_dags/example_xcomargs.py
[2024-04-24T05:11:16.463+0000] {processor.py:830} INFO - Processing file /home/airflow/.local/lib/python3.8/site-packages/airflow/example_dags/example_xcomargs.py for tasks to queue
[2024-04-24T05:11:16.464+0000] {logging_mixin.py:188} INFO - [2024-04-24T05:11:16.464+0000] {dagbag.py:540} INFO - Filling up the DagBag from /home/airflow/.local/lib/python3.8/site-packages/airflow/example_dags/example_xcomargs.py
[2024-04-24T05:11:16.469+0000] {processor.py:840} INFO - DAG(s) 'example_xcom_args_with_operators', 'example_xcom_args' retrieved from /home/airflow/.local/lib/python3.8/site-packages/airflow/example_dags/example_xcomargs.py
[2024-04-24T05:11:16.481+0000] {logging_mixin.py:188} INFO - [2024-04-24T05:11:16.481+0000] {dag.py:3047} INFO - Sync 2 DAGs
[2024-04-24T05:11:16.488+0000] {logging_mixin.py:188} INFO - [2024-04-24T05:11:16.487+0000] {dag.py:3834} INFO - Setting next_dagrun for example_xcom_args to None, run_after=None
[2024-04-24T05:11:16.490+0000] {logging_mixin.py:188} INFO - [2024-04-24T05:11:16.489+0000] {dag.py:3834} INFO - Setting next_dagrun for example_xcom_args_with_operators to None, run_after=None
[2024-04-24T05:11:16.499+0000] {processor.py:183} INFO - Processing /home/airflow/.local/lib/python3.8/site-packages/airflow/example_dags/example_xcomargs.py took 0.038 seconds
[2024-04-24T05:11:46.948+0000] {processor.py:161} INFO - Started process (PID=154) to work on /home/airflow/.local/lib/python3.8/site-packages/airflow/example_dags/example_xcomargs.py
[2024-04-24T05:11:46.948+0000] {processor.py:830} INFO - Processing file /home/airflow/.local/lib/python3.8/site-packages/airflow/example_dags/example_xcomargs.py for tasks to queue
[2024-04-24T05:11:46.949+0000] {logging_mixin.py:188} INFO - [2024-04-24T05:11:46.949+0000] {dagbag.py:540} INFO - Filling up the DagBag from /home/airflow/.local/lib/python3.8/site-packages/airflow/example_dags/example_xcomargs.py
[2024-04-24T05:11:46.954+0000] {processor.py:840} INFO - DAG(s) 'example_xcom_args', 'example_xcom_args_with_operators' retrieved from /home/airflow/.local/lib/python3.8/site-packages/airflow/example_dags/example_xcomargs.py
[2024-04-24T05:11:46.966+0000] {logging_mixin.py:188} INFO - [2024-04-24T05:11:46.965+0000] {dag.py:3047} INFO - Sync 2 DAGs
[2024-04-24T05:11:46.972+0000] {logging_mixin.py:188} INFO - [2024-04-24T05:11:46.972+0000] {dag.py:3834} INFO - Setting next_dagrun for example_xcom_args to None, run_after=None
[2024-04-24T05:11:46.974+0000] {logging_mixin.py:188} INFO - [2024-04-24T05:11:46.974+0000] {dag.py:3834} INFO - Setting next_dagrun for example_xcom_args_with_operators to None, run_after=None
[2024-04-24T05:11:46.982+0000] {processor.py:183} INFO - Processing /home/airflow/.local/lib/python3.8/site-packages/airflow/example_dags/example_xcomargs.py took 0.036 seconds
[2024-04-24T05:12:17.564+0000] {processor.py:161} INFO - Started process (PID=212) to work on /home/airflow/.local/lib/python3.8/site-packages/airflow/example_dags/example_xcomargs.py
[2024-04-24T05:12:17.564+0000] {processor.py:830} INFO - Processing file /home/airflow/.local/lib/python3.8/site-packages/airflow/example_dags/example_xcomargs.py for tasks to queue
[2024-04-24T05:12:17.565+0000] {logging_mixin.py:188} INFO - [2024-04-24T05:12:17.565+0000] {dagbag.py:540} INFO - Filling up the DagBag from /home/airflow/.local/lib/python3.8/site-packages/airflow/example_dags/example_xcomargs.py
[2024-04-24T05:12:17.570+0000] {processor.py:840} INFO - DAG(s) 'example_xcom_args', 'example_xcom_args_with_operators' retrieved from /home/airflow/.local/lib/python3.8/site-packages/airflow/example_dags/example_xcomargs.py
[2024-04-24T05:12:17.582+0000] {logging_mixin.py:188} INFO - [2024-04-24T05:12:17.582+0000] {dag.py:3047} INFO - Sync 2 DAGs
[2024-04-24T05:12:17.589+0000] {logging_mixin.py:188} INFO - [2024-04-24T05:12:17.589+0000] {dag.py:3834} INFO - Setting next_dagrun for example_xcom_args to None, run_after=None
[2024-04-24T05:12:17.591+0000] {logging_mixin.py:188} INFO - [2024-04-24T05:12:17.591+0000] {dag.py:3834} INFO - Setting next_dagrun for example_xcom_args_with_operators to None, run_after=None
[2024-04-24T05:12:17.600+0000] {processor.py:183} INFO - Processing /home/airflow/.local/lib/python3.8/site-packages/airflow/example_dags/example_xcomargs.py took 0.038 seconds
[2024-04-24T05:12:48.357+0000] {processor.py:161} INFO - Started process (PID=270) to work on /home/airflow/.local/lib/python3.8/site-packages/airflow/example_dags/example_xcomargs.py
[2024-04-24T05:12:48.358+0000] {processor.py:830} INFO - Processing file /home/airflow/.local/lib/python3.8/site-packages/airflow/example_dags/example_xcomargs.py for tasks to queue
[2024-04-24T05:12:48.360+0000] {logging_mixin.py:188} INFO - [2024-04-24T05:12:48.360+0000] {dagbag.py:540} INFO - Filling up the DagBag from /home/airflow/.local/lib/python3.8/site-packages/airflow/example_dags/example_xcomargs.py
[2024-04-24T05:12:48.364+0000] {processor.py:840} INFO - DAG(s) 'example_xcom_args_with_operators', 'example_xcom_args' retrieved from /home/airflow/.local/lib/python3.8/site-packages/airflow/example_dags/example_xcomargs.py
[2024-04-24T05:12:48.379+0000] {logging_mixin.py:188} INFO - [2024-04-24T05:12:48.379+0000] {dag.py:3047} INFO - Sync 2 DAGs
[2024-04-24T05:12:48.386+0000] {logging_mixin.py:188} INFO - [2024-04-24T05:12:48.386+0000] {dag.py:3834} INFO - Setting next_dagrun for example_xcom_args to None, run_after=None
[2024-04-24T05:12:48.388+0000] {logging_mixin.py:188} INFO - [2024-04-24T05:12:48.388+0000] {dag.py:3834} INFO - Setting next_dagrun for example_xcom_args_with_operators to None, run_after=None
[2024-04-24T05:12:48.399+0000] {processor.py:183} INFO - Processing /home/airflow/.local/lib/python3.8/site-packages/airflow/example_dags/example_xcomargs.py took 0.043 seconds
[2024-04-24T05:13:18.922+0000] {processor.py:161} INFO - Started process (PID=328) to work on /home/airflow/.local/lib/python3.8/site-packages/airflow/example_dags/example_xcomargs.py
[2024-04-24T05:13:18.922+0000] {processor.py:830} INFO - Processing file /home/airflow/.local/lib/python3.8/site-packages/airflow/example_dags/example_xcomargs.py for tasks to queue
[2024-04-24T05:13:18.923+0000] {logging_mixin.py:188} INFO - [2024-04-24T05:13:18.923+0000] {dagbag.py:540} INFO - Filling up the DagBag from /home/airflow/.local/lib/python3.8/site-packages/airflow/example_dags/example_xcomargs.py
[2024-04-24T05:13:18.927+0000] {processor.py:840} INFO - DAG(s) 'example_xcom_args_with_operators', 'example_xcom_args' retrieved from /home/airflow/.local/lib/python3.8/site-packages/airflow/example_dags/example_xcomargs.py
[2024-04-24T05:13:18.940+0000] {logging_mixin.py:188} INFO - [2024-04-24T05:13:18.940+0000] {dag.py:3047} INFO - Sync 2 DAGs
[2024-04-24T05:13:18.946+0000] {logging_mixin.py:188} INFO - [2024-04-24T05:13:18.946+0000] {dag.py:3834} INFO - Setting next_dagrun for example_xcom_args to None, run_after=None
[2024-04-24T05:13:18.948+0000] {logging_mixin.py:188} INFO - [2024-04-24T05:13:18.948+0000] {dag.py:3834} INFO - Setting next_dagrun for example_xcom_args_with_operators to None, run_after=None
[2024-04-24T05:13:18.957+0000] {processor.py:183} INFO - Processing /home/airflow/.local/lib/python3.8/site-packages/airflow/example_dags/example_xcomargs.py took 0.037 seconds
[2024-04-24T05:13:49.804+0000] {processor.py:161} INFO - Started process (PID=386) to work on /home/airflow/.local/lib/python3.8/site-packages/airflow/example_dags/example_xcomargs.py
[2024-04-24T05:13:49.805+0000] {processor.py:830} INFO - Processing file /home/airflow/.local/lib/python3.8/site-packages/airflow/example_dags/example_xcomargs.py for tasks to queue
[2024-04-24T05:13:49.806+0000] {logging_mixin.py:188} INFO - [2024-04-24T05:13:49.806+0000] {dagbag.py:540} INFO - Filling up the DagBag from /home/airflow/.local/lib/python3.8/site-packages/airflow/example_dags/example_xcomargs.py
[2024-04-24T05:13:49.810+0000] {processor.py:840} INFO - DAG(s) 'example_xcom_args_with_operators', 'example_xcom_args' retrieved from /home/airflow/.local/lib/python3.8/site-packages/airflow/example_dags/example_xcomargs.py
[2024-04-24T05:13:49.822+0000] {logging_mixin.py:188} INFO - [2024-04-24T05:13:49.822+0000] {dag.py:3047} INFO - Sync 2 DAGs
[2024-04-24T05:13:49.829+0000] {logging_mixin.py:188} INFO - [2024-04-24T05:13:49.829+0000] {dag.py:3834} INFO - Setting next_dagrun for example_xcom_args to None, run_after=None
[2024-04-24T05:13:49.831+0000] {logging_mixin.py:188} INFO - [2024-04-24T05:13:49.831+0000] {dag.py:3834} INFO - Setting next_dagrun for example_xcom_args_with_operators to None, run_after=None
[2024-04-24T05:13:49.840+0000] {processor.py:183} INFO - Processing /home/airflow/.local/lib/python3.8/site-packages/airflow/example_dags/example_xcomargs.py took 0.037 seconds
[2024-04-24T05:14:20.317+0000] {processor.py:161} INFO - Started process (PID=444) to work on /home/airflow/.local/lib/python3.8/site-packages/airflow/example_dags/example_xcomargs.py
[2024-04-24T05:14:20.317+0000] {processor.py:830} INFO - Processing file /home/airflow/.local/lib/python3.8/site-packages/airflow/example_dags/example_xcomargs.py for tasks to queue
[2024-04-24T05:14:20.319+0000] {logging_mixin.py:188} INFO - [2024-04-24T05:14:20.318+0000] {dagbag.py:540} INFO - Filling up the DagBag from /home/airflow/.local/lib/python3.8/site-packages/airflow/example_dags/example_xcomargs.py
[2024-04-24T05:14:20.323+0000] {processor.py:840} INFO - DAG(s) 'example_xcom_args_with_operators', 'example_xcom_args' retrieved from /home/airflow/.local/lib/python3.8/site-packages/airflow/example_dags/example_xcomargs.py
[2024-04-24T05:14:20.335+0000] {logging_mixin.py:188} INFO - [2024-04-24T05:14:20.335+0000] {dag.py:3047} INFO - Sync 2 DAGs
[2024-04-24T05:14:20.342+0000] {logging_mixin.py:188} INFO - [2024-04-24T05:14:20.341+0000] {dag.py:3834} INFO - Setting next_dagrun for example_xcom_args to None, run_after=None
[2024-04-24T05:14:20.343+0000] {logging_mixin.py:188} INFO - [2024-04-24T05:14:20.343+0000] {dag.py:3834} INFO - Setting next_dagrun for example_xcom_args_with_operators to None, run_after=None
[2024-04-24T05:14:20.352+0000] {processor.py:183} INFO - Processing /home/airflow/.local/lib/python3.8/site-packages/airflow/example_dags/example_xcomargs.py took 0.037 seconds
[2024-04-24T05:14:50.980+0000] {processor.py:161} INFO - Started process (PID=502) to work on /home/airflow/.local/lib/python3.8/site-packages/airflow/example_dags/example_xcomargs.py
[2024-04-24T05:14:50.980+0000] {processor.py:830} INFO - Processing file /home/airflow/.local/lib/python3.8/site-packages/airflow/example_dags/example_xcomargs.py for tasks to queue
[2024-04-24T05:14:50.981+0000] {logging_mixin.py:188} INFO - [2024-04-24T05:14:50.981+0000] {dagbag.py:540} INFO - Filling up the DagBag from /home/airflow/.local/lib/python3.8/site-packages/airflow/example_dags/example_xcomargs.py
[2024-04-24T05:14:50.986+0000] {processor.py:840} INFO - DAG(s) 'example_xcom_args_with_operators', 'example_xcom_args' retrieved from /home/airflow/.local/lib/python3.8/site-packages/airflow/example_dags/example_xcomargs.py
[2024-04-24T05:14:50.998+0000] {logging_mixin.py:188} INFO - [2024-04-24T05:14:50.998+0000] {dag.py:3047} INFO - Sync 2 DAGs
[2024-04-24T05:14:51.005+0000] {logging_mixin.py:188} INFO - [2024-04-24T05:14:51.005+0000] {dag.py:3834} INFO - Setting next_dagrun for example_xcom_args to None, run_after=None
[2024-04-24T05:14:51.007+0000] {logging_mixin.py:188} INFO - [2024-04-24T05:14:51.006+0000] {dag.py:3834} INFO - Setting next_dagrun for example_xcom_args_with_operators to None, run_after=None
[2024-04-24T05:14:51.015+0000] {processor.py:183} INFO - Processing /home/airflow/.local/lib/python3.8/site-packages/airflow/example_dags/example_xcomargs.py took 0.037 seconds
[2024-04-24T05:15:21.526+0000] {processor.py:161} INFO - Started process (PID=561) to work on /home/airflow/.local/lib/python3.8/site-packages/airflow/example_dags/example_xcomargs.py
[2024-04-24T05:15:21.526+0000] {processor.py:830} INFO - Processing file /home/airflow/.local/lib/python3.8/site-packages/airflow/example_dags/example_xcomargs.py for tasks to queue
[2024-04-24T05:15:21.527+0000] {logging_mixin.py:188} INFO - [2024-04-24T05:15:21.527+0000] {dagbag.py:540} INFO - Filling up the DagBag from /home/airflow/.local/lib/python3.8/site-packages/airflow/example_dags/example_xcomargs.py
[2024-04-24T05:15:21.532+0000] {processor.py:840} INFO - DAG(s) 'example_xcom_args_with_operators', 'example_xcom_args' retrieved from /home/airflow/.local/lib/python3.8/site-packages/airflow/example_dags/example_xcomargs.py
[2024-04-24T05:15:21.544+0000] {logging_mixin.py:188} INFO - [2024-04-24T05:15:21.544+0000] {dag.py:3047} INFO - Sync 2 DAGs
[2024-04-24T05:15:21.550+0000] {logging_mixin.py:188} INFO - [2024-04-24T05:15:21.550+0000] {dag.py:3834} INFO - Setting next_dagrun for example_xcom_args to None, run_after=None
[2024-04-24T05:15:21.552+0000] {logging_mixin.py:188} INFO - [2024-04-24T05:15:21.552+0000] {dag.py:3834} INFO - Setting next_dagrun for example_xcom_args_with_operators to None, run_after=None
[2024-04-24T05:15:21.562+0000] {processor.py:183} INFO - Processing /home/airflow/.local/lib/python3.8/site-packages/airflow/example_dags/example_xcomargs.py took 0.038 seconds
[2024-04-24T05:15:51.997+0000] {processor.py:161} INFO - Started process (PID=619) to work on /home/airflow/.local/lib/python3.8/site-packages/airflow/example_dags/example_xcomargs.py
[2024-04-24T05:15:51.998+0000] {processor.py:830} INFO - Processing file /home/airflow/.local/lib/python3.8/site-packages/airflow/example_dags/example_xcomargs.py for tasks to queue
[2024-04-24T05:15:51.999+0000] {logging_mixin.py:188} INFO - [2024-04-24T05:15:51.999+0000] {dagbag.py:540} INFO - Filling up the DagBag from /home/airflow/.local/lib/python3.8/site-packages/airflow/example_dags/example_xcomargs.py
[2024-04-24T05:15:52.003+0000] {processor.py:840} INFO - DAG(s) 'example_xcom_args', 'example_xcom_args_with_operators' retrieved from /home/airflow/.local/lib/python3.8/site-packages/airflow/example_dags/example_xcomargs.py
[2024-04-24T05:15:52.015+0000] {logging_mixin.py:188} INFO - [2024-04-24T05:15:52.015+0000] {dag.py:3047} INFO - Sync 2 DAGs
[2024-04-24T05:15:52.022+0000] {logging_mixin.py:188} INFO - [2024-04-24T05:15:52.022+0000] {dag.py:3834} INFO - Setting next_dagrun for example_xcom_args to None, run_after=None
[2024-04-24T05:15:52.023+0000] {logging_mixin.py:188} INFO - [2024-04-24T05:15:52.023+0000] {dag.py:3834} INFO - Setting next_dagrun for example_xcom_args_with_operators to None, run_after=None
[2024-04-24T05:15:52.032+0000] {processor.py:183} INFO - Processing /home/airflow/.local/lib/python3.8/site-packages/airflow/example_dags/example_xcomargs.py took 0.037 seconds
[2024-04-24T05:16:22.544+0000] {processor.py:161} INFO - Started process (PID=677) to work on /home/airflow/.local/lib/python3.8/site-packages/airflow/example_dags/example_xcomargs.py
[2024-04-24T05:16:22.545+0000] {processor.py:830} INFO - Processing file /home/airflow/.local/lib/python3.8/site-packages/airflow/example_dags/example_xcomargs.py for tasks to queue
[2024-04-24T05:16:22.546+0000] {logging_mixin.py:188} INFO - [2024-04-24T05:16:22.546+0000] {dagbag.py:540} INFO - Filling up the DagBag from /home/airflow/.local/lib/python3.8/site-packages/airflow/example_dags/example_xcomargs.py
[2024-04-24T05:16:22.550+0000] {processor.py:840} INFO - DAG(s) 'example_xcom_args_with_operators', 'example_xcom_args' retrieved from /home/airflow/.local/lib/python3.8/site-packages/airflow/example_dags/example_xcomargs.py
[2024-04-24T05:16:22.563+0000] {logging_mixin.py:188} INFO - [2024-04-24T05:16:22.563+0000] {dag.py:3047} INFO - Sync 2 DAGs
[2024-04-24T05:16:22.570+0000] {logging_mixin.py:188} INFO - [2024-04-24T05:16:22.569+0000] {dag.py:3834} INFO - Setting next_dagrun for example_xcom_args to None, run_after=None
[2024-04-24T05:16:22.572+0000] {logging_mixin.py:188} INFO - [2024-04-24T05:16:22.571+0000] {dag.py:3834} INFO - Setting next_dagrun for example_xcom_args_with_operators to None, run_after=None
[2024-04-24T05:16:22.581+0000] {processor.py:183} INFO - Processing /home/airflow/.local/lib/python3.8/site-packages/airflow/example_dags/example_xcomargs.py took 0.038 seconds
[2024-04-24T05:16:53.081+0000] {processor.py:161} INFO - Started process (PID=735) to work on /home/airflow/.local/lib/python3.8/site-packages/airflow/example_dags/example_xcomargs.py
[2024-04-24T05:16:53.082+0000] {processor.py:830} INFO - Processing file /home/airflow/.local/lib/python3.8/site-packages/airflow/example_dags/example_xcomargs.py for tasks to queue
[2024-04-24T05:16:53.083+0000] {logging_mixin.py:188} INFO - [2024-04-24T05:16:53.083+0000] {dagbag.py:540} INFO - Filling up the DagBag from /home/airflow/.local/lib/python3.8/site-packages/airflow/example_dags/example_xcomargs.py
[2024-04-24T05:16:53.087+0000] {processor.py:840} INFO - DAG(s) 'example_xcom_args', 'example_xcom_args_with_operators' retrieved from /home/airflow/.local/lib/python3.8/site-packages/airflow/example_dags/example_xcomargs.py
[2024-04-24T05:16:53.100+0000] {logging_mixin.py:188} INFO - [2024-04-24T05:16:53.100+0000] {dag.py:3047} INFO - Sync 2 DAGs
[2024-04-24T05:16:53.106+0000] {logging_mixin.py:188} INFO - [2024-04-24T05:16:53.106+0000] {dag.py:3834} INFO - Setting next_dagrun for example_xcom_args to None, run_after=None
[2024-04-24T05:16:53.108+0000] {logging_mixin.py:188} INFO - [2024-04-24T05:16:53.108+0000] {dag.py:3834} INFO - Setting next_dagrun for example_xcom_args_with_operators to None, run_after=None
[2024-04-24T05:16:53.117+0000] {processor.py:183} INFO - Processing /home/airflow/.local/lib/python3.8/site-packages/airflow/example_dags/example_xcomargs.py took 0.038 seconds
[2024-04-24T05:17:23.623+0000] {processor.py:161} INFO - Started process (PID=793) to work on /home/airflow/.local/lib/python3.8/site-packages/airflow/example_dags/example_xcomargs.py
[2024-04-24T05:17:23.623+0000] {processor.py:830} INFO - Processing file /home/airflow/.local/lib/python3.8/site-packages/airflow/example_dags/example_xcomargs.py for tasks to queue
[2024-04-24T05:17:23.624+0000] {logging_mixin.py:188} INFO - [2024-04-24T05:17:23.624+0000] {dagbag.py:540} INFO - Filling up the DagBag from /home/airflow/.local/lib/python3.8/site-packages/airflow/example_dags/example_xcomargs.py
[2024-04-24T05:17:23.629+0000] {processor.py:840} INFO - DAG(s) 'example_xcom_args_with_operators', 'example_xcom_args' retrieved from /home/airflow/.local/lib/python3.8/site-packages/airflow/example_dags/example_xcomargs.py
[2024-04-24T05:17:23.642+0000] {logging_mixin.py:188} INFO - [2024-04-24T05:17:23.642+0000] {dag.py:3047} INFO - Sync 2 DAGs
[2024-04-24T05:17:23.649+0000] {logging_mixin.py:188} INFO - [2024-04-24T05:17:23.648+0000] {dag.py:3834} INFO - Setting next_dagrun for example_xcom_args to None, run_after=None
[2024-04-24T05:17:23.650+0000] {logging_mixin.py:188} INFO - [2024-04-24T05:17:23.650+0000] {dag.py:3834} INFO - Setting next_dagrun for example_xcom_args_with_operators to None, run_after=None
[2024-04-24T05:17:23.660+0000] {processor.py:183} INFO - Processing /home/airflow/.local/lib/python3.8/site-packages/airflow/example_dags/example_xcomargs.py took 0.039 seconds
[2024-04-24T05:17:54.227+0000] {processor.py:161} INFO - Started process (PID=851) to work on /home/airflow/.local/lib/python3.8/site-packages/airflow/example_dags/example_xcomargs.py
[2024-04-24T05:17:54.228+0000] {processor.py:830} INFO - Processing file /home/airflow/.local/lib/python3.8/site-packages/airflow/example_dags/example_xcomargs.py for tasks to queue
[2024-04-24T05:17:54.229+0000] {logging_mixin.py:188} INFO - [2024-04-24T05:17:54.229+0000] {dagbag.py:540} INFO - Filling up the DagBag from /home/airflow/.local/lib/python3.8/site-packages/airflow/example_dags/example_xcomargs.py
[2024-04-24T05:17:54.234+0000] {processor.py:840} INFO - DAG(s) 'example_xcom_args_with_operators', 'example_xcom_args' retrieved from /home/airflow/.local/lib/python3.8/site-packages/airflow/example_dags/example_xcomargs.py
[2024-04-24T05:17:54.247+0000] {logging_mixin.py:188} INFO - [2024-04-24T05:17:54.246+0000] {dag.py:3047} INFO - Sync 2 DAGs
[2024-04-24T05:17:54.253+0000] {logging_mixin.py:188} INFO - [2024-04-24T05:17:54.253+0000] {dag.py:3834} INFO - Setting next_dagrun for example_xcom_args to None, run_after=None
[2024-04-24T05:17:54.255+0000] {logging_mixin.py:188} INFO - [2024-04-24T05:17:54.255+0000] {dag.py:3834} INFO - Setting next_dagrun for example_xcom_args_with_operators to None, run_after=None
[2024-04-24T05:17:54.264+0000] {processor.py:183} INFO - Processing /home/airflow/.local/lib/python3.8/site-packages/airflow/example_dags/example_xcomargs.py took 0.039 seconds
[2024-04-24T05:18:25.015+0000] {processor.py:161} INFO - Started process (PID=909) to work on /home/airflow/.local/lib/python3.8/site-packages/airflow/example_dags/example_xcomargs.py
[2024-04-24T05:18:25.016+0000] {processor.py:830} INFO - Processing file /home/airflow/.local/lib/python3.8/site-packages/airflow/example_dags/example_xcomargs.py for tasks to queue
[2024-04-24T05:18:25.017+0000] {logging_mixin.py:188} INFO - [2024-04-24T05:18:25.016+0000] {dagbag.py:540} INFO - Filling up the DagBag from /home/airflow/.local/lib/python3.8/site-packages/airflow/example_dags/example_xcomargs.py
[2024-04-24T05:18:25.021+0000] {processor.py:840} INFO - DAG(s) 'example_xcom_args', 'example_xcom_args_with_operators' retrieved from /home/airflow/.local/lib/python3.8/site-packages/airflow/example_dags/example_xcomargs.py
[2024-04-24T05:18:25.033+0000] {logging_mixin.py:188} INFO - [2024-04-24T05:18:25.033+0000] {dag.py:3047} INFO - Sync 2 DAGs
[2024-04-24T05:18:25.040+0000] {logging_mixin.py:188} INFO - [2024-04-24T05:18:25.040+0000] {dag.py:3834} INFO - Setting next_dagrun for example_xcom_args to None, run_after=None
[2024-04-24T05:18:25.042+0000] {logging_mixin.py:188} INFO - [2024-04-24T05:18:25.042+0000] {dag.py:3834} INFO - Setting next_dagrun for example_xcom_args_with_operators to None, run_after=None
[2024-04-24T05:18:25.051+0000] {processor.py:183} INFO - Processing /home/airflow/.local/lib/python3.8/site-packages/airflow/example_dags/example_xcomargs.py took 0.038 seconds
[2024-04-24T05:18:55.489+0000] {processor.py:161} INFO - Started process (PID=967) to work on /home/airflow/.local/lib/python3.8/site-packages/airflow/example_dags/example_xcomargs.py
[2024-04-24T05:18:55.489+0000] {processor.py:830} INFO - Processing file /home/airflow/.local/lib/python3.8/site-packages/airflow/example_dags/example_xcomargs.py for tasks to queue
[2024-04-24T05:18:55.490+0000] {logging_mixin.py:188} INFO - [2024-04-24T05:18:55.490+0000] {dagbag.py:540} INFO - Filling up the DagBag from /home/airflow/.local/lib/python3.8/site-packages/airflow/example_dags/example_xcomargs.py
[2024-04-24T05:18:55.495+0000] {processor.py:840} INFO - DAG(s) 'example_xcom_args_with_operators', 'example_xcom_args' retrieved from /home/airflow/.local/lib/python3.8/site-packages/airflow/example_dags/example_xcomargs.py
[2024-04-24T05:18:55.507+0000] {logging_mixin.py:188} INFO - [2024-04-24T05:18:55.507+0000] {dag.py:3047} INFO - Sync 2 DAGs
[2024-04-24T05:18:55.514+0000] {logging_mixin.py:188} INFO - [2024-04-24T05:18:55.514+0000] {dag.py:3834} INFO - Setting next_dagrun for example_xcom_args to None, run_after=None
[2024-04-24T05:18:55.516+0000] {logging_mixin.py:188} INFO - [2024-04-24T05:18:55.516+0000] {dag.py:3834} INFO - Setting next_dagrun for example_xcom_args_with_operators to None, run_after=None
[2024-04-24T05:18:55.524+0000] {processor.py:183} INFO - Processing /home/airflow/.local/lib/python3.8/site-packages/airflow/example_dags/example_xcomargs.py took 0.037 seconds
[2024-04-24T05:19:26.112+0000] {processor.py:161} INFO - Started process (PID=1025) to work on /home/airflow/.local/lib/python3.8/site-packages/airflow/example_dags/example_xcomargs.py
[2024-04-24T05:19:26.113+0000] {processor.py:830} INFO - Processing file /home/airflow/.local/lib/python3.8/site-packages/airflow/example_dags/example_xcomargs.py for tasks to queue
[2024-04-24T05:19:26.114+0000] {logging_mixin.py:188} INFO - [2024-04-24T05:19:26.114+0000] {dagbag.py:540} INFO - Filling up the DagBag from /home/airflow/.local/lib/python3.8/site-packages/airflow/example_dags/example_xcomargs.py
[2024-04-24T05:19:26.118+0000] {processor.py:840} INFO - DAG(s) 'example_xcom_args_with_operators', 'example_xcom_args' retrieved from /home/airflow/.local/lib/python3.8/site-packages/airflow/example_dags/example_xcomargs.py
[2024-04-24T05:19:26.130+0000] {logging_mixin.py:188} INFO - [2024-04-24T05:19:26.130+0000] {dag.py:3047} INFO - Sync 2 DAGs
[2024-04-24T05:19:26.137+0000] {logging_mixin.py:188} INFO - [2024-04-24T05:19:26.137+0000] {dag.py:3834} INFO - Setting next_dagrun for example_xcom_args to None, run_after=None
[2024-04-24T05:19:26.139+0000] {logging_mixin.py:188} INFO - [2024-04-24T05:19:26.139+0000] {dag.py:3834} INFO - Setting next_dagrun for example_xcom_args_with_operators to None, run_after=None
[2024-04-24T05:19:26.147+0000] {processor.py:183} INFO - Processing /home/airflow/.local/lib/python3.8/site-packages/airflow/example_dags/example_xcomargs.py took 0.037 seconds
[2024-04-24T05:19:56.625+0000] {processor.py:161} INFO - Started process (PID=1083) to work on /home/airflow/.local/lib/python3.8/site-packages/airflow/example_dags/example_xcomargs.py
[2024-04-24T05:19:56.626+0000] {processor.py:830} INFO - Processing file /home/airflow/.local/lib/python3.8/site-packages/airflow/example_dags/example_xcomargs.py for tasks to queue
[2024-04-24T05:19:56.627+0000] {logging_mixin.py:188} INFO - [2024-04-24T05:19:56.627+0000] {dagbag.py:540} INFO - Filling up the DagBag from /home/airflow/.local/lib/python3.8/site-packages/airflow/example_dags/example_xcomargs.py
[2024-04-24T05:19:56.632+0000] {processor.py:840} INFO - DAG(s) 'example_xcom_args_with_operators', 'example_xcom_args' retrieved from /home/airflow/.local/lib/python3.8/site-packages/airflow/example_dags/example_xcomargs.py
[2024-04-24T05:19:56.644+0000] {logging_mixin.py:188} INFO - [2024-04-24T05:19:56.644+0000] {dag.py:3047} INFO - Sync 2 DAGs
[2024-04-24T05:19:56.651+0000] {logging_mixin.py:188} INFO - [2024-04-24T05:19:56.651+0000] {dag.py:3834} INFO - Setting next_dagrun for example_xcom_args to None, run_after=None
[2024-04-24T05:19:56.653+0000] {logging_mixin.py:188} INFO - [2024-04-24T05:19:56.653+0000] {dag.py:3834} INFO - Setting next_dagrun for example_xcom_args_with_operators to None, run_after=None
[2024-04-24T05:19:56.661+0000] {processor.py:183} INFO - Processing /home/airflow/.local/lib/python3.8/site-packages/airflow/example_dags/example_xcomargs.py took 0.038 seconds
[2024-04-24T05:20:27.272+0000] {processor.py:161} INFO - Started process (PID=1141) to work on /home/airflow/.local/lib/python3.8/site-packages/airflow/example_dags/example_xcomargs.py
[2024-04-24T05:20:27.273+0000] {processor.py:830} INFO - Processing file /home/airflow/.local/lib/python3.8/site-packages/airflow/example_dags/example_xcomargs.py for tasks to queue
[2024-04-24T05:20:27.274+0000] {logging_mixin.py:188} INFO - [2024-04-24T05:20:27.274+0000] {dagbag.py:540} INFO - Filling up the DagBag from /home/airflow/.local/lib/python3.8/site-packages/airflow/example_dags/example_xcomargs.py
[2024-04-24T05:20:27.278+0000] {processor.py:840} INFO - DAG(s) 'example_xcom_args_with_operators', 'example_xcom_args' retrieved from /home/airflow/.local/lib/python3.8/site-packages/airflow/example_dags/example_xcomargs.py
[2024-04-24T05:20:27.290+0000] {logging_mixin.py:188} INFO - [2024-04-24T05:20:27.290+0000] {dag.py:3047} INFO - Sync 2 DAGs
[2024-04-24T05:20:27.296+0000] {logging_mixin.py:188} INFO - [2024-04-24T05:20:27.296+0000] {dag.py:3834} INFO - Setting next_dagrun for example_xcom_args to None, run_after=None
[2024-04-24T05:20:27.298+0000] {logging_mixin.py:188} INFO - [2024-04-24T05:20:27.298+0000] {dag.py:3834} INFO - Setting next_dagrun for example_xcom_args_with_operators to None, run_after=None
[2024-04-24T05:20:27.307+0000] {processor.py:183} INFO - Processing /home/airflow/.local/lib/python3.8/site-packages/airflow/example_dags/example_xcomargs.py took 0.037 seconds
[2024-04-24T05:20:57.757+0000] {processor.py:161} INFO - Started process (PID=1199) to work on /home/airflow/.local/lib/python3.8/site-packages/airflow/example_dags/example_xcomargs.py
[2024-04-24T05:20:57.757+0000] {processor.py:830} INFO - Processing file /home/airflow/.local/lib/python3.8/site-packages/airflow/example_dags/example_xcomargs.py for tasks to queue
[2024-04-24T05:20:57.759+0000] {logging_mixin.py:188} INFO - [2024-04-24T05:20:57.758+0000] {dagbag.py:540} INFO - Filling up the DagBag from /home/airflow/.local/lib/python3.8/site-packages/airflow/example_dags/example_xcomargs.py
[2024-04-24T05:20:57.763+0000] {processor.py:840} INFO - DAG(s) 'example_xcom_args', 'example_xcom_args_with_operators' retrieved from /home/airflow/.local/lib/python3.8/site-packages/airflow/example_dags/example_xcomargs.py
[2024-04-24T05:20:57.775+0000] {logging_mixin.py:188} INFO - [2024-04-24T05:20:57.775+0000] {dag.py:3047} INFO - Sync 2 DAGs
[2024-04-24T05:20:57.781+0000] {logging_mixin.py:188} INFO - [2024-04-24T05:20:57.781+0000] {dag.py:3834} INFO - Setting next_dagrun for example_xcom_args to None, run_after=None
[2024-04-24T05:20:57.783+0000] {logging_mixin.py:188} INFO - [2024-04-24T05:20:57.783+0000] {dag.py:3834} INFO - Setting next_dagrun for example_xcom_args_with_operators to None, run_after=None
[2024-04-24T05:20:57.792+0000] {processor.py:183} INFO - Processing /home/airflow/.local/lib/python3.8/site-packages/airflow/example_dags/example_xcomargs.py took 0.037 seconds
[2024-04-24T05:21:28.278+0000] {processor.py:161} INFO - Started process (PID=1257) to work on /home/airflow/.local/lib/python3.8/site-packages/airflow/example_dags/example_xcomargs.py
[2024-04-24T05:21:28.279+0000] {processor.py:830} INFO - Processing file /home/airflow/.local/lib/python3.8/site-packages/airflow/example_dags/example_xcomargs.py for tasks to queue
[2024-04-24T05:21:28.280+0000] {logging_mixin.py:188} INFO - [2024-04-24T05:21:28.279+0000] {dagbag.py:540} INFO - Filling up the DagBag from /home/airflow/.local/lib/python3.8/site-packages/airflow/example_dags/example_xcomargs.py
[2024-04-24T05:21:28.284+0000] {processor.py:840} INFO - DAG(s) 'example_xcom_args', 'example_xcom_args_with_operators' retrieved from /home/airflow/.local/lib/python3.8/site-packages/airflow/example_dags/example_xcomargs.py
[2024-04-24T05:21:28.296+0000] {logging_mixin.py:188} INFO - [2024-04-24T05:21:28.296+0000] {dag.py:3047} INFO - Sync 2 DAGs
[2024-04-24T05:21:28.302+0000] {logging_mixin.py:188} INFO - [2024-04-24T05:21:28.302+0000] {dag.py:3834} INFO - Setting next_dagrun for example_xcom_args to None, run_after=None
[2024-04-24T05:21:28.304+0000] {logging_mixin.py:188} INFO - [2024-04-24T05:21:28.304+0000] {dag.py:3834} INFO - Setting next_dagrun for example_xcom_args_with_operators to None, run_after=None
[2024-04-24T05:21:28.313+0000] {processor.py:183} INFO - Processing /home/airflow/.local/lib/python3.8/site-packages/airflow/example_dags/example_xcomargs.py took 0.037 seconds
[2024-04-24T05:21:58.749+0000] {processor.py:161} INFO - Started process (PID=1315) to work on /home/airflow/.local/lib/python3.8/site-packages/airflow/example_dags/example_xcomargs.py
[2024-04-24T05:21:58.750+0000] {processor.py:830} INFO - Processing file /home/airflow/.local/lib/python3.8/site-packages/airflow/example_dags/example_xcomargs.py for tasks to queue
[2024-04-24T05:21:58.751+0000] {logging_mixin.py:188} INFO - [2024-04-24T05:21:58.751+0000] {dagbag.py:540} INFO - Filling up the DagBag from /home/airflow/.local/lib/python3.8/site-packages/airflow/example_dags/example_xcomargs.py
[2024-04-24T05:21:58.755+0000] {processor.py:840} INFO - DAG(s) 'example_xcom_args_with_operators', 'example_xcom_args' retrieved from /home/airflow/.local/lib/python3.8/site-packages/airflow/example_dags/example_xcomargs.py
[2024-04-24T05:21:58.767+0000] {logging_mixin.py:188} INFO - [2024-04-24T05:21:58.767+0000] {dag.py:3047} INFO - Sync 2 DAGs
[2024-04-24T05:21:58.774+0000] {logging_mixin.py:188} INFO - [2024-04-24T05:21:58.773+0000] {dag.py:3834} INFO - Setting next_dagrun for example_xcom_args to None, run_after=None
[2024-04-24T05:21:58.776+0000] {logging_mixin.py:188} INFO - [2024-04-24T05:21:58.776+0000] {dag.py:3834} INFO - Setting next_dagrun for example_xcom_args_with_operators to None, run_after=None
[2024-04-24T05:21:58.784+0000] {processor.py:183} INFO - Processing /home/airflow/.local/lib/python3.8/site-packages/airflow/example_dags/example_xcomargs.py took 0.037 seconds
[2024-04-24T05:22:29.289+0000] {processor.py:161} INFO - Started process (PID=1373) to work on /home/airflow/.local/lib/python3.8/site-packages/airflow/example_dags/example_xcomargs.py
[2024-04-24T05:22:29.289+0000] {processor.py:830} INFO - Processing file /home/airflow/.local/lib/python3.8/site-packages/airflow/example_dags/example_xcomargs.py for tasks to queue
[2024-04-24T05:22:29.290+0000] {logging_mixin.py:188} INFO - [2024-04-24T05:22:29.290+0000] {dagbag.py:540} INFO - Filling up the DagBag from /home/airflow/.local/lib/python3.8/site-packages/airflow/example_dags/example_xcomargs.py
[2024-04-24T05:22:29.294+0000] {processor.py:840} INFO - DAG(s) 'example_xcom_args_with_operators', 'example_xcom_args' retrieved from /home/airflow/.local/lib/python3.8/site-packages/airflow/example_dags/example_xcomargs.py
[2024-04-24T05:22:29.306+0000] {logging_mixin.py:188} INFO - [2024-04-24T05:22:29.306+0000] {dag.py:3047} INFO - Sync 2 DAGs
[2024-04-24T05:22:29.313+0000] {logging_mixin.py:188} INFO - [2024-04-24T05:22:29.312+0000] {dag.py:3834} INFO - Setting next_dagrun for example_xcom_args to None, run_after=None
[2024-04-24T05:22:29.314+0000] {logging_mixin.py:188} INFO - [2024-04-24T05:22:29.314+0000] {dag.py:3834} INFO - Setting next_dagrun for example_xcom_args_with_operators to None, run_after=None
[2024-04-24T05:22:29.323+0000] {processor.py:183} INFO - Processing /home/airflow/.local/lib/python3.8/site-packages/airflow/example_dags/example_xcomargs.py took 0.036 seconds
[2024-04-24T05:22:59.756+0000] {processor.py:161} INFO - Started process (PID=1431) to work on /home/airflow/.local/lib/python3.8/site-packages/airflow/example_dags/example_xcomargs.py
[2024-04-24T05:22:59.756+0000] {processor.py:830} INFO - Processing file /home/airflow/.local/lib/python3.8/site-packages/airflow/example_dags/example_xcomargs.py for tasks to queue
[2024-04-24T05:22:59.758+0000] {logging_mixin.py:188} INFO - [2024-04-24T05:22:59.757+0000] {dagbag.py:540} INFO - Filling up the DagBag from /home/airflow/.local/lib/python3.8/site-packages/airflow/example_dags/example_xcomargs.py
[2024-04-24T05:22:59.762+0000] {processor.py:840} INFO - DAG(s) 'example_xcom_args_with_operators', 'example_xcom_args' retrieved from /home/airflow/.local/lib/python3.8/site-packages/airflow/example_dags/example_xcomargs.py
[2024-04-24T05:22:59.774+0000] {logging_mixin.py:188} INFO - [2024-04-24T05:22:59.774+0000] {dag.py:3047} INFO - Sync 2 DAGs
[2024-04-24T05:22:59.780+0000] {logging_mixin.py:188} INFO - [2024-04-24T05:22:59.780+0000] {dag.py:3834} INFO - Setting next_dagrun for example_xcom_args to None, run_after=None
[2024-04-24T05:22:59.782+0000] {logging_mixin.py:188} INFO - [2024-04-24T05:22:59.782+0000] {dag.py:3834} INFO - Setting next_dagrun for example_xcom_args_with_operators to None, run_after=None
[2024-04-24T05:22:59.792+0000] {processor.py:183} INFO - Processing /home/airflow/.local/lib/python3.8/site-packages/airflow/example_dags/example_xcomargs.py took 0.037 seconds
[2024-04-24T05:23:30.268+0000] {processor.py:161} INFO - Started process (PID=1489) to work on /home/airflow/.local/lib/python3.8/site-packages/airflow/example_dags/example_xcomargs.py
[2024-04-24T05:23:30.268+0000] {processor.py:830} INFO - Processing file /home/airflow/.local/lib/python3.8/site-packages/airflow/example_dags/example_xcomargs.py for tasks to queue
[2024-04-24T05:23:30.269+0000] {logging_mixin.py:188} INFO - [2024-04-24T05:23:30.269+0000] {dagbag.py:540} INFO - Filling up the DagBag from /home/airflow/.local/lib/python3.8/site-packages/airflow/example_dags/example_xcomargs.py
[2024-04-24T05:23:30.273+0000] {processor.py:840} INFO - DAG(s) 'example_xcom_args', 'example_xcom_args_with_operators' retrieved from /home/airflow/.local/lib/python3.8/site-packages/airflow/example_dags/example_xcomargs.py
[2024-04-24T05:23:30.285+0000] {logging_mixin.py:188} INFO - [2024-04-24T05:23:30.285+0000] {dag.py:3047} INFO - Sync 2 DAGs
[2024-04-24T05:23:30.292+0000] {logging_mixin.py:188} INFO - [2024-04-24T05:23:30.292+0000] {dag.py:3834} INFO - Setting next_dagrun for example_xcom_args to None, run_after=None
[2024-04-24T05:23:30.294+0000] {logging_mixin.py:188} INFO - [2024-04-24T05:23:30.293+0000] {dag.py:3834} INFO - Setting next_dagrun for example_xcom_args_with_operators to None, run_after=None
[2024-04-24T05:23:30.302+0000] {processor.py:183} INFO - Processing /home/airflow/.local/lib/python3.8/site-packages/airflow/example_dags/example_xcomargs.py took 0.036 seconds
[2024-04-24T05:24:00.772+0000] {processor.py:161} INFO - Started process (PID=1547) to work on /home/airflow/.local/lib/python3.8/site-packages/airflow/example_dags/example_xcomargs.py
[2024-04-24T05:24:00.773+0000] {processor.py:830} INFO - Processing file /home/airflow/.local/lib/python3.8/site-packages/airflow/example_dags/example_xcomargs.py for tasks to queue
[2024-04-24T05:24:00.774+0000] {logging_mixin.py:188} INFO - [2024-04-24T05:24:00.773+0000] {dagbag.py:540} INFO - Filling up the DagBag from /home/airflow/.local/lib/python3.8/site-packages/airflow/example_dags/example_xcomargs.py
[2024-04-24T05:24:00.778+0000] {processor.py:840} INFO - DAG(s) 'example_xcom_args_with_operators', 'example_xcom_args' retrieved from /home/airflow/.local/lib/python3.8/site-packages/airflow/example_dags/example_xcomargs.py
[2024-04-24T05:24:00.790+0000] {logging_mixin.py:188} INFO - [2024-04-24T05:24:00.790+0000] {dag.py:3047} INFO - Sync 2 DAGs
[2024-04-24T05:24:00.796+0000] {logging_mixin.py:188} INFO - [2024-04-24T05:24:00.796+0000] {dag.py:3834} INFO - Setting next_dagrun for example_xcom_args to None, run_after=None
[2024-04-24T05:24:00.798+0000] {logging_mixin.py:188} INFO - [2024-04-24T05:24:00.798+0000] {dag.py:3834} INFO - Setting next_dagrun for example_xcom_args_with_operators to None, run_after=None
[2024-04-24T05:24:00.807+0000] {processor.py:183} INFO - Processing /home/airflow/.local/lib/python3.8/site-packages/airflow/example_dags/example_xcomargs.py took 0.036 seconds
[2024-04-24T05:24:31.231+0000] {processor.py:161} INFO - Started process (PID=1605) to work on /home/airflow/.local/lib/python3.8/site-packages/airflow/example_dags/example_xcomargs.py
[2024-04-24T05:24:31.232+0000] {processor.py:830} INFO - Processing file /home/airflow/.local/lib/python3.8/site-packages/airflow/example_dags/example_xcomargs.py for tasks to queue
[2024-04-24T05:24:31.233+0000] {logging_mixin.py:188} INFO - [2024-04-24T05:24:31.233+0000] {dagbag.py:540} INFO - Filling up the DagBag from /home/airflow/.local/lib/python3.8/site-packages/airflow/example_dags/example_xcomargs.py
[2024-04-24T05:24:31.237+0000] {processor.py:840} INFO - DAG(s) 'example_xcom_args', 'example_xcom_args_with_operators' retrieved from /home/airflow/.local/lib/python3.8/site-packages/airflow/example_dags/example_xcomargs.py
[2024-04-24T05:24:31.249+0000] {logging_mixin.py:188} INFO - [2024-04-24T05:24:31.249+0000] {dag.py:3047} INFO - Sync 2 DAGs
[2024-04-24T05:24:31.256+0000] {logging_mixin.py:188} INFO - [2024-04-24T05:24:31.256+0000] {dag.py:3834} INFO - Setting next_dagrun for example_xcom_args to None, run_after=None
[2024-04-24T05:24:31.258+0000] {logging_mixin.py:188} INFO - [2024-04-24T05:24:31.257+0000] {dag.py:3834} INFO - Setting next_dagrun for example_xcom_args_with_operators to None, run_after=None
[2024-04-24T05:24:31.266+0000] {processor.py:183} INFO - Processing /home/airflow/.local/lib/python3.8/site-packages/airflow/example_dags/example_xcomargs.py took 0.036 seconds
[2024-04-24T05:25:01.701+0000] {processor.py:161} INFO - Started process (PID=1663) to work on /home/airflow/.local/lib/python3.8/site-packages/airflow/example_dags/example_xcomargs.py
[2024-04-24T05:25:01.702+0000] {processor.py:830} INFO - Processing file /home/airflow/.local/lib/python3.8/site-packages/airflow/example_dags/example_xcomargs.py for tasks to queue
[2024-04-24T05:25:01.703+0000] {logging_mixin.py:188} INFO - [2024-04-24T05:25:01.703+0000] {dagbag.py:540} INFO - Filling up the DagBag from /home/airflow/.local/lib/python3.8/site-packages/airflow/example_dags/example_xcomargs.py
[2024-04-24T05:25:01.707+0000] {processor.py:840} INFO - DAG(s) 'example_xcom_args', 'example_xcom_args_with_operators' retrieved from /home/airflow/.local/lib/python3.8/site-packages/airflow/example_dags/example_xcomargs.py
[2024-04-24T05:25:01.719+0000] {logging_mixin.py:188} INFO - [2024-04-24T05:25:01.719+0000] {dag.py:3047} INFO - Sync 2 DAGs
[2024-04-24T05:25:01.726+0000] {logging_mixin.py:188} INFO - [2024-04-24T05:25:01.726+0000] {dag.py:3834} INFO - Setting next_dagrun for example_xcom_args to None, run_after=None
[2024-04-24T05:25:01.728+0000] {logging_mixin.py:188} INFO - [2024-04-24T05:25:01.728+0000] {dag.py:3834} INFO - Setting next_dagrun for example_xcom_args_with_operators to None, run_after=None
[2024-04-24T05:25:01.736+0000] {processor.py:183} INFO - Processing /home/airflow/.local/lib/python3.8/site-packages/airflow/example_dags/example_xcomargs.py took 0.037 seconds
[2024-04-24T05:25:32.146+0000] {processor.py:161} INFO - Started process (PID=1721) to work on /home/airflow/.local/lib/python3.8/site-packages/airflow/example_dags/example_xcomargs.py
[2024-04-24T05:25:32.146+0000] {processor.py:830} INFO - Processing file /home/airflow/.local/lib/python3.8/site-packages/airflow/example_dags/example_xcomargs.py for tasks to queue
[2024-04-24T05:25:32.147+0000] {logging_mixin.py:188} INFO - [2024-04-24T05:25:32.147+0000] {dagbag.py:540} INFO - Filling up the DagBag from /home/airflow/.local/lib/python3.8/site-packages/airflow/example_dags/example_xcomargs.py
[2024-04-24T05:25:32.151+0000] {processor.py:840} INFO - DAG(s) 'example_xcom_args', 'example_xcom_args_with_operators' retrieved from /home/airflow/.local/lib/python3.8/site-packages/airflow/example_dags/example_xcomargs.py
[2024-04-24T05:25:32.163+0000] {logging_mixin.py:188} INFO - [2024-04-24T05:25:32.163+0000] {dag.py:3047} INFO - Sync 2 DAGs
[2024-04-24T05:25:32.170+0000] {logging_mixin.py:188} INFO - [2024-04-24T05:25:32.170+0000] {dag.py:3834} INFO - Setting next_dagrun for example_xcom_args to None, run_after=None
[2024-04-24T05:25:32.172+0000] {logging_mixin.py:188} INFO - [2024-04-24T05:25:32.171+0000] {dag.py:3834} INFO - Setting next_dagrun for example_xcom_args_with_operators to None, run_after=None
[2024-04-24T05:25:32.180+0000] {processor.py:183} INFO - Processing /home/airflow/.local/lib/python3.8/site-packages/airflow/example_dags/example_xcomargs.py took 0.036 seconds
[2024-04-24T05:26:02.934+0000] {processor.py:161} INFO - Started process (PID=1779) to work on /home/airflow/.local/lib/python3.8/site-packages/airflow/example_dags/example_xcomargs.py
[2024-04-24T05:26:02.935+0000] {processor.py:830} INFO - Processing file /home/airflow/.local/lib/python3.8/site-packages/airflow/example_dags/example_xcomargs.py for tasks to queue
[2024-04-24T05:26:02.936+0000] {logging_mixin.py:188} INFO - [2024-04-24T05:26:02.936+0000] {dagbag.py:540} INFO - Filling up the DagBag from /home/airflow/.local/lib/python3.8/site-packages/airflow/example_dags/example_xcomargs.py
[2024-04-24T05:26:02.940+0000] {processor.py:840} INFO - DAG(s) 'example_xcom_args', 'example_xcom_args_with_operators' retrieved from /home/airflow/.local/lib/python3.8/site-packages/airflow/example_dags/example_xcomargs.py
[2024-04-24T05:26:02.952+0000] {logging_mixin.py:188} INFO - [2024-04-24T05:26:02.952+0000] {dag.py:3047} INFO - Sync 2 DAGs
[2024-04-24T05:26:02.959+0000] {logging_mixin.py:188} INFO - [2024-04-24T05:26:02.959+0000] {dag.py:3834} INFO - Setting next_dagrun for example_xcom_args to None, run_after=None
[2024-04-24T05:26:02.961+0000] {logging_mixin.py:188} INFO - [2024-04-24T05:26:02.961+0000] {dag.py:3834} INFO - Setting next_dagrun for example_xcom_args_with_operators to None, run_after=None
[2024-04-24T05:26:02.970+0000] {processor.py:183} INFO - Processing /home/airflow/.local/lib/python3.8/site-packages/airflow/example_dags/example_xcomargs.py took 0.037 seconds
[2024-04-24T05:26:33.436+0000] {processor.py:161} INFO - Started process (PID=1837) to work on /home/airflow/.local/lib/python3.8/site-packages/airflow/example_dags/example_xcomargs.py
[2024-04-24T05:26:33.436+0000] {processor.py:830} INFO - Processing file /home/airflow/.local/lib/python3.8/site-packages/airflow/example_dags/example_xcomargs.py for tasks to queue
[2024-04-24T05:26:33.437+0000] {logging_mixin.py:188} INFO - [2024-04-24T05:26:33.437+0000] {dagbag.py:540} INFO - Filling up the DagBag from /home/airflow/.local/lib/python3.8/site-packages/airflow/example_dags/example_xcomargs.py
[2024-04-24T05:26:33.442+0000] {processor.py:840} INFO - DAG(s) 'example_xcom_args', 'example_xcom_args_with_operators' retrieved from /home/airflow/.local/lib/python3.8/site-packages/airflow/example_dags/example_xcomargs.py
[2024-04-24T05:26:33.455+0000] {logging_mixin.py:188} INFO - [2024-04-24T05:26:33.455+0000] {dag.py:3047} INFO - Sync 2 DAGs
[2024-04-24T05:26:33.462+0000] {logging_mixin.py:188} INFO - [2024-04-24T05:26:33.462+0000] {dag.py:3834} INFO - Setting next_dagrun for example_xcom_args to None, run_after=None
[2024-04-24T05:26:33.465+0000] {logging_mixin.py:188} INFO - [2024-04-24T05:26:33.465+0000] {dag.py:3834} INFO - Setting next_dagrun for example_xcom_args_with_operators to None, run_after=None
[2024-04-24T05:26:33.474+0000] {processor.py:183} INFO - Processing /home/airflow/.local/lib/python3.8/site-packages/airflow/example_dags/example_xcomargs.py took 0.040 seconds
[2024-04-24T05:27:04.239+0000] {processor.py:161} INFO - Started process (PID=1895) to work on /home/airflow/.local/lib/python3.8/site-packages/airflow/example_dags/example_xcomargs.py
[2024-04-24T05:27:04.239+0000] {processor.py:830} INFO - Processing file /home/airflow/.local/lib/python3.8/site-packages/airflow/example_dags/example_xcomargs.py for tasks to queue
[2024-04-24T05:27:04.240+0000] {logging_mixin.py:188} INFO - [2024-04-24T05:27:04.240+0000] {dagbag.py:540} INFO - Filling up the DagBag from /home/airflow/.local/lib/python3.8/site-packages/airflow/example_dags/example_xcomargs.py
[2024-04-24T05:27:04.245+0000] {processor.py:840} INFO - DAG(s) 'example_xcom_args_with_operators', 'example_xcom_args' retrieved from /home/airflow/.local/lib/python3.8/site-packages/airflow/example_dags/example_xcomargs.py
[2024-04-24T05:27:04.257+0000] {logging_mixin.py:188} INFO - [2024-04-24T05:27:04.257+0000] {dag.py:3047} INFO - Sync 2 DAGs
[2024-04-24T05:27:04.264+0000] {logging_mixin.py:188} INFO - [2024-04-24T05:27:04.264+0000] {dag.py:3834} INFO - Setting next_dagrun for example_xcom_args to None, run_after=None
[2024-04-24T05:27:04.266+0000] {logging_mixin.py:188} INFO - [2024-04-24T05:27:04.266+0000] {dag.py:3834} INFO - Setting next_dagrun for example_xcom_args_with_operators to None, run_after=None
[2024-04-24T05:27:04.275+0000] {processor.py:183} INFO - Processing /home/airflow/.local/lib/python3.8/site-packages/airflow/example_dags/example_xcomargs.py took 0.038 seconds
[2024-04-24T05:27:34.845+0000] {processor.py:161} INFO - Started process (PID=1953) to work on /home/airflow/.local/lib/python3.8/site-packages/airflow/example_dags/example_xcomargs.py
[2024-04-24T05:27:34.845+0000] {processor.py:830} INFO - Processing file /home/airflow/.local/lib/python3.8/site-packages/airflow/example_dags/example_xcomargs.py for tasks to queue
[2024-04-24T05:27:34.846+0000] {logging_mixin.py:188} INFO - [2024-04-24T05:27:34.846+0000] {dagbag.py:540} INFO - Filling up the DagBag from /home/airflow/.local/lib/python3.8/site-packages/airflow/example_dags/example_xcomargs.py
[2024-04-24T05:27:34.851+0000] {processor.py:840} INFO - DAG(s) 'example_xcom_args_with_operators', 'example_xcom_args' retrieved from /home/airflow/.local/lib/python3.8/site-packages/airflow/example_dags/example_xcomargs.py
[2024-04-24T05:27:34.863+0000] {logging_mixin.py:188} INFO - [2024-04-24T05:27:34.863+0000] {dag.py:3047} INFO - Sync 2 DAGs
[2024-04-24T05:27:34.869+0000] {logging_mixin.py:188} INFO - [2024-04-24T05:27:34.869+0000] {dag.py:3834} INFO - Setting next_dagrun for example_xcom_args to None, run_after=None
[2024-04-24T05:27:34.871+0000] {logging_mixin.py:188} INFO - [2024-04-24T05:27:34.871+0000] {dag.py:3834} INFO - Setting next_dagrun for example_xcom_args_with_operators to None, run_after=None
[2024-04-24T05:27:34.880+0000] {processor.py:183} INFO - Processing /home/airflow/.local/lib/python3.8/site-packages/airflow/example_dags/example_xcomargs.py took 0.038 seconds
[2024-04-24T05:28:05.567+0000] {processor.py:161} INFO - Started process (PID=2011) to work on /home/airflow/.local/lib/python3.8/site-packages/airflow/example_dags/example_xcomargs.py
[2024-04-24T05:28:05.568+0000] {processor.py:830} INFO - Processing file /home/airflow/.local/lib/python3.8/site-packages/airflow/example_dags/example_xcomargs.py for tasks to queue
[2024-04-24T05:28:05.569+0000] {logging_mixin.py:188} INFO - [2024-04-24T05:28:05.569+0000] {dagbag.py:540} INFO - Filling up the DagBag from /home/airflow/.local/lib/python3.8/site-packages/airflow/example_dags/example_xcomargs.py
[2024-04-24T05:28:05.574+0000] {processor.py:840} INFO - DAG(s) 'example_xcom_args_with_operators', 'example_xcom_args' retrieved from /home/airflow/.local/lib/python3.8/site-packages/airflow/example_dags/example_xcomargs.py
[2024-04-24T05:28:05.587+0000] {logging_mixin.py:188} INFO - [2024-04-24T05:28:05.586+0000] {dag.py:3047} INFO - Sync 2 DAGs
[2024-04-24T05:28:05.594+0000] {logging_mixin.py:188} INFO - [2024-04-24T05:28:05.593+0000] {dag.py:3834} INFO - Setting next_dagrun for example_xcom_args to None, run_after=None
[2024-04-24T05:28:05.596+0000] {logging_mixin.py:188} INFO - [2024-04-24T05:28:05.595+0000] {dag.py:3834} INFO - Setting next_dagrun for example_xcom_args_with_operators to None, run_after=None
[2024-04-24T05:28:05.604+0000] {processor.py:183} INFO - Processing /home/airflow/.local/lib/python3.8/site-packages/airflow/example_dags/example_xcomargs.py took 0.039 seconds
[2024-04-24T05:28:36.230+0000] {processor.py:161} INFO - Started process (PID=2069) to work on /home/airflow/.local/lib/python3.8/site-packages/airflow/example_dags/example_xcomargs.py
[2024-04-24T05:28:36.231+0000] {processor.py:830} INFO - Processing file /home/airflow/.local/lib/python3.8/site-packages/airflow/example_dags/example_xcomargs.py for tasks to queue
[2024-04-24T05:28:36.232+0000] {logging_mixin.py:188} INFO - [2024-04-24T05:28:36.232+0000] {dagbag.py:540} INFO - Filling up the DagBag from /home/airflow/.local/lib/python3.8/site-packages/airflow/example_dags/example_xcomargs.py
[2024-04-24T05:28:36.236+0000] {processor.py:840} INFO - DAG(s) 'example_xcom_args', 'example_xcom_args_with_operators' retrieved from /home/airflow/.local/lib/python3.8/site-packages/airflow/example_dags/example_xcomargs.py
[2024-04-24T05:28:36.248+0000] {logging_mixin.py:188} INFO - [2024-04-24T05:28:36.248+0000] {dag.py:3047} INFO - Sync 2 DAGs
[2024-04-24T05:28:36.255+0000] {logging_mixin.py:188} INFO - [2024-04-24T05:28:36.255+0000] {dag.py:3834} INFO - Setting next_dagrun for example_xcom_args to None, run_after=None
[2024-04-24T05:28:36.257+0000] {logging_mixin.py:188} INFO - [2024-04-24T05:28:36.257+0000] {dag.py:3834} INFO - Setting next_dagrun for example_xcom_args_with_operators to None, run_after=None
[2024-04-24T05:28:36.266+0000] {processor.py:183} INFO - Processing /home/airflow/.local/lib/python3.8/site-packages/airflow/example_dags/example_xcomargs.py took 0.038 seconds
[2024-04-24T05:29:06.886+0000] {processor.py:161} INFO - Started process (PID=2127) to work on /home/airflow/.local/lib/python3.8/site-packages/airflow/example_dags/example_xcomargs.py
[2024-04-24T05:29:06.887+0000] {processor.py:830} INFO - Processing file /home/airflow/.local/lib/python3.8/site-packages/airflow/example_dags/example_xcomargs.py for tasks to queue
[2024-04-24T05:29:06.888+0000] {logging_mixin.py:188} INFO - [2024-04-24T05:29:06.888+0000] {dagbag.py:540} INFO - Filling up the DagBag from /home/airflow/.local/lib/python3.8/site-packages/airflow/example_dags/example_xcomargs.py
[2024-04-24T05:29:06.892+0000] {processor.py:840} INFO - DAG(s) 'example_xcom_args_with_operators', 'example_xcom_args' retrieved from /home/airflow/.local/lib/python3.8/site-packages/airflow/example_dags/example_xcomargs.py
[2024-04-24T05:29:06.905+0000] {logging_mixin.py:188} INFO - [2024-04-24T05:29:06.904+0000] {dag.py:3047} INFO - Sync 2 DAGs
[2024-04-24T05:29:06.911+0000] {logging_mixin.py:188} INFO - [2024-04-24T05:29:06.911+0000] {dag.py:3834} INFO - Setting next_dagrun for example_xcom_args to None, run_after=None
[2024-04-24T05:29:06.913+0000] {logging_mixin.py:188} INFO - [2024-04-24T05:29:06.913+0000] {dag.py:3834} INFO - Setting next_dagrun for example_xcom_args_with_operators to None, run_after=None
[2024-04-24T05:29:06.922+0000] {processor.py:183} INFO - Processing /home/airflow/.local/lib/python3.8/site-packages/airflow/example_dags/example_xcomargs.py took 0.038 seconds
[2024-04-24T05:29:37.355+0000] {processor.py:161} INFO - Started process (PID=2185) to work on /home/airflow/.local/lib/python3.8/site-packages/airflow/example_dags/example_xcomargs.py
[2024-04-24T05:29:37.355+0000] {processor.py:830} INFO - Processing file /home/airflow/.local/lib/python3.8/site-packages/airflow/example_dags/example_xcomargs.py for tasks to queue
[2024-04-24T05:29:37.356+0000] {logging_mixin.py:188} INFO - [2024-04-24T05:29:37.356+0000] {dagbag.py:540} INFO - Filling up the DagBag from /home/airflow/.local/lib/python3.8/site-packages/airflow/example_dags/example_xcomargs.py
[2024-04-24T05:29:37.361+0000] {processor.py:840} INFO - DAG(s) 'example_xcom_args_with_operators', 'example_xcom_args' retrieved from /home/airflow/.local/lib/python3.8/site-packages/airflow/example_dags/example_xcomargs.py
[2024-04-24T05:29:37.373+0000] {logging_mixin.py:188} INFO - [2024-04-24T05:29:37.373+0000] {dag.py:3047} INFO - Sync 2 DAGs
[2024-04-24T05:29:37.379+0000] {logging_mixin.py:188} INFO - [2024-04-24T05:29:37.379+0000] {dag.py:3834} INFO - Setting next_dagrun for example_xcom_args to None, run_after=None
[2024-04-24T05:29:37.381+0000] {logging_mixin.py:188} INFO - [2024-04-24T05:29:37.381+0000] {dag.py:3834} INFO - Setting next_dagrun for example_xcom_args_with_operators to None, run_after=None
[2024-04-24T05:29:37.390+0000] {processor.py:183} INFO - Processing /home/airflow/.local/lib/python3.8/site-packages/airflow/example_dags/example_xcomargs.py took 0.037 seconds
[2024-04-24T05:30:07.926+0000] {processor.py:161} INFO - Started process (PID=2243) to work on /home/airflow/.local/lib/python3.8/site-packages/airflow/example_dags/example_xcomargs.py
[2024-04-24T05:30:07.926+0000] {processor.py:830} INFO - Processing file /home/airflow/.local/lib/python3.8/site-packages/airflow/example_dags/example_xcomargs.py for tasks to queue
[2024-04-24T05:30:07.927+0000] {logging_mixin.py:188} INFO - [2024-04-24T05:30:07.927+0000] {dagbag.py:540} INFO - Filling up the DagBag from /home/airflow/.local/lib/python3.8/site-packages/airflow/example_dags/example_xcomargs.py
[2024-04-24T05:30:07.932+0000] {processor.py:840} INFO - DAG(s) 'example_xcom_args_with_operators', 'example_xcom_args' retrieved from /home/airflow/.local/lib/python3.8/site-packages/airflow/example_dags/example_xcomargs.py
[2024-04-24T05:30:07.944+0000] {logging_mixin.py:188} INFO - [2024-04-24T05:30:07.944+0000] {dag.py:3047} INFO - Sync 2 DAGs
[2024-04-24T05:30:07.950+0000] {logging_mixin.py:188} INFO - [2024-04-24T05:30:07.950+0000] {dag.py:3834} INFO - Setting next_dagrun for example_xcom_args to None, run_after=None
[2024-04-24T05:30:07.953+0000] {logging_mixin.py:188} INFO - [2024-04-24T05:30:07.953+0000] {dag.py:3834} INFO - Setting next_dagrun for example_xcom_args_with_operators to None, run_after=None
[2024-04-24T05:30:07.962+0000] {processor.py:183} INFO - Processing /home/airflow/.local/lib/python3.8/site-packages/airflow/example_dags/example_xcomargs.py took 0.038 seconds
[2024-04-24T05:30:38.502+0000] {processor.py:161} INFO - Started process (PID=2301) to work on /home/airflow/.local/lib/python3.8/site-packages/airflow/example_dags/example_xcomargs.py
[2024-04-24T05:30:38.503+0000] {processor.py:830} INFO - Processing file /home/airflow/.local/lib/python3.8/site-packages/airflow/example_dags/example_xcomargs.py for tasks to queue
[2024-04-24T05:30:38.504+0000] {logging_mixin.py:188} INFO - [2024-04-24T05:30:38.504+0000] {dagbag.py:540} INFO - Filling up the DagBag from /home/airflow/.local/lib/python3.8/site-packages/airflow/example_dags/example_xcomargs.py
[2024-04-24T05:30:38.508+0000] {processor.py:840} INFO - DAG(s) 'example_xcom_args_with_operators', 'example_xcom_args' retrieved from /home/airflow/.local/lib/python3.8/site-packages/airflow/example_dags/example_xcomargs.py
[2024-04-24T05:30:38.520+0000] {logging_mixin.py:188} INFO - [2024-04-24T05:30:38.520+0000] {dag.py:3047} INFO - Sync 2 DAGs
[2024-04-24T05:30:38.527+0000] {logging_mixin.py:188} INFO - [2024-04-24T05:30:38.527+0000] {dag.py:3834} INFO - Setting next_dagrun for example_xcom_args to None, run_after=None
[2024-04-24T05:30:38.529+0000] {logging_mixin.py:188} INFO - [2024-04-24T05:30:38.529+0000] {dag.py:3834} INFO - Setting next_dagrun for example_xcom_args_with_operators to None, run_after=None
[2024-04-24T05:30:38.537+0000] {processor.py:183} INFO - Processing /home/airflow/.local/lib/python3.8/site-packages/airflow/example_dags/example_xcomargs.py took 0.037 seconds
[2024-04-24T05:31:09.076+0000] {processor.py:161} INFO - Started process (PID=2359) to work on /home/airflow/.local/lib/python3.8/site-packages/airflow/example_dags/example_xcomargs.py
[2024-04-24T05:31:09.076+0000] {processor.py:830} INFO - Processing file /home/airflow/.local/lib/python3.8/site-packages/airflow/example_dags/example_xcomargs.py for tasks to queue
[2024-04-24T05:31:09.077+0000] {logging_mixin.py:188} INFO - [2024-04-24T05:31:09.077+0000] {dagbag.py:540} INFO - Filling up the DagBag from /home/airflow/.local/lib/python3.8/site-packages/airflow/example_dags/example_xcomargs.py
[2024-04-24T05:31:09.081+0000] {processor.py:840} INFO - DAG(s) 'example_xcom_args_with_operators', 'example_xcom_args' retrieved from /home/airflow/.local/lib/python3.8/site-packages/airflow/example_dags/example_xcomargs.py
[2024-04-24T05:31:09.094+0000] {logging_mixin.py:188} INFO - [2024-04-24T05:31:09.094+0000] {dag.py:3047} INFO - Sync 2 DAGs
[2024-04-24T05:31:09.100+0000] {logging_mixin.py:188} INFO - [2024-04-24T05:31:09.100+0000] {dag.py:3834} INFO - Setting next_dagrun for example_xcom_args to None, run_after=None
[2024-04-24T05:31:09.102+0000] {logging_mixin.py:188} INFO - [2024-04-24T05:31:09.102+0000] {dag.py:3834} INFO - Setting next_dagrun for example_xcom_args_with_operators to None, run_after=None
[2024-04-24T05:31:09.111+0000] {processor.py:183} INFO - Processing /home/airflow/.local/lib/python3.8/site-packages/airflow/example_dags/example_xcomargs.py took 0.038 seconds
[2024-04-24T05:31:39.942+0000] {processor.py:161} INFO - Started process (PID=2417) to work on /home/airflow/.local/lib/python3.8/site-packages/airflow/example_dags/example_xcomargs.py
[2024-04-24T05:31:39.943+0000] {processor.py:830} INFO - Processing file /home/airflow/.local/lib/python3.8/site-packages/airflow/example_dags/example_xcomargs.py for tasks to queue
[2024-04-24T05:31:39.944+0000] {logging_mixin.py:188} INFO - [2024-04-24T05:31:39.944+0000] {dagbag.py:540} INFO - Filling up the DagBag from /home/airflow/.local/lib/python3.8/site-packages/airflow/example_dags/example_xcomargs.py
[2024-04-24T05:31:39.948+0000] {processor.py:840} INFO - DAG(s) 'example_xcom_args_with_operators', 'example_xcom_args' retrieved from /home/airflow/.local/lib/python3.8/site-packages/airflow/example_dags/example_xcomargs.py
[2024-04-24T05:31:39.961+0000] {logging_mixin.py:188} INFO - [2024-04-24T05:31:39.960+0000] {dag.py:3047} INFO - Sync 2 DAGs
[2024-04-24T05:31:39.967+0000] {logging_mixin.py:188} INFO - [2024-04-24T05:31:39.967+0000] {dag.py:3834} INFO - Setting next_dagrun for example_xcom_args to None, run_after=None
[2024-04-24T05:31:39.969+0000] {logging_mixin.py:188} INFO - [2024-04-24T05:31:39.969+0000] {dag.py:3834} INFO - Setting next_dagrun for example_xcom_args_with_operators to None, run_after=None
[2024-04-24T05:31:39.978+0000] {processor.py:183} INFO - Processing /home/airflow/.local/lib/python3.8/site-packages/airflow/example_dags/example_xcomargs.py took 0.037 seconds
[2024-04-24T05:32:10.485+0000] {processor.py:161} INFO - Started process (PID=2475) to work on /home/airflow/.local/lib/python3.8/site-packages/airflow/example_dags/example_xcomargs.py
[2024-04-24T05:32:10.485+0000] {processor.py:830} INFO - Processing file /home/airflow/.local/lib/python3.8/site-packages/airflow/example_dags/example_xcomargs.py for tasks to queue
[2024-04-24T05:32:10.486+0000] {logging_mixin.py:188} INFO - [2024-04-24T05:32:10.486+0000] {dagbag.py:540} INFO - Filling up the DagBag from /home/airflow/.local/lib/python3.8/site-packages/airflow/example_dags/example_xcomargs.py
[2024-04-24T05:32:10.491+0000] {processor.py:840} INFO - DAG(s) 'example_xcom_args_with_operators', 'example_xcom_args' retrieved from /home/airflow/.local/lib/python3.8/site-packages/airflow/example_dags/example_xcomargs.py
[2024-04-24T05:32:10.503+0000] {logging_mixin.py:188} INFO - [2024-04-24T05:32:10.503+0000] {dag.py:3047} INFO - Sync 2 DAGs
[2024-04-24T05:32:10.509+0000] {logging_mixin.py:188} INFO - [2024-04-24T05:32:10.509+0000] {dag.py:3834} INFO - Setting next_dagrun for example_xcom_args to None, run_after=None
[2024-04-24T05:32:10.511+0000] {logging_mixin.py:188} INFO - [2024-04-24T05:32:10.511+0000] {dag.py:3834} INFO - Setting next_dagrun for example_xcom_args_with_operators to None, run_after=None
[2024-04-24T05:32:10.520+0000] {processor.py:183} INFO - Processing /home/airflow/.local/lib/python3.8/site-packages/airflow/example_dags/example_xcomargs.py took 0.037 seconds
[2024-04-24T05:32:40.947+0000] {processor.py:161} INFO - Started process (PID=2534) to work on /home/airflow/.local/lib/python3.8/site-packages/airflow/example_dags/example_xcomargs.py
[2024-04-24T05:32:40.948+0000] {processor.py:830} INFO - Processing file /home/airflow/.local/lib/python3.8/site-packages/airflow/example_dags/example_xcomargs.py for tasks to queue
[2024-04-24T05:32:40.949+0000] {logging_mixin.py:188} INFO - [2024-04-24T05:32:40.949+0000] {dagbag.py:540} INFO - Filling up the DagBag from /home/airflow/.local/lib/python3.8/site-packages/airflow/example_dags/example_xcomargs.py
[2024-04-24T05:32:40.953+0000] {processor.py:840} INFO - DAG(s) 'example_xcom_args_with_operators', 'example_xcom_args' retrieved from /home/airflow/.local/lib/python3.8/site-packages/airflow/example_dags/example_xcomargs.py
[2024-04-24T05:32:40.965+0000] {logging_mixin.py:188} INFO - [2024-04-24T05:32:40.965+0000] {dag.py:3047} INFO - Sync 2 DAGs
[2024-04-24T05:32:40.972+0000] {logging_mixin.py:188} INFO - [2024-04-24T05:32:40.972+0000] {dag.py:3834} INFO - Setting next_dagrun for example_xcom_args to None, run_after=None
[2024-04-24T05:32:40.974+0000] {logging_mixin.py:188} INFO - [2024-04-24T05:32:40.974+0000] {dag.py:3834} INFO - Setting next_dagrun for example_xcom_args_with_operators to None, run_after=None
[2024-04-24T05:32:40.983+0000] {processor.py:183} INFO - Processing /home/airflow/.local/lib/python3.8/site-packages/airflow/example_dags/example_xcomargs.py took 0.037 seconds
[2024-04-24T05:33:11.361+0000] {processor.py:161} INFO - Started process (PID=2589) to work on /home/airflow/.local/lib/python3.8/site-packages/airflow/example_dags/example_xcomargs.py
[2024-04-24T05:33:11.361+0000] {processor.py:830} INFO - Processing file /home/airflow/.local/lib/python3.8/site-packages/airflow/example_dags/example_xcomargs.py for tasks to queue
[2024-04-24T05:33:11.362+0000] {logging_mixin.py:188} INFO - [2024-04-24T05:33:11.362+0000] {dagbag.py:540} INFO - Filling up the DagBag from /home/airflow/.local/lib/python3.8/site-packages/airflow/example_dags/example_xcomargs.py
[2024-04-24T05:33:11.366+0000] {processor.py:840} INFO - DAG(s) 'example_xcom_args_with_operators', 'example_xcom_args' retrieved from /home/airflow/.local/lib/python3.8/site-packages/airflow/example_dags/example_xcomargs.py
[2024-04-24T05:33:11.378+0000] {logging_mixin.py:188} INFO - [2024-04-24T05:33:11.378+0000] {dag.py:3047} INFO - Sync 2 DAGs
[2024-04-24T05:33:11.385+0000] {logging_mixin.py:188} INFO - [2024-04-24T05:33:11.385+0000] {dag.py:3834} INFO - Setting next_dagrun for example_xcom_args to None, run_after=None
[2024-04-24T05:33:11.387+0000] {logging_mixin.py:188} INFO - [2024-04-24T05:33:11.387+0000] {dag.py:3834} INFO - Setting next_dagrun for example_xcom_args_with_operators to None, run_after=None
[2024-04-24T05:33:11.396+0000] {processor.py:183} INFO - Processing /home/airflow/.local/lib/python3.8/site-packages/airflow/example_dags/example_xcomargs.py took 0.037 seconds
[2024-04-24T05:33:41.729+0000] {processor.py:161} INFO - Started process (PID=2644) to work on /home/airflow/.local/lib/python3.8/site-packages/airflow/example_dags/example_xcomargs.py
[2024-04-24T05:33:41.730+0000] {processor.py:830} INFO - Processing file /home/airflow/.local/lib/python3.8/site-packages/airflow/example_dags/example_xcomargs.py for tasks to queue
[2024-04-24T05:33:41.730+0000] {logging_mixin.py:188} INFO - [2024-04-24T05:33:41.730+0000] {dagbag.py:540} INFO - Filling up the DagBag from /home/airflow/.local/lib/python3.8/site-packages/airflow/example_dags/example_xcomargs.py
[2024-04-24T05:33:41.735+0000] {processor.py:840} INFO - DAG(s) 'example_xcom_args_with_operators', 'example_xcom_args' retrieved from /home/airflow/.local/lib/python3.8/site-packages/airflow/example_dags/example_xcomargs.py
[2024-04-24T05:33:41.747+0000] {logging_mixin.py:188} INFO - [2024-04-24T05:33:41.747+0000] {dag.py:3047} INFO - Sync 2 DAGs
[2024-04-24T05:33:41.753+0000] {logging_mixin.py:188} INFO - [2024-04-24T05:33:41.753+0000] {dag.py:3834} INFO - Setting next_dagrun for example_xcom_args to None, run_after=None
[2024-04-24T05:33:41.755+0000] {logging_mixin.py:188} INFO - [2024-04-24T05:33:41.755+0000] {dag.py:3834} INFO - Setting next_dagrun for example_xcom_args_with_operators to None, run_after=None
[2024-04-24T05:33:41.763+0000] {processor.py:183} INFO - Processing /home/airflow/.local/lib/python3.8/site-packages/airflow/example_dags/example_xcomargs.py took 0.036 seconds
[2024-04-24T05:34:12.319+0000] {processor.py:161} INFO - Started process (PID=2705) to work on /home/airflow/.local/lib/python3.8/site-packages/airflow/example_dags/example_xcomargs.py
[2024-04-24T05:34:12.320+0000] {processor.py:830} INFO - Processing file /home/airflow/.local/lib/python3.8/site-packages/airflow/example_dags/example_xcomargs.py for tasks to queue
[2024-04-24T05:34:12.320+0000] {logging_mixin.py:188} INFO - [2024-04-24T05:34:12.320+0000] {dagbag.py:540} INFO - Filling up the DagBag from /home/airflow/.local/lib/python3.8/site-packages/airflow/example_dags/example_xcomargs.py
[2024-04-24T05:34:12.325+0000] {processor.py:840} INFO - DAG(s) 'example_xcom_args', 'example_xcom_args_with_operators' retrieved from /home/airflow/.local/lib/python3.8/site-packages/airflow/example_dags/example_xcomargs.py
[2024-04-24T05:34:12.337+0000] {logging_mixin.py:188} INFO - [2024-04-24T05:34:12.337+0000] {dag.py:3047} INFO - Sync 2 DAGs
[2024-04-24T05:34:12.343+0000] {logging_mixin.py:188} INFO - [2024-04-24T05:34:12.343+0000] {dag.py:3834} INFO - Setting next_dagrun for example_xcom_args to None, run_after=None
[2024-04-24T05:34:12.345+0000] {logging_mixin.py:188} INFO - [2024-04-24T05:34:12.345+0000] {dag.py:3834} INFO - Setting next_dagrun for example_xcom_args_with_operators to None, run_after=None
[2024-04-24T05:34:12.354+0000] {processor.py:183} INFO - Processing /home/airflow/.local/lib/python3.8/site-packages/airflow/example_dags/example_xcomargs.py took 0.037 seconds
[2024-04-24T05:34:42.985+0000] {processor.py:161} INFO - Started process (PID=2760) to work on /home/airflow/.local/lib/python3.8/site-packages/airflow/example_dags/example_xcomargs.py
[2024-04-24T05:34:42.985+0000] {processor.py:830} INFO - Processing file /home/airflow/.local/lib/python3.8/site-packages/airflow/example_dags/example_xcomargs.py for tasks to queue
[2024-04-24T05:34:42.986+0000] {logging_mixin.py:188} INFO - [2024-04-24T05:34:42.986+0000] {dagbag.py:540} INFO - Filling up the DagBag from /home/airflow/.local/lib/python3.8/site-packages/airflow/example_dags/example_xcomargs.py
[2024-04-24T05:34:42.990+0000] {processor.py:840} INFO - DAG(s) 'example_xcom_args', 'example_xcom_args_with_operators' retrieved from /home/airflow/.local/lib/python3.8/site-packages/airflow/example_dags/example_xcomargs.py
[2024-04-24T05:34:43.003+0000] {logging_mixin.py:188} INFO - [2024-04-24T05:34:43.003+0000] {dag.py:3047} INFO - Sync 2 DAGs
[2024-04-24T05:34:43.009+0000] {logging_mixin.py:188} INFO - [2024-04-24T05:34:43.009+0000] {dag.py:3834} INFO - Setting next_dagrun for example_xcom_args to None, run_after=None
[2024-04-24T05:34:43.011+0000] {logging_mixin.py:188} INFO - [2024-04-24T05:34:43.011+0000] {dag.py:3834} INFO - Setting next_dagrun for example_xcom_args_with_operators to None, run_after=None
[2024-04-24T05:34:43.021+0000] {processor.py:183} INFO - Processing /home/airflow/.local/lib/python3.8/site-packages/airflow/example_dags/example_xcomargs.py took 0.038 seconds
[2024-04-24T05:35:13.598+0000] {processor.py:161} INFO - Started process (PID=2815) to work on /home/airflow/.local/lib/python3.8/site-packages/airflow/example_dags/example_xcomargs.py
[2024-04-24T05:35:13.599+0000] {processor.py:830} INFO - Processing file /home/airflow/.local/lib/python3.8/site-packages/airflow/example_dags/example_xcomargs.py for tasks to queue
[2024-04-24T05:35:13.600+0000] {logging_mixin.py:188} INFO - [2024-04-24T05:35:13.599+0000] {dagbag.py:540} INFO - Filling up the DagBag from /home/airflow/.local/lib/python3.8/site-packages/airflow/example_dags/example_xcomargs.py
[2024-04-24T05:35:13.604+0000] {processor.py:840} INFO - DAG(s) 'example_xcom_args', 'example_xcom_args_with_operators' retrieved from /home/airflow/.local/lib/python3.8/site-packages/airflow/example_dags/example_xcomargs.py
[2024-04-24T05:35:13.616+0000] {logging_mixin.py:188} INFO - [2024-04-24T05:35:13.616+0000] {dag.py:3047} INFO - Sync 2 DAGs
[2024-04-24T05:35:13.623+0000] {logging_mixin.py:188} INFO - [2024-04-24T05:35:13.623+0000] {dag.py:3834} INFO - Setting next_dagrun for example_xcom_args to None, run_after=None
[2024-04-24T05:35:13.625+0000] {logging_mixin.py:188} INFO - [2024-04-24T05:35:13.625+0000] {dag.py:3834} INFO - Setting next_dagrun for example_xcom_args_with_operators to None, run_after=None
[2024-04-24T05:35:13.634+0000] {processor.py:183} INFO - Processing /home/airflow/.local/lib/python3.8/site-packages/airflow/example_dags/example_xcomargs.py took 0.037 seconds
[2024-04-24T05:35:44.323+0000] {processor.py:161} INFO - Started process (PID=2870) to work on /home/airflow/.local/lib/python3.8/site-packages/airflow/example_dags/example_xcomargs.py
[2024-04-24T05:35:44.324+0000] {processor.py:830} INFO - Processing file /home/airflow/.local/lib/python3.8/site-packages/airflow/example_dags/example_xcomargs.py for tasks to queue
[2024-04-24T05:35:44.324+0000] {logging_mixin.py:188} INFO - [2024-04-24T05:35:44.324+0000] {dagbag.py:540} INFO - Filling up the DagBag from /home/airflow/.local/lib/python3.8/site-packages/airflow/example_dags/example_xcomargs.py
[2024-04-24T05:35:44.329+0000] {processor.py:840} INFO - DAG(s) 'example_xcom_args_with_operators', 'example_xcom_args' retrieved from /home/airflow/.local/lib/python3.8/site-packages/airflow/example_dags/example_xcomargs.py
[2024-04-24T05:35:44.341+0000] {logging_mixin.py:188} INFO - [2024-04-24T05:35:44.340+0000] {dag.py:3047} INFO - Sync 2 DAGs
[2024-04-24T05:35:44.347+0000] {logging_mixin.py:188} INFO - [2024-04-24T05:35:44.347+0000] {dag.py:3834} INFO - Setting next_dagrun for example_xcom_args to None, run_after=None
[2024-04-24T05:35:44.349+0000] {logging_mixin.py:188} INFO - [2024-04-24T05:35:44.349+0000] {dag.py:3834} INFO - Setting next_dagrun for example_xcom_args_with_operators to None, run_after=None
[2024-04-24T05:35:44.358+0000] {processor.py:183} INFO - Processing /home/airflow/.local/lib/python3.8/site-packages/airflow/example_dags/example_xcomargs.py took 0.037 seconds
[2024-04-24T05:36:14.720+0000] {processor.py:161} INFO - Started process (PID=2925) to work on /home/airflow/.local/lib/python3.8/site-packages/airflow/example_dags/example_xcomargs.py
[2024-04-24T05:36:14.720+0000] {processor.py:830} INFO - Processing file /home/airflow/.local/lib/python3.8/site-packages/airflow/example_dags/example_xcomargs.py for tasks to queue
[2024-04-24T05:36:14.721+0000] {logging_mixin.py:188} INFO - [2024-04-24T05:36:14.721+0000] {dagbag.py:540} INFO - Filling up the DagBag from /home/airflow/.local/lib/python3.8/site-packages/airflow/example_dags/example_xcomargs.py
[2024-04-24T05:36:14.725+0000] {processor.py:840} INFO - DAG(s) 'example_xcom_args', 'example_xcom_args_with_operators' retrieved from /home/airflow/.local/lib/python3.8/site-packages/airflow/example_dags/example_xcomargs.py
[2024-04-24T05:36:14.737+0000] {logging_mixin.py:188} INFO - [2024-04-24T05:36:14.737+0000] {dag.py:3047} INFO - Sync 2 DAGs
[2024-04-24T05:36:14.744+0000] {logging_mixin.py:188} INFO - [2024-04-24T05:36:14.744+0000] {dag.py:3834} INFO - Setting next_dagrun for example_xcom_args to None, run_after=None
[2024-04-24T05:36:14.746+0000] {logging_mixin.py:188} INFO - [2024-04-24T05:36:14.746+0000] {dag.py:3834} INFO - Setting next_dagrun for example_xcom_args_with_operators to None, run_after=None
[2024-04-24T05:36:14.755+0000] {processor.py:183} INFO - Processing /home/airflow/.local/lib/python3.8/site-packages/airflow/example_dags/example_xcomargs.py took 0.037 seconds
[2024-04-24T05:36:45.245+0000] {processor.py:161} INFO - Started process (PID=2980) to work on /home/airflow/.local/lib/python3.8/site-packages/airflow/example_dags/example_xcomargs.py
[2024-04-24T05:36:45.246+0000] {processor.py:830} INFO - Processing file /home/airflow/.local/lib/python3.8/site-packages/airflow/example_dags/example_xcomargs.py for tasks to queue
[2024-04-24T05:36:45.246+0000] {logging_mixin.py:188} INFO - [2024-04-24T05:36:45.246+0000] {dagbag.py:540} INFO - Filling up the DagBag from /home/airflow/.local/lib/python3.8/site-packages/airflow/example_dags/example_xcomargs.py
[2024-04-24T05:36:45.251+0000] {processor.py:840} INFO - DAG(s) 'example_xcom_args', 'example_xcom_args_with_operators' retrieved from /home/airflow/.local/lib/python3.8/site-packages/airflow/example_dags/example_xcomargs.py
[2024-04-24T05:36:45.263+0000] {logging_mixin.py:188} INFO - [2024-04-24T05:36:45.263+0000] {dag.py:3047} INFO - Sync 2 DAGs
[2024-04-24T05:36:45.270+0000] {logging_mixin.py:188} INFO - [2024-04-24T05:36:45.270+0000] {dag.py:3834} INFO - Setting next_dagrun for example_xcom_args to None, run_after=None
[2024-04-24T05:36:45.272+0000] {logging_mixin.py:188} INFO - [2024-04-24T05:36:45.272+0000] {dag.py:3834} INFO - Setting next_dagrun for example_xcom_args_with_operators to None, run_after=None
[2024-04-24T05:36:45.280+0000] {processor.py:183} INFO - Processing /home/airflow/.local/lib/python3.8/site-packages/airflow/example_dags/example_xcomargs.py took 0.037 seconds
[2024-04-24T05:37:15.857+0000] {processor.py:161} INFO - Started process (PID=3035) to work on /home/airflow/.local/lib/python3.8/site-packages/airflow/example_dags/example_xcomargs.py
[2024-04-24T05:37:15.858+0000] {processor.py:830} INFO - Processing file /home/airflow/.local/lib/python3.8/site-packages/airflow/example_dags/example_xcomargs.py for tasks to queue
[2024-04-24T05:37:15.859+0000] {logging_mixin.py:188} INFO - [2024-04-24T05:37:15.859+0000] {dagbag.py:540} INFO - Filling up the DagBag from /home/airflow/.local/lib/python3.8/site-packages/airflow/example_dags/example_xcomargs.py
[2024-04-24T05:37:15.864+0000] {processor.py:840} INFO - DAG(s) 'example_xcom_args_with_operators', 'example_xcom_args' retrieved from /home/airflow/.local/lib/python3.8/site-packages/airflow/example_dags/example_xcomargs.py
[2024-04-24T05:37:15.877+0000] {logging_mixin.py:188} INFO - [2024-04-24T05:37:15.877+0000] {dag.py:3047} INFO - Sync 2 DAGs
[2024-04-24T05:37:15.884+0000] {logging_mixin.py:188} INFO - [2024-04-24T05:37:15.884+0000] {dag.py:3834} INFO - Setting next_dagrun for example_xcom_args to None, run_after=None
[2024-04-24T05:37:15.886+0000] {logging_mixin.py:188} INFO - [2024-04-24T05:37:15.886+0000] {dag.py:3834} INFO - Setting next_dagrun for example_xcom_args_with_operators to None, run_after=None
[2024-04-24T05:37:15.894+0000] {processor.py:183} INFO - Processing /home/airflow/.local/lib/python3.8/site-packages/airflow/example_dags/example_xcomargs.py took 0.039 seconds
[2024-04-24T05:37:46.381+0000] {processor.py:161} INFO - Started process (PID=3090) to work on /home/airflow/.local/lib/python3.8/site-packages/airflow/example_dags/example_xcomargs.py
[2024-04-24T05:37:46.382+0000] {processor.py:830} INFO - Processing file /home/airflow/.local/lib/python3.8/site-packages/airflow/example_dags/example_xcomargs.py for tasks to queue
[2024-04-24T05:37:46.382+0000] {logging_mixin.py:188} INFO - [2024-04-24T05:37:46.382+0000] {dagbag.py:540} INFO - Filling up the DagBag from /home/airflow/.local/lib/python3.8/site-packages/airflow/example_dags/example_xcomargs.py
[2024-04-24T05:37:46.387+0000] {processor.py:840} INFO - DAG(s) 'example_xcom_args', 'example_xcom_args_with_operators' retrieved from /home/airflow/.local/lib/python3.8/site-packages/airflow/example_dags/example_xcomargs.py
[2024-04-24T05:37:46.399+0000] {logging_mixin.py:188} INFO - [2024-04-24T05:37:46.399+0000] {dag.py:3047} INFO - Sync 2 DAGs
[2024-04-24T05:37:46.405+0000] {logging_mixin.py:188} INFO - [2024-04-24T05:37:46.405+0000] {dag.py:3834} INFO - Setting next_dagrun for example_xcom_args to None, run_after=None
[2024-04-24T05:37:46.407+0000] {logging_mixin.py:188} INFO - [2024-04-24T05:37:46.407+0000] {dag.py:3834} INFO - Setting next_dagrun for example_xcom_args_with_operators to None, run_after=None
[2024-04-24T05:37:46.415+0000] {processor.py:183} INFO - Processing /home/airflow/.local/lib/python3.8/site-packages/airflow/example_dags/example_xcomargs.py took 0.036 seconds
[2024-04-24T05:38:16.871+0000] {processor.py:161} INFO - Started process (PID=3145) to work on /home/airflow/.local/lib/python3.8/site-packages/airflow/example_dags/example_xcomargs.py
[2024-04-24T05:38:16.871+0000] {processor.py:830} INFO - Processing file /home/airflow/.local/lib/python3.8/site-packages/airflow/example_dags/example_xcomargs.py for tasks to queue
[2024-04-24T05:38:16.872+0000] {logging_mixin.py:188} INFO - [2024-04-24T05:38:16.872+0000] {dagbag.py:540} INFO - Filling up the DagBag from /home/airflow/.local/lib/python3.8/site-packages/airflow/example_dags/example_xcomargs.py
[2024-04-24T05:38:16.876+0000] {processor.py:840} INFO - DAG(s) 'example_xcom_args_with_operators', 'example_xcom_args' retrieved from /home/airflow/.local/lib/python3.8/site-packages/airflow/example_dags/example_xcomargs.py
[2024-04-24T05:38:16.889+0000] {logging_mixin.py:188} INFO - [2024-04-24T05:38:16.889+0000] {dag.py:3047} INFO - Sync 2 DAGs
[2024-04-24T05:38:16.895+0000] {logging_mixin.py:188} INFO - [2024-04-24T05:38:16.895+0000] {dag.py:3834} INFO - Setting next_dagrun for example_xcom_args to None, run_after=None
[2024-04-24T05:38:16.897+0000] {logging_mixin.py:188} INFO - [2024-04-24T05:38:16.897+0000] {dag.py:3834} INFO - Setting next_dagrun for example_xcom_args_with_operators to None, run_after=None
[2024-04-24T05:38:16.906+0000] {processor.py:183} INFO - Processing /home/airflow/.local/lib/python3.8/site-packages/airflow/example_dags/example_xcomargs.py took 0.037 seconds
[2024-04-24T05:40:51.677+0000] {processor.py:161} INFO - Started process (PID=93) to work on /home/airflow/.local/lib/python3.8/site-packages/airflow/example_dags/example_xcomargs.py
[2024-04-24T05:40:51.678+0000] {processor.py:830} INFO - Processing file /home/airflow/.local/lib/python3.8/site-packages/airflow/example_dags/example_xcomargs.py for tasks to queue
[2024-04-24T05:40:51.679+0000] {logging_mixin.py:188} INFO - [2024-04-24T05:40:51.679+0000] {dagbag.py:540} INFO - Filling up the DagBag from /home/airflow/.local/lib/python3.8/site-packages/airflow/example_dags/example_xcomargs.py
[2024-04-24T05:40:51.684+0000] {processor.py:840} INFO - DAG(s) 'example_xcom_args_with_operators', 'example_xcom_args' retrieved from /home/airflow/.local/lib/python3.8/site-packages/airflow/example_dags/example_xcomargs.py
[2024-04-24T05:40:51.690+0000] {logging_mixin.py:188} INFO - [2024-04-24T05:40:51.690+0000] {dag.py:3047} INFO - Sync 2 DAGs
[2024-04-24T05:40:51.698+0000] {logging_mixin.py:188} INFO - [2024-04-24T05:40:51.698+0000] {dag.py:3834} INFO - Setting next_dagrun for example_xcom_args to None, run_after=None
[2024-04-24T05:40:51.700+0000] {logging_mixin.py:188} INFO - [2024-04-24T05:40:51.700+0000] {dag.py:3834} INFO - Setting next_dagrun for example_xcom_args_with_operators to None, run_after=None
[2024-04-24T05:40:51.709+0000] {processor.py:183} INFO - Processing /home/airflow/.local/lib/python3.8/site-packages/airflow/example_dags/example_xcomargs.py took 0.034 seconds
[2024-04-24T05:41:23.178+0000] {processor.py:161} INFO - Started process (PID=148) to work on /home/airflow/.local/lib/python3.8/site-packages/airflow/example_dags/example_xcomargs.py
[2024-04-24T05:41:23.179+0000] {processor.py:830} INFO - Processing file /home/airflow/.local/lib/python3.8/site-packages/airflow/example_dags/example_xcomargs.py for tasks to queue
[2024-04-24T05:41:23.180+0000] {logging_mixin.py:188} INFO - [2024-04-24T05:41:23.179+0000] {dagbag.py:540} INFO - Filling up the DagBag from /home/airflow/.local/lib/python3.8/site-packages/airflow/example_dags/example_xcomargs.py
[2024-04-24T05:41:23.184+0000] {processor.py:840} INFO - DAG(s) 'example_xcom_args', 'example_xcom_args_with_operators' retrieved from /home/airflow/.local/lib/python3.8/site-packages/airflow/example_dags/example_xcomargs.py
[2024-04-24T05:41:23.242+0000] {logging_mixin.py:188} INFO - [2024-04-24T05:41:23.242+0000] {dag.py:3047} INFO - Sync 2 DAGs
[2024-04-24T05:41:23.248+0000] {logging_mixin.py:188} INFO - [2024-04-24T05:41:23.248+0000] {dag.py:3834} INFO - Setting next_dagrun for example_xcom_args to None, run_after=None
[2024-04-24T05:41:23.250+0000] {logging_mixin.py:188} INFO - [2024-04-24T05:41:23.250+0000] {dag.py:3834} INFO - Setting next_dagrun for example_xcom_args_with_operators to None, run_after=None
[2024-04-24T05:41:23.259+0000] {processor.py:183} INFO - Processing /home/airflow/.local/lib/python3.8/site-packages/airflow/example_dags/example_xcomargs.py took 0.083 seconds
