[2024-04-24T05:11:15.848+0000] {processor.py:161} INFO - Started process (PID=81) to work on /home/airflow/.local/lib/python3.8/site-packages/airflow/example_dags/example_branch_operator.py
[2024-04-24T05:11:15.848+0000] {processor.py:830} INFO - Processing file /home/airflow/.local/lib/python3.8/site-packages/airflow/example_dags/example_branch_operator.py for tasks to queue
[2024-04-24T05:11:15.850+0000] {logging_mixin.py:188} INFO - [2024-04-24T05:11:15.849+0000] {dagbag.py:540} INFO - Filling up the DagBag from /home/airflow/.local/lib/python3.8/site-packages/airflow/example_dags/example_branch_operator.py
[2024-04-24T05:11:15.861+0000] {processor.py:840} INFO - DAG(s) 'example_branch_operator' retrieved from /home/airflow/.local/lib/python3.8/site-packages/airflow/example_dags/example_branch_operator.py
[2024-04-24T05:11:15.919+0000] {logging_mixin.py:188} INFO - [2024-04-24T05:11:15.919+0000] {dag.py:3047} INFO - Sync 1 DAGs
[2024-04-24T05:11:15.931+0000] {logging_mixin.py:188} INFO - [2024-04-24T05:11:15.931+0000] {dag.py:3834} INFO - Setting next_dagrun for example_branch_operator to 2024-04-23 00:00:00+00:00, run_after=2024-04-24 00:00:00+00:00
[2024-04-24T05:11:15.942+0000] {processor.py:183} INFO - Processing /home/airflow/.local/lib/python3.8/site-packages/airflow/example_dags/example_branch_operator.py took 0.096 seconds
[2024-04-24T05:11:46.550+0000] {processor.py:161} INFO - Started process (PID=139) to work on /home/airflow/.local/lib/python3.8/site-packages/airflow/example_dags/example_branch_operator.py
[2024-04-24T05:11:46.551+0000] {processor.py:830} INFO - Processing file /home/airflow/.local/lib/python3.8/site-packages/airflow/example_dags/example_branch_operator.py for tasks to queue
[2024-04-24T05:11:46.552+0000] {logging_mixin.py:188} INFO - [2024-04-24T05:11:46.551+0000] {dagbag.py:540} INFO - Filling up the DagBag from /home/airflow/.local/lib/python3.8/site-packages/airflow/example_dags/example_branch_operator.py
[2024-04-24T05:11:46.561+0000] {processor.py:840} INFO - DAG(s) 'example_branch_operator' retrieved from /home/airflow/.local/lib/python3.8/site-packages/airflow/example_dags/example_branch_operator.py
[2024-04-24T05:11:46.575+0000] {logging_mixin.py:188} INFO - [2024-04-24T05:11:46.575+0000] {dag.py:3047} INFO - Sync 1 DAGs
[2024-04-24T05:11:46.586+0000] {logging_mixin.py:188} INFO - [2024-04-24T05:11:46.586+0000] {dag.py:3834} INFO - Setting next_dagrun for example_branch_operator to 2024-04-23 00:00:00+00:00, run_after=2024-04-24 00:00:00+00:00
[2024-04-24T05:11:46.596+0000] {processor.py:183} INFO - Processing /home/airflow/.local/lib/python3.8/site-packages/airflow/example_dags/example_branch_operator.py took 0.048 seconds
[2024-04-24T05:12:17.156+0000] {processor.py:161} INFO - Started process (PID=197) to work on /home/airflow/.local/lib/python3.8/site-packages/airflow/example_dags/example_branch_operator.py
[2024-04-24T05:12:17.157+0000] {processor.py:830} INFO - Processing file /home/airflow/.local/lib/python3.8/site-packages/airflow/example_dags/example_branch_operator.py for tasks to queue
[2024-04-24T05:12:17.158+0000] {logging_mixin.py:188} INFO - [2024-04-24T05:12:17.158+0000] {dagbag.py:540} INFO - Filling up the DagBag from /home/airflow/.local/lib/python3.8/site-packages/airflow/example_dags/example_branch_operator.py
[2024-04-24T05:12:17.168+0000] {processor.py:840} INFO - DAG(s) 'example_branch_operator' retrieved from /home/airflow/.local/lib/python3.8/site-packages/airflow/example_dags/example_branch_operator.py
[2024-04-24T05:12:17.182+0000] {logging_mixin.py:188} INFO - [2024-04-24T05:12:17.182+0000] {dag.py:3047} INFO - Sync 1 DAGs
[2024-04-24T05:12:17.194+0000] {logging_mixin.py:188} INFO - [2024-04-24T05:12:17.194+0000] {dag.py:3834} INFO - Setting next_dagrun for example_branch_operator to 2024-04-23 00:00:00+00:00, run_after=2024-04-24 00:00:00+00:00
[2024-04-24T05:12:17.204+0000] {processor.py:183} INFO - Processing /home/airflow/.local/lib/python3.8/site-packages/airflow/example_dags/example_branch_operator.py took 0.049 seconds
[2024-04-24T05:12:47.861+0000] {processor.py:161} INFO - Started process (PID=255) to work on /home/airflow/.local/lib/python3.8/site-packages/airflow/example_dags/example_branch_operator.py
[2024-04-24T05:12:47.862+0000] {processor.py:830} INFO - Processing file /home/airflow/.local/lib/python3.8/site-packages/airflow/example_dags/example_branch_operator.py for tasks to queue
[2024-04-24T05:12:47.863+0000] {logging_mixin.py:188} INFO - [2024-04-24T05:12:47.863+0000] {dagbag.py:540} INFO - Filling up the DagBag from /home/airflow/.local/lib/python3.8/site-packages/airflow/example_dags/example_branch_operator.py
[2024-04-24T05:12:47.873+0000] {processor.py:840} INFO - DAG(s) 'example_branch_operator' retrieved from /home/airflow/.local/lib/python3.8/site-packages/airflow/example_dags/example_branch_operator.py
[2024-04-24T05:12:47.888+0000] {logging_mixin.py:188} INFO - [2024-04-24T05:12:47.888+0000] {dag.py:3047} INFO - Sync 1 DAGs
[2024-04-24T05:12:47.901+0000] {logging_mixin.py:188} INFO - [2024-04-24T05:12:47.901+0000] {dag.py:3834} INFO - Setting next_dagrun for example_branch_operator to 2024-04-23 00:00:00+00:00, run_after=2024-04-24 00:00:00+00:00
[2024-04-24T05:12:47.914+0000] {processor.py:183} INFO - Processing /home/airflow/.local/lib/python3.8/site-packages/airflow/example_dags/example_branch_operator.py took 0.055 seconds
[2024-04-24T05:13:18.539+0000] {processor.py:161} INFO - Started process (PID=313) to work on /home/airflow/.local/lib/python3.8/site-packages/airflow/example_dags/example_branch_operator.py
[2024-04-24T05:13:18.540+0000] {processor.py:830} INFO - Processing file /home/airflow/.local/lib/python3.8/site-packages/airflow/example_dags/example_branch_operator.py for tasks to queue
[2024-04-24T05:13:18.541+0000] {logging_mixin.py:188} INFO - [2024-04-24T05:13:18.540+0000] {dagbag.py:540} INFO - Filling up the DagBag from /home/airflow/.local/lib/python3.8/site-packages/airflow/example_dags/example_branch_operator.py
[2024-04-24T05:13:18.550+0000] {processor.py:840} INFO - DAG(s) 'example_branch_operator' retrieved from /home/airflow/.local/lib/python3.8/site-packages/airflow/example_dags/example_branch_operator.py
[2024-04-24T05:13:18.564+0000] {logging_mixin.py:188} INFO - [2024-04-24T05:13:18.564+0000] {dag.py:3047} INFO - Sync 1 DAGs
[2024-04-24T05:13:18.576+0000] {logging_mixin.py:188} INFO - [2024-04-24T05:13:18.576+0000] {dag.py:3834} INFO - Setting next_dagrun for example_branch_operator to 2024-04-23 00:00:00+00:00, run_after=2024-04-24 00:00:00+00:00
[2024-04-24T05:13:18.586+0000] {processor.py:183} INFO - Processing /home/airflow/.local/lib/python3.8/site-packages/airflow/example_dags/example_branch_operator.py took 0.049 seconds
[2024-04-24T05:13:49.274+0000] {processor.py:161} INFO - Started process (PID=371) to work on /home/airflow/.local/lib/python3.8/site-packages/airflow/example_dags/example_branch_operator.py
[2024-04-24T05:13:49.274+0000] {processor.py:830} INFO - Processing file /home/airflow/.local/lib/python3.8/site-packages/airflow/example_dags/example_branch_operator.py for tasks to queue
[2024-04-24T05:13:49.275+0000] {logging_mixin.py:188} INFO - [2024-04-24T05:13:49.275+0000] {dagbag.py:540} INFO - Filling up the DagBag from /home/airflow/.local/lib/python3.8/site-packages/airflow/example_dags/example_branch_operator.py
[2024-04-24T05:13:49.284+0000] {processor.py:840} INFO - DAG(s) 'example_branch_operator' retrieved from /home/airflow/.local/lib/python3.8/site-packages/airflow/example_dags/example_branch_operator.py
[2024-04-24T05:13:49.299+0000] {logging_mixin.py:188} INFO - [2024-04-24T05:13:49.298+0000] {dag.py:3047} INFO - Sync 1 DAGs
[2024-04-24T05:13:49.310+0000] {logging_mixin.py:188} INFO - [2024-04-24T05:13:49.310+0000] {dag.py:3834} INFO - Setting next_dagrun for example_branch_operator to 2024-04-23 00:00:00+00:00, run_after=2024-04-24 00:00:00+00:00
[2024-04-24T05:13:49.320+0000] {processor.py:183} INFO - Processing /home/airflow/.local/lib/python3.8/site-packages/airflow/example_dags/example_branch_operator.py took 0.048 seconds
[2024-04-24T05:14:19.909+0000] {processor.py:161} INFO - Started process (PID=429) to work on /home/airflow/.local/lib/python3.8/site-packages/airflow/example_dags/example_branch_operator.py
[2024-04-24T05:14:19.910+0000] {processor.py:830} INFO - Processing file /home/airflow/.local/lib/python3.8/site-packages/airflow/example_dags/example_branch_operator.py for tasks to queue
[2024-04-24T05:14:19.911+0000] {logging_mixin.py:188} INFO - [2024-04-24T05:14:19.911+0000] {dagbag.py:540} INFO - Filling up the DagBag from /home/airflow/.local/lib/python3.8/site-packages/airflow/example_dags/example_branch_operator.py
[2024-04-24T05:14:19.920+0000] {processor.py:840} INFO - DAG(s) 'example_branch_operator' retrieved from /home/airflow/.local/lib/python3.8/site-packages/airflow/example_dags/example_branch_operator.py
[2024-04-24T05:14:19.934+0000] {logging_mixin.py:188} INFO - [2024-04-24T05:14:19.934+0000] {dag.py:3047} INFO - Sync 1 DAGs
[2024-04-24T05:14:19.947+0000] {logging_mixin.py:188} INFO - [2024-04-24T05:14:19.946+0000] {dag.py:3834} INFO - Setting next_dagrun for example_branch_operator to 2024-04-23 00:00:00+00:00, run_after=2024-04-24 00:00:00+00:00
[2024-04-24T05:14:19.956+0000] {processor.py:183} INFO - Processing /home/airflow/.local/lib/python3.8/site-packages/airflow/example_dags/example_branch_operator.py took 0.049 seconds
[2024-04-24T05:14:50.592+0000] {processor.py:161} INFO - Started process (PID=487) to work on /home/airflow/.local/lib/python3.8/site-packages/airflow/example_dags/example_branch_operator.py
[2024-04-24T05:14:50.592+0000] {processor.py:830} INFO - Processing file /home/airflow/.local/lib/python3.8/site-packages/airflow/example_dags/example_branch_operator.py for tasks to queue
[2024-04-24T05:14:50.593+0000] {logging_mixin.py:188} INFO - [2024-04-24T05:14:50.593+0000] {dagbag.py:540} INFO - Filling up the DagBag from /home/airflow/.local/lib/python3.8/site-packages/airflow/example_dags/example_branch_operator.py
[2024-04-24T05:14:50.603+0000] {processor.py:840} INFO - DAG(s) 'example_branch_operator' retrieved from /home/airflow/.local/lib/python3.8/site-packages/airflow/example_dags/example_branch_operator.py
[2024-04-24T05:14:50.617+0000] {logging_mixin.py:188} INFO - [2024-04-24T05:14:50.617+0000] {dag.py:3047} INFO - Sync 1 DAGs
[2024-04-24T05:14:50.629+0000] {logging_mixin.py:188} INFO - [2024-04-24T05:14:50.629+0000] {dag.py:3834} INFO - Setting next_dagrun for example_branch_operator to 2024-04-23 00:00:00+00:00, run_after=2024-04-24 00:00:00+00:00
[2024-04-24T05:14:50.638+0000] {processor.py:183} INFO - Processing /home/airflow/.local/lib/python3.8/site-packages/airflow/example_dags/example_branch_operator.py took 0.048 seconds
[2024-04-24T05:15:21.108+0000] {processor.py:161} INFO - Started process (PID=546) to work on /home/airflow/.local/lib/python3.8/site-packages/airflow/example_dags/example_branch_operator.py
[2024-04-24T05:15:21.109+0000] {processor.py:830} INFO - Processing file /home/airflow/.local/lib/python3.8/site-packages/airflow/example_dags/example_branch_operator.py for tasks to queue
[2024-04-24T05:15:21.110+0000] {logging_mixin.py:188} INFO - [2024-04-24T05:15:21.110+0000] {dagbag.py:540} INFO - Filling up the DagBag from /home/airflow/.local/lib/python3.8/site-packages/airflow/example_dags/example_branch_operator.py
[2024-04-24T05:15:21.119+0000] {processor.py:840} INFO - DAG(s) 'example_branch_operator' retrieved from /home/airflow/.local/lib/python3.8/site-packages/airflow/example_dags/example_branch_operator.py
[2024-04-24T05:15:21.133+0000] {logging_mixin.py:188} INFO - [2024-04-24T05:15:21.133+0000] {dag.py:3047} INFO - Sync 1 DAGs
[2024-04-24T05:15:21.146+0000] {logging_mixin.py:188} INFO - [2024-04-24T05:15:21.145+0000] {dag.py:3834} INFO - Setting next_dagrun for example_branch_operator to 2024-04-23 00:00:00+00:00, run_after=2024-04-24 00:00:00+00:00
[2024-04-24T05:15:21.155+0000] {processor.py:183} INFO - Processing /home/airflow/.local/lib/python3.8/site-packages/airflow/example_dags/example_branch_operator.py took 0.049 seconds
[2024-04-24T05:15:51.598+0000] {processor.py:161} INFO - Started process (PID=604) to work on /home/airflow/.local/lib/python3.8/site-packages/airflow/example_dags/example_branch_operator.py
[2024-04-24T05:15:51.598+0000] {processor.py:830} INFO - Processing file /home/airflow/.local/lib/python3.8/site-packages/airflow/example_dags/example_branch_operator.py for tasks to queue
[2024-04-24T05:15:51.599+0000] {logging_mixin.py:188} INFO - [2024-04-24T05:15:51.599+0000] {dagbag.py:540} INFO - Filling up the DagBag from /home/airflow/.local/lib/python3.8/site-packages/airflow/example_dags/example_branch_operator.py
[2024-04-24T05:15:51.608+0000] {processor.py:840} INFO - DAG(s) 'example_branch_operator' retrieved from /home/airflow/.local/lib/python3.8/site-packages/airflow/example_dags/example_branch_operator.py
[2024-04-24T05:15:51.623+0000] {logging_mixin.py:188} INFO - [2024-04-24T05:15:51.622+0000] {dag.py:3047} INFO - Sync 1 DAGs
[2024-04-24T05:15:51.634+0000] {logging_mixin.py:188} INFO - [2024-04-24T05:15:51.634+0000] {dag.py:3834} INFO - Setting next_dagrun for example_branch_operator to 2024-04-23 00:00:00+00:00, run_after=2024-04-24 00:00:00+00:00
[2024-04-24T05:15:51.644+0000] {processor.py:183} INFO - Processing /home/airflow/.local/lib/python3.8/site-packages/airflow/example_dags/example_branch_operator.py took 0.048 seconds
[2024-04-24T05:16:22.119+0000] {processor.py:161} INFO - Started process (PID=662) to work on /home/airflow/.local/lib/python3.8/site-packages/airflow/example_dags/example_branch_operator.py
[2024-04-24T05:16:22.120+0000] {processor.py:830} INFO - Processing file /home/airflow/.local/lib/python3.8/site-packages/airflow/example_dags/example_branch_operator.py for tasks to queue
[2024-04-24T05:16:22.121+0000] {logging_mixin.py:188} INFO - [2024-04-24T05:16:22.121+0000] {dagbag.py:540} INFO - Filling up the DagBag from /home/airflow/.local/lib/python3.8/site-packages/airflow/example_dags/example_branch_operator.py
[2024-04-24T05:16:22.133+0000] {processor.py:840} INFO - DAG(s) 'example_branch_operator' retrieved from /home/airflow/.local/lib/python3.8/site-packages/airflow/example_dags/example_branch_operator.py
[2024-04-24T05:16:22.149+0000] {logging_mixin.py:188} INFO - [2024-04-24T05:16:22.149+0000] {dag.py:3047} INFO - Sync 1 DAGs
[2024-04-24T05:16:22.162+0000] {logging_mixin.py:188} INFO - [2024-04-24T05:16:22.161+0000] {dag.py:3834} INFO - Setting next_dagrun for example_branch_operator to 2024-04-23 00:00:00+00:00, run_after=2024-04-24 00:00:00+00:00
[2024-04-24T05:16:22.172+0000] {processor.py:183} INFO - Processing /home/airflow/.local/lib/python3.8/site-packages/airflow/example_dags/example_branch_operator.py took 0.054 seconds
[2024-04-24T05:16:52.665+0000] {processor.py:161} INFO - Started process (PID=720) to work on /home/airflow/.local/lib/python3.8/site-packages/airflow/example_dags/example_branch_operator.py
[2024-04-24T05:16:52.666+0000] {processor.py:830} INFO - Processing file /home/airflow/.local/lib/python3.8/site-packages/airflow/example_dags/example_branch_operator.py for tasks to queue
[2024-04-24T05:16:52.667+0000] {logging_mixin.py:188} INFO - [2024-04-24T05:16:52.667+0000] {dagbag.py:540} INFO - Filling up the DagBag from /home/airflow/.local/lib/python3.8/site-packages/airflow/example_dags/example_branch_operator.py
[2024-04-24T05:16:52.676+0000] {processor.py:840} INFO - DAG(s) 'example_branch_operator' retrieved from /home/airflow/.local/lib/python3.8/site-packages/airflow/example_dags/example_branch_operator.py
[2024-04-24T05:16:52.691+0000] {logging_mixin.py:188} INFO - [2024-04-24T05:16:52.691+0000] {dag.py:3047} INFO - Sync 1 DAGs
[2024-04-24T05:16:52.703+0000] {logging_mixin.py:188} INFO - [2024-04-24T05:16:52.703+0000] {dag.py:3834} INFO - Setting next_dagrun for example_branch_operator to 2024-04-23 00:00:00+00:00, run_after=2024-04-24 00:00:00+00:00
[2024-04-24T05:16:52.713+0000] {processor.py:183} INFO - Processing /home/airflow/.local/lib/python3.8/site-packages/airflow/example_dags/example_branch_operator.py took 0.050 seconds
[2024-04-24T05:17:23.179+0000] {processor.py:161} INFO - Started process (PID=778) to work on /home/airflow/.local/lib/python3.8/site-packages/airflow/example_dags/example_branch_operator.py
[2024-04-24T05:17:23.179+0000] {processor.py:830} INFO - Processing file /home/airflow/.local/lib/python3.8/site-packages/airflow/example_dags/example_branch_operator.py for tasks to queue
[2024-04-24T05:17:23.180+0000] {logging_mixin.py:188} INFO - [2024-04-24T05:17:23.180+0000] {dagbag.py:540} INFO - Filling up the DagBag from /home/airflow/.local/lib/python3.8/site-packages/airflow/example_dags/example_branch_operator.py
[2024-04-24T05:17:23.190+0000] {processor.py:840} INFO - DAG(s) 'example_branch_operator' retrieved from /home/airflow/.local/lib/python3.8/site-packages/airflow/example_dags/example_branch_operator.py
[2024-04-24T05:17:23.205+0000] {logging_mixin.py:188} INFO - [2024-04-24T05:17:23.205+0000] {dag.py:3047} INFO - Sync 1 DAGs
[2024-04-24T05:17:23.218+0000] {logging_mixin.py:188} INFO - [2024-04-24T05:17:23.218+0000] {dag.py:3834} INFO - Setting next_dagrun for example_branch_operator to 2024-04-23 00:00:00+00:00, run_after=2024-04-24 00:00:00+00:00
[2024-04-24T05:17:23.228+0000] {processor.py:183} INFO - Processing /home/airflow/.local/lib/python3.8/site-packages/airflow/example_dags/example_branch_operator.py took 0.051 seconds
[2024-04-24T05:17:53.805+0000] {processor.py:161} INFO - Started process (PID=836) to work on /home/airflow/.local/lib/python3.8/site-packages/airflow/example_dags/example_branch_operator.py
[2024-04-24T05:17:53.806+0000] {processor.py:830} INFO - Processing file /home/airflow/.local/lib/python3.8/site-packages/airflow/example_dags/example_branch_operator.py for tasks to queue
[2024-04-24T05:17:53.807+0000] {logging_mixin.py:188} INFO - [2024-04-24T05:17:53.807+0000] {dagbag.py:540} INFO - Filling up the DagBag from /home/airflow/.local/lib/python3.8/site-packages/airflow/example_dags/example_branch_operator.py
[2024-04-24T05:17:53.817+0000] {processor.py:840} INFO - DAG(s) 'example_branch_operator' retrieved from /home/airflow/.local/lib/python3.8/site-packages/airflow/example_dags/example_branch_operator.py
[2024-04-24T05:17:53.832+0000] {logging_mixin.py:188} INFO - [2024-04-24T05:17:53.832+0000] {dag.py:3047} INFO - Sync 1 DAGs
[2024-04-24T05:17:53.844+0000] {logging_mixin.py:188} INFO - [2024-04-24T05:17:53.844+0000] {dag.py:3834} INFO - Setting next_dagrun for example_branch_operator to 2024-04-23 00:00:00+00:00, run_after=2024-04-24 00:00:00+00:00
[2024-04-24T05:17:53.854+0000] {processor.py:183} INFO - Processing /home/airflow/.local/lib/python3.8/site-packages/airflow/example_dags/example_branch_operator.py took 0.051 seconds
[2024-04-24T05:18:24.543+0000] {processor.py:161} INFO - Started process (PID=894) to work on /home/airflow/.local/lib/python3.8/site-packages/airflow/example_dags/example_branch_operator.py
[2024-04-24T05:18:24.543+0000] {processor.py:830} INFO - Processing file /home/airflow/.local/lib/python3.8/site-packages/airflow/example_dags/example_branch_operator.py for tasks to queue
[2024-04-24T05:18:24.544+0000] {logging_mixin.py:188} INFO - [2024-04-24T05:18:24.544+0000] {dagbag.py:540} INFO - Filling up the DagBag from /home/airflow/.local/lib/python3.8/site-packages/airflow/example_dags/example_branch_operator.py
[2024-04-24T05:18:24.554+0000] {processor.py:840} INFO - DAG(s) 'example_branch_operator' retrieved from /home/airflow/.local/lib/python3.8/site-packages/airflow/example_dags/example_branch_operator.py
[2024-04-24T05:18:24.568+0000] {logging_mixin.py:188} INFO - [2024-04-24T05:18:24.568+0000] {dag.py:3047} INFO - Sync 1 DAGs
[2024-04-24T05:18:24.580+0000] {logging_mixin.py:188} INFO - [2024-04-24T05:18:24.580+0000] {dag.py:3834} INFO - Setting next_dagrun for example_branch_operator to 2024-04-23 00:00:00+00:00, run_after=2024-04-24 00:00:00+00:00
[2024-04-24T05:18:24.590+0000] {processor.py:183} INFO - Processing /home/airflow/.local/lib/python3.8/site-packages/airflow/example_dags/example_branch_operator.py took 0.050 seconds
[2024-04-24T05:18:55.084+0000] {processor.py:161} INFO - Started process (PID=952) to work on /home/airflow/.local/lib/python3.8/site-packages/airflow/example_dags/example_branch_operator.py
[2024-04-24T05:18:55.085+0000] {processor.py:830} INFO - Processing file /home/airflow/.local/lib/python3.8/site-packages/airflow/example_dags/example_branch_operator.py for tasks to queue
[2024-04-24T05:18:55.086+0000] {logging_mixin.py:188} INFO - [2024-04-24T05:18:55.086+0000] {dagbag.py:540} INFO - Filling up the DagBag from /home/airflow/.local/lib/python3.8/site-packages/airflow/example_dags/example_branch_operator.py
[2024-04-24T05:18:55.095+0000] {processor.py:840} INFO - DAG(s) 'example_branch_operator' retrieved from /home/airflow/.local/lib/python3.8/site-packages/airflow/example_dags/example_branch_operator.py
[2024-04-24T05:18:55.110+0000] {logging_mixin.py:188} INFO - [2024-04-24T05:18:55.109+0000] {dag.py:3047} INFO - Sync 1 DAGs
[2024-04-24T05:18:55.122+0000] {logging_mixin.py:188} INFO - [2024-04-24T05:18:55.121+0000] {dag.py:3834} INFO - Setting next_dagrun for example_branch_operator to 2024-04-23 00:00:00+00:00, run_after=2024-04-24 00:00:00+00:00
[2024-04-24T05:18:55.131+0000] {processor.py:183} INFO - Processing /home/airflow/.local/lib/python3.8/site-packages/airflow/example_dags/example_branch_operator.py took 0.049 seconds
[2024-04-24T05:19:25.744+0000] {processor.py:161} INFO - Started process (PID=1010) to work on /home/airflow/.local/lib/python3.8/site-packages/airflow/example_dags/example_branch_operator.py
[2024-04-24T05:19:25.744+0000] {processor.py:830} INFO - Processing file /home/airflow/.local/lib/python3.8/site-packages/airflow/example_dags/example_branch_operator.py for tasks to queue
[2024-04-24T05:19:25.745+0000] {logging_mixin.py:188} INFO - [2024-04-24T05:19:25.745+0000] {dagbag.py:540} INFO - Filling up the DagBag from /home/airflow/.local/lib/python3.8/site-packages/airflow/example_dags/example_branch_operator.py
[2024-04-24T05:19:25.754+0000] {processor.py:840} INFO - DAG(s) 'example_branch_operator' retrieved from /home/airflow/.local/lib/python3.8/site-packages/airflow/example_dags/example_branch_operator.py
[2024-04-24T05:19:25.768+0000] {logging_mixin.py:188} INFO - [2024-04-24T05:19:25.768+0000] {dag.py:3047} INFO - Sync 1 DAGs
[2024-04-24T05:19:25.780+0000] {logging_mixin.py:188} INFO - [2024-04-24T05:19:25.780+0000] {dag.py:3834} INFO - Setting next_dagrun for example_branch_operator to 2024-04-23 00:00:00+00:00, run_after=2024-04-24 00:00:00+00:00
[2024-04-24T05:19:25.789+0000] {processor.py:183} INFO - Processing /home/airflow/.local/lib/python3.8/site-packages/airflow/example_dags/example_branch_operator.py took 0.047 seconds
[2024-04-24T05:19:56.214+0000] {processor.py:161} INFO - Started process (PID=1068) to work on /home/airflow/.local/lib/python3.8/site-packages/airflow/example_dags/example_branch_operator.py
[2024-04-24T05:19:56.214+0000] {processor.py:830} INFO - Processing file /home/airflow/.local/lib/python3.8/site-packages/airflow/example_dags/example_branch_operator.py for tasks to queue
[2024-04-24T05:19:56.215+0000] {logging_mixin.py:188} INFO - [2024-04-24T05:19:56.215+0000] {dagbag.py:540} INFO - Filling up the DagBag from /home/airflow/.local/lib/python3.8/site-packages/airflow/example_dags/example_branch_operator.py
[2024-04-24T05:19:56.225+0000] {processor.py:840} INFO - DAG(s) 'example_branch_operator' retrieved from /home/airflow/.local/lib/python3.8/site-packages/airflow/example_dags/example_branch_operator.py
[2024-04-24T05:19:56.239+0000] {logging_mixin.py:188} INFO - [2024-04-24T05:19:56.239+0000] {dag.py:3047} INFO - Sync 1 DAGs
[2024-04-24T05:19:56.252+0000] {logging_mixin.py:188} INFO - [2024-04-24T05:19:56.252+0000] {dag.py:3834} INFO - Setting next_dagrun for example_branch_operator to 2024-04-23 00:00:00+00:00, run_after=2024-04-24 00:00:00+00:00
[2024-04-24T05:19:56.262+0000] {processor.py:183} INFO - Processing /home/airflow/.local/lib/python3.8/site-packages/airflow/example_dags/example_branch_operator.py took 0.050 seconds
[2024-04-24T05:20:26.805+0000] {processor.py:161} INFO - Started process (PID=1126) to work on /home/airflow/.local/lib/python3.8/site-packages/airflow/example_dags/example_branch_operator.py
[2024-04-24T05:20:26.805+0000] {processor.py:830} INFO - Processing file /home/airflow/.local/lib/python3.8/site-packages/airflow/example_dags/example_branch_operator.py for tasks to queue
[2024-04-24T05:20:26.806+0000] {logging_mixin.py:188} INFO - [2024-04-24T05:20:26.806+0000] {dagbag.py:540} INFO - Filling up the DagBag from /home/airflow/.local/lib/python3.8/site-packages/airflow/example_dags/example_branch_operator.py
[2024-04-24T05:20:26.815+0000] {processor.py:840} INFO - DAG(s) 'example_branch_operator' retrieved from /home/airflow/.local/lib/python3.8/site-packages/airflow/example_dags/example_branch_operator.py
[2024-04-24T05:20:26.829+0000] {logging_mixin.py:188} INFO - [2024-04-24T05:20:26.829+0000] {dag.py:3047} INFO - Sync 1 DAGs
[2024-04-24T05:20:26.841+0000] {logging_mixin.py:188} INFO - [2024-04-24T05:20:26.840+0000] {dag.py:3834} INFO - Setting next_dagrun for example_branch_operator to 2024-04-23 00:00:00+00:00, run_after=2024-04-24 00:00:00+00:00
[2024-04-24T05:20:26.850+0000] {processor.py:183} INFO - Processing /home/airflow/.local/lib/python3.8/site-packages/airflow/example_dags/example_branch_operator.py took 0.047 seconds
[2024-04-24T05:20:57.315+0000] {processor.py:161} INFO - Started process (PID=1184) to work on /home/airflow/.local/lib/python3.8/site-packages/airflow/example_dags/example_branch_operator.py
[2024-04-24T05:20:57.316+0000] {processor.py:830} INFO - Processing file /home/airflow/.local/lib/python3.8/site-packages/airflow/example_dags/example_branch_operator.py for tasks to queue
[2024-04-24T05:20:57.317+0000] {logging_mixin.py:188} INFO - [2024-04-24T05:20:57.317+0000] {dagbag.py:540} INFO - Filling up the DagBag from /home/airflow/.local/lib/python3.8/site-packages/airflow/example_dags/example_branch_operator.py
[2024-04-24T05:20:57.326+0000] {processor.py:840} INFO - DAG(s) 'example_branch_operator' retrieved from /home/airflow/.local/lib/python3.8/site-packages/airflow/example_dags/example_branch_operator.py
[2024-04-24T05:20:57.340+0000] {logging_mixin.py:188} INFO - [2024-04-24T05:20:57.340+0000] {dag.py:3047} INFO - Sync 1 DAGs
[2024-04-24T05:20:57.352+0000] {logging_mixin.py:188} INFO - [2024-04-24T05:20:57.352+0000] {dag.py:3834} INFO - Setting next_dagrun for example_branch_operator to 2024-04-23 00:00:00+00:00, run_after=2024-04-24 00:00:00+00:00
[2024-04-24T05:20:57.362+0000] {processor.py:183} INFO - Processing /home/airflow/.local/lib/python3.8/site-packages/airflow/example_dags/example_branch_operator.py took 0.049 seconds
[2024-04-24T05:21:27.823+0000] {processor.py:161} INFO - Started process (PID=1242) to work on /home/airflow/.local/lib/python3.8/site-packages/airflow/example_dags/example_branch_operator.py
[2024-04-24T05:21:27.824+0000] {processor.py:830} INFO - Processing file /home/airflow/.local/lib/python3.8/site-packages/airflow/example_dags/example_branch_operator.py for tasks to queue
[2024-04-24T05:21:27.825+0000] {logging_mixin.py:188} INFO - [2024-04-24T05:21:27.825+0000] {dagbag.py:540} INFO - Filling up the DagBag from /home/airflow/.local/lib/python3.8/site-packages/airflow/example_dags/example_branch_operator.py
[2024-04-24T05:21:27.834+0000] {processor.py:840} INFO - DAG(s) 'example_branch_operator' retrieved from /home/airflow/.local/lib/python3.8/site-packages/airflow/example_dags/example_branch_operator.py
[2024-04-24T05:21:27.848+0000] {logging_mixin.py:188} INFO - [2024-04-24T05:21:27.848+0000] {dag.py:3047} INFO - Sync 1 DAGs
[2024-04-24T05:21:27.860+0000] {logging_mixin.py:188} INFO - [2024-04-24T05:21:27.860+0000] {dag.py:3834} INFO - Setting next_dagrun for example_branch_operator to 2024-04-23 00:00:00+00:00, run_after=2024-04-24 00:00:00+00:00
[2024-04-24T05:21:27.874+0000] {processor.py:183} INFO - Processing /home/airflow/.local/lib/python3.8/site-packages/airflow/example_dags/example_branch_operator.py took 0.052 seconds
[2024-04-24T05:21:58.312+0000] {processor.py:161} INFO - Started process (PID=1300) to work on /home/airflow/.local/lib/python3.8/site-packages/airflow/example_dags/example_branch_operator.py
[2024-04-24T05:21:58.312+0000] {processor.py:830} INFO - Processing file /home/airflow/.local/lib/python3.8/site-packages/airflow/example_dags/example_branch_operator.py for tasks to queue
[2024-04-24T05:21:58.313+0000] {logging_mixin.py:188} INFO - [2024-04-24T05:21:58.313+0000] {dagbag.py:540} INFO - Filling up the DagBag from /home/airflow/.local/lib/python3.8/site-packages/airflow/example_dags/example_branch_operator.py
[2024-04-24T05:21:58.323+0000] {processor.py:840} INFO - DAG(s) 'example_branch_operator' retrieved from /home/airflow/.local/lib/python3.8/site-packages/airflow/example_dags/example_branch_operator.py
[2024-04-24T05:21:58.337+0000] {logging_mixin.py:188} INFO - [2024-04-24T05:21:58.337+0000] {dag.py:3047} INFO - Sync 1 DAGs
[2024-04-24T05:21:58.348+0000] {logging_mixin.py:188} INFO - [2024-04-24T05:21:58.348+0000] {dag.py:3834} INFO - Setting next_dagrun for example_branch_operator to 2024-04-23 00:00:00+00:00, run_after=2024-04-24 00:00:00+00:00
[2024-04-24T05:21:58.358+0000] {processor.py:183} INFO - Processing /home/airflow/.local/lib/python3.8/site-packages/airflow/example_dags/example_branch_operator.py took 0.048 seconds
[2024-04-24T05:22:28.826+0000] {processor.py:161} INFO - Started process (PID=1358) to work on /home/airflow/.local/lib/python3.8/site-packages/airflow/example_dags/example_branch_operator.py
[2024-04-24T05:22:28.826+0000] {processor.py:830} INFO - Processing file /home/airflow/.local/lib/python3.8/site-packages/airflow/example_dags/example_branch_operator.py for tasks to queue
[2024-04-24T05:22:28.827+0000] {logging_mixin.py:188} INFO - [2024-04-24T05:22:28.827+0000] {dagbag.py:540} INFO - Filling up the DagBag from /home/airflow/.local/lib/python3.8/site-packages/airflow/example_dags/example_branch_operator.py
[2024-04-24T05:22:28.836+0000] {processor.py:840} INFO - DAG(s) 'example_branch_operator' retrieved from /home/airflow/.local/lib/python3.8/site-packages/airflow/example_dags/example_branch_operator.py
[2024-04-24T05:22:28.850+0000] {logging_mixin.py:188} INFO - [2024-04-24T05:22:28.850+0000] {dag.py:3047} INFO - Sync 1 DAGs
[2024-04-24T05:22:28.861+0000] {logging_mixin.py:188} INFO - [2024-04-24T05:22:28.861+0000] {dag.py:3834} INFO - Setting next_dagrun for example_branch_operator to 2024-04-23 00:00:00+00:00, run_after=2024-04-24 00:00:00+00:00
[2024-04-24T05:22:28.871+0000] {processor.py:183} INFO - Processing /home/airflow/.local/lib/python3.8/site-packages/airflow/example_dags/example_branch_operator.py took 0.046 seconds
[2024-04-24T05:22:59.347+0000] {processor.py:161} INFO - Started process (PID=1416) to work on /home/airflow/.local/lib/python3.8/site-packages/airflow/example_dags/example_branch_operator.py
[2024-04-24T05:22:59.348+0000] {processor.py:830} INFO - Processing file /home/airflow/.local/lib/python3.8/site-packages/airflow/example_dags/example_branch_operator.py for tasks to queue
[2024-04-24T05:22:59.349+0000] {logging_mixin.py:188} INFO - [2024-04-24T05:22:59.349+0000] {dagbag.py:540} INFO - Filling up the DagBag from /home/airflow/.local/lib/python3.8/site-packages/airflow/example_dags/example_branch_operator.py
[2024-04-24T05:22:59.358+0000] {processor.py:840} INFO - DAG(s) 'example_branch_operator' retrieved from /home/airflow/.local/lib/python3.8/site-packages/airflow/example_dags/example_branch_operator.py
[2024-04-24T05:22:59.373+0000] {logging_mixin.py:188} INFO - [2024-04-24T05:22:59.373+0000] {dag.py:3047} INFO - Sync 1 DAGs
[2024-04-24T05:22:59.385+0000] {logging_mixin.py:188} INFO - [2024-04-24T05:22:59.385+0000] {dag.py:3834} INFO - Setting next_dagrun for example_branch_operator to 2024-04-23 00:00:00+00:00, run_after=2024-04-24 00:00:00+00:00
[2024-04-24T05:22:59.395+0000] {processor.py:183} INFO - Processing /home/airflow/.local/lib/python3.8/site-packages/airflow/example_dags/example_branch_operator.py took 0.050 seconds
[2024-04-24T05:23:29.871+0000] {processor.py:161} INFO - Started process (PID=1474) to work on /home/airflow/.local/lib/python3.8/site-packages/airflow/example_dags/example_branch_operator.py
[2024-04-24T05:23:29.872+0000] {processor.py:830} INFO - Processing file /home/airflow/.local/lib/python3.8/site-packages/airflow/example_dags/example_branch_operator.py for tasks to queue
[2024-04-24T05:23:29.873+0000] {logging_mixin.py:188} INFO - [2024-04-24T05:23:29.873+0000] {dagbag.py:540} INFO - Filling up the DagBag from /home/airflow/.local/lib/python3.8/site-packages/airflow/example_dags/example_branch_operator.py
[2024-04-24T05:23:29.882+0000] {processor.py:840} INFO - DAG(s) 'example_branch_operator' retrieved from /home/airflow/.local/lib/python3.8/site-packages/airflow/example_dags/example_branch_operator.py
[2024-04-24T05:23:29.896+0000] {logging_mixin.py:188} INFO - [2024-04-24T05:23:29.896+0000] {dag.py:3047} INFO - Sync 1 DAGs
[2024-04-24T05:23:29.908+0000] {logging_mixin.py:188} INFO - [2024-04-24T05:23:29.908+0000] {dag.py:3834} INFO - Setting next_dagrun for example_branch_operator to 2024-04-23 00:00:00+00:00, run_after=2024-04-24 00:00:00+00:00
[2024-04-24T05:23:29.918+0000] {processor.py:183} INFO - Processing /home/airflow/.local/lib/python3.8/site-packages/airflow/example_dags/example_branch_operator.py took 0.048 seconds
[2024-04-24T05:24:00.371+0000] {processor.py:161} INFO - Started process (PID=1532) to work on /home/airflow/.local/lib/python3.8/site-packages/airflow/example_dags/example_branch_operator.py
[2024-04-24T05:24:00.372+0000] {processor.py:830} INFO - Processing file /home/airflow/.local/lib/python3.8/site-packages/airflow/example_dags/example_branch_operator.py for tasks to queue
[2024-04-24T05:24:00.373+0000] {logging_mixin.py:188} INFO - [2024-04-24T05:24:00.373+0000] {dagbag.py:540} INFO - Filling up the DagBag from /home/airflow/.local/lib/python3.8/site-packages/airflow/example_dags/example_branch_operator.py
[2024-04-24T05:24:00.382+0000] {processor.py:840} INFO - DAG(s) 'example_branch_operator' retrieved from /home/airflow/.local/lib/python3.8/site-packages/airflow/example_dags/example_branch_operator.py
[2024-04-24T05:24:00.396+0000] {logging_mixin.py:188} INFO - [2024-04-24T05:24:00.396+0000] {dag.py:3047} INFO - Sync 1 DAGs
[2024-04-24T05:24:00.408+0000] {logging_mixin.py:188} INFO - [2024-04-24T05:24:00.408+0000] {dag.py:3834} INFO - Setting next_dagrun for example_branch_operator to 2024-04-23 00:00:00+00:00, run_after=2024-04-24 00:00:00+00:00
[2024-04-24T05:24:00.417+0000] {processor.py:183} INFO - Processing /home/airflow/.local/lib/python3.8/site-packages/airflow/example_dags/example_branch_operator.py took 0.048 seconds
[2024-04-24T05:24:30.834+0000] {processor.py:161} INFO - Started process (PID=1590) to work on /home/airflow/.local/lib/python3.8/site-packages/airflow/example_dags/example_branch_operator.py
[2024-04-24T05:24:30.834+0000] {processor.py:830} INFO - Processing file /home/airflow/.local/lib/python3.8/site-packages/airflow/example_dags/example_branch_operator.py for tasks to queue
[2024-04-24T05:24:30.835+0000] {logging_mixin.py:188} INFO - [2024-04-24T05:24:30.835+0000] {dagbag.py:540} INFO - Filling up the DagBag from /home/airflow/.local/lib/python3.8/site-packages/airflow/example_dags/example_branch_operator.py
[2024-04-24T05:24:30.845+0000] {processor.py:840} INFO - DAG(s) 'example_branch_operator' retrieved from /home/airflow/.local/lib/python3.8/site-packages/airflow/example_dags/example_branch_operator.py
[2024-04-24T05:24:30.859+0000] {logging_mixin.py:188} INFO - [2024-04-24T05:24:30.859+0000] {dag.py:3047} INFO - Sync 1 DAGs
[2024-04-24T05:24:30.871+0000] {logging_mixin.py:188} INFO - [2024-04-24T05:24:30.870+0000] {dag.py:3834} INFO - Setting next_dagrun for example_branch_operator to 2024-04-23 00:00:00+00:00, run_after=2024-04-24 00:00:00+00:00
[2024-04-24T05:24:30.880+0000] {processor.py:183} INFO - Processing /home/airflow/.local/lib/python3.8/site-packages/airflow/example_dags/example_branch_operator.py took 0.048 seconds
[2024-04-24T05:25:01.296+0000] {processor.py:161} INFO - Started process (PID=1648) to work on /home/airflow/.local/lib/python3.8/site-packages/airflow/example_dags/example_branch_operator.py
[2024-04-24T05:25:01.297+0000] {processor.py:830} INFO - Processing file /home/airflow/.local/lib/python3.8/site-packages/airflow/example_dags/example_branch_operator.py for tasks to queue
[2024-04-24T05:25:01.298+0000] {logging_mixin.py:188} INFO - [2024-04-24T05:25:01.297+0000] {dagbag.py:540} INFO - Filling up the DagBag from /home/airflow/.local/lib/python3.8/site-packages/airflow/example_dags/example_branch_operator.py
[2024-04-24T05:25:01.307+0000] {processor.py:840} INFO - DAG(s) 'example_branch_operator' retrieved from /home/airflow/.local/lib/python3.8/site-packages/airflow/example_dags/example_branch_operator.py
[2024-04-24T05:25:01.321+0000] {logging_mixin.py:188} INFO - [2024-04-24T05:25:01.321+0000] {dag.py:3047} INFO - Sync 1 DAGs
[2024-04-24T05:25:01.333+0000] {logging_mixin.py:188} INFO - [2024-04-24T05:25:01.333+0000] {dag.py:3834} INFO - Setting next_dagrun for example_branch_operator to 2024-04-23 00:00:00+00:00, run_after=2024-04-24 00:00:00+00:00
[2024-04-24T05:25:01.342+0000] {processor.py:183} INFO - Processing /home/airflow/.local/lib/python3.8/site-packages/airflow/example_dags/example_branch_operator.py took 0.048 seconds
[2024-04-24T05:25:31.744+0000] {processor.py:161} INFO - Started process (PID=1706) to work on /home/airflow/.local/lib/python3.8/site-packages/airflow/example_dags/example_branch_operator.py
[2024-04-24T05:25:31.745+0000] {processor.py:830} INFO - Processing file /home/airflow/.local/lib/python3.8/site-packages/airflow/example_dags/example_branch_operator.py for tasks to queue
[2024-04-24T05:25:31.746+0000] {logging_mixin.py:188} INFO - [2024-04-24T05:25:31.745+0000] {dagbag.py:540} INFO - Filling up the DagBag from /home/airflow/.local/lib/python3.8/site-packages/airflow/example_dags/example_branch_operator.py
[2024-04-24T05:25:31.755+0000] {processor.py:840} INFO - DAG(s) 'example_branch_operator' retrieved from /home/airflow/.local/lib/python3.8/site-packages/airflow/example_dags/example_branch_operator.py
[2024-04-24T05:25:31.770+0000] {logging_mixin.py:188} INFO - [2024-04-24T05:25:31.770+0000] {dag.py:3047} INFO - Sync 1 DAGs
[2024-04-24T05:25:31.783+0000] {logging_mixin.py:188} INFO - [2024-04-24T05:25:31.783+0000] {dag.py:3834} INFO - Setting next_dagrun for example_branch_operator to 2024-04-23 00:00:00+00:00, run_after=2024-04-24 00:00:00+00:00
[2024-04-24T05:25:31.792+0000] {processor.py:183} INFO - Processing /home/airflow/.local/lib/python3.8/site-packages/airflow/example_dags/example_branch_operator.py took 0.050 seconds
[2024-04-24T05:26:02.553+0000] {processor.py:161} INFO - Started process (PID=1764) to work on /home/airflow/.local/lib/python3.8/site-packages/airflow/example_dags/example_branch_operator.py
[2024-04-24T05:26:02.554+0000] {processor.py:830} INFO - Processing file /home/airflow/.local/lib/python3.8/site-packages/airflow/example_dags/example_branch_operator.py for tasks to queue
[2024-04-24T05:26:02.555+0000] {logging_mixin.py:188} INFO - [2024-04-24T05:26:02.554+0000] {dagbag.py:540} INFO - Filling up the DagBag from /home/airflow/.local/lib/python3.8/site-packages/airflow/example_dags/example_branch_operator.py
[2024-04-24T05:26:02.564+0000] {processor.py:840} INFO - DAG(s) 'example_branch_operator' retrieved from /home/airflow/.local/lib/python3.8/site-packages/airflow/example_dags/example_branch_operator.py
[2024-04-24T05:26:02.577+0000] {logging_mixin.py:188} INFO - [2024-04-24T05:26:02.577+0000] {dag.py:3047} INFO - Sync 1 DAGs
[2024-04-24T05:26:02.589+0000] {logging_mixin.py:188} INFO - [2024-04-24T05:26:02.589+0000] {dag.py:3834} INFO - Setting next_dagrun for example_branch_operator to 2024-04-23 00:00:00+00:00, run_after=2024-04-24 00:00:00+00:00
[2024-04-24T05:26:02.599+0000] {processor.py:183} INFO - Processing /home/airflow/.local/lib/python3.8/site-packages/airflow/example_dags/example_branch_operator.py took 0.048 seconds
[2024-04-24T05:26:33.031+0000] {processor.py:161} INFO - Started process (PID=1822) to work on /home/airflow/.local/lib/python3.8/site-packages/airflow/example_dags/example_branch_operator.py
[2024-04-24T05:26:33.031+0000] {processor.py:830} INFO - Processing file /home/airflow/.local/lib/python3.8/site-packages/airflow/example_dags/example_branch_operator.py for tasks to queue
[2024-04-24T05:26:33.032+0000] {logging_mixin.py:188} INFO - [2024-04-24T05:26:33.032+0000] {dagbag.py:540} INFO - Filling up the DagBag from /home/airflow/.local/lib/python3.8/site-packages/airflow/example_dags/example_branch_operator.py
[2024-04-24T05:26:33.041+0000] {processor.py:840} INFO - DAG(s) 'example_branch_operator' retrieved from /home/airflow/.local/lib/python3.8/site-packages/airflow/example_dags/example_branch_operator.py
[2024-04-24T05:26:33.056+0000] {logging_mixin.py:188} INFO - [2024-04-24T05:26:33.056+0000] {dag.py:3047} INFO - Sync 1 DAGs
[2024-04-24T05:26:33.068+0000] {logging_mixin.py:188} INFO - [2024-04-24T05:26:33.068+0000] {dag.py:3834} INFO - Setting next_dagrun for example_branch_operator to 2024-04-23 00:00:00+00:00, run_after=2024-04-24 00:00:00+00:00
[2024-04-24T05:26:33.078+0000] {processor.py:183} INFO - Processing /home/airflow/.local/lib/python3.8/site-packages/airflow/example_dags/example_branch_operator.py took 0.049 seconds
[2024-04-24T05:27:03.863+0000] {processor.py:161} INFO - Started process (PID=1880) to work on /home/airflow/.local/lib/python3.8/site-packages/airflow/example_dags/example_branch_operator.py
[2024-04-24T05:27:03.864+0000] {processor.py:830} INFO - Processing file /home/airflow/.local/lib/python3.8/site-packages/airflow/example_dags/example_branch_operator.py for tasks to queue
[2024-04-24T05:27:03.865+0000] {logging_mixin.py:188} INFO - [2024-04-24T05:27:03.864+0000] {dagbag.py:540} INFO - Filling up the DagBag from /home/airflow/.local/lib/python3.8/site-packages/airflow/example_dags/example_branch_operator.py
[2024-04-24T05:27:03.874+0000] {processor.py:840} INFO - DAG(s) 'example_branch_operator' retrieved from /home/airflow/.local/lib/python3.8/site-packages/airflow/example_dags/example_branch_operator.py
[2024-04-24T05:27:03.887+0000] {logging_mixin.py:188} INFO - [2024-04-24T05:27:03.887+0000] {dag.py:3047} INFO - Sync 1 DAGs
[2024-04-24T05:27:03.899+0000] {logging_mixin.py:188} INFO - [2024-04-24T05:27:03.898+0000] {dag.py:3834} INFO - Setting next_dagrun for example_branch_operator to 2024-04-23 00:00:00+00:00, run_after=2024-04-24 00:00:00+00:00
[2024-04-24T05:27:03.908+0000] {processor.py:183} INFO - Processing /home/airflow/.local/lib/python3.8/site-packages/airflow/example_dags/example_branch_operator.py took 0.047 seconds
[2024-04-24T05:27:34.401+0000] {processor.py:161} INFO - Started process (PID=1938) to work on /home/airflow/.local/lib/python3.8/site-packages/airflow/example_dags/example_branch_operator.py
[2024-04-24T05:27:34.402+0000] {processor.py:830} INFO - Processing file /home/airflow/.local/lib/python3.8/site-packages/airflow/example_dags/example_branch_operator.py for tasks to queue
[2024-04-24T05:27:34.403+0000] {logging_mixin.py:188} INFO - [2024-04-24T05:27:34.403+0000] {dagbag.py:540} INFO - Filling up the DagBag from /home/airflow/.local/lib/python3.8/site-packages/airflow/example_dags/example_branch_operator.py
[2024-04-24T05:27:34.412+0000] {processor.py:840} INFO - DAG(s) 'example_branch_operator' retrieved from /home/airflow/.local/lib/python3.8/site-packages/airflow/example_dags/example_branch_operator.py
[2024-04-24T05:27:34.427+0000] {logging_mixin.py:188} INFO - [2024-04-24T05:27:34.427+0000] {dag.py:3047} INFO - Sync 1 DAGs
[2024-04-24T05:27:34.438+0000] {logging_mixin.py:188} INFO - [2024-04-24T05:27:34.438+0000] {dag.py:3834} INFO - Setting next_dagrun for example_branch_operator to 2024-04-23 00:00:00+00:00, run_after=2024-04-24 00:00:00+00:00
[2024-04-24T05:27:34.447+0000] {processor.py:183} INFO - Processing /home/airflow/.local/lib/python3.8/site-packages/airflow/example_dags/example_branch_operator.py took 0.048 seconds
[2024-04-24T05:28:05.092+0000] {processor.py:161} INFO - Started process (PID=1996) to work on /home/airflow/.local/lib/python3.8/site-packages/airflow/example_dags/example_branch_operator.py
[2024-04-24T05:28:05.093+0000] {processor.py:830} INFO - Processing file /home/airflow/.local/lib/python3.8/site-packages/airflow/example_dags/example_branch_operator.py for tasks to queue
[2024-04-24T05:28:05.094+0000] {logging_mixin.py:188} INFO - [2024-04-24T05:28:05.093+0000] {dagbag.py:540} INFO - Filling up the DagBag from /home/airflow/.local/lib/python3.8/site-packages/airflow/example_dags/example_branch_operator.py
[2024-04-24T05:28:05.103+0000] {processor.py:840} INFO - DAG(s) 'example_branch_operator' retrieved from /home/airflow/.local/lib/python3.8/site-packages/airflow/example_dags/example_branch_operator.py
[2024-04-24T05:28:05.118+0000] {logging_mixin.py:188} INFO - [2024-04-24T05:28:05.118+0000] {dag.py:3047} INFO - Sync 1 DAGs
[2024-04-24T05:28:05.130+0000] {logging_mixin.py:188} INFO - [2024-04-24T05:28:05.130+0000] {dag.py:3834} INFO - Setting next_dagrun for example_branch_operator to 2024-04-23 00:00:00+00:00, run_after=2024-04-24 00:00:00+00:00
[2024-04-24T05:28:05.141+0000] {processor.py:183} INFO - Processing /home/airflow/.local/lib/python3.8/site-packages/airflow/example_dags/example_branch_operator.py took 0.051 seconds
[2024-04-24T05:28:35.831+0000] {processor.py:161} INFO - Started process (PID=2054) to work on /home/airflow/.local/lib/python3.8/site-packages/airflow/example_dags/example_branch_operator.py
[2024-04-24T05:28:35.832+0000] {processor.py:830} INFO - Processing file /home/airflow/.local/lib/python3.8/site-packages/airflow/example_dags/example_branch_operator.py for tasks to queue
[2024-04-24T05:28:35.833+0000] {logging_mixin.py:188} INFO - [2024-04-24T05:28:35.833+0000] {dagbag.py:540} INFO - Filling up the DagBag from /home/airflow/.local/lib/python3.8/site-packages/airflow/example_dags/example_branch_operator.py
[2024-04-24T05:28:35.842+0000] {processor.py:840} INFO - DAG(s) 'example_branch_operator' retrieved from /home/airflow/.local/lib/python3.8/site-packages/airflow/example_dags/example_branch_operator.py
[2024-04-24T05:28:35.856+0000] {logging_mixin.py:188} INFO - [2024-04-24T05:28:35.856+0000] {dag.py:3047} INFO - Sync 1 DAGs
[2024-04-24T05:28:35.871+0000] {logging_mixin.py:188} INFO - [2024-04-24T05:28:35.870+0000] {dag.py:3834} INFO - Setting next_dagrun for example_branch_operator to 2024-04-23 00:00:00+00:00, run_after=2024-04-24 00:00:00+00:00
[2024-04-24T05:28:35.881+0000] {processor.py:183} INFO - Processing /home/airflow/.local/lib/python3.8/site-packages/airflow/example_dags/example_branch_operator.py took 0.051 seconds
[2024-04-24T05:29:06.414+0000] {processor.py:161} INFO - Started process (PID=2112) to work on /home/airflow/.local/lib/python3.8/site-packages/airflow/example_dags/example_branch_operator.py
[2024-04-24T05:29:06.414+0000] {processor.py:830} INFO - Processing file /home/airflow/.local/lib/python3.8/site-packages/airflow/example_dags/example_branch_operator.py for tasks to queue
[2024-04-24T05:29:06.415+0000] {logging_mixin.py:188} INFO - [2024-04-24T05:29:06.415+0000] {dagbag.py:540} INFO - Filling up the DagBag from /home/airflow/.local/lib/python3.8/site-packages/airflow/example_dags/example_branch_operator.py
[2024-04-24T05:29:06.424+0000] {processor.py:840} INFO - DAG(s) 'example_branch_operator' retrieved from /home/airflow/.local/lib/python3.8/site-packages/airflow/example_dags/example_branch_operator.py
[2024-04-24T05:29:06.439+0000] {logging_mixin.py:188} INFO - [2024-04-24T05:29:06.438+0000] {dag.py:3047} INFO - Sync 1 DAGs
[2024-04-24T05:29:06.450+0000] {logging_mixin.py:188} INFO - [2024-04-24T05:29:06.450+0000] {dag.py:3834} INFO - Setting next_dagrun for example_branch_operator to 2024-04-23 00:00:00+00:00, run_after=2024-04-24 00:00:00+00:00
[2024-04-24T05:29:06.459+0000] {processor.py:183} INFO - Processing /home/airflow/.local/lib/python3.8/site-packages/airflow/example_dags/example_branch_operator.py took 0.046 seconds
[2024-04-24T05:29:36.951+0000] {processor.py:161} INFO - Started process (PID=2170) to work on /home/airflow/.local/lib/python3.8/site-packages/airflow/example_dags/example_branch_operator.py
[2024-04-24T05:29:36.952+0000] {processor.py:830} INFO - Processing file /home/airflow/.local/lib/python3.8/site-packages/airflow/example_dags/example_branch_operator.py for tasks to queue
[2024-04-24T05:29:36.953+0000] {logging_mixin.py:188} INFO - [2024-04-24T05:29:36.953+0000] {dagbag.py:540} INFO - Filling up the DagBag from /home/airflow/.local/lib/python3.8/site-packages/airflow/example_dags/example_branch_operator.py
[2024-04-24T05:29:36.962+0000] {processor.py:840} INFO - DAG(s) 'example_branch_operator' retrieved from /home/airflow/.local/lib/python3.8/site-packages/airflow/example_dags/example_branch_operator.py
[2024-04-24T05:29:36.976+0000] {logging_mixin.py:188} INFO - [2024-04-24T05:29:36.976+0000] {dag.py:3047} INFO - Sync 1 DAGs
[2024-04-24T05:29:36.988+0000] {logging_mixin.py:188} INFO - [2024-04-24T05:29:36.988+0000] {dag.py:3834} INFO - Setting next_dagrun for example_branch_operator to 2024-04-23 00:00:00+00:00, run_after=2024-04-24 00:00:00+00:00
[2024-04-24T05:29:36.997+0000] {processor.py:183} INFO - Processing /home/airflow/.local/lib/python3.8/site-packages/airflow/example_dags/example_branch_operator.py took 0.048 seconds
[2024-04-24T05:30:07.550+0000] {processor.py:161} INFO - Started process (PID=2228) to work on /home/airflow/.local/lib/python3.8/site-packages/airflow/example_dags/example_branch_operator.py
[2024-04-24T05:30:07.551+0000] {processor.py:830} INFO - Processing file /home/airflow/.local/lib/python3.8/site-packages/airflow/example_dags/example_branch_operator.py for tasks to queue
[2024-04-24T05:30:07.552+0000] {logging_mixin.py:188} INFO - [2024-04-24T05:30:07.551+0000] {dagbag.py:540} INFO - Filling up the DagBag from /home/airflow/.local/lib/python3.8/site-packages/airflow/example_dags/example_branch_operator.py
[2024-04-24T05:30:07.561+0000] {processor.py:840} INFO - DAG(s) 'example_branch_operator' retrieved from /home/airflow/.local/lib/python3.8/site-packages/airflow/example_dags/example_branch_operator.py
[2024-04-24T05:30:07.575+0000] {logging_mixin.py:188} INFO - [2024-04-24T05:30:07.575+0000] {dag.py:3047} INFO - Sync 1 DAGs
[2024-04-24T05:30:07.587+0000] {logging_mixin.py:188} INFO - [2024-04-24T05:30:07.587+0000] {dag.py:3834} INFO - Setting next_dagrun for example_branch_operator to 2024-04-23 00:00:00+00:00, run_after=2024-04-24 00:00:00+00:00
[2024-04-24T05:30:07.596+0000] {processor.py:183} INFO - Processing /home/airflow/.local/lib/python3.8/site-packages/airflow/example_dags/example_branch_operator.py took 0.048 seconds
[2024-04-24T05:30:38.131+0000] {processor.py:161} INFO - Started process (PID=2286) to work on /home/airflow/.local/lib/python3.8/site-packages/airflow/example_dags/example_branch_operator.py
[2024-04-24T05:30:38.131+0000] {processor.py:830} INFO - Processing file /home/airflow/.local/lib/python3.8/site-packages/airflow/example_dags/example_branch_operator.py for tasks to queue
[2024-04-24T05:30:38.133+0000] {logging_mixin.py:188} INFO - [2024-04-24T05:30:38.132+0000] {dagbag.py:540} INFO - Filling up the DagBag from /home/airflow/.local/lib/python3.8/site-packages/airflow/example_dags/example_branch_operator.py
[2024-04-24T05:30:38.142+0000] {processor.py:840} INFO - DAG(s) 'example_branch_operator' retrieved from /home/airflow/.local/lib/python3.8/site-packages/airflow/example_dags/example_branch_operator.py
[2024-04-24T05:30:38.156+0000] {logging_mixin.py:188} INFO - [2024-04-24T05:30:38.155+0000] {dag.py:3047} INFO - Sync 1 DAGs
[2024-04-24T05:30:38.167+0000] {logging_mixin.py:188} INFO - [2024-04-24T05:30:38.167+0000] {dag.py:3834} INFO - Setting next_dagrun for example_branch_operator to 2024-04-23 00:00:00+00:00, run_after=2024-04-24 00:00:00+00:00
[2024-04-24T05:30:38.177+0000] {processor.py:183} INFO - Processing /home/airflow/.local/lib/python3.8/site-packages/airflow/example_dags/example_branch_operator.py took 0.048 seconds
[2024-04-24T05:31:08.669+0000] {processor.py:161} INFO - Started process (PID=2344) to work on /home/airflow/.local/lib/python3.8/site-packages/airflow/example_dags/example_branch_operator.py
[2024-04-24T05:31:08.670+0000] {processor.py:830} INFO - Processing file /home/airflow/.local/lib/python3.8/site-packages/airflow/example_dags/example_branch_operator.py for tasks to queue
[2024-04-24T05:31:08.671+0000] {logging_mixin.py:188} INFO - [2024-04-24T05:31:08.671+0000] {dagbag.py:540} INFO - Filling up the DagBag from /home/airflow/.local/lib/python3.8/site-packages/airflow/example_dags/example_branch_operator.py
[2024-04-24T05:31:08.680+0000] {processor.py:840} INFO - DAG(s) 'example_branch_operator' retrieved from /home/airflow/.local/lib/python3.8/site-packages/airflow/example_dags/example_branch_operator.py
[2024-04-24T05:31:08.695+0000] {logging_mixin.py:188} INFO - [2024-04-24T05:31:08.694+0000] {dag.py:3047} INFO - Sync 1 DAGs
[2024-04-24T05:31:08.707+0000] {logging_mixin.py:188} INFO - [2024-04-24T05:31:08.707+0000] {dag.py:3834} INFO - Setting next_dagrun for example_branch_operator to 2024-04-23 00:00:00+00:00, run_after=2024-04-24 00:00:00+00:00
[2024-04-24T05:31:08.718+0000] {processor.py:183} INFO - Processing /home/airflow/.local/lib/python3.8/site-packages/airflow/example_dags/example_branch_operator.py took 0.051 seconds
[2024-04-24T05:31:39.498+0000] {processor.py:161} INFO - Started process (PID=2402) to work on /home/airflow/.local/lib/python3.8/site-packages/airflow/example_dags/example_branch_operator.py
[2024-04-24T05:31:39.499+0000] {processor.py:830} INFO - Processing file /home/airflow/.local/lib/python3.8/site-packages/airflow/example_dags/example_branch_operator.py for tasks to queue
[2024-04-24T05:31:39.500+0000] {logging_mixin.py:188} INFO - [2024-04-24T05:31:39.500+0000] {dagbag.py:540} INFO - Filling up the DagBag from /home/airflow/.local/lib/python3.8/site-packages/airflow/example_dags/example_branch_operator.py
[2024-04-24T05:31:39.509+0000] {processor.py:840} INFO - DAG(s) 'example_branch_operator' retrieved from /home/airflow/.local/lib/python3.8/site-packages/airflow/example_dags/example_branch_operator.py
[2024-04-24T05:31:39.523+0000] {logging_mixin.py:188} INFO - [2024-04-24T05:31:39.523+0000] {dag.py:3047} INFO - Sync 1 DAGs
[2024-04-24T05:31:39.535+0000] {logging_mixin.py:188} INFO - [2024-04-24T05:31:39.535+0000] {dag.py:3834} INFO - Setting next_dagrun for example_branch_operator to 2024-04-23 00:00:00+00:00, run_after=2024-04-24 00:00:00+00:00
[2024-04-24T05:31:39.545+0000] {processor.py:183} INFO - Processing /home/airflow/.local/lib/python3.8/site-packages/airflow/example_dags/example_branch_operator.py took 0.048 seconds
[2024-04-24T05:32:10.073+0000] {processor.py:161} INFO - Started process (PID=2460) to work on /home/airflow/.local/lib/python3.8/site-packages/airflow/example_dags/example_branch_operator.py
[2024-04-24T05:32:10.074+0000] {processor.py:830} INFO - Processing file /home/airflow/.local/lib/python3.8/site-packages/airflow/example_dags/example_branch_operator.py for tasks to queue
[2024-04-24T05:32:10.075+0000] {logging_mixin.py:188} INFO - [2024-04-24T05:32:10.074+0000] {dagbag.py:540} INFO - Filling up the DagBag from /home/airflow/.local/lib/python3.8/site-packages/airflow/example_dags/example_branch_operator.py
[2024-04-24T05:32:10.084+0000] {processor.py:840} INFO - DAG(s) 'example_branch_operator' retrieved from /home/airflow/.local/lib/python3.8/site-packages/airflow/example_dags/example_branch_operator.py
[2024-04-24T05:32:10.098+0000] {logging_mixin.py:188} INFO - [2024-04-24T05:32:10.097+0000] {dag.py:3047} INFO - Sync 1 DAGs
[2024-04-24T05:32:10.109+0000] {logging_mixin.py:188} INFO - [2024-04-24T05:32:10.109+0000] {dag.py:3834} INFO - Setting next_dagrun for example_branch_operator to 2024-04-23 00:00:00+00:00, run_after=2024-04-24 00:00:00+00:00
[2024-04-24T05:32:10.119+0000] {processor.py:183} INFO - Processing /home/airflow/.local/lib/python3.8/site-packages/airflow/example_dags/example_branch_operator.py took 0.048 seconds
[2024-04-24T05:32:40.556+0000] {processor.py:161} INFO - Started process (PID=2519) to work on /home/airflow/.local/lib/python3.8/site-packages/airflow/example_dags/example_branch_operator.py
[2024-04-24T05:32:40.557+0000] {processor.py:830} INFO - Processing file /home/airflow/.local/lib/python3.8/site-packages/airflow/example_dags/example_branch_operator.py for tasks to queue
[2024-04-24T05:32:40.558+0000] {logging_mixin.py:188} INFO - [2024-04-24T05:32:40.557+0000] {dagbag.py:540} INFO - Filling up the DagBag from /home/airflow/.local/lib/python3.8/site-packages/airflow/example_dags/example_branch_operator.py
[2024-04-24T05:32:40.567+0000] {processor.py:840} INFO - DAG(s) 'example_branch_operator' retrieved from /home/airflow/.local/lib/python3.8/site-packages/airflow/example_dags/example_branch_operator.py
[2024-04-24T05:32:40.581+0000] {logging_mixin.py:188} INFO - [2024-04-24T05:32:40.581+0000] {dag.py:3047} INFO - Sync 1 DAGs
[2024-04-24T05:32:40.593+0000] {logging_mixin.py:188} INFO - [2024-04-24T05:32:40.593+0000] {dag.py:3834} INFO - Setting next_dagrun for example_branch_operator to 2024-04-23 00:00:00+00:00, run_after=2024-04-24 00:00:00+00:00
[2024-04-24T05:32:40.602+0000] {processor.py:183} INFO - Processing /home/airflow/.local/lib/python3.8/site-packages/airflow/example_dags/example_branch_operator.py took 0.048 seconds
[2024-04-24T05:33:10.972+0000] {processor.py:161} INFO - Started process (PID=2574) to work on /home/airflow/.local/lib/python3.8/site-packages/airflow/example_dags/example_branch_operator.py
[2024-04-24T05:33:10.972+0000] {processor.py:830} INFO - Processing file /home/airflow/.local/lib/python3.8/site-packages/airflow/example_dags/example_branch_operator.py for tasks to queue
[2024-04-24T05:33:10.973+0000] {logging_mixin.py:188} INFO - [2024-04-24T05:33:10.972+0000] {dagbag.py:540} INFO - Filling up the DagBag from /home/airflow/.local/lib/python3.8/site-packages/airflow/example_dags/example_branch_operator.py
[2024-04-24T05:33:10.982+0000] {processor.py:840} INFO - DAG(s) 'example_branch_operator' retrieved from /home/airflow/.local/lib/python3.8/site-packages/airflow/example_dags/example_branch_operator.py
[2024-04-24T05:33:10.997+0000] {logging_mixin.py:188} INFO - [2024-04-24T05:33:10.997+0000] {dag.py:3047} INFO - Sync 1 DAGs
[2024-04-24T05:33:11.008+0000] {logging_mixin.py:188} INFO - [2024-04-24T05:33:11.008+0000] {dag.py:3834} INFO - Setting next_dagrun for example_branch_operator to 2024-04-23 00:00:00+00:00, run_after=2024-04-24 00:00:00+00:00
[2024-04-24T05:33:11.018+0000] {processor.py:183} INFO - Processing /home/airflow/.local/lib/python3.8/site-packages/airflow/example_dags/example_branch_operator.py took 0.048 seconds
[2024-04-24T05:33:41.335+0000] {processor.py:161} INFO - Started process (PID=2629) to work on /home/airflow/.local/lib/python3.8/site-packages/airflow/example_dags/example_branch_operator.py
[2024-04-24T05:33:41.336+0000] {processor.py:830} INFO - Processing file /home/airflow/.local/lib/python3.8/site-packages/airflow/example_dags/example_branch_operator.py for tasks to queue
[2024-04-24T05:33:41.336+0000] {logging_mixin.py:188} INFO - [2024-04-24T05:33:41.336+0000] {dagbag.py:540} INFO - Filling up the DagBag from /home/airflow/.local/lib/python3.8/site-packages/airflow/example_dags/example_branch_operator.py
[2024-04-24T05:33:41.345+0000] {processor.py:840} INFO - DAG(s) 'example_branch_operator' retrieved from /home/airflow/.local/lib/python3.8/site-packages/airflow/example_dags/example_branch_operator.py
[2024-04-24T05:33:41.360+0000] {logging_mixin.py:188} INFO - [2024-04-24T05:33:41.360+0000] {dag.py:3047} INFO - Sync 1 DAGs
[2024-04-24T05:33:41.372+0000] {logging_mixin.py:188} INFO - [2024-04-24T05:33:41.371+0000] {dag.py:3834} INFO - Setting next_dagrun for example_branch_operator to 2024-04-23 00:00:00+00:00, run_after=2024-04-24 00:00:00+00:00
[2024-04-24T05:33:41.381+0000] {processor.py:183} INFO - Processing /home/airflow/.local/lib/python3.8/site-packages/airflow/example_dags/example_branch_operator.py took 0.048 seconds
[2024-04-24T05:34:11.825+0000] {processor.py:161} INFO - Started process (PID=2684) to work on /home/airflow/.local/lib/python3.8/site-packages/airflow/example_dags/example_branch_operator.py
[2024-04-24T05:34:11.825+0000] {processor.py:830} INFO - Processing file /home/airflow/.local/lib/python3.8/site-packages/airflow/example_dags/example_branch_operator.py for tasks to queue
[2024-04-24T05:34:11.826+0000] {logging_mixin.py:188} INFO - [2024-04-24T05:34:11.826+0000] {dagbag.py:540} INFO - Filling up the DagBag from /home/airflow/.local/lib/python3.8/site-packages/airflow/example_dags/example_branch_operator.py
[2024-04-24T05:34:11.835+0000] {processor.py:840} INFO - DAG(s) 'example_branch_operator' retrieved from /home/airflow/.local/lib/python3.8/site-packages/airflow/example_dags/example_branch_operator.py
[2024-04-24T05:34:11.850+0000] {logging_mixin.py:188} INFO - [2024-04-24T05:34:11.849+0000] {dag.py:3047} INFO - Sync 1 DAGs
[2024-04-24T05:34:11.861+0000] {logging_mixin.py:188} INFO - [2024-04-24T05:34:11.861+0000] {dag.py:3834} INFO - Setting next_dagrun for example_branch_operator to 2024-04-23 00:00:00+00:00, run_after=2024-04-24 00:00:00+00:00
[2024-04-24T05:34:11.871+0000] {processor.py:183} INFO - Processing /home/airflow/.local/lib/python3.8/site-packages/airflow/example_dags/example_branch_operator.py took 0.048 seconds
[2024-04-24T05:34:42.450+0000] {processor.py:161} INFO - Started process (PID=2745) to work on /home/airflow/.local/lib/python3.8/site-packages/airflow/example_dags/example_branch_operator.py
[2024-04-24T05:34:42.451+0000] {processor.py:830} INFO - Processing file /home/airflow/.local/lib/python3.8/site-packages/airflow/example_dags/example_branch_operator.py for tasks to queue
[2024-04-24T05:34:42.451+0000] {logging_mixin.py:188} INFO - [2024-04-24T05:34:42.451+0000] {dagbag.py:540} INFO - Filling up the DagBag from /home/airflow/.local/lib/python3.8/site-packages/airflow/example_dags/example_branch_operator.py
[2024-04-24T05:34:42.460+0000] {processor.py:840} INFO - DAG(s) 'example_branch_operator' retrieved from /home/airflow/.local/lib/python3.8/site-packages/airflow/example_dags/example_branch_operator.py
[2024-04-24T05:34:42.475+0000] {logging_mixin.py:188} INFO - [2024-04-24T05:34:42.475+0000] {dag.py:3047} INFO - Sync 1 DAGs
[2024-04-24T05:34:42.487+0000] {logging_mixin.py:188} INFO - [2024-04-24T05:34:42.487+0000] {dag.py:3834} INFO - Setting next_dagrun for example_branch_operator to 2024-04-23 00:00:00+00:00, run_after=2024-04-24 00:00:00+00:00
[2024-04-24T05:34:42.497+0000] {processor.py:183} INFO - Processing /home/airflow/.local/lib/python3.8/site-packages/airflow/example_dags/example_branch_operator.py took 0.049 seconds
[2024-04-24T05:35:13.126+0000] {processor.py:161} INFO - Started process (PID=2800) to work on /home/airflow/.local/lib/python3.8/site-packages/airflow/example_dags/example_branch_operator.py
[2024-04-24T05:35:13.127+0000] {processor.py:830} INFO - Processing file /home/airflow/.local/lib/python3.8/site-packages/airflow/example_dags/example_branch_operator.py for tasks to queue
[2024-04-24T05:35:13.127+0000] {logging_mixin.py:188} INFO - [2024-04-24T05:35:13.127+0000] {dagbag.py:540} INFO - Filling up the DagBag from /home/airflow/.local/lib/python3.8/site-packages/airflow/example_dags/example_branch_operator.py
[2024-04-24T05:35:13.136+0000] {processor.py:840} INFO - DAG(s) 'example_branch_operator' retrieved from /home/airflow/.local/lib/python3.8/site-packages/airflow/example_dags/example_branch_operator.py
[2024-04-24T05:35:13.151+0000] {logging_mixin.py:188} INFO - [2024-04-24T05:35:13.150+0000] {dag.py:3047} INFO - Sync 1 DAGs
[2024-04-24T05:35:13.162+0000] {logging_mixin.py:188} INFO - [2024-04-24T05:35:13.162+0000] {dag.py:3834} INFO - Setting next_dagrun for example_branch_operator to 2024-04-23 00:00:00+00:00, run_after=2024-04-24 00:00:00+00:00
[2024-04-24T05:35:13.172+0000] {processor.py:183} INFO - Processing /home/airflow/.local/lib/python3.8/site-packages/airflow/example_dags/example_branch_operator.py took 0.047 seconds
[2024-04-24T05:35:43.861+0000] {processor.py:161} INFO - Started process (PID=2855) to work on /home/airflow/.local/lib/python3.8/site-packages/airflow/example_dags/example_branch_operator.py
[2024-04-24T05:35:43.862+0000] {processor.py:830} INFO - Processing file /home/airflow/.local/lib/python3.8/site-packages/airflow/example_dags/example_branch_operator.py for tasks to queue
[2024-04-24T05:35:43.862+0000] {logging_mixin.py:188} INFO - [2024-04-24T05:35:43.862+0000] {dagbag.py:540} INFO - Filling up the DagBag from /home/airflow/.local/lib/python3.8/site-packages/airflow/example_dags/example_branch_operator.py
[2024-04-24T05:35:43.872+0000] {processor.py:840} INFO - DAG(s) 'example_branch_operator' retrieved from /home/airflow/.local/lib/python3.8/site-packages/airflow/example_dags/example_branch_operator.py
[2024-04-24T05:35:43.886+0000] {logging_mixin.py:188} INFO - [2024-04-24T05:35:43.886+0000] {dag.py:3047} INFO - Sync 1 DAGs
[2024-04-24T05:35:43.897+0000] {logging_mixin.py:188} INFO - [2024-04-24T05:35:43.897+0000] {dag.py:3834} INFO - Setting next_dagrun for example_branch_operator to 2024-04-23 00:00:00+00:00, run_after=2024-04-24 00:00:00+00:00
[2024-04-24T05:35:43.906+0000] {processor.py:183} INFO - Processing /home/airflow/.local/lib/python3.8/site-packages/airflow/example_dags/example_branch_operator.py took 0.047 seconds
[2024-04-24T05:36:14.319+0000] {processor.py:161} INFO - Started process (PID=2910) to work on /home/airflow/.local/lib/python3.8/site-packages/airflow/example_dags/example_branch_operator.py
[2024-04-24T05:36:14.319+0000] {processor.py:830} INFO - Processing file /home/airflow/.local/lib/python3.8/site-packages/airflow/example_dags/example_branch_operator.py for tasks to queue
[2024-04-24T05:36:14.320+0000] {logging_mixin.py:188} INFO - [2024-04-24T05:36:14.320+0000] {dagbag.py:540} INFO - Filling up the DagBag from /home/airflow/.local/lib/python3.8/site-packages/airflow/example_dags/example_branch_operator.py
[2024-04-24T05:36:14.329+0000] {processor.py:840} INFO - DAG(s) 'example_branch_operator' retrieved from /home/airflow/.local/lib/python3.8/site-packages/airflow/example_dags/example_branch_operator.py
[2024-04-24T05:36:14.343+0000] {logging_mixin.py:188} INFO - [2024-04-24T05:36:14.343+0000] {dag.py:3047} INFO - Sync 1 DAGs
[2024-04-24T05:36:14.355+0000] {logging_mixin.py:188} INFO - [2024-04-24T05:36:14.355+0000] {dag.py:3834} INFO - Setting next_dagrun for example_branch_operator to 2024-04-23 00:00:00+00:00, run_after=2024-04-24 00:00:00+00:00
[2024-04-24T05:36:14.365+0000] {processor.py:183} INFO - Processing /home/airflow/.local/lib/python3.8/site-packages/airflow/example_dags/example_branch_operator.py took 0.048 seconds
[2024-04-24T05:36:44.871+0000] {processor.py:161} INFO - Started process (PID=2965) to work on /home/airflow/.local/lib/python3.8/site-packages/airflow/example_dags/example_branch_operator.py
[2024-04-24T05:36:44.872+0000] {processor.py:830} INFO - Processing file /home/airflow/.local/lib/python3.8/site-packages/airflow/example_dags/example_branch_operator.py for tasks to queue
[2024-04-24T05:36:44.872+0000] {logging_mixin.py:188} INFO - [2024-04-24T05:36:44.872+0000] {dagbag.py:540} INFO - Filling up the DagBag from /home/airflow/.local/lib/python3.8/site-packages/airflow/example_dags/example_branch_operator.py
[2024-04-24T05:36:44.881+0000] {processor.py:840} INFO - DAG(s) 'example_branch_operator' retrieved from /home/airflow/.local/lib/python3.8/site-packages/airflow/example_dags/example_branch_operator.py
[2024-04-24T05:36:44.896+0000] {logging_mixin.py:188} INFO - [2024-04-24T05:36:44.896+0000] {dag.py:3047} INFO - Sync 1 DAGs
[2024-04-24T05:36:44.908+0000] {logging_mixin.py:188} INFO - [2024-04-24T05:36:44.907+0000] {dag.py:3834} INFO - Setting next_dagrun for example_branch_operator to 2024-04-23 00:00:00+00:00, run_after=2024-04-24 00:00:00+00:00
[2024-04-24T05:36:44.917+0000] {processor.py:183} INFO - Processing /home/airflow/.local/lib/python3.8/site-packages/airflow/example_dags/example_branch_operator.py took 0.048 seconds
[2024-04-24T05:37:15.455+0000] {processor.py:161} INFO - Started process (PID=3020) to work on /home/airflow/.local/lib/python3.8/site-packages/airflow/example_dags/example_branch_operator.py
[2024-04-24T05:37:15.456+0000] {processor.py:830} INFO - Processing file /home/airflow/.local/lib/python3.8/site-packages/airflow/example_dags/example_branch_operator.py for tasks to queue
[2024-04-24T05:37:15.456+0000] {logging_mixin.py:188} INFO - [2024-04-24T05:37:15.456+0000] {dagbag.py:540} INFO - Filling up the DagBag from /home/airflow/.local/lib/python3.8/site-packages/airflow/example_dags/example_branch_operator.py
[2024-04-24T05:37:15.466+0000] {processor.py:840} INFO - DAG(s) 'example_branch_operator' retrieved from /home/airflow/.local/lib/python3.8/site-packages/airflow/example_dags/example_branch_operator.py
[2024-04-24T05:37:15.480+0000] {logging_mixin.py:188} INFO - [2024-04-24T05:37:15.480+0000] {dag.py:3047} INFO - Sync 1 DAGs
[2024-04-24T05:37:15.492+0000] {logging_mixin.py:188} INFO - [2024-04-24T05:37:15.491+0000] {dag.py:3834} INFO - Setting next_dagrun for example_branch_operator to 2024-04-23 00:00:00+00:00, run_after=2024-04-24 00:00:00+00:00
[2024-04-24T05:37:15.501+0000] {processor.py:183} INFO - Processing /home/airflow/.local/lib/python3.8/site-packages/airflow/example_dags/example_branch_operator.py took 0.048 seconds
[2024-04-24T05:37:45.990+0000] {processor.py:161} INFO - Started process (PID=3075) to work on /home/airflow/.local/lib/python3.8/site-packages/airflow/example_dags/example_branch_operator.py
[2024-04-24T05:37:45.990+0000] {processor.py:830} INFO - Processing file /home/airflow/.local/lib/python3.8/site-packages/airflow/example_dags/example_branch_operator.py for tasks to queue
[2024-04-24T05:37:45.991+0000] {logging_mixin.py:188} INFO - [2024-04-24T05:37:45.991+0000] {dagbag.py:540} INFO - Filling up the DagBag from /home/airflow/.local/lib/python3.8/site-packages/airflow/example_dags/example_branch_operator.py
[2024-04-24T05:37:46.000+0000] {processor.py:840} INFO - DAG(s) 'example_branch_operator' retrieved from /home/airflow/.local/lib/python3.8/site-packages/airflow/example_dags/example_branch_operator.py
[2024-04-24T05:37:46.014+0000] {logging_mixin.py:188} INFO - [2024-04-24T05:37:46.014+0000] {dag.py:3047} INFO - Sync 1 DAGs
[2024-04-24T05:37:46.026+0000] {logging_mixin.py:188} INFO - [2024-04-24T05:37:46.026+0000] {dag.py:3834} INFO - Setting next_dagrun for example_branch_operator to 2024-04-23 00:00:00+00:00, run_after=2024-04-24 00:00:00+00:00
[2024-04-24T05:37:46.035+0000] {processor.py:183} INFO - Processing /home/airflow/.local/lib/python3.8/site-packages/airflow/example_dags/example_branch_operator.py took 0.047 seconds
[2024-04-24T05:38:16.473+0000] {processor.py:161} INFO - Started process (PID=3130) to work on /home/airflow/.local/lib/python3.8/site-packages/airflow/example_dags/example_branch_operator.py
[2024-04-24T05:38:16.474+0000] {processor.py:830} INFO - Processing file /home/airflow/.local/lib/python3.8/site-packages/airflow/example_dags/example_branch_operator.py for tasks to queue
[2024-04-24T05:38:16.474+0000] {logging_mixin.py:188} INFO - [2024-04-24T05:38:16.474+0000] {dagbag.py:540} INFO - Filling up the DagBag from /home/airflow/.local/lib/python3.8/site-packages/airflow/example_dags/example_branch_operator.py
[2024-04-24T05:38:16.484+0000] {processor.py:840} INFO - DAG(s) 'example_branch_operator' retrieved from /home/airflow/.local/lib/python3.8/site-packages/airflow/example_dags/example_branch_operator.py
[2024-04-24T05:38:16.498+0000] {logging_mixin.py:188} INFO - [2024-04-24T05:38:16.498+0000] {dag.py:3047} INFO - Sync 1 DAGs
[2024-04-24T05:38:16.510+0000] {logging_mixin.py:188} INFO - [2024-04-24T05:38:16.510+0000] {dag.py:3834} INFO - Setting next_dagrun for example_branch_operator to 2024-04-23 00:00:00+00:00, run_after=2024-04-24 00:00:00+00:00
[2024-04-24T05:38:16.519+0000] {processor.py:183} INFO - Processing /home/airflow/.local/lib/python3.8/site-packages/airflow/example_dags/example_branch_operator.py took 0.048 seconds
[2024-04-24T05:40:51.299+0000] {processor.py:161} INFO - Started process (PID=78) to work on /home/airflow/.local/lib/python3.8/site-packages/airflow/example_dags/example_branch_operator.py
[2024-04-24T05:40:51.299+0000] {processor.py:830} INFO - Processing file /home/airflow/.local/lib/python3.8/site-packages/airflow/example_dags/example_branch_operator.py for tasks to queue
[2024-04-24T05:40:51.301+0000] {logging_mixin.py:188} INFO - [2024-04-24T05:40:51.300+0000] {dagbag.py:540} INFO - Filling up the DagBag from /home/airflow/.local/lib/python3.8/site-packages/airflow/example_dags/example_branch_operator.py
[2024-04-24T05:40:51.313+0000] {processor.py:840} INFO - DAG(s) 'example_branch_operator' retrieved from /home/airflow/.local/lib/python3.8/site-packages/airflow/example_dags/example_branch_operator.py
[2024-04-24T05:40:51.319+0000] {logging_mixin.py:188} INFO - [2024-04-24T05:40:51.319+0000] {dag.py:3047} INFO - Sync 1 DAGs
[2024-04-24T05:40:51.332+0000] {logging_mixin.py:188} INFO - [2024-04-24T05:40:51.332+0000] {dag.py:3834} INFO - Setting next_dagrun for example_branch_operator to 2024-04-23 00:00:00+00:00, run_after=2024-04-24 00:00:00+00:00
[2024-04-24T05:40:51.343+0000] {processor.py:183} INFO - Processing /home/airflow/.local/lib/python3.8/site-packages/airflow/example_dags/example_branch_operator.py took 0.046 seconds
[2024-04-24T05:41:22.508+0000] {processor.py:161} INFO - Started process (PID=133) to work on /home/airflow/.local/lib/python3.8/site-packages/airflow/example_dags/example_branch_operator.py
[2024-04-24T05:41:22.508+0000] {processor.py:830} INFO - Processing file /home/airflow/.local/lib/python3.8/site-packages/airflow/example_dags/example_branch_operator.py for tasks to queue
[2024-04-24T05:41:22.509+0000] {logging_mixin.py:188} INFO - [2024-04-24T05:41:22.509+0000] {dagbag.py:540} INFO - Filling up the DagBag from /home/airflow/.local/lib/python3.8/site-packages/airflow/example_dags/example_branch_operator.py
[2024-04-24T05:41:22.519+0000] {processor.py:840} INFO - DAG(s) 'example_branch_operator' retrieved from /home/airflow/.local/lib/python3.8/site-packages/airflow/example_dags/example_branch_operator.py
[2024-04-24T05:41:22.573+0000] {logging_mixin.py:188} INFO - [2024-04-24T05:41:22.572+0000] {dag.py:3047} INFO - Sync 1 DAGs
[2024-04-24T05:41:22.583+0000] {logging_mixin.py:188} INFO - [2024-04-24T05:41:22.583+0000] {dag.py:3834} INFO - Setting next_dagrun for example_branch_operator to 2024-04-23 00:00:00+00:00, run_after=2024-04-24 00:00:00+00:00
[2024-04-24T05:41:22.594+0000] {processor.py:183} INFO - Processing /home/airflow/.local/lib/python3.8/site-packages/airflow/example_dags/example_branch_operator.py took 0.089 seconds
