[2024-04-24T05:11:15.959+0000] {processor.py:161} INFO - Started process (PID=82) to work on /home/airflow/.local/lib/python3.8/site-packages/airflow/example_dags/example_nested_branch_dag.py
[2024-04-24T05:11:15.959+0000] {processor.py:830} INFO - Processing file /home/airflow/.local/lib/python3.8/site-packages/airflow/example_dags/example_nested_branch_dag.py for tasks to queue
[2024-04-24T05:11:15.960+0000] {logging_mixin.py:188} INFO - [2024-04-24T05:11:15.960+0000] {dagbag.py:540} INFO - Filling up the DagBag from /home/airflow/.local/lib/python3.8/site-packages/airflow/example_dags/example_nested_branch_dag.py
[2024-04-24T05:11:15.967+0000] {processor.py:840} INFO - DAG(s) 'example_nested_branch_dag' retrieved from /home/airflow/.local/lib/python3.8/site-packages/airflow/example_dags/example_nested_branch_dag.py
[2024-04-24T05:11:15.982+0000] {logging_mixin.py:188} INFO - [2024-04-24T05:11:15.982+0000] {dag.py:3047} INFO - Sync 1 DAGs
[2024-04-24T05:11:15.994+0000] {logging_mixin.py:188} INFO - [2024-04-24T05:11:15.994+0000] {dag.py:3834} INFO - Setting next_dagrun for example_nested_branch_dag to 2024-04-23 00:00:00+00:00, run_after=2024-04-24 00:00:00+00:00
[2024-04-24T05:11:16.005+0000] {processor.py:183} INFO - Processing /home/airflow/.local/lib/python3.8/site-packages/airflow/example_dags/example_nested_branch_dag.py took 0.048 seconds
[2024-04-24T05:11:46.583+0000] {processor.py:161} INFO - Started process (PID=140) to work on /home/airflow/.local/lib/python3.8/site-packages/airflow/example_dags/example_nested_branch_dag.py
[2024-04-24T05:11:46.583+0000] {processor.py:830} INFO - Processing file /home/airflow/.local/lib/python3.8/site-packages/airflow/example_dags/example_nested_branch_dag.py for tasks to queue
[2024-04-24T05:11:46.584+0000] {logging_mixin.py:188} INFO - [2024-04-24T05:11:46.584+0000] {dagbag.py:540} INFO - Filling up the DagBag from /home/airflow/.local/lib/python3.8/site-packages/airflow/example_dags/example_nested_branch_dag.py
[2024-04-24T05:11:46.590+0000] {processor.py:840} INFO - DAG(s) 'example_nested_branch_dag' retrieved from /home/airflow/.local/lib/python3.8/site-packages/airflow/example_dags/example_nested_branch_dag.py
[2024-04-24T05:11:46.601+0000] {logging_mixin.py:188} INFO - [2024-04-24T05:11:46.601+0000] {dag.py:3047} INFO - Sync 1 DAGs
[2024-04-24T05:11:46.613+0000] {logging_mixin.py:188} INFO - [2024-04-24T05:11:46.613+0000] {dag.py:3834} INFO - Setting next_dagrun for example_nested_branch_dag to 2024-04-23 00:00:00+00:00, run_after=2024-04-24 00:00:00+00:00
[2024-04-24T05:11:46.622+0000] {processor.py:183} INFO - Processing /home/airflow/.local/lib/python3.8/site-packages/airflow/example_dags/example_nested_branch_dag.py took 0.041 seconds
[2024-04-24T05:12:17.192+0000] {processor.py:161} INFO - Started process (PID=198) to work on /home/airflow/.local/lib/python3.8/site-packages/airflow/example_dags/example_nested_branch_dag.py
[2024-04-24T05:12:17.192+0000] {processor.py:830} INFO - Processing file /home/airflow/.local/lib/python3.8/site-packages/airflow/example_dags/example_nested_branch_dag.py for tasks to queue
[2024-04-24T05:12:17.193+0000] {logging_mixin.py:188} INFO - [2024-04-24T05:12:17.193+0000] {dagbag.py:540} INFO - Filling up the DagBag from /home/airflow/.local/lib/python3.8/site-packages/airflow/example_dags/example_nested_branch_dag.py
[2024-04-24T05:12:17.199+0000] {processor.py:840} INFO - DAG(s) 'example_nested_branch_dag' retrieved from /home/airflow/.local/lib/python3.8/site-packages/airflow/example_dags/example_nested_branch_dag.py
[2024-04-24T05:12:17.210+0000] {logging_mixin.py:188} INFO - [2024-04-24T05:12:17.210+0000] {dag.py:3047} INFO - Sync 1 DAGs
[2024-04-24T05:12:17.222+0000] {logging_mixin.py:188} INFO - [2024-04-24T05:12:17.222+0000] {dag.py:3834} INFO - Setting next_dagrun for example_nested_branch_dag to 2024-04-23 00:00:00+00:00, run_after=2024-04-24 00:00:00+00:00
[2024-04-24T05:12:17.232+0000] {processor.py:183} INFO - Processing /home/airflow/.local/lib/python3.8/site-packages/airflow/example_dags/example_nested_branch_dag.py took 0.042 seconds
[2024-04-24T05:12:47.892+0000] {processor.py:161} INFO - Started process (PID=256) to work on /home/airflow/.local/lib/python3.8/site-packages/airflow/example_dags/example_nested_branch_dag.py
[2024-04-24T05:12:47.893+0000] {processor.py:830} INFO - Processing file /home/airflow/.local/lib/python3.8/site-packages/airflow/example_dags/example_nested_branch_dag.py for tasks to queue
[2024-04-24T05:12:47.894+0000] {logging_mixin.py:188} INFO - [2024-04-24T05:12:47.894+0000] {dagbag.py:540} INFO - Filling up the DagBag from /home/airflow/.local/lib/python3.8/site-packages/airflow/example_dags/example_nested_branch_dag.py
[2024-04-24T05:12:47.900+0000] {processor.py:840} INFO - DAG(s) 'example_nested_branch_dag' retrieved from /home/airflow/.local/lib/python3.8/site-packages/airflow/example_dags/example_nested_branch_dag.py
[2024-04-24T05:12:47.913+0000] {logging_mixin.py:188} INFO - [2024-04-24T05:12:47.913+0000] {dag.py:3047} INFO - Sync 1 DAGs
[2024-04-24T05:12:47.926+0000] {logging_mixin.py:188} INFO - [2024-04-24T05:12:47.926+0000] {dag.py:3834} INFO - Setting next_dagrun for example_nested_branch_dag to 2024-04-23 00:00:00+00:00, run_after=2024-04-24 00:00:00+00:00
[2024-04-24T05:12:47.937+0000] {processor.py:183} INFO - Processing /home/airflow/.local/lib/python3.8/site-packages/airflow/example_dags/example_nested_branch_dag.py took 0.047 seconds
[2024-04-24T05:13:18.539+0000] {processor.py:161} INFO - Started process (PID=314) to work on /home/airflow/.local/lib/python3.8/site-packages/airflow/example_dags/example_nested_branch_dag.py
[2024-04-24T05:13:18.540+0000] {processor.py:830} INFO - Processing file /home/airflow/.local/lib/python3.8/site-packages/airflow/example_dags/example_nested_branch_dag.py for tasks to queue
[2024-04-24T05:13:18.541+0000] {logging_mixin.py:188} INFO - [2024-04-24T05:13:18.540+0000] {dagbag.py:540} INFO - Filling up the DagBag from /home/airflow/.local/lib/python3.8/site-packages/airflow/example_dags/example_nested_branch_dag.py
[2024-04-24T05:13:18.546+0000] {processor.py:840} INFO - DAG(s) 'example_nested_branch_dag' retrieved from /home/airflow/.local/lib/python3.8/site-packages/airflow/example_dags/example_nested_branch_dag.py
[2024-04-24T05:13:18.558+0000] {logging_mixin.py:188} INFO - [2024-04-24T05:13:18.558+0000] {dag.py:3047} INFO - Sync 1 DAGs
[2024-04-24T05:13:18.570+0000] {logging_mixin.py:188} INFO - [2024-04-24T05:13:18.570+0000] {dag.py:3834} INFO - Setting next_dagrun for example_nested_branch_dag to 2024-04-23 00:00:00+00:00, run_after=2024-04-24 00:00:00+00:00
[2024-04-24T05:13:18.580+0000] {processor.py:183} INFO - Processing /home/airflow/.local/lib/python3.8/site-packages/airflow/example_dags/example_nested_branch_dag.py took 0.043 seconds
[2024-04-24T05:13:49.274+0000] {processor.py:161} INFO - Started process (PID=372) to work on /home/airflow/.local/lib/python3.8/site-packages/airflow/example_dags/example_nested_branch_dag.py
[2024-04-24T05:13:49.275+0000] {processor.py:830} INFO - Processing file /home/airflow/.local/lib/python3.8/site-packages/airflow/example_dags/example_nested_branch_dag.py for tasks to queue
[2024-04-24T05:13:49.276+0000] {logging_mixin.py:188} INFO - [2024-04-24T05:13:49.276+0000] {dagbag.py:540} INFO - Filling up the DagBag from /home/airflow/.local/lib/python3.8/site-packages/airflow/example_dags/example_nested_branch_dag.py
[2024-04-24T05:13:49.281+0000] {processor.py:840} INFO - DAG(s) 'example_nested_branch_dag' retrieved from /home/airflow/.local/lib/python3.8/site-packages/airflow/example_dags/example_nested_branch_dag.py
[2024-04-24T05:13:49.292+0000] {logging_mixin.py:188} INFO - [2024-04-24T05:13:49.292+0000] {dag.py:3047} INFO - Sync 1 DAGs
[2024-04-24T05:13:49.305+0000] {logging_mixin.py:188} INFO - [2024-04-24T05:13:49.305+0000] {dag.py:3834} INFO - Setting next_dagrun for example_nested_branch_dag to 2024-04-23 00:00:00+00:00, run_after=2024-04-24 00:00:00+00:00
[2024-04-24T05:13:49.316+0000] {processor.py:183} INFO - Processing /home/airflow/.local/lib/python3.8/site-packages/airflow/example_dags/example_nested_branch_dag.py took 0.044 seconds
[2024-04-24T05:14:19.942+0000] {processor.py:161} INFO - Started process (PID=430) to work on /home/airflow/.local/lib/python3.8/site-packages/airflow/example_dags/example_nested_branch_dag.py
[2024-04-24T05:14:19.943+0000] {processor.py:830} INFO - Processing file /home/airflow/.local/lib/python3.8/site-packages/airflow/example_dags/example_nested_branch_dag.py for tasks to queue
[2024-04-24T05:14:19.944+0000] {logging_mixin.py:188} INFO - [2024-04-24T05:14:19.944+0000] {dagbag.py:540} INFO - Filling up the DagBag from /home/airflow/.local/lib/python3.8/site-packages/airflow/example_dags/example_nested_branch_dag.py
[2024-04-24T05:14:19.949+0000] {processor.py:840} INFO - DAG(s) 'example_nested_branch_dag' retrieved from /home/airflow/.local/lib/python3.8/site-packages/airflow/example_dags/example_nested_branch_dag.py
[2024-04-24T05:14:19.961+0000] {logging_mixin.py:188} INFO - [2024-04-24T05:14:19.961+0000] {dag.py:3047} INFO - Sync 1 DAGs
[2024-04-24T05:14:19.973+0000] {logging_mixin.py:188} INFO - [2024-04-24T05:14:19.973+0000] {dag.py:3834} INFO - Setting next_dagrun for example_nested_branch_dag to 2024-04-23 00:00:00+00:00, run_after=2024-04-24 00:00:00+00:00
[2024-04-24T05:14:19.983+0000] {processor.py:183} INFO - Processing /home/airflow/.local/lib/python3.8/site-packages/airflow/example_dags/example_nested_branch_dag.py took 0.042 seconds
[2024-04-24T05:14:50.613+0000] {processor.py:161} INFO - Started process (PID=488) to work on /home/airflow/.local/lib/python3.8/site-packages/airflow/example_dags/example_nested_branch_dag.py
[2024-04-24T05:14:50.614+0000] {processor.py:830} INFO - Processing file /home/airflow/.local/lib/python3.8/site-packages/airflow/example_dags/example_nested_branch_dag.py for tasks to queue
[2024-04-24T05:14:50.615+0000] {logging_mixin.py:188} INFO - [2024-04-24T05:14:50.615+0000] {dagbag.py:540} INFO - Filling up the DagBag from /home/airflow/.local/lib/python3.8/site-packages/airflow/example_dags/example_nested_branch_dag.py
[2024-04-24T05:14:50.621+0000] {processor.py:840} INFO - DAG(s) 'example_nested_branch_dag' retrieved from /home/airflow/.local/lib/python3.8/site-packages/airflow/example_dags/example_nested_branch_dag.py
[2024-04-24T05:14:50.631+0000] {logging_mixin.py:188} INFO - [2024-04-24T05:14:50.631+0000] {dag.py:3047} INFO - Sync 1 DAGs
[2024-04-24T05:14:50.643+0000] {logging_mixin.py:188} INFO - [2024-04-24T05:14:50.643+0000] {dag.py:3834} INFO - Setting next_dagrun for example_nested_branch_dag to 2024-04-23 00:00:00+00:00, run_after=2024-04-24 00:00:00+00:00
[2024-04-24T05:14:50.653+0000] {processor.py:183} INFO - Processing /home/airflow/.local/lib/python3.8/site-packages/airflow/example_dags/example_nested_branch_dag.py took 0.041 seconds
[2024-04-24T05:15:21.139+0000] {processor.py:161} INFO - Started process (PID=547) to work on /home/airflow/.local/lib/python3.8/site-packages/airflow/example_dags/example_nested_branch_dag.py
[2024-04-24T05:15:21.140+0000] {processor.py:830} INFO - Processing file /home/airflow/.local/lib/python3.8/site-packages/airflow/example_dags/example_nested_branch_dag.py for tasks to queue
[2024-04-24T05:15:21.141+0000] {logging_mixin.py:188} INFO - [2024-04-24T05:15:21.141+0000] {dagbag.py:540} INFO - Filling up the DagBag from /home/airflow/.local/lib/python3.8/site-packages/airflow/example_dags/example_nested_branch_dag.py
[2024-04-24T05:15:21.147+0000] {processor.py:840} INFO - DAG(s) 'example_nested_branch_dag' retrieved from /home/airflow/.local/lib/python3.8/site-packages/airflow/example_dags/example_nested_branch_dag.py
[2024-04-24T05:15:21.158+0000] {logging_mixin.py:188} INFO - [2024-04-24T05:15:21.158+0000] {dag.py:3047} INFO - Sync 1 DAGs
[2024-04-24T05:15:21.169+0000] {logging_mixin.py:188} INFO - [2024-04-24T05:15:21.169+0000] {dag.py:3834} INFO - Setting next_dagrun for example_nested_branch_dag to 2024-04-23 00:00:00+00:00, run_after=2024-04-24 00:00:00+00:00
[2024-04-24T05:15:21.179+0000] {processor.py:183} INFO - Processing /home/airflow/.local/lib/python3.8/site-packages/airflow/example_dags/example_nested_branch_dag.py took 0.042 seconds
[2024-04-24T05:15:51.627+0000] {processor.py:161} INFO - Started process (PID=605) to work on /home/airflow/.local/lib/python3.8/site-packages/airflow/example_dags/example_nested_branch_dag.py
[2024-04-24T05:15:51.628+0000] {processor.py:830} INFO - Processing file /home/airflow/.local/lib/python3.8/site-packages/airflow/example_dags/example_nested_branch_dag.py for tasks to queue
[2024-04-24T05:15:51.629+0000] {logging_mixin.py:188} INFO - [2024-04-24T05:15:51.629+0000] {dagbag.py:540} INFO - Filling up the DagBag from /home/airflow/.local/lib/python3.8/site-packages/airflow/example_dags/example_nested_branch_dag.py
[2024-04-24T05:15:51.634+0000] {processor.py:840} INFO - DAG(s) 'example_nested_branch_dag' retrieved from /home/airflow/.local/lib/python3.8/site-packages/airflow/example_dags/example_nested_branch_dag.py
[2024-04-24T05:15:51.645+0000] {logging_mixin.py:188} INFO - [2024-04-24T05:15:51.645+0000] {dag.py:3047} INFO - Sync 1 DAGs
[2024-04-24T05:15:51.657+0000] {logging_mixin.py:188} INFO - [2024-04-24T05:15:51.657+0000] {dag.py:3834} INFO - Setting next_dagrun for example_nested_branch_dag to 2024-04-23 00:00:00+00:00, run_after=2024-04-24 00:00:00+00:00
[2024-04-24T05:15:51.666+0000] {processor.py:183} INFO - Processing /home/airflow/.local/lib/python3.8/site-packages/airflow/example_dags/example_nested_branch_dag.py took 0.041 seconds
[2024-04-24T05:16:22.155+0000] {processor.py:161} INFO - Started process (PID=663) to work on /home/airflow/.local/lib/python3.8/site-packages/airflow/example_dags/example_nested_branch_dag.py
[2024-04-24T05:16:22.156+0000] {processor.py:830} INFO - Processing file /home/airflow/.local/lib/python3.8/site-packages/airflow/example_dags/example_nested_branch_dag.py for tasks to queue
[2024-04-24T05:16:22.157+0000] {logging_mixin.py:188} INFO - [2024-04-24T05:16:22.157+0000] {dagbag.py:540} INFO - Filling up the DagBag from /home/airflow/.local/lib/python3.8/site-packages/airflow/example_dags/example_nested_branch_dag.py
[2024-04-24T05:16:22.163+0000] {processor.py:840} INFO - DAG(s) 'example_nested_branch_dag' retrieved from /home/airflow/.local/lib/python3.8/site-packages/airflow/example_dags/example_nested_branch_dag.py
[2024-04-24T05:16:22.174+0000] {logging_mixin.py:188} INFO - [2024-04-24T05:16:22.174+0000] {dag.py:3047} INFO - Sync 1 DAGs
[2024-04-24T05:16:22.186+0000] {logging_mixin.py:188} INFO - [2024-04-24T05:16:22.186+0000] {dag.py:3834} INFO - Setting next_dagrun for example_nested_branch_dag to 2024-04-23 00:00:00+00:00, run_after=2024-04-24 00:00:00+00:00
[2024-04-24T05:16:22.196+0000] {processor.py:183} INFO - Processing /home/airflow/.local/lib/python3.8/site-packages/airflow/example_dags/example_nested_branch_dag.py took 0.043 seconds
[2024-04-24T05:16:52.704+0000] {processor.py:161} INFO - Started process (PID=721) to work on /home/airflow/.local/lib/python3.8/site-packages/airflow/example_dags/example_nested_branch_dag.py
[2024-04-24T05:16:52.704+0000] {processor.py:830} INFO - Processing file /home/airflow/.local/lib/python3.8/site-packages/airflow/example_dags/example_nested_branch_dag.py for tasks to queue
[2024-04-24T05:16:52.705+0000] {logging_mixin.py:188} INFO - [2024-04-24T05:16:52.705+0000] {dagbag.py:540} INFO - Filling up the DagBag from /home/airflow/.local/lib/python3.8/site-packages/airflow/example_dags/example_nested_branch_dag.py
[2024-04-24T05:16:52.711+0000] {processor.py:840} INFO - DAG(s) 'example_nested_branch_dag' retrieved from /home/airflow/.local/lib/python3.8/site-packages/airflow/example_dags/example_nested_branch_dag.py
[2024-04-24T05:16:52.722+0000] {logging_mixin.py:188} INFO - [2024-04-24T05:16:52.722+0000] {dag.py:3047} INFO - Sync 1 DAGs
[2024-04-24T05:16:52.734+0000] {logging_mixin.py:188} INFO - [2024-04-24T05:16:52.734+0000] {dag.py:3834} INFO - Setting next_dagrun for example_nested_branch_dag to 2024-04-23 00:00:00+00:00, run_after=2024-04-24 00:00:00+00:00
[2024-04-24T05:16:52.744+0000] {processor.py:183} INFO - Processing /home/airflow/.local/lib/python3.8/site-packages/airflow/example_dags/example_nested_branch_dag.py took 0.042 seconds
[2024-04-24T05:17:23.220+0000] {processor.py:161} INFO - Started process (PID=779) to work on /home/airflow/.local/lib/python3.8/site-packages/airflow/example_dags/example_nested_branch_dag.py
[2024-04-24T05:17:23.221+0000] {processor.py:830} INFO - Processing file /home/airflow/.local/lib/python3.8/site-packages/airflow/example_dags/example_nested_branch_dag.py for tasks to queue
[2024-04-24T05:17:23.222+0000] {logging_mixin.py:188} INFO - [2024-04-24T05:17:23.221+0000] {dagbag.py:540} INFO - Filling up the DagBag from /home/airflow/.local/lib/python3.8/site-packages/airflow/example_dags/example_nested_branch_dag.py
[2024-04-24T05:17:23.227+0000] {processor.py:840} INFO - DAG(s) 'example_nested_branch_dag' retrieved from /home/airflow/.local/lib/python3.8/site-packages/airflow/example_dags/example_nested_branch_dag.py
[2024-04-24T05:17:23.239+0000] {logging_mixin.py:188} INFO - [2024-04-24T05:17:23.239+0000] {dag.py:3047} INFO - Sync 1 DAGs
[2024-04-24T05:17:23.252+0000] {logging_mixin.py:188} INFO - [2024-04-24T05:17:23.251+0000] {dag.py:3834} INFO - Setting next_dagrun for example_nested_branch_dag to 2024-04-23 00:00:00+00:00, run_after=2024-04-24 00:00:00+00:00
[2024-04-24T05:17:23.262+0000] {processor.py:183} INFO - Processing /home/airflow/.local/lib/python3.8/site-packages/airflow/example_dags/example_nested_branch_dag.py took 0.044 seconds
[2024-04-24T05:17:53.834+0000] {processor.py:161} INFO - Started process (PID=837) to work on /home/airflow/.local/lib/python3.8/site-packages/airflow/example_dags/example_nested_branch_dag.py
[2024-04-24T05:17:53.835+0000] {processor.py:830} INFO - Processing file /home/airflow/.local/lib/python3.8/site-packages/airflow/example_dags/example_nested_branch_dag.py for tasks to queue
[2024-04-24T05:17:53.836+0000] {logging_mixin.py:188} INFO - [2024-04-24T05:17:53.836+0000] {dagbag.py:540} INFO - Filling up the DagBag from /home/airflow/.local/lib/python3.8/site-packages/airflow/example_dags/example_nested_branch_dag.py
[2024-04-24T05:17:53.842+0000] {processor.py:840} INFO - DAG(s) 'example_nested_branch_dag' retrieved from /home/airflow/.local/lib/python3.8/site-packages/airflow/example_dags/example_nested_branch_dag.py
[2024-04-24T05:17:53.853+0000] {logging_mixin.py:188} INFO - [2024-04-24T05:17:53.853+0000] {dag.py:3047} INFO - Sync 1 DAGs
[2024-04-24T05:17:53.866+0000] {logging_mixin.py:188} INFO - [2024-04-24T05:17:53.866+0000] {dag.py:3834} INFO - Setting next_dagrun for example_nested_branch_dag to 2024-04-23 00:00:00+00:00, run_after=2024-04-24 00:00:00+00:00
[2024-04-24T05:17:53.876+0000] {processor.py:183} INFO - Processing /home/airflow/.local/lib/python3.8/site-packages/airflow/example_dags/example_nested_branch_dag.py took 0.044 seconds
[2024-04-24T05:18:24.573+0000] {processor.py:161} INFO - Started process (PID=895) to work on /home/airflow/.local/lib/python3.8/site-packages/airflow/example_dags/example_nested_branch_dag.py
[2024-04-24T05:18:24.574+0000] {processor.py:830} INFO - Processing file /home/airflow/.local/lib/python3.8/site-packages/airflow/example_dags/example_nested_branch_dag.py for tasks to queue
[2024-04-24T05:18:24.575+0000] {logging_mixin.py:188} INFO - [2024-04-24T05:18:24.575+0000] {dagbag.py:540} INFO - Filling up the DagBag from /home/airflow/.local/lib/python3.8/site-packages/airflow/example_dags/example_nested_branch_dag.py
[2024-04-24T05:18:24.580+0000] {processor.py:840} INFO - DAG(s) 'example_nested_branch_dag' retrieved from /home/airflow/.local/lib/python3.8/site-packages/airflow/example_dags/example_nested_branch_dag.py
[2024-04-24T05:18:24.592+0000] {logging_mixin.py:188} INFO - [2024-04-24T05:18:24.592+0000] {dag.py:3047} INFO - Sync 1 DAGs
[2024-04-24T05:18:24.604+0000] {logging_mixin.py:188} INFO - [2024-04-24T05:18:24.604+0000] {dag.py:3834} INFO - Setting next_dagrun for example_nested_branch_dag to 2024-04-23 00:00:00+00:00, run_after=2024-04-24 00:00:00+00:00
[2024-04-24T05:18:24.614+0000] {processor.py:183} INFO - Processing /home/airflow/.local/lib/python3.8/site-packages/airflow/example_dags/example_nested_branch_dag.py took 0.042 seconds
[2024-04-24T05:18:55.118+0000] {processor.py:161} INFO - Started process (PID=953) to work on /home/airflow/.local/lib/python3.8/site-packages/airflow/example_dags/example_nested_branch_dag.py
[2024-04-24T05:18:55.119+0000] {processor.py:830} INFO - Processing file /home/airflow/.local/lib/python3.8/site-packages/airflow/example_dags/example_nested_branch_dag.py for tasks to queue
[2024-04-24T05:18:55.120+0000] {logging_mixin.py:188} INFO - [2024-04-24T05:18:55.120+0000] {dagbag.py:540} INFO - Filling up the DagBag from /home/airflow/.local/lib/python3.8/site-packages/airflow/example_dags/example_nested_branch_dag.py
[2024-04-24T05:18:55.125+0000] {processor.py:840} INFO - DAG(s) 'example_nested_branch_dag' retrieved from /home/airflow/.local/lib/python3.8/site-packages/airflow/example_dags/example_nested_branch_dag.py
[2024-04-24T05:18:55.137+0000] {logging_mixin.py:188} INFO - [2024-04-24T05:18:55.137+0000] {dag.py:3047} INFO - Sync 1 DAGs
[2024-04-24T05:18:55.148+0000] {logging_mixin.py:188} INFO - [2024-04-24T05:18:55.148+0000] {dag.py:3834} INFO - Setting next_dagrun for example_nested_branch_dag to 2024-04-23 00:00:00+00:00, run_after=2024-04-24 00:00:00+00:00
[2024-04-24T05:18:55.158+0000] {processor.py:183} INFO - Processing /home/airflow/.local/lib/python3.8/site-packages/airflow/example_dags/example_nested_branch_dag.py took 0.042 seconds
[2024-04-24T05:19:25.744+0000] {processor.py:161} INFO - Started process (PID=1011) to work on /home/airflow/.local/lib/python3.8/site-packages/airflow/example_dags/example_nested_branch_dag.py
[2024-04-24T05:19:25.745+0000] {processor.py:830} INFO - Processing file /home/airflow/.local/lib/python3.8/site-packages/airflow/example_dags/example_nested_branch_dag.py for tasks to queue
[2024-04-24T05:19:25.746+0000] {logging_mixin.py:188} INFO - [2024-04-24T05:19:25.746+0000] {dagbag.py:540} INFO - Filling up the DagBag from /home/airflow/.local/lib/python3.8/site-packages/airflow/example_dags/example_nested_branch_dag.py
[2024-04-24T05:19:25.751+0000] {processor.py:840} INFO - DAG(s) 'example_nested_branch_dag' retrieved from /home/airflow/.local/lib/python3.8/site-packages/airflow/example_dags/example_nested_branch_dag.py
[2024-04-24T05:19:25.762+0000] {logging_mixin.py:188} INFO - [2024-04-24T05:19:25.762+0000] {dag.py:3047} INFO - Sync 1 DAGs
[2024-04-24T05:19:25.774+0000] {logging_mixin.py:188} INFO - [2024-04-24T05:19:25.774+0000] {dag.py:3834} INFO - Setting next_dagrun for example_nested_branch_dag to 2024-04-23 00:00:00+00:00, run_after=2024-04-24 00:00:00+00:00
[2024-04-24T05:19:25.784+0000] {processor.py:183} INFO - Processing /home/airflow/.local/lib/python3.8/site-packages/airflow/example_dags/example_nested_branch_dag.py took 0.041 seconds
[2024-04-24T05:19:56.248+0000] {processor.py:161} INFO - Started process (PID=1069) to work on /home/airflow/.local/lib/python3.8/site-packages/airflow/example_dags/example_nested_branch_dag.py
[2024-04-24T05:19:56.248+0000] {processor.py:830} INFO - Processing file /home/airflow/.local/lib/python3.8/site-packages/airflow/example_dags/example_nested_branch_dag.py for tasks to queue
[2024-04-24T05:19:56.250+0000] {logging_mixin.py:188} INFO - [2024-04-24T05:19:56.249+0000] {dagbag.py:540} INFO - Filling up the DagBag from /home/airflow/.local/lib/python3.8/site-packages/airflow/example_dags/example_nested_branch_dag.py
[2024-04-24T05:19:56.255+0000] {processor.py:840} INFO - DAG(s) 'example_nested_branch_dag' retrieved from /home/airflow/.local/lib/python3.8/site-packages/airflow/example_dags/example_nested_branch_dag.py
[2024-04-24T05:19:56.266+0000] {logging_mixin.py:188} INFO - [2024-04-24T05:19:56.266+0000] {dag.py:3047} INFO - Sync 1 DAGs
[2024-04-24T05:19:56.279+0000] {logging_mixin.py:188} INFO - [2024-04-24T05:19:56.279+0000] {dag.py:3834} INFO - Setting next_dagrun for example_nested_branch_dag to 2024-04-23 00:00:00+00:00, run_after=2024-04-24 00:00:00+00:00
[2024-04-24T05:19:56.289+0000] {processor.py:183} INFO - Processing /home/airflow/.local/lib/python3.8/site-packages/airflow/example_dags/example_nested_branch_dag.py took 0.043 seconds
[2024-04-24T05:20:26.805+0000] {processor.py:161} INFO - Started process (PID=1127) to work on /home/airflow/.local/lib/python3.8/site-packages/airflow/example_dags/example_nested_branch_dag.py
[2024-04-24T05:20:26.806+0000] {processor.py:830} INFO - Processing file /home/airflow/.local/lib/python3.8/site-packages/airflow/example_dags/example_nested_branch_dag.py for tasks to queue
[2024-04-24T05:20:26.807+0000] {logging_mixin.py:188} INFO - [2024-04-24T05:20:26.806+0000] {dagbag.py:540} INFO - Filling up the DagBag from /home/airflow/.local/lib/python3.8/site-packages/airflow/example_dags/example_nested_branch_dag.py
[2024-04-24T05:20:26.812+0000] {processor.py:840} INFO - DAG(s) 'example_nested_branch_dag' retrieved from /home/airflow/.local/lib/python3.8/site-packages/airflow/example_dags/example_nested_branch_dag.py
[2024-04-24T05:20:26.823+0000] {logging_mixin.py:188} INFO - [2024-04-24T05:20:26.823+0000] {dag.py:3047} INFO - Sync 1 DAGs
[2024-04-24T05:20:26.835+0000] {logging_mixin.py:188} INFO - [2024-04-24T05:20:26.835+0000] {dag.py:3834} INFO - Setting next_dagrun for example_nested_branch_dag to 2024-04-23 00:00:00+00:00, run_after=2024-04-24 00:00:00+00:00
[2024-04-24T05:20:26.845+0000] {processor.py:183} INFO - Processing /home/airflow/.local/lib/python3.8/site-packages/airflow/example_dags/example_nested_branch_dag.py took 0.042 seconds
[2024-04-24T05:20:57.353+0000] {processor.py:161} INFO - Started process (PID=1185) to work on /home/airflow/.local/lib/python3.8/site-packages/airflow/example_dags/example_nested_branch_dag.py
[2024-04-24T05:20:57.354+0000] {processor.py:830} INFO - Processing file /home/airflow/.local/lib/python3.8/site-packages/airflow/example_dags/example_nested_branch_dag.py for tasks to queue
[2024-04-24T05:20:57.355+0000] {logging_mixin.py:188} INFO - [2024-04-24T05:20:57.355+0000] {dagbag.py:540} INFO - Filling up the DagBag from /home/airflow/.local/lib/python3.8/site-packages/airflow/example_dags/example_nested_branch_dag.py
[2024-04-24T05:20:57.360+0000] {processor.py:840} INFO - DAG(s) 'example_nested_branch_dag' retrieved from /home/airflow/.local/lib/python3.8/site-packages/airflow/example_dags/example_nested_branch_dag.py
[2024-04-24T05:20:57.371+0000] {logging_mixin.py:188} INFO - [2024-04-24T05:20:57.371+0000] {dag.py:3047} INFO - Sync 1 DAGs
[2024-04-24T05:20:57.383+0000] {logging_mixin.py:188} INFO - [2024-04-24T05:20:57.383+0000] {dag.py:3834} INFO - Setting next_dagrun for example_nested_branch_dag to 2024-04-23 00:00:00+00:00, run_after=2024-04-24 00:00:00+00:00
[2024-04-24T05:20:57.392+0000] {processor.py:183} INFO - Processing /home/airflow/.local/lib/python3.8/site-packages/airflow/example_dags/example_nested_branch_dag.py took 0.041 seconds
[2024-04-24T05:21:27.866+0000] {processor.py:161} INFO - Started process (PID=1243) to work on /home/airflow/.local/lib/python3.8/site-packages/airflow/example_dags/example_nested_branch_dag.py
[2024-04-24T05:21:27.866+0000] {processor.py:830} INFO - Processing file /home/airflow/.local/lib/python3.8/site-packages/airflow/example_dags/example_nested_branch_dag.py for tasks to queue
[2024-04-24T05:21:27.867+0000] {logging_mixin.py:188} INFO - [2024-04-24T05:21:27.867+0000] {dagbag.py:540} INFO - Filling up the DagBag from /home/airflow/.local/lib/python3.8/site-packages/airflow/example_dags/example_nested_branch_dag.py
[2024-04-24T05:21:27.873+0000] {processor.py:840} INFO - DAG(s) 'example_nested_branch_dag' retrieved from /home/airflow/.local/lib/python3.8/site-packages/airflow/example_dags/example_nested_branch_dag.py
[2024-04-24T05:21:27.884+0000] {logging_mixin.py:188} INFO - [2024-04-24T05:21:27.884+0000] {dag.py:3047} INFO - Sync 1 DAGs
[2024-04-24T05:21:27.896+0000] {logging_mixin.py:188} INFO - [2024-04-24T05:21:27.896+0000] {dag.py:3834} INFO - Setting next_dagrun for example_nested_branch_dag to 2024-04-23 00:00:00+00:00, run_after=2024-04-24 00:00:00+00:00
[2024-04-24T05:21:27.908+0000] {processor.py:183} INFO - Processing /home/airflow/.local/lib/python3.8/site-packages/airflow/example_dags/example_nested_branch_dag.py took 0.044 seconds
[2024-04-24T05:21:58.351+0000] {processor.py:161} INFO - Started process (PID=1301) to work on /home/airflow/.local/lib/python3.8/site-packages/airflow/example_dags/example_nested_branch_dag.py
[2024-04-24T05:21:58.351+0000] {processor.py:830} INFO - Processing file /home/airflow/.local/lib/python3.8/site-packages/airflow/example_dags/example_nested_branch_dag.py for tasks to queue
[2024-04-24T05:21:58.352+0000] {logging_mixin.py:188} INFO - [2024-04-24T05:21:58.352+0000] {dagbag.py:540} INFO - Filling up the DagBag from /home/airflow/.local/lib/python3.8/site-packages/airflow/example_dags/example_nested_branch_dag.py
[2024-04-24T05:21:58.358+0000] {processor.py:840} INFO - DAG(s) 'example_nested_branch_dag' retrieved from /home/airflow/.local/lib/python3.8/site-packages/airflow/example_dags/example_nested_branch_dag.py
[2024-04-24T05:21:58.369+0000] {logging_mixin.py:188} INFO - [2024-04-24T05:21:58.368+0000] {dag.py:3047} INFO - Sync 1 DAGs
[2024-04-24T05:21:58.380+0000] {logging_mixin.py:188} INFO - [2024-04-24T05:21:58.380+0000] {dag.py:3834} INFO - Setting next_dagrun for example_nested_branch_dag to 2024-04-23 00:00:00+00:00, run_after=2024-04-24 00:00:00+00:00
[2024-04-24T05:21:58.389+0000] {processor.py:183} INFO - Processing /home/airflow/.local/lib/python3.8/site-packages/airflow/example_dags/example_nested_branch_dag.py took 0.040 seconds
[2024-04-24T05:22:28.829+0000] {processor.py:161} INFO - Started process (PID=1359) to work on /home/airflow/.local/lib/python3.8/site-packages/airflow/example_dags/example_nested_branch_dag.py
[2024-04-24T05:22:28.830+0000] {processor.py:830} INFO - Processing file /home/airflow/.local/lib/python3.8/site-packages/airflow/example_dags/example_nested_branch_dag.py for tasks to queue
[2024-04-24T05:22:28.831+0000] {logging_mixin.py:188} INFO - [2024-04-24T05:22:28.830+0000] {dagbag.py:540} INFO - Filling up the DagBag from /home/airflow/.local/lib/python3.8/site-packages/airflow/example_dags/example_nested_branch_dag.py
[2024-04-24T05:22:28.836+0000] {processor.py:840} INFO - DAG(s) 'example_nested_branch_dag' retrieved from /home/airflow/.local/lib/python3.8/site-packages/airflow/example_dags/example_nested_branch_dag.py
[2024-04-24T05:22:28.847+0000] {logging_mixin.py:188} INFO - [2024-04-24T05:22:28.847+0000] {dag.py:3047} INFO - Sync 1 DAGs
[2024-04-24T05:22:28.858+0000] {logging_mixin.py:188} INFO - [2024-04-24T05:22:28.858+0000] {dag.py:3834} INFO - Setting next_dagrun for example_nested_branch_dag to 2024-04-23 00:00:00+00:00, run_after=2024-04-24 00:00:00+00:00
[2024-04-24T05:22:28.868+0000] {processor.py:183} INFO - Processing /home/airflow/.local/lib/python3.8/site-packages/airflow/example_dags/example_nested_branch_dag.py took 0.041 seconds
[2024-04-24T05:22:59.382+0000] {processor.py:161} INFO - Started process (PID=1417) to work on /home/airflow/.local/lib/python3.8/site-packages/airflow/example_dags/example_nested_branch_dag.py
[2024-04-24T05:22:59.383+0000] {processor.py:830} INFO - Processing file /home/airflow/.local/lib/python3.8/site-packages/airflow/example_dags/example_nested_branch_dag.py for tasks to queue
[2024-04-24T05:22:59.384+0000] {logging_mixin.py:188} INFO - [2024-04-24T05:22:59.383+0000] {dagbag.py:540} INFO - Filling up the DagBag from /home/airflow/.local/lib/python3.8/site-packages/airflow/example_dags/example_nested_branch_dag.py
[2024-04-24T05:22:59.389+0000] {processor.py:840} INFO - DAG(s) 'example_nested_branch_dag' retrieved from /home/airflow/.local/lib/python3.8/site-packages/airflow/example_dags/example_nested_branch_dag.py
[2024-04-24T05:22:59.400+0000] {logging_mixin.py:188} INFO - [2024-04-24T05:22:59.400+0000] {dag.py:3047} INFO - Sync 1 DAGs
[2024-04-24T05:22:59.412+0000] {logging_mixin.py:188} INFO - [2024-04-24T05:22:59.412+0000] {dag.py:3834} INFO - Setting next_dagrun for example_nested_branch_dag to 2024-04-23 00:00:00+00:00, run_after=2024-04-24 00:00:00+00:00
[2024-04-24T05:22:59.422+0000] {processor.py:183} INFO - Processing /home/airflow/.local/lib/python3.8/site-packages/airflow/example_dags/example_nested_branch_dag.py took 0.041 seconds
[2024-04-24T05:23:29.903+0000] {processor.py:161} INFO - Started process (PID=1475) to work on /home/airflow/.local/lib/python3.8/site-packages/airflow/example_dags/example_nested_branch_dag.py
[2024-04-24T05:23:29.903+0000] {processor.py:830} INFO - Processing file /home/airflow/.local/lib/python3.8/site-packages/airflow/example_dags/example_nested_branch_dag.py for tasks to queue
[2024-04-24T05:23:29.904+0000] {logging_mixin.py:188} INFO - [2024-04-24T05:23:29.904+0000] {dagbag.py:540} INFO - Filling up the DagBag from /home/airflow/.local/lib/python3.8/site-packages/airflow/example_dags/example_nested_branch_dag.py
[2024-04-24T05:23:29.910+0000] {processor.py:840} INFO - DAG(s) 'example_nested_branch_dag' retrieved from /home/airflow/.local/lib/python3.8/site-packages/airflow/example_dags/example_nested_branch_dag.py
[2024-04-24T05:23:29.921+0000] {logging_mixin.py:188} INFO - [2024-04-24T05:23:29.921+0000] {dag.py:3047} INFO - Sync 1 DAGs
[2024-04-24T05:23:29.932+0000] {logging_mixin.py:188} INFO - [2024-04-24T05:23:29.932+0000] {dag.py:3834} INFO - Setting next_dagrun for example_nested_branch_dag to 2024-04-23 00:00:00+00:00, run_after=2024-04-24 00:00:00+00:00
[2024-04-24T05:23:29.942+0000] {processor.py:183} INFO - Processing /home/airflow/.local/lib/python3.8/site-packages/airflow/example_dags/example_nested_branch_dag.py took 0.041 seconds
[2024-04-24T05:24:00.401+0000] {processor.py:161} INFO - Started process (PID=1533) to work on /home/airflow/.local/lib/python3.8/site-packages/airflow/example_dags/example_nested_branch_dag.py
[2024-04-24T05:24:00.402+0000] {processor.py:830} INFO - Processing file /home/airflow/.local/lib/python3.8/site-packages/airflow/example_dags/example_nested_branch_dag.py for tasks to queue
[2024-04-24T05:24:00.403+0000] {logging_mixin.py:188} INFO - [2024-04-24T05:24:00.403+0000] {dagbag.py:540} INFO - Filling up the DagBag from /home/airflow/.local/lib/python3.8/site-packages/airflow/example_dags/example_nested_branch_dag.py
[2024-04-24T05:24:00.408+0000] {processor.py:840} INFO - DAG(s) 'example_nested_branch_dag' retrieved from /home/airflow/.local/lib/python3.8/site-packages/airflow/example_dags/example_nested_branch_dag.py
[2024-04-24T05:24:00.420+0000] {logging_mixin.py:188} INFO - [2024-04-24T05:24:00.419+0000] {dag.py:3047} INFO - Sync 1 DAGs
[2024-04-24T05:24:00.431+0000] {logging_mixin.py:188} INFO - [2024-04-24T05:24:00.431+0000] {dag.py:3834} INFO - Setting next_dagrun for example_nested_branch_dag to 2024-04-23 00:00:00+00:00, run_after=2024-04-24 00:00:00+00:00
[2024-04-24T05:24:00.441+0000] {processor.py:183} INFO - Processing /home/airflow/.local/lib/python3.8/site-packages/airflow/example_dags/example_nested_branch_dag.py took 0.041 seconds
[2024-04-24T05:24:30.870+0000] {processor.py:161} INFO - Started process (PID=1591) to work on /home/airflow/.local/lib/python3.8/site-packages/airflow/example_dags/example_nested_branch_dag.py
[2024-04-24T05:24:30.870+0000] {processor.py:830} INFO - Processing file /home/airflow/.local/lib/python3.8/site-packages/airflow/example_dags/example_nested_branch_dag.py for tasks to queue
[2024-04-24T05:24:30.871+0000] {logging_mixin.py:188} INFO - [2024-04-24T05:24:30.871+0000] {dagbag.py:540} INFO - Filling up the DagBag from /home/airflow/.local/lib/python3.8/site-packages/airflow/example_dags/example_nested_branch_dag.py
[2024-04-24T05:24:30.877+0000] {processor.py:840} INFO - DAG(s) 'example_nested_branch_dag' retrieved from /home/airflow/.local/lib/python3.8/site-packages/airflow/example_dags/example_nested_branch_dag.py
[2024-04-24T05:24:30.888+0000] {logging_mixin.py:188} INFO - [2024-04-24T05:24:30.887+0000] {dag.py:3047} INFO - Sync 1 DAGs
[2024-04-24T05:24:30.899+0000] {logging_mixin.py:188} INFO - [2024-04-24T05:24:30.899+0000] {dag.py:3834} INFO - Setting next_dagrun for example_nested_branch_dag to 2024-04-23 00:00:00+00:00, run_after=2024-04-24 00:00:00+00:00
[2024-04-24T05:24:30.909+0000] {processor.py:183} INFO - Processing /home/airflow/.local/lib/python3.8/site-packages/airflow/example_dags/example_nested_branch_dag.py took 0.041 seconds
[2024-04-24T05:25:01.331+0000] {processor.py:161} INFO - Started process (PID=1649) to work on /home/airflow/.local/lib/python3.8/site-packages/airflow/example_dags/example_nested_branch_dag.py
[2024-04-24T05:25:01.331+0000] {processor.py:830} INFO - Processing file /home/airflow/.local/lib/python3.8/site-packages/airflow/example_dags/example_nested_branch_dag.py for tasks to queue
[2024-04-24T05:25:01.332+0000] {logging_mixin.py:188} INFO - [2024-04-24T05:25:01.332+0000] {dagbag.py:540} INFO - Filling up the DagBag from /home/airflow/.local/lib/python3.8/site-packages/airflow/example_dags/example_nested_branch_dag.py
[2024-04-24T05:25:01.338+0000] {processor.py:840} INFO - DAG(s) 'example_nested_branch_dag' retrieved from /home/airflow/.local/lib/python3.8/site-packages/airflow/example_dags/example_nested_branch_dag.py
[2024-04-24T05:25:01.349+0000] {logging_mixin.py:188} INFO - [2024-04-24T05:25:01.349+0000] {dag.py:3047} INFO - Sync 1 DAGs
[2024-04-24T05:25:01.360+0000] {logging_mixin.py:188} INFO - [2024-04-24T05:25:01.360+0000] {dag.py:3834} INFO - Setting next_dagrun for example_nested_branch_dag to 2024-04-23 00:00:00+00:00, run_after=2024-04-24 00:00:00+00:00
[2024-04-24T05:25:01.370+0000] {processor.py:183} INFO - Processing /home/airflow/.local/lib/python3.8/site-packages/airflow/example_dags/example_nested_branch_dag.py took 0.041 seconds
[2024-04-24T05:25:31.773+0000] {processor.py:161} INFO - Started process (PID=1707) to work on /home/airflow/.local/lib/python3.8/site-packages/airflow/example_dags/example_nested_branch_dag.py
[2024-04-24T05:25:31.773+0000] {processor.py:830} INFO - Processing file /home/airflow/.local/lib/python3.8/site-packages/airflow/example_dags/example_nested_branch_dag.py for tasks to queue
[2024-04-24T05:25:31.774+0000] {logging_mixin.py:188} INFO - [2024-04-24T05:25:31.774+0000] {dagbag.py:540} INFO - Filling up the DagBag from /home/airflow/.local/lib/python3.8/site-packages/airflow/example_dags/example_nested_branch_dag.py
[2024-04-24T05:25:31.780+0000] {processor.py:840} INFO - DAG(s) 'example_nested_branch_dag' retrieved from /home/airflow/.local/lib/python3.8/site-packages/airflow/example_dags/example_nested_branch_dag.py
[2024-04-24T05:25:31.791+0000] {logging_mixin.py:188} INFO - [2024-04-24T05:25:31.791+0000] {dag.py:3047} INFO - Sync 1 DAGs
[2024-04-24T05:25:31.803+0000] {logging_mixin.py:188} INFO - [2024-04-24T05:25:31.803+0000] {dag.py:3834} INFO - Setting next_dagrun for example_nested_branch_dag to 2024-04-23 00:00:00+00:00, run_after=2024-04-24 00:00:00+00:00
[2024-04-24T05:25:31.812+0000] {processor.py:183} INFO - Processing /home/airflow/.local/lib/python3.8/site-packages/airflow/example_dags/example_nested_branch_dag.py took 0.041 seconds
[2024-04-24T05:26:02.554+0000] {processor.py:161} INFO - Started process (PID=1765) to work on /home/airflow/.local/lib/python3.8/site-packages/airflow/example_dags/example_nested_branch_dag.py
[2024-04-24T05:26:02.554+0000] {processor.py:830} INFO - Processing file /home/airflow/.local/lib/python3.8/site-packages/airflow/example_dags/example_nested_branch_dag.py for tasks to queue
[2024-04-24T05:26:02.555+0000] {logging_mixin.py:188} INFO - [2024-04-24T05:26:02.555+0000] {dagbag.py:540} INFO - Filling up the DagBag from /home/airflow/.local/lib/python3.8/site-packages/airflow/example_dags/example_nested_branch_dag.py
[2024-04-24T05:26:02.560+0000] {processor.py:840} INFO - DAG(s) 'example_nested_branch_dag' retrieved from /home/airflow/.local/lib/python3.8/site-packages/airflow/example_dags/example_nested_branch_dag.py
[2024-04-24T05:26:02.572+0000] {logging_mixin.py:188} INFO - [2024-04-24T05:26:02.571+0000] {dag.py:3047} INFO - Sync 1 DAGs
[2024-04-24T05:26:02.583+0000] {logging_mixin.py:188} INFO - [2024-04-24T05:26:02.583+0000] {dag.py:3834} INFO - Setting next_dagrun for example_nested_branch_dag to 2024-04-23 00:00:00+00:00, run_after=2024-04-24 00:00:00+00:00
[2024-04-24T05:26:02.594+0000] {processor.py:183} INFO - Processing /home/airflow/.local/lib/python3.8/site-packages/airflow/example_dags/example_nested_branch_dag.py took 0.042 seconds
[2024-04-24T05:26:33.065+0000] {processor.py:161} INFO - Started process (PID=1823) to work on /home/airflow/.local/lib/python3.8/site-packages/airflow/example_dags/example_nested_branch_dag.py
[2024-04-24T05:26:33.066+0000] {processor.py:830} INFO - Processing file /home/airflow/.local/lib/python3.8/site-packages/airflow/example_dags/example_nested_branch_dag.py for tasks to queue
[2024-04-24T05:26:33.067+0000] {logging_mixin.py:188} INFO - [2024-04-24T05:26:33.066+0000] {dagbag.py:540} INFO - Filling up the DagBag from /home/airflow/.local/lib/python3.8/site-packages/airflow/example_dags/example_nested_branch_dag.py
[2024-04-24T05:26:33.072+0000] {processor.py:840} INFO - DAG(s) 'example_nested_branch_dag' retrieved from /home/airflow/.local/lib/python3.8/site-packages/airflow/example_dags/example_nested_branch_dag.py
[2024-04-24T05:26:33.083+0000] {logging_mixin.py:188} INFO - [2024-04-24T05:26:33.083+0000] {dag.py:3047} INFO - Sync 1 DAGs
[2024-04-24T05:26:33.094+0000] {logging_mixin.py:188} INFO - [2024-04-24T05:26:33.094+0000] {dag.py:3834} INFO - Setting next_dagrun for example_nested_branch_dag to 2024-04-23 00:00:00+00:00, run_after=2024-04-24 00:00:00+00:00
[2024-04-24T05:26:33.104+0000] {processor.py:183} INFO - Processing /home/airflow/.local/lib/python3.8/site-packages/airflow/example_dags/example_nested_branch_dag.py took 0.041 seconds
[2024-04-24T05:27:03.863+0000] {processor.py:161} INFO - Started process (PID=1881) to work on /home/airflow/.local/lib/python3.8/site-packages/airflow/example_dags/example_nested_branch_dag.py
[2024-04-24T05:27:03.864+0000] {processor.py:830} INFO - Processing file /home/airflow/.local/lib/python3.8/site-packages/airflow/example_dags/example_nested_branch_dag.py for tasks to queue
[2024-04-24T05:27:03.865+0000] {logging_mixin.py:188} INFO - [2024-04-24T05:27:03.865+0000] {dagbag.py:540} INFO - Filling up the DagBag from /home/airflow/.local/lib/python3.8/site-packages/airflow/example_dags/example_nested_branch_dag.py
[2024-04-24T05:27:03.870+0000] {processor.py:840} INFO - DAG(s) 'example_nested_branch_dag' retrieved from /home/airflow/.local/lib/python3.8/site-packages/airflow/example_dags/example_nested_branch_dag.py
[2024-04-24T05:27:03.881+0000] {logging_mixin.py:188} INFO - [2024-04-24T05:27:03.881+0000] {dag.py:3047} INFO - Sync 1 DAGs
[2024-04-24T05:27:03.893+0000] {logging_mixin.py:188} INFO - [2024-04-24T05:27:03.893+0000] {dag.py:3834} INFO - Setting next_dagrun for example_nested_branch_dag to 2024-04-23 00:00:00+00:00, run_after=2024-04-24 00:00:00+00:00
[2024-04-24T05:27:03.903+0000] {processor.py:183} INFO - Processing /home/airflow/.local/lib/python3.8/site-packages/airflow/example_dags/example_nested_branch_dag.py took 0.041 seconds
[2024-04-24T05:27:34.403+0000] {processor.py:161} INFO - Started process (PID=1939) to work on /home/airflow/.local/lib/python3.8/site-packages/airflow/example_dags/example_nested_branch_dag.py
[2024-04-24T05:27:34.403+0000] {processor.py:830} INFO - Processing file /home/airflow/.local/lib/python3.8/site-packages/airflow/example_dags/example_nested_branch_dag.py for tasks to queue
[2024-04-24T05:27:34.404+0000] {logging_mixin.py:188} INFO - [2024-04-24T05:27:34.404+0000] {dagbag.py:540} INFO - Filling up the DagBag from /home/airflow/.local/lib/python3.8/site-packages/airflow/example_dags/example_nested_branch_dag.py
[2024-04-24T05:27:34.410+0000] {processor.py:840} INFO - DAG(s) 'example_nested_branch_dag' retrieved from /home/airflow/.local/lib/python3.8/site-packages/airflow/example_dags/example_nested_branch_dag.py
[2024-04-24T05:27:34.421+0000] {logging_mixin.py:188} INFO - [2024-04-24T05:27:34.421+0000] {dag.py:3047} INFO - Sync 1 DAGs
[2024-04-24T05:27:34.433+0000] {logging_mixin.py:188} INFO - [2024-04-24T05:27:34.433+0000] {dag.py:3834} INFO - Setting next_dagrun for example_nested_branch_dag to 2024-04-23 00:00:00+00:00, run_after=2024-04-24 00:00:00+00:00
[2024-04-24T05:27:34.443+0000] {processor.py:183} INFO - Processing /home/airflow/.local/lib/python3.8/site-packages/airflow/example_dags/example_nested_branch_dag.py took 0.042 seconds
[2024-04-24T05:28:05.131+0000] {processor.py:161} INFO - Started process (PID=1997) to work on /home/airflow/.local/lib/python3.8/site-packages/airflow/example_dags/example_nested_branch_dag.py
[2024-04-24T05:28:05.132+0000] {processor.py:830} INFO - Processing file /home/airflow/.local/lib/python3.8/site-packages/airflow/example_dags/example_nested_branch_dag.py for tasks to queue
[2024-04-24T05:28:05.133+0000] {logging_mixin.py:188} INFO - [2024-04-24T05:28:05.133+0000] {dagbag.py:540} INFO - Filling up the DagBag from /home/airflow/.local/lib/python3.8/site-packages/airflow/example_dags/example_nested_branch_dag.py
[2024-04-24T05:28:05.138+0000] {processor.py:840} INFO - DAG(s) 'example_nested_branch_dag' retrieved from /home/airflow/.local/lib/python3.8/site-packages/airflow/example_dags/example_nested_branch_dag.py
[2024-04-24T05:28:05.151+0000] {logging_mixin.py:188} INFO - [2024-04-24T05:28:05.151+0000] {dag.py:3047} INFO - Sync 1 DAGs
[2024-04-24T05:28:05.164+0000] {logging_mixin.py:188} INFO - [2024-04-24T05:28:05.164+0000] {dag.py:3834} INFO - Setting next_dagrun for example_nested_branch_dag to 2024-04-23 00:00:00+00:00, run_after=2024-04-24 00:00:00+00:00
[2024-04-24T05:28:05.176+0000] {processor.py:183} INFO - Processing /home/airflow/.local/lib/python3.8/site-packages/airflow/example_dags/example_nested_branch_dag.py took 0.046 seconds
[2024-04-24T05:28:35.866+0000] {processor.py:161} INFO - Started process (PID=2055) to work on /home/airflow/.local/lib/python3.8/site-packages/airflow/example_dags/example_nested_branch_dag.py
[2024-04-24T05:28:35.866+0000] {processor.py:830} INFO - Processing file /home/airflow/.local/lib/python3.8/site-packages/airflow/example_dags/example_nested_branch_dag.py for tasks to queue
[2024-04-24T05:28:35.868+0000] {logging_mixin.py:188} INFO - [2024-04-24T05:28:35.867+0000] {dagbag.py:540} INFO - Filling up the DagBag from /home/airflow/.local/lib/python3.8/site-packages/airflow/example_dags/example_nested_branch_dag.py
[2024-04-24T05:28:35.873+0000] {processor.py:840} INFO - DAG(s) 'example_nested_branch_dag' retrieved from /home/airflow/.local/lib/python3.8/site-packages/airflow/example_dags/example_nested_branch_dag.py
[2024-04-24T05:28:35.886+0000] {logging_mixin.py:188} INFO - [2024-04-24T05:28:35.886+0000] {dag.py:3047} INFO - Sync 1 DAGs
[2024-04-24T05:28:35.899+0000] {logging_mixin.py:188} INFO - [2024-04-24T05:28:35.899+0000] {dag.py:3834} INFO - Setting next_dagrun for example_nested_branch_dag to 2024-04-23 00:00:00+00:00, run_after=2024-04-24 00:00:00+00:00
[2024-04-24T05:28:35.909+0000] {processor.py:183} INFO - Processing /home/airflow/.local/lib/python3.8/site-packages/airflow/example_dags/example_nested_branch_dag.py took 0.046 seconds
[2024-04-24T05:29:06.417+0000] {processor.py:161} INFO - Started process (PID=2113) to work on /home/airflow/.local/lib/python3.8/site-packages/airflow/example_dags/example_nested_branch_dag.py
[2024-04-24T05:29:06.418+0000] {processor.py:830} INFO - Processing file /home/airflow/.local/lib/python3.8/site-packages/airflow/example_dags/example_nested_branch_dag.py for tasks to queue
[2024-04-24T05:29:06.419+0000] {logging_mixin.py:188} INFO - [2024-04-24T05:29:06.419+0000] {dagbag.py:540} INFO - Filling up the DagBag from /home/airflow/.local/lib/python3.8/site-packages/airflow/example_dags/example_nested_branch_dag.py
[2024-04-24T05:29:06.424+0000] {processor.py:840} INFO - DAG(s) 'example_nested_branch_dag' retrieved from /home/airflow/.local/lib/python3.8/site-packages/airflow/example_dags/example_nested_branch_dag.py
[2024-04-24T05:29:06.435+0000] {logging_mixin.py:188} INFO - [2024-04-24T05:29:06.435+0000] {dag.py:3047} INFO - Sync 1 DAGs
[2024-04-24T05:29:06.447+0000] {logging_mixin.py:188} INFO - [2024-04-24T05:29:06.447+0000] {dag.py:3834} INFO - Setting next_dagrun for example_nested_branch_dag to 2024-04-23 00:00:00+00:00, run_after=2024-04-24 00:00:00+00:00
[2024-04-24T05:29:06.457+0000] {processor.py:183} INFO - Processing /home/airflow/.local/lib/python3.8/site-packages/airflow/example_dags/example_nested_branch_dag.py took 0.041 seconds
[2024-04-24T05:29:36.986+0000] {processor.py:161} INFO - Started process (PID=2171) to work on /home/airflow/.local/lib/python3.8/site-packages/airflow/example_dags/example_nested_branch_dag.py
[2024-04-24T05:29:36.987+0000] {processor.py:830} INFO - Processing file /home/airflow/.local/lib/python3.8/site-packages/airflow/example_dags/example_nested_branch_dag.py for tasks to queue
[2024-04-24T05:29:36.988+0000] {logging_mixin.py:188} INFO - [2024-04-24T05:29:36.988+0000] {dagbag.py:540} INFO - Filling up the DagBag from /home/airflow/.local/lib/python3.8/site-packages/airflow/example_dags/example_nested_branch_dag.py
[2024-04-24T05:29:36.993+0000] {processor.py:840} INFO - DAG(s) 'example_nested_branch_dag' retrieved from /home/airflow/.local/lib/python3.8/site-packages/airflow/example_dags/example_nested_branch_dag.py
[2024-04-24T05:29:37.004+0000] {logging_mixin.py:188} INFO - [2024-04-24T05:29:37.004+0000] {dag.py:3047} INFO - Sync 1 DAGs
[2024-04-24T05:29:37.016+0000] {logging_mixin.py:188} INFO - [2024-04-24T05:29:37.016+0000] {dag.py:3834} INFO - Setting next_dagrun for example_nested_branch_dag to 2024-04-23 00:00:00+00:00, run_after=2024-04-24 00:00:00+00:00
[2024-04-24T05:29:37.026+0000] {processor.py:183} INFO - Processing /home/airflow/.local/lib/python3.8/site-packages/airflow/example_dags/example_nested_branch_dag.py took 0.041 seconds
[2024-04-24T05:30:07.551+0000] {processor.py:161} INFO - Started process (PID=2229) to work on /home/airflow/.local/lib/python3.8/site-packages/airflow/example_dags/example_nested_branch_dag.py
[2024-04-24T05:30:07.551+0000] {processor.py:830} INFO - Processing file /home/airflow/.local/lib/python3.8/site-packages/airflow/example_dags/example_nested_branch_dag.py for tasks to queue
[2024-04-24T05:30:07.552+0000] {logging_mixin.py:188} INFO - [2024-04-24T05:30:07.552+0000] {dagbag.py:540} INFO - Filling up the DagBag from /home/airflow/.local/lib/python3.8/site-packages/airflow/example_dags/example_nested_branch_dag.py
[2024-04-24T05:30:07.558+0000] {processor.py:840} INFO - DAG(s) 'example_nested_branch_dag' retrieved from /home/airflow/.local/lib/python3.8/site-packages/airflow/example_dags/example_nested_branch_dag.py
[2024-04-24T05:30:07.569+0000] {logging_mixin.py:188} INFO - [2024-04-24T05:30:07.569+0000] {dag.py:3047} INFO - Sync 1 DAGs
[2024-04-24T05:30:07.581+0000] {logging_mixin.py:188} INFO - [2024-04-24T05:30:07.581+0000] {dag.py:3834} INFO - Setting next_dagrun for example_nested_branch_dag to 2024-04-23 00:00:00+00:00, run_after=2024-04-24 00:00:00+00:00
[2024-04-24T05:30:07.591+0000] {processor.py:183} INFO - Processing /home/airflow/.local/lib/python3.8/site-packages/airflow/example_dags/example_nested_branch_dag.py took 0.042 seconds
[2024-04-24T05:30:38.131+0000] {processor.py:161} INFO - Started process (PID=2287) to work on /home/airflow/.local/lib/python3.8/site-packages/airflow/example_dags/example_nested_branch_dag.py
[2024-04-24T05:30:38.132+0000] {processor.py:830} INFO - Processing file /home/airflow/.local/lib/python3.8/site-packages/airflow/example_dags/example_nested_branch_dag.py for tasks to queue
[2024-04-24T05:30:38.133+0000] {logging_mixin.py:188} INFO - [2024-04-24T05:30:38.132+0000] {dagbag.py:540} INFO - Filling up the DagBag from /home/airflow/.local/lib/python3.8/site-packages/airflow/example_dags/example_nested_branch_dag.py
[2024-04-24T05:30:38.138+0000] {processor.py:840} INFO - DAG(s) 'example_nested_branch_dag' retrieved from /home/airflow/.local/lib/python3.8/site-packages/airflow/example_dags/example_nested_branch_dag.py
[2024-04-24T05:30:38.149+0000] {logging_mixin.py:188} INFO - [2024-04-24T05:30:38.149+0000] {dag.py:3047} INFO - Sync 1 DAGs
[2024-04-24T05:30:38.161+0000] {logging_mixin.py:188} INFO - [2024-04-24T05:30:38.161+0000] {dag.py:3834} INFO - Setting next_dagrun for example_nested_branch_dag to 2024-04-23 00:00:00+00:00, run_after=2024-04-24 00:00:00+00:00
[2024-04-24T05:30:38.171+0000] {processor.py:183} INFO - Processing /home/airflow/.local/lib/python3.8/site-packages/airflow/example_dags/example_nested_branch_dag.py took 0.041 seconds
[2024-04-24T05:31:08.697+0000] {processor.py:161} INFO - Started process (PID=2345) to work on /home/airflow/.local/lib/python3.8/site-packages/airflow/example_dags/example_nested_branch_dag.py
[2024-04-24T05:31:08.697+0000] {processor.py:830} INFO - Processing file /home/airflow/.local/lib/python3.8/site-packages/airflow/example_dags/example_nested_branch_dag.py for tasks to queue
[2024-04-24T05:31:08.698+0000] {logging_mixin.py:188} INFO - [2024-04-24T05:31:08.698+0000] {dagbag.py:540} INFO - Filling up the DagBag from /home/airflow/.local/lib/python3.8/site-packages/airflow/example_dags/example_nested_branch_dag.py
[2024-04-24T05:31:08.704+0000] {processor.py:840} INFO - DAG(s) 'example_nested_branch_dag' retrieved from /home/airflow/.local/lib/python3.8/site-packages/airflow/example_dags/example_nested_branch_dag.py
[2024-04-24T05:31:08.716+0000] {logging_mixin.py:188} INFO - [2024-04-24T05:31:08.716+0000] {dag.py:3047} INFO - Sync 1 DAGs
[2024-04-24T05:31:08.728+0000] {logging_mixin.py:188} INFO - [2024-04-24T05:31:08.728+0000] {dag.py:3834} INFO - Setting next_dagrun for example_nested_branch_dag to 2024-04-23 00:00:00+00:00, run_after=2024-04-24 00:00:00+00:00
[2024-04-24T05:31:08.739+0000] {processor.py:183} INFO - Processing /home/airflow/.local/lib/python3.8/site-packages/airflow/example_dags/example_nested_branch_dag.py took 0.044 seconds
[2024-04-24T05:31:39.537+0000] {processor.py:161} INFO - Started process (PID=2403) to work on /home/airflow/.local/lib/python3.8/site-packages/airflow/example_dags/example_nested_branch_dag.py
[2024-04-24T05:31:39.538+0000] {processor.py:830} INFO - Processing file /home/airflow/.local/lib/python3.8/site-packages/airflow/example_dags/example_nested_branch_dag.py for tasks to queue
[2024-04-24T05:31:39.539+0000] {logging_mixin.py:188} INFO - [2024-04-24T05:31:39.539+0000] {dagbag.py:540} INFO - Filling up the DagBag from /home/airflow/.local/lib/python3.8/site-packages/airflow/example_dags/example_nested_branch_dag.py
[2024-04-24T05:31:39.544+0000] {processor.py:840} INFO - DAG(s) 'example_nested_branch_dag' retrieved from /home/airflow/.local/lib/python3.8/site-packages/airflow/example_dags/example_nested_branch_dag.py
[2024-04-24T05:31:39.555+0000] {logging_mixin.py:188} INFO - [2024-04-24T05:31:39.555+0000] {dag.py:3047} INFO - Sync 1 DAGs
[2024-04-24T05:31:39.567+0000] {logging_mixin.py:188} INFO - [2024-04-24T05:31:39.566+0000] {dag.py:3834} INFO - Setting next_dagrun for example_nested_branch_dag to 2024-04-23 00:00:00+00:00, run_after=2024-04-24 00:00:00+00:00
[2024-04-24T05:31:39.576+0000] {processor.py:183} INFO - Processing /home/airflow/.local/lib/python3.8/site-packages/airflow/example_dags/example_nested_branch_dag.py took 0.041 seconds
[2024-04-24T05:32:10.108+0000] {processor.py:161} INFO - Started process (PID=2461) to work on /home/airflow/.local/lib/python3.8/site-packages/airflow/example_dags/example_nested_branch_dag.py
[2024-04-24T05:32:10.108+0000] {processor.py:830} INFO - Processing file /home/airflow/.local/lib/python3.8/site-packages/airflow/example_dags/example_nested_branch_dag.py for tasks to queue
[2024-04-24T05:32:10.109+0000] {logging_mixin.py:188} INFO - [2024-04-24T05:32:10.109+0000] {dagbag.py:540} INFO - Filling up the DagBag from /home/airflow/.local/lib/python3.8/site-packages/airflow/example_dags/example_nested_branch_dag.py
[2024-04-24T05:32:10.114+0000] {processor.py:840} INFO - DAG(s) 'example_nested_branch_dag' retrieved from /home/airflow/.local/lib/python3.8/site-packages/airflow/example_dags/example_nested_branch_dag.py
[2024-04-24T05:32:10.125+0000] {logging_mixin.py:188} INFO - [2024-04-24T05:32:10.125+0000] {dag.py:3047} INFO - Sync 1 DAGs
[2024-04-24T05:32:10.138+0000] {logging_mixin.py:188} INFO - [2024-04-24T05:32:10.138+0000] {dag.py:3834} INFO - Setting next_dagrun for example_nested_branch_dag to 2024-04-23 00:00:00+00:00, run_after=2024-04-24 00:00:00+00:00
[2024-04-24T05:32:10.148+0000] {processor.py:183} INFO - Processing /home/airflow/.local/lib/python3.8/site-packages/airflow/example_dags/example_nested_branch_dag.py took 0.042 seconds
[2024-04-24T05:32:40.578+0000] {processor.py:161} INFO - Started process (PID=2520) to work on /home/airflow/.local/lib/python3.8/site-packages/airflow/example_dags/example_nested_branch_dag.py
[2024-04-24T05:32:40.578+0000] {processor.py:830} INFO - Processing file /home/airflow/.local/lib/python3.8/site-packages/airflow/example_dags/example_nested_branch_dag.py for tasks to queue
[2024-04-24T05:32:40.579+0000] {logging_mixin.py:188} INFO - [2024-04-24T05:32:40.579+0000] {dagbag.py:540} INFO - Filling up the DagBag from /home/airflow/.local/lib/python3.8/site-packages/airflow/example_dags/example_nested_branch_dag.py
[2024-04-24T05:32:40.585+0000] {processor.py:840} INFO - DAG(s) 'example_nested_branch_dag' retrieved from /home/airflow/.local/lib/python3.8/site-packages/airflow/example_dags/example_nested_branch_dag.py
[2024-04-24T05:32:40.596+0000] {logging_mixin.py:188} INFO - [2024-04-24T05:32:40.596+0000] {dag.py:3047} INFO - Sync 1 DAGs
[2024-04-24T05:32:40.607+0000] {logging_mixin.py:188} INFO - [2024-04-24T05:32:40.607+0000] {dag.py:3834} INFO - Setting next_dagrun for example_nested_branch_dag to 2024-04-23 00:00:00+00:00, run_after=2024-04-24 00:00:00+00:00
[2024-04-24T05:32:40.617+0000] {processor.py:183} INFO - Processing /home/airflow/.local/lib/python3.8/site-packages/airflow/example_dags/example_nested_branch_dag.py took 0.041 seconds
[2024-04-24T05:33:10.995+0000] {processor.py:161} INFO - Started process (PID=2575) to work on /home/airflow/.local/lib/python3.8/site-packages/airflow/example_dags/example_nested_branch_dag.py
[2024-04-24T05:33:10.996+0000] {processor.py:830} INFO - Processing file /home/airflow/.local/lib/python3.8/site-packages/airflow/example_dags/example_nested_branch_dag.py for tasks to queue
[2024-04-24T05:33:10.996+0000] {logging_mixin.py:188} INFO - [2024-04-24T05:33:10.996+0000] {dagbag.py:540} INFO - Filling up the DagBag from /home/airflow/.local/lib/python3.8/site-packages/airflow/example_dags/example_nested_branch_dag.py
[2024-04-24T05:33:11.002+0000] {processor.py:840} INFO - DAG(s) 'example_nested_branch_dag' retrieved from /home/airflow/.local/lib/python3.8/site-packages/airflow/example_dags/example_nested_branch_dag.py
[2024-04-24T05:33:11.013+0000] {logging_mixin.py:188} INFO - [2024-04-24T05:33:11.013+0000] {dag.py:3047} INFO - Sync 1 DAGs
[2024-04-24T05:33:11.024+0000] {logging_mixin.py:188} INFO - [2024-04-24T05:33:11.024+0000] {dag.py:3834} INFO - Setting next_dagrun for example_nested_branch_dag to 2024-04-23 00:00:00+00:00, run_after=2024-04-24 00:00:00+00:00
[2024-04-24T05:33:11.034+0000] {processor.py:183} INFO - Processing /home/airflow/.local/lib/python3.8/site-packages/airflow/example_dags/example_nested_branch_dag.py took 0.041 seconds
[2024-04-24T05:33:41.367+0000] {processor.py:161} INFO - Started process (PID=2630) to work on /home/airflow/.local/lib/python3.8/site-packages/airflow/example_dags/example_nested_branch_dag.py
[2024-04-24T05:33:41.368+0000] {processor.py:830} INFO - Processing file /home/airflow/.local/lib/python3.8/site-packages/airflow/example_dags/example_nested_branch_dag.py for tasks to queue
[2024-04-24T05:33:41.368+0000] {logging_mixin.py:188} INFO - [2024-04-24T05:33:41.368+0000] {dagbag.py:540} INFO - Filling up the DagBag from /home/airflow/.local/lib/python3.8/site-packages/airflow/example_dags/example_nested_branch_dag.py
[2024-04-24T05:33:41.374+0000] {processor.py:840} INFO - DAG(s) 'example_nested_branch_dag' retrieved from /home/airflow/.local/lib/python3.8/site-packages/airflow/example_dags/example_nested_branch_dag.py
[2024-04-24T05:33:41.385+0000] {logging_mixin.py:188} INFO - [2024-04-24T05:33:41.385+0000] {dag.py:3047} INFO - Sync 1 DAGs
[2024-04-24T05:33:41.397+0000] {logging_mixin.py:188} INFO - [2024-04-24T05:33:41.397+0000] {dag.py:3834} INFO - Setting next_dagrun for example_nested_branch_dag to 2024-04-23 00:00:00+00:00, run_after=2024-04-24 00:00:00+00:00
[2024-04-24T05:33:41.406+0000] {processor.py:183} INFO - Processing /home/airflow/.local/lib/python3.8/site-packages/airflow/example_dags/example_nested_branch_dag.py took 0.041 seconds
[2024-04-24T05:34:11.870+0000] {processor.py:161} INFO - Started process (PID=2685) to work on /home/airflow/.local/lib/python3.8/site-packages/airflow/example_dags/example_nested_branch_dag.py
[2024-04-24T05:34:11.870+0000] {processor.py:830} INFO - Processing file /home/airflow/.local/lib/python3.8/site-packages/airflow/example_dags/example_nested_branch_dag.py for tasks to queue
[2024-04-24T05:34:11.871+0000] {logging_mixin.py:188} INFO - [2024-04-24T05:34:11.871+0000] {dagbag.py:540} INFO - Filling up the DagBag from /home/airflow/.local/lib/python3.8/site-packages/airflow/example_dags/example_nested_branch_dag.py
[2024-04-24T05:34:11.876+0000] {processor.py:840} INFO - DAG(s) 'example_nested_branch_dag' retrieved from /home/airflow/.local/lib/python3.8/site-packages/airflow/example_dags/example_nested_branch_dag.py
[2024-04-24T05:34:11.888+0000] {logging_mixin.py:188} INFO - [2024-04-24T05:34:11.888+0000] {dag.py:3047} INFO - Sync 1 DAGs
[2024-04-24T05:34:11.900+0000] {logging_mixin.py:188} INFO - [2024-04-24T05:34:11.899+0000] {dag.py:3834} INFO - Setting next_dagrun for example_nested_branch_dag to 2024-04-23 00:00:00+00:00, run_after=2024-04-24 00:00:00+00:00
[2024-04-24T05:34:11.909+0000] {processor.py:183} INFO - Processing /home/airflow/.local/lib/python3.8/site-packages/airflow/example_dags/example_nested_branch_dag.py took 0.041 seconds
[2024-04-24T05:34:42.501+0000] {processor.py:161} INFO - Started process (PID=2746) to work on /home/airflow/.local/lib/python3.8/site-packages/airflow/example_dags/example_nested_branch_dag.py
[2024-04-24T05:34:42.502+0000] {processor.py:830} INFO - Processing file /home/airflow/.local/lib/python3.8/site-packages/airflow/example_dags/example_nested_branch_dag.py for tasks to queue
[2024-04-24T05:34:42.502+0000] {logging_mixin.py:188} INFO - [2024-04-24T05:34:42.502+0000] {dagbag.py:540} INFO - Filling up the DagBag from /home/airflow/.local/lib/python3.8/site-packages/airflow/example_dags/example_nested_branch_dag.py
[2024-04-24T05:34:42.508+0000] {processor.py:840} INFO - DAG(s) 'example_nested_branch_dag' retrieved from /home/airflow/.local/lib/python3.8/site-packages/airflow/example_dags/example_nested_branch_dag.py
[2024-04-24T05:34:42.520+0000] {logging_mixin.py:188} INFO - [2024-04-24T05:34:42.520+0000] {dag.py:3047} INFO - Sync 1 DAGs
[2024-04-24T05:34:42.532+0000] {logging_mixin.py:188} INFO - [2024-04-24T05:34:42.532+0000] {dag.py:3834} INFO - Setting next_dagrun for example_nested_branch_dag to 2024-04-23 00:00:00+00:00, run_after=2024-04-24 00:00:00+00:00
[2024-04-24T05:34:42.542+0000] {processor.py:183} INFO - Processing /home/airflow/.local/lib/python3.8/site-packages/airflow/example_dags/example_nested_branch_dag.py took 0.043 seconds
[2024-04-24T05:35:13.176+0000] {processor.py:161} INFO - Started process (PID=2801) to work on /home/airflow/.local/lib/python3.8/site-packages/airflow/example_dags/example_nested_branch_dag.py
[2024-04-24T05:35:13.176+0000] {processor.py:830} INFO - Processing file /home/airflow/.local/lib/python3.8/site-packages/airflow/example_dags/example_nested_branch_dag.py for tasks to queue
[2024-04-24T05:35:13.177+0000] {logging_mixin.py:188} INFO - [2024-04-24T05:35:13.177+0000] {dagbag.py:540} INFO - Filling up the DagBag from /home/airflow/.local/lib/python3.8/site-packages/airflow/example_dags/example_nested_branch_dag.py
[2024-04-24T05:35:13.182+0000] {processor.py:840} INFO - DAG(s) 'example_nested_branch_dag' retrieved from /home/airflow/.local/lib/python3.8/site-packages/airflow/example_dags/example_nested_branch_dag.py
[2024-04-24T05:35:13.193+0000] {logging_mixin.py:188} INFO - [2024-04-24T05:35:13.193+0000] {dag.py:3047} INFO - Sync 1 DAGs
[2024-04-24T05:35:13.205+0000] {logging_mixin.py:188} INFO - [2024-04-24T05:35:13.205+0000] {dag.py:3834} INFO - Setting next_dagrun for example_nested_branch_dag to 2024-04-23 00:00:00+00:00, run_after=2024-04-24 00:00:00+00:00
[2024-04-24T05:35:13.214+0000] {processor.py:183} INFO - Processing /home/airflow/.local/lib/python3.8/site-packages/airflow/example_dags/example_nested_branch_dag.py took 0.040 seconds
[2024-04-24T05:35:43.863+0000] {processor.py:161} INFO - Started process (PID=2856) to work on /home/airflow/.local/lib/python3.8/site-packages/airflow/example_dags/example_nested_branch_dag.py
[2024-04-24T05:35:43.863+0000] {processor.py:830} INFO - Processing file /home/airflow/.local/lib/python3.8/site-packages/airflow/example_dags/example_nested_branch_dag.py for tasks to queue
[2024-04-24T05:35:43.864+0000] {logging_mixin.py:188} INFO - [2024-04-24T05:35:43.864+0000] {dagbag.py:540} INFO - Filling up the DagBag from /home/airflow/.local/lib/python3.8/site-packages/airflow/example_dags/example_nested_branch_dag.py
[2024-04-24T05:35:43.869+0000] {processor.py:840} INFO - DAG(s) 'example_nested_branch_dag' retrieved from /home/airflow/.local/lib/python3.8/site-packages/airflow/example_dags/example_nested_branch_dag.py
[2024-04-24T05:35:43.881+0000] {logging_mixin.py:188} INFO - [2024-04-24T05:35:43.881+0000] {dag.py:3047} INFO - Sync 1 DAGs
[2024-04-24T05:35:43.892+0000] {logging_mixin.py:188} INFO - [2024-04-24T05:35:43.892+0000] {dag.py:3834} INFO - Setting next_dagrun for example_nested_branch_dag to 2024-04-23 00:00:00+00:00, run_after=2024-04-24 00:00:00+00:00
[2024-04-24T05:35:43.902+0000] {processor.py:183} INFO - Processing /home/airflow/.local/lib/python3.8/site-packages/airflow/example_dags/example_nested_branch_dag.py took 0.041 seconds
[2024-04-24T05:36:14.348+0000] {processor.py:161} INFO - Started process (PID=2911) to work on /home/airflow/.local/lib/python3.8/site-packages/airflow/example_dags/example_nested_branch_dag.py
[2024-04-24T05:36:14.348+0000] {processor.py:830} INFO - Processing file /home/airflow/.local/lib/python3.8/site-packages/airflow/example_dags/example_nested_branch_dag.py for tasks to queue
[2024-04-24T05:36:14.349+0000] {logging_mixin.py:188} INFO - [2024-04-24T05:36:14.349+0000] {dagbag.py:540} INFO - Filling up the DagBag from /home/airflow/.local/lib/python3.8/site-packages/airflow/example_dags/example_nested_branch_dag.py
[2024-04-24T05:36:14.354+0000] {processor.py:840} INFO - DAG(s) 'example_nested_branch_dag' retrieved from /home/airflow/.local/lib/python3.8/site-packages/airflow/example_dags/example_nested_branch_dag.py
[2024-04-24T05:36:14.365+0000] {logging_mixin.py:188} INFO - [2024-04-24T05:36:14.365+0000] {dag.py:3047} INFO - Sync 1 DAGs
[2024-04-24T05:36:14.377+0000] {logging_mixin.py:188} INFO - [2024-04-24T05:36:14.377+0000] {dag.py:3834} INFO - Setting next_dagrun for example_nested_branch_dag to 2024-04-23 00:00:00+00:00, run_after=2024-04-24 00:00:00+00:00
[2024-04-24T05:36:14.387+0000] {processor.py:183} INFO - Processing /home/airflow/.local/lib/python3.8/site-packages/airflow/example_dags/example_nested_branch_dag.py took 0.041 seconds
[2024-04-24T05:36:44.872+0000] {processor.py:161} INFO - Started process (PID=2966) to work on /home/airflow/.local/lib/python3.8/site-packages/airflow/example_dags/example_nested_branch_dag.py
[2024-04-24T05:36:44.872+0000] {processor.py:830} INFO - Processing file /home/airflow/.local/lib/python3.8/site-packages/airflow/example_dags/example_nested_branch_dag.py for tasks to queue
[2024-04-24T05:36:44.873+0000] {logging_mixin.py:188} INFO - [2024-04-24T05:36:44.873+0000] {dagbag.py:540} INFO - Filling up the DagBag from /home/airflow/.local/lib/python3.8/site-packages/airflow/example_dags/example_nested_branch_dag.py
[2024-04-24T05:36:44.878+0000] {processor.py:840} INFO - DAG(s) 'example_nested_branch_dag' retrieved from /home/airflow/.local/lib/python3.8/site-packages/airflow/example_dags/example_nested_branch_dag.py
[2024-04-24T05:36:44.890+0000] {logging_mixin.py:188} INFO - [2024-04-24T05:36:44.890+0000] {dag.py:3047} INFO - Sync 1 DAGs
[2024-04-24T05:36:44.902+0000] {logging_mixin.py:188} INFO - [2024-04-24T05:36:44.902+0000] {dag.py:3834} INFO - Setting next_dagrun for example_nested_branch_dag to 2024-04-23 00:00:00+00:00, run_after=2024-04-24 00:00:00+00:00
[2024-04-24T05:36:44.911+0000] {processor.py:183} INFO - Processing /home/airflow/.local/lib/python3.8/site-packages/airflow/example_dags/example_nested_branch_dag.py took 0.042 seconds
[2024-04-24T05:37:15.456+0000] {processor.py:161} INFO - Started process (PID=3021) to work on /home/airflow/.local/lib/python3.8/site-packages/airflow/example_dags/example_nested_branch_dag.py
[2024-04-24T05:37:15.456+0000] {processor.py:830} INFO - Processing file /home/airflow/.local/lib/python3.8/site-packages/airflow/example_dags/example_nested_branch_dag.py for tasks to queue
[2024-04-24T05:37:15.457+0000] {logging_mixin.py:188} INFO - [2024-04-24T05:37:15.457+0000] {dagbag.py:540} INFO - Filling up the DagBag from /home/airflow/.local/lib/python3.8/site-packages/airflow/example_dags/example_nested_branch_dag.py
[2024-04-24T05:37:15.462+0000] {processor.py:840} INFO - DAG(s) 'example_nested_branch_dag' retrieved from /home/airflow/.local/lib/python3.8/site-packages/airflow/example_dags/example_nested_branch_dag.py
[2024-04-24T05:37:15.474+0000] {logging_mixin.py:188} INFO - [2024-04-24T05:37:15.474+0000] {dag.py:3047} INFO - Sync 1 DAGs
[2024-04-24T05:37:15.486+0000] {logging_mixin.py:188} INFO - [2024-04-24T05:37:15.486+0000] {dag.py:3834} INFO - Setting next_dagrun for example_nested_branch_dag to 2024-04-23 00:00:00+00:00, run_after=2024-04-24 00:00:00+00:00
[2024-04-24T05:37:15.495+0000] {processor.py:183} INFO - Processing /home/airflow/.local/lib/python3.8/site-packages/airflow/example_dags/example_nested_branch_dag.py took 0.041 seconds
[2024-04-24T05:37:46.021+0000] {processor.py:161} INFO - Started process (PID=3076) to work on /home/airflow/.local/lib/python3.8/site-packages/airflow/example_dags/example_nested_branch_dag.py
[2024-04-24T05:37:46.022+0000] {processor.py:830} INFO - Processing file /home/airflow/.local/lib/python3.8/site-packages/airflow/example_dags/example_nested_branch_dag.py for tasks to queue
[2024-04-24T05:37:46.023+0000] {logging_mixin.py:188} INFO - [2024-04-24T05:37:46.022+0000] {dagbag.py:540} INFO - Filling up the DagBag from /home/airflow/.local/lib/python3.8/site-packages/airflow/example_dags/example_nested_branch_dag.py
[2024-04-24T05:37:46.028+0000] {processor.py:840} INFO - DAG(s) 'example_nested_branch_dag' retrieved from /home/airflow/.local/lib/python3.8/site-packages/airflow/example_dags/example_nested_branch_dag.py
[2024-04-24T05:37:46.039+0000] {logging_mixin.py:188} INFO - [2024-04-24T05:37:46.039+0000] {dag.py:3047} INFO - Sync 1 DAGs
[2024-04-24T05:37:46.051+0000] {logging_mixin.py:188} INFO - [2024-04-24T05:37:46.051+0000] {dag.py:3834} INFO - Setting next_dagrun for example_nested_branch_dag to 2024-04-23 00:00:00+00:00, run_after=2024-04-24 00:00:00+00:00
[2024-04-24T05:37:46.060+0000] {processor.py:183} INFO - Processing /home/airflow/.local/lib/python3.8/site-packages/airflow/example_dags/example_nested_branch_dag.py took 0.040 seconds
[2024-04-24T05:38:16.503+0000] {processor.py:161} INFO - Started process (PID=3131) to work on /home/airflow/.local/lib/python3.8/site-packages/airflow/example_dags/example_nested_branch_dag.py
[2024-04-24T05:38:16.503+0000] {processor.py:830} INFO - Processing file /home/airflow/.local/lib/python3.8/site-packages/airflow/example_dags/example_nested_branch_dag.py for tasks to queue
[2024-04-24T05:38:16.504+0000] {logging_mixin.py:188} INFO - [2024-04-24T05:38:16.504+0000] {dagbag.py:540} INFO - Filling up the DagBag from /home/airflow/.local/lib/python3.8/site-packages/airflow/example_dags/example_nested_branch_dag.py
[2024-04-24T05:38:16.509+0000] {processor.py:840} INFO - DAG(s) 'example_nested_branch_dag' retrieved from /home/airflow/.local/lib/python3.8/site-packages/airflow/example_dags/example_nested_branch_dag.py
[2024-04-24T05:38:16.521+0000] {logging_mixin.py:188} INFO - [2024-04-24T05:38:16.520+0000] {dag.py:3047} INFO - Sync 1 DAGs
[2024-04-24T05:38:16.532+0000] {logging_mixin.py:188} INFO - [2024-04-24T05:38:16.532+0000] {dag.py:3834} INFO - Setting next_dagrun for example_nested_branch_dag to 2024-04-23 00:00:00+00:00, run_after=2024-04-24 00:00:00+00:00
[2024-04-24T05:38:16.541+0000] {processor.py:183} INFO - Processing /home/airflow/.local/lib/python3.8/site-packages/airflow/example_dags/example_nested_branch_dag.py took 0.040 seconds
[2024-04-24T05:40:51.319+0000] {processor.py:161} INFO - Started process (PID=79) to work on /home/airflow/.local/lib/python3.8/site-packages/airflow/example_dags/example_nested_branch_dag.py
[2024-04-24T05:40:51.320+0000] {processor.py:830} INFO - Processing file /home/airflow/.local/lib/python3.8/site-packages/airflow/example_dags/example_nested_branch_dag.py for tasks to queue
[2024-04-24T05:40:51.321+0000] {logging_mixin.py:188} INFO - [2024-04-24T05:40:51.321+0000] {dagbag.py:540} INFO - Filling up the DagBag from /home/airflow/.local/lib/python3.8/site-packages/airflow/example_dags/example_nested_branch_dag.py
[2024-04-24T05:40:51.328+0000] {processor.py:840} INFO - DAG(s) 'example_nested_branch_dag' retrieved from /home/airflow/.local/lib/python3.8/site-packages/airflow/example_dags/example_nested_branch_dag.py
[2024-04-24T05:40:51.335+0000] {logging_mixin.py:188} INFO - [2024-04-24T05:40:51.335+0000] {dag.py:3047} INFO - Sync 1 DAGs
[2024-04-24T05:40:51.349+0000] {logging_mixin.py:188} INFO - [2024-04-24T05:40:51.349+0000] {dag.py:3834} INFO - Setting next_dagrun for example_nested_branch_dag to 2024-04-23 00:00:00+00:00, run_after=2024-04-24 00:00:00+00:00
[2024-04-24T05:40:51.360+0000] {processor.py:183} INFO - Processing /home/airflow/.local/lib/python3.8/site-packages/airflow/example_dags/example_nested_branch_dag.py took 0.043 seconds
[2024-04-24T05:41:22.509+0000] {processor.py:161} INFO - Started process (PID=134) to work on /home/airflow/.local/lib/python3.8/site-packages/airflow/example_dags/example_nested_branch_dag.py
[2024-04-24T05:41:22.510+0000] {processor.py:830} INFO - Processing file /home/airflow/.local/lib/python3.8/site-packages/airflow/example_dags/example_nested_branch_dag.py for tasks to queue
[2024-04-24T05:41:22.511+0000] {logging_mixin.py:188} INFO - [2024-04-24T05:41:22.510+0000] {dagbag.py:540} INFO - Filling up the DagBag from /home/airflow/.local/lib/python3.8/site-packages/airflow/example_dags/example_nested_branch_dag.py
[2024-04-24T05:41:22.516+0000] {processor.py:840} INFO - DAG(s) 'example_nested_branch_dag' retrieved from /home/airflow/.local/lib/python3.8/site-packages/airflow/example_dags/example_nested_branch_dag.py
[2024-04-24T05:41:22.569+0000] {logging_mixin.py:188} INFO - [2024-04-24T05:41:22.569+0000] {dag.py:3047} INFO - Sync 1 DAGs
[2024-04-24T05:41:22.580+0000] {logging_mixin.py:188} INFO - [2024-04-24T05:41:22.580+0000] {dag.py:3834} INFO - Setting next_dagrun for example_nested_branch_dag to 2024-04-23 00:00:00+00:00, run_after=2024-04-24 00:00:00+00:00
[2024-04-24T05:41:22.590+0000] {processor.py:183} INFO - Processing /home/airflow/.local/lib/python3.8/site-packages/airflow/example_dags/example_nested_branch_dag.py took 0.083 seconds
