[2024-04-24T05:11:15.632+0000] {processor.py:161} INFO - Started process (PID=75) to work on /home/airflow/.local/lib/python3.8/site-packages/airflow/example_dags/example_short_circuit_decorator.py
[2024-04-24T05:11:15.633+0000] {processor.py:830} INFO - Processing file /home/airflow/.local/lib/python3.8/site-packages/airflow/example_dags/example_short_circuit_decorator.py for tasks to queue
[2024-04-24T05:11:15.634+0000] {logging_mixin.py:188} INFO - [2024-04-24T05:11:15.634+0000] {dagbag.py:540} INFO - Filling up the DagBag from /home/airflow/.local/lib/python3.8/site-packages/airflow/example_dags/example_short_circuit_decorator.py
[2024-04-24T05:11:15.642+0000] {processor.py:840} INFO - DAG(s) 'example_short_circuit_decorator' retrieved from /home/airflow/.local/lib/python3.8/site-packages/airflow/example_dags/example_short_circuit_decorator.py
[2024-04-24T05:11:15.658+0000] {logging_mixin.py:188} INFO - [2024-04-24T05:11:15.658+0000] {dag.py:3047} INFO - Sync 1 DAGs
[2024-04-24T05:11:15.670+0000] {logging_mixin.py:188} INFO - [2024-04-24T05:11:15.670+0000] {dag.py:3834} INFO - Setting next_dagrun for example_short_circuit_decorator to 2024-04-23 00:00:00+00:00, run_after=2024-04-24 00:00:00+00:00
[2024-04-24T05:11:15.680+0000] {processor.py:183} INFO - Processing /home/airflow/.local/lib/python3.8/site-packages/airflow/example_dags/example_short_circuit_decorator.py took 0.050 seconds
[2024-04-24T05:11:46.409+0000] {processor.py:161} INFO - Started process (PID=133) to work on /home/airflow/.local/lib/python3.8/site-packages/airflow/example_dags/example_short_circuit_decorator.py
[2024-04-24T05:11:46.410+0000] {processor.py:830} INFO - Processing file /home/airflow/.local/lib/python3.8/site-packages/airflow/example_dags/example_short_circuit_decorator.py for tasks to queue
[2024-04-24T05:11:46.411+0000] {logging_mixin.py:188} INFO - [2024-04-24T05:11:46.411+0000] {dagbag.py:540} INFO - Filling up the DagBag from /home/airflow/.local/lib/python3.8/site-packages/airflow/example_dags/example_short_circuit_decorator.py
[2024-04-24T05:11:46.416+0000] {processor.py:840} INFO - DAG(s) 'example_short_circuit_decorator' retrieved from /home/airflow/.local/lib/python3.8/site-packages/airflow/example_dags/example_short_circuit_decorator.py
[2024-04-24T05:11:46.428+0000] {logging_mixin.py:188} INFO - [2024-04-24T05:11:46.428+0000] {dag.py:3047} INFO - Sync 1 DAGs
[2024-04-24T05:11:46.439+0000] {logging_mixin.py:188} INFO - [2024-04-24T05:11:46.439+0000] {dag.py:3834} INFO - Setting next_dagrun for example_short_circuit_decorator to 2024-04-23 00:00:00+00:00, run_after=2024-04-24 00:00:00+00:00
[2024-04-24T05:11:46.448+0000] {processor.py:183} INFO - Processing /home/airflow/.local/lib/python3.8/site-packages/airflow/example_dags/example_short_circuit_decorator.py took 0.041 seconds
[2024-04-24T05:12:17.012+0000] {processor.py:161} INFO - Started process (PID=191) to work on /home/airflow/.local/lib/python3.8/site-packages/airflow/example_dags/example_short_circuit_decorator.py
[2024-04-24T05:12:17.012+0000] {processor.py:830} INFO - Processing file /home/airflow/.local/lib/python3.8/site-packages/airflow/example_dags/example_short_circuit_decorator.py for tasks to queue
[2024-04-24T05:12:17.013+0000] {logging_mixin.py:188} INFO - [2024-04-24T05:12:17.013+0000] {dagbag.py:540} INFO - Filling up the DagBag from /home/airflow/.local/lib/python3.8/site-packages/airflow/example_dags/example_short_circuit_decorator.py
[2024-04-24T05:12:17.018+0000] {processor.py:840} INFO - DAG(s) 'example_short_circuit_decorator' retrieved from /home/airflow/.local/lib/python3.8/site-packages/airflow/example_dags/example_short_circuit_decorator.py
[2024-04-24T05:12:17.031+0000] {logging_mixin.py:188} INFO - [2024-04-24T05:12:17.031+0000] {dag.py:3047} INFO - Sync 1 DAGs
[2024-04-24T05:12:17.042+0000] {logging_mixin.py:188} INFO - [2024-04-24T05:12:17.042+0000] {dag.py:3834} INFO - Setting next_dagrun for example_short_circuit_decorator to 2024-04-23 00:00:00+00:00, run_after=2024-04-24 00:00:00+00:00
[2024-04-24T05:12:17.052+0000] {processor.py:183} INFO - Processing /home/airflow/.local/lib/python3.8/site-packages/airflow/example_dags/example_short_circuit_decorator.py took 0.042 seconds
[2024-04-24T05:12:47.702+0000] {processor.py:161} INFO - Started process (PID=249) to work on /home/airflow/.local/lib/python3.8/site-packages/airflow/example_dags/example_short_circuit_decorator.py
[2024-04-24T05:12:47.702+0000] {processor.py:830} INFO - Processing file /home/airflow/.local/lib/python3.8/site-packages/airflow/example_dags/example_short_circuit_decorator.py for tasks to queue
[2024-04-24T05:12:47.704+0000] {logging_mixin.py:188} INFO - [2024-04-24T05:12:47.703+0000] {dagbag.py:540} INFO - Filling up the DagBag from /home/airflow/.local/lib/python3.8/site-packages/airflow/example_dags/example_short_circuit_decorator.py
[2024-04-24T05:12:47.709+0000] {processor.py:840} INFO - DAG(s) 'example_short_circuit_decorator' retrieved from /home/airflow/.local/lib/python3.8/site-packages/airflow/example_dags/example_short_circuit_decorator.py
[2024-04-24T05:12:47.721+0000] {logging_mixin.py:188} INFO - [2024-04-24T05:12:47.721+0000] {dag.py:3047} INFO - Sync 1 DAGs
[2024-04-24T05:12:47.733+0000] {logging_mixin.py:188} INFO - [2024-04-24T05:12:47.732+0000] {dag.py:3834} INFO - Setting next_dagrun for example_short_circuit_decorator to 2024-04-23 00:00:00+00:00, run_after=2024-04-24 00:00:00+00:00
[2024-04-24T05:12:47.742+0000] {processor.py:183} INFO - Processing /home/airflow/.local/lib/python3.8/site-packages/airflow/example_dags/example_short_circuit_decorator.py took 0.042 seconds
[2024-04-24T05:13:18.324+0000] {processor.py:161} INFO - Started process (PID=307) to work on /home/airflow/.local/lib/python3.8/site-packages/airflow/example_dags/example_short_circuit_decorator.py
[2024-04-24T05:13:18.324+0000] {processor.py:830} INFO - Processing file /home/airflow/.local/lib/python3.8/site-packages/airflow/example_dags/example_short_circuit_decorator.py for tasks to queue
[2024-04-24T05:13:18.326+0000] {logging_mixin.py:188} INFO - [2024-04-24T05:13:18.325+0000] {dagbag.py:540} INFO - Filling up the DagBag from /home/airflow/.local/lib/python3.8/site-packages/airflow/example_dags/example_short_circuit_decorator.py
[2024-04-24T05:13:18.331+0000] {processor.py:840} INFO - DAG(s) 'example_short_circuit_decorator' retrieved from /home/airflow/.local/lib/python3.8/site-packages/airflow/example_dags/example_short_circuit_decorator.py
[2024-04-24T05:13:18.343+0000] {logging_mixin.py:188} INFO - [2024-04-24T05:13:18.343+0000] {dag.py:3047} INFO - Sync 1 DAGs
[2024-04-24T05:13:18.354+0000] {logging_mixin.py:188} INFO - [2024-04-24T05:13:18.354+0000] {dag.py:3834} INFO - Setting next_dagrun for example_short_circuit_decorator to 2024-04-23 00:00:00+00:00, run_after=2024-04-24 00:00:00+00:00
[2024-04-24T05:13:18.364+0000] {processor.py:183} INFO - Processing /home/airflow/.local/lib/python3.8/site-packages/airflow/example_dags/example_short_circuit_decorator.py took 0.042 seconds
[2024-04-24T05:13:49.072+0000] {processor.py:161} INFO - Started process (PID=365) to work on /home/airflow/.local/lib/python3.8/site-packages/airflow/example_dags/example_short_circuit_decorator.py
[2024-04-24T05:13:49.072+0000] {processor.py:830} INFO - Processing file /home/airflow/.local/lib/python3.8/site-packages/airflow/example_dags/example_short_circuit_decorator.py for tasks to queue
[2024-04-24T05:13:49.073+0000] {logging_mixin.py:188} INFO - [2024-04-24T05:13:49.073+0000] {dagbag.py:540} INFO - Filling up the DagBag from /home/airflow/.local/lib/python3.8/site-packages/airflow/example_dags/example_short_circuit_decorator.py
[2024-04-24T05:13:49.079+0000] {processor.py:840} INFO - DAG(s) 'example_short_circuit_decorator' retrieved from /home/airflow/.local/lib/python3.8/site-packages/airflow/example_dags/example_short_circuit_decorator.py
[2024-04-24T05:13:49.090+0000] {logging_mixin.py:188} INFO - [2024-04-24T05:13:49.090+0000] {dag.py:3047} INFO - Sync 1 DAGs
[2024-04-24T05:13:49.102+0000] {logging_mixin.py:188} INFO - [2024-04-24T05:13:49.102+0000] {dag.py:3834} INFO - Setting next_dagrun for example_short_circuit_decorator to 2024-04-23 00:00:00+00:00, run_after=2024-04-24 00:00:00+00:00
[2024-04-24T05:13:49.114+0000] {processor.py:183} INFO - Processing /home/airflow/.local/lib/python3.8/site-packages/airflow/example_dags/example_short_circuit_decorator.py took 0.044 seconds
[2024-04-24T05:14:19.757+0000] {processor.py:161} INFO - Started process (PID=423) to work on /home/airflow/.local/lib/python3.8/site-packages/airflow/example_dags/example_short_circuit_decorator.py
[2024-04-24T05:14:19.758+0000] {processor.py:830} INFO - Processing file /home/airflow/.local/lib/python3.8/site-packages/airflow/example_dags/example_short_circuit_decorator.py for tasks to queue
[2024-04-24T05:14:19.759+0000] {logging_mixin.py:188} INFO - [2024-04-24T05:14:19.759+0000] {dagbag.py:540} INFO - Filling up the DagBag from /home/airflow/.local/lib/python3.8/site-packages/airflow/example_dags/example_short_circuit_decorator.py
[2024-04-24T05:14:19.764+0000] {processor.py:840} INFO - DAG(s) 'example_short_circuit_decorator' retrieved from /home/airflow/.local/lib/python3.8/site-packages/airflow/example_dags/example_short_circuit_decorator.py
[2024-04-24T05:14:19.777+0000] {logging_mixin.py:188} INFO - [2024-04-24T05:14:19.777+0000] {dag.py:3047} INFO - Sync 1 DAGs
[2024-04-24T05:14:19.789+0000] {logging_mixin.py:188} INFO - [2024-04-24T05:14:19.789+0000] {dag.py:3834} INFO - Setting next_dagrun for example_short_circuit_decorator to 2024-04-23 00:00:00+00:00, run_after=2024-04-24 00:00:00+00:00
[2024-04-24T05:14:19.799+0000] {processor.py:183} INFO - Processing /home/airflow/.local/lib/python3.8/site-packages/airflow/example_dags/example_short_circuit_decorator.py took 0.044 seconds
[2024-04-24T05:14:50.450+0000] {processor.py:161} INFO - Started process (PID=481) to work on /home/airflow/.local/lib/python3.8/site-packages/airflow/example_dags/example_short_circuit_decorator.py
[2024-04-24T05:14:50.451+0000] {processor.py:830} INFO - Processing file /home/airflow/.local/lib/python3.8/site-packages/airflow/example_dags/example_short_circuit_decorator.py for tasks to queue
[2024-04-24T05:14:50.452+0000] {logging_mixin.py:188} INFO - [2024-04-24T05:14:50.451+0000] {dagbag.py:540} INFO - Filling up the DagBag from /home/airflow/.local/lib/python3.8/site-packages/airflow/example_dags/example_short_circuit_decorator.py
[2024-04-24T05:14:50.457+0000] {processor.py:840} INFO - DAG(s) 'example_short_circuit_decorator' retrieved from /home/airflow/.local/lib/python3.8/site-packages/airflow/example_dags/example_short_circuit_decorator.py
[2024-04-24T05:14:50.468+0000] {logging_mixin.py:188} INFO - [2024-04-24T05:14:50.468+0000] {dag.py:3047} INFO - Sync 1 DAGs
[2024-04-24T05:14:50.480+0000] {logging_mixin.py:188} INFO - [2024-04-24T05:14:50.480+0000] {dag.py:3834} INFO - Setting next_dagrun for example_short_circuit_decorator to 2024-04-23 00:00:00+00:00, run_after=2024-04-24 00:00:00+00:00
[2024-04-24T05:14:50.489+0000] {processor.py:183} INFO - Processing /home/airflow/.local/lib/python3.8/site-packages/airflow/example_dags/example_short_circuit_decorator.py took 0.041 seconds
[2024-04-24T05:15:20.965+0000] {processor.py:161} INFO - Started process (PID=540) to work on /home/airflow/.local/lib/python3.8/site-packages/airflow/example_dags/example_short_circuit_decorator.py
[2024-04-24T05:15:20.966+0000] {processor.py:830} INFO - Processing file /home/airflow/.local/lib/python3.8/site-packages/airflow/example_dags/example_short_circuit_decorator.py for tasks to queue
[2024-04-24T05:15:20.967+0000] {logging_mixin.py:188} INFO - [2024-04-24T05:15:20.967+0000] {dagbag.py:540} INFO - Filling up the DagBag from /home/airflow/.local/lib/python3.8/site-packages/airflow/example_dags/example_short_circuit_decorator.py
[2024-04-24T05:15:20.972+0000] {processor.py:840} INFO - DAG(s) 'example_short_circuit_decorator' retrieved from /home/airflow/.local/lib/python3.8/site-packages/airflow/example_dags/example_short_circuit_decorator.py
[2024-04-24T05:15:20.984+0000] {logging_mixin.py:188} INFO - [2024-04-24T05:15:20.983+0000] {dag.py:3047} INFO - Sync 1 DAGs
[2024-04-24T05:15:20.995+0000] {logging_mixin.py:188} INFO - [2024-04-24T05:15:20.995+0000] {dag.py:3834} INFO - Setting next_dagrun for example_short_circuit_decorator to 2024-04-23 00:00:00+00:00, run_after=2024-04-24 00:00:00+00:00
[2024-04-24T05:15:21.005+0000] {processor.py:183} INFO - Processing /home/airflow/.local/lib/python3.8/site-packages/airflow/example_dags/example_short_circuit_decorator.py took 0.041 seconds
[2024-04-24T05:15:51.451+0000] {processor.py:161} INFO - Started process (PID=598) to work on /home/airflow/.local/lib/python3.8/site-packages/airflow/example_dags/example_short_circuit_decorator.py
[2024-04-24T05:15:51.452+0000] {processor.py:830} INFO - Processing file /home/airflow/.local/lib/python3.8/site-packages/airflow/example_dags/example_short_circuit_decorator.py for tasks to queue
[2024-04-24T05:15:51.453+0000] {logging_mixin.py:188} INFO - [2024-04-24T05:15:51.452+0000] {dagbag.py:540} INFO - Filling up the DagBag from /home/airflow/.local/lib/python3.8/site-packages/airflow/example_dags/example_short_circuit_decorator.py
[2024-04-24T05:15:51.458+0000] {processor.py:840} INFO - DAG(s) 'example_short_circuit_decorator' retrieved from /home/airflow/.local/lib/python3.8/site-packages/airflow/example_dags/example_short_circuit_decorator.py
[2024-04-24T05:15:51.469+0000] {logging_mixin.py:188} INFO - [2024-04-24T05:15:51.469+0000] {dag.py:3047} INFO - Sync 1 DAGs
[2024-04-24T05:15:51.481+0000] {logging_mixin.py:188} INFO - [2024-04-24T05:15:51.480+0000] {dag.py:3834} INFO - Setting next_dagrun for example_short_circuit_decorator to 2024-04-23 00:00:00+00:00, run_after=2024-04-24 00:00:00+00:00
[2024-04-24T05:15:51.491+0000] {processor.py:183} INFO - Processing /home/airflow/.local/lib/python3.8/site-packages/airflow/example_dags/example_short_circuit_decorator.py took 0.042 seconds
[2024-04-24T05:16:21.971+0000] {processor.py:161} INFO - Started process (PID=656) to work on /home/airflow/.local/lib/python3.8/site-packages/airflow/example_dags/example_short_circuit_decorator.py
[2024-04-24T05:16:21.971+0000] {processor.py:830} INFO - Processing file /home/airflow/.local/lib/python3.8/site-packages/airflow/example_dags/example_short_circuit_decorator.py for tasks to queue
[2024-04-24T05:16:21.972+0000] {logging_mixin.py:188} INFO - [2024-04-24T05:16:21.972+0000] {dagbag.py:540} INFO - Filling up the DagBag from /home/airflow/.local/lib/python3.8/site-packages/airflow/example_dags/example_short_circuit_decorator.py
[2024-04-24T05:16:21.977+0000] {processor.py:840} INFO - DAG(s) 'example_short_circuit_decorator' retrieved from /home/airflow/.local/lib/python3.8/site-packages/airflow/example_dags/example_short_circuit_decorator.py
[2024-04-24T05:16:21.990+0000] {logging_mixin.py:188} INFO - [2024-04-24T05:16:21.990+0000] {dag.py:3047} INFO - Sync 1 DAGs
[2024-04-24T05:16:22.001+0000] {logging_mixin.py:188} INFO - [2024-04-24T05:16:22.001+0000] {dag.py:3834} INFO - Setting next_dagrun for example_short_circuit_decorator to 2024-04-23 00:00:00+00:00, run_after=2024-04-24 00:00:00+00:00
[2024-04-24T05:16:22.011+0000] {processor.py:183} INFO - Processing /home/airflow/.local/lib/python3.8/site-packages/airflow/example_dags/example_short_circuit_decorator.py took 0.042 seconds
[2024-04-24T05:16:52.518+0000] {processor.py:161} INFO - Started process (PID=714) to work on /home/airflow/.local/lib/python3.8/site-packages/airflow/example_dags/example_short_circuit_decorator.py
[2024-04-24T05:16:52.519+0000] {processor.py:830} INFO - Processing file /home/airflow/.local/lib/python3.8/site-packages/airflow/example_dags/example_short_circuit_decorator.py for tasks to queue
[2024-04-24T05:16:52.520+0000] {logging_mixin.py:188} INFO - [2024-04-24T05:16:52.520+0000] {dagbag.py:540} INFO - Filling up the DagBag from /home/airflow/.local/lib/python3.8/site-packages/airflow/example_dags/example_short_circuit_decorator.py
[2024-04-24T05:16:52.525+0000] {processor.py:840} INFO - DAG(s) 'example_short_circuit_decorator' retrieved from /home/airflow/.local/lib/python3.8/site-packages/airflow/example_dags/example_short_circuit_decorator.py
[2024-04-24T05:16:52.537+0000] {logging_mixin.py:188} INFO - [2024-04-24T05:16:52.537+0000] {dag.py:3047} INFO - Sync 1 DAGs
[2024-04-24T05:16:52.549+0000] {logging_mixin.py:188} INFO - [2024-04-24T05:16:52.549+0000] {dag.py:3834} INFO - Setting next_dagrun for example_short_circuit_decorator to 2024-04-23 00:00:00+00:00, run_after=2024-04-24 00:00:00+00:00
[2024-04-24T05:16:52.559+0000] {processor.py:183} INFO - Processing /home/airflow/.local/lib/python3.8/site-packages/airflow/example_dags/example_short_circuit_decorator.py took 0.043 seconds
[2024-04-24T05:17:23.024+0000] {processor.py:161} INFO - Started process (PID=772) to work on /home/airflow/.local/lib/python3.8/site-packages/airflow/example_dags/example_short_circuit_decorator.py
[2024-04-24T05:17:23.025+0000] {processor.py:830} INFO - Processing file /home/airflow/.local/lib/python3.8/site-packages/airflow/example_dags/example_short_circuit_decorator.py for tasks to queue
[2024-04-24T05:17:23.026+0000] {logging_mixin.py:188} INFO - [2024-04-24T05:17:23.026+0000] {dagbag.py:540} INFO - Filling up the DagBag from /home/airflow/.local/lib/python3.8/site-packages/airflow/example_dags/example_short_circuit_decorator.py
[2024-04-24T05:17:23.031+0000] {processor.py:840} INFO - DAG(s) 'example_short_circuit_decorator' retrieved from /home/airflow/.local/lib/python3.8/site-packages/airflow/example_dags/example_short_circuit_decorator.py
[2024-04-24T05:17:23.044+0000] {logging_mixin.py:188} INFO - [2024-04-24T05:17:23.044+0000] {dag.py:3047} INFO - Sync 1 DAGs
[2024-04-24T05:17:23.056+0000] {logging_mixin.py:188} INFO - [2024-04-24T05:17:23.055+0000] {dag.py:3834} INFO - Setting next_dagrun for example_short_circuit_decorator to 2024-04-23 00:00:00+00:00, run_after=2024-04-24 00:00:00+00:00
[2024-04-24T05:17:23.066+0000] {processor.py:183} INFO - Processing /home/airflow/.local/lib/python3.8/site-packages/airflow/example_dags/example_short_circuit_decorator.py took 0.043 seconds
[2024-04-24T05:17:53.653+0000] {processor.py:161} INFO - Started process (PID=830) to work on /home/airflow/.local/lib/python3.8/site-packages/airflow/example_dags/example_short_circuit_decorator.py
[2024-04-24T05:17:53.654+0000] {processor.py:830} INFO - Processing file /home/airflow/.local/lib/python3.8/site-packages/airflow/example_dags/example_short_circuit_decorator.py for tasks to queue
[2024-04-24T05:17:53.655+0000] {logging_mixin.py:188} INFO - [2024-04-24T05:17:53.655+0000] {dagbag.py:540} INFO - Filling up the DagBag from /home/airflow/.local/lib/python3.8/site-packages/airflow/example_dags/example_short_circuit_decorator.py
[2024-04-24T05:17:53.660+0000] {processor.py:840} INFO - DAG(s) 'example_short_circuit_decorator' retrieved from /home/airflow/.local/lib/python3.8/site-packages/airflow/example_dags/example_short_circuit_decorator.py
[2024-04-24T05:17:53.672+0000] {logging_mixin.py:188} INFO - [2024-04-24T05:17:53.672+0000] {dag.py:3047} INFO - Sync 1 DAGs
[2024-04-24T05:17:53.684+0000] {logging_mixin.py:188} INFO - [2024-04-24T05:17:53.684+0000] {dag.py:3834} INFO - Setting next_dagrun for example_short_circuit_decorator to 2024-04-23 00:00:00+00:00, run_after=2024-04-24 00:00:00+00:00
[2024-04-24T05:17:53.694+0000] {processor.py:183} INFO - Processing /home/airflow/.local/lib/python3.8/site-packages/airflow/example_dags/example_short_circuit_decorator.py took 0.043 seconds
[2024-04-24T05:18:24.396+0000] {processor.py:161} INFO - Started process (PID=888) to work on /home/airflow/.local/lib/python3.8/site-packages/airflow/example_dags/example_short_circuit_decorator.py
[2024-04-24T05:18:24.397+0000] {processor.py:830} INFO - Processing file /home/airflow/.local/lib/python3.8/site-packages/airflow/example_dags/example_short_circuit_decorator.py for tasks to queue
[2024-04-24T05:18:24.398+0000] {logging_mixin.py:188} INFO - [2024-04-24T05:18:24.397+0000] {dagbag.py:540} INFO - Filling up the DagBag from /home/airflow/.local/lib/python3.8/site-packages/airflow/example_dags/example_short_circuit_decorator.py
[2024-04-24T05:18:24.403+0000] {processor.py:840} INFO - DAG(s) 'example_short_circuit_decorator' retrieved from /home/airflow/.local/lib/python3.8/site-packages/airflow/example_dags/example_short_circuit_decorator.py
[2024-04-24T05:18:24.415+0000] {logging_mixin.py:188} INFO - [2024-04-24T05:18:24.415+0000] {dag.py:3047} INFO - Sync 1 DAGs
[2024-04-24T05:18:24.426+0000] {logging_mixin.py:188} INFO - [2024-04-24T05:18:24.426+0000] {dag.py:3834} INFO - Setting next_dagrun for example_short_circuit_decorator to 2024-04-23 00:00:00+00:00, run_after=2024-04-24 00:00:00+00:00
[2024-04-24T05:18:24.436+0000] {processor.py:183} INFO - Processing /home/airflow/.local/lib/python3.8/site-packages/airflow/example_dags/example_short_circuit_decorator.py took 0.042 seconds
[2024-04-24T05:18:54.941+0000] {processor.py:161} INFO - Started process (PID=946) to work on /home/airflow/.local/lib/python3.8/site-packages/airflow/example_dags/example_short_circuit_decorator.py
[2024-04-24T05:18:54.942+0000] {processor.py:830} INFO - Processing file /home/airflow/.local/lib/python3.8/site-packages/airflow/example_dags/example_short_circuit_decorator.py for tasks to queue
[2024-04-24T05:18:54.943+0000] {logging_mixin.py:188} INFO - [2024-04-24T05:18:54.942+0000] {dagbag.py:540} INFO - Filling up the DagBag from /home/airflow/.local/lib/python3.8/site-packages/airflow/example_dags/example_short_circuit_decorator.py
[2024-04-24T05:18:54.948+0000] {processor.py:840} INFO - DAG(s) 'example_short_circuit_decorator' retrieved from /home/airflow/.local/lib/python3.8/site-packages/airflow/example_dags/example_short_circuit_decorator.py
[2024-04-24T05:18:54.959+0000] {logging_mixin.py:188} INFO - [2024-04-24T05:18:54.959+0000] {dag.py:3047} INFO - Sync 1 DAGs
[2024-04-24T05:18:54.970+0000] {logging_mixin.py:188} INFO - [2024-04-24T05:18:54.970+0000] {dag.py:3834} INFO - Setting next_dagrun for example_short_circuit_decorator to 2024-04-23 00:00:00+00:00, run_after=2024-04-24 00:00:00+00:00
[2024-04-24T05:18:54.980+0000] {processor.py:183} INFO - Processing /home/airflow/.local/lib/python3.8/site-packages/airflow/example_dags/example_short_circuit_decorator.py took 0.041 seconds
[2024-04-24T05:19:25.548+0000] {processor.py:161} INFO - Started process (PID=1004) to work on /home/airflow/.local/lib/python3.8/site-packages/airflow/example_dags/example_short_circuit_decorator.py
[2024-04-24T05:19:25.548+0000] {processor.py:830} INFO - Processing file /home/airflow/.local/lib/python3.8/site-packages/airflow/example_dags/example_short_circuit_decorator.py for tasks to queue
[2024-04-24T05:19:25.549+0000] {logging_mixin.py:188} INFO - [2024-04-24T05:19:25.549+0000] {dagbag.py:540} INFO - Filling up the DagBag from /home/airflow/.local/lib/python3.8/site-packages/airflow/example_dags/example_short_circuit_decorator.py
[2024-04-24T05:19:25.554+0000] {processor.py:840} INFO - DAG(s) 'example_short_circuit_decorator' retrieved from /home/airflow/.local/lib/python3.8/site-packages/airflow/example_dags/example_short_circuit_decorator.py
[2024-04-24T05:19:25.566+0000] {logging_mixin.py:188} INFO - [2024-04-24T05:19:25.566+0000] {dag.py:3047} INFO - Sync 1 DAGs
[2024-04-24T05:19:25.577+0000] {logging_mixin.py:188} INFO - [2024-04-24T05:19:25.576+0000] {dag.py:3834} INFO - Setting next_dagrun for example_short_circuit_decorator to 2024-04-23 00:00:00+00:00, run_after=2024-04-24 00:00:00+00:00
[2024-04-24T05:19:25.586+0000] {processor.py:183} INFO - Processing /home/airflow/.local/lib/python3.8/site-packages/airflow/example_dags/example_short_circuit_decorator.py took 0.040 seconds
[2024-04-24T05:19:56.064+0000] {processor.py:161} INFO - Started process (PID=1062) to work on /home/airflow/.local/lib/python3.8/site-packages/airflow/example_dags/example_short_circuit_decorator.py
[2024-04-24T05:19:56.064+0000] {processor.py:830} INFO - Processing file /home/airflow/.local/lib/python3.8/site-packages/airflow/example_dags/example_short_circuit_decorator.py for tasks to queue
[2024-04-24T05:19:56.065+0000] {logging_mixin.py:188} INFO - [2024-04-24T05:19:56.065+0000] {dagbag.py:540} INFO - Filling up the DagBag from /home/airflow/.local/lib/python3.8/site-packages/airflow/example_dags/example_short_circuit_decorator.py
[2024-04-24T05:19:56.071+0000] {processor.py:840} INFO - DAG(s) 'example_short_circuit_decorator' retrieved from /home/airflow/.local/lib/python3.8/site-packages/airflow/example_dags/example_short_circuit_decorator.py
[2024-04-24T05:19:56.083+0000] {logging_mixin.py:188} INFO - [2024-04-24T05:19:56.083+0000] {dag.py:3047} INFO - Sync 1 DAGs
[2024-04-24T05:19:56.095+0000] {logging_mixin.py:188} INFO - [2024-04-24T05:19:56.094+0000] {dag.py:3834} INFO - Setting next_dagrun for example_short_circuit_decorator to 2024-04-23 00:00:00+00:00, run_after=2024-04-24 00:00:00+00:00
[2024-04-24T05:19:56.106+0000] {processor.py:183} INFO - Processing /home/airflow/.local/lib/python3.8/site-packages/airflow/example_dags/example_short_circuit_decorator.py took 0.044 seconds
[2024-04-24T05:20:26.610+0000] {processor.py:161} INFO - Started process (PID=1120) to work on /home/airflow/.local/lib/python3.8/site-packages/airflow/example_dags/example_short_circuit_decorator.py
[2024-04-24T05:20:26.610+0000] {processor.py:830} INFO - Processing file /home/airflow/.local/lib/python3.8/site-packages/airflow/example_dags/example_short_circuit_decorator.py for tasks to queue
[2024-04-24T05:20:26.611+0000] {logging_mixin.py:188} INFO - [2024-04-24T05:20:26.611+0000] {dagbag.py:540} INFO - Filling up the DagBag from /home/airflow/.local/lib/python3.8/site-packages/airflow/example_dags/example_short_circuit_decorator.py
[2024-04-24T05:20:26.616+0000] {processor.py:840} INFO - DAG(s) 'example_short_circuit_decorator' retrieved from /home/airflow/.local/lib/python3.8/site-packages/airflow/example_dags/example_short_circuit_decorator.py
[2024-04-24T05:20:26.627+0000] {logging_mixin.py:188} INFO - [2024-04-24T05:20:26.627+0000] {dag.py:3047} INFO - Sync 1 DAGs
[2024-04-24T05:20:26.638+0000] {logging_mixin.py:188} INFO - [2024-04-24T05:20:26.638+0000] {dag.py:3834} INFO - Setting next_dagrun for example_short_circuit_decorator to 2024-04-23 00:00:00+00:00, run_after=2024-04-24 00:00:00+00:00
[2024-04-24T05:20:26.648+0000] {processor.py:183} INFO - Processing /home/airflow/.local/lib/python3.8/site-packages/airflow/example_dags/example_short_circuit_decorator.py took 0.040 seconds
[2024-04-24T05:20:57.175+0000] {processor.py:161} INFO - Started process (PID=1178) to work on /home/airflow/.local/lib/python3.8/site-packages/airflow/example_dags/example_short_circuit_decorator.py
[2024-04-24T05:20:57.176+0000] {processor.py:830} INFO - Processing file /home/airflow/.local/lib/python3.8/site-packages/airflow/example_dags/example_short_circuit_decorator.py for tasks to queue
[2024-04-24T05:20:57.176+0000] {logging_mixin.py:188} INFO - [2024-04-24T05:20:57.176+0000] {dagbag.py:540} INFO - Filling up the DagBag from /home/airflow/.local/lib/python3.8/site-packages/airflow/example_dags/example_short_circuit_decorator.py
[2024-04-24T05:20:57.181+0000] {processor.py:840} INFO - DAG(s) 'example_short_circuit_decorator' retrieved from /home/airflow/.local/lib/python3.8/site-packages/airflow/example_dags/example_short_circuit_decorator.py
[2024-04-24T05:20:57.193+0000] {logging_mixin.py:188} INFO - [2024-04-24T05:20:57.193+0000] {dag.py:3047} INFO - Sync 1 DAGs
[2024-04-24T05:20:57.204+0000] {logging_mixin.py:188} INFO - [2024-04-24T05:20:57.204+0000] {dag.py:3834} INFO - Setting next_dagrun for example_short_circuit_decorator to 2024-04-23 00:00:00+00:00, run_after=2024-04-24 00:00:00+00:00
[2024-04-24T05:20:57.214+0000] {processor.py:183} INFO - Processing /home/airflow/.local/lib/python3.8/site-packages/airflow/example_dags/example_short_circuit_decorator.py took 0.041 seconds
[2024-04-24T05:21:27.682+0000] {processor.py:161} INFO - Started process (PID=1236) to work on /home/airflow/.local/lib/python3.8/site-packages/airflow/example_dags/example_short_circuit_decorator.py
[2024-04-24T05:21:27.682+0000] {processor.py:830} INFO - Processing file /home/airflow/.local/lib/python3.8/site-packages/airflow/example_dags/example_short_circuit_decorator.py for tasks to queue
[2024-04-24T05:21:27.683+0000] {logging_mixin.py:188} INFO - [2024-04-24T05:21:27.683+0000] {dagbag.py:540} INFO - Filling up the DagBag from /home/airflow/.local/lib/python3.8/site-packages/airflow/example_dags/example_short_circuit_decorator.py
[2024-04-24T05:21:27.688+0000] {processor.py:840} INFO - DAG(s) 'example_short_circuit_decorator' retrieved from /home/airflow/.local/lib/python3.8/site-packages/airflow/example_dags/example_short_circuit_decorator.py
[2024-04-24T05:21:27.700+0000] {logging_mixin.py:188} INFO - [2024-04-24T05:21:27.700+0000] {dag.py:3047} INFO - Sync 1 DAGs
[2024-04-24T05:21:27.712+0000] {logging_mixin.py:188} INFO - [2024-04-24T05:21:27.711+0000] {dag.py:3834} INFO - Setting next_dagrun for example_short_circuit_decorator to 2024-04-23 00:00:00+00:00, run_after=2024-04-24 00:00:00+00:00
[2024-04-24T05:21:27.721+0000] {processor.py:183} INFO - Processing /home/airflow/.local/lib/python3.8/site-packages/airflow/example_dags/example_short_circuit_decorator.py took 0.041 seconds
[2024-04-24T05:21:58.172+0000] {processor.py:161} INFO - Started process (PID=1294) to work on /home/airflow/.local/lib/python3.8/site-packages/airflow/example_dags/example_short_circuit_decorator.py
[2024-04-24T05:21:58.173+0000] {processor.py:830} INFO - Processing file /home/airflow/.local/lib/python3.8/site-packages/airflow/example_dags/example_short_circuit_decorator.py for tasks to queue
[2024-04-24T05:21:58.174+0000] {logging_mixin.py:188} INFO - [2024-04-24T05:21:58.174+0000] {dagbag.py:540} INFO - Filling up the DagBag from /home/airflow/.local/lib/python3.8/site-packages/airflow/example_dags/example_short_circuit_decorator.py
[2024-04-24T05:21:58.179+0000] {processor.py:840} INFO - DAG(s) 'example_short_circuit_decorator' retrieved from /home/airflow/.local/lib/python3.8/site-packages/airflow/example_dags/example_short_circuit_decorator.py
[2024-04-24T05:21:58.190+0000] {logging_mixin.py:188} INFO - [2024-04-24T05:21:58.190+0000] {dag.py:3047} INFO - Sync 1 DAGs
[2024-04-24T05:21:58.201+0000] {logging_mixin.py:188} INFO - [2024-04-24T05:21:58.201+0000] {dag.py:3834} INFO - Setting next_dagrun for example_short_circuit_decorator to 2024-04-23 00:00:00+00:00, run_after=2024-04-24 00:00:00+00:00
[2024-04-24T05:21:58.210+0000] {processor.py:183} INFO - Processing /home/airflow/.local/lib/python3.8/site-packages/airflow/example_dags/example_short_circuit_decorator.py took 0.040 seconds
[2024-04-24T05:22:28.638+0000] {processor.py:161} INFO - Started process (PID=1352) to work on /home/airflow/.local/lib/python3.8/site-packages/airflow/example_dags/example_short_circuit_decorator.py
[2024-04-24T05:22:28.638+0000] {processor.py:830} INFO - Processing file /home/airflow/.local/lib/python3.8/site-packages/airflow/example_dags/example_short_circuit_decorator.py for tasks to queue
[2024-04-24T05:22:28.639+0000] {logging_mixin.py:188} INFO - [2024-04-24T05:22:28.639+0000] {dagbag.py:540} INFO - Filling up the DagBag from /home/airflow/.local/lib/python3.8/site-packages/airflow/example_dags/example_short_circuit_decorator.py
[2024-04-24T05:22:28.644+0000] {processor.py:840} INFO - DAG(s) 'example_short_circuit_decorator' retrieved from /home/airflow/.local/lib/python3.8/site-packages/airflow/example_dags/example_short_circuit_decorator.py
[2024-04-24T05:22:28.655+0000] {logging_mixin.py:188} INFO - [2024-04-24T05:22:28.655+0000] {dag.py:3047} INFO - Sync 1 DAGs
[2024-04-24T05:22:28.666+0000] {logging_mixin.py:188} INFO - [2024-04-24T05:22:28.666+0000] {dag.py:3834} INFO - Setting next_dagrun for example_short_circuit_decorator to 2024-04-23 00:00:00+00:00, run_after=2024-04-24 00:00:00+00:00
[2024-04-24T05:22:28.675+0000] {processor.py:183} INFO - Processing /home/airflow/.local/lib/python3.8/site-packages/airflow/example_dags/example_short_circuit_decorator.py took 0.039 seconds
[2024-04-24T05:22:59.199+0000] {processor.py:161} INFO - Started process (PID=1410) to work on /home/airflow/.local/lib/python3.8/site-packages/airflow/example_dags/example_short_circuit_decorator.py
[2024-04-24T05:22:59.199+0000] {processor.py:830} INFO - Processing file /home/airflow/.local/lib/python3.8/site-packages/airflow/example_dags/example_short_circuit_decorator.py for tasks to queue
[2024-04-24T05:22:59.200+0000] {logging_mixin.py:188} INFO - [2024-04-24T05:22:59.200+0000] {dagbag.py:540} INFO - Filling up the DagBag from /home/airflow/.local/lib/python3.8/site-packages/airflow/example_dags/example_short_circuit_decorator.py
[2024-04-24T05:22:59.205+0000] {processor.py:840} INFO - DAG(s) 'example_short_circuit_decorator' retrieved from /home/airflow/.local/lib/python3.8/site-packages/airflow/example_dags/example_short_circuit_decorator.py
[2024-04-24T05:22:59.218+0000] {logging_mixin.py:188} INFO - [2024-04-24T05:22:59.218+0000] {dag.py:3047} INFO - Sync 1 DAGs
[2024-04-24T05:22:59.229+0000] {logging_mixin.py:188} INFO - [2024-04-24T05:22:59.229+0000] {dag.py:3834} INFO - Setting next_dagrun for example_short_circuit_decorator to 2024-04-23 00:00:00+00:00, run_after=2024-04-24 00:00:00+00:00
[2024-04-24T05:22:59.239+0000] {processor.py:183} INFO - Processing /home/airflow/.local/lib/python3.8/site-packages/airflow/example_dags/example_short_circuit_decorator.py took 0.042 seconds
[2024-04-24T05:23:29.729+0000] {processor.py:161} INFO - Started process (PID=1468) to work on /home/airflow/.local/lib/python3.8/site-packages/airflow/example_dags/example_short_circuit_decorator.py
[2024-04-24T05:23:29.730+0000] {processor.py:830} INFO - Processing file /home/airflow/.local/lib/python3.8/site-packages/airflow/example_dags/example_short_circuit_decorator.py for tasks to queue
[2024-04-24T05:23:29.731+0000] {logging_mixin.py:188} INFO - [2024-04-24T05:23:29.731+0000] {dagbag.py:540} INFO - Filling up the DagBag from /home/airflow/.local/lib/python3.8/site-packages/airflow/example_dags/example_short_circuit_decorator.py
[2024-04-24T05:23:29.736+0000] {processor.py:840} INFO - DAG(s) 'example_short_circuit_decorator' retrieved from /home/airflow/.local/lib/python3.8/site-packages/airflow/example_dags/example_short_circuit_decorator.py
[2024-04-24T05:23:29.748+0000] {logging_mixin.py:188} INFO - [2024-04-24T05:23:29.748+0000] {dag.py:3047} INFO - Sync 1 DAGs
[2024-04-24T05:23:29.759+0000] {logging_mixin.py:188} INFO - [2024-04-24T05:23:29.759+0000] {dag.py:3834} INFO - Setting next_dagrun for example_short_circuit_decorator to 2024-04-23 00:00:00+00:00, run_after=2024-04-24 00:00:00+00:00
[2024-04-24T05:23:29.769+0000] {processor.py:183} INFO - Processing /home/airflow/.local/lib/python3.8/site-packages/airflow/example_dags/example_short_circuit_decorator.py took 0.041 seconds
[2024-04-24T05:24:00.224+0000] {processor.py:161} INFO - Started process (PID=1526) to work on /home/airflow/.local/lib/python3.8/site-packages/airflow/example_dags/example_short_circuit_decorator.py
[2024-04-24T05:24:00.225+0000] {processor.py:830} INFO - Processing file /home/airflow/.local/lib/python3.8/site-packages/airflow/example_dags/example_short_circuit_decorator.py for tasks to queue
[2024-04-24T05:24:00.226+0000] {logging_mixin.py:188} INFO - [2024-04-24T05:24:00.225+0000] {dagbag.py:540} INFO - Filling up the DagBag from /home/airflow/.local/lib/python3.8/site-packages/airflow/example_dags/example_short_circuit_decorator.py
[2024-04-24T05:24:00.231+0000] {processor.py:840} INFO - DAG(s) 'example_short_circuit_decorator' retrieved from /home/airflow/.local/lib/python3.8/site-packages/airflow/example_dags/example_short_circuit_decorator.py
[2024-04-24T05:24:00.243+0000] {logging_mixin.py:188} INFO - [2024-04-24T05:24:00.243+0000] {dag.py:3047} INFO - Sync 1 DAGs
[2024-04-24T05:24:00.255+0000] {logging_mixin.py:188} INFO - [2024-04-24T05:24:00.255+0000] {dag.py:3834} INFO - Setting next_dagrun for example_short_circuit_decorator to 2024-04-23 00:00:00+00:00, run_after=2024-04-24 00:00:00+00:00
[2024-04-24T05:24:00.265+0000] {processor.py:183} INFO - Processing /home/airflow/.local/lib/python3.8/site-packages/airflow/example_dags/example_short_circuit_decorator.py took 0.043 seconds
[2024-04-24T05:24:30.693+0000] {processor.py:161} INFO - Started process (PID=1584) to work on /home/airflow/.local/lib/python3.8/site-packages/airflow/example_dags/example_short_circuit_decorator.py
[2024-04-24T05:24:30.694+0000] {processor.py:830} INFO - Processing file /home/airflow/.local/lib/python3.8/site-packages/airflow/example_dags/example_short_circuit_decorator.py for tasks to queue
[2024-04-24T05:24:30.695+0000] {logging_mixin.py:188} INFO - [2024-04-24T05:24:30.695+0000] {dagbag.py:540} INFO - Filling up the DagBag from /home/airflow/.local/lib/python3.8/site-packages/airflow/example_dags/example_short_circuit_decorator.py
[2024-04-24T05:24:30.700+0000] {processor.py:840} INFO - DAG(s) 'example_short_circuit_decorator' retrieved from /home/airflow/.local/lib/python3.8/site-packages/airflow/example_dags/example_short_circuit_decorator.py
[2024-04-24T05:24:30.711+0000] {logging_mixin.py:188} INFO - [2024-04-24T05:24:30.711+0000] {dag.py:3047} INFO - Sync 1 DAGs
[2024-04-24T05:24:30.723+0000] {logging_mixin.py:188} INFO - [2024-04-24T05:24:30.722+0000] {dag.py:3834} INFO - Setting next_dagrun for example_short_circuit_decorator to 2024-04-23 00:00:00+00:00, run_after=2024-04-24 00:00:00+00:00
[2024-04-24T05:24:30.732+0000] {processor.py:183} INFO - Processing /home/airflow/.local/lib/python3.8/site-packages/airflow/example_dags/example_short_circuit_decorator.py took 0.041 seconds
[2024-04-24T05:25:01.155+0000] {processor.py:161} INFO - Started process (PID=1642) to work on /home/airflow/.local/lib/python3.8/site-packages/airflow/example_dags/example_short_circuit_decorator.py
[2024-04-24T05:25:01.156+0000] {processor.py:830} INFO - Processing file /home/airflow/.local/lib/python3.8/site-packages/airflow/example_dags/example_short_circuit_decorator.py for tasks to queue
[2024-04-24T05:25:01.157+0000] {logging_mixin.py:188} INFO - [2024-04-24T05:25:01.156+0000] {dagbag.py:540} INFO - Filling up the DagBag from /home/airflow/.local/lib/python3.8/site-packages/airflow/example_dags/example_short_circuit_decorator.py
[2024-04-24T05:25:01.161+0000] {processor.py:840} INFO - DAG(s) 'example_short_circuit_decorator' retrieved from /home/airflow/.local/lib/python3.8/site-packages/airflow/example_dags/example_short_circuit_decorator.py
[2024-04-24T05:25:01.173+0000] {logging_mixin.py:188} INFO - [2024-04-24T05:25:01.173+0000] {dag.py:3047} INFO - Sync 1 DAGs
[2024-04-24T05:25:01.184+0000] {logging_mixin.py:188} INFO - [2024-04-24T05:25:01.184+0000] {dag.py:3834} INFO - Setting next_dagrun for example_short_circuit_decorator to 2024-04-23 00:00:00+00:00, run_after=2024-04-24 00:00:00+00:00
[2024-04-24T05:25:01.194+0000] {processor.py:183} INFO - Processing /home/airflow/.local/lib/python3.8/site-packages/airflow/example_dags/example_short_circuit_decorator.py took 0.041 seconds
[2024-04-24T05:25:31.602+0000] {processor.py:161} INFO - Started process (PID=1700) to work on /home/airflow/.local/lib/python3.8/site-packages/airflow/example_dags/example_short_circuit_decorator.py
[2024-04-24T05:25:31.602+0000] {processor.py:830} INFO - Processing file /home/airflow/.local/lib/python3.8/site-packages/airflow/example_dags/example_short_circuit_decorator.py for tasks to queue
[2024-04-24T05:25:31.603+0000] {logging_mixin.py:188} INFO - [2024-04-24T05:25:31.603+0000] {dagbag.py:540} INFO - Filling up the DagBag from /home/airflow/.local/lib/python3.8/site-packages/airflow/example_dags/example_short_circuit_decorator.py
[2024-04-24T05:25:31.608+0000] {processor.py:840} INFO - DAG(s) 'example_short_circuit_decorator' retrieved from /home/airflow/.local/lib/python3.8/site-packages/airflow/example_dags/example_short_circuit_decorator.py
[2024-04-24T05:25:31.620+0000] {logging_mixin.py:188} INFO - [2024-04-24T05:25:31.620+0000] {dag.py:3047} INFO - Sync 1 DAGs
[2024-04-24T05:25:31.631+0000] {logging_mixin.py:188} INFO - [2024-04-24T05:25:31.631+0000] {dag.py:3834} INFO - Setting next_dagrun for example_short_circuit_decorator to 2024-04-23 00:00:00+00:00, run_after=2024-04-24 00:00:00+00:00
[2024-04-24T05:25:31.641+0000] {processor.py:183} INFO - Processing /home/airflow/.local/lib/python3.8/site-packages/airflow/example_dags/example_short_circuit_decorator.py took 0.041 seconds
[2024-04-24T05:26:02.352+0000] {processor.py:161} INFO - Started process (PID=1758) to work on /home/airflow/.local/lib/python3.8/site-packages/airflow/example_dags/example_short_circuit_decorator.py
[2024-04-24T05:26:02.352+0000] {processor.py:830} INFO - Processing file /home/airflow/.local/lib/python3.8/site-packages/airflow/example_dags/example_short_circuit_decorator.py for tasks to queue
[2024-04-24T05:26:02.353+0000] {logging_mixin.py:188} INFO - [2024-04-24T05:26:02.353+0000] {dagbag.py:540} INFO - Filling up the DagBag from /home/airflow/.local/lib/python3.8/site-packages/airflow/example_dags/example_short_circuit_decorator.py
[2024-04-24T05:26:02.358+0000] {processor.py:840} INFO - DAG(s) 'example_short_circuit_decorator' retrieved from /home/airflow/.local/lib/python3.8/site-packages/airflow/example_dags/example_short_circuit_decorator.py
[2024-04-24T05:26:02.370+0000] {logging_mixin.py:188} INFO - [2024-04-24T05:26:02.370+0000] {dag.py:3047} INFO - Sync 1 DAGs
[2024-04-24T05:26:02.381+0000] {logging_mixin.py:188} INFO - [2024-04-24T05:26:02.381+0000] {dag.py:3834} INFO - Setting next_dagrun for example_short_circuit_decorator to 2024-04-23 00:00:00+00:00, run_after=2024-04-24 00:00:00+00:00
[2024-04-24T05:26:02.393+0000] {processor.py:183} INFO - Processing /home/airflow/.local/lib/python3.8/site-packages/airflow/example_dags/example_short_circuit_decorator.py took 0.043 seconds
[2024-04-24T05:26:32.888+0000] {processor.py:161} INFO - Started process (PID=1816) to work on /home/airflow/.local/lib/python3.8/site-packages/airflow/example_dags/example_short_circuit_decorator.py
[2024-04-24T05:26:32.888+0000] {processor.py:830} INFO - Processing file /home/airflow/.local/lib/python3.8/site-packages/airflow/example_dags/example_short_circuit_decorator.py for tasks to queue
[2024-04-24T05:26:32.889+0000] {logging_mixin.py:188} INFO - [2024-04-24T05:26:32.889+0000] {dagbag.py:540} INFO - Filling up the DagBag from /home/airflow/.local/lib/python3.8/site-packages/airflow/example_dags/example_short_circuit_decorator.py
[2024-04-24T05:26:32.894+0000] {processor.py:840} INFO - DAG(s) 'example_short_circuit_decorator' retrieved from /home/airflow/.local/lib/python3.8/site-packages/airflow/example_dags/example_short_circuit_decorator.py
[2024-04-24T05:26:32.906+0000] {logging_mixin.py:188} INFO - [2024-04-24T05:26:32.906+0000] {dag.py:3047} INFO - Sync 1 DAGs
[2024-04-24T05:26:32.918+0000] {logging_mixin.py:188} INFO - [2024-04-24T05:26:32.918+0000] {dag.py:3834} INFO - Setting next_dagrun for example_short_circuit_decorator to 2024-04-23 00:00:00+00:00, run_after=2024-04-24 00:00:00+00:00
[2024-04-24T05:26:32.927+0000] {processor.py:183} INFO - Processing /home/airflow/.local/lib/python3.8/site-packages/airflow/example_dags/example_short_circuit_decorator.py took 0.042 seconds
[2024-04-24T05:27:03.668+0000] {processor.py:161} INFO - Started process (PID=1874) to work on /home/airflow/.local/lib/python3.8/site-packages/airflow/example_dags/example_short_circuit_decorator.py
[2024-04-24T05:27:03.668+0000] {processor.py:830} INFO - Processing file /home/airflow/.local/lib/python3.8/site-packages/airflow/example_dags/example_short_circuit_decorator.py for tasks to queue
[2024-04-24T05:27:03.670+0000] {logging_mixin.py:188} INFO - [2024-04-24T05:27:03.669+0000] {dagbag.py:540} INFO - Filling up the DagBag from /home/airflow/.local/lib/python3.8/site-packages/airflow/example_dags/example_short_circuit_decorator.py
[2024-04-24T05:27:03.675+0000] {processor.py:840} INFO - DAG(s) 'example_short_circuit_decorator' retrieved from /home/airflow/.local/lib/python3.8/site-packages/airflow/example_dags/example_short_circuit_decorator.py
[2024-04-24T05:27:03.686+0000] {logging_mixin.py:188} INFO - [2024-04-24T05:27:03.686+0000] {dag.py:3047} INFO - Sync 1 DAGs
[2024-04-24T05:27:03.696+0000] {logging_mixin.py:188} INFO - [2024-04-24T05:27:03.696+0000] {dag.py:3834} INFO - Setting next_dagrun for example_short_circuit_decorator to 2024-04-23 00:00:00+00:00, run_after=2024-04-24 00:00:00+00:00
[2024-04-24T05:27:03.707+0000] {processor.py:183} INFO - Processing /home/airflow/.local/lib/python3.8/site-packages/airflow/example_dags/example_short_circuit_decorator.py took 0.041 seconds
[2024-04-24T05:27:34.207+0000] {processor.py:161} INFO - Started process (PID=1932) to work on /home/airflow/.local/lib/python3.8/site-packages/airflow/example_dags/example_short_circuit_decorator.py
[2024-04-24T05:27:34.208+0000] {processor.py:830} INFO - Processing file /home/airflow/.local/lib/python3.8/site-packages/airflow/example_dags/example_short_circuit_decorator.py for tasks to queue
[2024-04-24T05:27:34.209+0000] {logging_mixin.py:188} INFO - [2024-04-24T05:27:34.209+0000] {dagbag.py:540} INFO - Filling up the DagBag from /home/airflow/.local/lib/python3.8/site-packages/airflow/example_dags/example_short_circuit_decorator.py
[2024-04-24T05:27:34.214+0000] {processor.py:840} INFO - DAG(s) 'example_short_circuit_decorator' retrieved from /home/airflow/.local/lib/python3.8/site-packages/airflow/example_dags/example_short_circuit_decorator.py
[2024-04-24T05:27:34.226+0000] {logging_mixin.py:188} INFO - [2024-04-24T05:27:34.226+0000] {dag.py:3047} INFO - Sync 1 DAGs
[2024-04-24T05:27:34.236+0000] {logging_mixin.py:188} INFO - [2024-04-24T05:27:34.236+0000] {dag.py:3834} INFO - Setting next_dagrun for example_short_circuit_decorator to 2024-04-23 00:00:00+00:00, run_after=2024-04-24 00:00:00+00:00
[2024-04-24T05:27:34.246+0000] {processor.py:183} INFO - Processing /home/airflow/.local/lib/python3.8/site-packages/airflow/example_dags/example_short_circuit_decorator.py took 0.040 seconds
[2024-04-24T05:28:04.896+0000] {processor.py:161} INFO - Started process (PID=1990) to work on /home/airflow/.local/lib/python3.8/site-packages/airflow/example_dags/example_short_circuit_decorator.py
[2024-04-24T05:28:04.897+0000] {processor.py:830} INFO - Processing file /home/airflow/.local/lib/python3.8/site-packages/airflow/example_dags/example_short_circuit_decorator.py for tasks to queue
[2024-04-24T05:28:04.898+0000] {logging_mixin.py:188} INFO - [2024-04-24T05:28:04.898+0000] {dagbag.py:540} INFO - Filling up the DagBag from /home/airflow/.local/lib/python3.8/site-packages/airflow/example_dags/example_short_circuit_decorator.py
[2024-04-24T05:28:04.903+0000] {processor.py:840} INFO - DAG(s) 'example_short_circuit_decorator' retrieved from /home/airflow/.local/lib/python3.8/site-packages/airflow/example_dags/example_short_circuit_decorator.py
[2024-04-24T05:28:04.916+0000] {logging_mixin.py:188} INFO - [2024-04-24T05:28:04.916+0000] {dag.py:3047} INFO - Sync 1 DAGs
[2024-04-24T05:28:04.928+0000] {logging_mixin.py:188} INFO - [2024-04-24T05:28:04.928+0000] {dag.py:3834} INFO - Setting next_dagrun for example_short_circuit_decorator to 2024-04-23 00:00:00+00:00, run_after=2024-04-24 00:00:00+00:00
[2024-04-24T05:28:04.938+0000] {processor.py:183} INFO - Processing /home/airflow/.local/lib/python3.8/site-packages/airflow/example_dags/example_short_circuit_decorator.py took 0.044 seconds
[2024-04-24T05:28:35.685+0000] {processor.py:161} INFO - Started process (PID=2048) to work on /home/airflow/.local/lib/python3.8/site-packages/airflow/example_dags/example_short_circuit_decorator.py
[2024-04-24T05:28:35.685+0000] {processor.py:830} INFO - Processing file /home/airflow/.local/lib/python3.8/site-packages/airflow/example_dags/example_short_circuit_decorator.py for tasks to queue
[2024-04-24T05:28:35.686+0000] {logging_mixin.py:188} INFO - [2024-04-24T05:28:35.686+0000] {dagbag.py:540} INFO - Filling up the DagBag from /home/airflow/.local/lib/python3.8/site-packages/airflow/example_dags/example_short_circuit_decorator.py
[2024-04-24T05:28:35.691+0000] {processor.py:840} INFO - DAG(s) 'example_short_circuit_decorator' retrieved from /home/airflow/.local/lib/python3.8/site-packages/airflow/example_dags/example_short_circuit_decorator.py
[2024-04-24T05:28:35.703+0000] {logging_mixin.py:188} INFO - [2024-04-24T05:28:35.703+0000] {dag.py:3047} INFO - Sync 1 DAGs
[2024-04-24T05:28:35.715+0000] {logging_mixin.py:188} INFO - [2024-04-24T05:28:35.715+0000] {dag.py:3834} INFO - Setting next_dagrun for example_short_circuit_decorator to 2024-04-23 00:00:00+00:00, run_after=2024-04-24 00:00:00+00:00
[2024-04-24T05:28:35.725+0000] {processor.py:183} INFO - Processing /home/airflow/.local/lib/python3.8/site-packages/airflow/example_dags/example_short_circuit_decorator.py took 0.042 seconds
[2024-04-24T05:29:06.222+0000] {processor.py:161} INFO - Started process (PID=2106) to work on /home/airflow/.local/lib/python3.8/site-packages/airflow/example_dags/example_short_circuit_decorator.py
[2024-04-24T05:29:06.222+0000] {processor.py:830} INFO - Processing file /home/airflow/.local/lib/python3.8/site-packages/airflow/example_dags/example_short_circuit_decorator.py for tasks to queue
[2024-04-24T05:29:06.223+0000] {logging_mixin.py:188} INFO - [2024-04-24T05:29:06.223+0000] {dagbag.py:540} INFO - Filling up the DagBag from /home/airflow/.local/lib/python3.8/site-packages/airflow/example_dags/example_short_circuit_decorator.py
[2024-04-24T05:29:06.228+0000] {processor.py:840} INFO - DAG(s) 'example_short_circuit_decorator' retrieved from /home/airflow/.local/lib/python3.8/site-packages/airflow/example_dags/example_short_circuit_decorator.py
[2024-04-24T05:29:06.240+0000] {logging_mixin.py:188} INFO - [2024-04-24T05:29:06.240+0000] {dag.py:3047} INFO - Sync 1 DAGs
[2024-04-24T05:29:06.251+0000] {logging_mixin.py:188} INFO - [2024-04-24T05:29:06.250+0000] {dag.py:3834} INFO - Setting next_dagrun for example_short_circuit_decorator to 2024-04-23 00:00:00+00:00, run_after=2024-04-24 00:00:00+00:00
[2024-04-24T05:29:06.261+0000] {processor.py:183} INFO - Processing /home/airflow/.local/lib/python3.8/site-packages/airflow/example_dags/example_short_circuit_decorator.py took 0.041 seconds
[2024-04-24T05:29:36.807+0000] {processor.py:161} INFO - Started process (PID=2164) to work on /home/airflow/.local/lib/python3.8/site-packages/airflow/example_dags/example_short_circuit_decorator.py
[2024-04-24T05:29:36.808+0000] {processor.py:830} INFO - Processing file /home/airflow/.local/lib/python3.8/site-packages/airflow/example_dags/example_short_circuit_decorator.py for tasks to queue
[2024-04-24T05:29:36.809+0000] {logging_mixin.py:188} INFO - [2024-04-24T05:29:36.809+0000] {dagbag.py:540} INFO - Filling up the DagBag from /home/airflow/.local/lib/python3.8/site-packages/airflow/example_dags/example_short_circuit_decorator.py
[2024-04-24T05:29:36.814+0000] {processor.py:840} INFO - DAG(s) 'example_short_circuit_decorator' retrieved from /home/airflow/.local/lib/python3.8/site-packages/airflow/example_dags/example_short_circuit_decorator.py
[2024-04-24T05:29:36.826+0000] {logging_mixin.py:188} INFO - [2024-04-24T05:29:36.825+0000] {dag.py:3047} INFO - Sync 1 DAGs
[2024-04-24T05:29:36.837+0000] {logging_mixin.py:188} INFO - [2024-04-24T05:29:36.837+0000] {dag.py:3834} INFO - Setting next_dagrun for example_short_circuit_decorator to 2024-04-23 00:00:00+00:00, run_after=2024-04-24 00:00:00+00:00
[2024-04-24T05:29:36.847+0000] {processor.py:183} INFO - Processing /home/airflow/.local/lib/python3.8/site-packages/airflow/example_dags/example_short_circuit_decorator.py took 0.041 seconds
[2024-04-24T05:30:07.345+0000] {processor.py:161} INFO - Started process (PID=2222) to work on /home/airflow/.local/lib/python3.8/site-packages/airflow/example_dags/example_short_circuit_decorator.py
[2024-04-24T05:30:07.345+0000] {processor.py:830} INFO - Processing file /home/airflow/.local/lib/python3.8/site-packages/airflow/example_dags/example_short_circuit_decorator.py for tasks to queue
[2024-04-24T05:30:07.347+0000] {logging_mixin.py:188} INFO - [2024-04-24T05:30:07.346+0000] {dagbag.py:540} INFO - Filling up the DagBag from /home/airflow/.local/lib/python3.8/site-packages/airflow/example_dags/example_short_circuit_decorator.py
[2024-04-24T05:30:07.352+0000] {processor.py:840} INFO - DAG(s) 'example_short_circuit_decorator' retrieved from /home/airflow/.local/lib/python3.8/site-packages/airflow/example_dags/example_short_circuit_decorator.py
[2024-04-24T05:30:07.365+0000] {logging_mixin.py:188} INFO - [2024-04-24T05:30:07.365+0000] {dag.py:3047} INFO - Sync 1 DAGs
[2024-04-24T05:30:07.376+0000] {logging_mixin.py:188} INFO - [2024-04-24T05:30:07.376+0000] {dag.py:3834} INFO - Setting next_dagrun for example_short_circuit_decorator to 2024-04-23 00:00:00+00:00, run_after=2024-04-24 00:00:00+00:00
[2024-04-24T05:30:07.387+0000] {processor.py:183} INFO - Processing /home/airflow/.local/lib/python3.8/site-packages/airflow/example_dags/example_short_circuit_decorator.py took 0.045 seconds
[2024-04-24T05:30:37.933+0000] {processor.py:161} INFO - Started process (PID=2280) to work on /home/airflow/.local/lib/python3.8/site-packages/airflow/example_dags/example_short_circuit_decorator.py
[2024-04-24T05:30:37.933+0000] {processor.py:830} INFO - Processing file /home/airflow/.local/lib/python3.8/site-packages/airflow/example_dags/example_short_circuit_decorator.py for tasks to queue
[2024-04-24T05:30:37.934+0000] {logging_mixin.py:188} INFO - [2024-04-24T05:30:37.934+0000] {dagbag.py:540} INFO - Filling up the DagBag from /home/airflow/.local/lib/python3.8/site-packages/airflow/example_dags/example_short_circuit_decorator.py
[2024-04-24T05:30:37.939+0000] {processor.py:840} INFO - DAG(s) 'example_short_circuit_decorator' retrieved from /home/airflow/.local/lib/python3.8/site-packages/airflow/example_dags/example_short_circuit_decorator.py
[2024-04-24T05:30:37.951+0000] {logging_mixin.py:188} INFO - [2024-04-24T05:30:37.951+0000] {dag.py:3047} INFO - Sync 1 DAGs
[2024-04-24T05:30:37.962+0000] {logging_mixin.py:188} INFO - [2024-04-24T05:30:37.962+0000] {dag.py:3834} INFO - Setting next_dagrun for example_short_circuit_decorator to 2024-04-23 00:00:00+00:00, run_after=2024-04-24 00:00:00+00:00
[2024-04-24T05:30:37.971+0000] {processor.py:183} INFO - Processing /home/airflow/.local/lib/python3.8/site-packages/airflow/example_dags/example_short_circuit_decorator.py took 0.041 seconds
[2024-04-24T05:31:08.523+0000] {processor.py:161} INFO - Started process (PID=2338) to work on /home/airflow/.local/lib/python3.8/site-packages/airflow/example_dags/example_short_circuit_decorator.py
[2024-04-24T05:31:08.524+0000] {processor.py:830} INFO - Processing file /home/airflow/.local/lib/python3.8/site-packages/airflow/example_dags/example_short_circuit_decorator.py for tasks to queue
[2024-04-24T05:31:08.525+0000] {logging_mixin.py:188} INFO - [2024-04-24T05:31:08.525+0000] {dagbag.py:540} INFO - Filling up the DagBag from /home/airflow/.local/lib/python3.8/site-packages/airflow/example_dags/example_short_circuit_decorator.py
[2024-04-24T05:31:08.530+0000] {processor.py:840} INFO - DAG(s) 'example_short_circuit_decorator' retrieved from /home/airflow/.local/lib/python3.8/site-packages/airflow/example_dags/example_short_circuit_decorator.py
[2024-04-24T05:31:08.542+0000] {logging_mixin.py:188} INFO - [2024-04-24T05:31:08.542+0000] {dag.py:3047} INFO - Sync 1 DAGs
[2024-04-24T05:31:08.553+0000] {logging_mixin.py:188} INFO - [2024-04-24T05:31:08.553+0000] {dag.py:3834} INFO - Setting next_dagrun for example_short_circuit_decorator to 2024-04-23 00:00:00+00:00, run_after=2024-04-24 00:00:00+00:00
[2024-04-24T05:31:08.563+0000] {processor.py:183} INFO - Processing /home/airflow/.local/lib/python3.8/site-packages/airflow/example_dags/example_short_circuit_decorator.py took 0.042 seconds
[2024-04-24T05:31:39.304+0000] {processor.py:161} INFO - Started process (PID=2396) to work on /home/airflow/.local/lib/python3.8/site-packages/airflow/example_dags/example_short_circuit_decorator.py
[2024-04-24T05:31:39.305+0000] {processor.py:830} INFO - Processing file /home/airflow/.local/lib/python3.8/site-packages/airflow/example_dags/example_short_circuit_decorator.py for tasks to queue
[2024-04-24T05:31:39.306+0000] {logging_mixin.py:188} INFO - [2024-04-24T05:31:39.306+0000] {dagbag.py:540} INFO - Filling up the DagBag from /home/airflow/.local/lib/python3.8/site-packages/airflow/example_dags/example_short_circuit_decorator.py
[2024-04-24T05:31:39.311+0000] {processor.py:840} INFO - DAG(s) 'example_short_circuit_decorator' retrieved from /home/airflow/.local/lib/python3.8/site-packages/airflow/example_dags/example_short_circuit_decorator.py
[2024-04-24T05:31:39.322+0000] {logging_mixin.py:188} INFO - [2024-04-24T05:31:39.322+0000] {dag.py:3047} INFO - Sync 1 DAGs
[2024-04-24T05:31:39.333+0000] {logging_mixin.py:188} INFO - [2024-04-24T05:31:39.333+0000] {dag.py:3834} INFO - Setting next_dagrun for example_short_circuit_decorator to 2024-04-23 00:00:00+00:00, run_after=2024-04-24 00:00:00+00:00
[2024-04-24T05:31:39.343+0000] {processor.py:183} INFO - Processing /home/airflow/.local/lib/python3.8/site-packages/airflow/example_dags/example_short_circuit_decorator.py took 0.041 seconds
[2024-04-24T05:32:09.927+0000] {processor.py:161} INFO - Started process (PID=2454) to work on /home/airflow/.local/lib/python3.8/site-packages/airflow/example_dags/example_short_circuit_decorator.py
[2024-04-24T05:32:09.928+0000] {processor.py:830} INFO - Processing file /home/airflow/.local/lib/python3.8/site-packages/airflow/example_dags/example_short_circuit_decorator.py for tasks to queue
[2024-04-24T05:32:09.929+0000] {logging_mixin.py:188} INFO - [2024-04-24T05:32:09.929+0000] {dagbag.py:540} INFO - Filling up the DagBag from /home/airflow/.local/lib/python3.8/site-packages/airflow/example_dags/example_short_circuit_decorator.py
[2024-04-24T05:32:09.934+0000] {processor.py:840} INFO - DAG(s) 'example_short_circuit_decorator' retrieved from /home/airflow/.local/lib/python3.8/site-packages/airflow/example_dags/example_short_circuit_decorator.py
[2024-04-24T05:32:09.946+0000] {logging_mixin.py:188} INFO - [2024-04-24T05:32:09.945+0000] {dag.py:3047} INFO - Sync 1 DAGs
[2024-04-24T05:32:09.957+0000] {logging_mixin.py:188} INFO - [2024-04-24T05:32:09.957+0000] {dag.py:3834} INFO - Setting next_dagrun for example_short_circuit_decorator to 2024-04-23 00:00:00+00:00, run_after=2024-04-24 00:00:00+00:00
[2024-04-24T05:32:09.970+0000] {processor.py:183} INFO - Processing /home/airflow/.local/lib/python3.8/site-packages/airflow/example_dags/example_short_circuit_decorator.py took 0.044 seconds
[2024-04-24T05:32:40.413+0000] {processor.py:161} INFO - Started process (PID=2513) to work on /home/airflow/.local/lib/python3.8/site-packages/airflow/example_dags/example_short_circuit_decorator.py
[2024-04-24T05:32:40.413+0000] {processor.py:830} INFO - Processing file /home/airflow/.local/lib/python3.8/site-packages/airflow/example_dags/example_short_circuit_decorator.py for tasks to queue
[2024-04-24T05:32:40.414+0000] {logging_mixin.py:188} INFO - [2024-04-24T05:32:40.414+0000] {dagbag.py:540} INFO - Filling up the DagBag from /home/airflow/.local/lib/python3.8/site-packages/airflow/example_dags/example_short_circuit_decorator.py
[2024-04-24T05:32:40.419+0000] {processor.py:840} INFO - DAG(s) 'example_short_circuit_decorator' retrieved from /home/airflow/.local/lib/python3.8/site-packages/airflow/example_dags/example_short_circuit_decorator.py
[2024-04-24T05:32:40.432+0000] {logging_mixin.py:188} INFO - [2024-04-24T05:32:40.432+0000] {dag.py:3047} INFO - Sync 1 DAGs
[2024-04-24T05:32:40.443+0000] {logging_mixin.py:188} INFO - [2024-04-24T05:32:40.443+0000] {dag.py:3834} INFO - Setting next_dagrun for example_short_circuit_decorator to 2024-04-23 00:00:00+00:00, run_after=2024-04-24 00:00:00+00:00
[2024-04-24T05:32:40.454+0000] {processor.py:183} INFO - Processing /home/airflow/.local/lib/python3.8/site-packages/airflow/example_dags/example_short_circuit_decorator.py took 0.043 seconds
[2024-04-24T05:33:10.827+0000] {processor.py:161} INFO - Started process (PID=2568) to work on /home/airflow/.local/lib/python3.8/site-packages/airflow/example_dags/example_short_circuit_decorator.py
[2024-04-24T05:33:10.828+0000] {processor.py:830} INFO - Processing file /home/airflow/.local/lib/python3.8/site-packages/airflow/example_dags/example_short_circuit_decorator.py for tasks to queue
[2024-04-24T05:33:10.828+0000] {logging_mixin.py:188} INFO - [2024-04-24T05:33:10.828+0000] {dagbag.py:540} INFO - Filling up the DagBag from /home/airflow/.local/lib/python3.8/site-packages/airflow/example_dags/example_short_circuit_decorator.py
[2024-04-24T05:33:10.834+0000] {processor.py:840} INFO - DAG(s) 'example_short_circuit_decorator' retrieved from /home/airflow/.local/lib/python3.8/site-packages/airflow/example_dags/example_short_circuit_decorator.py
[2024-04-24T05:33:10.847+0000] {logging_mixin.py:188} INFO - [2024-04-24T05:33:10.847+0000] {dag.py:3047} INFO - Sync 1 DAGs
[2024-04-24T05:33:10.858+0000] {logging_mixin.py:188} INFO - [2024-04-24T05:33:10.858+0000] {dag.py:3834} INFO - Setting next_dagrun for example_short_circuit_decorator to 2024-04-23 00:00:00+00:00, run_after=2024-04-24 00:00:00+00:00
[2024-04-24T05:33:10.868+0000] {processor.py:183} INFO - Processing /home/airflow/.local/lib/python3.8/site-packages/airflow/example_dags/example_short_circuit_decorator.py took 0.042 seconds
[2024-04-24T05:33:41.192+0000] {processor.py:161} INFO - Started process (PID=2623) to work on /home/airflow/.local/lib/python3.8/site-packages/airflow/example_dags/example_short_circuit_decorator.py
[2024-04-24T05:33:41.193+0000] {processor.py:830} INFO - Processing file /home/airflow/.local/lib/python3.8/site-packages/airflow/example_dags/example_short_circuit_decorator.py for tasks to queue
[2024-04-24T05:33:41.193+0000] {logging_mixin.py:188} INFO - [2024-04-24T05:33:41.193+0000] {dagbag.py:540} INFO - Filling up the DagBag from /home/airflow/.local/lib/python3.8/site-packages/airflow/example_dags/example_short_circuit_decorator.py
[2024-04-24T05:33:41.199+0000] {processor.py:840} INFO - DAG(s) 'example_short_circuit_decorator' retrieved from /home/airflow/.local/lib/python3.8/site-packages/airflow/example_dags/example_short_circuit_decorator.py
[2024-04-24T05:33:41.211+0000] {logging_mixin.py:188} INFO - [2024-04-24T05:33:41.211+0000] {dag.py:3047} INFO - Sync 1 DAGs
[2024-04-24T05:33:41.222+0000] {logging_mixin.py:188} INFO - [2024-04-24T05:33:41.222+0000] {dag.py:3834} INFO - Setting next_dagrun for example_short_circuit_decorator to 2024-04-23 00:00:00+00:00, run_after=2024-04-24 00:00:00+00:00
[2024-04-24T05:33:41.232+0000] {processor.py:183} INFO - Processing /home/airflow/.local/lib/python3.8/site-packages/airflow/example_dags/example_short_circuit_decorator.py took 0.042 seconds
[2024-04-24T05:34:11.676+0000] {processor.py:161} INFO - Started process (PID=2678) to work on /home/airflow/.local/lib/python3.8/site-packages/airflow/example_dags/example_short_circuit_decorator.py
[2024-04-24T05:34:11.676+0000] {processor.py:830} INFO - Processing file /home/airflow/.local/lib/python3.8/site-packages/airflow/example_dags/example_short_circuit_decorator.py for tasks to queue
[2024-04-24T05:34:11.677+0000] {logging_mixin.py:188} INFO - [2024-04-24T05:34:11.677+0000] {dagbag.py:540} INFO - Filling up the DagBag from /home/airflow/.local/lib/python3.8/site-packages/airflow/example_dags/example_short_circuit_decorator.py
[2024-04-24T05:34:11.682+0000] {processor.py:840} INFO - DAG(s) 'example_short_circuit_decorator' retrieved from /home/airflow/.local/lib/python3.8/site-packages/airflow/example_dags/example_short_circuit_decorator.py
[2024-04-24T05:34:11.694+0000] {logging_mixin.py:188} INFO - [2024-04-24T05:34:11.694+0000] {dag.py:3047} INFO - Sync 1 DAGs
[2024-04-24T05:34:11.705+0000] {logging_mixin.py:188} INFO - [2024-04-24T05:34:11.705+0000] {dag.py:3834} INFO - Setting next_dagrun for example_short_circuit_decorator to 2024-04-23 00:00:00+00:00, run_after=2024-04-24 00:00:00+00:00
[2024-04-24T05:34:11.715+0000] {processor.py:183} INFO - Processing /home/airflow/.local/lib/python3.8/site-packages/airflow/example_dags/example_short_circuit_decorator.py took 0.040 seconds
[2024-04-24T05:34:42.235+0000] {processor.py:161} INFO - Started process (PID=2733) to work on /home/airflow/.local/lib/python3.8/site-packages/airflow/example_dags/example_short_circuit_decorator.py
[2024-04-24T05:34:42.236+0000] {processor.py:830} INFO - Processing file /home/airflow/.local/lib/python3.8/site-packages/airflow/example_dags/example_short_circuit_decorator.py for tasks to queue
[2024-04-24T05:34:42.236+0000] {logging_mixin.py:188} INFO - [2024-04-24T05:34:42.236+0000] {dagbag.py:540} INFO - Filling up the DagBag from /home/airflow/.local/lib/python3.8/site-packages/airflow/example_dags/example_short_circuit_decorator.py
[2024-04-24T05:34:42.241+0000] {processor.py:840} INFO - DAG(s) 'example_short_circuit_decorator' retrieved from /home/airflow/.local/lib/python3.8/site-packages/airflow/example_dags/example_short_circuit_decorator.py
[2024-04-24T05:34:42.253+0000] {logging_mixin.py:188} INFO - [2024-04-24T05:34:42.253+0000] {dag.py:3047} INFO - Sync 1 DAGs
[2024-04-24T05:34:42.265+0000] {logging_mixin.py:188} INFO - [2024-04-24T05:34:42.265+0000] {dag.py:3834} INFO - Setting next_dagrun for example_short_circuit_decorator to 2024-04-23 00:00:00+00:00, run_after=2024-04-24 00:00:00+00:00
[2024-04-24T05:34:42.275+0000] {processor.py:183} INFO - Processing /home/airflow/.local/lib/python3.8/site-packages/airflow/example_dags/example_short_circuit_decorator.py took 0.042 seconds
[2024-04-24T05:35:12.932+0000] {processor.py:161} INFO - Started process (PID=2794) to work on /home/airflow/.local/lib/python3.8/site-packages/airflow/example_dags/example_short_circuit_decorator.py
[2024-04-24T05:35:12.933+0000] {processor.py:830} INFO - Processing file /home/airflow/.local/lib/python3.8/site-packages/airflow/example_dags/example_short_circuit_decorator.py for tasks to queue
[2024-04-24T05:35:12.933+0000] {logging_mixin.py:188} INFO - [2024-04-24T05:35:12.933+0000] {dagbag.py:540} INFO - Filling up the DagBag from /home/airflow/.local/lib/python3.8/site-packages/airflow/example_dags/example_short_circuit_decorator.py
[2024-04-24T05:35:12.938+0000] {processor.py:840} INFO - DAG(s) 'example_short_circuit_decorator' retrieved from /home/airflow/.local/lib/python3.8/site-packages/airflow/example_dags/example_short_circuit_decorator.py
[2024-04-24T05:35:12.950+0000] {logging_mixin.py:188} INFO - [2024-04-24T05:35:12.950+0000] {dag.py:3047} INFO - Sync 1 DAGs
[2024-04-24T05:35:12.961+0000] {logging_mixin.py:188} INFO - [2024-04-24T05:35:12.960+0000] {dag.py:3834} INFO - Setting next_dagrun for example_short_circuit_decorator to 2024-04-23 00:00:00+00:00, run_after=2024-04-24 00:00:00+00:00
[2024-04-24T05:35:12.970+0000] {processor.py:183} INFO - Processing /home/airflow/.local/lib/python3.8/site-packages/airflow/example_dags/example_short_circuit_decorator.py took 0.040 seconds
[2024-04-24T05:35:43.666+0000] {processor.py:161} INFO - Started process (PID=2849) to work on /home/airflow/.local/lib/python3.8/site-packages/airflow/example_dags/example_short_circuit_decorator.py
[2024-04-24T05:35:43.667+0000] {processor.py:830} INFO - Processing file /home/airflow/.local/lib/python3.8/site-packages/airflow/example_dags/example_short_circuit_decorator.py for tasks to queue
[2024-04-24T05:35:43.667+0000] {logging_mixin.py:188} INFO - [2024-04-24T05:35:43.667+0000] {dagbag.py:540} INFO - Filling up the DagBag from /home/airflow/.local/lib/python3.8/site-packages/airflow/example_dags/example_short_circuit_decorator.py
[2024-04-24T05:35:43.672+0000] {processor.py:840} INFO - DAG(s) 'example_short_circuit_decorator' retrieved from /home/airflow/.local/lib/python3.8/site-packages/airflow/example_dags/example_short_circuit_decorator.py
[2024-04-24T05:35:43.684+0000] {logging_mixin.py:188} INFO - [2024-04-24T05:35:43.684+0000] {dag.py:3047} INFO - Sync 1 DAGs
[2024-04-24T05:35:43.695+0000] {logging_mixin.py:188} INFO - [2024-04-24T05:35:43.695+0000] {dag.py:3834} INFO - Setting next_dagrun for example_short_circuit_decorator to 2024-04-23 00:00:00+00:00, run_after=2024-04-24 00:00:00+00:00
[2024-04-24T05:35:43.704+0000] {processor.py:183} INFO - Processing /home/airflow/.local/lib/python3.8/site-packages/airflow/example_dags/example_short_circuit_decorator.py took 0.040 seconds
[2024-04-24T05:36:14.176+0000] {processor.py:161} INFO - Started process (PID=2904) to work on /home/airflow/.local/lib/python3.8/site-packages/airflow/example_dags/example_short_circuit_decorator.py
[2024-04-24T05:36:14.176+0000] {processor.py:830} INFO - Processing file /home/airflow/.local/lib/python3.8/site-packages/airflow/example_dags/example_short_circuit_decorator.py for tasks to queue
[2024-04-24T05:36:14.177+0000] {logging_mixin.py:188} INFO - [2024-04-24T05:36:14.176+0000] {dagbag.py:540} INFO - Filling up the DagBag from /home/airflow/.local/lib/python3.8/site-packages/airflow/example_dags/example_short_circuit_decorator.py
[2024-04-24T05:36:14.182+0000] {processor.py:840} INFO - DAG(s) 'example_short_circuit_decorator' retrieved from /home/airflow/.local/lib/python3.8/site-packages/airflow/example_dags/example_short_circuit_decorator.py
[2024-04-24T05:36:14.194+0000] {logging_mixin.py:188} INFO - [2024-04-24T05:36:14.194+0000] {dag.py:3047} INFO - Sync 1 DAGs
[2024-04-24T05:36:14.205+0000] {logging_mixin.py:188} INFO - [2024-04-24T05:36:14.205+0000] {dag.py:3834} INFO - Setting next_dagrun for example_short_circuit_decorator to 2024-04-23 00:00:00+00:00, run_after=2024-04-24 00:00:00+00:00
[2024-04-24T05:36:14.215+0000] {processor.py:183} INFO - Processing /home/airflow/.local/lib/python3.8/site-packages/airflow/example_dags/example_short_circuit_decorator.py took 0.041 seconds
[2024-04-24T05:36:44.673+0000] {processor.py:161} INFO - Started process (PID=2959) to work on /home/airflow/.local/lib/python3.8/site-packages/airflow/example_dags/example_short_circuit_decorator.py
[2024-04-24T05:36:44.673+0000] {processor.py:830} INFO - Processing file /home/airflow/.local/lib/python3.8/site-packages/airflow/example_dags/example_short_circuit_decorator.py for tasks to queue
[2024-04-24T05:36:44.674+0000] {logging_mixin.py:188} INFO - [2024-04-24T05:36:44.674+0000] {dagbag.py:540} INFO - Filling up the DagBag from /home/airflow/.local/lib/python3.8/site-packages/airflow/example_dags/example_short_circuit_decorator.py
[2024-04-24T05:36:44.679+0000] {processor.py:840} INFO - DAG(s) 'example_short_circuit_decorator' retrieved from /home/airflow/.local/lib/python3.8/site-packages/airflow/example_dags/example_short_circuit_decorator.py
[2024-04-24T05:36:44.691+0000] {logging_mixin.py:188} INFO - [2024-04-24T05:36:44.691+0000] {dag.py:3047} INFO - Sync 1 DAGs
[2024-04-24T05:36:44.702+0000] {logging_mixin.py:188} INFO - [2024-04-24T05:36:44.702+0000] {dag.py:3834} INFO - Setting next_dagrun for example_short_circuit_decorator to 2024-04-23 00:00:00+00:00, run_after=2024-04-24 00:00:00+00:00
[2024-04-24T05:36:44.712+0000] {processor.py:183} INFO - Processing /home/airflow/.local/lib/python3.8/site-packages/airflow/example_dags/example_short_circuit_decorator.py took 0.042 seconds
[2024-04-24T05:37:15.256+0000] {processor.py:161} INFO - Started process (PID=3014) to work on /home/airflow/.local/lib/python3.8/site-packages/airflow/example_dags/example_short_circuit_decorator.py
[2024-04-24T05:37:15.257+0000] {processor.py:830} INFO - Processing file /home/airflow/.local/lib/python3.8/site-packages/airflow/example_dags/example_short_circuit_decorator.py for tasks to queue
[2024-04-24T05:37:15.257+0000] {logging_mixin.py:188} INFO - [2024-04-24T05:37:15.257+0000] {dagbag.py:540} INFO - Filling up the DagBag from /home/airflow/.local/lib/python3.8/site-packages/airflow/example_dags/example_short_circuit_decorator.py
[2024-04-24T05:37:15.263+0000] {processor.py:840} INFO - DAG(s) 'example_short_circuit_decorator' retrieved from /home/airflow/.local/lib/python3.8/site-packages/airflow/example_dags/example_short_circuit_decorator.py
[2024-04-24T05:37:15.274+0000] {logging_mixin.py:188} INFO - [2024-04-24T05:37:15.274+0000] {dag.py:3047} INFO - Sync 1 DAGs
[2024-04-24T05:37:15.285+0000] {logging_mixin.py:188} INFO - [2024-04-24T05:37:15.285+0000] {dag.py:3834} INFO - Setting next_dagrun for example_short_circuit_decorator to 2024-04-23 00:00:00+00:00, run_after=2024-04-24 00:00:00+00:00
[2024-04-24T05:37:15.294+0000] {processor.py:183} INFO - Processing /home/airflow/.local/lib/python3.8/site-packages/airflow/example_dags/example_short_circuit_decorator.py took 0.040 seconds
[2024-04-24T05:37:45.850+0000] {processor.py:161} INFO - Started process (PID=3069) to work on /home/airflow/.local/lib/python3.8/site-packages/airflow/example_dags/example_short_circuit_decorator.py
[2024-04-24T05:37:45.851+0000] {processor.py:830} INFO - Processing file /home/airflow/.local/lib/python3.8/site-packages/airflow/example_dags/example_short_circuit_decorator.py for tasks to queue
[2024-04-24T05:37:45.851+0000] {logging_mixin.py:188} INFO - [2024-04-24T05:37:45.851+0000] {dagbag.py:540} INFO - Filling up the DagBag from /home/airflow/.local/lib/python3.8/site-packages/airflow/example_dags/example_short_circuit_decorator.py
[2024-04-24T05:37:45.857+0000] {processor.py:840} INFO - DAG(s) 'example_short_circuit_decorator' retrieved from /home/airflow/.local/lib/python3.8/site-packages/airflow/example_dags/example_short_circuit_decorator.py
[2024-04-24T05:37:45.869+0000] {logging_mixin.py:188} INFO - [2024-04-24T05:37:45.869+0000] {dag.py:3047} INFO - Sync 1 DAGs
[2024-04-24T05:37:45.880+0000] {logging_mixin.py:188} INFO - [2024-04-24T05:37:45.880+0000] {dag.py:3834} INFO - Setting next_dagrun for example_short_circuit_decorator to 2024-04-23 00:00:00+00:00, run_after=2024-04-24 00:00:00+00:00
[2024-04-24T05:37:45.889+0000] {processor.py:183} INFO - Processing /home/airflow/.local/lib/python3.8/site-packages/airflow/example_dags/example_short_circuit_decorator.py took 0.041 seconds
[2024-04-24T05:38:16.331+0000] {processor.py:161} INFO - Started process (PID=3124) to work on /home/airflow/.local/lib/python3.8/site-packages/airflow/example_dags/example_short_circuit_decorator.py
[2024-04-24T05:38:16.331+0000] {processor.py:830} INFO - Processing file /home/airflow/.local/lib/python3.8/site-packages/airflow/example_dags/example_short_circuit_decorator.py for tasks to queue
[2024-04-24T05:38:16.332+0000] {logging_mixin.py:188} INFO - [2024-04-24T05:38:16.332+0000] {dagbag.py:540} INFO - Filling up the DagBag from /home/airflow/.local/lib/python3.8/site-packages/airflow/example_dags/example_short_circuit_decorator.py
[2024-04-24T05:38:16.338+0000] {processor.py:840} INFO - DAG(s) 'example_short_circuit_decorator' retrieved from /home/airflow/.local/lib/python3.8/site-packages/airflow/example_dags/example_short_circuit_decorator.py
[2024-04-24T05:38:16.350+0000] {logging_mixin.py:188} INFO - [2024-04-24T05:38:16.349+0000] {dag.py:3047} INFO - Sync 1 DAGs
[2024-04-24T05:38:16.361+0000] {logging_mixin.py:188} INFO - [2024-04-24T05:38:16.361+0000] {dag.py:3834} INFO - Setting next_dagrun for example_short_circuit_decorator to 2024-04-23 00:00:00+00:00, run_after=2024-04-24 00:00:00+00:00
[2024-04-24T05:38:16.370+0000] {processor.py:183} INFO - Processing /home/airflow/.local/lib/python3.8/site-packages/airflow/example_dags/example_short_circuit_decorator.py took 0.041 seconds
[2024-04-24T05:40:51.145+0000] {processor.py:161} INFO - Started process (PID=72) to work on /home/airflow/.local/lib/python3.8/site-packages/airflow/example_dags/example_short_circuit_decorator.py
[2024-04-24T05:40:51.146+0000] {processor.py:830} INFO - Processing file /home/airflow/.local/lib/python3.8/site-packages/airflow/example_dags/example_short_circuit_decorator.py for tasks to queue
[2024-04-24T05:40:51.147+0000] {logging_mixin.py:188} INFO - [2024-04-24T05:40:51.147+0000] {dagbag.py:540} INFO - Filling up the DagBag from /home/airflow/.local/lib/python3.8/site-packages/airflow/example_dags/example_short_circuit_decorator.py
[2024-04-24T05:40:51.154+0000] {processor.py:840} INFO - DAG(s) 'example_short_circuit_decorator' retrieved from /home/airflow/.local/lib/python3.8/site-packages/airflow/example_dags/example_short_circuit_decorator.py
[2024-04-24T05:40:51.160+0000] {logging_mixin.py:188} INFO - [2024-04-24T05:40:51.160+0000] {dag.py:3047} INFO - Sync 1 DAGs
[2024-04-24T05:40:51.173+0000] {logging_mixin.py:188} INFO - [2024-04-24T05:40:51.173+0000] {dag.py:3834} INFO - Setting next_dagrun for example_short_circuit_decorator to 2024-04-23 00:00:00+00:00, run_after=2024-04-24 00:00:00+00:00
[2024-04-24T05:40:51.184+0000] {processor.py:183} INFO - Processing /home/airflow/.local/lib/python3.8/site-packages/airflow/example_dags/example_short_circuit_decorator.py took 0.041 seconds
[2024-04-24T05:41:22.141+0000] {processor.py:161} INFO - Started process (PID=127) to work on /home/airflow/.local/lib/python3.8/site-packages/airflow/example_dags/example_short_circuit_decorator.py
[2024-04-24T05:41:22.141+0000] {processor.py:830} INFO - Processing file /home/airflow/.local/lib/python3.8/site-packages/airflow/example_dags/example_short_circuit_decorator.py for tasks to queue
[2024-04-24T05:41:22.142+0000] {logging_mixin.py:188} INFO - [2024-04-24T05:41:22.142+0000] {dagbag.py:540} INFO - Filling up the DagBag from /home/airflow/.local/lib/python3.8/site-packages/airflow/example_dags/example_short_circuit_decorator.py
[2024-04-24T05:41:22.148+0000] {processor.py:840} INFO - DAG(s) 'example_short_circuit_decorator' retrieved from /home/airflow/.local/lib/python3.8/site-packages/airflow/example_dags/example_short_circuit_decorator.py
[2024-04-24T05:41:22.201+0000] {logging_mixin.py:188} INFO - [2024-04-24T05:41:22.201+0000] {dag.py:3047} INFO - Sync 1 DAGs
[2024-04-24T05:41:22.211+0000] {logging_mixin.py:188} INFO - [2024-04-24T05:41:22.211+0000] {dag.py:3834} INFO - Setting next_dagrun for example_short_circuit_decorator to 2024-04-23 00:00:00+00:00, run_after=2024-04-24 00:00:00+00:00
[2024-04-24T05:41:22.221+0000] {processor.py:183} INFO - Processing /home/airflow/.local/lib/python3.8/site-packages/airflow/example_dags/example_short_circuit_decorator.py took 0.082 seconds
