[2024-04-24T05:11:16.349+0000] {processor.py:161} INFO - Started process (PID=93) to work on /home/airflow/.local/lib/python3.8/site-packages/airflow/example_dags/example_python_decorator.py
[2024-04-24T05:11:16.350+0000] {processor.py:830} INFO - Processing file /home/airflow/.local/lib/python3.8/site-packages/airflow/example_dags/example_python_decorator.py for tasks to queue
[2024-04-24T05:11:16.351+0000] {logging_mixin.py:188} INFO - [2024-04-24T05:11:16.350+0000] {dagbag.py:540} INFO - Filling up the DagBag from /home/airflow/.local/lib/python3.8/site-packages/airflow/example_dags/example_python_decorator.py
[2024-04-24T05:11:16.359+0000] {processor.py:840} INFO - DAG(s) 'example_python_decorator' retrieved from /home/airflow/.local/lib/python3.8/site-packages/airflow/example_dags/example_python_decorator.py
[2024-04-24T05:11:16.412+0000] {logging_mixin.py:188} INFO - [2024-04-24T05:11:16.412+0000] {dag.py:3047} INFO - Sync 1 DAGs
[2024-04-24T05:11:16.418+0000] {logging_mixin.py:188} INFO - [2024-04-24T05:11:16.418+0000] {dag.py:3834} INFO - Setting next_dagrun for example_python_decorator to None, run_after=None
[2024-04-24T05:11:16.430+0000] {processor.py:183} INFO - Processing /home/airflow/.local/lib/python3.8/site-packages/airflow/example_dags/example_python_decorator.py took 0.083 seconds
[2024-04-24T05:11:46.852+0000] {processor.py:161} INFO - Started process (PID=151) to work on /home/airflow/.local/lib/python3.8/site-packages/airflow/example_dags/example_python_decorator.py
[2024-04-24T05:11:46.853+0000] {processor.py:830} INFO - Processing file /home/airflow/.local/lib/python3.8/site-packages/airflow/example_dags/example_python_decorator.py for tasks to queue
[2024-04-24T05:11:46.854+0000] {logging_mixin.py:188} INFO - [2024-04-24T05:11:46.854+0000] {dagbag.py:540} INFO - Filling up the DagBag from /home/airflow/.local/lib/python3.8/site-packages/airflow/example_dags/example_python_decorator.py
[2024-04-24T05:11:46.861+0000] {processor.py:840} INFO - DAG(s) 'example_python_decorator' retrieved from /home/airflow/.local/lib/python3.8/site-packages/airflow/example_dags/example_python_decorator.py
[2024-04-24T05:11:46.872+0000] {logging_mixin.py:188} INFO - [2024-04-24T05:11:46.872+0000] {dag.py:3047} INFO - Sync 1 DAGs
[2024-04-24T05:11:46.879+0000] {logging_mixin.py:188} INFO - [2024-04-24T05:11:46.879+0000] {dag.py:3834} INFO - Setting next_dagrun for example_python_decorator to None, run_after=None
[2024-04-24T05:11:46.889+0000] {processor.py:183} INFO - Processing /home/airflow/.local/lib/python3.8/site-packages/airflow/example_dags/example_python_decorator.py took 0.039 seconds
[2024-04-24T05:12:17.467+0000] {processor.py:161} INFO - Started process (PID=209) to work on /home/airflow/.local/lib/python3.8/site-packages/airflow/example_dags/example_python_decorator.py
[2024-04-24T05:12:17.468+0000] {processor.py:830} INFO - Processing file /home/airflow/.local/lib/python3.8/site-packages/airflow/example_dags/example_python_decorator.py for tasks to queue
[2024-04-24T05:12:17.469+0000] {logging_mixin.py:188} INFO - [2024-04-24T05:12:17.468+0000] {dagbag.py:540} INFO - Filling up the DagBag from /home/airflow/.local/lib/python3.8/site-packages/airflow/example_dags/example_python_decorator.py
[2024-04-24T05:12:17.475+0000] {processor.py:840} INFO - DAG(s) 'example_python_decorator' retrieved from /home/airflow/.local/lib/python3.8/site-packages/airflow/example_dags/example_python_decorator.py
[2024-04-24T05:12:17.487+0000] {logging_mixin.py:188} INFO - [2024-04-24T05:12:17.486+0000] {dag.py:3047} INFO - Sync 1 DAGs
[2024-04-24T05:12:17.493+0000] {logging_mixin.py:188} INFO - [2024-04-24T05:12:17.493+0000] {dag.py:3834} INFO - Setting next_dagrun for example_python_decorator to None, run_after=None
[2024-04-24T05:12:17.503+0000] {processor.py:183} INFO - Processing /home/airflow/.local/lib/python3.8/site-packages/airflow/example_dags/example_python_decorator.py took 0.038 seconds
[2024-04-24T05:12:48.280+0000] {processor.py:161} INFO - Started process (PID=267) to work on /home/airflow/.local/lib/python3.8/site-packages/airflow/example_dags/example_python_decorator.py
[2024-04-24T05:12:48.280+0000] {processor.py:830} INFO - Processing file /home/airflow/.local/lib/python3.8/site-packages/airflow/example_dags/example_python_decorator.py for tasks to queue
[2024-04-24T05:12:48.281+0000] {logging_mixin.py:188} INFO - [2024-04-24T05:12:48.281+0000] {dagbag.py:540} INFO - Filling up the DagBag from /home/airflow/.local/lib/python3.8/site-packages/airflow/example_dags/example_python_decorator.py
[2024-04-24T05:12:48.289+0000] {processor.py:840} INFO - DAG(s) 'example_python_decorator' retrieved from /home/airflow/.local/lib/python3.8/site-packages/airflow/example_dags/example_python_decorator.py
[2024-04-24T05:12:48.302+0000] {logging_mixin.py:188} INFO - [2024-04-24T05:12:48.302+0000] {dag.py:3047} INFO - Sync 1 DAGs
[2024-04-24T05:12:48.309+0000] {logging_mixin.py:188} INFO - [2024-04-24T05:12:48.308+0000] {dag.py:3834} INFO - Setting next_dagrun for example_python_decorator to None, run_after=None
[2024-04-24T05:12:48.321+0000] {processor.py:183} INFO - Processing /home/airflow/.local/lib/python3.8/site-packages/airflow/example_dags/example_python_decorator.py took 0.043 seconds
[2024-04-24T05:13:18.849+0000] {processor.py:161} INFO - Started process (PID=325) to work on /home/airflow/.local/lib/python3.8/site-packages/airflow/example_dags/example_python_decorator.py
[2024-04-24T05:13:18.849+0000] {processor.py:830} INFO - Processing file /home/airflow/.local/lib/python3.8/site-packages/airflow/example_dags/example_python_decorator.py for tasks to queue
[2024-04-24T05:13:18.850+0000] {logging_mixin.py:188} INFO - [2024-04-24T05:13:18.850+0000] {dagbag.py:540} INFO - Filling up the DagBag from /home/airflow/.local/lib/python3.8/site-packages/airflow/example_dags/example_python_decorator.py
[2024-04-24T05:13:18.857+0000] {processor.py:840} INFO - DAG(s) 'example_python_decorator' retrieved from /home/airflow/.local/lib/python3.8/site-packages/airflow/example_dags/example_python_decorator.py
[2024-04-24T05:13:18.868+0000] {logging_mixin.py:188} INFO - [2024-04-24T05:13:18.868+0000] {dag.py:3047} INFO - Sync 1 DAGs
[2024-04-24T05:13:18.875+0000] {logging_mixin.py:188} INFO - [2024-04-24T05:13:18.875+0000] {dag.py:3834} INFO - Setting next_dagrun for example_python_decorator to None, run_after=None
[2024-04-24T05:13:18.884+0000] {processor.py:183} INFO - Processing /home/airflow/.local/lib/python3.8/site-packages/airflow/example_dags/example_python_decorator.py took 0.037 seconds
[2024-04-24T05:13:49.741+0000] {processor.py:161} INFO - Started process (PID=383) to work on /home/airflow/.local/lib/python3.8/site-packages/airflow/example_dags/example_python_decorator.py
[2024-04-24T05:13:49.742+0000] {processor.py:830} INFO - Processing file /home/airflow/.local/lib/python3.8/site-packages/airflow/example_dags/example_python_decorator.py for tasks to queue
[2024-04-24T05:13:49.743+0000] {logging_mixin.py:188} INFO - [2024-04-24T05:13:49.743+0000] {dagbag.py:540} INFO - Filling up the DagBag from /home/airflow/.local/lib/python3.8/site-packages/airflow/example_dags/example_python_decorator.py
[2024-04-24T05:13:49.750+0000] {processor.py:840} INFO - DAG(s) 'example_python_decorator' retrieved from /home/airflow/.local/lib/python3.8/site-packages/airflow/example_dags/example_python_decorator.py
[2024-04-24T05:13:49.761+0000] {logging_mixin.py:188} INFO - [2024-04-24T05:13:49.761+0000] {dag.py:3047} INFO - Sync 1 DAGs
[2024-04-24T05:13:49.768+0000] {logging_mixin.py:188} INFO - [2024-04-24T05:13:49.768+0000] {dag.py:3834} INFO - Setting next_dagrun for example_python_decorator to None, run_after=None
[2024-04-24T05:13:49.778+0000] {processor.py:183} INFO - Processing /home/airflow/.local/lib/python3.8/site-packages/airflow/example_dags/example_python_decorator.py took 0.038 seconds
[2024-04-24T05:14:20.224+0000] {processor.py:161} INFO - Started process (PID=441) to work on /home/airflow/.local/lib/python3.8/site-packages/airflow/example_dags/example_python_decorator.py
[2024-04-24T05:14:20.224+0000] {processor.py:830} INFO - Processing file /home/airflow/.local/lib/python3.8/site-packages/airflow/example_dags/example_python_decorator.py for tasks to queue
[2024-04-24T05:14:20.225+0000] {logging_mixin.py:188} INFO - [2024-04-24T05:14:20.225+0000] {dagbag.py:540} INFO - Filling up the DagBag from /home/airflow/.local/lib/python3.8/site-packages/airflow/example_dags/example_python_decorator.py
[2024-04-24T05:14:20.232+0000] {processor.py:840} INFO - DAG(s) 'example_python_decorator' retrieved from /home/airflow/.local/lib/python3.8/site-packages/airflow/example_dags/example_python_decorator.py
[2024-04-24T05:14:20.244+0000] {logging_mixin.py:188} INFO - [2024-04-24T05:14:20.244+0000] {dag.py:3047} INFO - Sync 1 DAGs
[2024-04-24T05:14:20.250+0000] {logging_mixin.py:188} INFO - [2024-04-24T05:14:20.250+0000] {dag.py:3834} INFO - Setting next_dagrun for example_python_decorator to None, run_after=None
[2024-04-24T05:14:20.260+0000] {processor.py:183} INFO - Processing /home/airflow/.local/lib/python3.8/site-packages/airflow/example_dags/example_python_decorator.py took 0.038 seconds
[2024-04-24T05:14:50.900+0000] {processor.py:161} INFO - Started process (PID=499) to work on /home/airflow/.local/lib/python3.8/site-packages/airflow/example_dags/example_python_decorator.py
[2024-04-24T05:14:50.901+0000] {processor.py:830} INFO - Processing file /home/airflow/.local/lib/python3.8/site-packages/airflow/example_dags/example_python_decorator.py for tasks to queue
[2024-04-24T05:14:50.902+0000] {logging_mixin.py:188} INFO - [2024-04-24T05:14:50.902+0000] {dagbag.py:540} INFO - Filling up the DagBag from /home/airflow/.local/lib/python3.8/site-packages/airflow/example_dags/example_python_decorator.py
[2024-04-24T05:14:50.909+0000] {processor.py:840} INFO - DAG(s) 'example_python_decorator' retrieved from /home/airflow/.local/lib/python3.8/site-packages/airflow/example_dags/example_python_decorator.py
[2024-04-24T05:14:50.920+0000] {logging_mixin.py:188} INFO - [2024-04-24T05:14:50.920+0000] {dag.py:3047} INFO - Sync 1 DAGs
[2024-04-24T05:14:50.927+0000] {logging_mixin.py:188} INFO - [2024-04-24T05:14:50.927+0000] {dag.py:3834} INFO - Setting next_dagrun for example_python_decorator to None, run_after=None
[2024-04-24T05:14:50.937+0000] {processor.py:183} INFO - Processing /home/airflow/.local/lib/python3.8/site-packages/airflow/example_dags/example_python_decorator.py took 0.038 seconds
[2024-04-24T05:15:21.462+0000] {processor.py:161} INFO - Started process (PID=558) to work on /home/airflow/.local/lib/python3.8/site-packages/airflow/example_dags/example_python_decorator.py
[2024-04-24T05:15:21.462+0000] {processor.py:830} INFO - Processing file /home/airflow/.local/lib/python3.8/site-packages/airflow/example_dags/example_python_decorator.py for tasks to queue
[2024-04-24T05:15:21.463+0000] {logging_mixin.py:188} INFO - [2024-04-24T05:15:21.463+0000] {dagbag.py:540} INFO - Filling up the DagBag from /home/airflow/.local/lib/python3.8/site-packages/airflow/example_dags/example_python_decorator.py
[2024-04-24T05:15:21.470+0000] {processor.py:840} INFO - DAG(s) 'example_python_decorator' retrieved from /home/airflow/.local/lib/python3.8/site-packages/airflow/example_dags/example_python_decorator.py
[2024-04-24T05:15:21.481+0000] {logging_mixin.py:188} INFO - [2024-04-24T05:15:21.481+0000] {dag.py:3047} INFO - Sync 1 DAGs
[2024-04-24T05:15:21.487+0000] {logging_mixin.py:188} INFO - [2024-04-24T05:15:21.487+0000] {dag.py:3834} INFO - Setting next_dagrun for example_python_decorator to None, run_after=None
[2024-04-24T05:15:21.498+0000] {processor.py:183} INFO - Processing /home/airflow/.local/lib/python3.8/site-packages/airflow/example_dags/example_python_decorator.py took 0.038 seconds
[2024-04-24T05:15:51.906+0000] {processor.py:161} INFO - Started process (PID=616) to work on /home/airflow/.local/lib/python3.8/site-packages/airflow/example_dags/example_python_decorator.py
[2024-04-24T05:15:51.906+0000] {processor.py:830} INFO - Processing file /home/airflow/.local/lib/python3.8/site-packages/airflow/example_dags/example_python_decorator.py for tasks to queue
[2024-04-24T05:15:51.907+0000] {logging_mixin.py:188} INFO - [2024-04-24T05:15:51.907+0000] {dagbag.py:540} INFO - Filling up the DagBag from /home/airflow/.local/lib/python3.8/site-packages/airflow/example_dags/example_python_decorator.py
[2024-04-24T05:15:51.914+0000] {processor.py:840} INFO - DAG(s) 'example_python_decorator' retrieved from /home/airflow/.local/lib/python3.8/site-packages/airflow/example_dags/example_python_decorator.py
[2024-04-24T05:15:51.926+0000] {logging_mixin.py:188} INFO - [2024-04-24T05:15:51.925+0000] {dag.py:3047} INFO - Sync 1 DAGs
[2024-04-24T05:15:51.932+0000] {logging_mixin.py:188} INFO - [2024-04-24T05:15:51.932+0000] {dag.py:3834} INFO - Setting next_dagrun for example_python_decorator to None, run_after=None
[2024-04-24T05:15:51.941+0000] {processor.py:183} INFO - Processing /home/airflow/.local/lib/python3.8/site-packages/airflow/example_dags/example_python_decorator.py took 0.037 seconds
[2024-04-24T05:16:22.449+0000] {processor.py:161} INFO - Started process (PID=674) to work on /home/airflow/.local/lib/python3.8/site-packages/airflow/example_dags/example_python_decorator.py
[2024-04-24T05:16:22.450+0000] {processor.py:830} INFO - Processing file /home/airflow/.local/lib/python3.8/site-packages/airflow/example_dags/example_python_decorator.py for tasks to queue
[2024-04-24T05:16:22.451+0000] {logging_mixin.py:188} INFO - [2024-04-24T05:16:22.451+0000] {dagbag.py:540} INFO - Filling up the DagBag from /home/airflow/.local/lib/python3.8/site-packages/airflow/example_dags/example_python_decorator.py
[2024-04-24T05:16:22.458+0000] {processor.py:840} INFO - DAG(s) 'example_python_decorator' retrieved from /home/airflow/.local/lib/python3.8/site-packages/airflow/example_dags/example_python_decorator.py
[2024-04-24T05:16:22.470+0000] {logging_mixin.py:188} INFO - [2024-04-24T05:16:22.470+0000] {dag.py:3047} INFO - Sync 1 DAGs
[2024-04-24T05:16:22.477+0000] {logging_mixin.py:188} INFO - [2024-04-24T05:16:22.477+0000] {dag.py:3834} INFO - Setting next_dagrun for example_python_decorator to None, run_after=None
[2024-04-24T05:16:22.488+0000] {processor.py:183} INFO - Processing /home/airflow/.local/lib/python3.8/site-packages/airflow/example_dags/example_python_decorator.py took 0.041 seconds
[2024-04-24T05:16:53.017+0000] {processor.py:161} INFO - Started process (PID=732) to work on /home/airflow/.local/lib/python3.8/site-packages/airflow/example_dags/example_python_decorator.py
[2024-04-24T05:16:53.018+0000] {processor.py:830} INFO - Processing file /home/airflow/.local/lib/python3.8/site-packages/airflow/example_dags/example_python_decorator.py for tasks to queue
[2024-04-24T05:16:53.019+0000] {logging_mixin.py:188} INFO - [2024-04-24T05:16:53.019+0000] {dagbag.py:540} INFO - Filling up the DagBag from /home/airflow/.local/lib/python3.8/site-packages/airflow/example_dags/example_python_decorator.py
[2024-04-24T05:16:53.026+0000] {processor.py:840} INFO - DAG(s) 'example_python_decorator' retrieved from /home/airflow/.local/lib/python3.8/site-packages/airflow/example_dags/example_python_decorator.py
[2024-04-24T05:16:53.037+0000] {logging_mixin.py:188} INFO - [2024-04-24T05:16:53.037+0000] {dag.py:3047} INFO - Sync 1 DAGs
[2024-04-24T05:16:53.043+0000] {logging_mixin.py:188} INFO - [2024-04-24T05:16:53.043+0000] {dag.py:3834} INFO - Setting next_dagrun for example_python_decorator to None, run_after=None
[2024-04-24T05:16:53.053+0000] {processor.py:183} INFO - Processing /home/airflow/.local/lib/python3.8/site-packages/airflow/example_dags/example_python_decorator.py took 0.037 seconds
[2024-04-24T05:17:23.521+0000] {processor.py:161} INFO - Started process (PID=790) to work on /home/airflow/.local/lib/python3.8/site-packages/airflow/example_dags/example_python_decorator.py
[2024-04-24T05:17:23.522+0000] {processor.py:830} INFO - Processing file /home/airflow/.local/lib/python3.8/site-packages/airflow/example_dags/example_python_decorator.py for tasks to queue
[2024-04-24T05:17:23.523+0000] {logging_mixin.py:188} INFO - [2024-04-24T05:17:23.523+0000] {dagbag.py:540} INFO - Filling up the DagBag from /home/airflow/.local/lib/python3.8/site-packages/airflow/example_dags/example_python_decorator.py
[2024-04-24T05:17:23.530+0000] {processor.py:840} INFO - DAG(s) 'example_python_decorator' retrieved from /home/airflow/.local/lib/python3.8/site-packages/airflow/example_dags/example_python_decorator.py
[2024-04-24T05:17:23.542+0000] {logging_mixin.py:188} INFO - [2024-04-24T05:17:23.542+0000] {dag.py:3047} INFO - Sync 1 DAGs
[2024-04-24T05:17:23.549+0000] {logging_mixin.py:188} INFO - [2024-04-24T05:17:23.549+0000] {dag.py:3834} INFO - Setting next_dagrun for example_python_decorator to None, run_after=None
[2024-04-24T05:17:23.559+0000] {processor.py:183} INFO - Processing /home/airflow/.local/lib/python3.8/site-packages/airflow/example_dags/example_python_decorator.py took 0.040 seconds
[2024-04-24T05:17:54.134+0000] {processor.py:161} INFO - Started process (PID=848) to work on /home/airflow/.local/lib/python3.8/site-packages/airflow/example_dags/example_python_decorator.py
[2024-04-24T05:17:54.135+0000] {processor.py:830} INFO - Processing file /home/airflow/.local/lib/python3.8/site-packages/airflow/example_dags/example_python_decorator.py for tasks to queue
[2024-04-24T05:17:54.136+0000] {logging_mixin.py:188} INFO - [2024-04-24T05:17:54.135+0000] {dagbag.py:540} INFO - Filling up the DagBag from /home/airflow/.local/lib/python3.8/site-packages/airflow/example_dags/example_python_decorator.py
[2024-04-24T05:17:54.143+0000] {processor.py:840} INFO - DAG(s) 'example_python_decorator' retrieved from /home/airflow/.local/lib/python3.8/site-packages/airflow/example_dags/example_python_decorator.py
[2024-04-24T05:17:54.155+0000] {logging_mixin.py:188} INFO - [2024-04-24T05:17:54.155+0000] {dag.py:3047} INFO - Sync 1 DAGs
[2024-04-24T05:17:54.161+0000] {logging_mixin.py:188} INFO - [2024-04-24T05:17:54.161+0000] {dag.py:3834} INFO - Setting next_dagrun for example_python_decorator to None, run_after=None
[2024-04-24T05:17:54.171+0000] {processor.py:183} INFO - Processing /home/airflow/.local/lib/python3.8/site-packages/airflow/example_dags/example_python_decorator.py took 0.039 seconds
[2024-04-24T05:18:24.904+0000] {processor.py:161} INFO - Started process (PID=906) to work on /home/airflow/.local/lib/python3.8/site-packages/airflow/example_dags/example_python_decorator.py
[2024-04-24T05:18:24.904+0000] {processor.py:830} INFO - Processing file /home/airflow/.local/lib/python3.8/site-packages/airflow/example_dags/example_python_decorator.py for tasks to queue
[2024-04-24T05:18:24.906+0000] {logging_mixin.py:188} INFO - [2024-04-24T05:18:24.905+0000] {dagbag.py:540} INFO - Filling up the DagBag from /home/airflow/.local/lib/python3.8/site-packages/airflow/example_dags/example_python_decorator.py
[2024-04-24T05:18:24.913+0000] {processor.py:840} INFO - DAG(s) 'example_python_decorator' retrieved from /home/airflow/.local/lib/python3.8/site-packages/airflow/example_dags/example_python_decorator.py
[2024-04-24T05:18:24.925+0000] {logging_mixin.py:188} INFO - [2024-04-24T05:18:24.924+0000] {dag.py:3047} INFO - Sync 1 DAGs
[2024-04-24T05:18:24.931+0000] {logging_mixin.py:188} INFO - [2024-04-24T05:18:24.931+0000] {dag.py:3834} INFO - Setting next_dagrun for example_python_decorator to None, run_after=None
[2024-04-24T05:18:24.942+0000] {processor.py:183} INFO - Processing /home/airflow/.local/lib/python3.8/site-packages/airflow/example_dags/example_python_decorator.py took 0.040 seconds
[2024-04-24T05:18:55.392+0000] {processor.py:161} INFO - Started process (PID=964) to work on /home/airflow/.local/lib/python3.8/site-packages/airflow/example_dags/example_python_decorator.py
[2024-04-24T05:18:55.393+0000] {processor.py:830} INFO - Processing file /home/airflow/.local/lib/python3.8/site-packages/airflow/example_dags/example_python_decorator.py for tasks to queue
[2024-04-24T05:18:55.394+0000] {logging_mixin.py:188} INFO - [2024-04-24T05:18:55.394+0000] {dagbag.py:540} INFO - Filling up the DagBag from /home/airflow/.local/lib/python3.8/site-packages/airflow/example_dags/example_python_decorator.py
[2024-04-24T05:18:55.401+0000] {processor.py:840} INFO - DAG(s) 'example_python_decorator' retrieved from /home/airflow/.local/lib/python3.8/site-packages/airflow/example_dags/example_python_decorator.py
[2024-04-24T05:18:55.412+0000] {logging_mixin.py:188} INFO - [2024-04-24T05:18:55.412+0000] {dag.py:3047} INFO - Sync 1 DAGs
[2024-04-24T05:18:55.418+0000] {logging_mixin.py:188} INFO - [2024-04-24T05:18:55.418+0000] {dag.py:3834} INFO - Setting next_dagrun for example_python_decorator to None, run_after=None
[2024-04-24T05:18:55.428+0000] {processor.py:183} INFO - Processing /home/airflow/.local/lib/python3.8/site-packages/airflow/example_dags/example_python_decorator.py took 0.038 seconds
[2024-04-24T05:19:26.042+0000] {processor.py:161} INFO - Started process (PID=1022) to work on /home/airflow/.local/lib/python3.8/site-packages/airflow/example_dags/example_python_decorator.py
[2024-04-24T05:19:26.043+0000] {processor.py:830} INFO - Processing file /home/airflow/.local/lib/python3.8/site-packages/airflow/example_dags/example_python_decorator.py for tasks to queue
[2024-04-24T05:19:26.044+0000] {logging_mixin.py:188} INFO - [2024-04-24T05:19:26.043+0000] {dagbag.py:540} INFO - Filling up the DagBag from /home/airflow/.local/lib/python3.8/site-packages/airflow/example_dags/example_python_decorator.py
[2024-04-24T05:19:26.050+0000] {processor.py:840} INFO - DAG(s) 'example_python_decorator' retrieved from /home/airflow/.local/lib/python3.8/site-packages/airflow/example_dags/example_python_decorator.py
[2024-04-24T05:19:26.062+0000] {logging_mixin.py:188} INFO - [2024-04-24T05:19:26.061+0000] {dag.py:3047} INFO - Sync 1 DAGs
[2024-04-24T05:19:26.068+0000] {logging_mixin.py:188} INFO - [2024-04-24T05:19:26.068+0000] {dag.py:3834} INFO - Setting next_dagrun for example_python_decorator to None, run_after=None
[2024-04-24T05:19:26.077+0000] {processor.py:183} INFO - Processing /home/airflow/.local/lib/python3.8/site-packages/airflow/example_dags/example_python_decorator.py took 0.037 seconds
[2024-04-24T05:19:56.530+0000] {processor.py:161} INFO - Started process (PID=1080) to work on /home/airflow/.local/lib/python3.8/site-packages/airflow/example_dags/example_python_decorator.py
[2024-04-24T05:19:56.531+0000] {processor.py:830} INFO - Processing file /home/airflow/.local/lib/python3.8/site-packages/airflow/example_dags/example_python_decorator.py for tasks to queue
[2024-04-24T05:19:56.532+0000] {logging_mixin.py:188} INFO - [2024-04-24T05:19:56.532+0000] {dagbag.py:540} INFO - Filling up the DagBag from /home/airflow/.local/lib/python3.8/site-packages/airflow/example_dags/example_python_decorator.py
[2024-04-24T05:19:56.539+0000] {processor.py:840} INFO - DAG(s) 'example_python_decorator' retrieved from /home/airflow/.local/lib/python3.8/site-packages/airflow/example_dags/example_python_decorator.py
[2024-04-24T05:19:56.550+0000] {logging_mixin.py:188} INFO - [2024-04-24T05:19:56.550+0000] {dag.py:3047} INFO - Sync 1 DAGs
[2024-04-24T05:19:56.557+0000] {logging_mixin.py:188} INFO - [2024-04-24T05:19:56.557+0000] {dag.py:3834} INFO - Setting next_dagrun for example_python_decorator to None, run_after=None
[2024-04-24T05:19:56.568+0000] {processor.py:183} INFO - Processing /home/airflow/.local/lib/python3.8/site-packages/airflow/example_dags/example_python_decorator.py took 0.039 seconds
[2024-04-24T05:20:27.212+0000] {processor.py:161} INFO - Started process (PID=1138) to work on /home/airflow/.local/lib/python3.8/site-packages/airflow/example_dags/example_python_decorator.py
[2024-04-24T05:20:27.213+0000] {processor.py:830} INFO - Processing file /home/airflow/.local/lib/python3.8/site-packages/airflow/example_dags/example_python_decorator.py for tasks to queue
[2024-04-24T05:20:27.214+0000] {logging_mixin.py:188} INFO - [2024-04-24T05:20:27.213+0000] {dagbag.py:540} INFO - Filling up the DagBag from /home/airflow/.local/lib/python3.8/site-packages/airflow/example_dags/example_python_decorator.py
[2024-04-24T05:20:27.220+0000] {processor.py:840} INFO - DAG(s) 'example_python_decorator' retrieved from /home/airflow/.local/lib/python3.8/site-packages/airflow/example_dags/example_python_decorator.py
[2024-04-24T05:20:27.232+0000] {logging_mixin.py:188} INFO - [2024-04-24T05:20:27.232+0000] {dag.py:3047} INFO - Sync 1 DAGs
[2024-04-24T05:20:27.238+0000] {logging_mixin.py:188} INFO - [2024-04-24T05:20:27.238+0000] {dag.py:3834} INFO - Setting next_dagrun for example_python_decorator to None, run_after=None
[2024-04-24T05:20:27.248+0000] {processor.py:183} INFO - Processing /home/airflow/.local/lib/python3.8/site-packages/airflow/example_dags/example_python_decorator.py took 0.038 seconds
[2024-04-24T05:20:57.662+0000] {processor.py:161} INFO - Started process (PID=1196) to work on /home/airflow/.local/lib/python3.8/site-packages/airflow/example_dags/example_python_decorator.py
[2024-04-24T05:20:57.662+0000] {processor.py:830} INFO - Processing file /home/airflow/.local/lib/python3.8/site-packages/airflow/example_dags/example_python_decorator.py for tasks to queue
[2024-04-24T05:20:57.663+0000] {logging_mixin.py:188} INFO - [2024-04-24T05:20:57.663+0000] {dagbag.py:540} INFO - Filling up the DagBag from /home/airflow/.local/lib/python3.8/site-packages/airflow/example_dags/example_python_decorator.py
[2024-04-24T05:20:57.670+0000] {processor.py:840} INFO - DAG(s) 'example_python_decorator' retrieved from /home/airflow/.local/lib/python3.8/site-packages/airflow/example_dags/example_python_decorator.py
[2024-04-24T05:20:57.681+0000] {logging_mixin.py:188} INFO - [2024-04-24T05:20:57.681+0000] {dag.py:3047} INFO - Sync 1 DAGs
[2024-04-24T05:20:57.688+0000] {logging_mixin.py:188} INFO - [2024-04-24T05:20:57.687+0000] {dag.py:3834} INFO - Setting next_dagrun for example_python_decorator to None, run_after=None
[2024-04-24T05:20:57.697+0000] {processor.py:183} INFO - Processing /home/airflow/.local/lib/python3.8/site-packages/airflow/example_dags/example_python_decorator.py took 0.037 seconds
[2024-04-24T05:21:28.181+0000] {processor.py:161} INFO - Started process (PID=1254) to work on /home/airflow/.local/lib/python3.8/site-packages/airflow/example_dags/example_python_decorator.py
[2024-04-24T05:21:28.182+0000] {processor.py:830} INFO - Processing file /home/airflow/.local/lib/python3.8/site-packages/airflow/example_dags/example_python_decorator.py for tasks to queue
[2024-04-24T05:21:28.183+0000] {logging_mixin.py:188} INFO - [2024-04-24T05:21:28.183+0000] {dagbag.py:540} INFO - Filling up the DagBag from /home/airflow/.local/lib/python3.8/site-packages/airflow/example_dags/example_python_decorator.py
[2024-04-24T05:21:28.190+0000] {processor.py:840} INFO - DAG(s) 'example_python_decorator' retrieved from /home/airflow/.local/lib/python3.8/site-packages/airflow/example_dags/example_python_decorator.py
[2024-04-24T05:21:28.201+0000] {logging_mixin.py:188} INFO - [2024-04-24T05:21:28.201+0000] {dag.py:3047} INFO - Sync 1 DAGs
[2024-04-24T05:21:28.207+0000] {logging_mixin.py:188} INFO - [2024-04-24T05:21:28.207+0000] {dag.py:3834} INFO - Setting next_dagrun for example_python_decorator to None, run_after=None
[2024-04-24T05:21:28.217+0000] {processor.py:183} INFO - Processing /home/airflow/.local/lib/python3.8/site-packages/airflow/example_dags/example_python_decorator.py took 0.038 seconds
[2024-04-24T05:21:58.654+0000] {processor.py:161} INFO - Started process (PID=1312) to work on /home/airflow/.local/lib/python3.8/site-packages/airflow/example_dags/example_python_decorator.py
[2024-04-24T05:21:58.655+0000] {processor.py:830} INFO - Processing file /home/airflow/.local/lib/python3.8/site-packages/airflow/example_dags/example_python_decorator.py for tasks to queue
[2024-04-24T05:21:58.656+0000] {logging_mixin.py:188} INFO - [2024-04-24T05:21:58.656+0000] {dagbag.py:540} INFO - Filling up the DagBag from /home/airflow/.local/lib/python3.8/site-packages/airflow/example_dags/example_python_decorator.py
[2024-04-24T05:21:58.663+0000] {processor.py:840} INFO - DAG(s) 'example_python_decorator' retrieved from /home/airflow/.local/lib/python3.8/site-packages/airflow/example_dags/example_python_decorator.py
[2024-04-24T05:21:58.674+0000] {logging_mixin.py:188} INFO - [2024-04-24T05:21:58.674+0000] {dag.py:3047} INFO - Sync 1 DAGs
[2024-04-24T05:21:58.680+0000] {logging_mixin.py:188} INFO - [2024-04-24T05:21:58.680+0000] {dag.py:3834} INFO - Setting next_dagrun for example_python_decorator to None, run_after=None
[2024-04-24T05:21:58.689+0000] {processor.py:183} INFO - Processing /home/airflow/.local/lib/python3.8/site-packages/airflow/example_dags/example_python_decorator.py took 0.037 seconds
[2024-04-24T05:22:29.229+0000] {processor.py:161} INFO - Started process (PID=1370) to work on /home/airflow/.local/lib/python3.8/site-packages/airflow/example_dags/example_python_decorator.py
[2024-04-24T05:22:29.229+0000] {processor.py:830} INFO - Processing file /home/airflow/.local/lib/python3.8/site-packages/airflow/example_dags/example_python_decorator.py for tasks to queue
[2024-04-24T05:22:29.230+0000] {logging_mixin.py:188} INFO - [2024-04-24T05:22:29.230+0000] {dagbag.py:540} INFO - Filling up the DagBag from /home/airflow/.local/lib/python3.8/site-packages/airflow/example_dags/example_python_decorator.py
[2024-04-24T05:22:29.237+0000] {processor.py:840} INFO - DAG(s) 'example_python_decorator' retrieved from /home/airflow/.local/lib/python3.8/site-packages/airflow/example_dags/example_python_decorator.py
[2024-04-24T05:22:29.248+0000] {logging_mixin.py:188} INFO - [2024-04-24T05:22:29.248+0000] {dag.py:3047} INFO - Sync 1 DAGs
[2024-04-24T05:22:29.254+0000] {logging_mixin.py:188} INFO - [2024-04-24T05:22:29.254+0000] {dag.py:3834} INFO - Setting next_dagrun for example_python_decorator to None, run_after=None
[2024-04-24T05:22:29.264+0000] {processor.py:183} INFO - Processing /home/airflow/.local/lib/python3.8/site-packages/airflow/example_dags/example_python_decorator.py took 0.037 seconds
[2024-04-24T05:22:59.664+0000] {processor.py:161} INFO - Started process (PID=1428) to work on /home/airflow/.local/lib/python3.8/site-packages/airflow/example_dags/example_python_decorator.py
[2024-04-24T05:22:59.664+0000] {processor.py:830} INFO - Processing file /home/airflow/.local/lib/python3.8/site-packages/airflow/example_dags/example_python_decorator.py for tasks to queue
[2024-04-24T05:22:59.665+0000] {logging_mixin.py:188} INFO - [2024-04-24T05:22:59.665+0000] {dagbag.py:540} INFO - Filling up the DagBag from /home/airflow/.local/lib/python3.8/site-packages/airflow/example_dags/example_python_decorator.py
[2024-04-24T05:22:59.673+0000] {processor.py:840} INFO - DAG(s) 'example_python_decorator' retrieved from /home/airflow/.local/lib/python3.8/site-packages/airflow/example_dags/example_python_decorator.py
[2024-04-24T05:22:59.684+0000] {logging_mixin.py:188} INFO - [2024-04-24T05:22:59.684+0000] {dag.py:3047} INFO - Sync 1 DAGs
[2024-04-24T05:22:59.690+0000] {logging_mixin.py:188} INFO - [2024-04-24T05:22:59.690+0000] {dag.py:3834} INFO - Setting next_dagrun for example_python_decorator to None, run_after=None
[2024-04-24T05:22:59.701+0000] {processor.py:183} INFO - Processing /home/airflow/.local/lib/python3.8/site-packages/airflow/example_dags/example_python_decorator.py took 0.039 seconds
[2024-04-24T05:23:30.175+0000] {processor.py:161} INFO - Started process (PID=1486) to work on /home/airflow/.local/lib/python3.8/site-packages/airflow/example_dags/example_python_decorator.py
[2024-04-24T05:23:30.176+0000] {processor.py:830} INFO - Processing file /home/airflow/.local/lib/python3.8/site-packages/airflow/example_dags/example_python_decorator.py for tasks to queue
[2024-04-24T05:23:30.177+0000] {logging_mixin.py:188} INFO - [2024-04-24T05:23:30.176+0000] {dagbag.py:540} INFO - Filling up the DagBag from /home/airflow/.local/lib/python3.8/site-packages/airflow/example_dags/example_python_decorator.py
[2024-04-24T05:23:30.183+0000] {processor.py:840} INFO - DAG(s) 'example_python_decorator' retrieved from /home/airflow/.local/lib/python3.8/site-packages/airflow/example_dags/example_python_decorator.py
[2024-04-24T05:23:30.194+0000] {logging_mixin.py:188} INFO - [2024-04-24T05:23:30.194+0000] {dag.py:3047} INFO - Sync 1 DAGs
[2024-04-24T05:23:30.201+0000] {logging_mixin.py:188} INFO - [2024-04-24T05:23:30.201+0000] {dag.py:3834} INFO - Setting next_dagrun for example_python_decorator to None, run_after=None
[2024-04-24T05:23:30.211+0000] {processor.py:183} INFO - Processing /home/airflow/.local/lib/python3.8/site-packages/airflow/example_dags/example_python_decorator.py took 0.037 seconds
[2024-04-24T05:24:00.681+0000] {processor.py:161} INFO - Started process (PID=1544) to work on /home/airflow/.local/lib/python3.8/site-packages/airflow/example_dags/example_python_decorator.py
[2024-04-24T05:24:00.682+0000] {processor.py:830} INFO - Processing file /home/airflow/.local/lib/python3.8/site-packages/airflow/example_dags/example_python_decorator.py for tasks to queue
[2024-04-24T05:24:00.683+0000] {logging_mixin.py:188} INFO - [2024-04-24T05:24:00.682+0000] {dagbag.py:540} INFO - Filling up the DagBag from /home/airflow/.local/lib/python3.8/site-packages/airflow/example_dags/example_python_decorator.py
[2024-04-24T05:24:00.689+0000] {processor.py:840} INFO - DAG(s) 'example_python_decorator' retrieved from /home/airflow/.local/lib/python3.8/site-packages/airflow/example_dags/example_python_decorator.py
[2024-04-24T05:24:00.701+0000] {logging_mixin.py:188} INFO - [2024-04-24T05:24:00.701+0000] {dag.py:3047} INFO - Sync 1 DAGs
[2024-04-24T05:24:00.707+0000] {logging_mixin.py:188} INFO - [2024-04-24T05:24:00.707+0000] {dag.py:3834} INFO - Setting next_dagrun for example_python_decorator to None, run_after=None
[2024-04-24T05:24:00.717+0000] {processor.py:183} INFO - Processing /home/airflow/.local/lib/python3.8/site-packages/airflow/example_dags/example_python_decorator.py took 0.038 seconds
[2024-04-24T05:24:31.137+0000] {processor.py:161} INFO - Started process (PID=1602) to work on /home/airflow/.local/lib/python3.8/site-packages/airflow/example_dags/example_python_decorator.py
[2024-04-24T05:24:31.138+0000] {processor.py:830} INFO - Processing file /home/airflow/.local/lib/python3.8/site-packages/airflow/example_dags/example_python_decorator.py for tasks to queue
[2024-04-24T05:24:31.139+0000] {logging_mixin.py:188} INFO - [2024-04-24T05:24:31.139+0000] {dagbag.py:540} INFO - Filling up the DagBag from /home/airflow/.local/lib/python3.8/site-packages/airflow/example_dags/example_python_decorator.py
[2024-04-24T05:24:31.146+0000] {processor.py:840} INFO - DAG(s) 'example_python_decorator' retrieved from /home/airflow/.local/lib/python3.8/site-packages/airflow/example_dags/example_python_decorator.py
[2024-04-24T05:24:31.157+0000] {logging_mixin.py:188} INFO - [2024-04-24T05:24:31.157+0000] {dag.py:3047} INFO - Sync 1 DAGs
[2024-04-24T05:24:31.163+0000] {logging_mixin.py:188} INFO - [2024-04-24T05:24:31.163+0000] {dag.py:3834} INFO - Setting next_dagrun for example_python_decorator to None, run_after=None
[2024-04-24T05:24:31.172+0000] {processor.py:183} INFO - Processing /home/airflow/.local/lib/python3.8/site-packages/airflow/example_dags/example_python_decorator.py took 0.037 seconds
[2024-04-24T05:25:01.641+0000] {processor.py:161} INFO - Started process (PID=1660) to work on /home/airflow/.local/lib/python3.8/site-packages/airflow/example_dags/example_python_decorator.py
[2024-04-24T05:25:01.642+0000] {processor.py:830} INFO - Processing file /home/airflow/.local/lib/python3.8/site-packages/airflow/example_dags/example_python_decorator.py for tasks to queue
[2024-04-24T05:25:01.643+0000] {logging_mixin.py:188} INFO - [2024-04-24T05:25:01.643+0000] {dagbag.py:540} INFO - Filling up the DagBag from /home/airflow/.local/lib/python3.8/site-packages/airflow/example_dags/example_python_decorator.py
[2024-04-24T05:25:01.650+0000] {processor.py:840} INFO - DAG(s) 'example_python_decorator' retrieved from /home/airflow/.local/lib/python3.8/site-packages/airflow/example_dags/example_python_decorator.py
[2024-04-24T05:25:01.661+0000] {logging_mixin.py:188} INFO - [2024-04-24T05:25:01.661+0000] {dag.py:3047} INFO - Sync 1 DAGs
[2024-04-24T05:25:01.668+0000] {logging_mixin.py:188} INFO - [2024-04-24T05:25:01.667+0000] {dag.py:3834} INFO - Setting next_dagrun for example_python_decorator to None, run_after=None
[2024-04-24T05:25:01.677+0000] {processor.py:183} INFO - Processing /home/airflow/.local/lib/python3.8/site-packages/airflow/example_dags/example_python_decorator.py took 0.037 seconds
[2024-04-24T05:25:32.055+0000] {processor.py:161} INFO - Started process (PID=1718) to work on /home/airflow/.local/lib/python3.8/site-packages/airflow/example_dags/example_python_decorator.py
[2024-04-24T05:25:32.056+0000] {processor.py:830} INFO - Processing file /home/airflow/.local/lib/python3.8/site-packages/airflow/example_dags/example_python_decorator.py for tasks to queue
[2024-04-24T05:25:32.057+0000] {logging_mixin.py:188} INFO - [2024-04-24T05:25:32.057+0000] {dagbag.py:540} INFO - Filling up the DagBag from /home/airflow/.local/lib/python3.8/site-packages/airflow/example_dags/example_python_decorator.py
[2024-04-24T05:25:32.064+0000] {processor.py:840} INFO - DAG(s) 'example_python_decorator' retrieved from /home/airflow/.local/lib/python3.8/site-packages/airflow/example_dags/example_python_decorator.py
[2024-04-24T05:25:32.075+0000] {logging_mixin.py:188} INFO - [2024-04-24T05:25:32.075+0000] {dag.py:3047} INFO - Sync 1 DAGs
[2024-04-24T05:25:32.082+0000] {logging_mixin.py:188} INFO - [2024-04-24T05:25:32.082+0000] {dag.py:3834} INFO - Setting next_dagrun for example_python_decorator to None, run_after=None
[2024-04-24T05:25:32.092+0000] {processor.py:183} INFO - Processing /home/airflow/.local/lib/python3.8/site-packages/airflow/example_dags/example_python_decorator.py took 0.039 seconds
[2024-04-24T05:26:02.859+0000] {processor.py:161} INFO - Started process (PID=1776) to work on /home/airflow/.local/lib/python3.8/site-packages/airflow/example_dags/example_python_decorator.py
[2024-04-24T05:26:02.860+0000] {processor.py:830} INFO - Processing file /home/airflow/.local/lib/python3.8/site-packages/airflow/example_dags/example_python_decorator.py for tasks to queue
[2024-04-24T05:26:02.861+0000] {logging_mixin.py:188} INFO - [2024-04-24T05:26:02.860+0000] {dagbag.py:540} INFO - Filling up the DagBag from /home/airflow/.local/lib/python3.8/site-packages/airflow/example_dags/example_python_decorator.py
[2024-04-24T05:26:02.868+0000] {processor.py:840} INFO - DAG(s) 'example_python_decorator' retrieved from /home/airflow/.local/lib/python3.8/site-packages/airflow/example_dags/example_python_decorator.py
[2024-04-24T05:26:02.879+0000] {logging_mixin.py:188} INFO - [2024-04-24T05:26:02.879+0000] {dag.py:3047} INFO - Sync 1 DAGs
[2024-04-24T05:26:02.885+0000] {logging_mixin.py:188} INFO - [2024-04-24T05:26:02.885+0000] {dag.py:3834} INFO - Setting next_dagrun for example_python_decorator to None, run_after=None
[2024-04-24T05:26:02.896+0000] {processor.py:183} INFO - Processing /home/airflow/.local/lib/python3.8/site-packages/airflow/example_dags/example_python_decorator.py took 0.039 seconds
[2024-04-24T05:26:33.340+0000] {processor.py:161} INFO - Started process (PID=1834) to work on /home/airflow/.local/lib/python3.8/site-packages/airflow/example_dags/example_python_decorator.py
[2024-04-24T05:26:33.340+0000] {processor.py:830} INFO - Processing file /home/airflow/.local/lib/python3.8/site-packages/airflow/example_dags/example_python_decorator.py for tasks to queue
[2024-04-24T05:26:33.341+0000] {logging_mixin.py:188} INFO - [2024-04-24T05:26:33.341+0000] {dagbag.py:540} INFO - Filling up the DagBag from /home/airflow/.local/lib/python3.8/site-packages/airflow/example_dags/example_python_decorator.py
[2024-04-24T05:26:33.348+0000] {processor.py:840} INFO - DAG(s) 'example_python_decorator' retrieved from /home/airflow/.local/lib/python3.8/site-packages/airflow/example_dags/example_python_decorator.py
[2024-04-24T05:26:33.359+0000] {logging_mixin.py:188} INFO - [2024-04-24T05:26:33.359+0000] {dag.py:3047} INFO - Sync 1 DAGs
[2024-04-24T05:26:33.365+0000] {logging_mixin.py:188} INFO - [2024-04-24T05:26:33.365+0000] {dag.py:3834} INFO - Setting next_dagrun for example_python_decorator to None, run_after=None
[2024-04-24T05:26:33.375+0000] {processor.py:183} INFO - Processing /home/airflow/.local/lib/python3.8/site-packages/airflow/example_dags/example_python_decorator.py took 0.037 seconds
[2024-04-24T05:27:04.168+0000] {processor.py:161} INFO - Started process (PID=1892) to work on /home/airflow/.local/lib/python3.8/site-packages/airflow/example_dags/example_python_decorator.py
[2024-04-24T05:27:04.168+0000] {processor.py:830} INFO - Processing file /home/airflow/.local/lib/python3.8/site-packages/airflow/example_dags/example_python_decorator.py for tasks to queue
[2024-04-24T05:27:04.169+0000] {logging_mixin.py:188} INFO - [2024-04-24T05:27:04.169+0000] {dagbag.py:540} INFO - Filling up the DagBag from /home/airflow/.local/lib/python3.8/site-packages/airflow/example_dags/example_python_decorator.py
[2024-04-24T05:27:04.176+0000] {processor.py:840} INFO - DAG(s) 'example_python_decorator' retrieved from /home/airflow/.local/lib/python3.8/site-packages/airflow/example_dags/example_python_decorator.py
[2024-04-24T05:27:04.187+0000] {logging_mixin.py:188} INFO - [2024-04-24T05:27:04.187+0000] {dag.py:3047} INFO - Sync 1 DAGs
[2024-04-24T05:27:04.194+0000] {logging_mixin.py:188} INFO - [2024-04-24T05:27:04.193+0000] {dag.py:3834} INFO - Setting next_dagrun for example_python_decorator to None, run_after=None
[2024-04-24T05:27:04.203+0000] {processor.py:183} INFO - Processing /home/airflow/.local/lib/python3.8/site-packages/airflow/example_dags/example_python_decorator.py took 0.037 seconds
[2024-04-24T05:27:34.749+0000] {processor.py:161} INFO - Started process (PID=1950) to work on /home/airflow/.local/lib/python3.8/site-packages/airflow/example_dags/example_python_decorator.py
[2024-04-24T05:27:34.750+0000] {processor.py:830} INFO - Processing file /home/airflow/.local/lib/python3.8/site-packages/airflow/example_dags/example_python_decorator.py for tasks to queue
[2024-04-24T05:27:34.751+0000] {logging_mixin.py:188} INFO - [2024-04-24T05:27:34.751+0000] {dagbag.py:540} INFO - Filling up the DagBag from /home/airflow/.local/lib/python3.8/site-packages/airflow/example_dags/example_python_decorator.py
[2024-04-24T05:27:34.760+0000] {processor.py:840} INFO - DAG(s) 'example_python_decorator' retrieved from /home/airflow/.local/lib/python3.8/site-packages/airflow/example_dags/example_python_decorator.py
[2024-04-24T05:27:34.773+0000] {logging_mixin.py:188} INFO - [2024-04-24T05:27:34.773+0000] {dag.py:3047} INFO - Sync 1 DAGs
[2024-04-24T05:27:34.781+0000] {logging_mixin.py:188} INFO - [2024-04-24T05:27:34.780+0000] {dag.py:3834} INFO - Setting next_dagrun for example_python_decorator to None, run_after=None
[2024-04-24T05:27:34.794+0000] {processor.py:183} INFO - Processing /home/airflow/.local/lib/python3.8/site-packages/airflow/example_dags/example_python_decorator.py took 0.047 seconds
[2024-04-24T05:28:05.457+0000] {processor.py:161} INFO - Started process (PID=2008) to work on /home/airflow/.local/lib/python3.8/site-packages/airflow/example_dags/example_python_decorator.py
[2024-04-24T05:28:05.458+0000] {processor.py:830} INFO - Processing file /home/airflow/.local/lib/python3.8/site-packages/airflow/example_dags/example_python_decorator.py for tasks to queue
[2024-04-24T05:28:05.459+0000] {logging_mixin.py:188} INFO - [2024-04-24T05:28:05.459+0000] {dagbag.py:540} INFO - Filling up the DagBag from /home/airflow/.local/lib/python3.8/site-packages/airflow/example_dags/example_python_decorator.py
[2024-04-24T05:28:05.467+0000] {processor.py:840} INFO - DAG(s) 'example_python_decorator' retrieved from /home/airflow/.local/lib/python3.8/site-packages/airflow/example_dags/example_python_decorator.py
[2024-04-24T05:28:05.479+0000] {logging_mixin.py:188} INFO - [2024-04-24T05:28:05.478+0000] {dag.py:3047} INFO - Sync 1 DAGs
[2024-04-24T05:28:05.485+0000] {logging_mixin.py:188} INFO - [2024-04-24T05:28:05.485+0000] {dag.py:3834} INFO - Setting next_dagrun for example_python_decorator to None, run_after=None
[2024-04-24T05:28:05.495+0000] {processor.py:183} INFO - Processing /home/airflow/.local/lib/python3.8/site-packages/airflow/example_dags/example_python_decorator.py took 0.040 seconds
[2024-04-24T05:28:36.137+0000] {processor.py:161} INFO - Started process (PID=2066) to work on /home/airflow/.local/lib/python3.8/site-packages/airflow/example_dags/example_python_decorator.py
[2024-04-24T05:28:36.137+0000] {processor.py:830} INFO - Processing file /home/airflow/.local/lib/python3.8/site-packages/airflow/example_dags/example_python_decorator.py for tasks to queue
[2024-04-24T05:28:36.138+0000] {logging_mixin.py:188} INFO - [2024-04-24T05:28:36.138+0000] {dagbag.py:540} INFO - Filling up the DagBag from /home/airflow/.local/lib/python3.8/site-packages/airflow/example_dags/example_python_decorator.py
[2024-04-24T05:28:36.145+0000] {processor.py:840} INFO - DAG(s) 'example_python_decorator' retrieved from /home/airflow/.local/lib/python3.8/site-packages/airflow/example_dags/example_python_decorator.py
[2024-04-24T05:28:36.156+0000] {logging_mixin.py:188} INFO - [2024-04-24T05:28:36.156+0000] {dag.py:3047} INFO - Sync 1 DAGs
[2024-04-24T05:28:36.162+0000] {logging_mixin.py:188} INFO - [2024-04-24T05:28:36.162+0000] {dag.py:3834} INFO - Setting next_dagrun for example_python_decorator to None, run_after=None
[2024-04-24T05:28:36.172+0000] {processor.py:183} INFO - Processing /home/airflow/.local/lib/python3.8/site-packages/airflow/example_dags/example_python_decorator.py took 0.037 seconds
[2024-04-24T05:29:06.823+0000] {processor.py:161} INFO - Started process (PID=2124) to work on /home/airflow/.local/lib/python3.8/site-packages/airflow/example_dags/example_python_decorator.py
[2024-04-24T05:29:06.824+0000] {processor.py:830} INFO - Processing file /home/airflow/.local/lib/python3.8/site-packages/airflow/example_dags/example_python_decorator.py for tasks to queue
[2024-04-24T05:29:06.825+0000] {logging_mixin.py:188} INFO - [2024-04-24T05:29:06.825+0000] {dagbag.py:540} INFO - Filling up the DagBag from /home/airflow/.local/lib/python3.8/site-packages/airflow/example_dags/example_python_decorator.py
[2024-04-24T05:29:06.832+0000] {processor.py:840} INFO - DAG(s) 'example_python_decorator' retrieved from /home/airflow/.local/lib/python3.8/site-packages/airflow/example_dags/example_python_decorator.py
[2024-04-24T05:29:06.843+0000] {logging_mixin.py:188} INFO - [2024-04-24T05:29:06.843+0000] {dag.py:3047} INFO - Sync 1 DAGs
[2024-04-24T05:29:06.849+0000] {logging_mixin.py:188} INFO - [2024-04-24T05:29:06.849+0000] {dag.py:3834} INFO - Setting next_dagrun for example_python_decorator to None, run_after=None
[2024-04-24T05:29:06.859+0000] {processor.py:183} INFO - Processing /home/airflow/.local/lib/python3.8/site-packages/airflow/example_dags/example_python_decorator.py took 0.038 seconds
[2024-04-24T05:29:37.259+0000] {processor.py:161} INFO - Started process (PID=2182) to work on /home/airflow/.local/lib/python3.8/site-packages/airflow/example_dags/example_python_decorator.py
[2024-04-24T05:29:37.259+0000] {processor.py:830} INFO - Processing file /home/airflow/.local/lib/python3.8/site-packages/airflow/example_dags/example_python_decorator.py for tasks to queue
[2024-04-24T05:29:37.260+0000] {logging_mixin.py:188} INFO - [2024-04-24T05:29:37.260+0000] {dagbag.py:540} INFO - Filling up the DagBag from /home/airflow/.local/lib/python3.8/site-packages/airflow/example_dags/example_python_decorator.py
[2024-04-24T05:29:37.267+0000] {processor.py:840} INFO - DAG(s) 'example_python_decorator' retrieved from /home/airflow/.local/lib/python3.8/site-packages/airflow/example_dags/example_python_decorator.py
[2024-04-24T05:29:37.279+0000] {logging_mixin.py:188} INFO - [2024-04-24T05:29:37.279+0000] {dag.py:3047} INFO - Sync 1 DAGs
[2024-04-24T05:29:37.285+0000] {logging_mixin.py:188} INFO - [2024-04-24T05:29:37.285+0000] {dag.py:3834} INFO - Setting next_dagrun for example_python_decorator to None, run_after=None
[2024-04-24T05:29:37.295+0000] {processor.py:183} INFO - Processing /home/airflow/.local/lib/python3.8/site-packages/airflow/example_dags/example_python_decorator.py took 0.038 seconds
[2024-04-24T05:30:07.855+0000] {processor.py:161} INFO - Started process (PID=2240) to work on /home/airflow/.local/lib/python3.8/site-packages/airflow/example_dags/example_python_decorator.py
[2024-04-24T05:30:07.856+0000] {processor.py:830} INFO - Processing file /home/airflow/.local/lib/python3.8/site-packages/airflow/example_dags/example_python_decorator.py for tasks to queue
[2024-04-24T05:30:07.857+0000] {logging_mixin.py:188} INFO - [2024-04-24T05:30:07.856+0000] {dagbag.py:540} INFO - Filling up the DagBag from /home/airflow/.local/lib/python3.8/site-packages/airflow/example_dags/example_python_decorator.py
[2024-04-24T05:30:07.864+0000] {processor.py:840} INFO - DAG(s) 'example_python_decorator' retrieved from /home/airflow/.local/lib/python3.8/site-packages/airflow/example_dags/example_python_decorator.py
[2024-04-24T05:30:07.875+0000] {logging_mixin.py:188} INFO - [2024-04-24T05:30:07.874+0000] {dag.py:3047} INFO - Sync 1 DAGs
[2024-04-24T05:30:07.881+0000] {logging_mixin.py:188} INFO - [2024-04-24T05:30:07.881+0000] {dag.py:3834} INFO - Setting next_dagrun for example_python_decorator to None, run_after=None
[2024-04-24T05:30:07.891+0000] {processor.py:183} INFO - Processing /home/airflow/.local/lib/python3.8/site-packages/airflow/example_dags/example_python_decorator.py took 0.038 seconds
[2024-04-24T05:30:38.431+0000] {processor.py:161} INFO - Started process (PID=2298) to work on /home/airflow/.local/lib/python3.8/site-packages/airflow/example_dags/example_python_decorator.py
[2024-04-24T05:30:38.431+0000] {processor.py:830} INFO - Processing file /home/airflow/.local/lib/python3.8/site-packages/airflow/example_dags/example_python_decorator.py for tasks to queue
[2024-04-24T05:30:38.432+0000] {logging_mixin.py:188} INFO - [2024-04-24T05:30:38.432+0000] {dagbag.py:540} INFO - Filling up the DagBag from /home/airflow/.local/lib/python3.8/site-packages/airflow/example_dags/example_python_decorator.py
[2024-04-24T05:30:38.439+0000] {processor.py:840} INFO - DAG(s) 'example_python_decorator' retrieved from /home/airflow/.local/lib/python3.8/site-packages/airflow/example_dags/example_python_decorator.py
[2024-04-24T05:30:38.450+0000] {logging_mixin.py:188} INFO - [2024-04-24T05:30:38.450+0000] {dag.py:3047} INFO - Sync 1 DAGs
[2024-04-24T05:30:38.457+0000] {logging_mixin.py:188} INFO - [2024-04-24T05:30:38.456+0000] {dag.py:3834} INFO - Setting next_dagrun for example_python_decorator to None, run_after=None
[2024-04-24T05:30:38.466+0000] {processor.py:183} INFO - Processing /home/airflow/.local/lib/python3.8/site-packages/airflow/example_dags/example_python_decorator.py took 0.037 seconds
[2024-04-24T05:31:08.980+0000] {processor.py:161} INFO - Started process (PID=2356) to work on /home/airflow/.local/lib/python3.8/site-packages/airflow/example_dags/example_python_decorator.py
[2024-04-24T05:31:08.980+0000] {processor.py:830} INFO - Processing file /home/airflow/.local/lib/python3.8/site-packages/airflow/example_dags/example_python_decorator.py for tasks to queue
[2024-04-24T05:31:08.982+0000] {logging_mixin.py:188} INFO - [2024-04-24T05:31:08.981+0000] {dagbag.py:540} INFO - Filling up the DagBag from /home/airflow/.local/lib/python3.8/site-packages/airflow/example_dags/example_python_decorator.py
[2024-04-24T05:31:08.988+0000] {processor.py:840} INFO - DAG(s) 'example_python_decorator' retrieved from /home/airflow/.local/lib/python3.8/site-packages/airflow/example_dags/example_python_decorator.py
[2024-04-24T05:31:09.000+0000] {logging_mixin.py:188} INFO - [2024-04-24T05:31:08.999+0000] {dag.py:3047} INFO - Sync 1 DAGs
[2024-04-24T05:31:09.006+0000] {logging_mixin.py:188} INFO - [2024-04-24T05:31:09.006+0000] {dag.py:3834} INFO - Setting next_dagrun for example_python_decorator to None, run_after=None
[2024-04-24T05:31:09.016+0000] {processor.py:183} INFO - Processing /home/airflow/.local/lib/python3.8/site-packages/airflow/example_dags/example_python_decorator.py took 0.038 seconds
[2024-04-24T05:31:39.848+0000] {processor.py:161} INFO - Started process (PID=2414) to work on /home/airflow/.local/lib/python3.8/site-packages/airflow/example_dags/example_python_decorator.py
[2024-04-24T05:31:39.848+0000] {processor.py:830} INFO - Processing file /home/airflow/.local/lib/python3.8/site-packages/airflow/example_dags/example_python_decorator.py for tasks to queue
[2024-04-24T05:31:39.849+0000] {logging_mixin.py:188} INFO - [2024-04-24T05:31:39.849+0000] {dagbag.py:540} INFO - Filling up the DagBag from /home/airflow/.local/lib/python3.8/site-packages/airflow/example_dags/example_python_decorator.py
[2024-04-24T05:31:39.856+0000] {processor.py:840} INFO - DAG(s) 'example_python_decorator' retrieved from /home/airflow/.local/lib/python3.8/site-packages/airflow/example_dags/example_python_decorator.py
[2024-04-24T05:31:39.867+0000] {logging_mixin.py:188} INFO - [2024-04-24T05:31:39.867+0000] {dag.py:3047} INFO - Sync 1 DAGs
[2024-04-24T05:31:39.873+0000] {logging_mixin.py:188} INFO - [2024-04-24T05:31:39.873+0000] {dag.py:3834} INFO - Setting next_dagrun for example_python_decorator to None, run_after=None
[2024-04-24T05:31:39.883+0000] {processor.py:183} INFO - Processing /home/airflow/.local/lib/python3.8/site-packages/airflow/example_dags/example_python_decorator.py took 0.037 seconds
[2024-04-24T05:32:10.392+0000] {processor.py:161} INFO - Started process (PID=2472) to work on /home/airflow/.local/lib/python3.8/site-packages/airflow/example_dags/example_python_decorator.py
[2024-04-24T05:32:10.392+0000] {processor.py:830} INFO - Processing file /home/airflow/.local/lib/python3.8/site-packages/airflow/example_dags/example_python_decorator.py for tasks to queue
[2024-04-24T05:32:10.393+0000] {logging_mixin.py:188} INFO - [2024-04-24T05:32:10.393+0000] {dagbag.py:540} INFO - Filling up the DagBag from /home/airflow/.local/lib/python3.8/site-packages/airflow/example_dags/example_python_decorator.py
[2024-04-24T05:32:10.400+0000] {processor.py:840} INFO - DAG(s) 'example_python_decorator' retrieved from /home/airflow/.local/lib/python3.8/site-packages/airflow/example_dags/example_python_decorator.py
[2024-04-24T05:32:10.411+0000] {logging_mixin.py:188} INFO - [2024-04-24T05:32:10.411+0000] {dag.py:3047} INFO - Sync 1 DAGs
[2024-04-24T05:32:10.418+0000] {logging_mixin.py:188} INFO - [2024-04-24T05:32:10.418+0000] {dag.py:3834} INFO - Setting next_dagrun for example_python_decorator to None, run_after=None
[2024-04-24T05:32:10.427+0000] {processor.py:183} INFO - Processing /home/airflow/.local/lib/python3.8/site-packages/airflow/example_dags/example_python_decorator.py took 0.037 seconds
[2024-04-24T05:32:40.864+0000] {processor.py:161} INFO - Started process (PID=2531) to work on /home/airflow/.local/lib/python3.8/site-packages/airflow/example_dags/example_python_decorator.py
[2024-04-24T05:32:40.864+0000] {processor.py:830} INFO - Processing file /home/airflow/.local/lib/python3.8/site-packages/airflow/example_dags/example_python_decorator.py for tasks to queue
[2024-04-24T05:32:40.865+0000] {logging_mixin.py:188} INFO - [2024-04-24T05:32:40.865+0000] {dagbag.py:540} INFO - Filling up the DagBag from /home/airflow/.local/lib/python3.8/site-packages/airflow/example_dags/example_python_decorator.py
[2024-04-24T05:32:40.872+0000] {processor.py:840} INFO - DAG(s) 'example_python_decorator' retrieved from /home/airflow/.local/lib/python3.8/site-packages/airflow/example_dags/example_python_decorator.py
[2024-04-24T05:32:40.884+0000] {logging_mixin.py:188} INFO - [2024-04-24T05:32:40.884+0000] {dag.py:3047} INFO - Sync 1 DAGs
[2024-04-24T05:32:40.890+0000] {logging_mixin.py:188} INFO - [2024-04-24T05:32:40.890+0000] {dag.py:3834} INFO - Setting next_dagrun for example_python_decorator to None, run_after=None
[2024-04-24T05:32:40.900+0000] {processor.py:183} INFO - Processing /home/airflow/.local/lib/python3.8/site-packages/airflow/example_dags/example_python_decorator.py took 0.038 seconds
[2024-04-24T05:33:11.280+0000] {processor.py:161} INFO - Started process (PID=2586) to work on /home/airflow/.local/lib/python3.8/site-packages/airflow/example_dags/example_python_decorator.py
[2024-04-24T05:33:11.280+0000] {processor.py:830} INFO - Processing file /home/airflow/.local/lib/python3.8/site-packages/airflow/example_dags/example_python_decorator.py for tasks to queue
[2024-04-24T05:33:11.281+0000] {logging_mixin.py:188} INFO - [2024-04-24T05:33:11.281+0000] {dagbag.py:540} INFO - Filling up the DagBag from /home/airflow/.local/lib/python3.8/site-packages/airflow/example_dags/example_python_decorator.py
[2024-04-24T05:33:11.288+0000] {processor.py:840} INFO - DAG(s) 'example_python_decorator' retrieved from /home/airflow/.local/lib/python3.8/site-packages/airflow/example_dags/example_python_decorator.py
[2024-04-24T05:33:11.299+0000] {logging_mixin.py:188} INFO - [2024-04-24T05:33:11.299+0000] {dag.py:3047} INFO - Sync 1 DAGs
[2024-04-24T05:33:11.306+0000] {logging_mixin.py:188} INFO - [2024-04-24T05:33:11.305+0000] {dag.py:3834} INFO - Setting next_dagrun for example_python_decorator to None, run_after=None
[2024-04-24T05:33:11.315+0000] {processor.py:183} INFO - Processing /home/airflow/.local/lib/python3.8/site-packages/airflow/example_dags/example_python_decorator.py took 0.037 seconds
[2024-04-24T05:33:41.637+0000] {processor.py:161} INFO - Started process (PID=2641) to work on /home/airflow/.local/lib/python3.8/site-packages/airflow/example_dags/example_python_decorator.py
[2024-04-24T05:33:41.638+0000] {processor.py:830} INFO - Processing file /home/airflow/.local/lib/python3.8/site-packages/airflow/example_dags/example_python_decorator.py for tasks to queue
[2024-04-24T05:33:41.638+0000] {logging_mixin.py:188} INFO - [2024-04-24T05:33:41.638+0000] {dagbag.py:540} INFO - Filling up the DagBag from /home/airflow/.local/lib/python3.8/site-packages/airflow/example_dags/example_python_decorator.py
[2024-04-24T05:33:41.645+0000] {processor.py:840} INFO - DAG(s) 'example_python_decorator' retrieved from /home/airflow/.local/lib/python3.8/site-packages/airflow/example_dags/example_python_decorator.py
[2024-04-24T05:33:41.657+0000] {logging_mixin.py:188} INFO - [2024-04-24T05:33:41.657+0000] {dag.py:3047} INFO - Sync 1 DAGs
[2024-04-24T05:33:41.663+0000] {logging_mixin.py:188} INFO - [2024-04-24T05:33:41.663+0000] {dag.py:3834} INFO - Setting next_dagrun for example_python_decorator to None, run_after=None
[2024-04-24T05:33:41.673+0000] {processor.py:183} INFO - Processing /home/airflow/.local/lib/python3.8/site-packages/airflow/example_dags/example_python_decorator.py took 0.037 seconds
[2024-04-24T05:34:12.193+0000] {processor.py:161} INFO - Started process (PID=2696) to work on /home/airflow/.local/lib/python3.8/site-packages/airflow/example_dags/example_python_decorator.py
[2024-04-24T05:34:12.194+0000] {processor.py:830} INFO - Processing file /home/airflow/.local/lib/python3.8/site-packages/airflow/example_dags/example_python_decorator.py for tasks to queue
[2024-04-24T05:34:12.194+0000] {logging_mixin.py:188} INFO - [2024-04-24T05:34:12.194+0000] {dagbag.py:540} INFO - Filling up the DagBag from /home/airflow/.local/lib/python3.8/site-packages/airflow/example_dags/example_python_decorator.py
[2024-04-24T05:34:12.202+0000] {processor.py:840} INFO - DAG(s) 'example_python_decorator' retrieved from /home/airflow/.local/lib/python3.8/site-packages/airflow/example_dags/example_python_decorator.py
[2024-04-24T05:34:12.254+0000] {logging_mixin.py:188} INFO - [2024-04-24T05:34:12.254+0000] {dag.py:3047} INFO - Sync 1 DAGs
[2024-04-24T05:34:12.262+0000] {logging_mixin.py:188} INFO - [2024-04-24T05:34:12.261+0000] {dag.py:3834} INFO - Setting next_dagrun for example_python_decorator to None, run_after=None
[2024-04-24T05:34:12.273+0000] {processor.py:183} INFO - Processing /home/airflow/.local/lib/python3.8/site-packages/airflow/example_dags/example_python_decorator.py took 0.082 seconds
[2024-04-24T05:34:42.881+0000] {processor.py:161} INFO - Started process (PID=2757) to work on /home/airflow/.local/lib/python3.8/site-packages/airflow/example_dags/example_python_decorator.py
[2024-04-24T05:34:42.882+0000] {processor.py:830} INFO - Processing file /home/airflow/.local/lib/python3.8/site-packages/airflow/example_dags/example_python_decorator.py for tasks to queue
[2024-04-24T05:34:42.882+0000] {logging_mixin.py:188} INFO - [2024-04-24T05:34:42.882+0000] {dagbag.py:540} INFO - Filling up the DagBag from /home/airflow/.local/lib/python3.8/site-packages/airflow/example_dags/example_python_decorator.py
[2024-04-24T05:34:42.889+0000] {processor.py:840} INFO - DAG(s) 'example_python_decorator' retrieved from /home/airflow/.local/lib/python3.8/site-packages/airflow/example_dags/example_python_decorator.py
[2024-04-24T05:34:42.901+0000] {logging_mixin.py:188} INFO - [2024-04-24T05:34:42.901+0000] {dag.py:3047} INFO - Sync 1 DAGs
[2024-04-24T05:34:42.908+0000] {logging_mixin.py:188} INFO - [2024-04-24T05:34:42.907+0000] {dag.py:3834} INFO - Setting next_dagrun for example_python_decorator to None, run_after=None
[2024-04-24T05:34:42.918+0000] {processor.py:183} INFO - Processing /home/airflow/.local/lib/python3.8/site-packages/airflow/example_dags/example_python_decorator.py took 0.039 seconds
[2024-04-24T05:35:13.500+0000] {processor.py:161} INFO - Started process (PID=2812) to work on /home/airflow/.local/lib/python3.8/site-packages/airflow/example_dags/example_python_decorator.py
[2024-04-24T05:35:13.501+0000] {processor.py:830} INFO - Processing file /home/airflow/.local/lib/python3.8/site-packages/airflow/example_dags/example_python_decorator.py for tasks to queue
[2024-04-24T05:35:13.501+0000] {logging_mixin.py:188} INFO - [2024-04-24T05:35:13.501+0000] {dagbag.py:540} INFO - Filling up the DagBag from /home/airflow/.local/lib/python3.8/site-packages/airflow/example_dags/example_python_decorator.py
[2024-04-24T05:35:13.508+0000] {processor.py:840} INFO - DAG(s) 'example_python_decorator' retrieved from /home/airflow/.local/lib/python3.8/site-packages/airflow/example_dags/example_python_decorator.py
[2024-04-24T05:35:13.520+0000] {logging_mixin.py:188} INFO - [2024-04-24T05:35:13.520+0000] {dag.py:3047} INFO - Sync 1 DAGs
[2024-04-24T05:35:13.526+0000] {logging_mixin.py:188} INFO - [2024-04-24T05:35:13.526+0000] {dag.py:3834} INFO - Setting next_dagrun for example_python_decorator to None, run_after=None
[2024-04-24T05:35:13.537+0000] {processor.py:183} INFO - Processing /home/airflow/.local/lib/python3.8/site-packages/airflow/example_dags/example_python_decorator.py took 0.039 seconds
[2024-04-24T05:35:44.263+0000] {processor.py:161} INFO - Started process (PID=2867) to work on /home/airflow/.local/lib/python3.8/site-packages/airflow/example_dags/example_python_decorator.py
[2024-04-24T05:35:44.263+0000] {processor.py:830} INFO - Processing file /home/airflow/.local/lib/python3.8/site-packages/airflow/example_dags/example_python_decorator.py for tasks to queue
[2024-04-24T05:35:44.264+0000] {logging_mixin.py:188} INFO - [2024-04-24T05:35:44.264+0000] {dagbag.py:540} INFO - Filling up the DagBag from /home/airflow/.local/lib/python3.8/site-packages/airflow/example_dags/example_python_decorator.py
[2024-04-24T05:35:44.271+0000] {processor.py:840} INFO - DAG(s) 'example_python_decorator' retrieved from /home/airflow/.local/lib/python3.8/site-packages/airflow/example_dags/example_python_decorator.py
[2024-04-24T05:35:44.282+0000] {logging_mixin.py:188} INFO - [2024-04-24T05:35:44.282+0000] {dag.py:3047} INFO - Sync 1 DAGs
[2024-04-24T05:35:44.288+0000] {logging_mixin.py:188} INFO - [2024-04-24T05:35:44.288+0000] {dag.py:3834} INFO - Setting next_dagrun for example_python_decorator to None, run_after=None
[2024-04-24T05:35:44.298+0000] {processor.py:183} INFO - Processing /home/airflow/.local/lib/python3.8/site-packages/airflow/example_dags/example_python_decorator.py took 0.037 seconds
[2024-04-24T05:36:14.635+0000] {processor.py:161} INFO - Started process (PID=2922) to work on /home/airflow/.local/lib/python3.8/site-packages/airflow/example_dags/example_python_decorator.py
[2024-04-24T05:36:14.635+0000] {processor.py:830} INFO - Processing file /home/airflow/.local/lib/python3.8/site-packages/airflow/example_dags/example_python_decorator.py for tasks to queue
[2024-04-24T05:36:14.636+0000] {logging_mixin.py:188} INFO - [2024-04-24T05:36:14.635+0000] {dagbag.py:540} INFO - Filling up the DagBag from /home/airflow/.local/lib/python3.8/site-packages/airflow/example_dags/example_python_decorator.py
[2024-04-24T05:36:14.642+0000] {processor.py:840} INFO - DAG(s) 'example_python_decorator' retrieved from /home/airflow/.local/lib/python3.8/site-packages/airflow/example_dags/example_python_decorator.py
[2024-04-24T05:36:14.654+0000] {logging_mixin.py:188} INFO - [2024-04-24T05:36:14.654+0000] {dag.py:3047} INFO - Sync 1 DAGs
[2024-04-24T05:36:14.660+0000] {logging_mixin.py:188} INFO - [2024-04-24T05:36:14.660+0000] {dag.py:3834} INFO - Setting next_dagrun for example_python_decorator to None, run_after=None
[2024-04-24T05:36:14.671+0000] {processor.py:183} INFO - Processing /home/airflow/.local/lib/python3.8/site-packages/airflow/example_dags/example_python_decorator.py took 0.038 seconds
[2024-04-24T05:36:45.168+0000] {processor.py:161} INFO - Started process (PID=2977) to work on /home/airflow/.local/lib/python3.8/site-packages/airflow/example_dags/example_python_decorator.py
[2024-04-24T05:36:45.169+0000] {processor.py:830} INFO - Processing file /home/airflow/.local/lib/python3.8/site-packages/airflow/example_dags/example_python_decorator.py for tasks to queue
[2024-04-24T05:36:45.169+0000] {logging_mixin.py:188} INFO - [2024-04-24T05:36:45.169+0000] {dagbag.py:540} INFO - Filling up the DagBag from /home/airflow/.local/lib/python3.8/site-packages/airflow/example_dags/example_python_decorator.py
[2024-04-24T05:36:45.176+0000] {processor.py:840} INFO - DAG(s) 'example_python_decorator' retrieved from /home/airflow/.local/lib/python3.8/site-packages/airflow/example_dags/example_python_decorator.py
[2024-04-24T05:36:45.187+0000] {logging_mixin.py:188} INFO - [2024-04-24T05:36:45.187+0000] {dag.py:3047} INFO - Sync 1 DAGs
[2024-04-24T05:36:45.193+0000] {logging_mixin.py:188} INFO - [2024-04-24T05:36:45.193+0000] {dag.py:3834} INFO - Setting next_dagrun for example_python_decorator to None, run_after=None
[2024-04-24T05:36:45.203+0000] {processor.py:183} INFO - Processing /home/airflow/.local/lib/python3.8/site-packages/airflow/example_dags/example_python_decorator.py took 0.036 seconds
[2024-04-24T05:37:15.776+0000] {processor.py:161} INFO - Started process (PID=3032) to work on /home/airflow/.local/lib/python3.8/site-packages/airflow/example_dags/example_python_decorator.py
[2024-04-24T05:37:15.776+0000] {processor.py:830} INFO - Processing file /home/airflow/.local/lib/python3.8/site-packages/airflow/example_dags/example_python_decorator.py for tasks to queue
[2024-04-24T05:37:15.777+0000] {logging_mixin.py:188} INFO - [2024-04-24T05:37:15.776+0000] {dagbag.py:540} INFO - Filling up the DagBag from /home/airflow/.local/lib/python3.8/site-packages/airflow/example_dags/example_python_decorator.py
[2024-04-24T05:37:15.784+0000] {processor.py:840} INFO - DAG(s) 'example_python_decorator' retrieved from /home/airflow/.local/lib/python3.8/site-packages/airflow/example_dags/example_python_decorator.py
[2024-04-24T05:37:15.795+0000] {logging_mixin.py:188} INFO - [2024-04-24T05:37:15.795+0000] {dag.py:3047} INFO - Sync 1 DAGs
[2024-04-24T05:37:15.801+0000] {logging_mixin.py:188} INFO - [2024-04-24T05:37:15.801+0000] {dag.py:3834} INFO - Setting next_dagrun for example_python_decorator to None, run_after=None
[2024-04-24T05:37:15.811+0000] {processor.py:183} INFO - Processing /home/airflow/.local/lib/python3.8/site-packages/airflow/example_dags/example_python_decorator.py took 0.037 seconds
[2024-04-24T05:37:46.290+0000] {processor.py:161} INFO - Started process (PID=3087) to work on /home/airflow/.local/lib/python3.8/site-packages/airflow/example_dags/example_python_decorator.py
[2024-04-24T05:37:46.291+0000] {processor.py:830} INFO - Processing file /home/airflow/.local/lib/python3.8/site-packages/airflow/example_dags/example_python_decorator.py for tasks to queue
[2024-04-24T05:37:46.291+0000] {logging_mixin.py:188} INFO - [2024-04-24T05:37:46.291+0000] {dagbag.py:540} INFO - Filling up the DagBag from /home/airflow/.local/lib/python3.8/site-packages/airflow/example_dags/example_python_decorator.py
[2024-04-24T05:37:46.298+0000] {processor.py:840} INFO - DAG(s) 'example_python_decorator' retrieved from /home/airflow/.local/lib/python3.8/site-packages/airflow/example_dags/example_python_decorator.py
[2024-04-24T05:37:46.309+0000] {logging_mixin.py:188} INFO - [2024-04-24T05:37:46.309+0000] {dag.py:3047} INFO - Sync 1 DAGs
[2024-04-24T05:37:46.315+0000] {logging_mixin.py:188} INFO - [2024-04-24T05:37:46.315+0000] {dag.py:3834} INFO - Setting next_dagrun for example_python_decorator to None, run_after=None
[2024-04-24T05:37:46.325+0000] {processor.py:183} INFO - Processing /home/airflow/.local/lib/python3.8/site-packages/airflow/example_dags/example_python_decorator.py took 0.037 seconds
[2024-04-24T05:38:16.780+0000] {processor.py:161} INFO - Started process (PID=3142) to work on /home/airflow/.local/lib/python3.8/site-packages/airflow/example_dags/example_python_decorator.py
[2024-04-24T05:38:16.780+0000] {processor.py:830} INFO - Processing file /home/airflow/.local/lib/python3.8/site-packages/airflow/example_dags/example_python_decorator.py for tasks to queue
[2024-04-24T05:38:16.781+0000] {logging_mixin.py:188} INFO - [2024-04-24T05:38:16.781+0000] {dagbag.py:540} INFO - Filling up the DagBag from /home/airflow/.local/lib/python3.8/site-packages/airflow/example_dags/example_python_decorator.py
[2024-04-24T05:38:16.788+0000] {processor.py:840} INFO - DAG(s) 'example_python_decorator' retrieved from /home/airflow/.local/lib/python3.8/site-packages/airflow/example_dags/example_python_decorator.py
[2024-04-24T05:38:16.799+0000] {logging_mixin.py:188} INFO - [2024-04-24T05:38:16.799+0000] {dag.py:3047} INFO - Sync 1 DAGs
[2024-04-24T05:38:16.806+0000] {logging_mixin.py:188} INFO - [2024-04-24T05:38:16.805+0000] {dag.py:3834} INFO - Setting next_dagrun for example_python_decorator to None, run_after=None
[2024-04-24T05:38:16.816+0000] {processor.py:183} INFO - Processing /home/airflow/.local/lib/python3.8/site-packages/airflow/example_dags/example_python_decorator.py took 0.038 seconds
[2024-04-24T05:40:51.612+0000] {processor.py:161} INFO - Started process (PID=90) to work on /home/airflow/.local/lib/python3.8/site-packages/airflow/example_dags/example_python_decorator.py
[2024-04-24T05:40:51.613+0000] {processor.py:830} INFO - Processing file /home/airflow/.local/lib/python3.8/site-packages/airflow/example_dags/example_python_decorator.py for tasks to queue
[2024-04-24T05:40:51.614+0000] {logging_mixin.py:188} INFO - [2024-04-24T05:40:51.614+0000] {dagbag.py:540} INFO - Filling up the DagBag from /home/airflow/.local/lib/python3.8/site-packages/airflow/example_dags/example_python_decorator.py
[2024-04-24T05:40:51.623+0000] {processor.py:840} INFO - DAG(s) 'example_python_decorator' retrieved from /home/airflow/.local/lib/python3.8/site-packages/airflow/example_dags/example_python_decorator.py
[2024-04-24T05:40:51.629+0000] {logging_mixin.py:188} INFO - [2024-04-24T05:40:51.629+0000] {dag.py:3047} INFO - Sync 1 DAGs
[2024-04-24T05:40:51.636+0000] {logging_mixin.py:188} INFO - [2024-04-24T05:40:51.636+0000] {dag.py:3834} INFO - Setting next_dagrun for example_python_decorator to None, run_after=None
[2024-04-24T05:40:51.646+0000] {processor.py:183} INFO - Processing /home/airflow/.local/lib/python3.8/site-packages/airflow/example_dags/example_python_decorator.py took 0.035 seconds
[2024-04-24T05:41:23.069+0000] {processor.py:161} INFO - Started process (PID=145) to work on /home/airflow/.local/lib/python3.8/site-packages/airflow/example_dags/example_python_decorator.py
[2024-04-24T05:41:23.070+0000] {processor.py:830} INFO - Processing file /home/airflow/.local/lib/python3.8/site-packages/airflow/example_dags/example_python_decorator.py for tasks to queue
[2024-04-24T05:41:23.071+0000] {logging_mixin.py:188} INFO - [2024-04-24T05:41:23.071+0000] {dagbag.py:540} INFO - Filling up the DagBag from /home/airflow/.local/lib/python3.8/site-packages/airflow/example_dags/example_python_decorator.py
[2024-04-24T05:41:23.078+0000] {processor.py:840} INFO - DAG(s) 'example_python_decorator' retrieved from /home/airflow/.local/lib/python3.8/site-packages/airflow/example_dags/example_python_decorator.py
[2024-04-24T05:41:23.131+0000] {logging_mixin.py:188} INFO - [2024-04-24T05:41:23.131+0000] {dag.py:3047} INFO - Sync 1 DAGs
[2024-04-24T05:41:23.136+0000] {logging_mixin.py:188} INFO - [2024-04-24T05:41:23.136+0000] {dag.py:3834} INFO - Setting next_dagrun for example_python_decorator to None, run_after=None
[2024-04-24T05:41:23.147+0000] {processor.py:183} INFO - Processing /home/airflow/.local/lib/python3.8/site-packages/airflow/example_dags/example_python_decorator.py took 0.079 seconds
