[2024-04-24T05:11:15.250+0000] {processor.py:161} INFO - Started process (PID=64) to work on /home/airflow/.local/lib/python3.8/site-packages/airflow/example_dags/example_task_group.py
[2024-04-24T05:11:15.250+0000] {processor.py:830} INFO - Processing file /home/airflow/.local/lib/python3.8/site-packages/airflow/example_dags/example_task_group.py for tasks to queue
[2024-04-24T05:11:15.251+0000] {logging_mixin.py:188} INFO - [2024-04-24T05:11:15.251+0000] {dagbag.py:540} INFO - Filling up the DagBag from /home/airflow/.local/lib/python3.8/site-packages/airflow/example_dags/example_task_group.py
[2024-04-24T05:11:15.258+0000] {processor.py:840} INFO - DAG(s) 'example_task_group' retrieved from /home/airflow/.local/lib/python3.8/site-packages/airflow/example_dags/example_task_group.py
[2024-04-24T05:11:15.274+0000] {logging_mixin.py:188} INFO - [2024-04-24T05:11:15.274+0000] {dag.py:3047} INFO - Sync 1 DAGs
[2024-04-24T05:11:15.286+0000] {logging_mixin.py:188} INFO - [2024-04-24T05:11:15.286+0000] {dag.py:3834} INFO - Setting next_dagrun for example_task_group to 2024-04-23 00:00:00+00:00, run_after=2024-04-24 00:00:00+00:00
[2024-04-24T05:11:15.296+0000] {processor.py:183} INFO - Processing /home/airflow/.local/lib/python3.8/site-packages/airflow/example_dags/example_task_group.py took 0.048 seconds
[2024-04-24T05:11:46.088+0000] {processor.py:161} INFO - Started process (PID=122) to work on /home/airflow/.local/lib/python3.8/site-packages/airflow/example_dags/example_task_group.py
[2024-04-24T05:11:46.088+0000] {processor.py:830} INFO - Processing file /home/airflow/.local/lib/python3.8/site-packages/airflow/example_dags/example_task_group.py for tasks to queue
[2024-04-24T05:11:46.089+0000] {logging_mixin.py:188} INFO - [2024-04-24T05:11:46.089+0000] {dagbag.py:540} INFO - Filling up the DagBag from /home/airflow/.local/lib/python3.8/site-packages/airflow/example_dags/example_task_group.py
[2024-04-24T05:11:46.093+0000] {processor.py:840} INFO - DAG(s) 'example_task_group' retrieved from /home/airflow/.local/lib/python3.8/site-packages/airflow/example_dags/example_task_group.py
[2024-04-24T05:11:46.105+0000] {logging_mixin.py:188} INFO - [2024-04-24T05:11:46.105+0000] {dag.py:3047} INFO - Sync 1 DAGs
[2024-04-24T05:11:46.116+0000] {logging_mixin.py:188} INFO - [2024-04-24T05:11:46.116+0000] {dag.py:3834} INFO - Setting next_dagrun for example_task_group to 2024-04-23 00:00:00+00:00, run_after=2024-04-24 00:00:00+00:00
[2024-04-24T05:11:46.125+0000] {processor.py:183} INFO - Processing /home/airflow/.local/lib/python3.8/site-packages/airflow/example_dags/example_task_group.py took 0.039 seconds
[2024-04-24T05:12:16.685+0000] {processor.py:161} INFO - Started process (PID=180) to work on /home/airflow/.local/lib/python3.8/site-packages/airflow/example_dags/example_task_group.py
[2024-04-24T05:12:16.686+0000] {processor.py:830} INFO - Processing file /home/airflow/.local/lib/python3.8/site-packages/airflow/example_dags/example_task_group.py for tasks to queue
[2024-04-24T05:12:16.687+0000] {logging_mixin.py:188} INFO - [2024-04-24T05:12:16.687+0000] {dagbag.py:540} INFO - Filling up the DagBag from /home/airflow/.local/lib/python3.8/site-packages/airflow/example_dags/example_task_group.py
[2024-04-24T05:12:16.691+0000] {processor.py:840} INFO - DAG(s) 'example_task_group' retrieved from /home/airflow/.local/lib/python3.8/site-packages/airflow/example_dags/example_task_group.py
[2024-04-24T05:12:16.702+0000] {logging_mixin.py:188} INFO - [2024-04-24T05:12:16.702+0000] {dag.py:3047} INFO - Sync 1 DAGs
[2024-04-24T05:12:16.713+0000] {logging_mixin.py:188} INFO - [2024-04-24T05:12:16.713+0000] {dag.py:3834} INFO - Setting next_dagrun for example_task_group to 2024-04-23 00:00:00+00:00, run_after=2024-04-24 00:00:00+00:00
[2024-04-24T05:12:16.723+0000] {processor.py:183} INFO - Processing /home/airflow/.local/lib/python3.8/site-packages/airflow/example_dags/example_task_group.py took 0.039 seconds
[2024-04-24T05:12:47.338+0000] {processor.py:161} INFO - Started process (PID=238) to work on /home/airflow/.local/lib/python3.8/site-packages/airflow/example_dags/example_task_group.py
[2024-04-24T05:12:47.339+0000] {processor.py:830} INFO - Processing file /home/airflow/.local/lib/python3.8/site-packages/airflow/example_dags/example_task_group.py for tasks to queue
[2024-04-24T05:12:47.340+0000] {logging_mixin.py:188} INFO - [2024-04-24T05:12:47.340+0000] {dagbag.py:540} INFO - Filling up the DagBag from /home/airflow/.local/lib/python3.8/site-packages/airflow/example_dags/example_task_group.py
[2024-04-24T05:12:47.344+0000] {processor.py:840} INFO - DAG(s) 'example_task_group' retrieved from /home/airflow/.local/lib/python3.8/site-packages/airflow/example_dags/example_task_group.py
[2024-04-24T05:12:47.357+0000] {logging_mixin.py:188} INFO - [2024-04-24T05:12:47.357+0000] {dag.py:3047} INFO - Sync 1 DAGs
[2024-04-24T05:12:47.369+0000] {logging_mixin.py:188} INFO - [2024-04-24T05:12:47.369+0000] {dag.py:3834} INFO - Setting next_dagrun for example_task_group to 2024-04-23 00:00:00+00:00, run_after=2024-04-24 00:00:00+00:00
[2024-04-24T05:12:47.379+0000] {processor.py:183} INFO - Processing /home/airflow/.local/lib/python3.8/site-packages/airflow/example_dags/example_task_group.py took 0.042 seconds
[2024-04-24T05:13:17.995+0000] {processor.py:161} INFO - Started process (PID=296) to work on /home/airflow/.local/lib/python3.8/site-packages/airflow/example_dags/example_task_group.py
[2024-04-24T05:13:17.996+0000] {processor.py:830} INFO - Processing file /home/airflow/.local/lib/python3.8/site-packages/airflow/example_dags/example_task_group.py for tasks to queue
[2024-04-24T05:13:17.997+0000] {logging_mixin.py:188} INFO - [2024-04-24T05:13:17.997+0000] {dagbag.py:540} INFO - Filling up the DagBag from /home/airflow/.local/lib/python3.8/site-packages/airflow/example_dags/example_task_group.py
[2024-04-24T05:13:18.001+0000] {processor.py:840} INFO - DAG(s) 'example_task_group' retrieved from /home/airflow/.local/lib/python3.8/site-packages/airflow/example_dags/example_task_group.py
[2024-04-24T05:13:18.014+0000] {logging_mixin.py:188} INFO - [2024-04-24T05:13:18.014+0000] {dag.py:3047} INFO - Sync 1 DAGs
[2024-04-24T05:13:18.026+0000] {logging_mixin.py:188} INFO - [2024-04-24T05:13:18.026+0000] {dag.py:3834} INFO - Setting next_dagrun for example_task_group to 2024-04-23 00:00:00+00:00, run_after=2024-04-24 00:00:00+00:00
[2024-04-24T05:13:18.036+0000] {processor.py:183} INFO - Processing /home/airflow/.local/lib/python3.8/site-packages/airflow/example_dags/example_task_group.py took 0.043 seconds
[2024-04-24T05:13:48.576+0000] {processor.py:161} INFO - Started process (PID=354) to work on /home/airflow/.local/lib/python3.8/site-packages/airflow/example_dags/example_task_group.py
[2024-04-24T05:13:48.577+0000] {processor.py:830} INFO - Processing file /home/airflow/.local/lib/python3.8/site-packages/airflow/example_dags/example_task_group.py for tasks to queue
[2024-04-24T05:13:48.578+0000] {logging_mixin.py:188} INFO - [2024-04-24T05:13:48.577+0000] {dagbag.py:540} INFO - Filling up the DagBag from /home/airflow/.local/lib/python3.8/site-packages/airflow/example_dags/example_task_group.py
[2024-04-24T05:13:48.582+0000] {processor.py:840} INFO - DAG(s) 'example_task_group' retrieved from /home/airflow/.local/lib/python3.8/site-packages/airflow/example_dags/example_task_group.py
[2024-04-24T05:13:48.595+0000] {logging_mixin.py:188} INFO - [2024-04-24T05:13:48.594+0000] {dag.py:3047} INFO - Sync 1 DAGs
[2024-04-24T05:13:48.606+0000] {logging_mixin.py:188} INFO - [2024-04-24T05:13:48.606+0000] {dag.py:3834} INFO - Setting next_dagrun for example_task_group to 2024-04-23 00:00:00+00:00, run_after=2024-04-24 00:00:00+00:00
[2024-04-24T05:13:48.616+0000] {processor.py:183} INFO - Processing /home/airflow/.local/lib/python3.8/site-packages/airflow/example_dags/example_task_group.py took 0.042 seconds
[2024-04-24T05:14:19.408+0000] {processor.py:161} INFO - Started process (PID=412) to work on /home/airflow/.local/lib/python3.8/site-packages/airflow/example_dags/example_task_group.py
[2024-04-24T05:14:19.408+0000] {processor.py:830} INFO - Processing file /home/airflow/.local/lib/python3.8/site-packages/airflow/example_dags/example_task_group.py for tasks to queue
[2024-04-24T05:14:19.409+0000] {logging_mixin.py:188} INFO - [2024-04-24T05:14:19.409+0000] {dagbag.py:540} INFO - Filling up the DagBag from /home/airflow/.local/lib/python3.8/site-packages/airflow/example_dags/example_task_group.py
[2024-04-24T05:14:19.413+0000] {processor.py:840} INFO - DAG(s) 'example_task_group' retrieved from /home/airflow/.local/lib/python3.8/site-packages/airflow/example_dags/example_task_group.py
[2024-04-24T05:14:19.425+0000] {logging_mixin.py:188} INFO - [2024-04-24T05:14:19.424+0000] {dag.py:3047} INFO - Sync 1 DAGs
[2024-04-24T05:14:19.436+0000] {logging_mixin.py:188} INFO - [2024-04-24T05:14:19.435+0000] {dag.py:3834} INFO - Setting next_dagrun for example_task_group to 2024-04-23 00:00:00+00:00, run_after=2024-04-24 00:00:00+00:00
[2024-04-24T05:14:19.445+0000] {processor.py:183} INFO - Processing /home/airflow/.local/lib/python3.8/site-packages/airflow/example_dags/example_task_group.py took 0.039 seconds
[2024-04-24T05:14:50.128+0000] {processor.py:161} INFO - Started process (PID=470) to work on /home/airflow/.local/lib/python3.8/site-packages/airflow/example_dags/example_task_group.py
[2024-04-24T05:14:50.129+0000] {processor.py:830} INFO - Processing file /home/airflow/.local/lib/python3.8/site-packages/airflow/example_dags/example_task_group.py for tasks to queue
[2024-04-24T05:14:50.130+0000] {logging_mixin.py:188} INFO - [2024-04-24T05:14:50.130+0000] {dagbag.py:540} INFO - Filling up the DagBag from /home/airflow/.local/lib/python3.8/site-packages/airflow/example_dags/example_task_group.py
[2024-04-24T05:14:50.134+0000] {processor.py:840} INFO - DAG(s) 'example_task_group' retrieved from /home/airflow/.local/lib/python3.8/site-packages/airflow/example_dags/example_task_group.py
[2024-04-24T05:14:50.145+0000] {logging_mixin.py:188} INFO - [2024-04-24T05:14:50.145+0000] {dag.py:3047} INFO - Sync 1 DAGs
[2024-04-24T05:14:50.156+0000] {logging_mixin.py:188} INFO - [2024-04-24T05:14:50.156+0000] {dag.py:3834} INFO - Setting next_dagrun for example_task_group to 2024-04-23 00:00:00+00:00, run_after=2024-04-24 00:00:00+00:00
[2024-04-24T05:14:50.166+0000] {processor.py:183} INFO - Processing /home/airflow/.local/lib/python3.8/site-packages/airflow/example_dags/example_task_group.py took 0.040 seconds
[2024-04-24T05:15:20.645+0000] {processor.py:161} INFO - Started process (PID=529) to work on /home/airflow/.local/lib/python3.8/site-packages/airflow/example_dags/example_task_group.py
[2024-04-24T05:15:20.645+0000] {processor.py:830} INFO - Processing file /home/airflow/.local/lib/python3.8/site-packages/airflow/example_dags/example_task_group.py for tasks to queue
[2024-04-24T05:15:20.646+0000] {logging_mixin.py:188} INFO - [2024-04-24T05:15:20.646+0000] {dagbag.py:540} INFO - Filling up the DagBag from /home/airflow/.local/lib/python3.8/site-packages/airflow/example_dags/example_task_group.py
[2024-04-24T05:15:20.650+0000] {processor.py:840} INFO - DAG(s) 'example_task_group' retrieved from /home/airflow/.local/lib/python3.8/site-packages/airflow/example_dags/example_task_group.py
[2024-04-24T05:15:20.662+0000] {logging_mixin.py:188} INFO - [2024-04-24T05:15:20.662+0000] {dag.py:3047} INFO - Sync 1 DAGs
[2024-04-24T05:15:20.673+0000] {logging_mixin.py:188} INFO - [2024-04-24T05:15:20.673+0000] {dag.py:3834} INFO - Setting next_dagrun for example_task_group to 2024-04-23 00:00:00+00:00, run_after=2024-04-24 00:00:00+00:00
[2024-04-24T05:15:20.683+0000] {processor.py:183} INFO - Processing /home/airflow/.local/lib/python3.8/site-packages/airflow/example_dags/example_task_group.py took 0.040 seconds
[2024-04-24T05:15:51.130+0000] {processor.py:161} INFO - Started process (PID=587) to work on /home/airflow/.local/lib/python3.8/site-packages/airflow/example_dags/example_task_group.py
[2024-04-24T05:15:51.131+0000] {processor.py:830} INFO - Processing file /home/airflow/.local/lib/python3.8/site-packages/airflow/example_dags/example_task_group.py for tasks to queue
[2024-04-24T05:15:51.132+0000] {logging_mixin.py:188} INFO - [2024-04-24T05:15:51.132+0000] {dagbag.py:540} INFO - Filling up the DagBag from /home/airflow/.local/lib/python3.8/site-packages/airflow/example_dags/example_task_group.py
[2024-04-24T05:15:51.136+0000] {processor.py:840} INFO - DAG(s) 'example_task_group' retrieved from /home/airflow/.local/lib/python3.8/site-packages/airflow/example_dags/example_task_group.py
[2024-04-24T05:15:51.147+0000] {logging_mixin.py:188} INFO - [2024-04-24T05:15:51.147+0000] {dag.py:3047} INFO - Sync 1 DAGs
[2024-04-24T05:15:51.159+0000] {logging_mixin.py:188} INFO - [2024-04-24T05:15:51.159+0000] {dag.py:3834} INFO - Setting next_dagrun for example_task_group to 2024-04-23 00:00:00+00:00, run_after=2024-04-24 00:00:00+00:00
[2024-04-24T05:15:51.168+0000] {processor.py:183} INFO - Processing /home/airflow/.local/lib/python3.8/site-packages/airflow/example_dags/example_task_group.py took 0.040 seconds
[2024-04-24T05:16:21.642+0000] {processor.py:161} INFO - Started process (PID=645) to work on /home/airflow/.local/lib/python3.8/site-packages/airflow/example_dags/example_task_group.py
[2024-04-24T05:16:21.643+0000] {processor.py:830} INFO - Processing file /home/airflow/.local/lib/python3.8/site-packages/airflow/example_dags/example_task_group.py for tasks to queue
[2024-04-24T05:16:21.644+0000] {logging_mixin.py:188} INFO - [2024-04-24T05:16:21.644+0000] {dagbag.py:540} INFO - Filling up the DagBag from /home/airflow/.local/lib/python3.8/site-packages/airflow/example_dags/example_task_group.py
[2024-04-24T05:16:21.648+0000] {processor.py:840} INFO - DAG(s) 'example_task_group' retrieved from /home/airflow/.local/lib/python3.8/site-packages/airflow/example_dags/example_task_group.py
[2024-04-24T05:16:21.660+0000] {logging_mixin.py:188} INFO - [2024-04-24T05:16:21.660+0000] {dag.py:3047} INFO - Sync 1 DAGs
[2024-04-24T05:16:21.671+0000] {logging_mixin.py:188} INFO - [2024-04-24T05:16:21.671+0000] {dag.py:3834} INFO - Setting next_dagrun for example_task_group to 2024-04-23 00:00:00+00:00, run_after=2024-04-24 00:00:00+00:00
[2024-04-24T05:16:21.681+0000] {processor.py:183} INFO - Processing /home/airflow/.local/lib/python3.8/site-packages/airflow/example_dags/example_task_group.py took 0.040 seconds
[2024-04-24T05:16:52.185+0000] {processor.py:161} INFO - Started process (PID=703) to work on /home/airflow/.local/lib/python3.8/site-packages/airflow/example_dags/example_task_group.py
[2024-04-24T05:16:52.185+0000] {processor.py:830} INFO - Processing file /home/airflow/.local/lib/python3.8/site-packages/airflow/example_dags/example_task_group.py for tasks to queue
[2024-04-24T05:16:52.186+0000] {logging_mixin.py:188} INFO - [2024-04-24T05:16:52.186+0000] {dagbag.py:540} INFO - Filling up the DagBag from /home/airflow/.local/lib/python3.8/site-packages/airflow/example_dags/example_task_group.py
[2024-04-24T05:16:52.190+0000] {processor.py:840} INFO - DAG(s) 'example_task_group' retrieved from /home/airflow/.local/lib/python3.8/site-packages/airflow/example_dags/example_task_group.py
[2024-04-24T05:16:52.202+0000] {logging_mixin.py:188} INFO - [2024-04-24T05:16:52.202+0000] {dag.py:3047} INFO - Sync 1 DAGs
[2024-04-24T05:16:52.213+0000] {logging_mixin.py:188} INFO - [2024-04-24T05:16:52.213+0000] {dag.py:3834} INFO - Setting next_dagrun for example_task_group to 2024-04-23 00:00:00+00:00, run_after=2024-04-24 00:00:00+00:00
[2024-04-24T05:16:52.223+0000] {processor.py:183} INFO - Processing /home/airflow/.local/lib/python3.8/site-packages/airflow/example_dags/example_task_group.py took 0.041 seconds
[2024-04-24T05:17:22.673+0000] {processor.py:161} INFO - Started process (PID=761) to work on /home/airflow/.local/lib/python3.8/site-packages/airflow/example_dags/example_task_group.py
[2024-04-24T05:17:22.674+0000] {processor.py:830} INFO - Processing file /home/airflow/.local/lib/python3.8/site-packages/airflow/example_dags/example_task_group.py for tasks to queue
[2024-04-24T05:17:22.675+0000] {logging_mixin.py:188} INFO - [2024-04-24T05:17:22.675+0000] {dagbag.py:540} INFO - Filling up the DagBag from /home/airflow/.local/lib/python3.8/site-packages/airflow/example_dags/example_task_group.py
[2024-04-24T05:17:22.679+0000] {processor.py:840} INFO - DAG(s) 'example_task_group' retrieved from /home/airflow/.local/lib/python3.8/site-packages/airflow/example_dags/example_task_group.py
[2024-04-24T05:17:22.692+0000] {logging_mixin.py:188} INFO - [2024-04-24T05:17:22.692+0000] {dag.py:3047} INFO - Sync 1 DAGs
[2024-04-24T05:17:22.704+0000] {logging_mixin.py:188} INFO - [2024-04-24T05:17:22.704+0000] {dag.py:3834} INFO - Setting next_dagrun for example_task_group to 2024-04-23 00:00:00+00:00, run_after=2024-04-24 00:00:00+00:00
[2024-04-24T05:17:22.715+0000] {processor.py:183} INFO - Processing /home/airflow/.local/lib/python3.8/site-packages/airflow/example_dags/example_task_group.py took 0.043 seconds
[2024-04-24T05:17:53.235+0000] {processor.py:161} INFO - Started process (PID=819) to work on /home/airflow/.local/lib/python3.8/site-packages/airflow/example_dags/example_task_group.py
[2024-04-24T05:17:53.236+0000] {processor.py:830} INFO - Processing file /home/airflow/.local/lib/python3.8/site-packages/airflow/example_dags/example_task_group.py for tasks to queue
[2024-04-24T05:17:53.237+0000] {logging_mixin.py:188} INFO - [2024-04-24T05:17:53.236+0000] {dagbag.py:540} INFO - Filling up the DagBag from /home/airflow/.local/lib/python3.8/site-packages/airflow/example_dags/example_task_group.py
[2024-04-24T05:17:53.241+0000] {processor.py:840} INFO - DAG(s) 'example_task_group' retrieved from /home/airflow/.local/lib/python3.8/site-packages/airflow/example_dags/example_task_group.py
[2024-04-24T05:17:53.252+0000] {logging_mixin.py:188} INFO - [2024-04-24T05:17:53.252+0000] {dag.py:3047} INFO - Sync 1 DAGs
[2024-04-24T05:17:53.264+0000] {logging_mixin.py:188} INFO - [2024-04-24T05:17:53.263+0000] {dag.py:3834} INFO - Setting next_dagrun for example_task_group to 2024-04-23 00:00:00+00:00, run_after=2024-04-24 00:00:00+00:00
[2024-04-24T05:17:53.273+0000] {processor.py:183} INFO - Processing /home/airflow/.local/lib/python3.8/site-packages/airflow/example_dags/example_task_group.py took 0.040 seconds
[2024-04-24T05:18:24.049+0000] {processor.py:161} INFO - Started process (PID=877) to work on /home/airflow/.local/lib/python3.8/site-packages/airflow/example_dags/example_task_group.py
[2024-04-24T05:18:24.050+0000] {processor.py:830} INFO - Processing file /home/airflow/.local/lib/python3.8/site-packages/airflow/example_dags/example_task_group.py for tasks to queue
[2024-04-24T05:18:24.051+0000] {logging_mixin.py:188} INFO - [2024-04-24T05:18:24.051+0000] {dagbag.py:540} INFO - Filling up the DagBag from /home/airflow/.local/lib/python3.8/site-packages/airflow/example_dags/example_task_group.py
[2024-04-24T05:18:24.055+0000] {processor.py:840} INFO - DAG(s) 'example_task_group' retrieved from /home/airflow/.local/lib/python3.8/site-packages/airflow/example_dags/example_task_group.py
[2024-04-24T05:18:24.066+0000] {logging_mixin.py:188} INFO - [2024-04-24T05:18:24.066+0000] {dag.py:3047} INFO - Sync 1 DAGs
[2024-04-24T05:18:24.079+0000] {logging_mixin.py:188} INFO - [2024-04-24T05:18:24.079+0000] {dag.py:3834} INFO - Setting next_dagrun for example_task_group to 2024-04-23 00:00:00+00:00, run_after=2024-04-24 00:00:00+00:00
[2024-04-24T05:18:24.090+0000] {processor.py:183} INFO - Processing /home/airflow/.local/lib/python3.8/site-packages/airflow/example_dags/example_task_group.py took 0.043 seconds
[2024-04-24T05:18:54.623+0000] {processor.py:161} INFO - Started process (PID=935) to work on /home/airflow/.local/lib/python3.8/site-packages/airflow/example_dags/example_task_group.py
[2024-04-24T05:18:54.623+0000] {processor.py:830} INFO - Processing file /home/airflow/.local/lib/python3.8/site-packages/airflow/example_dags/example_task_group.py for tasks to queue
[2024-04-24T05:18:54.624+0000] {logging_mixin.py:188} INFO - [2024-04-24T05:18:54.624+0000] {dagbag.py:540} INFO - Filling up the DagBag from /home/airflow/.local/lib/python3.8/site-packages/airflow/example_dags/example_task_group.py
[2024-04-24T05:18:54.628+0000] {processor.py:840} INFO - DAG(s) 'example_task_group' retrieved from /home/airflow/.local/lib/python3.8/site-packages/airflow/example_dags/example_task_group.py
[2024-04-24T05:18:54.639+0000] {logging_mixin.py:188} INFO - [2024-04-24T05:18:54.639+0000] {dag.py:3047} INFO - Sync 1 DAGs
[2024-04-24T05:18:54.650+0000] {logging_mixin.py:188} INFO - [2024-04-24T05:18:54.650+0000] {dag.py:3834} INFO - Setting next_dagrun for example_task_group to 2024-04-23 00:00:00+00:00, run_after=2024-04-24 00:00:00+00:00
[2024-04-24T05:18:54.660+0000] {processor.py:183} INFO - Processing /home/airflow/.local/lib/python3.8/site-packages/airflow/example_dags/example_task_group.py took 0.039 seconds
[2024-04-24T05:19:25.124+0000] {processor.py:161} INFO - Started process (PID=993) to work on /home/airflow/.local/lib/python3.8/site-packages/airflow/example_dags/example_task_group.py
[2024-04-24T05:19:25.125+0000] {processor.py:830} INFO - Processing file /home/airflow/.local/lib/python3.8/site-packages/airflow/example_dags/example_task_group.py for tasks to queue
[2024-04-24T05:19:25.126+0000] {logging_mixin.py:188} INFO - [2024-04-24T05:19:25.126+0000] {dagbag.py:540} INFO - Filling up the DagBag from /home/airflow/.local/lib/python3.8/site-packages/airflow/example_dags/example_task_group.py
[2024-04-24T05:19:25.130+0000] {processor.py:840} INFO - DAG(s) 'example_task_group' retrieved from /home/airflow/.local/lib/python3.8/site-packages/airflow/example_dags/example_task_group.py
[2024-04-24T05:19:25.141+0000] {logging_mixin.py:188} INFO - [2024-04-24T05:19:25.141+0000] {dag.py:3047} INFO - Sync 1 DAGs
[2024-04-24T05:19:25.152+0000] {logging_mixin.py:188} INFO - [2024-04-24T05:19:25.152+0000] {dag.py:3834} INFO - Setting next_dagrun for example_task_group to 2024-04-23 00:00:00+00:00, run_after=2024-04-24 00:00:00+00:00
[2024-04-24T05:19:25.162+0000] {processor.py:183} INFO - Processing /home/airflow/.local/lib/python3.8/site-packages/airflow/example_dags/example_task_group.py took 0.039 seconds
[2024-04-24T05:19:55.721+0000] {processor.py:161} INFO - Started process (PID=1051) to work on /home/airflow/.local/lib/python3.8/site-packages/airflow/example_dags/example_task_group.py
[2024-04-24T05:19:55.721+0000] {processor.py:830} INFO - Processing file /home/airflow/.local/lib/python3.8/site-packages/airflow/example_dags/example_task_group.py for tasks to queue
[2024-04-24T05:19:55.722+0000] {logging_mixin.py:188} INFO - [2024-04-24T05:19:55.722+0000] {dagbag.py:540} INFO - Filling up the DagBag from /home/airflow/.local/lib/python3.8/site-packages/airflow/example_dags/example_task_group.py
[2024-04-24T05:19:55.726+0000] {processor.py:840} INFO - DAG(s) 'example_task_group' retrieved from /home/airflow/.local/lib/python3.8/site-packages/airflow/example_dags/example_task_group.py
[2024-04-24T05:19:55.738+0000] {logging_mixin.py:188} INFO - [2024-04-24T05:19:55.738+0000] {dag.py:3047} INFO - Sync 1 DAGs
[2024-04-24T05:19:55.749+0000] {logging_mixin.py:188} INFO - [2024-04-24T05:19:55.749+0000] {dag.py:3834} INFO - Setting next_dagrun for example_task_group to 2024-04-23 00:00:00+00:00, run_after=2024-04-24 00:00:00+00:00
[2024-04-24T05:19:55.759+0000] {processor.py:183} INFO - Processing /home/airflow/.local/lib/python3.8/site-packages/airflow/example_dags/example_task_group.py took 0.040 seconds
[2024-04-24T05:20:26.240+0000] {processor.py:161} INFO - Started process (PID=1109) to work on /home/airflow/.local/lib/python3.8/site-packages/airflow/example_dags/example_task_group.py
[2024-04-24T05:20:26.240+0000] {processor.py:830} INFO - Processing file /home/airflow/.local/lib/python3.8/site-packages/airflow/example_dags/example_task_group.py for tasks to queue
[2024-04-24T05:20:26.241+0000] {logging_mixin.py:188} INFO - [2024-04-24T05:20:26.241+0000] {dagbag.py:540} INFO - Filling up the DagBag from /home/airflow/.local/lib/python3.8/site-packages/airflow/example_dags/example_task_group.py
[2024-04-24T05:20:26.245+0000] {processor.py:840} INFO - DAG(s) 'example_task_group' retrieved from /home/airflow/.local/lib/python3.8/site-packages/airflow/example_dags/example_task_group.py
[2024-04-24T05:20:26.256+0000] {logging_mixin.py:188} INFO - [2024-04-24T05:20:26.256+0000] {dag.py:3047} INFO - Sync 1 DAGs
[2024-04-24T05:20:26.267+0000] {logging_mixin.py:188} INFO - [2024-04-24T05:20:26.267+0000] {dag.py:3834} INFO - Setting next_dagrun for example_task_group to 2024-04-23 00:00:00+00:00, run_after=2024-04-24 00:00:00+00:00
[2024-04-24T05:20:26.276+0000] {processor.py:183} INFO - Processing /home/airflow/.local/lib/python3.8/site-packages/airflow/example_dags/example_task_group.py took 0.038 seconds
[2024-04-24T05:20:56.862+0000] {processor.py:161} INFO - Started process (PID=1167) to work on /home/airflow/.local/lib/python3.8/site-packages/airflow/example_dags/example_task_group.py
[2024-04-24T05:20:56.863+0000] {processor.py:830} INFO - Processing file /home/airflow/.local/lib/python3.8/site-packages/airflow/example_dags/example_task_group.py for tasks to queue
[2024-04-24T05:20:56.864+0000] {logging_mixin.py:188} INFO - [2024-04-24T05:20:56.864+0000] {dagbag.py:540} INFO - Filling up the DagBag from /home/airflow/.local/lib/python3.8/site-packages/airflow/example_dags/example_task_group.py
[2024-04-24T05:20:56.868+0000] {processor.py:840} INFO - DAG(s) 'example_task_group' retrieved from /home/airflow/.local/lib/python3.8/site-packages/airflow/example_dags/example_task_group.py
[2024-04-24T05:20:56.879+0000] {logging_mixin.py:188} INFO - [2024-04-24T05:20:56.879+0000] {dag.py:3047} INFO - Sync 1 DAGs
[2024-04-24T05:20:56.890+0000] {logging_mixin.py:188} INFO - [2024-04-24T05:20:56.890+0000] {dag.py:3834} INFO - Setting next_dagrun for example_task_group to 2024-04-23 00:00:00+00:00, run_after=2024-04-24 00:00:00+00:00
[2024-04-24T05:20:56.899+0000] {processor.py:183} INFO - Processing /home/airflow/.local/lib/python3.8/site-packages/airflow/example_dags/example_task_group.py took 0.038 seconds
[2024-04-24T05:21:27.357+0000] {processor.py:161} INFO - Started process (PID=1225) to work on /home/airflow/.local/lib/python3.8/site-packages/airflow/example_dags/example_task_group.py
[2024-04-24T05:21:27.358+0000] {processor.py:830} INFO - Processing file /home/airflow/.local/lib/python3.8/site-packages/airflow/example_dags/example_task_group.py for tasks to queue
[2024-04-24T05:21:27.359+0000] {logging_mixin.py:188} INFO - [2024-04-24T05:21:27.359+0000] {dagbag.py:540} INFO - Filling up the DagBag from /home/airflow/.local/lib/python3.8/site-packages/airflow/example_dags/example_task_group.py
[2024-04-24T05:21:27.363+0000] {processor.py:840} INFO - DAG(s) 'example_task_group' retrieved from /home/airflow/.local/lib/python3.8/site-packages/airflow/example_dags/example_task_group.py
[2024-04-24T05:21:27.374+0000] {logging_mixin.py:188} INFO - [2024-04-24T05:21:27.374+0000] {dag.py:3047} INFO - Sync 1 DAGs
[2024-04-24T05:21:27.386+0000] {logging_mixin.py:188} INFO - [2024-04-24T05:21:27.385+0000] {dag.py:3834} INFO - Setting next_dagrun for example_task_group to 2024-04-23 00:00:00+00:00, run_after=2024-04-24 00:00:00+00:00
[2024-04-24T05:21:27.395+0000] {processor.py:183} INFO - Processing /home/airflow/.local/lib/python3.8/site-packages/airflow/example_dags/example_task_group.py took 0.039 seconds
[2024-04-24T05:21:57.855+0000] {processor.py:161} INFO - Started process (PID=1283) to work on /home/airflow/.local/lib/python3.8/site-packages/airflow/example_dags/example_task_group.py
[2024-04-24T05:21:57.856+0000] {processor.py:830} INFO - Processing file /home/airflow/.local/lib/python3.8/site-packages/airflow/example_dags/example_task_group.py for tasks to queue
[2024-04-24T05:21:57.857+0000] {logging_mixin.py:188} INFO - [2024-04-24T05:21:57.857+0000] {dagbag.py:540} INFO - Filling up the DagBag from /home/airflow/.local/lib/python3.8/site-packages/airflow/example_dags/example_task_group.py
[2024-04-24T05:21:57.861+0000] {processor.py:840} INFO - DAG(s) 'example_task_group' retrieved from /home/airflow/.local/lib/python3.8/site-packages/airflow/example_dags/example_task_group.py
[2024-04-24T05:21:57.872+0000] {logging_mixin.py:188} INFO - [2024-04-24T05:21:57.872+0000] {dag.py:3047} INFO - Sync 1 DAGs
[2024-04-24T05:21:57.883+0000] {logging_mixin.py:188} INFO - [2024-04-24T05:21:57.883+0000] {dag.py:3834} INFO - Setting next_dagrun for example_task_group to 2024-04-23 00:00:00+00:00, run_after=2024-04-24 00:00:00+00:00
[2024-04-24T05:21:57.895+0000] {processor.py:183} INFO - Processing /home/airflow/.local/lib/python3.8/site-packages/airflow/example_dags/example_task_group.py took 0.042 seconds
[2024-04-24T05:22:28.321+0000] {processor.py:161} INFO - Started process (PID=1341) to work on /home/airflow/.local/lib/python3.8/site-packages/airflow/example_dags/example_task_group.py
[2024-04-24T05:22:28.321+0000] {processor.py:830} INFO - Processing file /home/airflow/.local/lib/python3.8/site-packages/airflow/example_dags/example_task_group.py for tasks to queue
[2024-04-24T05:22:28.322+0000] {logging_mixin.py:188} INFO - [2024-04-24T05:22:28.322+0000] {dagbag.py:540} INFO - Filling up the DagBag from /home/airflow/.local/lib/python3.8/site-packages/airflow/example_dags/example_task_group.py
[2024-04-24T05:22:28.326+0000] {processor.py:840} INFO - DAG(s) 'example_task_group' retrieved from /home/airflow/.local/lib/python3.8/site-packages/airflow/example_dags/example_task_group.py
[2024-04-24T05:22:28.337+0000] {logging_mixin.py:188} INFO - [2024-04-24T05:22:28.337+0000] {dag.py:3047} INFO - Sync 1 DAGs
[2024-04-24T05:22:28.348+0000] {logging_mixin.py:188} INFO - [2024-04-24T05:22:28.348+0000] {dag.py:3834} INFO - Setting next_dagrun for example_task_group to 2024-04-23 00:00:00+00:00, run_after=2024-04-24 00:00:00+00:00
[2024-04-24T05:22:28.357+0000] {processor.py:183} INFO - Processing /home/airflow/.local/lib/python3.8/site-packages/airflow/example_dags/example_task_group.py took 0.039 seconds
[2024-04-24T05:22:58.874+0000] {processor.py:161} INFO - Started process (PID=1399) to work on /home/airflow/.local/lib/python3.8/site-packages/airflow/example_dags/example_task_group.py
[2024-04-24T05:22:58.874+0000] {processor.py:830} INFO - Processing file /home/airflow/.local/lib/python3.8/site-packages/airflow/example_dags/example_task_group.py for tasks to queue
[2024-04-24T05:22:58.876+0000] {logging_mixin.py:188} INFO - [2024-04-24T05:22:58.875+0000] {dagbag.py:540} INFO - Filling up the DagBag from /home/airflow/.local/lib/python3.8/site-packages/airflow/example_dags/example_task_group.py
[2024-04-24T05:22:58.879+0000] {processor.py:840} INFO - DAG(s) 'example_task_group' retrieved from /home/airflow/.local/lib/python3.8/site-packages/airflow/example_dags/example_task_group.py
[2024-04-24T05:22:58.891+0000] {logging_mixin.py:188} INFO - [2024-04-24T05:22:58.890+0000] {dag.py:3047} INFO - Sync 1 DAGs
[2024-04-24T05:22:58.902+0000] {logging_mixin.py:188} INFO - [2024-04-24T05:22:58.902+0000] {dag.py:3834} INFO - Setting next_dagrun for example_task_group to 2024-04-23 00:00:00+00:00, run_after=2024-04-24 00:00:00+00:00
[2024-04-24T05:22:58.912+0000] {processor.py:183} INFO - Processing /home/airflow/.local/lib/python3.8/site-packages/airflow/example_dags/example_task_group.py took 0.040 seconds
[2024-04-24T05:23:29.366+0000] {processor.py:161} INFO - Started process (PID=1457) to work on /home/airflow/.local/lib/python3.8/site-packages/airflow/example_dags/example_task_group.py
[2024-04-24T05:23:29.367+0000] {processor.py:830} INFO - Processing file /home/airflow/.local/lib/python3.8/site-packages/airflow/example_dags/example_task_group.py for tasks to queue
[2024-04-24T05:23:29.368+0000] {logging_mixin.py:188} INFO - [2024-04-24T05:23:29.368+0000] {dagbag.py:540} INFO - Filling up the DagBag from /home/airflow/.local/lib/python3.8/site-packages/airflow/example_dags/example_task_group.py
[2024-04-24T05:23:29.371+0000] {processor.py:840} INFO - DAG(s) 'example_task_group' retrieved from /home/airflow/.local/lib/python3.8/site-packages/airflow/example_dags/example_task_group.py
[2024-04-24T05:23:29.383+0000] {logging_mixin.py:188} INFO - [2024-04-24T05:23:29.382+0000] {dag.py:3047} INFO - Sync 1 DAGs
[2024-04-24T05:23:29.394+0000] {logging_mixin.py:188} INFO - [2024-04-24T05:23:29.394+0000] {dag.py:3834} INFO - Setting next_dagrun for example_task_group to 2024-04-23 00:00:00+00:00, run_after=2024-04-24 00:00:00+00:00
[2024-04-24T05:23:29.403+0000] {processor.py:183} INFO - Processing /home/airflow/.local/lib/python3.8/site-packages/airflow/example_dags/example_task_group.py took 0.039 seconds
[2024-04-24T05:23:59.888+0000] {processor.py:161} INFO - Started process (PID=1515) to work on /home/airflow/.local/lib/python3.8/site-packages/airflow/example_dags/example_task_group.py
[2024-04-24T05:23:59.889+0000] {processor.py:830} INFO - Processing file /home/airflow/.local/lib/python3.8/site-packages/airflow/example_dags/example_task_group.py for tasks to queue
[2024-04-24T05:23:59.890+0000] {logging_mixin.py:188} INFO - [2024-04-24T05:23:59.890+0000] {dagbag.py:540} INFO - Filling up the DagBag from /home/airflow/.local/lib/python3.8/site-packages/airflow/example_dags/example_task_group.py
[2024-04-24T05:23:59.894+0000] {processor.py:840} INFO - DAG(s) 'example_task_group' retrieved from /home/airflow/.local/lib/python3.8/site-packages/airflow/example_dags/example_task_group.py
[2024-04-24T05:23:59.905+0000] {logging_mixin.py:188} INFO - [2024-04-24T05:23:59.905+0000] {dag.py:3047} INFO - Sync 1 DAGs
[2024-04-24T05:23:59.917+0000] {logging_mixin.py:188} INFO - [2024-04-24T05:23:59.917+0000] {dag.py:3834} INFO - Setting next_dagrun for example_task_group to 2024-04-23 00:00:00+00:00, run_after=2024-04-24 00:00:00+00:00
[2024-04-24T05:23:59.927+0000] {processor.py:183} INFO - Processing /home/airflow/.local/lib/python3.8/site-packages/airflow/example_dags/example_task_group.py took 0.040 seconds
[2024-04-24T05:24:30.375+0000] {processor.py:161} INFO - Started process (PID=1573) to work on /home/airflow/.local/lib/python3.8/site-packages/airflow/example_dags/example_task_group.py
[2024-04-24T05:24:30.376+0000] {processor.py:830} INFO - Processing file /home/airflow/.local/lib/python3.8/site-packages/airflow/example_dags/example_task_group.py for tasks to queue
[2024-04-24T05:24:30.377+0000] {logging_mixin.py:188} INFO - [2024-04-24T05:24:30.377+0000] {dagbag.py:540} INFO - Filling up the DagBag from /home/airflow/.local/lib/python3.8/site-packages/airflow/example_dags/example_task_group.py
[2024-04-24T05:24:30.381+0000] {processor.py:840} INFO - DAG(s) 'example_task_group' retrieved from /home/airflow/.local/lib/python3.8/site-packages/airflow/example_dags/example_task_group.py
[2024-04-24T05:24:30.392+0000] {logging_mixin.py:188} INFO - [2024-04-24T05:24:30.392+0000] {dag.py:3047} INFO - Sync 1 DAGs
[2024-04-24T05:24:30.403+0000] {logging_mixin.py:188} INFO - [2024-04-24T05:24:30.403+0000] {dag.py:3834} INFO - Setting next_dagrun for example_task_group to 2024-04-23 00:00:00+00:00, run_after=2024-04-24 00:00:00+00:00
[2024-04-24T05:24:30.413+0000] {processor.py:183} INFO - Processing /home/airflow/.local/lib/python3.8/site-packages/airflow/example_dags/example_task_group.py took 0.039 seconds
[2024-04-24T05:25:00.841+0000] {processor.py:161} INFO - Started process (PID=1631) to work on /home/airflow/.local/lib/python3.8/site-packages/airflow/example_dags/example_task_group.py
[2024-04-24T05:25:00.842+0000] {processor.py:830} INFO - Processing file /home/airflow/.local/lib/python3.8/site-packages/airflow/example_dags/example_task_group.py for tasks to queue
[2024-04-24T05:25:00.843+0000] {logging_mixin.py:188} INFO - [2024-04-24T05:25:00.842+0000] {dagbag.py:540} INFO - Filling up the DagBag from /home/airflow/.local/lib/python3.8/site-packages/airflow/example_dags/example_task_group.py
[2024-04-24T05:25:00.846+0000] {processor.py:840} INFO - DAG(s) 'example_task_group' retrieved from /home/airflow/.local/lib/python3.8/site-packages/airflow/example_dags/example_task_group.py
[2024-04-24T05:25:00.857+0000] {logging_mixin.py:188} INFO - [2024-04-24T05:25:00.857+0000] {dag.py:3047} INFO - Sync 1 DAGs
[2024-04-24T05:25:00.868+0000] {logging_mixin.py:188} INFO - [2024-04-24T05:25:00.868+0000] {dag.py:3834} INFO - Setting next_dagrun for example_task_group to 2024-04-23 00:00:00+00:00, run_after=2024-04-24 00:00:00+00:00
[2024-04-24T05:25:00.878+0000] {processor.py:183} INFO - Processing /home/airflow/.local/lib/python3.8/site-packages/airflow/example_dags/example_task_group.py took 0.038 seconds
[2024-04-24T05:25:31.299+0000] {processor.py:161} INFO - Started process (PID=1689) to work on /home/airflow/.local/lib/python3.8/site-packages/airflow/example_dags/example_task_group.py
[2024-04-24T05:25:31.299+0000] {processor.py:830} INFO - Processing file /home/airflow/.local/lib/python3.8/site-packages/airflow/example_dags/example_task_group.py for tasks to queue
[2024-04-24T05:25:31.300+0000] {logging_mixin.py:188} INFO - [2024-04-24T05:25:31.300+0000] {dagbag.py:540} INFO - Filling up the DagBag from /home/airflow/.local/lib/python3.8/site-packages/airflow/example_dags/example_task_group.py
[2024-04-24T05:25:31.304+0000] {processor.py:840} INFO - DAG(s) 'example_task_group' retrieved from /home/airflow/.local/lib/python3.8/site-packages/airflow/example_dags/example_task_group.py
[2024-04-24T05:25:31.315+0000] {logging_mixin.py:188} INFO - [2024-04-24T05:25:31.315+0000] {dag.py:3047} INFO - Sync 1 DAGs
[2024-04-24T05:25:31.326+0000] {logging_mixin.py:188} INFO - [2024-04-24T05:25:31.326+0000] {dag.py:3834} INFO - Setting next_dagrun for example_task_group to 2024-04-23 00:00:00+00:00, run_after=2024-04-24 00:00:00+00:00
[2024-04-24T05:25:31.336+0000] {processor.py:183} INFO - Processing /home/airflow/.local/lib/python3.8/site-packages/airflow/example_dags/example_task_group.py took 0.039 seconds
[2024-04-24T05:26:01.977+0000] {processor.py:161} INFO - Started process (PID=1747) to work on /home/airflow/.local/lib/python3.8/site-packages/airflow/example_dags/example_task_group.py
[2024-04-24T05:26:01.978+0000] {processor.py:830} INFO - Processing file /home/airflow/.local/lib/python3.8/site-packages/airflow/example_dags/example_task_group.py for tasks to queue
[2024-04-24T05:26:01.979+0000] {logging_mixin.py:188} INFO - [2024-04-24T05:26:01.979+0000] {dagbag.py:540} INFO - Filling up the DagBag from /home/airflow/.local/lib/python3.8/site-packages/airflow/example_dags/example_task_group.py
[2024-04-24T05:26:01.983+0000] {processor.py:840} INFO - DAG(s) 'example_task_group' retrieved from /home/airflow/.local/lib/python3.8/site-packages/airflow/example_dags/example_task_group.py
[2024-04-24T05:26:01.994+0000] {logging_mixin.py:188} INFO - [2024-04-24T05:26:01.994+0000] {dag.py:3047} INFO - Sync 1 DAGs
[2024-04-24T05:26:02.006+0000] {logging_mixin.py:188} INFO - [2024-04-24T05:26:02.005+0000] {dag.py:3834} INFO - Setting next_dagrun for example_task_group to 2024-04-23 00:00:00+00:00, run_after=2024-04-24 00:00:00+00:00
[2024-04-24T05:26:02.015+0000] {processor.py:183} INFO - Processing /home/airflow/.local/lib/python3.8/site-packages/airflow/example_dags/example_task_group.py took 0.040 seconds
[2024-04-24T05:26:32.565+0000] {processor.py:161} INFO - Started process (PID=1805) to work on /home/airflow/.local/lib/python3.8/site-packages/airflow/example_dags/example_task_group.py
[2024-04-24T05:26:32.566+0000] {processor.py:830} INFO - Processing file /home/airflow/.local/lib/python3.8/site-packages/airflow/example_dags/example_task_group.py for tasks to queue
[2024-04-24T05:26:32.567+0000] {logging_mixin.py:188} INFO - [2024-04-24T05:26:32.567+0000] {dagbag.py:540} INFO - Filling up the DagBag from /home/airflow/.local/lib/python3.8/site-packages/airflow/example_dags/example_task_group.py
[2024-04-24T05:26:32.571+0000] {processor.py:840} INFO - DAG(s) 'example_task_group' retrieved from /home/airflow/.local/lib/python3.8/site-packages/airflow/example_dags/example_task_group.py
[2024-04-24T05:26:32.582+0000] {logging_mixin.py:188} INFO - [2024-04-24T05:26:32.582+0000] {dag.py:3047} INFO - Sync 1 DAGs
[2024-04-24T05:26:32.593+0000] {logging_mixin.py:188} INFO - [2024-04-24T05:26:32.593+0000] {dag.py:3834} INFO - Setting next_dagrun for example_task_group to 2024-04-23 00:00:00+00:00, run_after=2024-04-24 00:00:00+00:00
[2024-04-24T05:26:32.602+0000] {processor.py:183} INFO - Processing /home/airflow/.local/lib/python3.8/site-packages/airflow/example_dags/example_task_group.py took 0.039 seconds
[2024-04-24T05:27:03.296+0000] {processor.py:161} INFO - Started process (PID=1863) to work on /home/airflow/.local/lib/python3.8/site-packages/airflow/example_dags/example_task_group.py
[2024-04-24T05:27:03.296+0000] {processor.py:830} INFO - Processing file /home/airflow/.local/lib/python3.8/site-packages/airflow/example_dags/example_task_group.py for tasks to queue
[2024-04-24T05:27:03.297+0000] {logging_mixin.py:188} INFO - [2024-04-24T05:27:03.297+0000] {dagbag.py:540} INFO - Filling up the DagBag from /home/airflow/.local/lib/python3.8/site-packages/airflow/example_dags/example_task_group.py
[2024-04-24T05:27:03.301+0000] {processor.py:840} INFO - DAG(s) 'example_task_group' retrieved from /home/airflow/.local/lib/python3.8/site-packages/airflow/example_dags/example_task_group.py
[2024-04-24T05:27:03.312+0000] {logging_mixin.py:188} INFO - [2024-04-24T05:27:03.312+0000] {dag.py:3047} INFO - Sync 1 DAGs
[2024-04-24T05:27:03.323+0000] {logging_mixin.py:188} INFO - [2024-04-24T05:27:03.323+0000] {dag.py:3834} INFO - Setting next_dagrun for example_task_group to 2024-04-23 00:00:00+00:00, run_after=2024-04-24 00:00:00+00:00
[2024-04-24T05:27:03.332+0000] {processor.py:183} INFO - Processing /home/airflow/.local/lib/python3.8/site-packages/airflow/example_dags/example_task_group.py took 0.038 seconds
[2024-04-24T05:27:33.846+0000] {processor.py:161} INFO - Started process (PID=1921) to work on /home/airflow/.local/lib/python3.8/site-packages/airflow/example_dags/example_task_group.py
[2024-04-24T05:27:33.846+0000] {processor.py:830} INFO - Processing file /home/airflow/.local/lib/python3.8/site-packages/airflow/example_dags/example_task_group.py for tasks to queue
[2024-04-24T05:27:33.848+0000] {logging_mixin.py:188} INFO - [2024-04-24T05:27:33.847+0000] {dagbag.py:540} INFO - Filling up the DagBag from /home/airflow/.local/lib/python3.8/site-packages/airflow/example_dags/example_task_group.py
[2024-04-24T05:27:33.851+0000] {processor.py:840} INFO - DAG(s) 'example_task_group' retrieved from /home/airflow/.local/lib/python3.8/site-packages/airflow/example_dags/example_task_group.py
[2024-04-24T05:27:33.863+0000] {logging_mixin.py:188} INFO - [2024-04-24T05:27:33.863+0000] {dag.py:3047} INFO - Sync 1 DAGs
[2024-04-24T05:27:33.874+0000] {logging_mixin.py:188} INFO - [2024-04-24T05:27:33.874+0000] {dag.py:3834} INFO - Setting next_dagrun for example_task_group to 2024-04-23 00:00:00+00:00, run_after=2024-04-24 00:00:00+00:00
[2024-04-24T05:27:33.884+0000] {processor.py:183} INFO - Processing /home/airflow/.local/lib/python3.8/site-packages/airflow/example_dags/example_task_group.py took 0.040 seconds
[2024-04-24T05:28:04.439+0000] {processor.py:161} INFO - Started process (PID=1979) to work on /home/airflow/.local/lib/python3.8/site-packages/airflow/example_dags/example_task_group.py
[2024-04-24T05:28:04.440+0000] {processor.py:830} INFO - Processing file /home/airflow/.local/lib/python3.8/site-packages/airflow/example_dags/example_task_group.py for tasks to queue
[2024-04-24T05:28:04.441+0000] {logging_mixin.py:188} INFO - [2024-04-24T05:28:04.441+0000] {dagbag.py:540} INFO - Filling up the DagBag from /home/airflow/.local/lib/python3.8/site-packages/airflow/example_dags/example_task_group.py
[2024-04-24T05:28:04.445+0000] {processor.py:840} INFO - DAG(s) 'example_task_group' retrieved from /home/airflow/.local/lib/python3.8/site-packages/airflow/example_dags/example_task_group.py
[2024-04-24T05:28:04.458+0000] {logging_mixin.py:188} INFO - [2024-04-24T05:28:04.458+0000] {dag.py:3047} INFO - Sync 1 DAGs
[2024-04-24T05:28:04.470+0000] {logging_mixin.py:188} INFO - [2024-04-24T05:28:04.470+0000] {dag.py:3834} INFO - Setting next_dagrun for example_task_group to 2024-04-23 00:00:00+00:00, run_after=2024-04-24 00:00:00+00:00
[2024-04-24T05:28:04.480+0000] {processor.py:183} INFO - Processing /home/airflow/.local/lib/python3.8/site-packages/airflow/example_dags/example_task_group.py took 0.043 seconds
[2024-04-24T05:28:35.167+0000] {processor.py:161} INFO - Started process (PID=2037) to work on /home/airflow/.local/lib/python3.8/site-packages/airflow/example_dags/example_task_group.py
[2024-04-24T05:28:35.168+0000] {processor.py:830} INFO - Processing file /home/airflow/.local/lib/python3.8/site-packages/airflow/example_dags/example_task_group.py for tasks to queue
[2024-04-24T05:28:35.169+0000] {logging_mixin.py:188} INFO - [2024-04-24T05:28:35.169+0000] {dagbag.py:540} INFO - Filling up the DagBag from /home/airflow/.local/lib/python3.8/site-packages/airflow/example_dags/example_task_group.py
[2024-04-24T05:28:35.173+0000] {processor.py:840} INFO - DAG(s) 'example_task_group' retrieved from /home/airflow/.local/lib/python3.8/site-packages/airflow/example_dags/example_task_group.py
[2024-04-24T05:28:35.254+0000] {logging_mixin.py:188} INFO - [2024-04-24T05:28:35.254+0000] {dag.py:3047} INFO - Sync 1 DAGs
[2024-04-24T05:28:35.267+0000] {logging_mixin.py:188} INFO - [2024-04-24T05:28:35.267+0000] {dag.py:3834} INFO - Setting next_dagrun for example_task_group to 2024-04-23 00:00:00+00:00, run_after=2024-04-24 00:00:00+00:00
[2024-04-24T05:28:35.277+0000] {processor.py:183} INFO - Processing /home/airflow/.local/lib/python3.8/site-packages/airflow/example_dags/example_task_group.py took 0.112 seconds
[2024-04-24T05:29:05.842+0000] {processor.py:161} INFO - Started process (PID=2095) to work on /home/airflow/.local/lib/python3.8/site-packages/airflow/example_dags/example_task_group.py
[2024-04-24T05:29:05.843+0000] {processor.py:830} INFO - Processing file /home/airflow/.local/lib/python3.8/site-packages/airflow/example_dags/example_task_group.py for tasks to queue
[2024-04-24T05:29:05.844+0000] {logging_mixin.py:188} INFO - [2024-04-24T05:29:05.844+0000] {dagbag.py:540} INFO - Filling up the DagBag from /home/airflow/.local/lib/python3.8/site-packages/airflow/example_dags/example_task_group.py
[2024-04-24T05:29:05.848+0000] {processor.py:840} INFO - DAG(s) 'example_task_group' retrieved from /home/airflow/.local/lib/python3.8/site-packages/airflow/example_dags/example_task_group.py
[2024-04-24T05:29:05.859+0000] {logging_mixin.py:188} INFO - [2024-04-24T05:29:05.859+0000] {dag.py:3047} INFO - Sync 1 DAGs
[2024-04-24T05:29:05.870+0000] {logging_mixin.py:188} INFO - [2024-04-24T05:29:05.870+0000] {dag.py:3834} INFO - Setting next_dagrun for example_task_group to 2024-04-23 00:00:00+00:00, run_after=2024-04-24 00:00:00+00:00
[2024-04-24T05:29:05.880+0000] {processor.py:183} INFO - Processing /home/airflow/.local/lib/python3.8/site-packages/airflow/example_dags/example_task_group.py took 0.040 seconds
[2024-04-24T05:29:36.487+0000] {processor.py:161} INFO - Started process (PID=2153) to work on /home/airflow/.local/lib/python3.8/site-packages/airflow/example_dags/example_task_group.py
[2024-04-24T05:29:36.488+0000] {processor.py:830} INFO - Processing file /home/airflow/.local/lib/python3.8/site-packages/airflow/example_dags/example_task_group.py for tasks to queue
[2024-04-24T05:29:36.489+0000] {logging_mixin.py:188} INFO - [2024-04-24T05:29:36.489+0000] {dagbag.py:540} INFO - Filling up the DagBag from /home/airflow/.local/lib/python3.8/site-packages/airflow/example_dags/example_task_group.py
[2024-04-24T05:29:36.493+0000] {processor.py:840} INFO - DAG(s) 'example_task_group' retrieved from /home/airflow/.local/lib/python3.8/site-packages/airflow/example_dags/example_task_group.py
[2024-04-24T05:29:36.504+0000] {logging_mixin.py:188} INFO - [2024-04-24T05:29:36.504+0000] {dag.py:3047} INFO - Sync 1 DAGs
[2024-04-24T05:29:36.515+0000] {logging_mixin.py:188} INFO - [2024-04-24T05:29:36.515+0000] {dag.py:3834} INFO - Setting next_dagrun for example_task_group to 2024-04-23 00:00:00+00:00, run_after=2024-04-24 00:00:00+00:00
[2024-04-24T05:29:36.525+0000] {processor.py:183} INFO - Processing /home/airflow/.local/lib/python3.8/site-packages/airflow/example_dags/example_task_group.py took 0.039 seconds
[2024-04-24T05:30:06.965+0000] {processor.py:161} INFO - Started process (PID=2211) to work on /home/airflow/.local/lib/python3.8/site-packages/airflow/example_dags/example_task_group.py
[2024-04-24T05:30:06.966+0000] {processor.py:830} INFO - Processing file /home/airflow/.local/lib/python3.8/site-packages/airflow/example_dags/example_task_group.py for tasks to queue
[2024-04-24T05:30:06.967+0000] {logging_mixin.py:188} INFO - [2024-04-24T05:30:06.967+0000] {dagbag.py:540} INFO - Filling up the DagBag from /home/airflow/.local/lib/python3.8/site-packages/airflow/example_dags/example_task_group.py
[2024-04-24T05:30:06.971+0000] {processor.py:840} INFO - DAG(s) 'example_task_group' retrieved from /home/airflow/.local/lib/python3.8/site-packages/airflow/example_dags/example_task_group.py
[2024-04-24T05:30:06.982+0000] {logging_mixin.py:188} INFO - [2024-04-24T05:30:06.982+0000] {dag.py:3047} INFO - Sync 1 DAGs
[2024-04-24T05:30:06.993+0000] {logging_mixin.py:188} INFO - [2024-04-24T05:30:06.993+0000] {dag.py:3834} INFO - Setting next_dagrun for example_task_group to 2024-04-23 00:00:00+00:00, run_after=2024-04-24 00:00:00+00:00
[2024-04-24T05:30:07.002+0000] {processor.py:183} INFO - Processing /home/airflow/.local/lib/python3.8/site-packages/airflow/example_dags/example_task_group.py took 0.039 seconds
[2024-04-24T05:30:37.560+0000] {processor.py:161} INFO - Started process (PID=2269) to work on /home/airflow/.local/lib/python3.8/site-packages/airflow/example_dags/example_task_group.py
[2024-04-24T05:30:37.560+0000] {processor.py:830} INFO - Processing file /home/airflow/.local/lib/python3.8/site-packages/airflow/example_dags/example_task_group.py for tasks to queue
[2024-04-24T05:30:37.561+0000] {logging_mixin.py:188} INFO - [2024-04-24T05:30:37.561+0000] {dagbag.py:540} INFO - Filling up the DagBag from /home/airflow/.local/lib/python3.8/site-packages/airflow/example_dags/example_task_group.py
[2024-04-24T05:30:37.565+0000] {processor.py:840} INFO - DAG(s) 'example_task_group' retrieved from /home/airflow/.local/lib/python3.8/site-packages/airflow/example_dags/example_task_group.py
[2024-04-24T05:30:37.577+0000] {logging_mixin.py:188} INFO - [2024-04-24T05:30:37.577+0000] {dag.py:3047} INFO - Sync 1 DAGs
[2024-04-24T05:30:37.588+0000] {logging_mixin.py:188} INFO - [2024-04-24T05:30:37.588+0000] {dag.py:3834} INFO - Setting next_dagrun for example_task_group to 2024-04-23 00:00:00+00:00, run_after=2024-04-24 00:00:00+00:00
[2024-04-24T05:30:37.597+0000] {processor.py:183} INFO - Processing /home/airflow/.local/lib/python3.8/site-packages/airflow/example_dags/example_task_group.py took 0.039 seconds
[2024-04-24T05:31:08.102+0000] {processor.py:161} INFO - Started process (PID=2327) to work on /home/airflow/.local/lib/python3.8/site-packages/airflow/example_dags/example_task_group.py
[2024-04-24T05:31:08.103+0000] {processor.py:830} INFO - Processing file /home/airflow/.local/lib/python3.8/site-packages/airflow/example_dags/example_task_group.py for tasks to queue
[2024-04-24T05:31:08.104+0000] {logging_mixin.py:188} INFO - [2024-04-24T05:31:08.104+0000] {dagbag.py:540} INFO - Filling up the DagBag from /home/airflow/.local/lib/python3.8/site-packages/airflow/example_dags/example_task_group.py
[2024-04-24T05:31:08.108+0000] {processor.py:840} INFO - DAG(s) 'example_task_group' retrieved from /home/airflow/.local/lib/python3.8/site-packages/airflow/example_dags/example_task_group.py
[2024-04-24T05:31:08.120+0000] {logging_mixin.py:188} INFO - [2024-04-24T05:31:08.119+0000] {dag.py:3047} INFO - Sync 1 DAGs
[2024-04-24T05:31:08.131+0000] {logging_mixin.py:188} INFO - [2024-04-24T05:31:08.131+0000] {dag.py:3834} INFO - Setting next_dagrun for example_task_group to 2024-04-23 00:00:00+00:00, run_after=2024-04-24 00:00:00+00:00
[2024-04-24T05:31:08.141+0000] {processor.py:183} INFO - Processing /home/airflow/.local/lib/python3.8/site-packages/airflow/example_dags/example_task_group.py took 0.040 seconds
[2024-04-24T05:31:38.917+0000] {processor.py:161} INFO - Started process (PID=2385) to work on /home/airflow/.local/lib/python3.8/site-packages/airflow/example_dags/example_task_group.py
[2024-04-24T05:31:38.917+0000] {processor.py:830} INFO - Processing file /home/airflow/.local/lib/python3.8/site-packages/airflow/example_dags/example_task_group.py for tasks to queue
[2024-04-24T05:31:38.919+0000] {logging_mixin.py:188} INFO - [2024-04-24T05:31:38.919+0000] {dagbag.py:540} INFO - Filling up the DagBag from /home/airflow/.local/lib/python3.8/site-packages/airflow/example_dags/example_task_group.py
[2024-04-24T05:31:38.924+0000] {processor.py:840} INFO - DAG(s) 'example_task_group' retrieved from /home/airflow/.local/lib/python3.8/site-packages/airflow/example_dags/example_task_group.py
[2024-04-24T05:31:38.937+0000] {logging_mixin.py:188} INFO - [2024-04-24T05:31:38.937+0000] {dag.py:3047} INFO - Sync 1 DAGs
[2024-04-24T05:31:38.949+0000] {logging_mixin.py:188} INFO - [2024-04-24T05:31:38.949+0000] {dag.py:3834} INFO - Setting next_dagrun for example_task_group to 2024-04-23 00:00:00+00:00, run_after=2024-04-24 00:00:00+00:00
[2024-04-24T05:31:38.960+0000] {processor.py:183} INFO - Processing /home/airflow/.local/lib/python3.8/site-packages/airflow/example_dags/example_task_group.py took 0.046 seconds
[2024-04-24T05:32:09.535+0000] {processor.py:161} INFO - Started process (PID=2443) to work on /home/airflow/.local/lib/python3.8/site-packages/airflow/example_dags/example_task_group.py
[2024-04-24T05:32:09.536+0000] {processor.py:830} INFO - Processing file /home/airflow/.local/lib/python3.8/site-packages/airflow/example_dags/example_task_group.py for tasks to queue
[2024-04-24T05:32:09.537+0000] {logging_mixin.py:188} INFO - [2024-04-24T05:32:09.537+0000] {dagbag.py:540} INFO - Filling up the DagBag from /home/airflow/.local/lib/python3.8/site-packages/airflow/example_dags/example_task_group.py
[2024-04-24T05:32:09.541+0000] {processor.py:840} INFO - DAG(s) 'example_task_group' retrieved from /home/airflow/.local/lib/python3.8/site-packages/airflow/example_dags/example_task_group.py
[2024-04-24T05:32:09.552+0000] {logging_mixin.py:188} INFO - [2024-04-24T05:32:09.552+0000] {dag.py:3047} INFO - Sync 1 DAGs
[2024-04-24T05:32:09.563+0000] {logging_mixin.py:188} INFO - [2024-04-24T05:32:09.563+0000] {dag.py:3834} INFO - Setting next_dagrun for example_task_group to 2024-04-23 00:00:00+00:00, run_after=2024-04-24 00:00:00+00:00
[2024-04-24T05:32:09.573+0000] {processor.py:183} INFO - Processing /home/airflow/.local/lib/python3.8/site-packages/airflow/example_dags/example_task_group.py took 0.040 seconds
[2024-04-24T05:32:40.109+0000] {processor.py:161} INFO - Started process (PID=2502) to work on /home/airflow/.local/lib/python3.8/site-packages/airflow/example_dags/example_task_group.py
[2024-04-24T05:32:40.110+0000] {processor.py:830} INFO - Processing file /home/airflow/.local/lib/python3.8/site-packages/airflow/example_dags/example_task_group.py for tasks to queue
[2024-04-24T05:32:40.111+0000] {logging_mixin.py:188} INFO - [2024-04-24T05:32:40.111+0000] {dagbag.py:540} INFO - Filling up the DagBag from /home/airflow/.local/lib/python3.8/site-packages/airflow/example_dags/example_task_group.py
[2024-04-24T05:32:40.115+0000] {processor.py:840} INFO - DAG(s) 'example_task_group' retrieved from /home/airflow/.local/lib/python3.8/site-packages/airflow/example_dags/example_task_group.py
[2024-04-24T05:32:40.126+0000] {logging_mixin.py:188} INFO - [2024-04-24T05:32:40.125+0000] {dag.py:3047} INFO - Sync 1 DAGs
[2024-04-24T05:32:40.137+0000] {logging_mixin.py:188} INFO - [2024-04-24T05:32:40.137+0000] {dag.py:3834} INFO - Setting next_dagrun for example_task_group to 2024-04-23 00:00:00+00:00, run_after=2024-04-24 00:00:00+00:00
[2024-04-24T05:32:40.147+0000] {processor.py:183} INFO - Processing /home/airflow/.local/lib/python3.8/site-packages/airflow/example_dags/example_task_group.py took 0.040 seconds
[2024-04-24T05:33:10.447+0000] {processor.py:161} INFO - Started process (PID=2557) to work on /home/airflow/.local/lib/python3.8/site-packages/airflow/example_dags/example_task_group.py
[2024-04-24T05:33:10.447+0000] {processor.py:830} INFO - Processing file /home/airflow/.local/lib/python3.8/site-packages/airflow/example_dags/example_task_group.py for tasks to queue
[2024-04-24T05:33:10.448+0000] {logging_mixin.py:188} INFO - [2024-04-24T05:33:10.448+0000] {dagbag.py:540} INFO - Filling up the DagBag from /home/airflow/.local/lib/python3.8/site-packages/airflow/example_dags/example_task_group.py
[2024-04-24T05:33:10.452+0000] {processor.py:840} INFO - DAG(s) 'example_task_group' retrieved from /home/airflow/.local/lib/python3.8/site-packages/airflow/example_dags/example_task_group.py
[2024-04-24T05:33:10.464+0000] {logging_mixin.py:188} INFO - [2024-04-24T05:33:10.463+0000] {dag.py:3047} INFO - Sync 1 DAGs
[2024-04-24T05:33:10.476+0000] {logging_mixin.py:188} INFO - [2024-04-24T05:33:10.476+0000] {dag.py:3834} INFO - Setting next_dagrun for example_task_group to 2024-04-23 00:00:00+00:00, run_after=2024-04-24 00:00:00+00:00
[2024-04-24T05:33:10.487+0000] {processor.py:183} INFO - Processing /home/airflow/.local/lib/python3.8/site-packages/airflow/example_dags/example_task_group.py took 0.042 seconds
[2024-04-24T05:33:40.807+0000] {processor.py:161} INFO - Started process (PID=2611) to work on /home/airflow/.local/lib/python3.8/site-packages/airflow/example_dags/example_task_group.py
[2024-04-24T05:33:40.808+0000] {processor.py:830} INFO - Processing file /home/airflow/.local/lib/python3.8/site-packages/airflow/example_dags/example_task_group.py for tasks to queue
[2024-04-24T05:33:40.808+0000] {logging_mixin.py:188} INFO - [2024-04-24T05:33:40.808+0000] {dagbag.py:540} INFO - Filling up the DagBag from /home/airflow/.local/lib/python3.8/site-packages/airflow/example_dags/example_task_group.py
[2024-04-24T05:33:40.812+0000] {processor.py:840} INFO - DAG(s) 'example_task_group' retrieved from /home/airflow/.local/lib/python3.8/site-packages/airflow/example_dags/example_task_group.py
[2024-04-24T05:33:40.823+0000] {logging_mixin.py:188} INFO - [2024-04-24T05:33:40.823+0000] {dag.py:3047} INFO - Sync 1 DAGs
[2024-04-24T05:33:40.835+0000] {logging_mixin.py:188} INFO - [2024-04-24T05:33:40.835+0000] {dag.py:3834} INFO - Setting next_dagrun for example_task_group to 2024-04-23 00:00:00+00:00, run_after=2024-04-24 00:00:00+00:00
[2024-04-24T05:33:40.844+0000] {processor.py:183} INFO - Processing /home/airflow/.local/lib/python3.8/site-packages/airflow/example_dags/example_task_group.py took 0.039 seconds
[2024-04-24T05:34:11.211+0000] {processor.py:161} INFO - Started process (PID=2666) to work on /home/airflow/.local/lib/python3.8/site-packages/airflow/example_dags/example_task_group.py
[2024-04-24T05:34:11.212+0000] {processor.py:830} INFO - Processing file /home/airflow/.local/lib/python3.8/site-packages/airflow/example_dags/example_task_group.py for tasks to queue
[2024-04-24T05:34:11.212+0000] {logging_mixin.py:188} INFO - [2024-04-24T05:34:11.212+0000] {dagbag.py:540} INFO - Filling up the DagBag from /home/airflow/.local/lib/python3.8/site-packages/airflow/example_dags/example_task_group.py
[2024-04-24T05:34:11.217+0000] {processor.py:840} INFO - DAG(s) 'example_task_group' retrieved from /home/airflow/.local/lib/python3.8/site-packages/airflow/example_dags/example_task_group.py
[2024-04-24T05:34:11.228+0000] {logging_mixin.py:188} INFO - [2024-04-24T05:34:11.228+0000] {dag.py:3047} INFO - Sync 1 DAGs
[2024-04-24T05:34:11.239+0000] {logging_mixin.py:188} INFO - [2024-04-24T05:34:11.239+0000] {dag.py:3834} INFO - Setting next_dagrun for example_task_group to 2024-04-23 00:00:00+00:00, run_after=2024-04-24 00:00:00+00:00
[2024-04-24T05:34:11.249+0000] {processor.py:183} INFO - Processing /home/airflow/.local/lib/python3.8/site-packages/airflow/example_dags/example_task_group.py took 0.039 seconds
[2024-04-24T05:34:41.819+0000] {processor.py:161} INFO - Started process (PID=2722) to work on /home/airflow/.local/lib/python3.8/site-packages/airflow/example_dags/example_task_group.py
[2024-04-24T05:34:41.820+0000] {processor.py:830} INFO - Processing file /home/airflow/.local/lib/python3.8/site-packages/airflow/example_dags/example_task_group.py for tasks to queue
[2024-04-24T05:34:41.820+0000] {logging_mixin.py:188} INFO - [2024-04-24T05:34:41.820+0000] {dagbag.py:540} INFO - Filling up the DagBag from /home/airflow/.local/lib/python3.8/site-packages/airflow/example_dags/example_task_group.py
[2024-04-24T05:34:41.825+0000] {processor.py:840} INFO - DAG(s) 'example_task_group' retrieved from /home/airflow/.local/lib/python3.8/site-packages/airflow/example_dags/example_task_group.py
[2024-04-24T05:34:41.836+0000] {logging_mixin.py:188} INFO - [2024-04-24T05:34:41.836+0000] {dag.py:3047} INFO - Sync 1 DAGs
[2024-04-24T05:34:41.847+0000] {logging_mixin.py:188} INFO - [2024-04-24T05:34:41.847+0000] {dag.py:3834} INFO - Setting next_dagrun for example_task_group to 2024-04-23 00:00:00+00:00, run_after=2024-04-24 00:00:00+00:00
[2024-04-24T05:34:41.857+0000] {processor.py:183} INFO - Processing /home/airflow/.local/lib/python3.8/site-packages/airflow/example_dags/example_task_group.py took 0.040 seconds
[2024-04-24T05:35:12.556+0000] {processor.py:161} INFO - Started process (PID=2783) to work on /home/airflow/.local/lib/python3.8/site-packages/airflow/example_dags/example_task_group.py
[2024-04-24T05:35:12.556+0000] {processor.py:830} INFO - Processing file /home/airflow/.local/lib/python3.8/site-packages/airflow/example_dags/example_task_group.py for tasks to queue
[2024-04-24T05:35:12.557+0000] {logging_mixin.py:188} INFO - [2024-04-24T05:35:12.556+0000] {dagbag.py:540} INFO - Filling up the DagBag from /home/airflow/.local/lib/python3.8/site-packages/airflow/example_dags/example_task_group.py
[2024-04-24T05:35:12.561+0000] {processor.py:840} INFO - DAG(s) 'example_task_group' retrieved from /home/airflow/.local/lib/python3.8/site-packages/airflow/example_dags/example_task_group.py
[2024-04-24T05:35:12.572+0000] {logging_mixin.py:188} INFO - [2024-04-24T05:35:12.572+0000] {dag.py:3047} INFO - Sync 1 DAGs
[2024-04-24T05:35:12.583+0000] {logging_mixin.py:188} INFO - [2024-04-24T05:35:12.583+0000] {dag.py:3834} INFO - Setting next_dagrun for example_task_group to 2024-04-23 00:00:00+00:00, run_after=2024-04-24 00:00:00+00:00
[2024-04-24T05:35:12.593+0000] {processor.py:183} INFO - Processing /home/airflow/.local/lib/python3.8/site-packages/airflow/example_dags/example_task_group.py took 0.039 seconds
[2024-04-24T05:35:43.299+0000] {processor.py:161} INFO - Started process (PID=2838) to work on /home/airflow/.local/lib/python3.8/site-packages/airflow/example_dags/example_task_group.py
[2024-04-24T05:35:43.299+0000] {processor.py:830} INFO - Processing file /home/airflow/.local/lib/python3.8/site-packages/airflow/example_dags/example_task_group.py for tasks to queue
[2024-04-24T05:35:43.300+0000] {logging_mixin.py:188} INFO - [2024-04-24T05:35:43.299+0000] {dagbag.py:540} INFO - Filling up the DagBag from /home/airflow/.local/lib/python3.8/site-packages/airflow/example_dags/example_task_group.py
[2024-04-24T05:35:43.304+0000] {processor.py:840} INFO - DAG(s) 'example_task_group' retrieved from /home/airflow/.local/lib/python3.8/site-packages/airflow/example_dags/example_task_group.py
[2024-04-24T05:35:43.315+0000] {logging_mixin.py:188} INFO - [2024-04-24T05:35:43.315+0000] {dag.py:3047} INFO - Sync 1 DAGs
[2024-04-24T05:35:43.326+0000] {logging_mixin.py:188} INFO - [2024-04-24T05:35:43.326+0000] {dag.py:3834} INFO - Setting next_dagrun for example_task_group to 2024-04-23 00:00:00+00:00, run_after=2024-04-24 00:00:00+00:00
[2024-04-24T05:35:43.335+0000] {processor.py:183} INFO - Processing /home/airflow/.local/lib/python3.8/site-packages/airflow/example_dags/example_task_group.py took 0.038 seconds
[2024-04-24T05:36:13.821+0000] {processor.py:161} INFO - Started process (PID=2893) to work on /home/airflow/.local/lib/python3.8/site-packages/airflow/example_dags/example_task_group.py
[2024-04-24T05:36:13.822+0000] {processor.py:830} INFO - Processing file /home/airflow/.local/lib/python3.8/site-packages/airflow/example_dags/example_task_group.py for tasks to queue
[2024-04-24T05:36:13.822+0000] {logging_mixin.py:188} INFO - [2024-04-24T05:36:13.822+0000] {dagbag.py:540} INFO - Filling up the DagBag from /home/airflow/.local/lib/python3.8/site-packages/airflow/example_dags/example_task_group.py
[2024-04-24T05:36:13.826+0000] {processor.py:840} INFO - DAG(s) 'example_task_group' retrieved from /home/airflow/.local/lib/python3.8/site-packages/airflow/example_dags/example_task_group.py
[2024-04-24T05:36:13.837+0000] {logging_mixin.py:188} INFO - [2024-04-24T05:36:13.837+0000] {dag.py:3047} INFO - Sync 1 DAGs
[2024-04-24T05:36:13.848+0000] {logging_mixin.py:188} INFO - [2024-04-24T05:36:13.848+0000] {dag.py:3834} INFO - Setting next_dagrun for example_task_group to 2024-04-23 00:00:00+00:00, run_after=2024-04-24 00:00:00+00:00
[2024-04-24T05:36:13.858+0000] {processor.py:183} INFO - Processing /home/airflow/.local/lib/python3.8/site-packages/airflow/example_dags/example_task_group.py took 0.039 seconds
[2024-04-24T05:36:44.239+0000] {processor.py:161} INFO - Started process (PID=2948) to work on /home/airflow/.local/lib/python3.8/site-packages/airflow/example_dags/example_task_group.py
[2024-04-24T05:36:44.240+0000] {processor.py:830} INFO - Processing file /home/airflow/.local/lib/python3.8/site-packages/airflow/example_dags/example_task_group.py for tasks to queue
[2024-04-24T05:36:44.240+0000] {logging_mixin.py:188} INFO - [2024-04-24T05:36:44.240+0000] {dagbag.py:540} INFO - Filling up the DagBag from /home/airflow/.local/lib/python3.8/site-packages/airflow/example_dags/example_task_group.py
[2024-04-24T05:36:44.245+0000] {processor.py:840} INFO - DAG(s) 'example_task_group' retrieved from /home/airflow/.local/lib/python3.8/site-packages/airflow/example_dags/example_task_group.py
[2024-04-24T05:36:44.257+0000] {logging_mixin.py:188} INFO - [2024-04-24T05:36:44.256+0000] {dag.py:3047} INFO - Sync 1 DAGs
[2024-04-24T05:36:44.268+0000] {logging_mixin.py:188} INFO - [2024-04-24T05:36:44.268+0000] {dag.py:3834} INFO - Setting next_dagrun for example_task_group to 2024-04-23 00:00:00+00:00, run_after=2024-04-24 00:00:00+00:00
[2024-04-24T05:36:44.278+0000] {processor.py:183} INFO - Processing /home/airflow/.local/lib/python3.8/site-packages/airflow/example_dags/example_task_group.py took 0.041 seconds
[2024-04-24T05:37:14.700+0000] {processor.py:161} INFO - Started process (PID=3002) to work on /home/airflow/.local/lib/python3.8/site-packages/airflow/example_dags/example_task_group.py
[2024-04-24T05:37:14.701+0000] {processor.py:830} INFO - Processing file /home/airflow/.local/lib/python3.8/site-packages/airflow/example_dags/example_task_group.py for tasks to queue
[2024-04-24T05:37:14.701+0000] {logging_mixin.py:188} INFO - [2024-04-24T05:37:14.701+0000] {dagbag.py:540} INFO - Filling up the DagBag from /home/airflow/.local/lib/python3.8/site-packages/airflow/example_dags/example_task_group.py
[2024-04-24T05:37:14.706+0000] {processor.py:840} INFO - DAG(s) 'example_task_group' retrieved from /home/airflow/.local/lib/python3.8/site-packages/airflow/example_dags/example_task_group.py
[2024-04-24T05:37:14.717+0000] {logging_mixin.py:188} INFO - [2024-04-24T05:37:14.717+0000] {dag.py:3047} INFO - Sync 1 DAGs
[2024-04-24T05:37:14.728+0000] {logging_mixin.py:188} INFO - [2024-04-24T05:37:14.728+0000] {dag.py:3834} INFO - Setting next_dagrun for example_task_group to 2024-04-23 00:00:00+00:00, run_after=2024-04-24 00:00:00+00:00
[2024-04-24T05:37:14.738+0000] {processor.py:183} INFO - Processing /home/airflow/.local/lib/python3.8/site-packages/airflow/example_dags/example_task_group.py took 0.039 seconds
[2024-04-24T05:37:45.569+0000] {processor.py:161} INFO - Started process (PID=3058) to work on /home/airflow/.local/lib/python3.8/site-packages/airflow/example_dags/example_task_group.py
[2024-04-24T05:37:45.570+0000] {processor.py:830} INFO - Processing file /home/airflow/.local/lib/python3.8/site-packages/airflow/example_dags/example_task_group.py for tasks to queue
[2024-04-24T05:37:45.570+0000] {logging_mixin.py:188} INFO - [2024-04-24T05:37:45.570+0000] {dagbag.py:540} INFO - Filling up the DagBag from /home/airflow/.local/lib/python3.8/site-packages/airflow/example_dags/example_task_group.py
[2024-04-24T05:37:45.575+0000] {processor.py:840} INFO - DAG(s) 'example_task_group' retrieved from /home/airflow/.local/lib/python3.8/site-packages/airflow/example_dags/example_task_group.py
[2024-04-24T05:37:45.586+0000] {logging_mixin.py:188} INFO - [2024-04-24T05:37:45.586+0000] {dag.py:3047} INFO - Sync 1 DAGs
[2024-04-24T05:37:45.597+0000] {logging_mixin.py:188} INFO - [2024-04-24T05:37:45.597+0000] {dag.py:3834} INFO - Setting next_dagrun for example_task_group to 2024-04-23 00:00:00+00:00, run_after=2024-04-24 00:00:00+00:00
[2024-04-24T05:37:45.607+0000] {processor.py:183} INFO - Processing /home/airflow/.local/lib/python3.8/site-packages/airflow/example_dags/example_task_group.py took 0.039 seconds
[2024-04-24T05:38:15.989+0000] {processor.py:161} INFO - Started process (PID=3113) to work on /home/airflow/.local/lib/python3.8/site-packages/airflow/example_dags/example_task_group.py
[2024-04-24T05:38:15.990+0000] {processor.py:830} INFO - Processing file /home/airflow/.local/lib/python3.8/site-packages/airflow/example_dags/example_task_group.py for tasks to queue
[2024-04-24T05:38:15.990+0000] {logging_mixin.py:188} INFO - [2024-04-24T05:38:15.990+0000] {dagbag.py:540} INFO - Filling up the DagBag from /home/airflow/.local/lib/python3.8/site-packages/airflow/example_dags/example_task_group.py
[2024-04-24T05:38:15.995+0000] {processor.py:840} INFO - DAG(s) 'example_task_group' retrieved from /home/airflow/.local/lib/python3.8/site-packages/airflow/example_dags/example_task_group.py
[2024-04-24T05:38:16.006+0000] {logging_mixin.py:188} INFO - [2024-04-24T05:38:16.006+0000] {dag.py:3047} INFO - Sync 1 DAGs
[2024-04-24T05:38:16.017+0000] {logging_mixin.py:188} INFO - [2024-04-24T05:38:16.017+0000] {dag.py:3834} INFO - Setting next_dagrun for example_task_group to 2024-04-23 00:00:00+00:00, run_after=2024-04-24 00:00:00+00:00
[2024-04-24T05:38:16.026+0000] {processor.py:183} INFO - Processing /home/airflow/.local/lib/python3.8/site-packages/airflow/example_dags/example_task_group.py took 0.038 seconds
[2024-04-24T05:40:50.714+0000] {processor.py:161} INFO - Started process (PID=61) to work on /home/airflow/.local/lib/python3.8/site-packages/airflow/example_dags/example_task_group.py
[2024-04-24T05:40:50.715+0000] {processor.py:830} INFO - Processing file /home/airflow/.local/lib/python3.8/site-packages/airflow/example_dags/example_task_group.py for tasks to queue
[2024-04-24T05:40:50.716+0000] {logging_mixin.py:188} INFO - [2024-04-24T05:40:50.715+0000] {dagbag.py:540} INFO - Filling up the DagBag from /home/airflow/.local/lib/python3.8/site-packages/airflow/example_dags/example_task_group.py
[2024-04-24T05:40:50.722+0000] {processor.py:840} INFO - DAG(s) 'example_task_group' retrieved from /home/airflow/.local/lib/python3.8/site-packages/airflow/example_dags/example_task_group.py
[2024-04-24T05:40:50.728+0000] {logging_mixin.py:188} INFO - [2024-04-24T05:40:50.728+0000] {dag.py:3047} INFO - Sync 1 DAGs
[2024-04-24T05:40:50.741+0000] {logging_mixin.py:188} INFO - [2024-04-24T05:40:50.741+0000] {dag.py:3834} INFO - Setting next_dagrun for example_task_group to 2024-04-23 00:00:00+00:00, run_after=2024-04-24 00:00:00+00:00
[2024-04-24T05:40:50.751+0000] {processor.py:183} INFO - Processing /home/airflow/.local/lib/python3.8/site-packages/airflow/example_dags/example_task_group.py took 0.039 seconds
[2024-04-24T05:41:21.462+0000] {processor.py:161} INFO - Started process (PID=116) to work on /home/airflow/.local/lib/python3.8/site-packages/airflow/example_dags/example_task_group.py
[2024-04-24T05:41:21.462+0000] {processor.py:830} INFO - Processing file /home/airflow/.local/lib/python3.8/site-packages/airflow/example_dags/example_task_group.py for tasks to queue
[2024-04-24T05:41:21.464+0000] {logging_mixin.py:188} INFO - [2024-04-24T05:41:21.463+0000] {dagbag.py:540} INFO - Filling up the DagBag from /home/airflow/.local/lib/python3.8/site-packages/airflow/example_dags/example_task_group.py
[2024-04-24T05:41:21.468+0000] {processor.py:840} INFO - DAG(s) 'example_task_group' retrieved from /home/airflow/.local/lib/python3.8/site-packages/airflow/example_dags/example_task_group.py
[2024-04-24T05:41:21.521+0000] {logging_mixin.py:188} INFO - [2024-04-24T05:41:21.521+0000] {dag.py:3047} INFO - Sync 1 DAGs
[2024-04-24T05:41:21.531+0000] {logging_mixin.py:188} INFO - [2024-04-24T05:41:21.531+0000] {dag.py:3834} INFO - Setting next_dagrun for example_task_group to 2024-04-23 00:00:00+00:00, run_after=2024-04-24 00:00:00+00:00
[2024-04-24T05:41:21.542+0000] {processor.py:183} INFO - Processing /home/airflow/.local/lib/python3.8/site-packages/airflow/example_dags/example_task_group.py took 0.082 seconds
