[2024-04-24T05:11:15.078+0000] {processor.py:161} INFO - Started process (PID=60) to work on /home/airflow/.local/lib/python3.8/site-packages/airflow/example_dags/tutorial_objectstorage.py
[2024-04-24T05:11:15.079+0000] {processor.py:830} INFO - Processing file /home/airflow/.local/lib/python3.8/site-packages/airflow/example_dags/tutorial_objectstorage.py for tasks to queue
[2024-04-24T05:11:15.080+0000] {logging_mixin.py:188} INFO - [2024-04-24T05:11:15.080+0000] {dagbag.py:540} INFO - Filling up the DagBag from /home/airflow/.local/lib/python3.8/site-packages/airflow/example_dags/tutorial_objectstorage.py
[2024-04-24T05:11:15.087+0000] {processor.py:840} INFO - DAG(s) 'tutorial_objectstorage' retrieved from /home/airflow/.local/lib/python3.8/site-packages/airflow/example_dags/tutorial_objectstorage.py
[2024-04-24T05:11:15.101+0000] {logging_mixin.py:188} INFO - [2024-04-24T05:11:15.101+0000] {dag.py:3047} INFO - Sync 1 DAGs
[2024-04-24T05:11:15.108+0000] {logging_mixin.py:188} INFO - [2024-04-24T05:11:15.108+0000] {dag.py:3834} INFO - Setting next_dagrun for tutorial_objectstorage to None, run_after=None
[2024-04-24T05:11:15.119+0000] {processor.py:183} INFO - Processing /home/airflow/.local/lib/python3.8/site-packages/airflow/example_dags/tutorial_objectstorage.py took 0.042 seconds
[2024-04-24T05:11:45.997+0000] {processor.py:161} INFO - Started process (PID=118) to work on /home/airflow/.local/lib/python3.8/site-packages/airflow/example_dags/tutorial_objectstorage.py
[2024-04-24T05:11:45.998+0000] {processor.py:830} INFO - Processing file /home/airflow/.local/lib/python3.8/site-packages/airflow/example_dags/tutorial_objectstorage.py for tasks to queue
[2024-04-24T05:11:45.999+0000] {logging_mixin.py:188} INFO - [2024-04-24T05:11:45.999+0000] {dagbag.py:540} INFO - Filling up the DagBag from /home/airflow/.local/lib/python3.8/site-packages/airflow/example_dags/tutorial_objectstorage.py
[2024-04-24T05:11:46.002+0000] {processor.py:840} INFO - DAG(s) 'tutorial_objectstorage' retrieved from /home/airflow/.local/lib/python3.8/site-packages/airflow/example_dags/tutorial_objectstorage.py
[2024-04-24T05:11:46.012+0000] {logging_mixin.py:188} INFO - [2024-04-24T05:11:46.012+0000] {dag.py:3047} INFO - Sync 1 DAGs
[2024-04-24T05:11:46.019+0000] {logging_mixin.py:188} INFO - [2024-04-24T05:11:46.019+0000] {dag.py:3834} INFO - Setting next_dagrun for tutorial_objectstorage to None, run_after=None
[2024-04-24T05:11:46.029+0000] {processor.py:183} INFO - Processing /home/airflow/.local/lib/python3.8/site-packages/airflow/example_dags/tutorial_objectstorage.py took 0.033 seconds
[2024-04-24T05:12:16.594+0000] {processor.py:161} INFO - Started process (PID=176) to work on /home/airflow/.local/lib/python3.8/site-packages/airflow/example_dags/tutorial_objectstorage.py
[2024-04-24T05:12:16.595+0000] {processor.py:830} INFO - Processing file /home/airflow/.local/lib/python3.8/site-packages/airflow/example_dags/tutorial_objectstorage.py for tasks to queue
[2024-04-24T05:12:16.596+0000] {logging_mixin.py:188} INFO - [2024-04-24T05:12:16.596+0000] {dagbag.py:540} INFO - Filling up the DagBag from /home/airflow/.local/lib/python3.8/site-packages/airflow/example_dags/tutorial_objectstorage.py
[2024-04-24T05:12:16.599+0000] {processor.py:840} INFO - DAG(s) 'tutorial_objectstorage' retrieved from /home/airflow/.local/lib/python3.8/site-packages/airflow/example_dags/tutorial_objectstorage.py
[2024-04-24T05:12:16.609+0000] {logging_mixin.py:188} INFO - [2024-04-24T05:12:16.609+0000] {dag.py:3047} INFO - Sync 1 DAGs
[2024-04-24T05:12:16.616+0000] {logging_mixin.py:188} INFO - [2024-04-24T05:12:16.616+0000] {dag.py:3834} INFO - Setting next_dagrun for tutorial_objectstorage to None, run_after=None
[2024-04-24T05:12:16.625+0000] {processor.py:183} INFO - Processing /home/airflow/.local/lib/python3.8/site-packages/airflow/example_dags/tutorial_objectstorage.py took 0.033 seconds
[2024-04-24T05:12:47.239+0000] {processor.py:161} INFO - Started process (PID=234) to work on /home/airflow/.local/lib/python3.8/site-packages/airflow/example_dags/tutorial_objectstorage.py
[2024-04-24T05:12:47.239+0000] {processor.py:830} INFO - Processing file /home/airflow/.local/lib/python3.8/site-packages/airflow/example_dags/tutorial_objectstorage.py for tasks to queue
[2024-04-24T05:12:47.240+0000] {logging_mixin.py:188} INFO - [2024-04-24T05:12:47.240+0000] {dagbag.py:540} INFO - Filling up the DagBag from /home/airflow/.local/lib/python3.8/site-packages/airflow/example_dags/tutorial_objectstorage.py
[2024-04-24T05:12:47.244+0000] {processor.py:840} INFO - DAG(s) 'tutorial_objectstorage' retrieved from /home/airflow/.local/lib/python3.8/site-packages/airflow/example_dags/tutorial_objectstorage.py
[2024-04-24T05:12:47.255+0000] {logging_mixin.py:188} INFO - [2024-04-24T05:12:47.255+0000] {dag.py:3047} INFO - Sync 1 DAGs
[2024-04-24T05:12:47.262+0000] {logging_mixin.py:188} INFO - [2024-04-24T05:12:47.262+0000] {dag.py:3834} INFO - Setting next_dagrun for tutorial_objectstorage to None, run_after=None
[2024-04-24T05:12:47.273+0000] {processor.py:183} INFO - Processing /home/airflow/.local/lib/python3.8/site-packages/airflow/example_dags/tutorial_objectstorage.py took 0.036 seconds
[2024-04-24T05:13:17.901+0000] {processor.py:161} INFO - Started process (PID=292) to work on /home/airflow/.local/lib/python3.8/site-packages/airflow/example_dags/tutorial_objectstorage.py
[2024-04-24T05:13:17.901+0000] {processor.py:830} INFO - Processing file /home/airflow/.local/lib/python3.8/site-packages/airflow/example_dags/tutorial_objectstorage.py for tasks to queue
[2024-04-24T05:13:17.902+0000] {logging_mixin.py:188} INFO - [2024-04-24T05:13:17.902+0000] {dagbag.py:540} INFO - Filling up the DagBag from /home/airflow/.local/lib/python3.8/site-packages/airflow/example_dags/tutorial_objectstorage.py
[2024-04-24T05:13:17.906+0000] {processor.py:840} INFO - DAG(s) 'tutorial_objectstorage' retrieved from /home/airflow/.local/lib/python3.8/site-packages/airflow/example_dags/tutorial_objectstorage.py
[2024-04-24T05:13:17.916+0000] {logging_mixin.py:188} INFO - [2024-04-24T05:13:17.916+0000] {dag.py:3047} INFO - Sync 1 DAGs
[2024-04-24T05:13:17.922+0000] {logging_mixin.py:188} INFO - [2024-04-24T05:13:17.922+0000] {dag.py:3834} INFO - Setting next_dagrun for tutorial_objectstorage to None, run_after=None
[2024-04-24T05:13:17.932+0000] {processor.py:183} INFO - Processing /home/airflow/.local/lib/python3.8/site-packages/airflow/example_dags/tutorial_objectstorage.py took 0.033 seconds
[2024-04-24T05:13:48.463+0000] {processor.py:161} INFO - Started process (PID=350) to work on /home/airflow/.local/lib/python3.8/site-packages/airflow/example_dags/tutorial_objectstorage.py
[2024-04-24T05:13:48.464+0000] {processor.py:830} INFO - Processing file /home/airflow/.local/lib/python3.8/site-packages/airflow/example_dags/tutorial_objectstorage.py for tasks to queue
[2024-04-24T05:13:48.465+0000] {logging_mixin.py:188} INFO - [2024-04-24T05:13:48.465+0000] {dagbag.py:540} INFO - Filling up the DagBag from /home/airflow/.local/lib/python3.8/site-packages/airflow/example_dags/tutorial_objectstorage.py
[2024-04-24T05:13:48.468+0000] {processor.py:840} INFO - DAG(s) 'tutorial_objectstorage' retrieved from /home/airflow/.local/lib/python3.8/site-packages/airflow/example_dags/tutorial_objectstorage.py
[2024-04-24T05:13:48.479+0000] {logging_mixin.py:188} INFO - [2024-04-24T05:13:48.479+0000] {dag.py:3047} INFO - Sync 1 DAGs
[2024-04-24T05:13:48.485+0000] {logging_mixin.py:188} INFO - [2024-04-24T05:13:48.485+0000] {dag.py:3834} INFO - Setting next_dagrun for tutorial_objectstorage to None, run_after=None
[2024-04-24T05:13:48.495+0000] {processor.py:183} INFO - Processing /home/airflow/.local/lib/python3.8/site-packages/airflow/example_dags/tutorial_objectstorage.py took 0.034 seconds
[2024-04-24T05:14:19.317+0000] {processor.py:161} INFO - Started process (PID=408) to work on /home/airflow/.local/lib/python3.8/site-packages/airflow/example_dags/tutorial_objectstorage.py
[2024-04-24T05:14:19.318+0000] {processor.py:830} INFO - Processing file /home/airflow/.local/lib/python3.8/site-packages/airflow/example_dags/tutorial_objectstorage.py for tasks to queue
[2024-04-24T05:14:19.319+0000] {logging_mixin.py:188} INFO - [2024-04-24T05:14:19.318+0000] {dagbag.py:540} INFO - Filling up the DagBag from /home/airflow/.local/lib/python3.8/site-packages/airflow/example_dags/tutorial_objectstorage.py
[2024-04-24T05:14:19.322+0000] {processor.py:840} INFO - DAG(s) 'tutorial_objectstorage' retrieved from /home/airflow/.local/lib/python3.8/site-packages/airflow/example_dags/tutorial_objectstorage.py
[2024-04-24T05:14:19.332+0000] {logging_mixin.py:188} INFO - [2024-04-24T05:14:19.332+0000] {dag.py:3047} INFO - Sync 1 DAGs
[2024-04-24T05:14:19.339+0000] {logging_mixin.py:188} INFO - [2024-04-24T05:14:19.338+0000] {dag.py:3834} INFO - Setting next_dagrun for tutorial_objectstorage to None, run_after=None
[2024-04-24T05:14:19.348+0000] {processor.py:183} INFO - Processing /home/airflow/.local/lib/python3.8/site-packages/airflow/example_dags/tutorial_objectstorage.py took 0.033 seconds
[2024-04-24T05:14:49.971+0000] {processor.py:161} INFO - Started process (PID=466) to work on /home/airflow/.local/lib/python3.8/site-packages/airflow/example_dags/tutorial_objectstorage.py
[2024-04-24T05:14:49.971+0000] {processor.py:830} INFO - Processing file /home/airflow/.local/lib/python3.8/site-packages/airflow/example_dags/tutorial_objectstorage.py for tasks to queue
[2024-04-24T05:14:49.972+0000] {logging_mixin.py:188} INFO - [2024-04-24T05:14:49.972+0000] {dagbag.py:540} INFO - Filling up the DagBag from /home/airflow/.local/lib/python3.8/site-packages/airflow/example_dags/tutorial_objectstorage.py
[2024-04-24T05:14:49.976+0000] {processor.py:840} INFO - DAG(s) 'tutorial_objectstorage' retrieved from /home/airflow/.local/lib/python3.8/site-packages/airflow/example_dags/tutorial_objectstorage.py
[2024-04-24T05:14:49.986+0000] {logging_mixin.py:188} INFO - [2024-04-24T05:14:49.986+0000] {dag.py:3047} INFO - Sync 1 DAGs
[2024-04-24T05:14:49.992+0000] {logging_mixin.py:188} INFO - [2024-04-24T05:14:49.992+0000] {dag.py:3834} INFO - Setting next_dagrun for tutorial_objectstorage to None, run_after=None
[2024-04-24T05:14:50.003+0000] {processor.py:183} INFO - Processing /home/airflow/.local/lib/python3.8/site-packages/airflow/example_dags/tutorial_objectstorage.py took 0.035 seconds
[2024-04-24T05:15:20.553+0000] {processor.py:161} INFO - Started process (PID=525) to work on /home/airflow/.local/lib/python3.8/site-packages/airflow/example_dags/tutorial_objectstorage.py
[2024-04-24T05:15:20.554+0000] {processor.py:830} INFO - Processing file /home/airflow/.local/lib/python3.8/site-packages/airflow/example_dags/tutorial_objectstorage.py for tasks to queue
[2024-04-24T05:15:20.555+0000] {logging_mixin.py:188} INFO - [2024-04-24T05:15:20.555+0000] {dagbag.py:540} INFO - Filling up the DagBag from /home/airflow/.local/lib/python3.8/site-packages/airflow/example_dags/tutorial_objectstorage.py
[2024-04-24T05:15:20.558+0000] {processor.py:840} INFO - DAG(s) 'tutorial_objectstorage' retrieved from /home/airflow/.local/lib/python3.8/site-packages/airflow/example_dags/tutorial_objectstorage.py
[2024-04-24T05:15:20.568+0000] {logging_mixin.py:188} INFO - [2024-04-24T05:15:20.568+0000] {dag.py:3047} INFO - Sync 1 DAGs
[2024-04-24T05:15:20.575+0000] {logging_mixin.py:188} INFO - [2024-04-24T05:15:20.575+0000] {dag.py:3834} INFO - Setting next_dagrun for tutorial_objectstorage to None, run_after=None
[2024-04-24T05:15:20.584+0000] {processor.py:183} INFO - Processing /home/airflow/.local/lib/python3.8/site-packages/airflow/example_dags/tutorial_objectstorage.py took 0.033 seconds
[2024-04-24T05:15:51.038+0000] {processor.py:161} INFO - Started process (PID=583) to work on /home/airflow/.local/lib/python3.8/site-packages/airflow/example_dags/tutorial_objectstorage.py
[2024-04-24T05:15:51.039+0000] {processor.py:830} INFO - Processing file /home/airflow/.local/lib/python3.8/site-packages/airflow/example_dags/tutorial_objectstorage.py for tasks to queue
[2024-04-24T05:15:51.040+0000] {logging_mixin.py:188} INFO - [2024-04-24T05:15:51.040+0000] {dagbag.py:540} INFO - Filling up the DagBag from /home/airflow/.local/lib/python3.8/site-packages/airflow/example_dags/tutorial_objectstorage.py
[2024-04-24T05:15:51.044+0000] {processor.py:840} INFO - DAG(s) 'tutorial_objectstorage' retrieved from /home/airflow/.local/lib/python3.8/site-packages/airflow/example_dags/tutorial_objectstorage.py
[2024-04-24T05:15:51.054+0000] {logging_mixin.py:188} INFO - [2024-04-24T05:15:51.054+0000] {dag.py:3047} INFO - Sync 1 DAGs
[2024-04-24T05:15:51.060+0000] {logging_mixin.py:188} INFO - [2024-04-24T05:15:51.060+0000] {dag.py:3834} INFO - Setting next_dagrun for tutorial_objectstorage to None, run_after=None
[2024-04-24T05:15:51.070+0000] {processor.py:183} INFO - Processing /home/airflow/.local/lib/python3.8/site-packages/airflow/example_dags/tutorial_objectstorage.py took 0.034 seconds
[2024-04-24T05:16:21.539+0000] {processor.py:161} INFO - Started process (PID=641) to work on /home/airflow/.local/lib/python3.8/site-packages/airflow/example_dags/tutorial_objectstorage.py
[2024-04-24T05:16:21.540+0000] {processor.py:830} INFO - Processing file /home/airflow/.local/lib/python3.8/site-packages/airflow/example_dags/tutorial_objectstorage.py for tasks to queue
[2024-04-24T05:16:21.541+0000] {logging_mixin.py:188} INFO - [2024-04-24T05:16:21.541+0000] {dagbag.py:540} INFO - Filling up the DagBag from /home/airflow/.local/lib/python3.8/site-packages/airflow/example_dags/tutorial_objectstorage.py
[2024-04-24T05:16:21.544+0000] {processor.py:840} INFO - DAG(s) 'tutorial_objectstorage' retrieved from /home/airflow/.local/lib/python3.8/site-packages/airflow/example_dags/tutorial_objectstorage.py
[2024-04-24T05:16:21.555+0000] {logging_mixin.py:188} INFO - [2024-04-24T05:16:21.555+0000] {dag.py:3047} INFO - Sync 1 DAGs
[2024-04-24T05:16:21.562+0000] {logging_mixin.py:188} INFO - [2024-04-24T05:16:21.562+0000] {dag.py:3834} INFO - Setting next_dagrun for tutorial_objectstorage to None, run_after=None
[2024-04-24T05:16:21.572+0000] {processor.py:183} INFO - Processing /home/airflow/.local/lib/python3.8/site-packages/airflow/example_dags/tutorial_objectstorage.py took 0.034 seconds
[2024-04-24T05:16:52.082+0000] {processor.py:161} INFO - Started process (PID=699) to work on /home/airflow/.local/lib/python3.8/site-packages/airflow/example_dags/tutorial_objectstorage.py
[2024-04-24T05:16:52.083+0000] {processor.py:830} INFO - Processing file /home/airflow/.local/lib/python3.8/site-packages/airflow/example_dags/tutorial_objectstorage.py for tasks to queue
[2024-04-24T05:16:52.084+0000] {logging_mixin.py:188} INFO - [2024-04-24T05:16:52.084+0000] {dagbag.py:540} INFO - Filling up the DagBag from /home/airflow/.local/lib/python3.8/site-packages/airflow/example_dags/tutorial_objectstorage.py
[2024-04-24T05:16:52.088+0000] {processor.py:840} INFO - DAG(s) 'tutorial_objectstorage' retrieved from /home/airflow/.local/lib/python3.8/site-packages/airflow/example_dags/tutorial_objectstorage.py
[2024-04-24T05:16:52.099+0000] {logging_mixin.py:188} INFO - [2024-04-24T05:16:52.099+0000] {dag.py:3047} INFO - Sync 1 DAGs
[2024-04-24T05:16:52.107+0000] {logging_mixin.py:188} INFO - [2024-04-24T05:16:52.107+0000] {dag.py:3834} INFO - Setting next_dagrun for tutorial_objectstorage to None, run_after=None
[2024-04-24T05:16:52.123+0000] {processor.py:183} INFO - Processing /home/airflow/.local/lib/python3.8/site-packages/airflow/example_dags/tutorial_objectstorage.py took 0.042 seconds
[2024-04-24T05:17:22.574+0000] {processor.py:161} INFO - Started process (PID=757) to work on /home/airflow/.local/lib/python3.8/site-packages/airflow/example_dags/tutorial_objectstorage.py
[2024-04-24T05:17:22.575+0000] {processor.py:830} INFO - Processing file /home/airflow/.local/lib/python3.8/site-packages/airflow/example_dags/tutorial_objectstorage.py for tasks to queue
[2024-04-24T05:17:22.576+0000] {logging_mixin.py:188} INFO - [2024-04-24T05:17:22.575+0000] {dagbag.py:540} INFO - Filling up the DagBag from /home/airflow/.local/lib/python3.8/site-packages/airflow/example_dags/tutorial_objectstorage.py
[2024-04-24T05:17:22.580+0000] {processor.py:840} INFO - DAG(s) 'tutorial_objectstorage' retrieved from /home/airflow/.local/lib/python3.8/site-packages/airflow/example_dags/tutorial_objectstorage.py
[2024-04-24T05:17:22.591+0000] {logging_mixin.py:188} INFO - [2024-04-24T05:17:22.591+0000] {dag.py:3047} INFO - Sync 1 DAGs
[2024-04-24T05:17:22.598+0000] {logging_mixin.py:188} INFO - [2024-04-24T05:17:22.598+0000] {dag.py:3834} INFO - Setting next_dagrun for tutorial_objectstorage to None, run_after=None
[2024-04-24T05:17:22.609+0000] {processor.py:183} INFO - Processing /home/airflow/.local/lib/python3.8/site-packages/airflow/example_dags/tutorial_objectstorage.py took 0.036 seconds
[2024-04-24T05:17:53.141+0000] {processor.py:161} INFO - Started process (PID=815) to work on /home/airflow/.local/lib/python3.8/site-packages/airflow/example_dags/tutorial_objectstorage.py
[2024-04-24T05:17:53.142+0000] {processor.py:830} INFO - Processing file /home/airflow/.local/lib/python3.8/site-packages/airflow/example_dags/tutorial_objectstorage.py for tasks to queue
[2024-04-24T05:17:53.143+0000] {logging_mixin.py:188} INFO - [2024-04-24T05:17:53.142+0000] {dagbag.py:540} INFO - Filling up the DagBag from /home/airflow/.local/lib/python3.8/site-packages/airflow/example_dags/tutorial_objectstorage.py
[2024-04-24T05:17:53.146+0000] {processor.py:840} INFO - DAG(s) 'tutorial_objectstorage' retrieved from /home/airflow/.local/lib/python3.8/site-packages/airflow/example_dags/tutorial_objectstorage.py
[2024-04-24T05:17:53.157+0000] {logging_mixin.py:188} INFO - [2024-04-24T05:17:53.157+0000] {dag.py:3047} INFO - Sync 1 DAGs
[2024-04-24T05:17:53.163+0000] {logging_mixin.py:188} INFO - [2024-04-24T05:17:53.163+0000] {dag.py:3834} INFO - Setting next_dagrun for tutorial_objectstorage to None, run_after=None
[2024-04-24T05:17:53.173+0000] {processor.py:183} INFO - Processing /home/airflow/.local/lib/python3.8/site-packages/airflow/example_dags/tutorial_objectstorage.py took 0.034 seconds
[2024-04-24T05:18:23.956+0000] {processor.py:161} INFO - Started process (PID=873) to work on /home/airflow/.local/lib/python3.8/site-packages/airflow/example_dags/tutorial_objectstorage.py
[2024-04-24T05:18:23.957+0000] {processor.py:830} INFO - Processing file /home/airflow/.local/lib/python3.8/site-packages/airflow/example_dags/tutorial_objectstorage.py for tasks to queue
[2024-04-24T05:18:23.958+0000] {logging_mixin.py:188} INFO - [2024-04-24T05:18:23.958+0000] {dagbag.py:540} INFO - Filling up the DagBag from /home/airflow/.local/lib/python3.8/site-packages/airflow/example_dags/tutorial_objectstorage.py
[2024-04-24T05:18:23.961+0000] {processor.py:840} INFO - DAG(s) 'tutorial_objectstorage' retrieved from /home/airflow/.local/lib/python3.8/site-packages/airflow/example_dags/tutorial_objectstorage.py
[2024-04-24T05:18:23.971+0000] {logging_mixin.py:188} INFO - [2024-04-24T05:18:23.971+0000] {dag.py:3047} INFO - Sync 1 DAGs
[2024-04-24T05:18:23.978+0000] {logging_mixin.py:188} INFO - [2024-04-24T05:18:23.978+0000] {dag.py:3834} INFO - Setting next_dagrun for tutorial_objectstorage to None, run_after=None
[2024-04-24T05:18:23.988+0000] {processor.py:183} INFO - Processing /home/airflow/.local/lib/python3.8/site-packages/airflow/example_dags/tutorial_objectstorage.py took 0.034 seconds
[2024-04-24T05:18:54.531+0000] {processor.py:161} INFO - Started process (PID=931) to work on /home/airflow/.local/lib/python3.8/site-packages/airflow/example_dags/tutorial_objectstorage.py
[2024-04-24T05:18:54.531+0000] {processor.py:830} INFO - Processing file /home/airflow/.local/lib/python3.8/site-packages/airflow/example_dags/tutorial_objectstorage.py for tasks to queue
[2024-04-24T05:18:54.533+0000] {logging_mixin.py:188} INFO - [2024-04-24T05:18:54.532+0000] {dagbag.py:540} INFO - Filling up the DagBag from /home/airflow/.local/lib/python3.8/site-packages/airflow/example_dags/tutorial_objectstorage.py
[2024-04-24T05:18:54.536+0000] {processor.py:840} INFO - DAG(s) 'tutorial_objectstorage' retrieved from /home/airflow/.local/lib/python3.8/site-packages/airflow/example_dags/tutorial_objectstorage.py
[2024-04-24T05:18:54.546+0000] {logging_mixin.py:188} INFO - [2024-04-24T05:18:54.546+0000] {dag.py:3047} INFO - Sync 1 DAGs
[2024-04-24T05:18:54.552+0000] {logging_mixin.py:188} INFO - [2024-04-24T05:18:54.552+0000] {dag.py:3834} INFO - Setting next_dagrun for tutorial_objectstorage to None, run_after=None
[2024-04-24T05:18:54.562+0000] {processor.py:183} INFO - Processing /home/airflow/.local/lib/python3.8/site-packages/airflow/example_dags/tutorial_objectstorage.py took 0.033 seconds
[2024-04-24T05:19:25.020+0000] {processor.py:161} INFO - Started process (PID=989) to work on /home/airflow/.local/lib/python3.8/site-packages/airflow/example_dags/tutorial_objectstorage.py
[2024-04-24T05:19:25.020+0000] {processor.py:830} INFO - Processing file /home/airflow/.local/lib/python3.8/site-packages/airflow/example_dags/tutorial_objectstorage.py for tasks to queue
[2024-04-24T05:19:25.021+0000] {logging_mixin.py:188} INFO - [2024-04-24T05:19:25.021+0000] {dagbag.py:540} INFO - Filling up the DagBag from /home/airflow/.local/lib/python3.8/site-packages/airflow/example_dags/tutorial_objectstorage.py
[2024-04-24T05:19:25.025+0000] {processor.py:840} INFO - DAG(s) 'tutorial_objectstorage' retrieved from /home/airflow/.local/lib/python3.8/site-packages/airflow/example_dags/tutorial_objectstorage.py
[2024-04-24T05:19:25.035+0000] {logging_mixin.py:188} INFO - [2024-04-24T05:19:25.034+0000] {dag.py:3047} INFO - Sync 1 DAGs
[2024-04-24T05:19:25.041+0000] {logging_mixin.py:188} INFO - [2024-04-24T05:19:25.041+0000] {dag.py:3834} INFO - Setting next_dagrun for tutorial_objectstorage to None, run_after=None
[2024-04-24T05:19:25.050+0000] {processor.py:183} INFO - Processing /home/airflow/.local/lib/python3.8/site-packages/airflow/example_dags/tutorial_objectstorage.py took 0.032 seconds
[2024-04-24T05:19:55.627+0000] {processor.py:161} INFO - Started process (PID=1047) to work on /home/airflow/.local/lib/python3.8/site-packages/airflow/example_dags/tutorial_objectstorage.py
[2024-04-24T05:19:55.628+0000] {processor.py:830} INFO - Processing file /home/airflow/.local/lib/python3.8/site-packages/airflow/example_dags/tutorial_objectstorage.py for tasks to queue
[2024-04-24T05:19:55.629+0000] {logging_mixin.py:188} INFO - [2024-04-24T05:19:55.628+0000] {dagbag.py:540} INFO - Filling up the DagBag from /home/airflow/.local/lib/python3.8/site-packages/airflow/example_dags/tutorial_objectstorage.py
[2024-04-24T05:19:55.632+0000] {processor.py:840} INFO - DAG(s) 'tutorial_objectstorage' retrieved from /home/airflow/.local/lib/python3.8/site-packages/airflow/example_dags/tutorial_objectstorage.py
[2024-04-24T05:19:55.643+0000] {logging_mixin.py:188} INFO - [2024-04-24T05:19:55.643+0000] {dag.py:3047} INFO - Sync 1 DAGs
[2024-04-24T05:19:55.649+0000] {logging_mixin.py:188} INFO - [2024-04-24T05:19:55.649+0000] {dag.py:3834} INFO - Setting next_dagrun for tutorial_objectstorage to None, run_after=None
[2024-04-24T05:19:55.659+0000] {processor.py:183} INFO - Processing /home/airflow/.local/lib/python3.8/site-packages/airflow/example_dags/tutorial_objectstorage.py took 0.034 seconds
[2024-04-24T05:20:26.085+0000] {processor.py:161} INFO - Started process (PID=1105) to work on /home/airflow/.local/lib/python3.8/site-packages/airflow/example_dags/tutorial_objectstorage.py
[2024-04-24T05:20:26.086+0000] {processor.py:830} INFO - Processing file /home/airflow/.local/lib/python3.8/site-packages/airflow/example_dags/tutorial_objectstorage.py for tasks to queue
[2024-04-24T05:20:26.087+0000] {logging_mixin.py:188} INFO - [2024-04-24T05:20:26.086+0000] {dagbag.py:540} INFO - Filling up the DagBag from /home/airflow/.local/lib/python3.8/site-packages/airflow/example_dags/tutorial_objectstorage.py
[2024-04-24T05:20:26.090+0000] {processor.py:840} INFO - DAG(s) 'tutorial_objectstorage' retrieved from /home/airflow/.local/lib/python3.8/site-packages/airflow/example_dags/tutorial_objectstorage.py
[2024-04-24T05:20:26.099+0000] {logging_mixin.py:188} INFO - [2024-04-24T05:20:26.099+0000] {dag.py:3047} INFO - Sync 1 DAGs
[2024-04-24T05:20:26.105+0000] {logging_mixin.py:188} INFO - [2024-04-24T05:20:26.105+0000] {dag.py:3834} INFO - Setting next_dagrun for tutorial_objectstorage to None, run_after=None
[2024-04-24T05:20:26.115+0000] {processor.py:183} INFO - Processing /home/airflow/.local/lib/python3.8/site-packages/airflow/example_dags/tutorial_objectstorage.py took 0.032 seconds
[2024-04-24T05:20:56.773+0000] {processor.py:161} INFO - Started process (PID=1163) to work on /home/airflow/.local/lib/python3.8/site-packages/airflow/example_dags/tutorial_objectstorage.py
[2024-04-24T05:20:56.773+0000] {processor.py:830} INFO - Processing file /home/airflow/.local/lib/python3.8/site-packages/airflow/example_dags/tutorial_objectstorage.py for tasks to queue
[2024-04-24T05:20:56.774+0000] {logging_mixin.py:188} INFO - [2024-04-24T05:20:56.774+0000] {dagbag.py:540} INFO - Filling up the DagBag from /home/airflow/.local/lib/python3.8/site-packages/airflow/example_dags/tutorial_objectstorage.py
[2024-04-24T05:20:56.778+0000] {processor.py:840} INFO - DAG(s) 'tutorial_objectstorage' retrieved from /home/airflow/.local/lib/python3.8/site-packages/airflow/example_dags/tutorial_objectstorage.py
[2024-04-24T05:20:56.788+0000] {logging_mixin.py:188} INFO - [2024-04-24T05:20:56.787+0000] {dag.py:3047} INFO - Sync 1 DAGs
[2024-04-24T05:20:56.794+0000] {logging_mixin.py:188} INFO - [2024-04-24T05:20:56.794+0000] {dag.py:3834} INFO - Setting next_dagrun for tutorial_objectstorage to None, run_after=None
[2024-04-24T05:20:56.803+0000] {processor.py:183} INFO - Processing /home/airflow/.local/lib/python3.8/site-packages/airflow/example_dags/tutorial_objectstorage.py took 0.032 seconds
[2024-04-24T05:21:27.268+0000] {processor.py:161} INFO - Started process (PID=1221) to work on /home/airflow/.local/lib/python3.8/site-packages/airflow/example_dags/tutorial_objectstorage.py
[2024-04-24T05:21:27.268+0000] {processor.py:830} INFO - Processing file /home/airflow/.local/lib/python3.8/site-packages/airflow/example_dags/tutorial_objectstorage.py for tasks to queue
[2024-04-24T05:21:27.269+0000] {logging_mixin.py:188} INFO - [2024-04-24T05:21:27.269+0000] {dagbag.py:540} INFO - Filling up the DagBag from /home/airflow/.local/lib/python3.8/site-packages/airflow/example_dags/tutorial_objectstorage.py
[2024-04-24T05:21:27.273+0000] {processor.py:840} INFO - DAG(s) 'tutorial_objectstorage' retrieved from /home/airflow/.local/lib/python3.8/site-packages/airflow/example_dags/tutorial_objectstorage.py
[2024-04-24T05:21:27.283+0000] {logging_mixin.py:188} INFO - [2024-04-24T05:21:27.283+0000] {dag.py:3047} INFO - Sync 1 DAGs
[2024-04-24T05:21:27.289+0000] {logging_mixin.py:188} INFO - [2024-04-24T05:21:27.289+0000] {dag.py:3834} INFO - Setting next_dagrun for tutorial_objectstorage to None, run_after=None
[2024-04-24T05:21:27.298+0000] {processor.py:183} INFO - Processing /home/airflow/.local/lib/python3.8/site-packages/airflow/example_dags/tutorial_objectstorage.py took 0.032 seconds
[2024-04-24T05:21:57.765+0000] {processor.py:161} INFO - Started process (PID=1279) to work on /home/airflow/.local/lib/python3.8/site-packages/airflow/example_dags/tutorial_objectstorage.py
[2024-04-24T05:21:57.766+0000] {processor.py:830} INFO - Processing file /home/airflow/.local/lib/python3.8/site-packages/airflow/example_dags/tutorial_objectstorage.py for tasks to queue
[2024-04-24T05:21:57.767+0000] {logging_mixin.py:188} INFO - [2024-04-24T05:21:57.767+0000] {dagbag.py:540} INFO - Filling up the DagBag from /home/airflow/.local/lib/python3.8/site-packages/airflow/example_dags/tutorial_objectstorage.py
[2024-04-24T05:21:57.770+0000] {processor.py:840} INFO - DAG(s) 'tutorial_objectstorage' retrieved from /home/airflow/.local/lib/python3.8/site-packages/airflow/example_dags/tutorial_objectstorage.py
[2024-04-24T05:21:57.780+0000] {logging_mixin.py:188} INFO - [2024-04-24T05:21:57.780+0000] {dag.py:3047} INFO - Sync 1 DAGs
[2024-04-24T05:21:57.787+0000] {logging_mixin.py:188} INFO - [2024-04-24T05:21:57.787+0000] {dag.py:3834} INFO - Setting next_dagrun for tutorial_objectstorage to None, run_after=None
[2024-04-24T05:21:57.796+0000] {processor.py:183} INFO - Processing /home/airflow/.local/lib/python3.8/site-packages/airflow/example_dags/tutorial_objectstorage.py took 0.033 seconds
[2024-04-24T05:22:28.230+0000] {processor.py:161} INFO - Started process (PID=1337) to work on /home/airflow/.local/lib/python3.8/site-packages/airflow/example_dags/tutorial_objectstorage.py
[2024-04-24T05:22:28.231+0000] {processor.py:830} INFO - Processing file /home/airflow/.local/lib/python3.8/site-packages/airflow/example_dags/tutorial_objectstorage.py for tasks to queue
[2024-04-24T05:22:28.232+0000] {logging_mixin.py:188} INFO - [2024-04-24T05:22:28.231+0000] {dagbag.py:540} INFO - Filling up the DagBag from /home/airflow/.local/lib/python3.8/site-packages/airflow/example_dags/tutorial_objectstorage.py
[2024-04-24T05:22:28.235+0000] {processor.py:840} INFO - DAG(s) 'tutorial_objectstorage' retrieved from /home/airflow/.local/lib/python3.8/site-packages/airflow/example_dags/tutorial_objectstorage.py
[2024-04-24T05:22:28.245+0000] {logging_mixin.py:188} INFO - [2024-04-24T05:22:28.245+0000] {dag.py:3047} INFO - Sync 1 DAGs
[2024-04-24T05:22:28.251+0000] {logging_mixin.py:188} INFO - [2024-04-24T05:22:28.251+0000] {dag.py:3834} INFO - Setting next_dagrun for tutorial_objectstorage to None, run_after=None
[2024-04-24T05:22:28.261+0000] {processor.py:183} INFO - Processing /home/airflow/.local/lib/python3.8/site-packages/airflow/example_dags/tutorial_objectstorage.py took 0.033 seconds
[2024-04-24T05:22:58.781+0000] {processor.py:161} INFO - Started process (PID=1395) to work on /home/airflow/.local/lib/python3.8/site-packages/airflow/example_dags/tutorial_objectstorage.py
[2024-04-24T05:22:58.781+0000] {processor.py:830} INFO - Processing file /home/airflow/.local/lib/python3.8/site-packages/airflow/example_dags/tutorial_objectstorage.py for tasks to queue
[2024-04-24T05:22:58.782+0000] {logging_mixin.py:188} INFO - [2024-04-24T05:22:58.782+0000] {dagbag.py:540} INFO - Filling up the DagBag from /home/airflow/.local/lib/python3.8/site-packages/airflow/example_dags/tutorial_objectstorage.py
[2024-04-24T05:22:58.786+0000] {processor.py:840} INFO - DAG(s) 'tutorial_objectstorage' retrieved from /home/airflow/.local/lib/python3.8/site-packages/airflow/example_dags/tutorial_objectstorage.py
[2024-04-24T05:22:58.796+0000] {logging_mixin.py:188} INFO - [2024-04-24T05:22:58.796+0000] {dag.py:3047} INFO - Sync 1 DAGs
[2024-04-24T05:22:58.802+0000] {logging_mixin.py:188} INFO - [2024-04-24T05:22:58.802+0000] {dag.py:3834} INFO - Setting next_dagrun for tutorial_objectstorage to None, run_after=None
[2024-04-24T05:22:58.812+0000] {processor.py:183} INFO - Processing /home/airflow/.local/lib/python3.8/site-packages/airflow/example_dags/tutorial_objectstorage.py took 0.033 seconds
[2024-04-24T05:23:29.262+0000] {processor.py:161} INFO - Started process (PID=1453) to work on /home/airflow/.local/lib/python3.8/site-packages/airflow/example_dags/tutorial_objectstorage.py
[2024-04-24T05:23:29.262+0000] {processor.py:830} INFO - Processing file /home/airflow/.local/lib/python3.8/site-packages/airflow/example_dags/tutorial_objectstorage.py for tasks to queue
[2024-04-24T05:23:29.263+0000] {logging_mixin.py:188} INFO - [2024-04-24T05:23:29.263+0000] {dagbag.py:540} INFO - Filling up the DagBag from /home/airflow/.local/lib/python3.8/site-packages/airflow/example_dags/tutorial_objectstorage.py
[2024-04-24T05:23:29.267+0000] {processor.py:840} INFO - DAG(s) 'tutorial_objectstorage' retrieved from /home/airflow/.local/lib/python3.8/site-packages/airflow/example_dags/tutorial_objectstorage.py
[2024-04-24T05:23:29.276+0000] {logging_mixin.py:188} INFO - [2024-04-24T05:23:29.276+0000] {dag.py:3047} INFO - Sync 1 DAGs
[2024-04-24T05:23:29.283+0000] {logging_mixin.py:188} INFO - [2024-04-24T05:23:29.283+0000] {dag.py:3834} INFO - Setting next_dagrun for tutorial_objectstorage to None, run_after=None
[2024-04-24T05:23:29.292+0000] {processor.py:183} INFO - Processing /home/airflow/.local/lib/python3.8/site-packages/airflow/example_dags/tutorial_objectstorage.py took 0.032 seconds
[2024-04-24T05:23:59.791+0000] {processor.py:161} INFO - Started process (PID=1511) to work on /home/airflow/.local/lib/python3.8/site-packages/airflow/example_dags/tutorial_objectstorage.py
[2024-04-24T05:23:59.792+0000] {processor.py:830} INFO - Processing file /home/airflow/.local/lib/python3.8/site-packages/airflow/example_dags/tutorial_objectstorage.py for tasks to queue
[2024-04-24T05:23:59.793+0000] {logging_mixin.py:188} INFO - [2024-04-24T05:23:59.793+0000] {dagbag.py:540} INFO - Filling up the DagBag from /home/airflow/.local/lib/python3.8/site-packages/airflow/example_dags/tutorial_objectstorage.py
[2024-04-24T05:23:59.796+0000] {processor.py:840} INFO - DAG(s) 'tutorial_objectstorage' retrieved from /home/airflow/.local/lib/python3.8/site-packages/airflow/example_dags/tutorial_objectstorage.py
[2024-04-24T05:23:59.807+0000] {logging_mixin.py:188} INFO - [2024-04-24T05:23:59.807+0000] {dag.py:3047} INFO - Sync 1 DAGs
[2024-04-24T05:23:59.814+0000] {logging_mixin.py:188} INFO - [2024-04-24T05:23:59.813+0000] {dag.py:3834} INFO - Setting next_dagrun for tutorial_objectstorage to None, run_after=None
[2024-04-24T05:23:59.824+0000] {processor.py:183} INFO - Processing /home/airflow/.local/lib/python3.8/site-packages/airflow/example_dags/tutorial_objectstorage.py took 0.035 seconds
[2024-04-24T05:24:30.285+0000] {processor.py:161} INFO - Started process (PID=1569) to work on /home/airflow/.local/lib/python3.8/site-packages/airflow/example_dags/tutorial_objectstorage.py
[2024-04-24T05:24:30.286+0000] {processor.py:830} INFO - Processing file /home/airflow/.local/lib/python3.8/site-packages/airflow/example_dags/tutorial_objectstorage.py for tasks to queue
[2024-04-24T05:24:30.287+0000] {logging_mixin.py:188} INFO - [2024-04-24T05:24:30.286+0000] {dagbag.py:540} INFO - Filling up the DagBag from /home/airflow/.local/lib/python3.8/site-packages/airflow/example_dags/tutorial_objectstorage.py
[2024-04-24T05:24:30.290+0000] {processor.py:840} INFO - DAG(s) 'tutorial_objectstorage' retrieved from /home/airflow/.local/lib/python3.8/site-packages/airflow/example_dags/tutorial_objectstorage.py
[2024-04-24T05:24:30.300+0000] {logging_mixin.py:188} INFO - [2024-04-24T05:24:30.300+0000] {dag.py:3047} INFO - Sync 1 DAGs
[2024-04-24T05:24:30.306+0000] {logging_mixin.py:188} INFO - [2024-04-24T05:24:30.306+0000] {dag.py:3834} INFO - Setting next_dagrun for tutorial_objectstorage to None, run_after=None
[2024-04-24T05:24:30.316+0000] {processor.py:183} INFO - Processing /home/airflow/.local/lib/python3.8/site-packages/airflow/example_dags/tutorial_objectstorage.py took 0.033 seconds
[2024-04-24T05:25:00.751+0000] {processor.py:161} INFO - Started process (PID=1627) to work on /home/airflow/.local/lib/python3.8/site-packages/airflow/example_dags/tutorial_objectstorage.py
[2024-04-24T05:25:00.752+0000] {processor.py:830} INFO - Processing file /home/airflow/.local/lib/python3.8/site-packages/airflow/example_dags/tutorial_objectstorage.py for tasks to queue
[2024-04-24T05:25:00.753+0000] {logging_mixin.py:188} INFO - [2024-04-24T05:25:00.753+0000] {dagbag.py:540} INFO - Filling up the DagBag from /home/airflow/.local/lib/python3.8/site-packages/airflow/example_dags/tutorial_objectstorage.py
[2024-04-24T05:25:00.756+0000] {processor.py:840} INFO - DAG(s) 'tutorial_objectstorage' retrieved from /home/airflow/.local/lib/python3.8/site-packages/airflow/example_dags/tutorial_objectstorage.py
[2024-04-24T05:25:00.766+0000] {logging_mixin.py:188} INFO - [2024-04-24T05:25:00.766+0000] {dag.py:3047} INFO - Sync 1 DAGs
[2024-04-24T05:25:00.772+0000] {logging_mixin.py:188} INFO - [2024-04-24T05:25:00.772+0000] {dag.py:3834} INFO - Setting next_dagrun for tutorial_objectstorage to None, run_after=None
[2024-04-24T05:25:00.782+0000] {processor.py:183} INFO - Processing /home/airflow/.local/lib/python3.8/site-packages/airflow/example_dags/tutorial_objectstorage.py took 0.032 seconds
[2024-04-24T05:25:31.207+0000] {processor.py:161} INFO - Started process (PID=1685) to work on /home/airflow/.local/lib/python3.8/site-packages/airflow/example_dags/tutorial_objectstorage.py
[2024-04-24T05:25:31.208+0000] {processor.py:830} INFO - Processing file /home/airflow/.local/lib/python3.8/site-packages/airflow/example_dags/tutorial_objectstorage.py for tasks to queue
[2024-04-24T05:25:31.209+0000] {logging_mixin.py:188} INFO - [2024-04-24T05:25:31.208+0000] {dagbag.py:540} INFO - Filling up the DagBag from /home/airflow/.local/lib/python3.8/site-packages/airflow/example_dags/tutorial_objectstorage.py
[2024-04-24T05:25:31.212+0000] {processor.py:840} INFO - DAG(s) 'tutorial_objectstorage' retrieved from /home/airflow/.local/lib/python3.8/site-packages/airflow/example_dags/tutorial_objectstorage.py
[2024-04-24T05:25:31.222+0000] {logging_mixin.py:188} INFO - [2024-04-24T05:25:31.222+0000] {dag.py:3047} INFO - Sync 1 DAGs
[2024-04-24T05:25:31.228+0000] {logging_mixin.py:188} INFO - [2024-04-24T05:25:31.228+0000] {dag.py:3834} INFO - Setting next_dagrun for tutorial_objectstorage to None, run_after=None
[2024-04-24T05:25:31.238+0000] {processor.py:183} INFO - Processing /home/airflow/.local/lib/python3.8/site-packages/airflow/example_dags/tutorial_objectstorage.py took 0.033 seconds
[2024-04-24T05:26:01.805+0000] {processor.py:161} INFO - Started process (PID=1743) to work on /home/airflow/.local/lib/python3.8/site-packages/airflow/example_dags/tutorial_objectstorage.py
[2024-04-24T05:26:01.805+0000] {processor.py:830} INFO - Processing file /home/airflow/.local/lib/python3.8/site-packages/airflow/example_dags/tutorial_objectstorage.py for tasks to queue
[2024-04-24T05:26:01.806+0000] {logging_mixin.py:188} INFO - [2024-04-24T05:26:01.806+0000] {dagbag.py:540} INFO - Filling up the DagBag from /home/airflow/.local/lib/python3.8/site-packages/airflow/example_dags/tutorial_objectstorage.py
[2024-04-24T05:26:01.810+0000] {processor.py:840} INFO - DAG(s) 'tutorial_objectstorage' retrieved from /home/airflow/.local/lib/python3.8/site-packages/airflow/example_dags/tutorial_objectstorage.py
[2024-04-24T05:26:01.820+0000] {logging_mixin.py:188} INFO - [2024-04-24T05:26:01.820+0000] {dag.py:3047} INFO - Sync 1 DAGs
[2024-04-24T05:26:01.826+0000] {logging_mixin.py:188} INFO - [2024-04-24T05:26:01.826+0000] {dag.py:3834} INFO - Setting next_dagrun for tutorial_objectstorage to None, run_after=None
[2024-04-24T05:26:01.839+0000] {processor.py:183} INFO - Processing /home/airflow/.local/lib/python3.8/site-packages/airflow/example_dags/tutorial_objectstorage.py took 0.036 seconds
[2024-04-24T05:26:32.473+0000] {processor.py:161} INFO - Started process (PID=1801) to work on /home/airflow/.local/lib/python3.8/site-packages/airflow/example_dags/tutorial_objectstorage.py
[2024-04-24T05:26:32.473+0000] {processor.py:830} INFO - Processing file /home/airflow/.local/lib/python3.8/site-packages/airflow/example_dags/tutorial_objectstorage.py for tasks to queue
[2024-04-24T05:26:32.475+0000] {logging_mixin.py:188} INFO - [2024-04-24T05:26:32.474+0000] {dagbag.py:540} INFO - Filling up the DagBag from /home/airflow/.local/lib/python3.8/site-packages/airflow/example_dags/tutorial_objectstorage.py
[2024-04-24T05:26:32.478+0000] {processor.py:840} INFO - DAG(s) 'tutorial_objectstorage' retrieved from /home/airflow/.local/lib/python3.8/site-packages/airflow/example_dags/tutorial_objectstorage.py
[2024-04-24T05:26:32.488+0000] {logging_mixin.py:188} INFO - [2024-04-24T05:26:32.488+0000] {dag.py:3047} INFO - Sync 1 DAGs
[2024-04-24T05:26:32.495+0000] {logging_mixin.py:188} INFO - [2024-04-24T05:26:32.495+0000] {dag.py:3834} INFO - Setting next_dagrun for tutorial_objectstorage to None, run_after=None
[2024-04-24T05:26:32.505+0000] {processor.py:183} INFO - Processing /home/airflow/.local/lib/python3.8/site-packages/airflow/example_dags/tutorial_objectstorage.py took 0.034 seconds
[2024-04-24T05:27:03.144+0000] {processor.py:161} INFO - Started process (PID=1859) to work on /home/airflow/.local/lib/python3.8/site-packages/airflow/example_dags/tutorial_objectstorage.py
[2024-04-24T05:27:03.145+0000] {processor.py:830} INFO - Processing file /home/airflow/.local/lib/python3.8/site-packages/airflow/example_dags/tutorial_objectstorage.py for tasks to queue
[2024-04-24T05:27:03.146+0000] {logging_mixin.py:188} INFO - [2024-04-24T05:27:03.146+0000] {dagbag.py:540} INFO - Filling up the DagBag from /home/airflow/.local/lib/python3.8/site-packages/airflow/example_dags/tutorial_objectstorage.py
[2024-04-24T05:27:03.149+0000] {processor.py:840} INFO - DAG(s) 'tutorial_objectstorage' retrieved from /home/airflow/.local/lib/python3.8/site-packages/airflow/example_dags/tutorial_objectstorage.py
[2024-04-24T05:27:03.159+0000] {logging_mixin.py:188} INFO - [2024-04-24T05:27:03.159+0000] {dag.py:3047} INFO - Sync 1 DAGs
[2024-04-24T05:27:03.165+0000] {logging_mixin.py:188} INFO - [2024-04-24T05:27:03.165+0000] {dag.py:3834} INFO - Setting next_dagrun for tutorial_objectstorage to None, run_after=None
[2024-04-24T05:27:03.175+0000] {processor.py:183} INFO - Processing /home/airflow/.local/lib/python3.8/site-packages/airflow/example_dags/tutorial_objectstorage.py took 0.032 seconds
[2024-04-24T05:27:33.754+0000] {processor.py:161} INFO - Started process (PID=1917) to work on /home/airflow/.local/lib/python3.8/site-packages/airflow/example_dags/tutorial_objectstorage.py
[2024-04-24T05:27:33.754+0000] {processor.py:830} INFO - Processing file /home/airflow/.local/lib/python3.8/site-packages/airflow/example_dags/tutorial_objectstorage.py for tasks to queue
[2024-04-24T05:27:33.755+0000] {logging_mixin.py:188} INFO - [2024-04-24T05:27:33.755+0000] {dagbag.py:540} INFO - Filling up the DagBag from /home/airflow/.local/lib/python3.8/site-packages/airflow/example_dags/tutorial_objectstorage.py
[2024-04-24T05:27:33.759+0000] {processor.py:840} INFO - DAG(s) 'tutorial_objectstorage' retrieved from /home/airflow/.local/lib/python3.8/site-packages/airflow/example_dags/tutorial_objectstorage.py
[2024-04-24T05:27:33.769+0000] {logging_mixin.py:188} INFO - [2024-04-24T05:27:33.768+0000] {dag.py:3047} INFO - Sync 1 DAGs
[2024-04-24T05:27:33.775+0000] {logging_mixin.py:188} INFO - [2024-04-24T05:27:33.775+0000] {dag.py:3834} INFO - Setting next_dagrun for tutorial_objectstorage to None, run_after=None
[2024-04-24T05:27:33.785+0000] {processor.py:183} INFO - Processing /home/airflow/.local/lib/python3.8/site-packages/airflow/example_dags/tutorial_objectstorage.py took 0.033 seconds
[2024-04-24T05:28:04.342+0000] {processor.py:161} INFO - Started process (PID=1975) to work on /home/airflow/.local/lib/python3.8/site-packages/airflow/example_dags/tutorial_objectstorage.py
[2024-04-24T05:28:04.342+0000] {processor.py:830} INFO - Processing file /home/airflow/.local/lib/python3.8/site-packages/airflow/example_dags/tutorial_objectstorage.py for tasks to queue
[2024-04-24T05:28:04.344+0000] {logging_mixin.py:188} INFO - [2024-04-24T05:28:04.343+0000] {dagbag.py:540} INFO - Filling up the DagBag from /home/airflow/.local/lib/python3.8/site-packages/airflow/example_dags/tutorial_objectstorage.py
[2024-04-24T05:28:04.347+0000] {processor.py:840} INFO - DAG(s) 'tutorial_objectstorage' retrieved from /home/airflow/.local/lib/python3.8/site-packages/airflow/example_dags/tutorial_objectstorage.py
[2024-04-24T05:28:04.357+0000] {logging_mixin.py:188} INFO - [2024-04-24T05:28:04.357+0000] {dag.py:3047} INFO - Sync 1 DAGs
[2024-04-24T05:28:04.364+0000] {logging_mixin.py:188} INFO - [2024-04-24T05:28:04.364+0000] {dag.py:3834} INFO - Setting next_dagrun for tutorial_objectstorage to None, run_after=None
[2024-04-24T05:28:04.374+0000] {processor.py:183} INFO - Processing /home/airflow/.local/lib/python3.8/site-packages/airflow/example_dags/tutorial_objectstorage.py took 0.034 seconds
[2024-04-24T05:28:35.073+0000] {processor.py:161} INFO - Started process (PID=2033) to work on /home/airflow/.local/lib/python3.8/site-packages/airflow/example_dags/tutorial_objectstorage.py
[2024-04-24T05:28:35.074+0000] {processor.py:830} INFO - Processing file /home/airflow/.local/lib/python3.8/site-packages/airflow/example_dags/tutorial_objectstorage.py for tasks to queue
[2024-04-24T05:28:35.075+0000] {logging_mixin.py:188} INFO - [2024-04-24T05:28:35.075+0000] {dagbag.py:540} INFO - Filling up the DagBag from /home/airflow/.local/lib/python3.8/site-packages/airflow/example_dags/tutorial_objectstorage.py
[2024-04-24T05:28:35.078+0000] {processor.py:840} INFO - DAG(s) 'tutorial_objectstorage' retrieved from /home/airflow/.local/lib/python3.8/site-packages/airflow/example_dags/tutorial_objectstorage.py
[2024-04-24T05:28:35.089+0000] {logging_mixin.py:188} INFO - [2024-04-24T05:28:35.088+0000] {dag.py:3047} INFO - Sync 1 DAGs
[2024-04-24T05:28:35.095+0000] {logging_mixin.py:188} INFO - [2024-04-24T05:28:35.095+0000] {dag.py:3834} INFO - Setting next_dagrun for tutorial_objectstorage to None, run_after=None
[2024-04-24T05:28:35.104+0000] {processor.py:183} INFO - Processing /home/airflow/.local/lib/python3.8/site-packages/airflow/example_dags/tutorial_objectstorage.py took 0.033 seconds
[2024-04-24T05:29:05.749+0000] {processor.py:161} INFO - Started process (PID=2091) to work on /home/airflow/.local/lib/python3.8/site-packages/airflow/example_dags/tutorial_objectstorage.py
[2024-04-24T05:29:05.750+0000] {processor.py:830} INFO - Processing file /home/airflow/.local/lib/python3.8/site-packages/airflow/example_dags/tutorial_objectstorage.py for tasks to queue
[2024-04-24T05:29:05.751+0000] {logging_mixin.py:188} INFO - [2024-04-24T05:29:05.751+0000] {dagbag.py:540} INFO - Filling up the DagBag from /home/airflow/.local/lib/python3.8/site-packages/airflow/example_dags/tutorial_objectstorage.py
[2024-04-24T05:29:05.755+0000] {processor.py:840} INFO - DAG(s) 'tutorial_objectstorage' retrieved from /home/airflow/.local/lib/python3.8/site-packages/airflow/example_dags/tutorial_objectstorage.py
[2024-04-24T05:29:05.765+0000] {logging_mixin.py:188} INFO - [2024-04-24T05:29:05.765+0000] {dag.py:3047} INFO - Sync 1 DAGs
[2024-04-24T05:29:05.771+0000] {logging_mixin.py:188} INFO - [2024-04-24T05:29:05.771+0000] {dag.py:3834} INFO - Setting next_dagrun for tutorial_objectstorage to None, run_after=None
[2024-04-24T05:29:05.781+0000] {processor.py:183} INFO - Processing /home/airflow/.local/lib/python3.8/site-packages/airflow/example_dags/tutorial_objectstorage.py took 0.034 seconds
[2024-04-24T05:29:36.397+0000] {processor.py:161} INFO - Started process (PID=2149) to work on /home/airflow/.local/lib/python3.8/site-packages/airflow/example_dags/tutorial_objectstorage.py
[2024-04-24T05:29:36.398+0000] {processor.py:830} INFO - Processing file /home/airflow/.local/lib/python3.8/site-packages/airflow/example_dags/tutorial_objectstorage.py for tasks to queue
[2024-04-24T05:29:36.399+0000] {logging_mixin.py:188} INFO - [2024-04-24T05:29:36.399+0000] {dagbag.py:540} INFO - Filling up the DagBag from /home/airflow/.local/lib/python3.8/site-packages/airflow/example_dags/tutorial_objectstorage.py
[2024-04-24T05:29:36.402+0000] {processor.py:840} INFO - DAG(s) 'tutorial_objectstorage' retrieved from /home/airflow/.local/lib/python3.8/site-packages/airflow/example_dags/tutorial_objectstorage.py
[2024-04-24T05:29:36.412+0000] {logging_mixin.py:188} INFO - [2024-04-24T05:29:36.412+0000] {dag.py:3047} INFO - Sync 1 DAGs
[2024-04-24T05:29:36.419+0000] {logging_mixin.py:188} INFO - [2024-04-24T05:29:36.419+0000] {dag.py:3834} INFO - Setting next_dagrun for tutorial_objectstorage to None, run_after=None
[2024-04-24T05:29:36.428+0000] {processor.py:183} INFO - Processing /home/airflow/.local/lib/python3.8/site-packages/airflow/example_dags/tutorial_objectstorage.py took 0.033 seconds
[2024-04-24T05:30:06.875+0000] {processor.py:161} INFO - Started process (PID=2207) to work on /home/airflow/.local/lib/python3.8/site-packages/airflow/example_dags/tutorial_objectstorage.py
[2024-04-24T05:30:06.875+0000] {processor.py:830} INFO - Processing file /home/airflow/.local/lib/python3.8/site-packages/airflow/example_dags/tutorial_objectstorage.py for tasks to queue
[2024-04-24T05:30:06.876+0000] {logging_mixin.py:188} INFO - [2024-04-24T05:30:06.876+0000] {dagbag.py:540} INFO - Filling up the DagBag from /home/airflow/.local/lib/python3.8/site-packages/airflow/example_dags/tutorial_objectstorage.py
[2024-04-24T05:30:06.880+0000] {processor.py:840} INFO - DAG(s) 'tutorial_objectstorage' retrieved from /home/airflow/.local/lib/python3.8/site-packages/airflow/example_dags/tutorial_objectstorage.py
[2024-04-24T05:30:06.890+0000] {logging_mixin.py:188} INFO - [2024-04-24T05:30:06.890+0000] {dag.py:3047} INFO - Sync 1 DAGs
[2024-04-24T05:30:06.896+0000] {logging_mixin.py:188} INFO - [2024-04-24T05:30:06.896+0000] {dag.py:3834} INFO - Setting next_dagrun for tutorial_objectstorage to None, run_after=None
[2024-04-24T05:30:06.905+0000] {processor.py:183} INFO - Processing /home/airflow/.local/lib/python3.8/site-packages/airflow/example_dags/tutorial_objectstorage.py took 0.032 seconds
[2024-04-24T05:30:37.403+0000] {processor.py:161} INFO - Started process (PID=2265) to work on /home/airflow/.local/lib/python3.8/site-packages/airflow/example_dags/tutorial_objectstorage.py
[2024-04-24T05:30:37.403+0000] {processor.py:830} INFO - Processing file /home/airflow/.local/lib/python3.8/site-packages/airflow/example_dags/tutorial_objectstorage.py for tasks to queue
[2024-04-24T05:30:37.405+0000] {logging_mixin.py:188} INFO - [2024-04-24T05:30:37.404+0000] {dagbag.py:540} INFO - Filling up the DagBag from /home/airflow/.local/lib/python3.8/site-packages/airflow/example_dags/tutorial_objectstorage.py
[2024-04-24T05:30:37.408+0000] {processor.py:840} INFO - DAG(s) 'tutorial_objectstorage' retrieved from /home/airflow/.local/lib/python3.8/site-packages/airflow/example_dags/tutorial_objectstorage.py
[2024-04-24T05:30:37.418+0000] {logging_mixin.py:188} INFO - [2024-04-24T05:30:37.418+0000] {dag.py:3047} INFO - Sync 1 DAGs
[2024-04-24T05:30:37.424+0000] {logging_mixin.py:188} INFO - [2024-04-24T05:30:37.424+0000] {dag.py:3834} INFO - Setting next_dagrun for tutorial_objectstorage to None, run_after=None
[2024-04-24T05:30:37.433+0000] {processor.py:183} INFO - Processing /home/airflow/.local/lib/python3.8/site-packages/airflow/example_dags/tutorial_objectstorage.py took 0.032 seconds
[2024-04-24T05:31:08.010+0000] {processor.py:161} INFO - Started process (PID=2323) to work on /home/airflow/.local/lib/python3.8/site-packages/airflow/example_dags/tutorial_objectstorage.py
[2024-04-24T05:31:08.010+0000] {processor.py:830} INFO - Processing file /home/airflow/.local/lib/python3.8/site-packages/airflow/example_dags/tutorial_objectstorage.py for tasks to queue
[2024-04-24T05:31:08.011+0000] {logging_mixin.py:188} INFO - [2024-04-24T05:31:08.011+0000] {dagbag.py:540} INFO - Filling up the DagBag from /home/airflow/.local/lib/python3.8/site-packages/airflow/example_dags/tutorial_objectstorage.py
[2024-04-24T05:31:08.015+0000] {processor.py:840} INFO - DAG(s) 'tutorial_objectstorage' retrieved from /home/airflow/.local/lib/python3.8/site-packages/airflow/example_dags/tutorial_objectstorage.py
[2024-04-24T05:31:08.025+0000] {logging_mixin.py:188} INFO - [2024-04-24T05:31:08.025+0000] {dag.py:3047} INFO - Sync 1 DAGs
[2024-04-24T05:31:08.032+0000] {logging_mixin.py:188} INFO - [2024-04-24T05:31:08.032+0000] {dag.py:3834} INFO - Setting next_dagrun for tutorial_objectstorage to None, run_after=None
[2024-04-24T05:31:08.042+0000] {processor.py:183} INFO - Processing /home/airflow/.local/lib/python3.8/site-packages/airflow/example_dags/tutorial_objectstorage.py took 0.034 seconds
[2024-04-24T05:31:38.824+0000] {processor.py:161} INFO - Started process (PID=2381) to work on /home/airflow/.local/lib/python3.8/site-packages/airflow/example_dags/tutorial_objectstorage.py
[2024-04-24T05:31:38.825+0000] {processor.py:830} INFO - Processing file /home/airflow/.local/lib/python3.8/site-packages/airflow/example_dags/tutorial_objectstorage.py for tasks to queue
[2024-04-24T05:31:38.826+0000] {logging_mixin.py:188} INFO - [2024-04-24T05:31:38.826+0000] {dagbag.py:540} INFO - Filling up the DagBag from /home/airflow/.local/lib/python3.8/site-packages/airflow/example_dags/tutorial_objectstorage.py
[2024-04-24T05:31:38.829+0000] {processor.py:840} INFO - DAG(s) 'tutorial_objectstorage' retrieved from /home/airflow/.local/lib/python3.8/site-packages/airflow/example_dags/tutorial_objectstorage.py
[2024-04-24T05:31:38.840+0000] {logging_mixin.py:188} INFO - [2024-04-24T05:31:38.840+0000] {dag.py:3047} INFO - Sync 1 DAGs
[2024-04-24T05:31:38.846+0000] {logging_mixin.py:188} INFO - [2024-04-24T05:31:38.846+0000] {dag.py:3834} INFO - Setting next_dagrun for tutorial_objectstorage to None, run_after=None
[2024-04-24T05:31:38.856+0000] {processor.py:183} INFO - Processing /home/airflow/.local/lib/python3.8/site-packages/airflow/example_dags/tutorial_objectstorage.py took 0.033 seconds
[2024-04-24T05:32:09.441+0000] {processor.py:161} INFO - Started process (PID=2439) to work on /home/airflow/.local/lib/python3.8/site-packages/airflow/example_dags/tutorial_objectstorage.py
[2024-04-24T05:32:09.441+0000] {processor.py:830} INFO - Processing file /home/airflow/.local/lib/python3.8/site-packages/airflow/example_dags/tutorial_objectstorage.py for tasks to queue
[2024-04-24T05:32:09.442+0000] {logging_mixin.py:188} INFO - [2024-04-24T05:32:09.442+0000] {dagbag.py:540} INFO - Filling up the DagBag from /home/airflow/.local/lib/python3.8/site-packages/airflow/example_dags/tutorial_objectstorage.py
[2024-04-24T05:32:09.446+0000] {processor.py:840} INFO - DAG(s) 'tutorial_objectstorage' retrieved from /home/airflow/.local/lib/python3.8/site-packages/airflow/example_dags/tutorial_objectstorage.py
[2024-04-24T05:32:09.456+0000] {logging_mixin.py:188} INFO - [2024-04-24T05:32:09.456+0000] {dag.py:3047} INFO - Sync 1 DAGs
[2024-04-24T05:32:09.462+0000] {logging_mixin.py:188} INFO - [2024-04-24T05:32:09.462+0000] {dag.py:3834} INFO - Setting next_dagrun for tutorial_objectstorage to None, run_after=None
[2024-04-24T05:32:09.472+0000] {processor.py:183} INFO - Processing /home/airflow/.local/lib/python3.8/site-packages/airflow/example_dags/tutorial_objectstorage.py took 0.033 seconds
[2024-04-24T05:32:40.018+0000] {processor.py:161} INFO - Started process (PID=2498) to work on /home/airflow/.local/lib/python3.8/site-packages/airflow/example_dags/tutorial_objectstorage.py
[2024-04-24T05:32:40.019+0000] {processor.py:830} INFO - Processing file /home/airflow/.local/lib/python3.8/site-packages/airflow/example_dags/tutorial_objectstorage.py for tasks to queue
[2024-04-24T05:32:40.020+0000] {logging_mixin.py:188} INFO - [2024-04-24T05:32:40.020+0000] {dagbag.py:540} INFO - Filling up the DagBag from /home/airflow/.local/lib/python3.8/site-packages/airflow/example_dags/tutorial_objectstorage.py
[2024-04-24T05:32:40.023+0000] {processor.py:840} INFO - DAG(s) 'tutorial_objectstorage' retrieved from /home/airflow/.local/lib/python3.8/site-packages/airflow/example_dags/tutorial_objectstorage.py
[2024-04-24T05:32:40.034+0000] {logging_mixin.py:188} INFO - [2024-04-24T05:32:40.033+0000] {dag.py:3047} INFO - Sync 1 DAGs
[2024-04-24T05:32:40.040+0000] {logging_mixin.py:188} INFO - [2024-04-24T05:32:40.040+0000] {dag.py:3834} INFO - Setting next_dagrun for tutorial_objectstorage to None, run_after=None
[2024-04-24T05:32:40.050+0000] {processor.py:183} INFO - Processing /home/airflow/.local/lib/python3.8/site-packages/airflow/example_dags/tutorial_objectstorage.py took 0.033 seconds
[2024-04-24T05:33:10.348+0000] {processor.py:161} INFO - Started process (PID=2553) to work on /home/airflow/.local/lib/python3.8/site-packages/airflow/example_dags/tutorial_objectstorage.py
[2024-04-24T05:33:10.349+0000] {processor.py:830} INFO - Processing file /home/airflow/.local/lib/python3.8/site-packages/airflow/example_dags/tutorial_objectstorage.py for tasks to queue
[2024-04-24T05:33:10.349+0000] {logging_mixin.py:188} INFO - [2024-04-24T05:33:10.349+0000] {dagbag.py:540} INFO - Filling up the DagBag from /home/airflow/.local/lib/python3.8/site-packages/airflow/example_dags/tutorial_objectstorage.py
[2024-04-24T05:33:10.353+0000] {processor.py:840} INFO - DAG(s) 'tutorial_objectstorage' retrieved from /home/airflow/.local/lib/python3.8/site-packages/airflow/example_dags/tutorial_objectstorage.py
[2024-04-24T05:33:10.363+0000] {logging_mixin.py:188} INFO - [2024-04-24T05:33:10.363+0000] {dag.py:3047} INFO - Sync 1 DAGs
[2024-04-24T05:33:10.369+0000] {logging_mixin.py:188} INFO - [2024-04-24T05:33:10.369+0000] {dag.py:3834} INFO - Setting next_dagrun for tutorial_objectstorage to None, run_after=None
[2024-04-24T05:33:10.379+0000] {processor.py:183} INFO - Processing /home/airflow/.local/lib/python3.8/site-packages/airflow/example_dags/tutorial_objectstorage.py took 0.033 seconds
[2024-04-24T05:33:40.746+0000] {processor.py:161} INFO - Started process (PID=2608) to work on /home/airflow/.local/lib/python3.8/site-packages/airflow/example_dags/tutorial_objectstorage.py
[2024-04-24T05:33:40.747+0000] {processor.py:830} INFO - Processing file /home/airflow/.local/lib/python3.8/site-packages/airflow/example_dags/tutorial_objectstorage.py for tasks to queue
[2024-04-24T05:33:40.747+0000] {logging_mixin.py:188} INFO - [2024-04-24T05:33:40.747+0000] {dagbag.py:540} INFO - Filling up the DagBag from /home/airflow/.local/lib/python3.8/site-packages/airflow/example_dags/tutorial_objectstorage.py
[2024-04-24T05:33:40.751+0000] {processor.py:840} INFO - DAG(s) 'tutorial_objectstorage' retrieved from /home/airflow/.local/lib/python3.8/site-packages/airflow/example_dags/tutorial_objectstorage.py
[2024-04-24T05:33:40.761+0000] {logging_mixin.py:188} INFO - [2024-04-24T05:33:40.761+0000] {dag.py:3047} INFO - Sync 1 DAGs
[2024-04-24T05:33:40.767+0000] {logging_mixin.py:188} INFO - [2024-04-24T05:33:40.767+0000] {dag.py:3834} INFO - Setting next_dagrun for tutorial_objectstorage to None, run_after=None
[2024-04-24T05:33:40.776+0000] {processor.py:183} INFO - Processing /home/airflow/.local/lib/python3.8/site-packages/airflow/example_dags/tutorial_objectstorage.py took 0.032 seconds
[2024-04-24T05:34:11.150+0000] {processor.py:161} INFO - Started process (PID=2663) to work on /home/airflow/.local/lib/python3.8/site-packages/airflow/example_dags/tutorial_objectstorage.py
[2024-04-24T05:34:11.151+0000] {processor.py:830} INFO - Processing file /home/airflow/.local/lib/python3.8/site-packages/airflow/example_dags/tutorial_objectstorage.py for tasks to queue
[2024-04-24T05:34:11.151+0000] {logging_mixin.py:188} INFO - [2024-04-24T05:34:11.151+0000] {dagbag.py:540} INFO - Filling up the DagBag from /home/airflow/.local/lib/python3.8/site-packages/airflow/example_dags/tutorial_objectstorage.py
[2024-04-24T05:34:11.155+0000] {processor.py:840} INFO - DAG(s) 'tutorial_objectstorage' retrieved from /home/airflow/.local/lib/python3.8/site-packages/airflow/example_dags/tutorial_objectstorage.py
[2024-04-24T05:34:11.165+0000] {logging_mixin.py:188} INFO - [2024-04-24T05:34:11.165+0000] {dag.py:3047} INFO - Sync 1 DAGs
[2024-04-24T05:34:11.171+0000] {logging_mixin.py:188} INFO - [2024-04-24T05:34:11.171+0000] {dag.py:3834} INFO - Setting next_dagrun for tutorial_objectstorage to None, run_after=None
[2024-04-24T05:34:11.181+0000] {processor.py:183} INFO - Processing /home/airflow/.local/lib/python3.8/site-packages/airflow/example_dags/tutorial_objectstorage.py took 0.033 seconds
[2024-04-24T05:34:41.727+0000] {processor.py:161} INFO - Started process (PID=2718) to work on /home/airflow/.local/lib/python3.8/site-packages/airflow/example_dags/tutorial_objectstorage.py
[2024-04-24T05:34:41.727+0000] {processor.py:830} INFO - Processing file /home/airflow/.local/lib/python3.8/site-packages/airflow/example_dags/tutorial_objectstorage.py for tasks to queue
[2024-04-24T05:34:41.728+0000] {logging_mixin.py:188} INFO - [2024-04-24T05:34:41.728+0000] {dagbag.py:540} INFO - Filling up the DagBag from /home/airflow/.local/lib/python3.8/site-packages/airflow/example_dags/tutorial_objectstorage.py
[2024-04-24T05:34:41.732+0000] {processor.py:840} INFO - DAG(s) 'tutorial_objectstorage' retrieved from /home/airflow/.local/lib/python3.8/site-packages/airflow/example_dags/tutorial_objectstorage.py
[2024-04-24T05:34:41.742+0000] {logging_mixin.py:188} INFO - [2024-04-24T05:34:41.742+0000] {dag.py:3047} INFO - Sync 1 DAGs
[2024-04-24T05:34:41.748+0000] {logging_mixin.py:188} INFO - [2024-04-24T05:34:41.748+0000] {dag.py:3834} INFO - Setting next_dagrun for tutorial_objectstorage to None, run_after=None
[2024-04-24T05:34:41.758+0000] {processor.py:183} INFO - Processing /home/airflow/.local/lib/python3.8/site-packages/airflow/example_dags/tutorial_objectstorage.py took 0.033 seconds
[2024-04-24T05:35:12.461+0000] {processor.py:161} INFO - Started process (PID=2779) to work on /home/airflow/.local/lib/python3.8/site-packages/airflow/example_dags/tutorial_objectstorage.py
[2024-04-24T05:35:12.461+0000] {processor.py:830} INFO - Processing file /home/airflow/.local/lib/python3.8/site-packages/airflow/example_dags/tutorial_objectstorage.py for tasks to queue
[2024-04-24T05:35:12.462+0000] {logging_mixin.py:188} INFO - [2024-04-24T05:35:12.462+0000] {dagbag.py:540} INFO - Filling up the DagBag from /home/airflow/.local/lib/python3.8/site-packages/airflow/example_dags/tutorial_objectstorage.py
[2024-04-24T05:35:12.466+0000] {processor.py:840} INFO - DAG(s) 'tutorial_objectstorage' retrieved from /home/airflow/.local/lib/python3.8/site-packages/airflow/example_dags/tutorial_objectstorage.py
[2024-04-24T05:35:12.477+0000] {logging_mixin.py:188} INFO - [2024-04-24T05:35:12.477+0000] {dag.py:3047} INFO - Sync 1 DAGs
[2024-04-24T05:35:12.484+0000] {logging_mixin.py:188} INFO - [2024-04-24T05:35:12.483+0000] {dag.py:3834} INFO - Setting next_dagrun for tutorial_objectstorage to None, run_after=None
[2024-04-24T05:35:12.493+0000] {processor.py:183} INFO - Processing /home/airflow/.local/lib/python3.8/site-packages/airflow/example_dags/tutorial_objectstorage.py took 0.034 seconds
[2024-04-24T05:35:43.209+0000] {processor.py:161} INFO - Started process (PID=2834) to work on /home/airflow/.local/lib/python3.8/site-packages/airflow/example_dags/tutorial_objectstorage.py
[2024-04-24T05:35:43.209+0000] {processor.py:830} INFO - Processing file /home/airflow/.local/lib/python3.8/site-packages/airflow/example_dags/tutorial_objectstorage.py for tasks to queue
[2024-04-24T05:35:43.210+0000] {logging_mixin.py:188} INFO - [2024-04-24T05:35:43.210+0000] {dagbag.py:540} INFO - Filling up the DagBag from /home/airflow/.local/lib/python3.8/site-packages/airflow/example_dags/tutorial_objectstorage.py
[2024-04-24T05:35:43.214+0000] {processor.py:840} INFO - DAG(s) 'tutorial_objectstorage' retrieved from /home/airflow/.local/lib/python3.8/site-packages/airflow/example_dags/tutorial_objectstorage.py
[2024-04-24T05:35:43.224+0000] {logging_mixin.py:188} INFO - [2024-04-24T05:35:43.224+0000] {dag.py:3047} INFO - Sync 1 DAGs
[2024-04-24T05:35:43.230+0000] {logging_mixin.py:188} INFO - [2024-04-24T05:35:43.230+0000] {dag.py:3834} INFO - Setting next_dagrun for tutorial_objectstorage to None, run_after=None
[2024-04-24T05:35:43.240+0000] {processor.py:183} INFO - Processing /home/airflow/.local/lib/python3.8/site-packages/airflow/example_dags/tutorial_objectstorage.py took 0.033 seconds
[2024-04-24T05:36:13.729+0000] {processor.py:161} INFO - Started process (PID=2889) to work on /home/airflow/.local/lib/python3.8/site-packages/airflow/example_dags/tutorial_objectstorage.py
[2024-04-24T05:36:13.729+0000] {processor.py:830} INFO - Processing file /home/airflow/.local/lib/python3.8/site-packages/airflow/example_dags/tutorial_objectstorage.py for tasks to queue
[2024-04-24T05:36:13.730+0000] {logging_mixin.py:188} INFO - [2024-04-24T05:36:13.730+0000] {dagbag.py:540} INFO - Filling up the DagBag from /home/airflow/.local/lib/python3.8/site-packages/airflow/example_dags/tutorial_objectstorage.py
[2024-04-24T05:36:13.734+0000] {processor.py:840} INFO - DAG(s) 'tutorial_objectstorage' retrieved from /home/airflow/.local/lib/python3.8/site-packages/airflow/example_dags/tutorial_objectstorage.py
[2024-04-24T05:36:13.744+0000] {logging_mixin.py:188} INFO - [2024-04-24T05:36:13.743+0000] {dag.py:3047} INFO - Sync 1 DAGs
[2024-04-24T05:36:13.750+0000] {logging_mixin.py:188} INFO - [2024-04-24T05:36:13.750+0000] {dag.py:3834} INFO - Setting next_dagrun for tutorial_objectstorage to None, run_after=None
[2024-04-24T05:36:13.759+0000] {processor.py:183} INFO - Processing /home/airflow/.local/lib/python3.8/site-packages/airflow/example_dags/tutorial_objectstorage.py took 0.032 seconds
[2024-04-24T05:36:44.145+0000] {processor.py:161} INFO - Started process (PID=2944) to work on /home/airflow/.local/lib/python3.8/site-packages/airflow/example_dags/tutorial_objectstorage.py
[2024-04-24T05:36:44.146+0000] {processor.py:830} INFO - Processing file /home/airflow/.local/lib/python3.8/site-packages/airflow/example_dags/tutorial_objectstorage.py for tasks to queue
[2024-04-24T05:36:44.146+0000] {logging_mixin.py:188} INFO - [2024-04-24T05:36:44.146+0000] {dagbag.py:540} INFO - Filling up the DagBag from /home/airflow/.local/lib/python3.8/site-packages/airflow/example_dags/tutorial_objectstorage.py
[2024-04-24T05:36:44.151+0000] {processor.py:840} INFO - DAG(s) 'tutorial_objectstorage' retrieved from /home/airflow/.local/lib/python3.8/site-packages/airflow/example_dags/tutorial_objectstorage.py
[2024-04-24T05:36:44.160+0000] {logging_mixin.py:188} INFO - [2024-04-24T05:36:44.160+0000] {dag.py:3047} INFO - Sync 1 DAGs
[2024-04-24T05:36:44.167+0000] {logging_mixin.py:188} INFO - [2024-04-24T05:36:44.167+0000] {dag.py:3834} INFO - Setting next_dagrun for tutorial_objectstorage to None, run_after=None
[2024-04-24T05:36:44.177+0000] {processor.py:183} INFO - Processing /home/airflow/.local/lib/python3.8/site-packages/airflow/example_dags/tutorial_objectstorage.py took 0.033 seconds
[2024-04-24T05:37:14.639+0000] {processor.py:161} INFO - Started process (PID=2999) to work on /home/airflow/.local/lib/python3.8/site-packages/airflow/example_dags/tutorial_objectstorage.py
[2024-04-24T05:37:14.639+0000] {processor.py:830} INFO - Processing file /home/airflow/.local/lib/python3.8/site-packages/airflow/example_dags/tutorial_objectstorage.py for tasks to queue
[2024-04-24T05:37:14.640+0000] {logging_mixin.py:188} INFO - [2024-04-24T05:37:14.640+0000] {dagbag.py:540} INFO - Filling up the DagBag from /home/airflow/.local/lib/python3.8/site-packages/airflow/example_dags/tutorial_objectstorage.py
[2024-04-24T05:37:14.644+0000] {processor.py:840} INFO - DAG(s) 'tutorial_objectstorage' retrieved from /home/airflow/.local/lib/python3.8/site-packages/airflow/example_dags/tutorial_objectstorage.py
[2024-04-24T05:37:14.654+0000] {logging_mixin.py:188} INFO - [2024-04-24T05:37:14.654+0000] {dag.py:3047} INFO - Sync 1 DAGs
[2024-04-24T05:37:14.661+0000] {logging_mixin.py:188} INFO - [2024-04-24T05:37:14.661+0000] {dag.py:3834} INFO - Setting next_dagrun for tutorial_objectstorage to None, run_after=None
[2024-04-24T05:37:14.670+0000] {processor.py:183} INFO - Processing /home/airflow/.local/lib/python3.8/site-packages/airflow/example_dags/tutorial_objectstorage.py took 0.033 seconds
[2024-04-24T05:37:45.278+0000] {processor.py:161} INFO - Started process (PID=3054) to work on /home/airflow/.local/lib/python3.8/site-packages/airflow/example_dags/tutorial_objectstorage.py
[2024-04-24T05:37:45.278+0000] {processor.py:830} INFO - Processing file /home/airflow/.local/lib/python3.8/site-packages/airflow/example_dags/tutorial_objectstorage.py for tasks to queue
[2024-04-24T05:37:45.279+0000] {logging_mixin.py:188} INFO - [2024-04-24T05:37:45.279+0000] {dagbag.py:540} INFO - Filling up the DagBag from /home/airflow/.local/lib/python3.8/site-packages/airflow/example_dags/tutorial_objectstorage.py
[2024-04-24T05:37:45.283+0000] {processor.py:840} INFO - DAG(s) 'tutorial_objectstorage' retrieved from /home/airflow/.local/lib/python3.8/site-packages/airflow/example_dags/tutorial_objectstorage.py
[2024-04-24T05:37:45.292+0000] {logging_mixin.py:188} INFO - [2024-04-24T05:37:45.292+0000] {dag.py:3047} INFO - Sync 1 DAGs
[2024-04-24T05:37:45.299+0000] {logging_mixin.py:188} INFO - [2024-04-24T05:37:45.299+0000] {dag.py:3834} INFO - Setting next_dagrun for tutorial_objectstorage to None, run_after=None
[2024-04-24T05:37:45.308+0000] {processor.py:183} INFO - Processing /home/airflow/.local/lib/python3.8/site-packages/airflow/example_dags/tutorial_objectstorage.py took 0.032 seconds
[2024-04-24T05:38:15.898+0000] {processor.py:161} INFO - Started process (PID=3109) to work on /home/airflow/.local/lib/python3.8/site-packages/airflow/example_dags/tutorial_objectstorage.py
[2024-04-24T05:38:15.898+0000] {processor.py:830} INFO - Processing file /home/airflow/.local/lib/python3.8/site-packages/airflow/example_dags/tutorial_objectstorage.py for tasks to queue
[2024-04-24T05:38:15.899+0000] {logging_mixin.py:188} INFO - [2024-04-24T05:38:15.899+0000] {dagbag.py:540} INFO - Filling up the DagBag from /home/airflow/.local/lib/python3.8/site-packages/airflow/example_dags/tutorial_objectstorage.py
[2024-04-24T05:38:15.903+0000] {processor.py:840} INFO - DAG(s) 'tutorial_objectstorage' retrieved from /home/airflow/.local/lib/python3.8/site-packages/airflow/example_dags/tutorial_objectstorage.py
[2024-04-24T05:38:15.912+0000] {logging_mixin.py:188} INFO - [2024-04-24T05:38:15.912+0000] {dag.py:3047} INFO - Sync 1 DAGs
[2024-04-24T05:38:15.918+0000] {logging_mixin.py:188} INFO - [2024-04-24T05:38:15.918+0000] {dag.py:3834} INFO - Setting next_dagrun for tutorial_objectstorage to None, run_after=None
[2024-04-24T05:38:15.928+0000] {processor.py:183} INFO - Processing /home/airflow/.local/lib/python3.8/site-packages/airflow/example_dags/tutorial_objectstorage.py took 0.032 seconds
[2024-04-24T05:40:50.621+0000] {processor.py:161} INFO - Started process (PID=57) to work on /home/airflow/.local/lib/python3.8/site-packages/airflow/example_dags/tutorial_objectstorage.py
[2024-04-24T05:40:50.621+0000] {processor.py:830} INFO - Processing file /home/airflow/.local/lib/python3.8/site-packages/airflow/example_dags/tutorial_objectstorage.py for tasks to queue
[2024-04-24T05:40:50.622+0000] {logging_mixin.py:188} INFO - [2024-04-24T05:40:50.622+0000] {dagbag.py:540} INFO - Filling up the DagBag from /home/airflow/.local/lib/python3.8/site-packages/airflow/example_dags/tutorial_objectstorage.py
[2024-04-24T05:40:50.628+0000] {processor.py:840} INFO - DAG(s) 'tutorial_objectstorage' retrieved from /home/airflow/.local/lib/python3.8/site-packages/airflow/example_dags/tutorial_objectstorage.py
[2024-04-24T05:40:50.634+0000] {logging_mixin.py:188} INFO - [2024-04-24T05:40:50.634+0000] {dag.py:3047} INFO - Sync 1 DAGs
[2024-04-24T05:40:50.642+0000] {logging_mixin.py:188} INFO - [2024-04-24T05:40:50.641+0000] {dag.py:3834} INFO - Setting next_dagrun for tutorial_objectstorage to None, run_after=None
[2024-04-24T05:40:50.653+0000] {processor.py:183} INFO - Processing /home/airflow/.local/lib/python3.8/site-packages/airflow/example_dags/tutorial_objectstorage.py took 0.034 seconds
[2024-04-24T05:41:21.271+0000] {processor.py:161} INFO - Started process (PID=112) to work on /home/airflow/.local/lib/python3.8/site-packages/airflow/example_dags/tutorial_objectstorage.py
[2024-04-24T05:41:21.272+0000] {processor.py:830} INFO - Processing file /home/airflow/.local/lib/python3.8/site-packages/airflow/example_dags/tutorial_objectstorage.py for tasks to queue
[2024-04-24T05:41:21.273+0000] {logging_mixin.py:188} INFO - [2024-04-24T05:41:21.273+0000] {dagbag.py:540} INFO - Filling up the DagBag from /home/airflow/.local/lib/python3.8/site-packages/airflow/example_dags/tutorial_objectstorage.py
[2024-04-24T05:41:21.277+0000] {processor.py:840} INFO - DAG(s) 'tutorial_objectstorage' retrieved from /home/airflow/.local/lib/python3.8/site-packages/airflow/example_dags/tutorial_objectstorage.py
[2024-04-24T05:41:21.329+0000] {logging_mixin.py:188} INFO - [2024-04-24T05:41:21.329+0000] {dag.py:3047} INFO - Sync 1 DAGs
[2024-04-24T05:41:21.334+0000] {logging_mixin.py:188} INFO - [2024-04-24T05:41:21.334+0000] {dag.py:3834} INFO - Setting next_dagrun for tutorial_objectstorage to None, run_after=None
[2024-04-24T05:41:21.345+0000] {processor.py:183} INFO - Processing /home/airflow/.local/lib/python3.8/site-packages/airflow/example_dags/tutorial_objectstorage.py took 0.075 seconds
