[2024-04-24T05:11:15.579+0000] {processor.py:161} INFO - Started process (PID=73) to work on /home/airflow/.local/lib/python3.8/site-packages/airflow/example_dags/tutorial_dag.py
[2024-04-24T05:11:15.580+0000] {processor.py:830} INFO - Processing file /home/airflow/.local/lib/python3.8/site-packages/airflow/example_dags/tutorial_dag.py for tasks to queue
[2024-04-24T05:11:15.581+0000] {logging_mixin.py:188} INFO - [2024-04-24T05:11:15.581+0000] {dagbag.py:540} INFO - Filling up the DagBag from /home/airflow/.local/lib/python3.8/site-packages/airflow/example_dags/tutorial_dag.py
[2024-04-24T05:11:15.586+0000] {processor.py:840} INFO - DAG(s) 'tutorial_dag' retrieved from /home/airflow/.local/lib/python3.8/site-packages/airflow/example_dags/tutorial_dag.py
[2024-04-24T05:11:15.600+0000] {logging_mixin.py:188} INFO - [2024-04-24T05:11:15.600+0000] {dag.py:3047} INFO - Sync 1 DAGs
[2024-04-24T05:11:15.607+0000] {logging_mixin.py:188} INFO - [2024-04-24T05:11:15.607+0000] {dag.py:3834} INFO - Setting next_dagrun for tutorial_dag to None, run_after=None
[2024-04-24T05:11:15.617+0000] {processor.py:183} INFO - Processing /home/airflow/.local/lib/python3.8/site-packages/airflow/example_dags/tutorial_dag.py took 0.040 seconds
[2024-04-24T05:11:46.366+0000] {processor.py:161} INFO - Started process (PID=131) to work on /home/airflow/.local/lib/python3.8/site-packages/airflow/example_dags/tutorial_dag.py
[2024-04-24T05:11:46.366+0000] {processor.py:830} INFO - Processing file /home/airflow/.local/lib/python3.8/site-packages/airflow/example_dags/tutorial_dag.py for tasks to queue
[2024-04-24T05:11:46.367+0000] {logging_mixin.py:188} INFO - [2024-04-24T05:11:46.367+0000] {dagbag.py:540} INFO - Filling up the DagBag from /home/airflow/.local/lib/python3.8/site-packages/airflow/example_dags/tutorial_dag.py
[2024-04-24T05:11:46.370+0000] {processor.py:840} INFO - DAG(s) 'tutorial_dag' retrieved from /home/airflow/.local/lib/python3.8/site-packages/airflow/example_dags/tutorial_dag.py
[2024-04-24T05:11:46.380+0000] {logging_mixin.py:188} INFO - [2024-04-24T05:11:46.380+0000] {dag.py:3047} INFO - Sync 1 DAGs
[2024-04-24T05:11:46.387+0000] {logging_mixin.py:188} INFO - [2024-04-24T05:11:46.387+0000] {dag.py:3834} INFO - Setting next_dagrun for tutorial_dag to None, run_after=None
[2024-04-24T05:11:46.397+0000] {processor.py:183} INFO - Processing /home/airflow/.local/lib/python3.8/site-packages/airflow/example_dags/tutorial_dag.py took 0.033 seconds
[2024-04-24T05:12:16.969+0000] {processor.py:161} INFO - Started process (PID=189) to work on /home/airflow/.local/lib/python3.8/site-packages/airflow/example_dags/tutorial_dag.py
[2024-04-24T05:12:16.970+0000] {processor.py:830} INFO - Processing file /home/airflow/.local/lib/python3.8/site-packages/airflow/example_dags/tutorial_dag.py for tasks to queue
[2024-04-24T05:12:16.971+0000] {logging_mixin.py:188} INFO - [2024-04-24T05:12:16.971+0000] {dagbag.py:540} INFO - Filling up the DagBag from /home/airflow/.local/lib/python3.8/site-packages/airflow/example_dags/tutorial_dag.py
[2024-04-24T05:12:16.974+0000] {processor.py:840} INFO - DAG(s) 'tutorial_dag' retrieved from /home/airflow/.local/lib/python3.8/site-packages/airflow/example_dags/tutorial_dag.py
[2024-04-24T05:12:16.984+0000] {logging_mixin.py:188} INFO - [2024-04-24T05:12:16.984+0000] {dag.py:3047} INFO - Sync 1 DAGs
[2024-04-24T05:12:16.990+0000] {logging_mixin.py:188} INFO - [2024-04-24T05:12:16.990+0000] {dag.py:3834} INFO - Setting next_dagrun for tutorial_dag to None, run_after=None
[2024-04-24T05:12:17.000+0000] {processor.py:183} INFO - Processing /home/airflow/.local/lib/python3.8/site-packages/airflow/example_dags/tutorial_dag.py took 0.032 seconds
[2024-04-24T05:12:47.655+0000] {processor.py:161} INFO - Started process (PID=247) to work on /home/airflow/.local/lib/python3.8/site-packages/airflow/example_dags/tutorial_dag.py
[2024-04-24T05:12:47.655+0000] {processor.py:830} INFO - Processing file /home/airflow/.local/lib/python3.8/site-packages/airflow/example_dags/tutorial_dag.py for tasks to queue
[2024-04-24T05:12:47.657+0000] {logging_mixin.py:188} INFO - [2024-04-24T05:12:47.656+0000] {dagbag.py:540} INFO - Filling up the DagBag from /home/airflow/.local/lib/python3.8/site-packages/airflow/example_dags/tutorial_dag.py
[2024-04-24T05:12:47.660+0000] {processor.py:840} INFO - DAG(s) 'tutorial_dag' retrieved from /home/airflow/.local/lib/python3.8/site-packages/airflow/example_dags/tutorial_dag.py
[2024-04-24T05:12:47.672+0000] {logging_mixin.py:188} INFO - [2024-04-24T05:12:47.672+0000] {dag.py:3047} INFO - Sync 1 DAGs
[2024-04-24T05:12:47.679+0000] {logging_mixin.py:188} INFO - [2024-04-24T05:12:47.679+0000] {dag.py:3834} INFO - Setting next_dagrun for tutorial_dag to None, run_after=None
[2024-04-24T05:12:47.689+0000] {processor.py:183} INFO - Processing /home/airflow/.local/lib/python3.8/site-packages/airflow/example_dags/tutorial_dag.py took 0.037 seconds
[2024-04-24T05:13:18.280+0000] {processor.py:161} INFO - Started process (PID=305) to work on /home/airflow/.local/lib/python3.8/site-packages/airflow/example_dags/tutorial_dag.py
[2024-04-24T05:13:18.281+0000] {processor.py:830} INFO - Processing file /home/airflow/.local/lib/python3.8/site-packages/airflow/example_dags/tutorial_dag.py for tasks to queue
[2024-04-24T05:13:18.282+0000] {logging_mixin.py:188} INFO - [2024-04-24T05:13:18.282+0000] {dagbag.py:540} INFO - Filling up the DagBag from /home/airflow/.local/lib/python3.8/site-packages/airflow/example_dags/tutorial_dag.py
[2024-04-24T05:13:18.285+0000] {processor.py:840} INFO - DAG(s) 'tutorial_dag' retrieved from /home/airflow/.local/lib/python3.8/site-packages/airflow/example_dags/tutorial_dag.py
[2024-04-24T05:13:18.295+0000] {logging_mixin.py:188} INFO - [2024-04-24T05:13:18.295+0000] {dag.py:3047} INFO - Sync 1 DAGs
[2024-04-24T05:13:18.302+0000] {logging_mixin.py:188} INFO - [2024-04-24T05:13:18.302+0000] {dag.py:3834} INFO - Setting next_dagrun for tutorial_dag to None, run_after=None
[2024-04-24T05:13:18.312+0000] {processor.py:183} INFO - Processing /home/airflow/.local/lib/python3.8/site-packages/airflow/example_dags/tutorial_dag.py took 0.033 seconds
[2024-04-24T05:13:48.975+0000] {processor.py:161} INFO - Started process (PID=363) to work on /home/airflow/.local/lib/python3.8/site-packages/airflow/example_dags/tutorial_dag.py
[2024-04-24T05:13:48.976+0000] {processor.py:830} INFO - Processing file /home/airflow/.local/lib/python3.8/site-packages/airflow/example_dags/tutorial_dag.py for tasks to queue
[2024-04-24T05:13:48.977+0000] {logging_mixin.py:188} INFO - [2024-04-24T05:13:48.977+0000] {dagbag.py:540} INFO - Filling up the DagBag from /home/airflow/.local/lib/python3.8/site-packages/airflow/example_dags/tutorial_dag.py
[2024-04-24T05:13:48.980+0000] {processor.py:840} INFO - DAG(s) 'tutorial_dag' retrieved from /home/airflow/.local/lib/python3.8/site-packages/airflow/example_dags/tutorial_dag.py
[2024-04-24T05:13:48.991+0000] {logging_mixin.py:188} INFO - [2024-04-24T05:13:48.991+0000] {dag.py:3047} INFO - Sync 1 DAGs
[2024-04-24T05:13:48.997+0000] {logging_mixin.py:188} INFO - [2024-04-24T05:13:48.997+0000] {dag.py:3834} INFO - Setting next_dagrun for tutorial_dag to None, run_after=None
[2024-04-24T05:13:49.007+0000] {processor.py:183} INFO - Processing /home/airflow/.local/lib/python3.8/site-packages/airflow/example_dags/tutorial_dag.py took 0.034 seconds
[2024-04-24T05:14:19.684+0000] {processor.py:161} INFO - Started process (PID=421) to work on /home/airflow/.local/lib/python3.8/site-packages/airflow/example_dags/tutorial_dag.py
[2024-04-24T05:14:19.684+0000] {processor.py:830} INFO - Processing file /home/airflow/.local/lib/python3.8/site-packages/airflow/example_dags/tutorial_dag.py for tasks to queue
[2024-04-24T05:14:19.685+0000] {logging_mixin.py:188} INFO - [2024-04-24T05:14:19.685+0000] {dagbag.py:540} INFO - Filling up the DagBag from /home/airflow/.local/lib/python3.8/site-packages/airflow/example_dags/tutorial_dag.py
[2024-04-24T05:14:19.688+0000] {processor.py:840} INFO - DAG(s) 'tutorial_dag' retrieved from /home/airflow/.local/lib/python3.8/site-packages/airflow/example_dags/tutorial_dag.py
[2024-04-24T05:14:19.699+0000] {logging_mixin.py:188} INFO - [2024-04-24T05:14:19.699+0000] {dag.py:3047} INFO - Sync 1 DAGs
[2024-04-24T05:14:19.705+0000] {logging_mixin.py:188} INFO - [2024-04-24T05:14:19.705+0000] {dag.py:3834} INFO - Setting next_dagrun for tutorial_dag to None, run_after=None
[2024-04-24T05:14:19.716+0000] {processor.py:183} INFO - Processing /home/airflow/.local/lib/python3.8/site-packages/airflow/example_dags/tutorial_dag.py took 0.034 seconds
[2024-04-24T05:14:50.406+0000] {processor.py:161} INFO - Started process (PID=479) to work on /home/airflow/.local/lib/python3.8/site-packages/airflow/example_dags/tutorial_dag.py
[2024-04-24T05:14:50.406+0000] {processor.py:830} INFO - Processing file /home/airflow/.local/lib/python3.8/site-packages/airflow/example_dags/tutorial_dag.py for tasks to queue
[2024-04-24T05:14:50.407+0000] {logging_mixin.py:188} INFO - [2024-04-24T05:14:50.407+0000] {dagbag.py:540} INFO - Filling up the DagBag from /home/airflow/.local/lib/python3.8/site-packages/airflow/example_dags/tutorial_dag.py
[2024-04-24T05:14:50.410+0000] {processor.py:840} INFO - DAG(s) 'tutorial_dag' retrieved from /home/airflow/.local/lib/python3.8/site-packages/airflow/example_dags/tutorial_dag.py
[2024-04-24T05:14:50.420+0000] {logging_mixin.py:188} INFO - [2024-04-24T05:14:50.420+0000] {dag.py:3047} INFO - Sync 1 DAGs
[2024-04-24T05:14:50.426+0000] {logging_mixin.py:188} INFO - [2024-04-24T05:14:50.426+0000] {dag.py:3834} INFO - Setting next_dagrun for tutorial_dag to None, run_after=None
[2024-04-24T05:14:50.436+0000] {processor.py:183} INFO - Processing /home/airflow/.local/lib/python3.8/site-packages/airflow/example_dags/tutorial_dag.py took 0.032 seconds
[2024-04-24T05:15:20.922+0000] {processor.py:161} INFO - Started process (PID=538) to work on /home/airflow/.local/lib/python3.8/site-packages/airflow/example_dags/tutorial_dag.py
[2024-04-24T05:15:20.923+0000] {processor.py:830} INFO - Processing file /home/airflow/.local/lib/python3.8/site-packages/airflow/example_dags/tutorial_dag.py for tasks to queue
[2024-04-24T05:15:20.924+0000] {logging_mixin.py:188} INFO - [2024-04-24T05:15:20.924+0000] {dagbag.py:540} INFO - Filling up the DagBag from /home/airflow/.local/lib/python3.8/site-packages/airflow/example_dags/tutorial_dag.py
[2024-04-24T05:15:20.927+0000] {processor.py:840} INFO - DAG(s) 'tutorial_dag' retrieved from /home/airflow/.local/lib/python3.8/site-packages/airflow/example_dags/tutorial_dag.py
[2024-04-24T05:15:20.937+0000] {logging_mixin.py:188} INFO - [2024-04-24T05:15:20.937+0000] {dag.py:3047} INFO - Sync 1 DAGs
[2024-04-24T05:15:20.943+0000] {logging_mixin.py:188} INFO - [2024-04-24T05:15:20.943+0000] {dag.py:3834} INFO - Setting next_dagrun for tutorial_dag to None, run_after=None
[2024-04-24T05:15:20.953+0000] {processor.py:183} INFO - Processing /home/airflow/.local/lib/python3.8/site-packages/airflow/example_dags/tutorial_dag.py took 0.033 seconds
[2024-04-24T05:15:51.408+0000] {processor.py:161} INFO - Started process (PID=596) to work on /home/airflow/.local/lib/python3.8/site-packages/airflow/example_dags/tutorial_dag.py
[2024-04-24T05:15:51.409+0000] {processor.py:830} INFO - Processing file /home/airflow/.local/lib/python3.8/site-packages/airflow/example_dags/tutorial_dag.py for tasks to queue
[2024-04-24T05:15:51.410+0000] {logging_mixin.py:188} INFO - [2024-04-24T05:15:51.409+0000] {dagbag.py:540} INFO - Filling up the DagBag from /home/airflow/.local/lib/python3.8/site-packages/airflow/example_dags/tutorial_dag.py
[2024-04-24T05:15:51.413+0000] {processor.py:840} INFO - DAG(s) 'tutorial_dag' retrieved from /home/airflow/.local/lib/python3.8/site-packages/airflow/example_dags/tutorial_dag.py
[2024-04-24T05:15:51.423+0000] {logging_mixin.py:188} INFO - [2024-04-24T05:15:51.423+0000] {dag.py:3047} INFO - Sync 1 DAGs
[2024-04-24T05:15:51.429+0000] {logging_mixin.py:188} INFO - [2024-04-24T05:15:51.429+0000] {dag.py:3834} INFO - Setting next_dagrun for tutorial_dag to None, run_after=None
[2024-04-24T05:15:51.439+0000] {processor.py:183} INFO - Processing /home/airflow/.local/lib/python3.8/site-packages/airflow/example_dags/tutorial_dag.py took 0.033 seconds
[2024-04-24T05:16:21.926+0000] {processor.py:161} INFO - Started process (PID=654) to work on /home/airflow/.local/lib/python3.8/site-packages/airflow/example_dags/tutorial_dag.py
[2024-04-24T05:16:21.927+0000] {processor.py:830} INFO - Processing file /home/airflow/.local/lib/python3.8/site-packages/airflow/example_dags/tutorial_dag.py for tasks to queue
[2024-04-24T05:16:21.928+0000] {logging_mixin.py:188} INFO - [2024-04-24T05:16:21.928+0000] {dagbag.py:540} INFO - Filling up the DagBag from /home/airflow/.local/lib/python3.8/site-packages/airflow/example_dags/tutorial_dag.py
[2024-04-24T05:16:21.931+0000] {processor.py:840} INFO - DAG(s) 'tutorial_dag' retrieved from /home/airflow/.local/lib/python3.8/site-packages/airflow/example_dags/tutorial_dag.py
[2024-04-24T05:16:21.942+0000] {logging_mixin.py:188} INFO - [2024-04-24T05:16:21.941+0000] {dag.py:3047} INFO - Sync 1 DAGs
[2024-04-24T05:16:21.948+0000] {logging_mixin.py:188} INFO - [2024-04-24T05:16:21.948+0000] {dag.py:3834} INFO - Setting next_dagrun for tutorial_dag to None, run_after=None
[2024-04-24T05:16:21.958+0000] {processor.py:183} INFO - Processing /home/airflow/.local/lib/python3.8/site-packages/airflow/example_dags/tutorial_dag.py took 0.034 seconds
[2024-04-24T05:16:52.474+0000] {processor.py:161} INFO - Started process (PID=712) to work on /home/airflow/.local/lib/python3.8/site-packages/airflow/example_dags/tutorial_dag.py
[2024-04-24T05:16:52.474+0000] {processor.py:830} INFO - Processing file /home/airflow/.local/lib/python3.8/site-packages/airflow/example_dags/tutorial_dag.py for tasks to queue
[2024-04-24T05:16:52.475+0000] {logging_mixin.py:188} INFO - [2024-04-24T05:16:52.475+0000] {dagbag.py:540} INFO - Filling up the DagBag from /home/airflow/.local/lib/python3.8/site-packages/airflow/example_dags/tutorial_dag.py
[2024-04-24T05:16:52.479+0000] {processor.py:840} INFO - DAG(s) 'tutorial_dag' retrieved from /home/airflow/.local/lib/python3.8/site-packages/airflow/example_dags/tutorial_dag.py
[2024-04-24T05:16:52.489+0000] {logging_mixin.py:188} INFO - [2024-04-24T05:16:52.489+0000] {dag.py:3047} INFO - Sync 1 DAGs
[2024-04-24T05:16:52.496+0000] {logging_mixin.py:188} INFO - [2024-04-24T05:16:52.495+0000] {dag.py:3834} INFO - Setting next_dagrun for tutorial_dag to None, run_after=None
[2024-04-24T05:16:52.506+0000] {processor.py:183} INFO - Processing /home/airflow/.local/lib/python3.8/site-packages/airflow/example_dags/tutorial_dag.py took 0.034 seconds
[2024-04-24T05:17:22.977+0000] {processor.py:161} INFO - Started process (PID=770) to work on /home/airflow/.local/lib/python3.8/site-packages/airflow/example_dags/tutorial_dag.py
[2024-04-24T05:17:22.978+0000] {processor.py:830} INFO - Processing file /home/airflow/.local/lib/python3.8/site-packages/airflow/example_dags/tutorial_dag.py for tasks to queue
[2024-04-24T05:17:22.979+0000] {logging_mixin.py:188} INFO - [2024-04-24T05:17:22.978+0000] {dagbag.py:540} INFO - Filling up the DagBag from /home/airflow/.local/lib/python3.8/site-packages/airflow/example_dags/tutorial_dag.py
[2024-04-24T05:17:22.982+0000] {processor.py:840} INFO - DAG(s) 'tutorial_dag' retrieved from /home/airflow/.local/lib/python3.8/site-packages/airflow/example_dags/tutorial_dag.py
[2024-04-24T05:17:22.993+0000] {logging_mixin.py:188} INFO - [2024-04-24T05:17:22.993+0000] {dag.py:3047} INFO - Sync 1 DAGs
[2024-04-24T05:17:23.000+0000] {logging_mixin.py:188} INFO - [2024-04-24T05:17:23.000+0000] {dag.py:3834} INFO - Setting next_dagrun for tutorial_dag to None, run_after=None
[2024-04-24T05:17:23.010+0000] {processor.py:183} INFO - Processing /home/airflow/.local/lib/python3.8/site-packages/airflow/example_dags/tutorial_dag.py took 0.035 seconds
[2024-04-24T05:17:53.607+0000] {processor.py:161} INFO - Started process (PID=828) to work on /home/airflow/.local/lib/python3.8/site-packages/airflow/example_dags/tutorial_dag.py
[2024-04-24T05:17:53.608+0000] {processor.py:830} INFO - Processing file /home/airflow/.local/lib/python3.8/site-packages/airflow/example_dags/tutorial_dag.py for tasks to queue
[2024-04-24T05:17:53.609+0000] {logging_mixin.py:188} INFO - [2024-04-24T05:17:53.609+0000] {dagbag.py:540} INFO - Filling up the DagBag from /home/airflow/.local/lib/python3.8/site-packages/airflow/example_dags/tutorial_dag.py
[2024-04-24T05:17:53.612+0000] {processor.py:840} INFO - DAG(s) 'tutorial_dag' retrieved from /home/airflow/.local/lib/python3.8/site-packages/airflow/example_dags/tutorial_dag.py
[2024-04-24T05:17:53.623+0000] {logging_mixin.py:188} INFO - [2024-04-24T05:17:53.623+0000] {dag.py:3047} INFO - Sync 1 DAGs
[2024-04-24T05:17:53.629+0000] {logging_mixin.py:188} INFO - [2024-04-24T05:17:53.629+0000] {dag.py:3834} INFO - Setting next_dagrun for tutorial_dag to None, run_after=None
[2024-04-24T05:17:53.640+0000] {processor.py:183} INFO - Processing /home/airflow/.local/lib/python3.8/site-packages/airflow/example_dags/tutorial_dag.py took 0.035 seconds
[2024-04-24T05:18:24.350+0000] {processor.py:161} INFO - Started process (PID=886) to work on /home/airflow/.local/lib/python3.8/site-packages/airflow/example_dags/tutorial_dag.py
[2024-04-24T05:18:24.351+0000] {processor.py:830} INFO - Processing file /home/airflow/.local/lib/python3.8/site-packages/airflow/example_dags/tutorial_dag.py for tasks to queue
[2024-04-24T05:18:24.352+0000] {logging_mixin.py:188} INFO - [2024-04-24T05:18:24.352+0000] {dagbag.py:540} INFO - Filling up the DagBag from /home/airflow/.local/lib/python3.8/site-packages/airflow/example_dags/tutorial_dag.py
[2024-04-24T05:18:24.356+0000] {processor.py:840} INFO - DAG(s) 'tutorial_dag' retrieved from /home/airflow/.local/lib/python3.8/site-packages/airflow/example_dags/tutorial_dag.py
[2024-04-24T05:18:24.367+0000] {logging_mixin.py:188} INFO - [2024-04-24T05:18:24.367+0000] {dag.py:3047} INFO - Sync 1 DAGs
[2024-04-24T05:18:24.374+0000] {logging_mixin.py:188} INFO - [2024-04-24T05:18:24.373+0000] {dag.py:3834} INFO - Setting next_dagrun for tutorial_dag to None, run_after=None
[2024-04-24T05:18:24.383+0000] {processor.py:183} INFO - Processing /home/airflow/.local/lib/python3.8/site-packages/airflow/example_dags/tutorial_dag.py took 0.036 seconds
[2024-04-24T05:18:54.898+0000] {processor.py:161} INFO - Started process (PID=944) to work on /home/airflow/.local/lib/python3.8/site-packages/airflow/example_dags/tutorial_dag.py
[2024-04-24T05:18:54.898+0000] {processor.py:830} INFO - Processing file /home/airflow/.local/lib/python3.8/site-packages/airflow/example_dags/tutorial_dag.py for tasks to queue
[2024-04-24T05:18:54.899+0000] {logging_mixin.py:188} INFO - [2024-04-24T05:18:54.899+0000] {dagbag.py:540} INFO - Filling up the DagBag from /home/airflow/.local/lib/python3.8/site-packages/airflow/example_dags/tutorial_dag.py
[2024-04-24T05:18:54.903+0000] {processor.py:840} INFO - DAG(s) 'tutorial_dag' retrieved from /home/airflow/.local/lib/python3.8/site-packages/airflow/example_dags/tutorial_dag.py
[2024-04-24T05:18:54.913+0000] {logging_mixin.py:188} INFO - [2024-04-24T05:18:54.913+0000] {dag.py:3047} INFO - Sync 1 DAGs
[2024-04-24T05:18:54.919+0000] {logging_mixin.py:188} INFO - [2024-04-24T05:18:54.919+0000] {dag.py:3834} INFO - Setting next_dagrun for tutorial_dag to None, run_after=None
[2024-04-24T05:18:54.929+0000] {processor.py:183} INFO - Processing /home/airflow/.local/lib/python3.8/site-packages/airflow/example_dags/tutorial_dag.py took 0.033 seconds
[2024-04-24T05:19:25.458+0000] {processor.py:161} INFO - Started process (PID=1002) to work on /home/airflow/.local/lib/python3.8/site-packages/airflow/example_dags/tutorial_dag.py
[2024-04-24T05:19:25.458+0000] {processor.py:830} INFO - Processing file /home/airflow/.local/lib/python3.8/site-packages/airflow/example_dags/tutorial_dag.py for tasks to queue
[2024-04-24T05:19:25.459+0000] {logging_mixin.py:188} INFO - [2024-04-24T05:19:25.459+0000] {dagbag.py:540} INFO - Filling up the DagBag from /home/airflow/.local/lib/python3.8/site-packages/airflow/example_dags/tutorial_dag.py
[2024-04-24T05:19:25.462+0000] {processor.py:840} INFO - DAG(s) 'tutorial_dag' retrieved from /home/airflow/.local/lib/python3.8/site-packages/airflow/example_dags/tutorial_dag.py
[2024-04-24T05:19:25.472+0000] {logging_mixin.py:188} INFO - [2024-04-24T05:19:25.472+0000] {dag.py:3047} INFO - Sync 1 DAGs
[2024-04-24T05:19:25.478+0000] {logging_mixin.py:188} INFO - [2024-04-24T05:19:25.478+0000] {dag.py:3834} INFO - Setting next_dagrun for tutorial_dag to None, run_after=None
[2024-04-24T05:19:25.488+0000] {processor.py:183} INFO - Processing /home/airflow/.local/lib/python3.8/site-packages/airflow/example_dags/tutorial_dag.py took 0.032 seconds
[2024-04-24T05:19:56.020+0000] {processor.py:161} INFO - Started process (PID=1060) to work on /home/airflow/.local/lib/python3.8/site-packages/airflow/example_dags/tutorial_dag.py
[2024-04-24T05:19:56.020+0000] {processor.py:830} INFO - Processing file /home/airflow/.local/lib/python3.8/site-packages/airflow/example_dags/tutorial_dag.py for tasks to queue
[2024-04-24T05:19:56.021+0000] {logging_mixin.py:188} INFO - [2024-04-24T05:19:56.021+0000] {dagbag.py:540} INFO - Filling up the DagBag from /home/airflow/.local/lib/python3.8/site-packages/airflow/example_dags/tutorial_dag.py
[2024-04-24T05:19:56.024+0000] {processor.py:840} INFO - DAG(s) 'tutorial_dag' retrieved from /home/airflow/.local/lib/python3.8/site-packages/airflow/example_dags/tutorial_dag.py
[2024-04-24T05:19:56.035+0000] {logging_mixin.py:188} INFO - [2024-04-24T05:19:56.035+0000] {dag.py:3047} INFO - Sync 1 DAGs
[2024-04-24T05:19:56.041+0000] {logging_mixin.py:188} INFO - [2024-04-24T05:19:56.041+0000] {dag.py:3834} INFO - Setting next_dagrun for tutorial_dag to None, run_after=None
[2024-04-24T05:19:56.051+0000] {processor.py:183} INFO - Processing /home/airflow/.local/lib/python3.8/site-packages/airflow/example_dags/tutorial_dag.py took 0.033 seconds
[2024-04-24T05:20:26.516+0000] {processor.py:161} INFO - Started process (PID=1118) to work on /home/airflow/.local/lib/python3.8/site-packages/airflow/example_dags/tutorial_dag.py
[2024-04-24T05:20:26.516+0000] {processor.py:830} INFO - Processing file /home/airflow/.local/lib/python3.8/site-packages/airflow/example_dags/tutorial_dag.py for tasks to queue
[2024-04-24T05:20:26.517+0000] {logging_mixin.py:188} INFO - [2024-04-24T05:20:26.517+0000] {dagbag.py:540} INFO - Filling up the DagBag from /home/airflow/.local/lib/python3.8/site-packages/airflow/example_dags/tutorial_dag.py
[2024-04-24T05:20:26.520+0000] {processor.py:840} INFO - DAG(s) 'tutorial_dag' retrieved from /home/airflow/.local/lib/python3.8/site-packages/airflow/example_dags/tutorial_dag.py
[2024-04-24T05:20:26.530+0000] {logging_mixin.py:188} INFO - [2024-04-24T05:20:26.530+0000] {dag.py:3047} INFO - Sync 1 DAGs
[2024-04-24T05:20:26.536+0000] {logging_mixin.py:188} INFO - [2024-04-24T05:20:26.536+0000] {dag.py:3834} INFO - Setting next_dagrun for tutorial_dag to None, run_after=None
[2024-04-24T05:20:26.546+0000] {processor.py:183} INFO - Processing /home/airflow/.local/lib/python3.8/site-packages/airflow/example_dags/tutorial_dag.py took 0.032 seconds
[2024-04-24T05:20:57.132+0000] {processor.py:161} INFO - Started process (PID=1176) to work on /home/airflow/.local/lib/python3.8/site-packages/airflow/example_dags/tutorial_dag.py
[2024-04-24T05:20:57.133+0000] {processor.py:830} INFO - Processing file /home/airflow/.local/lib/python3.8/site-packages/airflow/example_dags/tutorial_dag.py for tasks to queue
[2024-04-24T05:20:57.134+0000] {logging_mixin.py:188} INFO - [2024-04-24T05:20:57.134+0000] {dagbag.py:540} INFO - Filling up the DagBag from /home/airflow/.local/lib/python3.8/site-packages/airflow/example_dags/tutorial_dag.py
[2024-04-24T05:20:57.137+0000] {processor.py:840} INFO - DAG(s) 'tutorial_dag' retrieved from /home/airflow/.local/lib/python3.8/site-packages/airflow/example_dags/tutorial_dag.py
[2024-04-24T05:20:57.147+0000] {logging_mixin.py:188} INFO - [2024-04-24T05:20:57.147+0000] {dag.py:3047} INFO - Sync 1 DAGs
[2024-04-24T05:20:57.154+0000] {logging_mixin.py:188} INFO - [2024-04-24T05:20:57.153+0000] {dag.py:3834} INFO - Setting next_dagrun for tutorial_dag to None, run_after=None
[2024-04-24T05:20:57.163+0000] {processor.py:183} INFO - Processing /home/airflow/.local/lib/python3.8/site-packages/airflow/example_dags/tutorial_dag.py took 0.033 seconds
[2024-04-24T05:21:27.639+0000] {processor.py:161} INFO - Started process (PID=1234) to work on /home/airflow/.local/lib/python3.8/site-packages/airflow/example_dags/tutorial_dag.py
[2024-04-24T05:21:27.640+0000] {processor.py:830} INFO - Processing file /home/airflow/.local/lib/python3.8/site-packages/airflow/example_dags/tutorial_dag.py for tasks to queue
[2024-04-24T05:21:27.641+0000] {logging_mixin.py:188} INFO - [2024-04-24T05:21:27.640+0000] {dagbag.py:540} INFO - Filling up the DagBag from /home/airflow/.local/lib/python3.8/site-packages/airflow/example_dags/tutorial_dag.py
[2024-04-24T05:21:27.644+0000] {processor.py:840} INFO - DAG(s) 'tutorial_dag' retrieved from /home/airflow/.local/lib/python3.8/site-packages/airflow/example_dags/tutorial_dag.py
[2024-04-24T05:21:27.654+0000] {logging_mixin.py:188} INFO - [2024-04-24T05:21:27.654+0000] {dag.py:3047} INFO - Sync 1 DAGs
[2024-04-24T05:21:27.660+0000] {logging_mixin.py:188} INFO - [2024-04-24T05:21:27.660+0000] {dag.py:3834} INFO - Setting next_dagrun for tutorial_dag to None, run_after=None
[2024-04-24T05:21:27.670+0000] {processor.py:183} INFO - Processing /home/airflow/.local/lib/python3.8/site-packages/airflow/example_dags/tutorial_dag.py took 0.032 seconds
[2024-04-24T05:21:58.131+0000] {processor.py:161} INFO - Started process (PID=1292) to work on /home/airflow/.local/lib/python3.8/site-packages/airflow/example_dags/tutorial_dag.py
[2024-04-24T05:21:58.131+0000] {processor.py:830} INFO - Processing file /home/airflow/.local/lib/python3.8/site-packages/airflow/example_dags/tutorial_dag.py for tasks to queue
[2024-04-24T05:21:58.132+0000] {logging_mixin.py:188} INFO - [2024-04-24T05:21:58.132+0000] {dagbag.py:540} INFO - Filling up the DagBag from /home/airflow/.local/lib/python3.8/site-packages/airflow/example_dags/tutorial_dag.py
[2024-04-24T05:21:58.135+0000] {processor.py:840} INFO - DAG(s) 'tutorial_dag' retrieved from /home/airflow/.local/lib/python3.8/site-packages/airflow/example_dags/tutorial_dag.py
[2024-04-24T05:21:58.145+0000] {logging_mixin.py:188} INFO - [2024-04-24T05:21:58.145+0000] {dag.py:3047} INFO - Sync 1 DAGs
[2024-04-24T05:21:58.151+0000] {logging_mixin.py:188} INFO - [2024-04-24T05:21:58.151+0000] {dag.py:3834} INFO - Setting next_dagrun for tutorial_dag to None, run_after=None
[2024-04-24T05:21:58.161+0000] {processor.py:183} INFO - Processing /home/airflow/.local/lib/python3.8/site-packages/airflow/example_dags/tutorial_dag.py took 0.032 seconds
[2024-04-24T05:22:28.596+0000] {processor.py:161} INFO - Started process (PID=1350) to work on /home/airflow/.local/lib/python3.8/site-packages/airflow/example_dags/tutorial_dag.py
[2024-04-24T05:22:28.596+0000] {processor.py:830} INFO - Processing file /home/airflow/.local/lib/python3.8/site-packages/airflow/example_dags/tutorial_dag.py for tasks to queue
[2024-04-24T05:22:28.597+0000] {logging_mixin.py:188} INFO - [2024-04-24T05:22:28.597+0000] {dagbag.py:540} INFO - Filling up the DagBag from /home/airflow/.local/lib/python3.8/site-packages/airflow/example_dags/tutorial_dag.py
[2024-04-24T05:22:28.600+0000] {processor.py:840} INFO - DAG(s) 'tutorial_dag' retrieved from /home/airflow/.local/lib/python3.8/site-packages/airflow/example_dags/tutorial_dag.py
[2024-04-24T05:22:28.610+0000] {logging_mixin.py:188} INFO - [2024-04-24T05:22:28.610+0000] {dag.py:3047} INFO - Sync 1 DAGs
[2024-04-24T05:22:28.616+0000] {logging_mixin.py:188} INFO - [2024-04-24T05:22:28.616+0000] {dag.py:3834} INFO - Setting next_dagrun for tutorial_dag to None, run_after=None
[2024-04-24T05:22:28.626+0000] {processor.py:183} INFO - Processing /home/airflow/.local/lib/python3.8/site-packages/airflow/example_dags/tutorial_dag.py took 0.032 seconds
[2024-04-24T05:22:59.154+0000] {processor.py:161} INFO - Started process (PID=1408) to work on /home/airflow/.local/lib/python3.8/site-packages/airflow/example_dags/tutorial_dag.py
[2024-04-24T05:22:59.155+0000] {processor.py:830} INFO - Processing file /home/airflow/.local/lib/python3.8/site-packages/airflow/example_dags/tutorial_dag.py for tasks to queue
[2024-04-24T05:22:59.156+0000] {logging_mixin.py:188} INFO - [2024-04-24T05:22:59.156+0000] {dagbag.py:540} INFO - Filling up the DagBag from /home/airflow/.local/lib/python3.8/site-packages/airflow/example_dags/tutorial_dag.py
[2024-04-24T05:22:59.159+0000] {processor.py:840} INFO - DAG(s) 'tutorial_dag' retrieved from /home/airflow/.local/lib/python3.8/site-packages/airflow/example_dags/tutorial_dag.py
[2024-04-24T05:22:59.169+0000] {logging_mixin.py:188} INFO - [2024-04-24T05:22:59.169+0000] {dag.py:3047} INFO - Sync 1 DAGs
[2024-04-24T05:22:59.176+0000] {logging_mixin.py:188} INFO - [2024-04-24T05:22:59.176+0000] {dag.py:3834} INFO - Setting next_dagrun for tutorial_dag to None, run_after=None
[2024-04-24T05:22:59.186+0000] {processor.py:183} INFO - Processing /home/airflow/.local/lib/python3.8/site-packages/airflow/example_dags/tutorial_dag.py took 0.033 seconds
[2024-04-24T05:23:29.686+0000] {processor.py:161} INFO - Started process (PID=1466) to work on /home/airflow/.local/lib/python3.8/site-packages/airflow/example_dags/tutorial_dag.py
[2024-04-24T05:23:29.687+0000] {processor.py:830} INFO - Processing file /home/airflow/.local/lib/python3.8/site-packages/airflow/example_dags/tutorial_dag.py for tasks to queue
[2024-04-24T05:23:29.688+0000] {logging_mixin.py:188} INFO - [2024-04-24T05:23:29.687+0000] {dagbag.py:540} INFO - Filling up the DagBag from /home/airflow/.local/lib/python3.8/site-packages/airflow/example_dags/tutorial_dag.py
[2024-04-24T05:23:29.691+0000] {processor.py:840} INFO - DAG(s) 'tutorial_dag' retrieved from /home/airflow/.local/lib/python3.8/site-packages/airflow/example_dags/tutorial_dag.py
[2024-04-24T05:23:29.701+0000] {logging_mixin.py:188} INFO - [2024-04-24T05:23:29.701+0000] {dag.py:3047} INFO - Sync 1 DAGs
[2024-04-24T05:23:29.707+0000] {logging_mixin.py:188} INFO - [2024-04-24T05:23:29.707+0000] {dag.py:3834} INFO - Setting next_dagrun for tutorial_dag to None, run_after=None
[2024-04-24T05:23:29.717+0000] {processor.py:183} INFO - Processing /home/airflow/.local/lib/python3.8/site-packages/airflow/example_dags/tutorial_dag.py took 0.033 seconds
[2024-04-24T05:24:00.179+0000] {processor.py:161} INFO - Started process (PID=1524) to work on /home/airflow/.local/lib/python3.8/site-packages/airflow/example_dags/tutorial_dag.py
[2024-04-24T05:24:00.179+0000] {processor.py:830} INFO - Processing file /home/airflow/.local/lib/python3.8/site-packages/airflow/example_dags/tutorial_dag.py for tasks to queue
[2024-04-24T05:24:00.180+0000] {logging_mixin.py:188} INFO - [2024-04-24T05:24:00.180+0000] {dagbag.py:540} INFO - Filling up the DagBag from /home/airflow/.local/lib/python3.8/site-packages/airflow/example_dags/tutorial_dag.py
[2024-04-24T05:24:00.184+0000] {processor.py:840} INFO - DAG(s) 'tutorial_dag' retrieved from /home/airflow/.local/lib/python3.8/site-packages/airflow/example_dags/tutorial_dag.py
[2024-04-24T05:24:00.194+0000] {logging_mixin.py:188} INFO - [2024-04-24T05:24:00.194+0000] {dag.py:3047} INFO - Sync 1 DAGs
[2024-04-24T05:24:00.201+0000] {logging_mixin.py:188} INFO - [2024-04-24T05:24:00.201+0000] {dag.py:3834} INFO - Setting next_dagrun for tutorial_dag to None, run_after=None
[2024-04-24T05:24:00.211+0000] {processor.py:183} INFO - Processing /home/airflow/.local/lib/python3.8/site-packages/airflow/example_dags/tutorial_dag.py took 0.034 seconds
[2024-04-24T05:24:30.651+0000] {processor.py:161} INFO - Started process (PID=1582) to work on /home/airflow/.local/lib/python3.8/site-packages/airflow/example_dags/tutorial_dag.py
[2024-04-24T05:24:30.651+0000] {processor.py:830} INFO - Processing file /home/airflow/.local/lib/python3.8/site-packages/airflow/example_dags/tutorial_dag.py for tasks to queue
[2024-04-24T05:24:30.652+0000] {logging_mixin.py:188} INFO - [2024-04-24T05:24:30.652+0000] {dagbag.py:540} INFO - Filling up the DagBag from /home/airflow/.local/lib/python3.8/site-packages/airflow/example_dags/tutorial_dag.py
[2024-04-24T05:24:30.655+0000] {processor.py:840} INFO - DAG(s) 'tutorial_dag' retrieved from /home/airflow/.local/lib/python3.8/site-packages/airflow/example_dags/tutorial_dag.py
[2024-04-24T05:24:30.665+0000] {logging_mixin.py:188} INFO - [2024-04-24T05:24:30.665+0000] {dag.py:3047} INFO - Sync 1 DAGs
[2024-04-24T05:24:30.671+0000] {logging_mixin.py:188} INFO - [2024-04-24T05:24:30.671+0000] {dag.py:3834} INFO - Setting next_dagrun for tutorial_dag to None, run_after=None
[2024-04-24T05:24:30.681+0000] {processor.py:183} INFO - Processing /home/airflow/.local/lib/python3.8/site-packages/airflow/example_dags/tutorial_dag.py took 0.032 seconds
[2024-04-24T05:25:01.113+0000] {processor.py:161} INFO - Started process (PID=1640) to work on /home/airflow/.local/lib/python3.8/site-packages/airflow/example_dags/tutorial_dag.py
[2024-04-24T05:25:01.114+0000] {processor.py:830} INFO - Processing file /home/airflow/.local/lib/python3.8/site-packages/airflow/example_dags/tutorial_dag.py for tasks to queue
[2024-04-24T05:25:01.115+0000] {logging_mixin.py:188} INFO - [2024-04-24T05:25:01.114+0000] {dagbag.py:540} INFO - Filling up the DagBag from /home/airflow/.local/lib/python3.8/site-packages/airflow/example_dags/tutorial_dag.py
[2024-04-24T05:25:01.118+0000] {processor.py:840} INFO - DAG(s) 'tutorial_dag' retrieved from /home/airflow/.local/lib/python3.8/site-packages/airflow/example_dags/tutorial_dag.py
[2024-04-24T05:25:01.127+0000] {logging_mixin.py:188} INFO - [2024-04-24T05:25:01.127+0000] {dag.py:3047} INFO - Sync 1 DAGs
[2024-04-24T05:25:01.134+0000] {logging_mixin.py:188} INFO - [2024-04-24T05:25:01.134+0000] {dag.py:3834} INFO - Setting next_dagrun for tutorial_dag to None, run_after=None
[2024-04-24T05:25:01.143+0000] {processor.py:183} INFO - Processing /home/airflow/.local/lib/python3.8/site-packages/airflow/example_dags/tutorial_dag.py took 0.032 seconds
[2024-04-24T05:25:31.558+0000] {processor.py:161} INFO - Started process (PID=1698) to work on /home/airflow/.local/lib/python3.8/site-packages/airflow/example_dags/tutorial_dag.py
[2024-04-24T05:25:31.559+0000] {processor.py:830} INFO - Processing file /home/airflow/.local/lib/python3.8/site-packages/airflow/example_dags/tutorial_dag.py for tasks to queue
[2024-04-24T05:25:31.560+0000] {logging_mixin.py:188} INFO - [2024-04-24T05:25:31.560+0000] {dagbag.py:540} INFO - Filling up the DagBag from /home/airflow/.local/lib/python3.8/site-packages/airflow/example_dags/tutorial_dag.py
[2024-04-24T05:25:31.563+0000] {processor.py:840} INFO - DAG(s) 'tutorial_dag' retrieved from /home/airflow/.local/lib/python3.8/site-packages/airflow/example_dags/tutorial_dag.py
[2024-04-24T05:25:31.573+0000] {logging_mixin.py:188} INFO - [2024-04-24T05:25:31.573+0000] {dag.py:3047} INFO - Sync 1 DAGs
[2024-04-24T05:25:31.579+0000] {logging_mixin.py:188} INFO - [2024-04-24T05:25:31.579+0000] {dag.py:3834} INFO - Setting next_dagrun for tutorial_dag to None, run_after=None
[2024-04-24T05:25:31.589+0000] {processor.py:183} INFO - Processing /home/airflow/.local/lib/python3.8/site-packages/airflow/example_dags/tutorial_dag.py took 0.033 seconds
[2024-04-24T05:26:02.254+0000] {processor.py:161} INFO - Started process (PID=1756) to work on /home/airflow/.local/lib/python3.8/site-packages/airflow/example_dags/tutorial_dag.py
[2024-04-24T05:26:02.255+0000] {processor.py:830} INFO - Processing file /home/airflow/.local/lib/python3.8/site-packages/airflow/example_dags/tutorial_dag.py for tasks to queue
[2024-04-24T05:26:02.256+0000] {logging_mixin.py:188} INFO - [2024-04-24T05:26:02.256+0000] {dagbag.py:540} INFO - Filling up the DagBag from /home/airflow/.local/lib/python3.8/site-packages/airflow/example_dags/tutorial_dag.py
[2024-04-24T05:26:02.259+0000] {processor.py:840} INFO - DAG(s) 'tutorial_dag' retrieved from /home/airflow/.local/lib/python3.8/site-packages/airflow/example_dags/tutorial_dag.py
[2024-04-24T05:26:02.269+0000] {logging_mixin.py:188} INFO - [2024-04-24T05:26:02.269+0000] {dag.py:3047} INFO - Sync 1 DAGs
[2024-04-24T05:26:02.275+0000] {logging_mixin.py:188} INFO - [2024-04-24T05:26:02.275+0000] {dag.py:3834} INFO - Setting next_dagrun for tutorial_dag to None, run_after=None
[2024-04-24T05:26:02.285+0000] {processor.py:183} INFO - Processing /home/airflow/.local/lib/python3.8/site-packages/airflow/example_dags/tutorial_dag.py took 0.033 seconds
[2024-04-24T05:26:32.843+0000] {processor.py:161} INFO - Started process (PID=1814) to work on /home/airflow/.local/lib/python3.8/site-packages/airflow/example_dags/tutorial_dag.py
[2024-04-24T05:26:32.844+0000] {processor.py:830} INFO - Processing file /home/airflow/.local/lib/python3.8/site-packages/airflow/example_dags/tutorial_dag.py for tasks to queue
[2024-04-24T05:26:32.845+0000] {logging_mixin.py:188} INFO - [2024-04-24T05:26:32.845+0000] {dagbag.py:540} INFO - Filling up the DagBag from /home/airflow/.local/lib/python3.8/site-packages/airflow/example_dags/tutorial_dag.py
[2024-04-24T05:26:32.848+0000] {processor.py:840} INFO - DAG(s) 'tutorial_dag' retrieved from /home/airflow/.local/lib/python3.8/site-packages/airflow/example_dags/tutorial_dag.py
[2024-04-24T05:26:32.858+0000] {logging_mixin.py:188} INFO - [2024-04-24T05:26:32.858+0000] {dag.py:3047} INFO - Sync 1 DAGs
[2024-04-24T05:26:32.864+0000] {logging_mixin.py:188} INFO - [2024-04-24T05:26:32.864+0000] {dag.py:3834} INFO - Setting next_dagrun for tutorial_dag to None, run_after=None
[2024-04-24T05:26:32.875+0000] {processor.py:183} INFO - Processing /home/airflow/.local/lib/python3.8/site-packages/airflow/example_dags/tutorial_dag.py took 0.033 seconds
[2024-04-24T05:27:03.574+0000] {processor.py:161} INFO - Started process (PID=1872) to work on /home/airflow/.local/lib/python3.8/site-packages/airflow/example_dags/tutorial_dag.py
[2024-04-24T05:27:03.575+0000] {processor.py:830} INFO - Processing file /home/airflow/.local/lib/python3.8/site-packages/airflow/example_dags/tutorial_dag.py for tasks to queue
[2024-04-24T05:27:03.576+0000] {logging_mixin.py:188} INFO - [2024-04-24T05:27:03.576+0000] {dagbag.py:540} INFO - Filling up the DagBag from /home/airflow/.local/lib/python3.8/site-packages/airflow/example_dags/tutorial_dag.py
[2024-04-24T05:27:03.579+0000] {processor.py:840} INFO - DAG(s) 'tutorial_dag' retrieved from /home/airflow/.local/lib/python3.8/site-packages/airflow/example_dags/tutorial_dag.py
[2024-04-24T05:27:03.589+0000] {logging_mixin.py:188} INFO - [2024-04-24T05:27:03.588+0000] {dag.py:3047} INFO - Sync 1 DAGs
[2024-04-24T05:27:03.595+0000] {logging_mixin.py:188} INFO - [2024-04-24T05:27:03.595+0000] {dag.py:3834} INFO - Setting next_dagrun for tutorial_dag to None, run_after=None
[2024-04-24T05:27:03.604+0000] {processor.py:183} INFO - Processing /home/airflow/.local/lib/python3.8/site-packages/airflow/example_dags/tutorial_dag.py took 0.032 seconds
[2024-04-24T05:27:34.114+0000] {processor.py:161} INFO - Started process (PID=1930) to work on /home/airflow/.local/lib/python3.8/site-packages/airflow/example_dags/tutorial_dag.py
[2024-04-24T05:27:34.115+0000] {processor.py:830} INFO - Processing file /home/airflow/.local/lib/python3.8/site-packages/airflow/example_dags/tutorial_dag.py for tasks to queue
[2024-04-24T05:27:34.116+0000] {logging_mixin.py:188} INFO - [2024-04-24T05:27:34.116+0000] {dagbag.py:540} INFO - Filling up the DagBag from /home/airflow/.local/lib/python3.8/site-packages/airflow/example_dags/tutorial_dag.py
[2024-04-24T05:27:34.119+0000] {processor.py:840} INFO - DAG(s) 'tutorial_dag' retrieved from /home/airflow/.local/lib/python3.8/site-packages/airflow/example_dags/tutorial_dag.py
[2024-04-24T05:27:34.129+0000] {logging_mixin.py:188} INFO - [2024-04-24T05:27:34.129+0000] {dag.py:3047} INFO - Sync 1 DAGs
[2024-04-24T05:27:34.135+0000] {logging_mixin.py:188} INFO - [2024-04-24T05:27:34.135+0000] {dag.py:3834} INFO - Setting next_dagrun for tutorial_dag to None, run_after=None
[2024-04-24T05:27:34.145+0000] {processor.py:183} INFO - Processing /home/airflow/.local/lib/python3.8/site-packages/airflow/example_dags/tutorial_dag.py took 0.033 seconds
[2024-04-24T05:28:04.852+0000] {processor.py:161} INFO - Started process (PID=1988) to work on /home/airflow/.local/lib/python3.8/site-packages/airflow/example_dags/tutorial_dag.py
[2024-04-24T05:28:04.852+0000] {processor.py:830} INFO - Processing file /home/airflow/.local/lib/python3.8/site-packages/airflow/example_dags/tutorial_dag.py for tasks to queue
[2024-04-24T05:28:04.853+0000] {logging_mixin.py:188} INFO - [2024-04-24T05:28:04.853+0000] {dagbag.py:540} INFO - Filling up the DagBag from /home/airflow/.local/lib/python3.8/site-packages/airflow/example_dags/tutorial_dag.py
[2024-04-24T05:28:04.856+0000] {processor.py:840} INFO - DAG(s) 'tutorial_dag' retrieved from /home/airflow/.local/lib/python3.8/site-packages/airflow/example_dags/tutorial_dag.py
[2024-04-24T05:28:04.867+0000] {logging_mixin.py:188} INFO - [2024-04-24T05:28:04.867+0000] {dag.py:3047} INFO - Sync 1 DAGs
[2024-04-24T05:28:04.874+0000] {logging_mixin.py:188} INFO - [2024-04-24T05:28:04.874+0000] {dag.py:3834} INFO - Setting next_dagrun for tutorial_dag to None, run_after=None
[2024-04-24T05:28:04.883+0000] {processor.py:183} INFO - Processing /home/airflow/.local/lib/python3.8/site-packages/airflow/example_dags/tutorial_dag.py took 0.034 seconds
[2024-04-24T05:28:35.620+0000] {processor.py:161} INFO - Started process (PID=2046) to work on /home/airflow/.local/lib/python3.8/site-packages/airflow/example_dags/tutorial_dag.py
[2024-04-24T05:28:35.621+0000] {processor.py:830} INFO - Processing file /home/airflow/.local/lib/python3.8/site-packages/airflow/example_dags/tutorial_dag.py for tasks to queue
[2024-04-24T05:28:35.622+0000] {logging_mixin.py:188} INFO - [2024-04-24T05:28:35.622+0000] {dagbag.py:540} INFO - Filling up the DagBag from /home/airflow/.local/lib/python3.8/site-packages/airflow/example_dags/tutorial_dag.py
[2024-04-24T05:28:35.625+0000] {processor.py:840} INFO - DAG(s) 'tutorial_dag' retrieved from /home/airflow/.local/lib/python3.8/site-packages/airflow/example_dags/tutorial_dag.py
[2024-04-24T05:28:35.635+0000] {logging_mixin.py:188} INFO - [2024-04-24T05:28:35.635+0000] {dag.py:3047} INFO - Sync 1 DAGs
[2024-04-24T05:28:35.642+0000] {logging_mixin.py:188} INFO - [2024-04-24T05:28:35.642+0000] {dag.py:3834} INFO - Setting next_dagrun for tutorial_dag to None, run_after=None
[2024-04-24T05:28:35.651+0000] {processor.py:183} INFO - Processing /home/airflow/.local/lib/python3.8/site-packages/airflow/example_dags/tutorial_dag.py took 0.033 seconds
[2024-04-24T05:29:06.179+0000] {processor.py:161} INFO - Started process (PID=2104) to work on /home/airflow/.local/lib/python3.8/site-packages/airflow/example_dags/tutorial_dag.py
[2024-04-24T05:29:06.179+0000] {processor.py:830} INFO - Processing file /home/airflow/.local/lib/python3.8/site-packages/airflow/example_dags/tutorial_dag.py for tasks to queue
[2024-04-24T05:29:06.180+0000] {logging_mixin.py:188} INFO - [2024-04-24T05:29:06.180+0000] {dagbag.py:540} INFO - Filling up the DagBag from /home/airflow/.local/lib/python3.8/site-packages/airflow/example_dags/tutorial_dag.py
[2024-04-24T05:29:06.183+0000] {processor.py:840} INFO - DAG(s) 'tutorial_dag' retrieved from /home/airflow/.local/lib/python3.8/site-packages/airflow/example_dags/tutorial_dag.py
[2024-04-24T05:29:06.193+0000] {logging_mixin.py:188} INFO - [2024-04-24T05:29:06.193+0000] {dag.py:3047} INFO - Sync 1 DAGs
[2024-04-24T05:29:06.199+0000] {logging_mixin.py:188} INFO - [2024-04-24T05:29:06.199+0000] {dag.py:3834} INFO - Setting next_dagrun for tutorial_dag to None, run_after=None
[2024-04-24T05:29:06.209+0000] {processor.py:183} INFO - Processing /home/airflow/.local/lib/python3.8/site-packages/airflow/example_dags/tutorial_dag.py took 0.032 seconds
[2024-04-24T05:29:36.764+0000] {processor.py:161} INFO - Started process (PID=2162) to work on /home/airflow/.local/lib/python3.8/site-packages/airflow/example_dags/tutorial_dag.py
[2024-04-24T05:29:36.765+0000] {processor.py:830} INFO - Processing file /home/airflow/.local/lib/python3.8/site-packages/airflow/example_dags/tutorial_dag.py for tasks to queue
[2024-04-24T05:29:36.766+0000] {logging_mixin.py:188} INFO - [2024-04-24T05:29:36.765+0000] {dagbag.py:540} INFO - Filling up the DagBag from /home/airflow/.local/lib/python3.8/site-packages/airflow/example_dags/tutorial_dag.py
[2024-04-24T05:29:36.769+0000] {processor.py:840} INFO - DAG(s) 'tutorial_dag' retrieved from /home/airflow/.local/lib/python3.8/site-packages/airflow/example_dags/tutorial_dag.py
[2024-04-24T05:29:36.779+0000] {logging_mixin.py:188} INFO - [2024-04-24T05:29:36.779+0000] {dag.py:3047} INFO - Sync 1 DAGs
[2024-04-24T05:29:36.785+0000] {logging_mixin.py:188} INFO - [2024-04-24T05:29:36.785+0000] {dag.py:3834} INFO - Setting next_dagrun for tutorial_dag to None, run_after=None
[2024-04-24T05:29:36.795+0000] {processor.py:183} INFO - Processing /home/airflow/.local/lib/python3.8/site-packages/airflow/example_dags/tutorial_dag.py took 0.033 seconds
[2024-04-24T05:30:07.250+0000] {processor.py:161} INFO - Started process (PID=2220) to work on /home/airflow/.local/lib/python3.8/site-packages/airflow/example_dags/tutorial_dag.py
[2024-04-24T05:30:07.250+0000] {processor.py:830} INFO - Processing file /home/airflow/.local/lib/python3.8/site-packages/airflow/example_dags/tutorial_dag.py for tasks to queue
[2024-04-24T05:30:07.251+0000] {logging_mixin.py:188} INFO - [2024-04-24T05:30:07.251+0000] {dagbag.py:540} INFO - Filling up the DagBag from /home/airflow/.local/lib/python3.8/site-packages/airflow/example_dags/tutorial_dag.py
[2024-04-24T05:30:07.254+0000] {processor.py:840} INFO - DAG(s) 'tutorial_dag' retrieved from /home/airflow/.local/lib/python3.8/site-packages/airflow/example_dags/tutorial_dag.py
[2024-04-24T05:30:07.264+0000] {logging_mixin.py:188} INFO - [2024-04-24T05:30:07.264+0000] {dag.py:3047} INFO - Sync 1 DAGs
[2024-04-24T05:30:07.270+0000] {logging_mixin.py:188} INFO - [2024-04-24T05:30:07.270+0000] {dag.py:3834} INFO - Setting next_dagrun for tutorial_dag to None, run_after=None
[2024-04-24T05:30:07.280+0000] {processor.py:183} INFO - Processing /home/airflow/.local/lib/python3.8/site-packages/airflow/example_dags/tutorial_dag.py took 0.032 seconds
[2024-04-24T05:30:37.837+0000] {processor.py:161} INFO - Started process (PID=2278) to work on /home/airflow/.local/lib/python3.8/site-packages/airflow/example_dags/tutorial_dag.py
[2024-04-24T05:30:37.838+0000] {processor.py:830} INFO - Processing file /home/airflow/.local/lib/python3.8/site-packages/airflow/example_dags/tutorial_dag.py for tasks to queue
[2024-04-24T05:30:37.839+0000] {logging_mixin.py:188} INFO - [2024-04-24T05:30:37.839+0000] {dagbag.py:540} INFO - Filling up the DagBag from /home/airflow/.local/lib/python3.8/site-packages/airflow/example_dags/tutorial_dag.py
[2024-04-24T05:30:37.842+0000] {processor.py:840} INFO - DAG(s) 'tutorial_dag' retrieved from /home/airflow/.local/lib/python3.8/site-packages/airflow/example_dags/tutorial_dag.py
[2024-04-24T05:30:37.851+0000] {logging_mixin.py:188} INFO - [2024-04-24T05:30:37.851+0000] {dag.py:3047} INFO - Sync 1 DAGs
[2024-04-24T05:30:37.858+0000] {logging_mixin.py:188} INFO - [2024-04-24T05:30:37.858+0000] {dag.py:3834} INFO - Setting next_dagrun for tutorial_dag to None, run_after=None
[2024-04-24T05:30:37.868+0000] {processor.py:183} INFO - Processing /home/airflow/.local/lib/python3.8/site-packages/airflow/example_dags/tutorial_dag.py took 0.033 seconds
[2024-04-24T05:31:08.478+0000] {processor.py:161} INFO - Started process (PID=2336) to work on /home/airflow/.local/lib/python3.8/site-packages/airflow/example_dags/tutorial_dag.py
[2024-04-24T05:31:08.479+0000] {processor.py:830} INFO - Processing file /home/airflow/.local/lib/python3.8/site-packages/airflow/example_dags/tutorial_dag.py for tasks to queue
[2024-04-24T05:31:08.480+0000] {logging_mixin.py:188} INFO - [2024-04-24T05:31:08.480+0000] {dagbag.py:540} INFO - Filling up the DagBag from /home/airflow/.local/lib/python3.8/site-packages/airflow/example_dags/tutorial_dag.py
[2024-04-24T05:31:08.483+0000] {processor.py:840} INFO - DAG(s) 'tutorial_dag' retrieved from /home/airflow/.local/lib/python3.8/site-packages/airflow/example_dags/tutorial_dag.py
[2024-04-24T05:31:08.493+0000] {logging_mixin.py:188} INFO - [2024-04-24T05:31:08.493+0000] {dag.py:3047} INFO - Sync 1 DAGs
[2024-04-24T05:31:08.500+0000] {logging_mixin.py:188} INFO - [2024-04-24T05:31:08.500+0000] {dag.py:3834} INFO - Setting next_dagrun for tutorial_dag to None, run_after=None
[2024-04-24T05:31:08.510+0000] {processor.py:183} INFO - Processing /home/airflow/.local/lib/python3.8/site-packages/airflow/example_dags/tutorial_dag.py took 0.034 seconds
[2024-04-24T05:31:39.259+0000] {processor.py:161} INFO - Started process (PID=2394) to work on /home/airflow/.local/lib/python3.8/site-packages/airflow/example_dags/tutorial_dag.py
[2024-04-24T05:31:39.260+0000] {processor.py:830} INFO - Processing file /home/airflow/.local/lib/python3.8/site-packages/airflow/example_dags/tutorial_dag.py for tasks to queue
[2024-04-24T05:31:39.261+0000] {logging_mixin.py:188} INFO - [2024-04-24T05:31:39.261+0000] {dagbag.py:540} INFO - Filling up the DagBag from /home/airflow/.local/lib/python3.8/site-packages/airflow/example_dags/tutorial_dag.py
[2024-04-24T05:31:39.264+0000] {processor.py:840} INFO - DAG(s) 'tutorial_dag' retrieved from /home/airflow/.local/lib/python3.8/site-packages/airflow/example_dags/tutorial_dag.py
[2024-04-24T05:31:39.275+0000] {logging_mixin.py:188} INFO - [2024-04-24T05:31:39.275+0000] {dag.py:3047} INFO - Sync 1 DAGs
[2024-04-24T05:31:39.281+0000] {logging_mixin.py:188} INFO - [2024-04-24T05:31:39.281+0000] {dag.py:3834} INFO - Setting next_dagrun for tutorial_dag to None, run_after=None
[2024-04-24T05:31:39.291+0000] {processor.py:183} INFO - Processing /home/airflow/.local/lib/python3.8/site-packages/airflow/example_dags/tutorial_dag.py took 0.034 seconds
[2024-04-24T05:32:09.884+0000] {processor.py:161} INFO - Started process (PID=2452) to work on /home/airflow/.local/lib/python3.8/site-packages/airflow/example_dags/tutorial_dag.py
[2024-04-24T05:32:09.884+0000] {processor.py:830} INFO - Processing file /home/airflow/.local/lib/python3.8/site-packages/airflow/example_dags/tutorial_dag.py for tasks to queue
[2024-04-24T05:32:09.885+0000] {logging_mixin.py:188} INFO - [2024-04-24T05:32:09.885+0000] {dagbag.py:540} INFO - Filling up the DagBag from /home/airflow/.local/lib/python3.8/site-packages/airflow/example_dags/tutorial_dag.py
[2024-04-24T05:32:09.888+0000] {processor.py:840} INFO - DAG(s) 'tutorial_dag' retrieved from /home/airflow/.local/lib/python3.8/site-packages/airflow/example_dags/tutorial_dag.py
[2024-04-24T05:32:09.899+0000] {logging_mixin.py:188} INFO - [2024-04-24T05:32:09.899+0000] {dag.py:3047} INFO - Sync 1 DAGs
[2024-04-24T05:32:09.905+0000] {logging_mixin.py:188} INFO - [2024-04-24T05:32:09.905+0000] {dag.py:3834} INFO - Setting next_dagrun for tutorial_dag to None, run_after=None
[2024-04-24T05:32:09.915+0000] {processor.py:183} INFO - Processing /home/airflow/.local/lib/python3.8/site-packages/airflow/example_dags/tutorial_dag.py took 0.033 seconds
[2024-04-24T05:32:40.370+0000] {processor.py:161} INFO - Started process (PID=2511) to work on /home/airflow/.local/lib/python3.8/site-packages/airflow/example_dags/tutorial_dag.py
[2024-04-24T05:32:40.371+0000] {processor.py:830} INFO - Processing file /home/airflow/.local/lib/python3.8/site-packages/airflow/example_dags/tutorial_dag.py for tasks to queue
[2024-04-24T05:32:40.372+0000] {logging_mixin.py:188} INFO - [2024-04-24T05:32:40.372+0000] {dagbag.py:540} INFO - Filling up the DagBag from /home/airflow/.local/lib/python3.8/site-packages/airflow/example_dags/tutorial_dag.py
[2024-04-24T05:32:40.375+0000] {processor.py:840} INFO - DAG(s) 'tutorial_dag' retrieved from /home/airflow/.local/lib/python3.8/site-packages/airflow/example_dags/tutorial_dag.py
[2024-04-24T05:32:40.385+0000] {logging_mixin.py:188} INFO - [2024-04-24T05:32:40.385+0000] {dag.py:3047} INFO - Sync 1 DAGs
[2024-04-24T05:32:40.391+0000] {logging_mixin.py:188} INFO - [2024-04-24T05:32:40.391+0000] {dag.py:3834} INFO - Setting next_dagrun for tutorial_dag to None, run_after=None
[2024-04-24T05:32:40.401+0000] {processor.py:183} INFO - Processing /home/airflow/.local/lib/python3.8/site-packages/airflow/example_dags/tutorial_dag.py took 0.032 seconds
[2024-04-24T05:33:10.783+0000] {processor.py:161} INFO - Started process (PID=2566) to work on /home/airflow/.local/lib/python3.8/site-packages/airflow/example_dags/tutorial_dag.py
[2024-04-24T05:33:10.784+0000] {processor.py:830} INFO - Processing file /home/airflow/.local/lib/python3.8/site-packages/airflow/example_dags/tutorial_dag.py for tasks to queue
[2024-04-24T05:33:10.784+0000] {logging_mixin.py:188} INFO - [2024-04-24T05:33:10.784+0000] {dagbag.py:540} INFO - Filling up the DagBag from /home/airflow/.local/lib/python3.8/site-packages/airflow/example_dags/tutorial_dag.py
[2024-04-24T05:33:10.787+0000] {processor.py:840} INFO - DAG(s) 'tutorial_dag' retrieved from /home/airflow/.local/lib/python3.8/site-packages/airflow/example_dags/tutorial_dag.py
[2024-04-24T05:33:10.798+0000] {logging_mixin.py:188} INFO - [2024-04-24T05:33:10.798+0000] {dag.py:3047} INFO - Sync 1 DAGs
[2024-04-24T05:33:10.804+0000] {logging_mixin.py:188} INFO - [2024-04-24T05:33:10.804+0000] {dag.py:3834} INFO - Setting next_dagrun for tutorial_dag to None, run_after=None
[2024-04-24T05:33:10.814+0000] {processor.py:183} INFO - Processing /home/airflow/.local/lib/python3.8/site-packages/airflow/example_dags/tutorial_dag.py took 0.033 seconds
[2024-04-24T05:33:41.149+0000] {processor.py:161} INFO - Started process (PID=2621) to work on /home/airflow/.local/lib/python3.8/site-packages/airflow/example_dags/tutorial_dag.py
[2024-04-24T05:33:41.150+0000] {processor.py:830} INFO - Processing file /home/airflow/.local/lib/python3.8/site-packages/airflow/example_dags/tutorial_dag.py for tasks to queue
[2024-04-24T05:33:41.150+0000] {logging_mixin.py:188} INFO - [2024-04-24T05:33:41.150+0000] {dagbag.py:540} INFO - Filling up the DagBag from /home/airflow/.local/lib/python3.8/site-packages/airflow/example_dags/tutorial_dag.py
[2024-04-24T05:33:41.153+0000] {processor.py:840} INFO - DAG(s) 'tutorial_dag' retrieved from /home/airflow/.local/lib/python3.8/site-packages/airflow/example_dags/tutorial_dag.py
[2024-04-24T05:33:41.164+0000] {logging_mixin.py:188} INFO - [2024-04-24T05:33:41.164+0000] {dag.py:3047} INFO - Sync 1 DAGs
[2024-04-24T05:33:41.170+0000] {logging_mixin.py:188} INFO - [2024-04-24T05:33:41.170+0000] {dag.py:3834} INFO - Setting next_dagrun for tutorial_dag to None, run_after=None
[2024-04-24T05:33:41.180+0000] {processor.py:183} INFO - Processing /home/airflow/.local/lib/python3.8/site-packages/airflow/example_dags/tutorial_dag.py took 0.033 seconds
[2024-04-24T05:34:11.583+0000] {processor.py:161} INFO - Started process (PID=2676) to work on /home/airflow/.local/lib/python3.8/site-packages/airflow/example_dags/tutorial_dag.py
[2024-04-24T05:34:11.584+0000] {processor.py:830} INFO - Processing file /home/airflow/.local/lib/python3.8/site-packages/airflow/example_dags/tutorial_dag.py for tasks to queue
[2024-04-24T05:34:11.584+0000] {logging_mixin.py:188} INFO - [2024-04-24T05:34:11.584+0000] {dagbag.py:540} INFO - Filling up the DagBag from /home/airflow/.local/lib/python3.8/site-packages/airflow/example_dags/tutorial_dag.py
[2024-04-24T05:34:11.587+0000] {processor.py:840} INFO - DAG(s) 'tutorial_dag' retrieved from /home/airflow/.local/lib/python3.8/site-packages/airflow/example_dags/tutorial_dag.py
[2024-04-24T05:34:11.598+0000] {logging_mixin.py:188} INFO - [2024-04-24T05:34:11.598+0000] {dag.py:3047} INFO - Sync 1 DAGs
[2024-04-24T05:34:11.604+0000] {logging_mixin.py:188} INFO - [2024-04-24T05:34:11.604+0000] {dag.py:3834} INFO - Setting next_dagrun for tutorial_dag to None, run_after=None
[2024-04-24T05:34:11.614+0000] {processor.py:183} INFO - Processing /home/airflow/.local/lib/python3.8/site-packages/airflow/example_dags/tutorial_dag.py took 0.032 seconds
[2024-04-24T05:34:42.191+0000] {processor.py:161} INFO - Started process (PID=2731) to work on /home/airflow/.local/lib/python3.8/site-packages/airflow/example_dags/tutorial_dag.py
[2024-04-24T05:34:42.192+0000] {processor.py:830} INFO - Processing file /home/airflow/.local/lib/python3.8/site-packages/airflow/example_dags/tutorial_dag.py for tasks to queue
[2024-04-24T05:34:42.192+0000] {logging_mixin.py:188} INFO - [2024-04-24T05:34:42.192+0000] {dagbag.py:540} INFO - Filling up the DagBag from /home/airflow/.local/lib/python3.8/site-packages/airflow/example_dags/tutorial_dag.py
[2024-04-24T05:34:42.195+0000] {processor.py:840} INFO - DAG(s) 'tutorial_dag' retrieved from /home/airflow/.local/lib/python3.8/site-packages/airflow/example_dags/tutorial_dag.py
[2024-04-24T05:34:42.206+0000] {logging_mixin.py:188} INFO - [2024-04-24T05:34:42.206+0000] {dag.py:3047} INFO - Sync 1 DAGs
[2024-04-24T05:34:42.213+0000] {logging_mixin.py:188} INFO - [2024-04-24T05:34:42.213+0000] {dag.py:3834} INFO - Setting next_dagrun for tutorial_dag to None, run_after=None
[2024-04-24T05:34:42.223+0000] {processor.py:183} INFO - Processing /home/airflow/.local/lib/python3.8/site-packages/airflow/example_dags/tutorial_dag.py took 0.034 seconds
[2024-04-24T05:35:12.890+0000] {processor.py:161} INFO - Started process (PID=2792) to work on /home/airflow/.local/lib/python3.8/site-packages/airflow/example_dags/tutorial_dag.py
[2024-04-24T05:35:12.890+0000] {processor.py:830} INFO - Processing file /home/airflow/.local/lib/python3.8/site-packages/airflow/example_dags/tutorial_dag.py for tasks to queue
[2024-04-24T05:35:12.891+0000] {logging_mixin.py:188} INFO - [2024-04-24T05:35:12.890+0000] {dagbag.py:540} INFO - Filling up the DagBag from /home/airflow/.local/lib/python3.8/site-packages/airflow/example_dags/tutorial_dag.py
[2024-04-24T05:35:12.893+0000] {processor.py:840} INFO - DAG(s) 'tutorial_dag' retrieved from /home/airflow/.local/lib/python3.8/site-packages/airflow/example_dags/tutorial_dag.py
[2024-04-24T05:35:12.904+0000] {logging_mixin.py:188} INFO - [2024-04-24T05:35:12.904+0000] {dag.py:3047} INFO - Sync 1 DAGs
[2024-04-24T05:35:12.910+0000] {logging_mixin.py:188} INFO - [2024-04-24T05:35:12.910+0000] {dag.py:3834} INFO - Setting next_dagrun for tutorial_dag to None, run_after=None
[2024-04-24T05:35:12.920+0000] {processor.py:183} INFO - Processing /home/airflow/.local/lib/python3.8/site-packages/airflow/example_dags/tutorial_dag.py took 0.032 seconds
[2024-04-24T05:35:43.575+0000] {processor.py:161} INFO - Started process (PID=2847) to work on /home/airflow/.local/lib/python3.8/site-packages/airflow/example_dags/tutorial_dag.py
[2024-04-24T05:35:43.576+0000] {processor.py:830} INFO - Processing file /home/airflow/.local/lib/python3.8/site-packages/airflow/example_dags/tutorial_dag.py for tasks to queue
[2024-04-24T05:35:43.576+0000] {logging_mixin.py:188} INFO - [2024-04-24T05:35:43.576+0000] {dagbag.py:540} INFO - Filling up the DagBag from /home/airflow/.local/lib/python3.8/site-packages/airflow/example_dags/tutorial_dag.py
[2024-04-24T05:35:43.579+0000] {processor.py:840} INFO - DAG(s) 'tutorial_dag' retrieved from /home/airflow/.local/lib/python3.8/site-packages/airflow/example_dags/tutorial_dag.py
[2024-04-24T05:35:43.590+0000] {logging_mixin.py:188} INFO - [2024-04-24T05:35:43.589+0000] {dag.py:3047} INFO - Sync 1 DAGs
[2024-04-24T05:35:43.596+0000] {logging_mixin.py:188} INFO - [2024-04-24T05:35:43.596+0000] {dag.py:3834} INFO - Setting next_dagrun for tutorial_dag to None, run_after=None
[2024-04-24T05:35:43.605+0000] {processor.py:183} INFO - Processing /home/airflow/.local/lib/python3.8/site-packages/airflow/example_dags/tutorial_dag.py took 0.031 seconds
[2024-04-24T05:36:14.133+0000] {processor.py:161} INFO - Started process (PID=2902) to work on /home/airflow/.local/lib/python3.8/site-packages/airflow/example_dags/tutorial_dag.py
[2024-04-24T05:36:14.133+0000] {processor.py:830} INFO - Processing file /home/airflow/.local/lib/python3.8/site-packages/airflow/example_dags/tutorial_dag.py for tasks to queue
[2024-04-24T05:36:14.134+0000] {logging_mixin.py:188} INFO - [2024-04-24T05:36:14.133+0000] {dagbag.py:540} INFO - Filling up the DagBag from /home/airflow/.local/lib/python3.8/site-packages/airflow/example_dags/tutorial_dag.py
[2024-04-24T05:36:14.136+0000] {processor.py:840} INFO - DAG(s) 'tutorial_dag' retrieved from /home/airflow/.local/lib/python3.8/site-packages/airflow/example_dags/tutorial_dag.py
[2024-04-24T05:36:14.147+0000] {logging_mixin.py:188} INFO - [2024-04-24T05:36:14.147+0000] {dag.py:3047} INFO - Sync 1 DAGs
[2024-04-24T05:36:14.154+0000] {logging_mixin.py:188} INFO - [2024-04-24T05:36:14.153+0000] {dag.py:3834} INFO - Setting next_dagrun for tutorial_dag to None, run_after=None
[2024-04-24T05:36:14.163+0000] {processor.py:183} INFO - Processing /home/airflow/.local/lib/python3.8/site-packages/airflow/example_dags/tutorial_dag.py took 0.033 seconds
[2024-04-24T05:36:44.583+0000] {processor.py:161} INFO - Started process (PID=2957) to work on /home/airflow/.local/lib/python3.8/site-packages/airflow/example_dags/tutorial_dag.py
[2024-04-24T05:36:44.583+0000] {processor.py:830} INFO - Processing file /home/airflow/.local/lib/python3.8/site-packages/airflow/example_dags/tutorial_dag.py for tasks to queue
[2024-04-24T05:36:44.584+0000] {logging_mixin.py:188} INFO - [2024-04-24T05:36:44.584+0000] {dagbag.py:540} INFO - Filling up the DagBag from /home/airflow/.local/lib/python3.8/site-packages/airflow/example_dags/tutorial_dag.py
[2024-04-24T05:36:44.587+0000] {processor.py:840} INFO - DAG(s) 'tutorial_dag' retrieved from /home/airflow/.local/lib/python3.8/site-packages/airflow/example_dags/tutorial_dag.py
[2024-04-24T05:36:44.598+0000] {logging_mixin.py:188} INFO - [2024-04-24T05:36:44.597+0000] {dag.py:3047} INFO - Sync 1 DAGs
[2024-04-24T05:36:44.604+0000] {logging_mixin.py:188} INFO - [2024-04-24T05:36:44.604+0000] {dag.py:3834} INFO - Setting next_dagrun for tutorial_dag to None, run_after=None
[2024-04-24T05:36:44.613+0000] {processor.py:183} INFO - Processing /home/airflow/.local/lib/python3.8/site-packages/airflow/example_dags/tutorial_dag.py took 0.032 seconds
[2024-04-24T05:37:15.163+0000] {processor.py:161} INFO - Started process (PID=3012) to work on /home/airflow/.local/lib/python3.8/site-packages/airflow/example_dags/tutorial_dag.py
[2024-04-24T05:37:15.163+0000] {processor.py:830} INFO - Processing file /home/airflow/.local/lib/python3.8/site-packages/airflow/example_dags/tutorial_dag.py for tasks to queue
[2024-04-24T05:37:15.164+0000] {logging_mixin.py:188} INFO - [2024-04-24T05:37:15.164+0000] {dagbag.py:540} INFO - Filling up the DagBag from /home/airflow/.local/lib/python3.8/site-packages/airflow/example_dags/tutorial_dag.py
[2024-04-24T05:37:15.167+0000] {processor.py:840} INFO - DAG(s) 'tutorial_dag' retrieved from /home/airflow/.local/lib/python3.8/site-packages/airflow/example_dags/tutorial_dag.py
[2024-04-24T05:37:15.178+0000] {logging_mixin.py:188} INFO - [2024-04-24T05:37:15.178+0000] {dag.py:3047} INFO - Sync 1 DAGs
[2024-04-24T05:37:15.185+0000] {logging_mixin.py:188} INFO - [2024-04-24T05:37:15.185+0000] {dag.py:3834} INFO - Setting next_dagrun for tutorial_dag to None, run_after=None
[2024-04-24T05:37:15.195+0000] {processor.py:183} INFO - Processing /home/airflow/.local/lib/python3.8/site-packages/airflow/example_dags/tutorial_dag.py took 0.034 seconds
[2024-04-24T05:37:45.808+0000] {processor.py:161} INFO - Started process (PID=3067) to work on /home/airflow/.local/lib/python3.8/site-packages/airflow/example_dags/tutorial_dag.py
[2024-04-24T05:37:45.808+0000] {processor.py:830} INFO - Processing file /home/airflow/.local/lib/python3.8/site-packages/airflow/example_dags/tutorial_dag.py for tasks to queue
[2024-04-24T05:37:45.809+0000] {logging_mixin.py:188} INFO - [2024-04-24T05:37:45.808+0000] {dagbag.py:540} INFO - Filling up the DagBag from /home/airflow/.local/lib/python3.8/site-packages/airflow/example_dags/tutorial_dag.py
[2024-04-24T05:37:45.811+0000] {processor.py:840} INFO - DAG(s) 'tutorial_dag' retrieved from /home/airflow/.local/lib/python3.8/site-packages/airflow/example_dags/tutorial_dag.py
[2024-04-24T05:37:45.822+0000] {logging_mixin.py:188} INFO - [2024-04-24T05:37:45.822+0000] {dag.py:3047} INFO - Sync 1 DAGs
[2024-04-24T05:37:45.829+0000] {logging_mixin.py:188} INFO - [2024-04-24T05:37:45.828+0000] {dag.py:3834} INFO - Setting next_dagrun for tutorial_dag to None, run_after=None
[2024-04-24T05:37:45.838+0000] {processor.py:183} INFO - Processing /home/airflow/.local/lib/python3.8/site-packages/airflow/example_dags/tutorial_dag.py took 0.032 seconds
[2024-04-24T05:38:16.288+0000] {processor.py:161} INFO - Started process (PID=3122) to work on /home/airflow/.local/lib/python3.8/site-packages/airflow/example_dags/tutorial_dag.py
[2024-04-24T05:38:16.288+0000] {processor.py:830} INFO - Processing file /home/airflow/.local/lib/python3.8/site-packages/airflow/example_dags/tutorial_dag.py for tasks to queue
[2024-04-24T05:38:16.289+0000] {logging_mixin.py:188} INFO - [2024-04-24T05:38:16.289+0000] {dagbag.py:540} INFO - Filling up the DagBag from /home/airflow/.local/lib/python3.8/site-packages/airflow/example_dags/tutorial_dag.py
[2024-04-24T05:38:16.292+0000] {processor.py:840} INFO - DAG(s) 'tutorial_dag' retrieved from /home/airflow/.local/lib/python3.8/site-packages/airflow/example_dags/tutorial_dag.py
[2024-04-24T05:38:16.303+0000] {logging_mixin.py:188} INFO - [2024-04-24T05:38:16.302+0000] {dag.py:3047} INFO - Sync 1 DAGs
[2024-04-24T05:38:16.309+0000] {logging_mixin.py:188} INFO - [2024-04-24T05:38:16.309+0000] {dag.py:3834} INFO - Setting next_dagrun for tutorial_dag to None, run_after=None
[2024-04-24T05:38:16.318+0000] {processor.py:183} INFO - Processing /home/airflow/.local/lib/python3.8/site-packages/airflow/example_dags/tutorial_dag.py took 0.033 seconds
[2024-04-24T05:40:51.100+0000] {processor.py:161} INFO - Started process (PID=70) to work on /home/airflow/.local/lib/python3.8/site-packages/airflow/example_dags/tutorial_dag.py
[2024-04-24T05:40:51.100+0000] {processor.py:830} INFO - Processing file /home/airflow/.local/lib/python3.8/site-packages/airflow/example_dags/tutorial_dag.py for tasks to queue
[2024-04-24T05:40:51.101+0000] {logging_mixin.py:188} INFO - [2024-04-24T05:40:51.101+0000] {dagbag.py:540} INFO - Filling up the DagBag from /home/airflow/.local/lib/python3.8/site-packages/airflow/example_dags/tutorial_dag.py
[2024-04-24T05:40:51.106+0000] {processor.py:840} INFO - DAG(s) 'tutorial_dag' retrieved from /home/airflow/.local/lib/python3.8/site-packages/airflow/example_dags/tutorial_dag.py
[2024-04-24T05:40:51.113+0000] {logging_mixin.py:188} INFO - [2024-04-24T05:40:51.113+0000] {dag.py:3047} INFO - Sync 1 DAGs
[2024-04-24T05:40:51.120+0000] {logging_mixin.py:188} INFO - [2024-04-24T05:40:51.120+0000] {dag.py:3834} INFO - Setting next_dagrun for tutorial_dag to None, run_after=None
[2024-04-24T05:40:51.131+0000] {processor.py:183} INFO - Processing /home/airflow/.local/lib/python3.8/site-packages/airflow/example_dags/tutorial_dag.py took 0.033 seconds
[2024-04-24T05:41:21.963+0000] {processor.py:161} INFO - Started process (PID=125) to work on /home/airflow/.local/lib/python3.8/site-packages/airflow/example_dags/tutorial_dag.py
[2024-04-24T05:41:21.963+0000] {processor.py:830} INFO - Processing file /home/airflow/.local/lib/python3.8/site-packages/airflow/example_dags/tutorial_dag.py for tasks to queue
[2024-04-24T05:41:21.964+0000] {logging_mixin.py:188} INFO - [2024-04-24T05:41:21.964+0000] {dagbag.py:540} INFO - Filling up the DagBag from /home/airflow/.local/lib/python3.8/site-packages/airflow/example_dags/tutorial_dag.py
[2024-04-24T05:41:21.967+0000] {processor.py:840} INFO - DAG(s) 'tutorial_dag' retrieved from /home/airflow/.local/lib/python3.8/site-packages/airflow/example_dags/tutorial_dag.py
[2024-04-24T05:41:22.019+0000] {logging_mixin.py:188} INFO - [2024-04-24T05:41:22.019+0000] {dag.py:3047} INFO - Sync 1 DAGs
[2024-04-24T05:41:22.024+0000] {logging_mixin.py:188} INFO - [2024-04-24T05:41:22.024+0000] {dag.py:3834} INFO - Setting next_dagrun for tutorial_dag to None, run_after=None
[2024-04-24T05:41:22.034+0000] {processor.py:183} INFO - Processing /home/airflow/.local/lib/python3.8/site-packages/airflow/example_dags/tutorial_dag.py took 0.073 seconds
