[2024-04-24T05:11:15.694+0000] {processor.py:161} INFO - Started process (PID=77) to work on /home/airflow/.local/lib/python3.8/site-packages/airflow/example_dags/tutorial_taskflow_api.py
[2024-04-24T05:11:15.695+0000] {processor.py:830} INFO - Processing file /home/airflow/.local/lib/python3.8/site-packages/airflow/example_dags/tutorial_taskflow_api.py for tasks to queue
[2024-04-24T05:11:15.696+0000] {logging_mixin.py:188} INFO - [2024-04-24T05:11:15.696+0000] {dagbag.py:540} INFO - Filling up the DagBag from /home/airflow/.local/lib/python3.8/site-packages/airflow/example_dags/tutorial_taskflow_api.py
[2024-04-24T05:11:15.702+0000] {processor.py:840} INFO - DAG(s) 'tutorial_taskflow_api' retrieved from /home/airflow/.local/lib/python3.8/site-packages/airflow/example_dags/tutorial_taskflow_api.py
[2024-04-24T05:11:15.716+0000] {logging_mixin.py:188} INFO - [2024-04-24T05:11:15.716+0000] {dag.py:3047} INFO - Sync 1 DAGs
[2024-04-24T05:11:15.724+0000] {logging_mixin.py:188} INFO - [2024-04-24T05:11:15.724+0000] {dag.py:3834} INFO - Setting next_dagrun for tutorial_taskflow_api to None, run_after=None
[2024-04-24T05:11:15.735+0000] {processor.py:183} INFO - Processing /home/airflow/.local/lib/python3.8/site-packages/airflow/example_dags/tutorial_taskflow_api.py took 0.043 seconds
[2024-04-24T05:11:46.460+0000] {processor.py:161} INFO - Started process (PID=135) to work on /home/airflow/.local/lib/python3.8/site-packages/airflow/example_dags/tutorial_taskflow_api.py
[2024-04-24T05:11:46.461+0000] {processor.py:830} INFO - Processing file /home/airflow/.local/lib/python3.8/site-packages/airflow/example_dags/tutorial_taskflow_api.py for tasks to queue
[2024-04-24T05:11:46.462+0000] {logging_mixin.py:188} INFO - [2024-04-24T05:11:46.461+0000] {dagbag.py:540} INFO - Filling up the DagBag from /home/airflow/.local/lib/python3.8/site-packages/airflow/example_dags/tutorial_taskflow_api.py
[2024-04-24T05:11:46.465+0000] {processor.py:840} INFO - DAG(s) 'tutorial_taskflow_api' retrieved from /home/airflow/.local/lib/python3.8/site-packages/airflow/example_dags/tutorial_taskflow_api.py
[2024-04-24T05:11:46.475+0000] {logging_mixin.py:188} INFO - [2024-04-24T05:11:46.475+0000] {dag.py:3047} INFO - Sync 1 DAGs
[2024-04-24T05:11:46.481+0000] {logging_mixin.py:188} INFO - [2024-04-24T05:11:46.481+0000] {dag.py:3834} INFO - Setting next_dagrun for tutorial_taskflow_api to None, run_after=None
[2024-04-24T05:11:46.491+0000] {processor.py:183} INFO - Processing /home/airflow/.local/lib/python3.8/site-packages/airflow/example_dags/tutorial_taskflow_api.py took 0.033 seconds
[2024-04-24T05:12:17.064+0000] {processor.py:161} INFO - Started process (PID=193) to work on /home/airflow/.local/lib/python3.8/site-packages/airflow/example_dags/tutorial_taskflow_api.py
[2024-04-24T05:12:17.064+0000] {processor.py:830} INFO - Processing file /home/airflow/.local/lib/python3.8/site-packages/airflow/example_dags/tutorial_taskflow_api.py for tasks to queue
[2024-04-24T05:12:17.065+0000] {logging_mixin.py:188} INFO - [2024-04-24T05:12:17.065+0000] {dagbag.py:540} INFO - Filling up the DagBag from /home/airflow/.local/lib/python3.8/site-packages/airflow/example_dags/tutorial_taskflow_api.py
[2024-04-24T05:12:17.069+0000] {processor.py:840} INFO - DAG(s) 'tutorial_taskflow_api' retrieved from /home/airflow/.local/lib/python3.8/site-packages/airflow/example_dags/tutorial_taskflow_api.py
[2024-04-24T05:12:17.079+0000] {logging_mixin.py:188} INFO - [2024-04-24T05:12:17.079+0000] {dag.py:3047} INFO - Sync 1 DAGs
[2024-04-24T05:12:17.085+0000] {logging_mixin.py:188} INFO - [2024-04-24T05:12:17.085+0000] {dag.py:3834} INFO - Setting next_dagrun for tutorial_taskflow_api to None, run_after=None
[2024-04-24T05:12:17.096+0000] {processor.py:183} INFO - Processing /home/airflow/.local/lib/python3.8/site-packages/airflow/example_dags/tutorial_taskflow_api.py took 0.034 seconds
[2024-04-24T05:12:47.755+0000] {processor.py:161} INFO - Started process (PID=251) to work on /home/airflow/.local/lib/python3.8/site-packages/airflow/example_dags/tutorial_taskflow_api.py
[2024-04-24T05:12:47.756+0000] {processor.py:830} INFO - Processing file /home/airflow/.local/lib/python3.8/site-packages/airflow/example_dags/tutorial_taskflow_api.py for tasks to queue
[2024-04-24T05:12:47.757+0000] {logging_mixin.py:188} INFO - [2024-04-24T05:12:47.756+0000] {dagbag.py:540} INFO - Filling up the DagBag from /home/airflow/.local/lib/python3.8/site-packages/airflow/example_dags/tutorial_taskflow_api.py
[2024-04-24T05:12:47.760+0000] {processor.py:840} INFO - DAG(s) 'tutorial_taskflow_api' retrieved from /home/airflow/.local/lib/python3.8/site-packages/airflow/example_dags/tutorial_taskflow_api.py
[2024-04-24T05:12:47.771+0000] {logging_mixin.py:188} INFO - [2024-04-24T05:12:47.771+0000] {dag.py:3047} INFO - Sync 1 DAGs
[2024-04-24T05:12:47.777+0000] {logging_mixin.py:188} INFO - [2024-04-24T05:12:47.777+0000] {dag.py:3834} INFO - Setting next_dagrun for tutorial_taskflow_api to None, run_after=None
[2024-04-24T05:12:47.789+0000] {processor.py:183} INFO - Processing /home/airflow/.local/lib/python3.8/site-packages/airflow/example_dags/tutorial_taskflow_api.py took 0.036 seconds
[2024-04-24T05:13:18.376+0000] {processor.py:161} INFO - Started process (PID=309) to work on /home/airflow/.local/lib/python3.8/site-packages/airflow/example_dags/tutorial_taskflow_api.py
[2024-04-24T05:13:18.377+0000] {processor.py:830} INFO - Processing file /home/airflow/.local/lib/python3.8/site-packages/airflow/example_dags/tutorial_taskflow_api.py for tasks to queue
[2024-04-24T05:13:18.378+0000] {logging_mixin.py:188} INFO - [2024-04-24T05:13:18.378+0000] {dagbag.py:540} INFO - Filling up the DagBag from /home/airflow/.local/lib/python3.8/site-packages/airflow/example_dags/tutorial_taskflow_api.py
[2024-04-24T05:13:18.381+0000] {processor.py:840} INFO - DAG(s) 'tutorial_taskflow_api' retrieved from /home/airflow/.local/lib/python3.8/site-packages/airflow/example_dags/tutorial_taskflow_api.py
[2024-04-24T05:13:18.393+0000] {logging_mixin.py:188} INFO - [2024-04-24T05:13:18.393+0000] {dag.py:3047} INFO - Sync 1 DAGs
[2024-04-24T05:13:18.401+0000] {logging_mixin.py:188} INFO - [2024-04-24T05:13:18.401+0000] {dag.py:3834} INFO - Setting next_dagrun for tutorial_taskflow_api to None, run_after=None
[2024-04-24T05:13:18.411+0000] {processor.py:183} INFO - Processing /home/airflow/.local/lib/python3.8/site-packages/airflow/example_dags/tutorial_taskflow_api.py took 0.037 seconds
[2024-04-24T05:13:49.125+0000] {processor.py:161} INFO - Started process (PID=367) to work on /home/airflow/.local/lib/python3.8/site-packages/airflow/example_dags/tutorial_taskflow_api.py
[2024-04-24T05:13:49.126+0000] {processor.py:830} INFO - Processing file /home/airflow/.local/lib/python3.8/site-packages/airflow/example_dags/tutorial_taskflow_api.py for tasks to queue
[2024-04-24T05:13:49.127+0000] {logging_mixin.py:188} INFO - [2024-04-24T05:13:49.127+0000] {dagbag.py:540} INFO - Filling up the DagBag from /home/airflow/.local/lib/python3.8/site-packages/airflow/example_dags/tutorial_taskflow_api.py
[2024-04-24T05:13:49.131+0000] {processor.py:840} INFO - DAG(s) 'tutorial_taskflow_api' retrieved from /home/airflow/.local/lib/python3.8/site-packages/airflow/example_dags/tutorial_taskflow_api.py
[2024-04-24T05:13:49.141+0000] {logging_mixin.py:188} INFO - [2024-04-24T05:13:49.141+0000] {dag.py:3047} INFO - Sync 1 DAGs
[2024-04-24T05:13:49.148+0000] {logging_mixin.py:188} INFO - [2024-04-24T05:13:49.148+0000] {dag.py:3834} INFO - Setting next_dagrun for tutorial_taskflow_api to None, run_after=None
[2024-04-24T05:13:49.158+0000] {processor.py:183} INFO - Processing /home/airflow/.local/lib/python3.8/site-packages/airflow/example_dags/tutorial_taskflow_api.py took 0.034 seconds
[2024-04-24T05:14:19.812+0000] {processor.py:161} INFO - Started process (PID=425) to work on /home/airflow/.local/lib/python3.8/site-packages/airflow/example_dags/tutorial_taskflow_api.py
[2024-04-24T05:14:19.812+0000] {processor.py:830} INFO - Processing file /home/airflow/.local/lib/python3.8/site-packages/airflow/example_dags/tutorial_taskflow_api.py for tasks to queue
[2024-04-24T05:14:19.813+0000] {logging_mixin.py:188} INFO - [2024-04-24T05:14:19.813+0000] {dagbag.py:540} INFO - Filling up the DagBag from /home/airflow/.local/lib/python3.8/site-packages/airflow/example_dags/tutorial_taskflow_api.py
[2024-04-24T05:14:19.817+0000] {processor.py:840} INFO - DAG(s) 'tutorial_taskflow_api' retrieved from /home/airflow/.local/lib/python3.8/site-packages/airflow/example_dags/tutorial_taskflow_api.py
[2024-04-24T05:14:19.828+0000] {logging_mixin.py:188} INFO - [2024-04-24T05:14:19.828+0000] {dag.py:3047} INFO - Sync 1 DAGs
[2024-04-24T05:14:19.836+0000] {logging_mixin.py:188} INFO - [2024-04-24T05:14:19.836+0000] {dag.py:3834} INFO - Setting next_dagrun for tutorial_taskflow_api to None, run_after=None
[2024-04-24T05:14:19.847+0000] {processor.py:183} INFO - Processing /home/airflow/.local/lib/python3.8/site-packages/airflow/example_dags/tutorial_taskflow_api.py took 0.037 seconds
[2024-04-24T05:14:50.501+0000] {processor.py:161} INFO - Started process (PID=483) to work on /home/airflow/.local/lib/python3.8/site-packages/airflow/example_dags/tutorial_taskflow_api.py
[2024-04-24T05:14:50.502+0000] {processor.py:830} INFO - Processing file /home/airflow/.local/lib/python3.8/site-packages/airflow/example_dags/tutorial_taskflow_api.py for tasks to queue
[2024-04-24T05:14:50.503+0000] {logging_mixin.py:188} INFO - [2024-04-24T05:14:50.503+0000] {dagbag.py:540} INFO - Filling up the DagBag from /home/airflow/.local/lib/python3.8/site-packages/airflow/example_dags/tutorial_taskflow_api.py
[2024-04-24T05:14:50.506+0000] {processor.py:840} INFO - DAG(s) 'tutorial_taskflow_api' retrieved from /home/airflow/.local/lib/python3.8/site-packages/airflow/example_dags/tutorial_taskflow_api.py
[2024-04-24T05:14:50.516+0000] {logging_mixin.py:188} INFO - [2024-04-24T05:14:50.516+0000] {dag.py:3047} INFO - Sync 1 DAGs
[2024-04-24T05:14:50.522+0000] {logging_mixin.py:188} INFO - [2024-04-24T05:14:50.522+0000] {dag.py:3834} INFO - Setting next_dagrun for tutorial_taskflow_api to None, run_after=None
[2024-04-24T05:14:50.532+0000] {processor.py:183} INFO - Processing /home/airflow/.local/lib/python3.8/site-packages/airflow/example_dags/tutorial_taskflow_api.py took 0.033 seconds
[2024-04-24T05:15:21.017+0000] {processor.py:161} INFO - Started process (PID=542) to work on /home/airflow/.local/lib/python3.8/site-packages/airflow/example_dags/tutorial_taskflow_api.py
[2024-04-24T05:15:21.017+0000] {processor.py:830} INFO - Processing file /home/airflow/.local/lib/python3.8/site-packages/airflow/example_dags/tutorial_taskflow_api.py for tasks to queue
[2024-04-24T05:15:21.018+0000] {logging_mixin.py:188} INFO - [2024-04-24T05:15:21.018+0000] {dagbag.py:540} INFO - Filling up the DagBag from /home/airflow/.local/lib/python3.8/site-packages/airflow/example_dags/tutorial_taskflow_api.py
[2024-04-24T05:15:21.022+0000] {processor.py:840} INFO - DAG(s) 'tutorial_taskflow_api' retrieved from /home/airflow/.local/lib/python3.8/site-packages/airflow/example_dags/tutorial_taskflow_api.py
[2024-04-24T05:15:21.032+0000] {logging_mixin.py:188} INFO - [2024-04-24T05:15:21.032+0000] {dag.py:3047} INFO - Sync 1 DAGs
[2024-04-24T05:15:21.039+0000] {logging_mixin.py:188} INFO - [2024-04-24T05:15:21.039+0000] {dag.py:3834} INFO - Setting next_dagrun for tutorial_taskflow_api to None, run_after=None
[2024-04-24T05:15:21.049+0000] {processor.py:183} INFO - Processing /home/airflow/.local/lib/python3.8/site-packages/airflow/example_dags/tutorial_taskflow_api.py took 0.034 seconds
[2024-04-24T05:15:51.503+0000] {processor.py:161} INFO - Started process (PID=600) to work on /home/airflow/.local/lib/python3.8/site-packages/airflow/example_dags/tutorial_taskflow_api.py
[2024-04-24T05:15:51.503+0000] {processor.py:830} INFO - Processing file /home/airflow/.local/lib/python3.8/site-packages/airflow/example_dags/tutorial_taskflow_api.py for tasks to queue
[2024-04-24T05:15:51.505+0000] {logging_mixin.py:188} INFO - [2024-04-24T05:15:51.504+0000] {dagbag.py:540} INFO - Filling up the DagBag from /home/airflow/.local/lib/python3.8/site-packages/airflow/example_dags/tutorial_taskflow_api.py
[2024-04-24T05:15:51.508+0000] {processor.py:840} INFO - DAG(s) 'tutorial_taskflow_api' retrieved from /home/airflow/.local/lib/python3.8/site-packages/airflow/example_dags/tutorial_taskflow_api.py
[2024-04-24T05:15:51.518+0000] {logging_mixin.py:188} INFO - [2024-04-24T05:15:51.518+0000] {dag.py:3047} INFO - Sync 1 DAGs
[2024-04-24T05:15:51.525+0000] {logging_mixin.py:188} INFO - [2024-04-24T05:15:51.525+0000] {dag.py:3834} INFO - Setting next_dagrun for tutorial_taskflow_api to None, run_after=None
[2024-04-24T05:15:51.538+0000] {processor.py:183} INFO - Processing /home/airflow/.local/lib/python3.8/site-packages/airflow/example_dags/tutorial_taskflow_api.py took 0.037 seconds
[2024-04-24T05:16:22.024+0000] {processor.py:161} INFO - Started process (PID=658) to work on /home/airflow/.local/lib/python3.8/site-packages/airflow/example_dags/tutorial_taskflow_api.py
[2024-04-24T05:16:22.025+0000] {processor.py:830} INFO - Processing file /home/airflow/.local/lib/python3.8/site-packages/airflow/example_dags/tutorial_taskflow_api.py for tasks to queue
[2024-04-24T05:16:22.026+0000] {logging_mixin.py:188} INFO - [2024-04-24T05:16:22.025+0000] {dagbag.py:540} INFO - Filling up the DagBag from /home/airflow/.local/lib/python3.8/site-packages/airflow/example_dags/tutorial_taskflow_api.py
[2024-04-24T05:16:22.029+0000] {processor.py:840} INFO - DAG(s) 'tutorial_taskflow_api' retrieved from /home/airflow/.local/lib/python3.8/site-packages/airflow/example_dags/tutorial_taskflow_api.py
[2024-04-24T05:16:22.040+0000] {logging_mixin.py:188} INFO - [2024-04-24T05:16:22.040+0000] {dag.py:3047} INFO - Sync 1 DAGs
[2024-04-24T05:16:22.046+0000] {logging_mixin.py:188} INFO - [2024-04-24T05:16:22.046+0000] {dag.py:3834} INFO - Setting next_dagrun for tutorial_taskflow_api to None, run_after=None
[2024-04-24T05:16:22.056+0000] {processor.py:183} INFO - Processing /home/airflow/.local/lib/python3.8/site-packages/airflow/example_dags/tutorial_taskflow_api.py took 0.034 seconds
[2024-04-24T05:16:52.572+0000] {processor.py:161} INFO - Started process (PID=716) to work on /home/airflow/.local/lib/python3.8/site-packages/airflow/example_dags/tutorial_taskflow_api.py
[2024-04-24T05:16:52.572+0000] {processor.py:830} INFO - Processing file /home/airflow/.local/lib/python3.8/site-packages/airflow/example_dags/tutorial_taskflow_api.py for tasks to queue
[2024-04-24T05:16:52.573+0000] {logging_mixin.py:188} INFO - [2024-04-24T05:16:52.573+0000] {dagbag.py:540} INFO - Filling up the DagBag from /home/airflow/.local/lib/python3.8/site-packages/airflow/example_dags/tutorial_taskflow_api.py
[2024-04-24T05:16:52.577+0000] {processor.py:840} INFO - DAG(s) 'tutorial_taskflow_api' retrieved from /home/airflow/.local/lib/python3.8/site-packages/airflow/example_dags/tutorial_taskflow_api.py
[2024-04-24T05:16:52.588+0000] {logging_mixin.py:188} INFO - [2024-04-24T05:16:52.588+0000] {dag.py:3047} INFO - Sync 1 DAGs
[2024-04-24T05:16:52.594+0000] {logging_mixin.py:188} INFO - [2024-04-24T05:16:52.594+0000] {dag.py:3834} INFO - Setting next_dagrun for tutorial_taskflow_api to None, run_after=None
[2024-04-24T05:16:52.604+0000] {processor.py:183} INFO - Processing /home/airflow/.local/lib/python3.8/site-packages/airflow/example_dags/tutorial_taskflow_api.py took 0.035 seconds
[2024-04-24T05:17:23.079+0000] {processor.py:161} INFO - Started process (PID=774) to work on /home/airflow/.local/lib/python3.8/site-packages/airflow/example_dags/tutorial_taskflow_api.py
[2024-04-24T05:17:23.080+0000] {processor.py:830} INFO - Processing file /home/airflow/.local/lib/python3.8/site-packages/airflow/example_dags/tutorial_taskflow_api.py for tasks to queue
[2024-04-24T05:17:23.081+0000] {logging_mixin.py:188} INFO - [2024-04-24T05:17:23.080+0000] {dagbag.py:540} INFO - Filling up the DagBag from /home/airflow/.local/lib/python3.8/site-packages/airflow/example_dags/tutorial_taskflow_api.py
[2024-04-24T05:17:23.084+0000] {processor.py:840} INFO - DAG(s) 'tutorial_taskflow_api' retrieved from /home/airflow/.local/lib/python3.8/site-packages/airflow/example_dags/tutorial_taskflow_api.py
[2024-04-24T05:17:23.096+0000] {logging_mixin.py:188} INFO - [2024-04-24T05:17:23.095+0000] {dag.py:3047} INFO - Sync 1 DAGs
[2024-04-24T05:17:23.103+0000] {logging_mixin.py:188} INFO - [2024-04-24T05:17:23.102+0000] {dag.py:3834} INFO - Setting next_dagrun for tutorial_taskflow_api to None, run_after=None
[2024-04-24T05:17:23.113+0000] {processor.py:183} INFO - Processing /home/airflow/.local/lib/python3.8/site-packages/airflow/example_dags/tutorial_taskflow_api.py took 0.036 seconds
[2024-04-24T05:17:53.707+0000] {processor.py:161} INFO - Started process (PID=832) to work on /home/airflow/.local/lib/python3.8/site-packages/airflow/example_dags/tutorial_taskflow_api.py
[2024-04-24T05:17:53.707+0000] {processor.py:830} INFO - Processing file /home/airflow/.local/lib/python3.8/site-packages/airflow/example_dags/tutorial_taskflow_api.py for tasks to queue
[2024-04-24T05:17:53.708+0000] {logging_mixin.py:188} INFO - [2024-04-24T05:17:53.708+0000] {dagbag.py:540} INFO - Filling up the DagBag from /home/airflow/.local/lib/python3.8/site-packages/airflow/example_dags/tutorial_taskflow_api.py
[2024-04-24T05:17:53.712+0000] {processor.py:840} INFO - DAG(s) 'tutorial_taskflow_api' retrieved from /home/airflow/.local/lib/python3.8/site-packages/airflow/example_dags/tutorial_taskflow_api.py
[2024-04-24T05:17:53.723+0000] {logging_mixin.py:188} INFO - [2024-04-24T05:17:53.723+0000] {dag.py:3047} INFO - Sync 1 DAGs
[2024-04-24T05:17:53.731+0000] {logging_mixin.py:188} INFO - [2024-04-24T05:17:53.731+0000] {dag.py:3834} INFO - Setting next_dagrun for tutorial_taskflow_api to None, run_after=None
[2024-04-24T05:17:53.741+0000] {processor.py:183} INFO - Processing /home/airflow/.local/lib/python3.8/site-packages/airflow/example_dags/tutorial_taskflow_api.py took 0.037 seconds
[2024-04-24T05:18:24.449+0000] {processor.py:161} INFO - Started process (PID=890) to work on /home/airflow/.local/lib/python3.8/site-packages/airflow/example_dags/tutorial_taskflow_api.py
[2024-04-24T05:18:24.449+0000] {processor.py:830} INFO - Processing file /home/airflow/.local/lib/python3.8/site-packages/airflow/example_dags/tutorial_taskflow_api.py for tasks to queue
[2024-04-24T05:18:24.450+0000] {logging_mixin.py:188} INFO - [2024-04-24T05:18:24.450+0000] {dagbag.py:540} INFO - Filling up the DagBag from /home/airflow/.local/lib/python3.8/site-packages/airflow/example_dags/tutorial_taskflow_api.py
[2024-04-24T05:18:24.454+0000] {processor.py:840} INFO - DAG(s) 'tutorial_taskflow_api' retrieved from /home/airflow/.local/lib/python3.8/site-packages/airflow/example_dags/tutorial_taskflow_api.py
[2024-04-24T05:18:24.464+0000] {logging_mixin.py:188} INFO - [2024-04-24T05:18:24.464+0000] {dag.py:3047} INFO - Sync 1 DAGs
[2024-04-24T05:18:24.470+0000] {logging_mixin.py:188} INFO - [2024-04-24T05:18:24.470+0000] {dag.py:3834} INFO - Setting next_dagrun for tutorial_taskflow_api to None, run_after=None
[2024-04-24T05:18:24.480+0000] {processor.py:183} INFO - Processing /home/airflow/.local/lib/python3.8/site-packages/airflow/example_dags/tutorial_taskflow_api.py took 0.034 seconds
[2024-04-24T05:18:54.992+0000] {processor.py:161} INFO - Started process (PID=948) to work on /home/airflow/.local/lib/python3.8/site-packages/airflow/example_dags/tutorial_taskflow_api.py
[2024-04-24T05:18:54.993+0000] {processor.py:830} INFO - Processing file /home/airflow/.local/lib/python3.8/site-packages/airflow/example_dags/tutorial_taskflow_api.py for tasks to queue
[2024-04-24T05:18:54.994+0000] {logging_mixin.py:188} INFO - [2024-04-24T05:18:54.994+0000] {dagbag.py:540} INFO - Filling up the DagBag from /home/airflow/.local/lib/python3.8/site-packages/airflow/example_dags/tutorial_taskflow_api.py
[2024-04-24T05:18:54.997+0000] {processor.py:840} INFO - DAG(s) 'tutorial_taskflow_api' retrieved from /home/airflow/.local/lib/python3.8/site-packages/airflow/example_dags/tutorial_taskflow_api.py
[2024-04-24T05:18:55.007+0000] {logging_mixin.py:188} INFO - [2024-04-24T05:18:55.007+0000] {dag.py:3047} INFO - Sync 1 DAGs
[2024-04-24T05:18:55.014+0000] {logging_mixin.py:188} INFO - [2024-04-24T05:18:55.014+0000] {dag.py:3834} INFO - Setting next_dagrun for tutorial_taskflow_api to None, run_after=None
[2024-04-24T05:18:55.024+0000] {processor.py:183} INFO - Processing /home/airflow/.local/lib/python3.8/site-packages/airflow/example_dags/tutorial_taskflow_api.py took 0.033 seconds
[2024-04-24T05:19:25.599+0000] {processor.py:161} INFO - Started process (PID=1006) to work on /home/airflow/.local/lib/python3.8/site-packages/airflow/example_dags/tutorial_taskflow_api.py
[2024-04-24T05:19:25.600+0000] {processor.py:830} INFO - Processing file /home/airflow/.local/lib/python3.8/site-packages/airflow/example_dags/tutorial_taskflow_api.py for tasks to queue
[2024-04-24T05:19:25.601+0000] {logging_mixin.py:188} INFO - [2024-04-24T05:19:25.601+0000] {dagbag.py:540} INFO - Filling up the DagBag from /home/airflow/.local/lib/python3.8/site-packages/airflow/example_dags/tutorial_taskflow_api.py
[2024-04-24T05:19:25.605+0000] {processor.py:840} INFO - DAG(s) 'tutorial_taskflow_api' retrieved from /home/airflow/.local/lib/python3.8/site-packages/airflow/example_dags/tutorial_taskflow_api.py
[2024-04-24T05:19:25.614+0000] {logging_mixin.py:188} INFO - [2024-04-24T05:19:25.614+0000] {dag.py:3047} INFO - Sync 1 DAGs
[2024-04-24T05:19:25.621+0000] {logging_mixin.py:188} INFO - [2024-04-24T05:19:25.621+0000] {dag.py:3834} INFO - Setting next_dagrun for tutorial_taskflow_api to None, run_after=None
[2024-04-24T05:19:25.630+0000] {processor.py:183} INFO - Processing /home/airflow/.local/lib/python3.8/site-packages/airflow/example_dags/tutorial_taskflow_api.py took 0.032 seconds
[2024-04-24T05:19:56.119+0000] {processor.py:161} INFO - Started process (PID=1064) to work on /home/airflow/.local/lib/python3.8/site-packages/airflow/example_dags/tutorial_taskflow_api.py
[2024-04-24T05:19:56.120+0000] {processor.py:830} INFO - Processing file /home/airflow/.local/lib/python3.8/site-packages/airflow/example_dags/tutorial_taskflow_api.py for tasks to queue
[2024-04-24T05:19:56.121+0000] {logging_mixin.py:188} INFO - [2024-04-24T05:19:56.121+0000] {dagbag.py:540} INFO - Filling up the DagBag from /home/airflow/.local/lib/python3.8/site-packages/airflow/example_dags/tutorial_taskflow_api.py
[2024-04-24T05:19:56.124+0000] {processor.py:840} INFO - DAG(s) 'tutorial_taskflow_api' retrieved from /home/airflow/.local/lib/python3.8/site-packages/airflow/example_dags/tutorial_taskflow_api.py
[2024-04-24T05:19:56.135+0000] {logging_mixin.py:188} INFO - [2024-04-24T05:19:56.135+0000] {dag.py:3047} INFO - Sync 1 DAGs
[2024-04-24T05:19:56.141+0000] {logging_mixin.py:188} INFO - [2024-04-24T05:19:56.141+0000] {dag.py:3834} INFO - Setting next_dagrun for tutorial_taskflow_api to None, run_after=None
[2024-04-24T05:19:56.151+0000] {processor.py:183} INFO - Processing /home/airflow/.local/lib/python3.8/site-packages/airflow/example_dags/tutorial_taskflow_api.py took 0.034 seconds
[2024-04-24T05:20:26.660+0000] {processor.py:161} INFO - Started process (PID=1122) to work on /home/airflow/.local/lib/python3.8/site-packages/airflow/example_dags/tutorial_taskflow_api.py
[2024-04-24T05:20:26.661+0000] {processor.py:830} INFO - Processing file /home/airflow/.local/lib/python3.8/site-packages/airflow/example_dags/tutorial_taskflow_api.py for tasks to queue
[2024-04-24T05:20:26.662+0000] {logging_mixin.py:188} INFO - [2024-04-24T05:20:26.662+0000] {dagbag.py:540} INFO - Filling up the DagBag from /home/airflow/.local/lib/python3.8/site-packages/airflow/example_dags/tutorial_taskflow_api.py
[2024-04-24T05:20:26.665+0000] {processor.py:840} INFO - DAG(s) 'tutorial_taskflow_api' retrieved from /home/airflow/.local/lib/python3.8/site-packages/airflow/example_dags/tutorial_taskflow_api.py
[2024-04-24T05:20:26.675+0000] {logging_mixin.py:188} INFO - [2024-04-24T05:20:26.675+0000] {dag.py:3047} INFO - Sync 1 DAGs
[2024-04-24T05:20:26.681+0000] {logging_mixin.py:188} INFO - [2024-04-24T05:20:26.681+0000] {dag.py:3834} INFO - Setting next_dagrun for tutorial_taskflow_api to None, run_after=None
[2024-04-24T05:20:26.690+0000] {processor.py:183} INFO - Processing /home/airflow/.local/lib/python3.8/site-packages/airflow/example_dags/tutorial_taskflow_api.py took 0.032 seconds
[2024-04-24T05:20:57.226+0000] {processor.py:161} INFO - Started process (PID=1180) to work on /home/airflow/.local/lib/python3.8/site-packages/airflow/example_dags/tutorial_taskflow_api.py
[2024-04-24T05:20:57.226+0000] {processor.py:830} INFO - Processing file /home/airflow/.local/lib/python3.8/site-packages/airflow/example_dags/tutorial_taskflow_api.py for tasks to queue
[2024-04-24T05:20:57.227+0000] {logging_mixin.py:188} INFO - [2024-04-24T05:20:57.227+0000] {dagbag.py:540} INFO - Filling up the DagBag from /home/airflow/.local/lib/python3.8/site-packages/airflow/example_dags/tutorial_taskflow_api.py
[2024-04-24T05:20:57.231+0000] {processor.py:840} INFO - DAG(s) 'tutorial_taskflow_api' retrieved from /home/airflow/.local/lib/python3.8/site-packages/airflow/example_dags/tutorial_taskflow_api.py
[2024-04-24T05:20:57.241+0000] {logging_mixin.py:188} INFO - [2024-04-24T05:20:57.241+0000] {dag.py:3047} INFO - Sync 1 DAGs
[2024-04-24T05:20:57.247+0000] {logging_mixin.py:188} INFO - [2024-04-24T05:20:57.247+0000] {dag.py:3834} INFO - Setting next_dagrun for tutorial_taskflow_api to None, run_after=None
[2024-04-24T05:20:57.256+0000] {processor.py:183} INFO - Processing /home/airflow/.local/lib/python3.8/site-packages/airflow/example_dags/tutorial_taskflow_api.py took 0.032 seconds
[2024-04-24T05:21:27.733+0000] {processor.py:161} INFO - Started process (PID=1238) to work on /home/airflow/.local/lib/python3.8/site-packages/airflow/example_dags/tutorial_taskflow_api.py
[2024-04-24T05:21:27.734+0000] {processor.py:830} INFO - Processing file /home/airflow/.local/lib/python3.8/site-packages/airflow/example_dags/tutorial_taskflow_api.py for tasks to queue
[2024-04-24T05:21:27.735+0000] {logging_mixin.py:188} INFO - [2024-04-24T05:21:27.735+0000] {dagbag.py:540} INFO - Filling up the DagBag from /home/airflow/.local/lib/python3.8/site-packages/airflow/example_dags/tutorial_taskflow_api.py
[2024-04-24T05:21:27.738+0000] {processor.py:840} INFO - DAG(s) 'tutorial_taskflow_api' retrieved from /home/airflow/.local/lib/python3.8/site-packages/airflow/example_dags/tutorial_taskflow_api.py
[2024-04-24T05:21:27.749+0000] {logging_mixin.py:188} INFO - [2024-04-24T05:21:27.748+0000] {dag.py:3047} INFO - Sync 1 DAGs
[2024-04-24T05:21:27.755+0000] {logging_mixin.py:188} INFO - [2024-04-24T05:21:27.755+0000] {dag.py:3834} INFO - Setting next_dagrun for tutorial_taskflow_api to None, run_after=None
[2024-04-24T05:21:27.764+0000] {processor.py:183} INFO - Processing /home/airflow/.local/lib/python3.8/site-packages/airflow/example_dags/tutorial_taskflow_api.py took 0.033 seconds
[2024-04-24T05:21:58.222+0000] {processor.py:161} INFO - Started process (PID=1296) to work on /home/airflow/.local/lib/python3.8/site-packages/airflow/example_dags/tutorial_taskflow_api.py
[2024-04-24T05:21:58.223+0000] {processor.py:830} INFO - Processing file /home/airflow/.local/lib/python3.8/site-packages/airflow/example_dags/tutorial_taskflow_api.py for tasks to queue
[2024-04-24T05:21:58.224+0000] {logging_mixin.py:188} INFO - [2024-04-24T05:21:58.224+0000] {dagbag.py:540} INFO - Filling up the DagBag from /home/airflow/.local/lib/python3.8/site-packages/airflow/example_dags/tutorial_taskflow_api.py
[2024-04-24T05:21:58.227+0000] {processor.py:840} INFO - DAG(s) 'tutorial_taskflow_api' retrieved from /home/airflow/.local/lib/python3.8/site-packages/airflow/example_dags/tutorial_taskflow_api.py
[2024-04-24T05:21:58.237+0000] {logging_mixin.py:188} INFO - [2024-04-24T05:21:58.237+0000] {dag.py:3047} INFO - Sync 1 DAGs
[2024-04-24T05:21:58.243+0000] {logging_mixin.py:188} INFO - [2024-04-24T05:21:58.243+0000] {dag.py:3834} INFO - Setting next_dagrun for tutorial_taskflow_api to None, run_after=None
[2024-04-24T05:21:58.253+0000] {processor.py:183} INFO - Processing /home/airflow/.local/lib/python3.8/site-packages/airflow/example_dags/tutorial_taskflow_api.py took 0.033 seconds
[2024-04-24T05:22:28.687+0000] {processor.py:161} INFO - Started process (PID=1354) to work on /home/airflow/.local/lib/python3.8/site-packages/airflow/example_dags/tutorial_taskflow_api.py
[2024-04-24T05:22:28.688+0000] {processor.py:830} INFO - Processing file /home/airflow/.local/lib/python3.8/site-packages/airflow/example_dags/tutorial_taskflow_api.py for tasks to queue
[2024-04-24T05:22:28.689+0000] {logging_mixin.py:188} INFO - [2024-04-24T05:22:28.689+0000] {dagbag.py:540} INFO - Filling up the DagBag from /home/airflow/.local/lib/python3.8/site-packages/airflow/example_dags/tutorial_taskflow_api.py
[2024-04-24T05:22:28.692+0000] {processor.py:840} INFO - DAG(s) 'tutorial_taskflow_api' retrieved from /home/airflow/.local/lib/python3.8/site-packages/airflow/example_dags/tutorial_taskflow_api.py
[2024-04-24T05:22:28.702+0000] {logging_mixin.py:188} INFO - [2024-04-24T05:22:28.702+0000] {dag.py:3047} INFO - Sync 1 DAGs
[2024-04-24T05:22:28.708+0000] {logging_mixin.py:188} INFO - [2024-04-24T05:22:28.708+0000] {dag.py:3834} INFO - Setting next_dagrun for tutorial_taskflow_api to None, run_after=None
[2024-04-24T05:22:28.717+0000] {processor.py:183} INFO - Processing /home/airflow/.local/lib/python3.8/site-packages/airflow/example_dags/tutorial_taskflow_api.py took 0.032 seconds
[2024-04-24T05:22:59.251+0000] {processor.py:161} INFO - Started process (PID=1412) to work on /home/airflow/.local/lib/python3.8/site-packages/airflow/example_dags/tutorial_taskflow_api.py
[2024-04-24T05:22:59.252+0000] {processor.py:830} INFO - Processing file /home/airflow/.local/lib/python3.8/site-packages/airflow/example_dags/tutorial_taskflow_api.py for tasks to queue
[2024-04-24T05:22:59.253+0000] {logging_mixin.py:188} INFO - [2024-04-24T05:22:59.253+0000] {dagbag.py:540} INFO - Filling up the DagBag from /home/airflow/.local/lib/python3.8/site-packages/airflow/example_dags/tutorial_taskflow_api.py
[2024-04-24T05:22:59.257+0000] {processor.py:840} INFO - DAG(s) 'tutorial_taskflow_api' retrieved from /home/airflow/.local/lib/python3.8/site-packages/airflow/example_dags/tutorial_taskflow_api.py
[2024-04-24T05:22:59.267+0000] {logging_mixin.py:188} INFO - [2024-04-24T05:22:59.267+0000] {dag.py:3047} INFO - Sync 1 DAGs
[2024-04-24T05:22:59.274+0000] {logging_mixin.py:188} INFO - [2024-04-24T05:22:59.274+0000] {dag.py:3834} INFO - Setting next_dagrun for tutorial_taskflow_api to None, run_after=None
[2024-04-24T05:22:59.284+0000] {processor.py:183} INFO - Processing /home/airflow/.local/lib/python3.8/site-packages/airflow/example_dags/tutorial_taskflow_api.py took 0.034 seconds
[2024-04-24T05:23:29.781+0000] {processor.py:161} INFO - Started process (PID=1470) to work on /home/airflow/.local/lib/python3.8/site-packages/airflow/example_dags/tutorial_taskflow_api.py
[2024-04-24T05:23:29.782+0000] {processor.py:830} INFO - Processing file /home/airflow/.local/lib/python3.8/site-packages/airflow/example_dags/tutorial_taskflow_api.py for tasks to queue
[2024-04-24T05:23:29.783+0000] {logging_mixin.py:188} INFO - [2024-04-24T05:23:29.782+0000] {dagbag.py:540} INFO - Filling up the DagBag from /home/airflow/.local/lib/python3.8/site-packages/airflow/example_dags/tutorial_taskflow_api.py
[2024-04-24T05:23:29.786+0000] {processor.py:840} INFO - DAG(s) 'tutorial_taskflow_api' retrieved from /home/airflow/.local/lib/python3.8/site-packages/airflow/example_dags/tutorial_taskflow_api.py
[2024-04-24T05:23:29.796+0000] {logging_mixin.py:188} INFO - [2024-04-24T05:23:29.796+0000] {dag.py:3047} INFO - Sync 1 DAGs
[2024-04-24T05:23:29.803+0000] {logging_mixin.py:188} INFO - [2024-04-24T05:23:29.803+0000] {dag.py:3834} INFO - Setting next_dagrun for tutorial_taskflow_api to None, run_after=None
[2024-04-24T05:23:29.813+0000] {processor.py:183} INFO - Processing /home/airflow/.local/lib/python3.8/site-packages/airflow/example_dags/tutorial_taskflow_api.py took 0.033 seconds
[2024-04-24T05:24:00.278+0000] {processor.py:161} INFO - Started process (PID=1528) to work on /home/airflow/.local/lib/python3.8/site-packages/airflow/example_dags/tutorial_taskflow_api.py
[2024-04-24T05:24:00.279+0000] {processor.py:830} INFO - Processing file /home/airflow/.local/lib/python3.8/site-packages/airflow/example_dags/tutorial_taskflow_api.py for tasks to queue
[2024-04-24T05:24:00.280+0000] {logging_mixin.py:188} INFO - [2024-04-24T05:24:00.280+0000] {dagbag.py:540} INFO - Filling up the DagBag from /home/airflow/.local/lib/python3.8/site-packages/airflow/example_dags/tutorial_taskflow_api.py
[2024-04-24T05:24:00.284+0000] {processor.py:840} INFO - DAG(s) 'tutorial_taskflow_api' retrieved from /home/airflow/.local/lib/python3.8/site-packages/airflow/example_dags/tutorial_taskflow_api.py
[2024-04-24T05:24:00.294+0000] {logging_mixin.py:188} INFO - [2024-04-24T05:24:00.294+0000] {dag.py:3047} INFO - Sync 1 DAGs
[2024-04-24T05:24:00.301+0000] {logging_mixin.py:188} INFO - [2024-04-24T05:24:00.301+0000] {dag.py:3834} INFO - Setting next_dagrun for tutorial_taskflow_api to None, run_after=None
[2024-04-24T05:24:00.311+0000] {processor.py:183} INFO - Processing /home/airflow/.local/lib/python3.8/site-packages/airflow/example_dags/tutorial_taskflow_api.py took 0.035 seconds
[2024-04-24T05:24:30.744+0000] {processor.py:161} INFO - Started process (PID=1586) to work on /home/airflow/.local/lib/python3.8/site-packages/airflow/example_dags/tutorial_taskflow_api.py
[2024-04-24T05:24:30.744+0000] {processor.py:830} INFO - Processing file /home/airflow/.local/lib/python3.8/site-packages/airflow/example_dags/tutorial_taskflow_api.py for tasks to queue
[2024-04-24T05:24:30.745+0000] {logging_mixin.py:188} INFO - [2024-04-24T05:24:30.745+0000] {dagbag.py:540} INFO - Filling up the DagBag from /home/airflow/.local/lib/python3.8/site-packages/airflow/example_dags/tutorial_taskflow_api.py
[2024-04-24T05:24:30.749+0000] {processor.py:840} INFO - DAG(s) 'tutorial_taskflow_api' retrieved from /home/airflow/.local/lib/python3.8/site-packages/airflow/example_dags/tutorial_taskflow_api.py
[2024-04-24T05:24:30.759+0000] {logging_mixin.py:188} INFO - [2024-04-24T05:24:30.759+0000] {dag.py:3047} INFO - Sync 1 DAGs
[2024-04-24T05:24:30.765+0000] {logging_mixin.py:188} INFO - [2024-04-24T05:24:30.765+0000] {dag.py:3834} INFO - Setting next_dagrun for tutorial_taskflow_api to None, run_after=None
[2024-04-24T05:24:30.775+0000] {processor.py:183} INFO - Processing /home/airflow/.local/lib/python3.8/site-packages/airflow/example_dags/tutorial_taskflow_api.py took 0.033 seconds
[2024-04-24T05:25:01.206+0000] {processor.py:161} INFO - Started process (PID=1644) to work on /home/airflow/.local/lib/python3.8/site-packages/airflow/example_dags/tutorial_taskflow_api.py
[2024-04-24T05:25:01.207+0000] {processor.py:830} INFO - Processing file /home/airflow/.local/lib/python3.8/site-packages/airflow/example_dags/tutorial_taskflow_api.py for tasks to queue
[2024-04-24T05:25:01.208+0000] {logging_mixin.py:188} INFO - [2024-04-24T05:25:01.208+0000] {dagbag.py:540} INFO - Filling up the DagBag from /home/airflow/.local/lib/python3.8/site-packages/airflow/example_dags/tutorial_taskflow_api.py
[2024-04-24T05:25:01.211+0000] {processor.py:840} INFO - DAG(s) 'tutorial_taskflow_api' retrieved from /home/airflow/.local/lib/python3.8/site-packages/airflow/example_dags/tutorial_taskflow_api.py
[2024-04-24T05:25:01.221+0000] {logging_mixin.py:188} INFO - [2024-04-24T05:25:01.221+0000] {dag.py:3047} INFO - Sync 1 DAGs
[2024-04-24T05:25:01.227+0000] {logging_mixin.py:188} INFO - [2024-04-24T05:25:01.227+0000] {dag.py:3834} INFO - Setting next_dagrun for tutorial_taskflow_api to None, run_after=None
[2024-04-24T05:25:01.237+0000] {processor.py:183} INFO - Processing /home/airflow/.local/lib/python3.8/site-packages/airflow/example_dags/tutorial_taskflow_api.py took 0.032 seconds
[2024-04-24T05:25:31.653+0000] {processor.py:161} INFO - Started process (PID=1702) to work on /home/airflow/.local/lib/python3.8/site-packages/airflow/example_dags/tutorial_taskflow_api.py
[2024-04-24T05:25:31.654+0000] {processor.py:830} INFO - Processing file /home/airflow/.local/lib/python3.8/site-packages/airflow/example_dags/tutorial_taskflow_api.py for tasks to queue
[2024-04-24T05:25:31.655+0000] {logging_mixin.py:188} INFO - [2024-04-24T05:25:31.654+0000] {dagbag.py:540} INFO - Filling up the DagBag from /home/airflow/.local/lib/python3.8/site-packages/airflow/example_dags/tutorial_taskflow_api.py
[2024-04-24T05:25:31.658+0000] {processor.py:840} INFO - DAG(s) 'tutorial_taskflow_api' retrieved from /home/airflow/.local/lib/python3.8/site-packages/airflow/example_dags/tutorial_taskflow_api.py
[2024-04-24T05:25:31.668+0000] {logging_mixin.py:188} INFO - [2024-04-24T05:25:31.668+0000] {dag.py:3047} INFO - Sync 1 DAGs
[2024-04-24T05:25:31.674+0000] {logging_mixin.py:188} INFO - [2024-04-24T05:25:31.674+0000] {dag.py:3834} INFO - Setting next_dagrun for tutorial_taskflow_api to None, run_after=None
[2024-04-24T05:25:31.684+0000] {processor.py:183} INFO - Processing /home/airflow/.local/lib/python3.8/site-packages/airflow/example_dags/tutorial_taskflow_api.py took 0.033 seconds
[2024-04-24T05:26:02.404+0000] {processor.py:161} INFO - Started process (PID=1760) to work on /home/airflow/.local/lib/python3.8/site-packages/airflow/example_dags/tutorial_taskflow_api.py
[2024-04-24T05:26:02.405+0000] {processor.py:830} INFO - Processing file /home/airflow/.local/lib/python3.8/site-packages/airflow/example_dags/tutorial_taskflow_api.py for tasks to queue
[2024-04-24T05:26:02.406+0000] {logging_mixin.py:188} INFO - [2024-04-24T05:26:02.406+0000] {dagbag.py:540} INFO - Filling up the DagBag from /home/airflow/.local/lib/python3.8/site-packages/airflow/example_dags/tutorial_taskflow_api.py
[2024-04-24T05:26:02.409+0000] {processor.py:840} INFO - DAG(s) 'tutorial_taskflow_api' retrieved from /home/airflow/.local/lib/python3.8/site-packages/airflow/example_dags/tutorial_taskflow_api.py
[2024-04-24T05:26:02.419+0000] {logging_mixin.py:188} INFO - [2024-04-24T05:26:02.419+0000] {dag.py:3047} INFO - Sync 1 DAGs
[2024-04-24T05:26:02.426+0000] {logging_mixin.py:188} INFO - [2024-04-24T05:26:02.425+0000] {dag.py:3834} INFO - Setting next_dagrun for tutorial_taskflow_api to None, run_after=None
[2024-04-24T05:26:02.435+0000] {processor.py:183} INFO - Processing /home/airflow/.local/lib/python3.8/site-packages/airflow/example_dags/tutorial_taskflow_api.py took 0.033 seconds
[2024-04-24T05:26:32.940+0000] {processor.py:161} INFO - Started process (PID=1818) to work on /home/airflow/.local/lib/python3.8/site-packages/airflow/example_dags/tutorial_taskflow_api.py
[2024-04-24T05:26:32.940+0000] {processor.py:830} INFO - Processing file /home/airflow/.local/lib/python3.8/site-packages/airflow/example_dags/tutorial_taskflow_api.py for tasks to queue
[2024-04-24T05:26:32.941+0000] {logging_mixin.py:188} INFO - [2024-04-24T05:26:32.941+0000] {dagbag.py:540} INFO - Filling up the DagBag from /home/airflow/.local/lib/python3.8/site-packages/airflow/example_dags/tutorial_taskflow_api.py
[2024-04-24T05:26:32.945+0000] {processor.py:840} INFO - DAG(s) 'tutorial_taskflow_api' retrieved from /home/airflow/.local/lib/python3.8/site-packages/airflow/example_dags/tutorial_taskflow_api.py
[2024-04-24T05:26:32.955+0000] {logging_mixin.py:188} INFO - [2024-04-24T05:26:32.955+0000] {dag.py:3047} INFO - Sync 1 DAGs
[2024-04-24T05:26:32.961+0000] {logging_mixin.py:188} INFO - [2024-04-24T05:26:32.961+0000] {dag.py:3834} INFO - Setting next_dagrun for tutorial_taskflow_api to None, run_after=None
[2024-04-24T05:26:32.971+0000] {processor.py:183} INFO - Processing /home/airflow/.local/lib/python3.8/site-packages/airflow/example_dags/tutorial_taskflow_api.py took 0.033 seconds
[2024-04-24T05:27:03.719+0000] {processor.py:161} INFO - Started process (PID=1876) to work on /home/airflow/.local/lib/python3.8/site-packages/airflow/example_dags/tutorial_taskflow_api.py
[2024-04-24T05:27:03.720+0000] {processor.py:830} INFO - Processing file /home/airflow/.local/lib/python3.8/site-packages/airflow/example_dags/tutorial_taskflow_api.py for tasks to queue
[2024-04-24T05:27:03.721+0000] {logging_mixin.py:188} INFO - [2024-04-24T05:27:03.721+0000] {dagbag.py:540} INFO - Filling up the DagBag from /home/airflow/.local/lib/python3.8/site-packages/airflow/example_dags/tutorial_taskflow_api.py
[2024-04-24T05:27:03.724+0000] {processor.py:840} INFO - DAG(s) 'tutorial_taskflow_api' retrieved from /home/airflow/.local/lib/python3.8/site-packages/airflow/example_dags/tutorial_taskflow_api.py
[2024-04-24T05:27:03.734+0000] {logging_mixin.py:188} INFO - [2024-04-24T05:27:03.734+0000] {dag.py:3047} INFO - Sync 1 DAGs
[2024-04-24T05:27:03.740+0000] {logging_mixin.py:188} INFO - [2024-04-24T05:27:03.740+0000] {dag.py:3834} INFO - Setting next_dagrun for tutorial_taskflow_api to None, run_after=None
[2024-04-24T05:27:03.750+0000] {processor.py:183} INFO - Processing /home/airflow/.local/lib/python3.8/site-packages/airflow/example_dags/tutorial_taskflow_api.py took 0.032 seconds
[2024-04-24T05:27:34.259+0000] {processor.py:161} INFO - Started process (PID=1934) to work on /home/airflow/.local/lib/python3.8/site-packages/airflow/example_dags/tutorial_taskflow_api.py
[2024-04-24T05:27:34.259+0000] {processor.py:830} INFO - Processing file /home/airflow/.local/lib/python3.8/site-packages/airflow/example_dags/tutorial_taskflow_api.py for tasks to queue
[2024-04-24T05:27:34.260+0000] {logging_mixin.py:188} INFO - [2024-04-24T05:27:34.260+0000] {dagbag.py:540} INFO - Filling up the DagBag from /home/airflow/.local/lib/python3.8/site-packages/airflow/example_dags/tutorial_taskflow_api.py
[2024-04-24T05:27:34.264+0000] {processor.py:840} INFO - DAG(s) 'tutorial_taskflow_api' retrieved from /home/airflow/.local/lib/python3.8/site-packages/airflow/example_dags/tutorial_taskflow_api.py
[2024-04-24T05:27:34.274+0000] {logging_mixin.py:188} INFO - [2024-04-24T05:27:34.274+0000] {dag.py:3047} INFO - Sync 1 DAGs
[2024-04-24T05:27:34.280+0000] {logging_mixin.py:188} INFO - [2024-04-24T05:27:34.280+0000] {dag.py:3834} INFO - Setting next_dagrun for tutorial_taskflow_api to None, run_after=None
[2024-04-24T05:27:34.289+0000] {processor.py:183} INFO - Processing /home/airflow/.local/lib/python3.8/site-packages/airflow/example_dags/tutorial_taskflow_api.py took 0.032 seconds
[2024-04-24T05:28:04.995+0000] {processor.py:161} INFO - Started process (PID=1992) to work on /home/airflow/.local/lib/python3.8/site-packages/airflow/example_dags/tutorial_taskflow_api.py
[2024-04-24T05:28:04.996+0000] {processor.py:830} INFO - Processing file /home/airflow/.local/lib/python3.8/site-packages/airflow/example_dags/tutorial_taskflow_api.py for tasks to queue
[2024-04-24T05:28:04.997+0000] {logging_mixin.py:188} INFO - [2024-04-24T05:28:04.997+0000] {dagbag.py:540} INFO - Filling up the DagBag from /home/airflow/.local/lib/python3.8/site-packages/airflow/example_dags/tutorial_taskflow_api.py
[2024-04-24T05:28:05.001+0000] {processor.py:840} INFO - DAG(s) 'tutorial_taskflow_api' retrieved from /home/airflow/.local/lib/python3.8/site-packages/airflow/example_dags/tutorial_taskflow_api.py
[2024-04-24T05:28:05.012+0000] {logging_mixin.py:188} INFO - [2024-04-24T05:28:05.012+0000] {dag.py:3047} INFO - Sync 1 DAGs
[2024-04-24T05:28:05.018+0000] {logging_mixin.py:188} INFO - [2024-04-24T05:28:05.018+0000] {dag.py:3834} INFO - Setting next_dagrun for tutorial_taskflow_api to None, run_after=None
[2024-04-24T05:28:05.029+0000] {processor.py:183} INFO - Processing /home/airflow/.local/lib/python3.8/site-packages/airflow/example_dags/tutorial_taskflow_api.py took 0.035 seconds
[2024-04-24T05:28:35.738+0000] {processor.py:161} INFO - Started process (PID=2050) to work on /home/airflow/.local/lib/python3.8/site-packages/airflow/example_dags/tutorial_taskflow_api.py
[2024-04-24T05:28:35.738+0000] {processor.py:830} INFO - Processing file /home/airflow/.local/lib/python3.8/site-packages/airflow/example_dags/tutorial_taskflow_api.py for tasks to queue
[2024-04-24T05:28:35.739+0000] {logging_mixin.py:188} INFO - [2024-04-24T05:28:35.739+0000] {dagbag.py:540} INFO - Filling up the DagBag from /home/airflow/.local/lib/python3.8/site-packages/airflow/example_dags/tutorial_taskflow_api.py
[2024-04-24T05:28:35.743+0000] {processor.py:840} INFO - DAG(s) 'tutorial_taskflow_api' retrieved from /home/airflow/.local/lib/python3.8/site-packages/airflow/example_dags/tutorial_taskflow_api.py
[2024-04-24T05:28:35.753+0000] {logging_mixin.py:188} INFO - [2024-04-24T05:28:35.753+0000] {dag.py:3047} INFO - Sync 1 DAGs
[2024-04-24T05:28:35.760+0000] {logging_mixin.py:188} INFO - [2024-04-24T05:28:35.760+0000] {dag.py:3834} INFO - Setting next_dagrun for tutorial_taskflow_api to None, run_after=None
[2024-04-24T05:28:35.770+0000] {processor.py:183} INFO - Processing /home/airflow/.local/lib/python3.8/site-packages/airflow/example_dags/tutorial_taskflow_api.py took 0.034 seconds
[2024-04-24T05:29:06.274+0000] {processor.py:161} INFO - Started process (PID=2108) to work on /home/airflow/.local/lib/python3.8/site-packages/airflow/example_dags/tutorial_taskflow_api.py
[2024-04-24T05:29:06.275+0000] {processor.py:830} INFO - Processing file /home/airflow/.local/lib/python3.8/site-packages/airflow/example_dags/tutorial_taskflow_api.py for tasks to queue
[2024-04-24T05:29:06.276+0000] {logging_mixin.py:188} INFO - [2024-04-24T05:29:06.276+0000] {dagbag.py:540} INFO - Filling up the DagBag from /home/airflow/.local/lib/python3.8/site-packages/airflow/example_dags/tutorial_taskflow_api.py
[2024-04-24T05:29:06.279+0000] {processor.py:840} INFO - DAG(s) 'tutorial_taskflow_api' retrieved from /home/airflow/.local/lib/python3.8/site-packages/airflow/example_dags/tutorial_taskflow_api.py
[2024-04-24T05:29:06.289+0000] {logging_mixin.py:188} INFO - [2024-04-24T05:29:06.289+0000] {dag.py:3047} INFO - Sync 1 DAGs
[2024-04-24T05:29:06.296+0000] {logging_mixin.py:188} INFO - [2024-04-24T05:29:06.295+0000] {dag.py:3834} INFO - Setting next_dagrun for tutorial_taskflow_api to None, run_after=None
[2024-04-24T05:29:06.305+0000] {processor.py:183} INFO - Processing /home/airflow/.local/lib/python3.8/site-packages/airflow/example_dags/tutorial_taskflow_api.py took 0.033 seconds
[2024-04-24T05:29:36.859+0000] {processor.py:161} INFO - Started process (PID=2166) to work on /home/airflow/.local/lib/python3.8/site-packages/airflow/example_dags/tutorial_taskflow_api.py
[2024-04-24T05:29:36.859+0000] {processor.py:830} INFO - Processing file /home/airflow/.local/lib/python3.8/site-packages/airflow/example_dags/tutorial_taskflow_api.py for tasks to queue
[2024-04-24T05:29:36.860+0000] {logging_mixin.py:188} INFO - [2024-04-24T05:29:36.860+0000] {dagbag.py:540} INFO - Filling up the DagBag from /home/airflow/.local/lib/python3.8/site-packages/airflow/example_dags/tutorial_taskflow_api.py
[2024-04-24T05:29:36.864+0000] {processor.py:840} INFO - DAG(s) 'tutorial_taskflow_api' retrieved from /home/airflow/.local/lib/python3.8/site-packages/airflow/example_dags/tutorial_taskflow_api.py
[2024-04-24T05:29:36.874+0000] {logging_mixin.py:188} INFO - [2024-04-24T05:29:36.873+0000] {dag.py:3047} INFO - Sync 1 DAGs
[2024-04-24T05:29:36.880+0000] {logging_mixin.py:188} INFO - [2024-04-24T05:29:36.880+0000] {dag.py:3834} INFO - Setting next_dagrun for tutorial_taskflow_api to None, run_after=None
[2024-04-24T05:29:36.890+0000] {processor.py:183} INFO - Processing /home/airflow/.local/lib/python3.8/site-packages/airflow/example_dags/tutorial_taskflow_api.py took 0.033 seconds
[2024-04-24T05:30:07.403+0000] {processor.py:161} INFO - Started process (PID=2224) to work on /home/airflow/.local/lib/python3.8/site-packages/airflow/example_dags/tutorial_taskflow_api.py
[2024-04-24T05:30:07.404+0000] {processor.py:830} INFO - Processing file /home/airflow/.local/lib/python3.8/site-packages/airflow/example_dags/tutorial_taskflow_api.py for tasks to queue
[2024-04-24T05:30:07.405+0000] {logging_mixin.py:188} INFO - [2024-04-24T05:30:07.405+0000] {dagbag.py:540} INFO - Filling up the DagBag from /home/airflow/.local/lib/python3.8/site-packages/airflow/example_dags/tutorial_taskflow_api.py
[2024-04-24T05:30:07.409+0000] {processor.py:840} INFO - DAG(s) 'tutorial_taskflow_api' retrieved from /home/airflow/.local/lib/python3.8/site-packages/airflow/example_dags/tutorial_taskflow_api.py
[2024-04-24T05:30:07.419+0000] {logging_mixin.py:188} INFO - [2024-04-24T05:30:07.419+0000] {dag.py:3047} INFO - Sync 1 DAGs
[2024-04-24T05:30:07.425+0000] {logging_mixin.py:188} INFO - [2024-04-24T05:30:07.425+0000] {dag.py:3834} INFO - Setting next_dagrun for tutorial_taskflow_api to None, run_after=None
[2024-04-24T05:30:07.435+0000] {processor.py:183} INFO - Processing /home/airflow/.local/lib/python3.8/site-packages/airflow/example_dags/tutorial_taskflow_api.py took 0.033 seconds
[2024-04-24T05:30:37.985+0000] {processor.py:161} INFO - Started process (PID=2282) to work on /home/airflow/.local/lib/python3.8/site-packages/airflow/example_dags/tutorial_taskflow_api.py
[2024-04-24T05:30:37.986+0000] {processor.py:830} INFO - Processing file /home/airflow/.local/lib/python3.8/site-packages/airflow/example_dags/tutorial_taskflow_api.py for tasks to queue
[2024-04-24T05:30:37.987+0000] {logging_mixin.py:188} INFO - [2024-04-24T05:30:37.987+0000] {dagbag.py:540} INFO - Filling up the DagBag from /home/airflow/.local/lib/python3.8/site-packages/airflow/example_dags/tutorial_taskflow_api.py
[2024-04-24T05:30:37.991+0000] {processor.py:840} INFO - DAG(s) 'tutorial_taskflow_api' retrieved from /home/airflow/.local/lib/python3.8/site-packages/airflow/example_dags/tutorial_taskflow_api.py
[2024-04-24T05:30:38.001+0000] {logging_mixin.py:188} INFO - [2024-04-24T05:30:38.001+0000] {dag.py:3047} INFO - Sync 1 DAGs
[2024-04-24T05:30:38.008+0000] {logging_mixin.py:188} INFO - [2024-04-24T05:30:38.007+0000] {dag.py:3834} INFO - Setting next_dagrun for tutorial_taskflow_api to None, run_after=None
[2024-04-24T05:30:38.017+0000] {processor.py:183} INFO - Processing /home/airflow/.local/lib/python3.8/site-packages/airflow/example_dags/tutorial_taskflow_api.py took 0.034 seconds
[2024-04-24T05:31:08.575+0000] {processor.py:161} INFO - Started process (PID=2340) to work on /home/airflow/.local/lib/python3.8/site-packages/airflow/example_dags/tutorial_taskflow_api.py
[2024-04-24T05:31:08.576+0000] {processor.py:830} INFO - Processing file /home/airflow/.local/lib/python3.8/site-packages/airflow/example_dags/tutorial_taskflow_api.py for tasks to queue
[2024-04-24T05:31:08.577+0000] {logging_mixin.py:188} INFO - [2024-04-24T05:31:08.577+0000] {dagbag.py:540} INFO - Filling up the DagBag from /home/airflow/.local/lib/python3.8/site-packages/airflow/example_dags/tutorial_taskflow_api.py
[2024-04-24T05:31:08.581+0000] {processor.py:840} INFO - DAG(s) 'tutorial_taskflow_api' retrieved from /home/airflow/.local/lib/python3.8/site-packages/airflow/example_dags/tutorial_taskflow_api.py
[2024-04-24T05:31:08.592+0000] {logging_mixin.py:188} INFO - [2024-04-24T05:31:08.592+0000] {dag.py:3047} INFO - Sync 1 DAGs
[2024-04-24T05:31:08.598+0000] {logging_mixin.py:188} INFO - [2024-04-24T05:31:08.598+0000] {dag.py:3834} INFO - Setting next_dagrun for tutorial_taskflow_api to None, run_after=None
[2024-04-24T05:31:08.608+0000] {processor.py:183} INFO - Processing /home/airflow/.local/lib/python3.8/site-packages/airflow/example_dags/tutorial_taskflow_api.py took 0.035 seconds
[2024-04-24T05:31:39.356+0000] {processor.py:161} INFO - Started process (PID=2398) to work on /home/airflow/.local/lib/python3.8/site-packages/airflow/example_dags/tutorial_taskflow_api.py
[2024-04-24T05:31:39.357+0000] {processor.py:830} INFO - Processing file /home/airflow/.local/lib/python3.8/site-packages/airflow/example_dags/tutorial_taskflow_api.py for tasks to queue
[2024-04-24T05:31:39.358+0000] {logging_mixin.py:188} INFO - [2024-04-24T05:31:39.358+0000] {dagbag.py:540} INFO - Filling up the DagBag from /home/airflow/.local/lib/python3.8/site-packages/airflow/example_dags/tutorial_taskflow_api.py
[2024-04-24T05:31:39.361+0000] {processor.py:840} INFO - DAG(s) 'tutorial_taskflow_api' retrieved from /home/airflow/.local/lib/python3.8/site-packages/airflow/example_dags/tutorial_taskflow_api.py
[2024-04-24T05:31:39.372+0000] {logging_mixin.py:188} INFO - [2024-04-24T05:31:39.371+0000] {dag.py:3047} INFO - Sync 1 DAGs
[2024-04-24T05:31:39.378+0000] {logging_mixin.py:188} INFO - [2024-04-24T05:31:39.378+0000] {dag.py:3834} INFO - Setting next_dagrun for tutorial_taskflow_api to None, run_after=None
[2024-04-24T05:31:39.389+0000] {processor.py:183} INFO - Processing /home/airflow/.local/lib/python3.8/site-packages/airflow/example_dags/tutorial_taskflow_api.py took 0.034 seconds
[2024-04-24T05:32:09.982+0000] {processor.py:161} INFO - Started process (PID=2456) to work on /home/airflow/.local/lib/python3.8/site-packages/airflow/example_dags/tutorial_taskflow_api.py
[2024-04-24T05:32:09.982+0000] {processor.py:830} INFO - Processing file /home/airflow/.local/lib/python3.8/site-packages/airflow/example_dags/tutorial_taskflow_api.py for tasks to queue
[2024-04-24T05:32:09.983+0000] {logging_mixin.py:188} INFO - [2024-04-24T05:32:09.983+0000] {dagbag.py:540} INFO - Filling up the DagBag from /home/airflow/.local/lib/python3.8/site-packages/airflow/example_dags/tutorial_taskflow_api.py
[2024-04-24T05:32:09.987+0000] {processor.py:840} INFO - DAG(s) 'tutorial_taskflow_api' retrieved from /home/airflow/.local/lib/python3.8/site-packages/airflow/example_dags/tutorial_taskflow_api.py
[2024-04-24T05:32:09.998+0000] {logging_mixin.py:188} INFO - [2024-04-24T05:32:09.997+0000] {dag.py:3047} INFO - Sync 1 DAGs
[2024-04-24T05:32:10.004+0000] {logging_mixin.py:188} INFO - [2024-04-24T05:32:10.004+0000] {dag.py:3834} INFO - Setting next_dagrun for tutorial_taskflow_api to None, run_after=None
[2024-04-24T05:32:10.013+0000] {processor.py:183} INFO - Processing /home/airflow/.local/lib/python3.8/site-packages/airflow/example_dags/tutorial_taskflow_api.py took 0.033 seconds
[2024-04-24T05:32:40.467+0000] {processor.py:161} INFO - Started process (PID=2515) to work on /home/airflow/.local/lib/python3.8/site-packages/airflow/example_dags/tutorial_taskflow_api.py
[2024-04-24T05:32:40.467+0000] {processor.py:830} INFO - Processing file /home/airflow/.local/lib/python3.8/site-packages/airflow/example_dags/tutorial_taskflow_api.py for tasks to queue
[2024-04-24T05:32:40.468+0000] {logging_mixin.py:188} INFO - [2024-04-24T05:32:40.468+0000] {dagbag.py:540} INFO - Filling up the DagBag from /home/airflow/.local/lib/python3.8/site-packages/airflow/example_dags/tutorial_taskflow_api.py
[2024-04-24T05:32:40.472+0000] {processor.py:840} INFO - DAG(s) 'tutorial_taskflow_api' retrieved from /home/airflow/.local/lib/python3.8/site-packages/airflow/example_dags/tutorial_taskflow_api.py
[2024-04-24T05:32:40.482+0000] {logging_mixin.py:188} INFO - [2024-04-24T05:32:40.481+0000] {dag.py:3047} INFO - Sync 1 DAGs
[2024-04-24T05:32:40.488+0000] {logging_mixin.py:188} INFO - [2024-04-24T05:32:40.488+0000] {dag.py:3834} INFO - Setting next_dagrun for tutorial_taskflow_api to None, run_after=None
[2024-04-24T05:32:40.497+0000] {processor.py:183} INFO - Processing /home/airflow/.local/lib/python3.8/site-packages/airflow/example_dags/tutorial_taskflow_api.py took 0.033 seconds
[2024-04-24T05:33:10.880+0000] {processor.py:161} INFO - Started process (PID=2570) to work on /home/airflow/.local/lib/python3.8/site-packages/airflow/example_dags/tutorial_taskflow_api.py
[2024-04-24T05:33:10.881+0000] {processor.py:830} INFO - Processing file /home/airflow/.local/lib/python3.8/site-packages/airflow/example_dags/tutorial_taskflow_api.py for tasks to queue
[2024-04-24T05:33:10.881+0000] {logging_mixin.py:188} INFO - [2024-04-24T05:33:10.881+0000] {dagbag.py:540} INFO - Filling up the DagBag from /home/airflow/.local/lib/python3.8/site-packages/airflow/example_dags/tutorial_taskflow_api.py
[2024-04-24T05:33:10.885+0000] {processor.py:840} INFO - DAG(s) 'tutorial_taskflow_api' retrieved from /home/airflow/.local/lib/python3.8/site-packages/airflow/example_dags/tutorial_taskflow_api.py
[2024-04-24T05:33:10.896+0000] {logging_mixin.py:188} INFO - [2024-04-24T05:33:10.895+0000] {dag.py:3047} INFO - Sync 1 DAGs
[2024-04-24T05:33:10.902+0000] {logging_mixin.py:188} INFO - [2024-04-24T05:33:10.902+0000] {dag.py:3834} INFO - Setting next_dagrun for tutorial_taskflow_api to None, run_after=None
[2024-04-24T05:33:10.911+0000] {processor.py:183} INFO - Processing /home/airflow/.local/lib/python3.8/site-packages/airflow/example_dags/tutorial_taskflow_api.py took 0.033 seconds
[2024-04-24T05:33:41.245+0000] {processor.py:161} INFO - Started process (PID=2625) to work on /home/airflow/.local/lib/python3.8/site-packages/airflow/example_dags/tutorial_taskflow_api.py
[2024-04-24T05:33:41.245+0000] {processor.py:830} INFO - Processing file /home/airflow/.local/lib/python3.8/site-packages/airflow/example_dags/tutorial_taskflow_api.py for tasks to queue
[2024-04-24T05:33:41.246+0000] {logging_mixin.py:188} INFO - [2024-04-24T05:33:41.246+0000] {dagbag.py:540} INFO - Filling up the DagBag from /home/airflow/.local/lib/python3.8/site-packages/airflow/example_dags/tutorial_taskflow_api.py
[2024-04-24T05:33:41.249+0000] {processor.py:840} INFO - DAG(s) 'tutorial_taskflow_api' retrieved from /home/airflow/.local/lib/python3.8/site-packages/airflow/example_dags/tutorial_taskflow_api.py
[2024-04-24T05:33:41.260+0000] {logging_mixin.py:188} INFO - [2024-04-24T05:33:41.260+0000] {dag.py:3047} INFO - Sync 1 DAGs
[2024-04-24T05:33:41.267+0000] {logging_mixin.py:188} INFO - [2024-04-24T05:33:41.266+0000] {dag.py:3834} INFO - Setting next_dagrun for tutorial_taskflow_api to None, run_after=None
[2024-04-24T05:33:41.276+0000] {processor.py:183} INFO - Processing /home/airflow/.local/lib/python3.8/site-packages/airflow/example_dags/tutorial_taskflow_api.py took 0.034 seconds
[2024-04-24T05:34:11.729+0000] {processor.py:161} INFO - Started process (PID=2680) to work on /home/airflow/.local/lib/python3.8/site-packages/airflow/example_dags/tutorial_taskflow_api.py
[2024-04-24T05:34:11.730+0000] {processor.py:830} INFO - Processing file /home/airflow/.local/lib/python3.8/site-packages/airflow/example_dags/tutorial_taskflow_api.py for tasks to queue
[2024-04-24T05:34:11.730+0000] {logging_mixin.py:188} INFO - [2024-04-24T05:34:11.730+0000] {dagbag.py:540} INFO - Filling up the DagBag from /home/airflow/.local/lib/python3.8/site-packages/airflow/example_dags/tutorial_taskflow_api.py
[2024-04-24T05:34:11.734+0000] {processor.py:840} INFO - DAG(s) 'tutorial_taskflow_api' retrieved from /home/airflow/.local/lib/python3.8/site-packages/airflow/example_dags/tutorial_taskflow_api.py
[2024-04-24T05:34:11.745+0000] {logging_mixin.py:188} INFO - [2024-04-24T05:34:11.744+0000] {dag.py:3047} INFO - Sync 1 DAGs
[2024-04-24T05:34:11.751+0000] {logging_mixin.py:188} INFO - [2024-04-24T05:34:11.751+0000] {dag.py:3834} INFO - Setting next_dagrun for tutorial_taskflow_api to None, run_after=None
[2024-04-24T05:34:11.760+0000] {processor.py:183} INFO - Processing /home/airflow/.local/lib/python3.8/site-packages/airflow/example_dags/tutorial_taskflow_api.py took 0.033 seconds
[2024-04-24T05:34:42.349+0000] {processor.py:161} INFO - Started process (PID=2741) to work on /home/airflow/.local/lib/python3.8/site-packages/airflow/example_dags/tutorial_taskflow_api.py
[2024-04-24T05:34:42.349+0000] {processor.py:830} INFO - Processing file /home/airflow/.local/lib/python3.8/site-packages/airflow/example_dags/tutorial_taskflow_api.py for tasks to queue
[2024-04-24T05:34:42.350+0000] {logging_mixin.py:188} INFO - [2024-04-24T05:34:42.350+0000] {dagbag.py:540} INFO - Filling up the DagBag from /home/airflow/.local/lib/python3.8/site-packages/airflow/example_dags/tutorial_taskflow_api.py
[2024-04-24T05:34:42.354+0000] {processor.py:840} INFO - DAG(s) 'tutorial_taskflow_api' retrieved from /home/airflow/.local/lib/python3.8/site-packages/airflow/example_dags/tutorial_taskflow_api.py
[2024-04-24T05:34:42.365+0000] {logging_mixin.py:188} INFO - [2024-04-24T05:34:42.365+0000] {dag.py:3047} INFO - Sync 1 DAGs
[2024-04-24T05:34:42.372+0000] {logging_mixin.py:188} INFO - [2024-04-24T05:34:42.372+0000] {dag.py:3834} INFO - Setting next_dagrun for tutorial_taskflow_api to None, run_after=None
[2024-04-24T05:34:42.384+0000] {processor.py:183} INFO - Processing /home/airflow/.local/lib/python3.8/site-packages/airflow/example_dags/tutorial_taskflow_api.py took 0.038 seconds
[2024-04-24T05:35:13.032+0000] {processor.py:161} INFO - Started process (PID=2796) to work on /home/airflow/.local/lib/python3.8/site-packages/airflow/example_dags/tutorial_taskflow_api.py
[2024-04-24T05:35:13.033+0000] {processor.py:830} INFO - Processing file /home/airflow/.local/lib/python3.8/site-packages/airflow/example_dags/tutorial_taskflow_api.py for tasks to queue
[2024-04-24T05:35:13.033+0000] {logging_mixin.py:188} INFO - [2024-04-24T05:35:13.033+0000] {dagbag.py:540} INFO - Filling up the DagBag from /home/airflow/.local/lib/python3.8/site-packages/airflow/example_dags/tutorial_taskflow_api.py
[2024-04-24T05:35:13.037+0000] {processor.py:840} INFO - DAG(s) 'tutorial_taskflow_api' retrieved from /home/airflow/.local/lib/python3.8/site-packages/airflow/example_dags/tutorial_taskflow_api.py
[2024-04-24T05:35:13.047+0000] {logging_mixin.py:188} INFO - [2024-04-24T05:35:13.047+0000] {dag.py:3047} INFO - Sync 1 DAGs
[2024-04-24T05:35:13.053+0000] {logging_mixin.py:188} INFO - [2024-04-24T05:35:13.053+0000] {dag.py:3834} INFO - Setting next_dagrun for tutorial_taskflow_api to None, run_after=None
[2024-04-24T05:35:13.062+0000] {processor.py:183} INFO - Processing /home/airflow/.local/lib/python3.8/site-packages/airflow/example_dags/tutorial_taskflow_api.py took 0.032 seconds
[2024-04-24T05:35:43.719+0000] {processor.py:161} INFO - Started process (PID=2851) to work on /home/airflow/.local/lib/python3.8/site-packages/airflow/example_dags/tutorial_taskflow_api.py
[2024-04-24T05:35:43.720+0000] {processor.py:830} INFO - Processing file /home/airflow/.local/lib/python3.8/site-packages/airflow/example_dags/tutorial_taskflow_api.py for tasks to queue
[2024-04-24T05:35:43.720+0000] {logging_mixin.py:188} INFO - [2024-04-24T05:35:43.720+0000] {dagbag.py:540} INFO - Filling up the DagBag from /home/airflow/.local/lib/python3.8/site-packages/airflow/example_dags/tutorial_taskflow_api.py
[2024-04-24T05:35:43.724+0000] {processor.py:840} INFO - DAG(s) 'tutorial_taskflow_api' retrieved from /home/airflow/.local/lib/python3.8/site-packages/airflow/example_dags/tutorial_taskflow_api.py
[2024-04-24T05:35:43.734+0000] {logging_mixin.py:188} INFO - [2024-04-24T05:35:43.734+0000] {dag.py:3047} INFO - Sync 1 DAGs
[2024-04-24T05:35:43.740+0000] {logging_mixin.py:188} INFO - [2024-04-24T05:35:43.740+0000] {dag.py:3834} INFO - Setting next_dagrun for tutorial_taskflow_api to None, run_after=None
[2024-04-24T05:35:43.750+0000] {processor.py:183} INFO - Processing /home/airflow/.local/lib/python3.8/site-packages/airflow/example_dags/tutorial_taskflow_api.py took 0.032 seconds
[2024-04-24T05:36:14.227+0000] {processor.py:161} INFO - Started process (PID=2906) to work on /home/airflow/.local/lib/python3.8/site-packages/airflow/example_dags/tutorial_taskflow_api.py
[2024-04-24T05:36:14.227+0000] {processor.py:830} INFO - Processing file /home/airflow/.local/lib/python3.8/site-packages/airflow/example_dags/tutorial_taskflow_api.py for tasks to queue
[2024-04-24T05:36:14.228+0000] {logging_mixin.py:188} INFO - [2024-04-24T05:36:14.228+0000] {dagbag.py:540} INFO - Filling up the DagBag from /home/airflow/.local/lib/python3.8/site-packages/airflow/example_dags/tutorial_taskflow_api.py
[2024-04-24T05:36:14.231+0000] {processor.py:840} INFO - DAG(s) 'tutorial_taskflow_api' retrieved from /home/airflow/.local/lib/python3.8/site-packages/airflow/example_dags/tutorial_taskflow_api.py
[2024-04-24T05:36:14.242+0000] {logging_mixin.py:188} INFO - [2024-04-24T05:36:14.242+0000] {dag.py:3047} INFO - Sync 1 DAGs
[2024-04-24T05:36:14.248+0000] {logging_mixin.py:188} INFO - [2024-04-24T05:36:14.248+0000] {dag.py:3834} INFO - Setting next_dagrun for tutorial_taskflow_api to None, run_after=None
[2024-04-24T05:36:14.258+0000] {processor.py:183} INFO - Processing /home/airflow/.local/lib/python3.8/site-packages/airflow/example_dags/tutorial_taskflow_api.py took 0.033 seconds
[2024-04-24T05:36:44.725+0000] {processor.py:161} INFO - Started process (PID=2961) to work on /home/airflow/.local/lib/python3.8/site-packages/airflow/example_dags/tutorial_taskflow_api.py
[2024-04-24T05:36:44.725+0000] {processor.py:830} INFO - Processing file /home/airflow/.local/lib/python3.8/site-packages/airflow/example_dags/tutorial_taskflow_api.py for tasks to queue
[2024-04-24T05:36:44.726+0000] {logging_mixin.py:188} INFO - [2024-04-24T05:36:44.726+0000] {dagbag.py:540} INFO - Filling up the DagBag from /home/airflow/.local/lib/python3.8/site-packages/airflow/example_dags/tutorial_taskflow_api.py
[2024-04-24T05:36:44.730+0000] {processor.py:840} INFO - DAG(s) 'tutorial_taskflow_api' retrieved from /home/airflow/.local/lib/python3.8/site-packages/airflow/example_dags/tutorial_taskflow_api.py
[2024-04-24T05:36:44.740+0000] {logging_mixin.py:188} INFO - [2024-04-24T05:36:44.740+0000] {dag.py:3047} INFO - Sync 1 DAGs
[2024-04-24T05:36:44.746+0000] {logging_mixin.py:188} INFO - [2024-04-24T05:36:44.746+0000] {dag.py:3834} INFO - Setting next_dagrun for tutorial_taskflow_api to None, run_after=None
[2024-04-24T05:36:44.756+0000] {processor.py:183} INFO - Processing /home/airflow/.local/lib/python3.8/site-packages/airflow/example_dags/tutorial_taskflow_api.py took 0.033 seconds
[2024-04-24T05:37:15.308+0000] {processor.py:161} INFO - Started process (PID=3016) to work on /home/airflow/.local/lib/python3.8/site-packages/airflow/example_dags/tutorial_taskflow_api.py
[2024-04-24T05:37:15.308+0000] {processor.py:830} INFO - Processing file /home/airflow/.local/lib/python3.8/site-packages/airflow/example_dags/tutorial_taskflow_api.py for tasks to queue
[2024-04-24T05:37:15.309+0000] {logging_mixin.py:188} INFO - [2024-04-24T05:37:15.309+0000] {dagbag.py:540} INFO - Filling up the DagBag from /home/airflow/.local/lib/python3.8/site-packages/airflow/example_dags/tutorial_taskflow_api.py
[2024-04-24T05:37:15.313+0000] {processor.py:840} INFO - DAG(s) 'tutorial_taskflow_api' retrieved from /home/airflow/.local/lib/python3.8/site-packages/airflow/example_dags/tutorial_taskflow_api.py
[2024-04-24T05:37:15.323+0000] {logging_mixin.py:188} INFO - [2024-04-24T05:37:15.323+0000] {dag.py:3047} INFO - Sync 1 DAGs
[2024-04-24T05:37:15.329+0000] {logging_mixin.py:188} INFO - [2024-04-24T05:37:15.329+0000] {dag.py:3834} INFO - Setting next_dagrun for tutorial_taskflow_api to None, run_after=None
[2024-04-24T05:37:15.338+0000] {processor.py:183} INFO - Processing /home/airflow/.local/lib/python3.8/site-packages/airflow/example_dags/tutorial_taskflow_api.py took 0.032 seconds
[2024-04-24T05:37:45.901+0000] {processor.py:161} INFO - Started process (PID=3071) to work on /home/airflow/.local/lib/python3.8/site-packages/airflow/example_dags/tutorial_taskflow_api.py
[2024-04-24T05:37:45.902+0000] {processor.py:830} INFO - Processing file /home/airflow/.local/lib/python3.8/site-packages/airflow/example_dags/tutorial_taskflow_api.py for tasks to queue
[2024-04-24T05:37:45.902+0000] {logging_mixin.py:188} INFO - [2024-04-24T05:37:45.902+0000] {dagbag.py:540} INFO - Filling up the DagBag from /home/airflow/.local/lib/python3.8/site-packages/airflow/example_dags/tutorial_taskflow_api.py
[2024-04-24T05:37:45.906+0000] {processor.py:840} INFO - DAG(s) 'tutorial_taskflow_api' retrieved from /home/airflow/.local/lib/python3.8/site-packages/airflow/example_dags/tutorial_taskflow_api.py
[2024-04-24T05:37:45.916+0000] {logging_mixin.py:188} INFO - [2024-04-24T05:37:45.916+0000] {dag.py:3047} INFO - Sync 1 DAGs
[2024-04-24T05:37:45.922+0000] {logging_mixin.py:188} INFO - [2024-04-24T05:37:45.922+0000] {dag.py:3834} INFO - Setting next_dagrun for tutorial_taskflow_api to None, run_after=None
[2024-04-24T05:37:45.932+0000] {processor.py:183} INFO - Processing /home/airflow/.local/lib/python3.8/site-packages/airflow/example_dags/tutorial_taskflow_api.py took 0.032 seconds
[2024-04-24T05:38:16.382+0000] {processor.py:161} INFO - Started process (PID=3126) to work on /home/airflow/.local/lib/python3.8/site-packages/airflow/example_dags/tutorial_taskflow_api.py
[2024-04-24T05:38:16.383+0000] {processor.py:830} INFO - Processing file /home/airflow/.local/lib/python3.8/site-packages/airflow/example_dags/tutorial_taskflow_api.py for tasks to queue
[2024-04-24T05:38:16.383+0000] {logging_mixin.py:188} INFO - [2024-04-24T05:38:16.383+0000] {dagbag.py:540} INFO - Filling up the DagBag from /home/airflow/.local/lib/python3.8/site-packages/airflow/example_dags/tutorial_taskflow_api.py
[2024-04-24T05:38:16.387+0000] {processor.py:840} INFO - DAG(s) 'tutorial_taskflow_api' retrieved from /home/airflow/.local/lib/python3.8/site-packages/airflow/example_dags/tutorial_taskflow_api.py
[2024-04-24T05:38:16.398+0000] {logging_mixin.py:188} INFO - [2024-04-24T05:38:16.397+0000] {dag.py:3047} INFO - Sync 1 DAGs
[2024-04-24T05:38:16.404+0000] {logging_mixin.py:188} INFO - [2024-04-24T05:38:16.404+0000] {dag.py:3834} INFO - Setting next_dagrun for tutorial_taskflow_api to None, run_after=None
[2024-04-24T05:38:16.413+0000] {processor.py:183} INFO - Processing /home/airflow/.local/lib/python3.8/site-packages/airflow/example_dags/tutorial_taskflow_api.py took 0.033 seconds
[2024-04-24T05:40:51.199+0000] {processor.py:161} INFO - Started process (PID=74) to work on /home/airflow/.local/lib/python3.8/site-packages/airflow/example_dags/tutorial_taskflow_api.py
[2024-04-24T05:40:51.199+0000] {processor.py:830} INFO - Processing file /home/airflow/.local/lib/python3.8/site-packages/airflow/example_dags/tutorial_taskflow_api.py for tasks to queue
[2024-04-24T05:40:51.200+0000] {logging_mixin.py:188} INFO - [2024-04-24T05:40:51.200+0000] {dagbag.py:540} INFO - Filling up the DagBag from /home/airflow/.local/lib/python3.8/site-packages/airflow/example_dags/tutorial_taskflow_api.py
[2024-04-24T05:40:51.205+0000] {processor.py:840} INFO - DAG(s) 'tutorial_taskflow_api' retrieved from /home/airflow/.local/lib/python3.8/site-packages/airflow/example_dags/tutorial_taskflow_api.py
[2024-04-24T05:40:51.212+0000] {logging_mixin.py:188} INFO - [2024-04-24T05:40:51.212+0000] {dag.py:3047} INFO - Sync 1 DAGs
[2024-04-24T05:40:51.221+0000] {logging_mixin.py:188} INFO - [2024-04-24T05:40:51.221+0000] {dag.py:3834} INFO - Setting next_dagrun for tutorial_taskflow_api to None, run_after=None
[2024-04-24T05:40:51.234+0000] {processor.py:183} INFO - Processing /home/airflow/.local/lib/python3.8/site-packages/airflow/example_dags/tutorial_taskflow_api.py took 0.037 seconds
[2024-04-24T05:41:22.236+0000] {processor.py:161} INFO - Started process (PID=129) to work on /home/airflow/.local/lib/python3.8/site-packages/airflow/example_dags/tutorial_taskflow_api.py
[2024-04-24T05:41:22.236+0000] {processor.py:830} INFO - Processing file /home/airflow/.local/lib/python3.8/site-packages/airflow/example_dags/tutorial_taskflow_api.py for tasks to queue
[2024-04-24T05:41:22.237+0000] {logging_mixin.py:188} INFO - [2024-04-24T05:41:22.237+0000] {dagbag.py:540} INFO - Filling up the DagBag from /home/airflow/.local/lib/python3.8/site-packages/airflow/example_dags/tutorial_taskflow_api.py
[2024-04-24T05:41:22.241+0000] {processor.py:840} INFO - DAG(s) 'tutorial_taskflow_api' retrieved from /home/airflow/.local/lib/python3.8/site-packages/airflow/example_dags/tutorial_taskflow_api.py
[2024-04-24T05:41:22.293+0000] {logging_mixin.py:188} INFO - [2024-04-24T05:41:22.293+0000] {dag.py:3047} INFO - Sync 1 DAGs
[2024-04-24T05:41:22.298+0000] {logging_mixin.py:188} INFO - [2024-04-24T05:41:22.298+0000] {dag.py:3834} INFO - Setting next_dagrun for tutorial_taskflow_api to None, run_after=None
[2024-04-24T05:41:22.308+0000] {processor.py:183} INFO - Processing /home/airflow/.local/lib/python3.8/site-packages/airflow/example_dags/tutorial_taskflow_api.py took 0.074 seconds
