[2024-04-24T05:11:15.560+0000] {processor.py:161} INFO - Started process (PID=72) to work on /home/airflow/.local/lib/python3.8/site-packages/airflow/example_dags/tutorial.py
[2024-04-24T05:11:15.560+0000] {processor.py:830} INFO - Processing file /home/airflow/.local/lib/python3.8/site-packages/airflow/example_dags/tutorial.py for tasks to queue
[2024-04-24T05:11:15.562+0000] {logging_mixin.py:188} INFO - [2024-04-24T05:11:15.561+0000] {dagbag.py:540} INFO - Filling up the DagBag from /home/airflow/.local/lib/python3.8/site-packages/airflow/example_dags/tutorial.py
[2024-04-24T05:11:15.566+0000] {processor.py:840} INFO - DAG(s) 'tutorial' retrieved from /home/airflow/.local/lib/python3.8/site-packages/airflow/example_dags/tutorial.py
[2024-04-24T05:11:15.581+0000] {logging_mixin.py:188} INFO - [2024-04-24T05:11:15.581+0000] {dag.py:3047} INFO - Sync 1 DAGs
[2024-04-24T05:11:15.592+0000] {logging_mixin.py:188} INFO - [2024-04-24T05:11:15.592+0000] {dag.py:3834} INFO - Setting next_dagrun for tutorial to 2024-04-23 00:00:00+00:00, run_after=2024-04-24 00:00:00+00:00
[2024-04-24T05:11:15.602+0000] {processor.py:183} INFO - Processing /home/airflow/.local/lib/python3.8/site-packages/airflow/example_dags/tutorial.py took 0.045 seconds
[2024-04-24T05:11:46.339+0000] {processor.py:161} INFO - Started process (PID=130) to work on /home/airflow/.local/lib/python3.8/site-packages/airflow/example_dags/tutorial.py
[2024-04-24T05:11:46.340+0000] {processor.py:830} INFO - Processing file /home/airflow/.local/lib/python3.8/site-packages/airflow/example_dags/tutorial.py for tasks to queue
[2024-04-24T05:11:46.341+0000] {logging_mixin.py:188} INFO - [2024-04-24T05:11:46.341+0000] {dagbag.py:540} INFO - Filling up the DagBag from /home/airflow/.local/lib/python3.8/site-packages/airflow/example_dags/tutorial.py
[2024-04-24T05:11:46.344+0000] {processor.py:840} INFO - DAG(s) 'tutorial' retrieved from /home/airflow/.local/lib/python3.8/site-packages/airflow/example_dags/tutorial.py
[2024-04-24T05:11:46.354+0000] {logging_mixin.py:188} INFO - [2024-04-24T05:11:46.354+0000] {dag.py:3047} INFO - Sync 1 DAGs
[2024-04-24T05:11:46.366+0000] {logging_mixin.py:188} INFO - [2024-04-24T05:11:46.366+0000] {dag.py:3834} INFO - Setting next_dagrun for tutorial to 2024-04-23 00:00:00+00:00, run_after=2024-04-24 00:00:00+00:00
[2024-04-24T05:11:46.375+0000] {processor.py:183} INFO - Processing /home/airflow/.local/lib/python3.8/site-packages/airflow/example_dags/tutorial.py took 0.038 seconds
[2024-04-24T05:12:16.945+0000] {processor.py:161} INFO - Started process (PID=188) to work on /home/airflow/.local/lib/python3.8/site-packages/airflow/example_dags/tutorial.py
[2024-04-24T05:12:16.945+0000] {processor.py:830} INFO - Processing file /home/airflow/.local/lib/python3.8/site-packages/airflow/example_dags/tutorial.py for tasks to queue
[2024-04-24T05:12:16.946+0000] {logging_mixin.py:188} INFO - [2024-04-24T05:12:16.946+0000] {dagbag.py:540} INFO - Filling up the DagBag from /home/airflow/.local/lib/python3.8/site-packages/airflow/example_dags/tutorial.py
[2024-04-24T05:12:16.950+0000] {processor.py:840} INFO - DAG(s) 'tutorial' retrieved from /home/airflow/.local/lib/python3.8/site-packages/airflow/example_dags/tutorial.py
[2024-04-24T05:12:16.960+0000] {logging_mixin.py:188} INFO - [2024-04-24T05:12:16.960+0000] {dag.py:3047} INFO - Sync 1 DAGs
[2024-04-24T05:12:16.972+0000] {logging_mixin.py:188} INFO - [2024-04-24T05:12:16.971+0000] {dag.py:3834} INFO - Setting next_dagrun for tutorial to 2024-04-23 00:00:00+00:00, run_after=2024-04-24 00:00:00+00:00
[2024-04-24T05:12:16.981+0000] {processor.py:183} INFO - Processing /home/airflow/.local/lib/python3.8/site-packages/airflow/example_dags/tutorial.py took 0.038 seconds
[2024-04-24T05:12:47.617+0000] {processor.py:161} INFO - Started process (PID=246) to work on /home/airflow/.local/lib/python3.8/site-packages/airflow/example_dags/tutorial.py
[2024-04-24T05:12:47.618+0000] {processor.py:830} INFO - Processing file /home/airflow/.local/lib/python3.8/site-packages/airflow/example_dags/tutorial.py for tasks to queue
[2024-04-24T05:12:47.619+0000] {logging_mixin.py:188} INFO - [2024-04-24T05:12:47.619+0000] {dagbag.py:540} INFO - Filling up the DagBag from /home/airflow/.local/lib/python3.8/site-packages/airflow/example_dags/tutorial.py
[2024-04-24T05:12:47.622+0000] {processor.py:840} INFO - DAG(s) 'tutorial' retrieved from /home/airflow/.local/lib/python3.8/site-packages/airflow/example_dags/tutorial.py
[2024-04-24T05:12:47.635+0000] {logging_mixin.py:188} INFO - [2024-04-24T05:12:47.635+0000] {dag.py:3047} INFO - Sync 1 DAGs
[2024-04-24T05:12:47.648+0000] {logging_mixin.py:188} INFO - [2024-04-24T05:12:47.648+0000] {dag.py:3834} INFO - Setting next_dagrun for tutorial to 2024-04-23 00:00:00+00:00, run_after=2024-04-24 00:00:00+00:00
[2024-04-24T05:12:47.661+0000] {processor.py:183} INFO - Processing /home/airflow/.local/lib/python3.8/site-packages/airflow/example_dags/tutorial.py took 0.046 seconds
[2024-04-24T05:13:18.250+0000] {processor.py:161} INFO - Started process (PID=304) to work on /home/airflow/.local/lib/python3.8/site-packages/airflow/example_dags/tutorial.py
[2024-04-24T05:13:18.251+0000] {processor.py:830} INFO - Processing file /home/airflow/.local/lib/python3.8/site-packages/airflow/example_dags/tutorial.py for tasks to queue
[2024-04-24T05:13:18.252+0000] {logging_mixin.py:188} INFO - [2024-04-24T05:13:18.252+0000] {dagbag.py:540} INFO - Filling up the DagBag from /home/airflow/.local/lib/python3.8/site-packages/airflow/example_dags/tutorial.py
[2024-04-24T05:13:18.255+0000] {processor.py:840} INFO - DAG(s) 'tutorial' retrieved from /home/airflow/.local/lib/python3.8/site-packages/airflow/example_dags/tutorial.py
[2024-04-24T05:13:18.265+0000] {logging_mixin.py:188} INFO - [2024-04-24T05:13:18.265+0000] {dag.py:3047} INFO - Sync 1 DAGs
[2024-04-24T05:13:18.277+0000] {logging_mixin.py:188} INFO - [2024-04-24T05:13:18.276+0000] {dag.py:3834} INFO - Setting next_dagrun for tutorial to 2024-04-23 00:00:00+00:00, run_after=2024-04-24 00:00:00+00:00
[2024-04-24T05:13:18.286+0000] {processor.py:183} INFO - Processing /home/airflow/.local/lib/python3.8/site-packages/airflow/example_dags/tutorial.py took 0.038 seconds
[2024-04-24T05:13:48.968+0000] {processor.py:161} INFO - Started process (PID=362) to work on /home/airflow/.local/lib/python3.8/site-packages/airflow/example_dags/tutorial.py
[2024-04-24T05:13:48.969+0000] {processor.py:830} INFO - Processing file /home/airflow/.local/lib/python3.8/site-packages/airflow/example_dags/tutorial.py for tasks to queue
[2024-04-24T05:13:48.970+0000] {logging_mixin.py:188} INFO - [2024-04-24T05:13:48.969+0000] {dagbag.py:540} INFO - Filling up the DagBag from /home/airflow/.local/lib/python3.8/site-packages/airflow/example_dags/tutorial.py
[2024-04-24T05:13:48.973+0000] {processor.py:840} INFO - DAG(s) 'tutorial' retrieved from /home/airflow/.local/lib/python3.8/site-packages/airflow/example_dags/tutorial.py
[2024-04-24T05:13:48.983+0000] {logging_mixin.py:188} INFO - [2024-04-24T05:13:48.983+0000] {dag.py:3047} INFO - Sync 1 DAGs
[2024-04-24T05:13:48.995+0000] {logging_mixin.py:188} INFO - [2024-04-24T05:13:48.995+0000] {dag.py:3834} INFO - Setting next_dagrun for tutorial to 2024-04-23 00:00:00+00:00, run_after=2024-04-24 00:00:00+00:00
[2024-04-24T05:13:49.005+0000] {processor.py:183} INFO - Processing /home/airflow/.local/lib/python3.8/site-packages/airflow/example_dags/tutorial.py took 0.039 seconds
[2024-04-24T05:14:19.665+0000] {processor.py:161} INFO - Started process (PID=420) to work on /home/airflow/.local/lib/python3.8/site-packages/airflow/example_dags/tutorial.py
[2024-04-24T05:14:19.666+0000] {processor.py:830} INFO - Processing file /home/airflow/.local/lib/python3.8/site-packages/airflow/example_dags/tutorial.py for tasks to queue
[2024-04-24T05:14:19.667+0000] {logging_mixin.py:188} INFO - [2024-04-24T05:14:19.667+0000] {dagbag.py:540} INFO - Filling up the DagBag from /home/airflow/.local/lib/python3.8/site-packages/airflow/example_dags/tutorial.py
[2024-04-24T05:14:19.670+0000] {processor.py:840} INFO - DAG(s) 'tutorial' retrieved from /home/airflow/.local/lib/python3.8/site-packages/airflow/example_dags/tutorial.py
[2024-04-24T05:14:19.681+0000] {logging_mixin.py:188} INFO - [2024-04-24T05:14:19.680+0000] {dag.py:3047} INFO - Sync 1 DAGs
[2024-04-24T05:14:19.692+0000] {logging_mixin.py:188} INFO - [2024-04-24T05:14:19.692+0000] {dag.py:3834} INFO - Setting next_dagrun for tutorial to 2024-04-23 00:00:00+00:00, run_after=2024-04-24 00:00:00+00:00
[2024-04-24T05:14:19.702+0000] {processor.py:183} INFO - Processing /home/airflow/.local/lib/python3.8/site-packages/airflow/example_dags/tutorial.py took 0.039 seconds
[2024-04-24T05:14:50.369+0000] {processor.py:161} INFO - Started process (PID=478) to work on /home/airflow/.local/lib/python3.8/site-packages/airflow/example_dags/tutorial.py
[2024-04-24T05:14:50.369+0000] {processor.py:830} INFO - Processing file /home/airflow/.local/lib/python3.8/site-packages/airflow/example_dags/tutorial.py for tasks to queue
[2024-04-24T05:14:50.370+0000] {logging_mixin.py:188} INFO - [2024-04-24T05:14:50.370+0000] {dagbag.py:540} INFO - Filling up the DagBag from /home/airflow/.local/lib/python3.8/site-packages/airflow/example_dags/tutorial.py
[2024-04-24T05:14:50.373+0000] {processor.py:840} INFO - DAG(s) 'tutorial' retrieved from /home/airflow/.local/lib/python3.8/site-packages/airflow/example_dags/tutorial.py
[2024-04-24T05:14:50.383+0000] {logging_mixin.py:188} INFO - [2024-04-24T05:14:50.383+0000] {dag.py:3047} INFO - Sync 1 DAGs
[2024-04-24T05:14:50.394+0000] {logging_mixin.py:188} INFO - [2024-04-24T05:14:50.394+0000] {dag.py:3834} INFO - Setting next_dagrun for tutorial to 2024-04-23 00:00:00+00:00, run_after=2024-04-24 00:00:00+00:00
[2024-04-24T05:14:50.404+0000] {processor.py:183} INFO - Processing /home/airflow/.local/lib/python3.8/site-packages/airflow/example_dags/tutorial.py took 0.037 seconds
[2024-04-24T05:15:20.896+0000] {processor.py:161} INFO - Started process (PID=537) to work on /home/airflow/.local/lib/python3.8/site-packages/airflow/example_dags/tutorial.py
[2024-04-24T05:15:20.896+0000] {processor.py:830} INFO - Processing file /home/airflow/.local/lib/python3.8/site-packages/airflow/example_dags/tutorial.py for tasks to queue
[2024-04-24T05:15:20.897+0000] {logging_mixin.py:188} INFO - [2024-04-24T05:15:20.897+0000] {dagbag.py:540} INFO - Filling up the DagBag from /home/airflow/.local/lib/python3.8/site-packages/airflow/example_dags/tutorial.py
[2024-04-24T05:15:20.900+0000] {processor.py:840} INFO - DAG(s) 'tutorial' retrieved from /home/airflow/.local/lib/python3.8/site-packages/airflow/example_dags/tutorial.py
[2024-04-24T05:15:20.911+0000] {logging_mixin.py:188} INFO - [2024-04-24T05:15:20.911+0000] {dag.py:3047} INFO - Sync 1 DAGs
[2024-04-24T05:15:20.922+0000] {logging_mixin.py:188} INFO - [2024-04-24T05:15:20.922+0000] {dag.py:3834} INFO - Setting next_dagrun for tutorial to 2024-04-23 00:00:00+00:00, run_after=2024-04-24 00:00:00+00:00
[2024-04-24T05:15:20.932+0000] {processor.py:183} INFO - Processing /home/airflow/.local/lib/python3.8/site-packages/airflow/example_dags/tutorial.py took 0.038 seconds
[2024-04-24T05:15:51.382+0000] {processor.py:161} INFO - Started process (PID=595) to work on /home/airflow/.local/lib/python3.8/site-packages/airflow/example_dags/tutorial.py
[2024-04-24T05:15:51.383+0000] {processor.py:830} INFO - Processing file /home/airflow/.local/lib/python3.8/site-packages/airflow/example_dags/tutorial.py for tasks to queue
[2024-04-24T05:15:51.384+0000] {logging_mixin.py:188} INFO - [2024-04-24T05:15:51.384+0000] {dagbag.py:540} INFO - Filling up the DagBag from /home/airflow/.local/lib/python3.8/site-packages/airflow/example_dags/tutorial.py
[2024-04-24T05:15:51.387+0000] {processor.py:840} INFO - DAG(s) 'tutorial' retrieved from /home/airflow/.local/lib/python3.8/site-packages/airflow/example_dags/tutorial.py
[2024-04-24T05:15:51.398+0000] {logging_mixin.py:188} INFO - [2024-04-24T05:15:51.397+0000] {dag.py:3047} INFO - Sync 1 DAGs
[2024-04-24T05:15:51.409+0000] {logging_mixin.py:188} INFO - [2024-04-24T05:15:51.409+0000] {dag.py:3834} INFO - Setting next_dagrun for tutorial to 2024-04-23 00:00:00+00:00, run_after=2024-04-24 00:00:00+00:00
[2024-04-24T05:15:51.419+0000] {processor.py:183} INFO - Processing /home/airflow/.local/lib/python3.8/site-packages/airflow/example_dags/tutorial.py took 0.038 seconds
[2024-04-24T05:16:21.899+0000] {processor.py:161} INFO - Started process (PID=653) to work on /home/airflow/.local/lib/python3.8/site-packages/airflow/example_dags/tutorial.py
[2024-04-24T05:16:21.900+0000] {processor.py:830} INFO - Processing file /home/airflow/.local/lib/python3.8/site-packages/airflow/example_dags/tutorial.py for tasks to queue
[2024-04-24T05:16:21.901+0000] {logging_mixin.py:188} INFO - [2024-04-24T05:16:21.900+0000] {dagbag.py:540} INFO - Filling up the DagBag from /home/airflow/.local/lib/python3.8/site-packages/airflow/example_dags/tutorial.py
[2024-04-24T05:16:21.904+0000] {processor.py:840} INFO - DAG(s) 'tutorial' retrieved from /home/airflow/.local/lib/python3.8/site-packages/airflow/example_dags/tutorial.py
[2024-04-24T05:16:21.914+0000] {logging_mixin.py:188} INFO - [2024-04-24T05:16:21.914+0000] {dag.py:3047} INFO - Sync 1 DAGs
[2024-04-24T05:16:21.925+0000] {logging_mixin.py:188} INFO - [2024-04-24T05:16:21.925+0000] {dag.py:3834} INFO - Setting next_dagrun for tutorial to 2024-04-23 00:00:00+00:00, run_after=2024-04-24 00:00:00+00:00
[2024-04-24T05:16:21.935+0000] {processor.py:183} INFO - Processing /home/airflow/.local/lib/python3.8/site-packages/airflow/example_dags/tutorial.py took 0.038 seconds
[2024-04-24T05:16:52.452+0000] {processor.py:161} INFO - Started process (PID=711) to work on /home/airflow/.local/lib/python3.8/site-packages/airflow/example_dags/tutorial.py
[2024-04-24T05:16:52.453+0000] {processor.py:830} INFO - Processing file /home/airflow/.local/lib/python3.8/site-packages/airflow/example_dags/tutorial.py for tasks to queue
[2024-04-24T05:16:52.454+0000] {logging_mixin.py:188} INFO - [2024-04-24T05:16:52.453+0000] {dagbag.py:540} INFO - Filling up the DagBag from /home/airflow/.local/lib/python3.8/site-packages/airflow/example_dags/tutorial.py
[2024-04-24T05:16:52.457+0000] {processor.py:840} INFO - DAG(s) 'tutorial' retrieved from /home/airflow/.local/lib/python3.8/site-packages/airflow/example_dags/tutorial.py
[2024-04-24T05:16:52.468+0000] {logging_mixin.py:188} INFO - [2024-04-24T05:16:52.468+0000] {dag.py:3047} INFO - Sync 1 DAGs
[2024-04-24T05:16:52.479+0000] {logging_mixin.py:188} INFO - [2024-04-24T05:16:52.479+0000] {dag.py:3834} INFO - Setting next_dagrun for tutorial to 2024-04-23 00:00:00+00:00, run_after=2024-04-24 00:00:00+00:00
[2024-04-24T05:16:52.489+0000] {processor.py:183} INFO - Processing /home/airflow/.local/lib/python3.8/site-packages/airflow/example_dags/tutorial.py took 0.039 seconds
[2024-04-24T05:17:22.956+0000] {processor.py:161} INFO - Started process (PID=769) to work on /home/airflow/.local/lib/python3.8/site-packages/airflow/example_dags/tutorial.py
[2024-04-24T05:17:22.957+0000] {processor.py:830} INFO - Processing file /home/airflow/.local/lib/python3.8/site-packages/airflow/example_dags/tutorial.py for tasks to queue
[2024-04-24T05:17:22.958+0000] {logging_mixin.py:188} INFO - [2024-04-24T05:17:22.958+0000] {dagbag.py:540} INFO - Filling up the DagBag from /home/airflow/.local/lib/python3.8/site-packages/airflow/example_dags/tutorial.py
[2024-04-24T05:17:22.962+0000] {processor.py:840} INFO - DAG(s) 'tutorial' retrieved from /home/airflow/.local/lib/python3.8/site-packages/airflow/example_dags/tutorial.py
[2024-04-24T05:17:22.974+0000] {logging_mixin.py:188} INFO - [2024-04-24T05:17:22.973+0000] {dag.py:3047} INFO - Sync 1 DAGs
[2024-04-24T05:17:22.986+0000] {logging_mixin.py:188} INFO - [2024-04-24T05:17:22.986+0000] {dag.py:3834} INFO - Setting next_dagrun for tutorial to 2024-04-23 00:00:00+00:00, run_after=2024-04-24 00:00:00+00:00
[2024-04-24T05:17:22.997+0000] {processor.py:183} INFO - Processing /home/airflow/.local/lib/python3.8/site-packages/airflow/example_dags/tutorial.py took 0.042 seconds
[2024-04-24T05:17:53.576+0000] {processor.py:161} INFO - Started process (PID=827) to work on /home/airflow/.local/lib/python3.8/site-packages/airflow/example_dags/tutorial.py
[2024-04-24T05:17:53.576+0000] {processor.py:830} INFO - Processing file /home/airflow/.local/lib/python3.8/site-packages/airflow/example_dags/tutorial.py for tasks to queue
[2024-04-24T05:17:53.578+0000] {logging_mixin.py:188} INFO - [2024-04-24T05:17:53.577+0000] {dagbag.py:540} INFO - Filling up the DagBag from /home/airflow/.local/lib/python3.8/site-packages/airflow/example_dags/tutorial.py
[2024-04-24T05:17:53.581+0000] {processor.py:840} INFO - DAG(s) 'tutorial' retrieved from /home/airflow/.local/lib/python3.8/site-packages/airflow/example_dags/tutorial.py
[2024-04-24T05:17:53.592+0000] {logging_mixin.py:188} INFO - [2024-04-24T05:17:53.592+0000] {dag.py:3047} INFO - Sync 1 DAGs
[2024-04-24T05:17:53.604+0000] {logging_mixin.py:188} INFO - [2024-04-24T05:17:53.604+0000] {dag.py:3834} INFO - Setting next_dagrun for tutorial to 2024-04-23 00:00:00+00:00, run_after=2024-04-24 00:00:00+00:00
[2024-04-24T05:17:53.614+0000] {processor.py:183} INFO - Processing /home/airflow/.local/lib/python3.8/site-packages/airflow/example_dags/tutorial.py took 0.040 seconds
[2024-04-24T05:18:24.308+0000] {processor.py:161} INFO - Started process (PID=885) to work on /home/airflow/.local/lib/python3.8/site-packages/airflow/example_dags/tutorial.py
[2024-04-24T05:18:24.309+0000] {processor.py:830} INFO - Processing file /home/airflow/.local/lib/python3.8/site-packages/airflow/example_dags/tutorial.py for tasks to queue
[2024-04-24T05:18:24.310+0000] {logging_mixin.py:188} INFO - [2024-04-24T05:18:24.310+0000] {dagbag.py:540} INFO - Filling up the DagBag from /home/airflow/.local/lib/python3.8/site-packages/airflow/example_dags/tutorial.py
[2024-04-24T05:18:24.313+0000] {processor.py:840} INFO - DAG(s) 'tutorial' retrieved from /home/airflow/.local/lib/python3.8/site-packages/airflow/example_dags/tutorial.py
[2024-04-24T05:18:24.325+0000] {logging_mixin.py:188} INFO - [2024-04-24T05:18:24.325+0000] {dag.py:3047} INFO - Sync 1 DAGs
[2024-04-24T05:18:24.345+0000] {logging_mixin.py:188} INFO - [2024-04-24T05:18:24.345+0000] {dag.py:3834} INFO - Setting next_dagrun for tutorial to 2024-04-23 00:00:00+00:00, run_after=2024-04-24 00:00:00+00:00
[2024-04-24T05:18:24.358+0000] {processor.py:183} INFO - Processing /home/airflow/.local/lib/python3.8/site-packages/airflow/example_dags/tutorial.py took 0.052 seconds
[2024-04-24T05:18:54.873+0000] {processor.py:161} INFO - Started process (PID=943) to work on /home/airflow/.local/lib/python3.8/site-packages/airflow/example_dags/tutorial.py
[2024-04-24T05:18:54.873+0000] {processor.py:830} INFO - Processing file /home/airflow/.local/lib/python3.8/site-packages/airflow/example_dags/tutorial.py for tasks to queue
[2024-04-24T05:18:54.874+0000] {logging_mixin.py:188} INFO - [2024-04-24T05:18:54.874+0000] {dagbag.py:540} INFO - Filling up the DagBag from /home/airflow/.local/lib/python3.8/site-packages/airflow/example_dags/tutorial.py
[2024-04-24T05:18:54.878+0000] {processor.py:840} INFO - DAG(s) 'tutorial' retrieved from /home/airflow/.local/lib/python3.8/site-packages/airflow/example_dags/tutorial.py
[2024-04-24T05:18:54.888+0000] {logging_mixin.py:188} INFO - [2024-04-24T05:18:54.887+0000] {dag.py:3047} INFO - Sync 1 DAGs
[2024-04-24T05:18:54.899+0000] {logging_mixin.py:188} INFO - [2024-04-24T05:18:54.899+0000] {dag.py:3834} INFO - Setting next_dagrun for tutorial to 2024-04-23 00:00:00+00:00, run_after=2024-04-24 00:00:00+00:00
[2024-04-24T05:18:54.909+0000] {processor.py:183} INFO - Processing /home/airflow/.local/lib/python3.8/site-packages/airflow/example_dags/tutorial.py took 0.038 seconds
[2024-04-24T05:19:25.449+0000] {processor.py:161} INFO - Started process (PID=1001) to work on /home/airflow/.local/lib/python3.8/site-packages/airflow/example_dags/tutorial.py
[2024-04-24T05:19:25.449+0000] {processor.py:830} INFO - Processing file /home/airflow/.local/lib/python3.8/site-packages/airflow/example_dags/tutorial.py for tasks to queue
[2024-04-24T05:19:25.450+0000] {logging_mixin.py:188} INFO - [2024-04-24T05:19:25.450+0000] {dagbag.py:540} INFO - Filling up the DagBag from /home/airflow/.local/lib/python3.8/site-packages/airflow/example_dags/tutorial.py
[2024-04-24T05:19:25.453+0000] {processor.py:840} INFO - DAG(s) 'tutorial' retrieved from /home/airflow/.local/lib/python3.8/site-packages/airflow/example_dags/tutorial.py
[2024-04-24T05:19:25.463+0000] {logging_mixin.py:188} INFO - [2024-04-24T05:19:25.463+0000] {dag.py:3047} INFO - Sync 1 DAGs
[2024-04-24T05:19:25.474+0000] {logging_mixin.py:188} INFO - [2024-04-24T05:19:25.474+0000] {dag.py:3834} INFO - Setting next_dagrun for tutorial to 2024-04-23 00:00:00+00:00, run_after=2024-04-24 00:00:00+00:00
[2024-04-24T05:19:25.484+0000] {processor.py:183} INFO - Processing /home/airflow/.local/lib/python3.8/site-packages/airflow/example_dags/tutorial.py took 0.037 seconds
[2024-04-24T05:19:55.994+0000] {processor.py:161} INFO - Started process (PID=1059) to work on /home/airflow/.local/lib/python3.8/site-packages/airflow/example_dags/tutorial.py
[2024-04-24T05:19:55.994+0000] {processor.py:830} INFO - Processing file /home/airflow/.local/lib/python3.8/site-packages/airflow/example_dags/tutorial.py for tasks to queue
[2024-04-24T05:19:55.995+0000] {logging_mixin.py:188} INFO - [2024-04-24T05:19:55.995+0000] {dagbag.py:540} INFO - Filling up the DagBag from /home/airflow/.local/lib/python3.8/site-packages/airflow/example_dags/tutorial.py
[2024-04-24T05:19:55.998+0000] {processor.py:840} INFO - DAG(s) 'tutorial' retrieved from /home/airflow/.local/lib/python3.8/site-packages/airflow/example_dags/tutorial.py
[2024-04-24T05:19:56.009+0000] {logging_mixin.py:188} INFO - [2024-04-24T05:19:56.009+0000] {dag.py:3047} INFO - Sync 1 DAGs
[2024-04-24T05:19:56.020+0000] {logging_mixin.py:188} INFO - [2024-04-24T05:19:56.020+0000] {dag.py:3834} INFO - Setting next_dagrun for tutorial to 2024-04-23 00:00:00+00:00, run_after=2024-04-24 00:00:00+00:00
[2024-04-24T05:19:56.030+0000] {processor.py:183} INFO - Processing /home/airflow/.local/lib/python3.8/site-packages/airflow/example_dags/tutorial.py took 0.038 seconds
[2024-04-24T05:20:26.515+0000] {processor.py:161} INFO - Started process (PID=1117) to work on /home/airflow/.local/lib/python3.8/site-packages/airflow/example_dags/tutorial.py
[2024-04-24T05:20:26.516+0000] {processor.py:830} INFO - Processing file /home/airflow/.local/lib/python3.8/site-packages/airflow/example_dags/tutorial.py for tasks to queue
[2024-04-24T05:20:26.517+0000] {logging_mixin.py:188} INFO - [2024-04-24T05:20:26.517+0000] {dagbag.py:540} INFO - Filling up the DagBag from /home/airflow/.local/lib/python3.8/site-packages/airflow/example_dags/tutorial.py
[2024-04-24T05:20:26.520+0000] {processor.py:840} INFO - DAG(s) 'tutorial' retrieved from /home/airflow/.local/lib/python3.8/site-packages/airflow/example_dags/tutorial.py
[2024-04-24T05:20:26.530+0000] {logging_mixin.py:188} INFO - [2024-04-24T05:20:26.530+0000] {dag.py:3047} INFO - Sync 1 DAGs
[2024-04-24T05:20:26.541+0000] {logging_mixin.py:188} INFO - [2024-04-24T05:20:26.541+0000] {dag.py:3834} INFO - Setting next_dagrun for tutorial to 2024-04-23 00:00:00+00:00, run_after=2024-04-24 00:00:00+00:00
[2024-04-24T05:20:26.551+0000] {processor.py:183} INFO - Processing /home/airflow/.local/lib/python3.8/site-packages/airflow/example_dags/tutorial.py took 0.037 seconds
[2024-04-24T05:20:57.109+0000] {processor.py:161} INFO - Started process (PID=1175) to work on /home/airflow/.local/lib/python3.8/site-packages/airflow/example_dags/tutorial.py
[2024-04-24T05:20:57.110+0000] {processor.py:830} INFO - Processing file /home/airflow/.local/lib/python3.8/site-packages/airflow/example_dags/tutorial.py for tasks to queue
[2024-04-24T05:20:57.111+0000] {logging_mixin.py:188} INFO - [2024-04-24T05:20:57.110+0000] {dagbag.py:540} INFO - Filling up the DagBag from /home/airflow/.local/lib/python3.8/site-packages/airflow/example_dags/tutorial.py
[2024-04-24T05:20:57.114+0000] {processor.py:840} INFO - DAG(s) 'tutorial' retrieved from /home/airflow/.local/lib/python3.8/site-packages/airflow/example_dags/tutorial.py
[2024-04-24T05:20:57.124+0000] {logging_mixin.py:188} INFO - [2024-04-24T05:20:57.124+0000] {dag.py:3047} INFO - Sync 1 DAGs
[2024-04-24T05:20:57.135+0000] {logging_mixin.py:188} INFO - [2024-04-24T05:20:57.135+0000] {dag.py:3834} INFO - Setting next_dagrun for tutorial to 2024-04-23 00:00:00+00:00, run_after=2024-04-24 00:00:00+00:00
[2024-04-24T05:20:57.146+0000] {processor.py:183} INFO - Processing /home/airflow/.local/lib/python3.8/site-packages/airflow/example_dags/tutorial.py took 0.039 seconds
[2024-04-24T05:21:27.619+0000] {processor.py:161} INFO - Started process (PID=1233) to work on /home/airflow/.local/lib/python3.8/site-packages/airflow/example_dags/tutorial.py
[2024-04-24T05:21:27.620+0000] {processor.py:830} INFO - Processing file /home/airflow/.local/lib/python3.8/site-packages/airflow/example_dags/tutorial.py for tasks to queue
[2024-04-24T05:21:27.621+0000] {logging_mixin.py:188} INFO - [2024-04-24T05:21:27.621+0000] {dagbag.py:540} INFO - Filling up the DagBag from /home/airflow/.local/lib/python3.8/site-packages/airflow/example_dags/tutorial.py
[2024-04-24T05:21:27.624+0000] {processor.py:840} INFO - DAG(s) 'tutorial' retrieved from /home/airflow/.local/lib/python3.8/site-packages/airflow/example_dags/tutorial.py
[2024-04-24T05:21:27.635+0000] {logging_mixin.py:188} INFO - [2024-04-24T05:21:27.635+0000] {dag.py:3047} INFO - Sync 1 DAGs
[2024-04-24T05:21:27.646+0000] {logging_mixin.py:188} INFO - [2024-04-24T05:21:27.646+0000] {dag.py:3834} INFO - Setting next_dagrun for tutorial to 2024-04-23 00:00:00+00:00, run_after=2024-04-24 00:00:00+00:00
[2024-04-24T05:21:27.656+0000] {processor.py:183} INFO - Processing /home/airflow/.local/lib/python3.8/site-packages/airflow/example_dags/tutorial.py took 0.038 seconds
[2024-04-24T05:21:58.108+0000] {processor.py:161} INFO - Started process (PID=1291) to work on /home/airflow/.local/lib/python3.8/site-packages/airflow/example_dags/tutorial.py
[2024-04-24T05:21:58.109+0000] {processor.py:830} INFO - Processing file /home/airflow/.local/lib/python3.8/site-packages/airflow/example_dags/tutorial.py for tasks to queue
[2024-04-24T05:21:58.110+0000] {logging_mixin.py:188} INFO - [2024-04-24T05:21:58.110+0000] {dagbag.py:540} INFO - Filling up the DagBag from /home/airflow/.local/lib/python3.8/site-packages/airflow/example_dags/tutorial.py
[2024-04-24T05:21:58.113+0000] {processor.py:840} INFO - DAG(s) 'tutorial' retrieved from /home/airflow/.local/lib/python3.8/site-packages/airflow/example_dags/tutorial.py
[2024-04-24T05:21:58.123+0000] {logging_mixin.py:188} INFO - [2024-04-24T05:21:58.123+0000] {dag.py:3047} INFO - Sync 1 DAGs
[2024-04-24T05:21:58.134+0000] {logging_mixin.py:188} INFO - [2024-04-24T05:21:58.133+0000] {dag.py:3834} INFO - Setting next_dagrun for tutorial to 2024-04-23 00:00:00+00:00, run_after=2024-04-24 00:00:00+00:00
[2024-04-24T05:21:58.143+0000] {processor.py:183} INFO - Processing /home/airflow/.local/lib/python3.8/site-packages/airflow/example_dags/tutorial.py took 0.036 seconds
[2024-04-24T05:22:28.586+0000] {processor.py:161} INFO - Started process (PID=1349) to work on /home/airflow/.local/lib/python3.8/site-packages/airflow/example_dags/tutorial.py
[2024-04-24T05:22:28.587+0000] {processor.py:830} INFO - Processing file /home/airflow/.local/lib/python3.8/site-packages/airflow/example_dags/tutorial.py for tasks to queue
[2024-04-24T05:22:28.588+0000] {logging_mixin.py:188} INFO - [2024-04-24T05:22:28.588+0000] {dagbag.py:540} INFO - Filling up the DagBag from /home/airflow/.local/lib/python3.8/site-packages/airflow/example_dags/tutorial.py
[2024-04-24T05:22:28.591+0000] {processor.py:840} INFO - DAG(s) 'tutorial' retrieved from /home/airflow/.local/lib/python3.8/site-packages/airflow/example_dags/tutorial.py
[2024-04-24T05:22:28.601+0000] {logging_mixin.py:188} INFO - [2024-04-24T05:22:28.601+0000] {dag.py:3047} INFO - Sync 1 DAGs
[2024-04-24T05:22:28.611+0000] {logging_mixin.py:188} INFO - [2024-04-24T05:22:28.611+0000] {dag.py:3834} INFO - Setting next_dagrun for tutorial to 2024-04-23 00:00:00+00:00, run_after=2024-04-24 00:00:00+00:00
[2024-04-24T05:22:28.621+0000] {processor.py:183} INFO - Processing /home/airflow/.local/lib/python3.8/site-packages/airflow/example_dags/tutorial.py took 0.036 seconds
[2024-04-24T05:22:59.128+0000] {processor.py:161} INFO - Started process (PID=1407) to work on /home/airflow/.local/lib/python3.8/site-packages/airflow/example_dags/tutorial.py
[2024-04-24T05:22:59.129+0000] {processor.py:830} INFO - Processing file /home/airflow/.local/lib/python3.8/site-packages/airflow/example_dags/tutorial.py for tasks to queue
[2024-04-24T05:22:59.130+0000] {logging_mixin.py:188} INFO - [2024-04-24T05:22:59.130+0000] {dagbag.py:540} INFO - Filling up the DagBag from /home/airflow/.local/lib/python3.8/site-packages/airflow/example_dags/tutorial.py
[2024-04-24T05:22:59.133+0000] {processor.py:840} INFO - DAG(s) 'tutorial' retrieved from /home/airflow/.local/lib/python3.8/site-packages/airflow/example_dags/tutorial.py
[2024-04-24T05:22:59.144+0000] {logging_mixin.py:188} INFO - [2024-04-24T05:22:59.144+0000] {dag.py:3047} INFO - Sync 1 DAGs
[2024-04-24T05:22:59.155+0000] {logging_mixin.py:188} INFO - [2024-04-24T05:22:59.155+0000] {dag.py:3834} INFO - Setting next_dagrun for tutorial to 2024-04-23 00:00:00+00:00, run_after=2024-04-24 00:00:00+00:00
[2024-04-24T05:22:59.165+0000] {processor.py:183} INFO - Processing /home/airflow/.local/lib/python3.8/site-packages/airflow/example_dags/tutorial.py took 0.039 seconds
[2024-04-24T05:23:29.655+0000] {processor.py:161} INFO - Started process (PID=1465) to work on /home/airflow/.local/lib/python3.8/site-packages/airflow/example_dags/tutorial.py
[2024-04-24T05:23:29.656+0000] {processor.py:830} INFO - Processing file /home/airflow/.local/lib/python3.8/site-packages/airflow/example_dags/tutorial.py for tasks to queue
[2024-04-24T05:23:29.657+0000] {logging_mixin.py:188} INFO - [2024-04-24T05:23:29.657+0000] {dagbag.py:540} INFO - Filling up the DagBag from /home/airflow/.local/lib/python3.8/site-packages/airflow/example_dags/tutorial.py
[2024-04-24T05:23:29.660+0000] {processor.py:840} INFO - DAG(s) 'tutorial' retrieved from /home/airflow/.local/lib/python3.8/site-packages/airflow/example_dags/tutorial.py
[2024-04-24T05:23:29.671+0000] {logging_mixin.py:188} INFO - [2024-04-24T05:23:29.671+0000] {dag.py:3047} INFO - Sync 1 DAGs
[2024-04-24T05:23:29.683+0000] {logging_mixin.py:188} INFO - [2024-04-24T05:23:29.682+0000] {dag.py:3834} INFO - Setting next_dagrun for tutorial to 2024-04-23 00:00:00+00:00, run_after=2024-04-24 00:00:00+00:00
[2024-04-24T05:23:29.692+0000] {processor.py:183} INFO - Processing /home/airflow/.local/lib/python3.8/site-packages/airflow/example_dags/tutorial.py took 0.039 seconds
[2024-04-24T05:24:00.149+0000] {processor.py:161} INFO - Started process (PID=1523) to work on /home/airflow/.local/lib/python3.8/site-packages/airflow/example_dags/tutorial.py
[2024-04-24T05:24:00.150+0000] {processor.py:830} INFO - Processing file /home/airflow/.local/lib/python3.8/site-packages/airflow/example_dags/tutorial.py for tasks to queue
[2024-04-24T05:24:00.151+0000] {logging_mixin.py:188} INFO - [2024-04-24T05:24:00.151+0000] {dagbag.py:540} INFO - Filling up the DagBag from /home/airflow/.local/lib/python3.8/site-packages/airflow/example_dags/tutorial.py
[2024-04-24T05:24:00.154+0000] {processor.py:840} INFO - DAG(s) 'tutorial' retrieved from /home/airflow/.local/lib/python3.8/site-packages/airflow/example_dags/tutorial.py
[2024-04-24T05:24:00.164+0000] {logging_mixin.py:188} INFO - [2024-04-24T05:24:00.164+0000] {dag.py:3047} INFO - Sync 1 DAGs
[2024-04-24T05:24:00.176+0000] {logging_mixin.py:188} INFO - [2024-04-24T05:24:00.176+0000] {dag.py:3834} INFO - Setting next_dagrun for tutorial to 2024-04-23 00:00:00+00:00, run_after=2024-04-24 00:00:00+00:00
[2024-04-24T05:24:00.186+0000] {processor.py:183} INFO - Processing /home/airflow/.local/lib/python3.8/site-packages/airflow/example_dags/tutorial.py took 0.040 seconds
[2024-04-24T05:24:30.627+0000] {processor.py:161} INFO - Started process (PID=1581) to work on /home/airflow/.local/lib/python3.8/site-packages/airflow/example_dags/tutorial.py
[2024-04-24T05:24:30.628+0000] {processor.py:830} INFO - Processing file /home/airflow/.local/lib/python3.8/site-packages/airflow/example_dags/tutorial.py for tasks to queue
[2024-04-24T05:24:30.629+0000] {logging_mixin.py:188} INFO - [2024-04-24T05:24:30.629+0000] {dagbag.py:540} INFO - Filling up the DagBag from /home/airflow/.local/lib/python3.8/site-packages/airflow/example_dags/tutorial.py
[2024-04-24T05:24:30.632+0000] {processor.py:840} INFO - DAG(s) 'tutorial' retrieved from /home/airflow/.local/lib/python3.8/site-packages/airflow/example_dags/tutorial.py
[2024-04-24T05:24:30.642+0000] {logging_mixin.py:188} INFO - [2024-04-24T05:24:30.642+0000] {dag.py:3047} INFO - Sync 1 DAGs
[2024-04-24T05:24:30.654+0000] {logging_mixin.py:188} INFO - [2024-04-24T05:24:30.654+0000] {dag.py:3834} INFO - Setting next_dagrun for tutorial to 2024-04-23 00:00:00+00:00, run_after=2024-04-24 00:00:00+00:00
[2024-04-24T05:24:30.664+0000] {processor.py:183} INFO - Processing /home/airflow/.local/lib/python3.8/site-packages/airflow/example_dags/tutorial.py took 0.038 seconds
[2024-04-24T05:25:01.089+0000] {processor.py:161} INFO - Started process (PID=1639) to work on /home/airflow/.local/lib/python3.8/site-packages/airflow/example_dags/tutorial.py
[2024-04-24T05:25:01.089+0000] {processor.py:830} INFO - Processing file /home/airflow/.local/lib/python3.8/site-packages/airflow/example_dags/tutorial.py for tasks to queue
[2024-04-24T05:25:01.090+0000] {logging_mixin.py:188} INFO - [2024-04-24T05:25:01.090+0000] {dagbag.py:540} INFO - Filling up the DagBag from /home/airflow/.local/lib/python3.8/site-packages/airflow/example_dags/tutorial.py
[2024-04-24T05:25:01.094+0000] {processor.py:840} INFO - DAG(s) 'tutorial' retrieved from /home/airflow/.local/lib/python3.8/site-packages/airflow/example_dags/tutorial.py
[2024-04-24T05:25:01.104+0000] {logging_mixin.py:188} INFO - [2024-04-24T05:25:01.103+0000] {dag.py:3047} INFO - Sync 1 DAGs
[2024-04-24T05:25:01.115+0000] {logging_mixin.py:188} INFO - [2024-04-24T05:25:01.114+0000] {dag.py:3834} INFO - Setting next_dagrun for tutorial to 2024-04-23 00:00:00+00:00, run_after=2024-04-24 00:00:00+00:00
[2024-04-24T05:25:01.124+0000] {processor.py:183} INFO - Processing /home/airflow/.local/lib/python3.8/site-packages/airflow/example_dags/tutorial.py took 0.037 seconds
[2024-04-24T05:25:31.523+0000] {processor.py:161} INFO - Started process (PID=1697) to work on /home/airflow/.local/lib/python3.8/site-packages/airflow/example_dags/tutorial.py
[2024-04-24T05:25:31.524+0000] {processor.py:830} INFO - Processing file /home/airflow/.local/lib/python3.8/site-packages/airflow/example_dags/tutorial.py for tasks to queue
[2024-04-24T05:25:31.525+0000] {logging_mixin.py:188} INFO - [2024-04-24T05:25:31.525+0000] {dagbag.py:540} INFO - Filling up the DagBag from /home/airflow/.local/lib/python3.8/site-packages/airflow/example_dags/tutorial.py
[2024-04-24T05:25:31.528+0000] {processor.py:840} INFO - DAG(s) 'tutorial' retrieved from /home/airflow/.local/lib/python3.8/site-packages/airflow/example_dags/tutorial.py
[2024-04-24T05:25:31.539+0000] {logging_mixin.py:188} INFO - [2024-04-24T05:25:31.539+0000] {dag.py:3047} INFO - Sync 1 DAGs
[2024-04-24T05:25:31.551+0000] {logging_mixin.py:188} INFO - [2024-04-24T05:25:31.550+0000] {dag.py:3834} INFO - Setting next_dagrun for tutorial to 2024-04-23 00:00:00+00:00, run_after=2024-04-24 00:00:00+00:00
[2024-04-24T05:25:31.561+0000] {processor.py:183} INFO - Processing /home/airflow/.local/lib/python3.8/site-packages/airflow/example_dags/tutorial.py took 0.040 seconds
[2024-04-24T05:26:02.254+0000] {processor.py:161} INFO - Started process (PID=1755) to work on /home/airflow/.local/lib/python3.8/site-packages/airflow/example_dags/tutorial.py
[2024-04-24T05:26:02.254+0000] {processor.py:830} INFO - Processing file /home/airflow/.local/lib/python3.8/site-packages/airflow/example_dags/tutorial.py for tasks to queue
[2024-04-24T05:26:02.255+0000] {logging_mixin.py:188} INFO - [2024-04-24T05:26:02.255+0000] {dagbag.py:540} INFO - Filling up the DagBag from /home/airflow/.local/lib/python3.8/site-packages/airflow/example_dags/tutorial.py
[2024-04-24T05:26:02.258+0000] {processor.py:840} INFO - DAG(s) 'tutorial' retrieved from /home/airflow/.local/lib/python3.8/site-packages/airflow/example_dags/tutorial.py
[2024-04-24T05:26:02.269+0000] {logging_mixin.py:188} INFO - [2024-04-24T05:26:02.269+0000] {dag.py:3047} INFO - Sync 1 DAGs
[2024-04-24T05:26:02.280+0000] {logging_mixin.py:188} INFO - [2024-04-24T05:26:02.280+0000] {dag.py:3834} INFO - Setting next_dagrun for tutorial to 2024-04-23 00:00:00+00:00, run_after=2024-04-24 00:00:00+00:00
[2024-04-24T05:26:02.289+0000] {processor.py:183} INFO - Processing /home/airflow/.local/lib/python3.8/site-packages/airflow/example_dags/tutorial.py took 0.038 seconds
[2024-04-24T05:26:32.820+0000] {processor.py:161} INFO - Started process (PID=1813) to work on /home/airflow/.local/lib/python3.8/site-packages/airflow/example_dags/tutorial.py
[2024-04-24T05:26:32.820+0000] {processor.py:830} INFO - Processing file /home/airflow/.local/lib/python3.8/site-packages/airflow/example_dags/tutorial.py for tasks to queue
[2024-04-24T05:26:32.821+0000] {logging_mixin.py:188} INFO - [2024-04-24T05:26:32.821+0000] {dagbag.py:540} INFO - Filling up the DagBag from /home/airflow/.local/lib/python3.8/site-packages/airflow/example_dags/tutorial.py
[2024-04-24T05:26:32.824+0000] {processor.py:840} INFO - DAG(s) 'tutorial' retrieved from /home/airflow/.local/lib/python3.8/site-packages/airflow/example_dags/tutorial.py
[2024-04-24T05:26:32.835+0000] {logging_mixin.py:188} INFO - [2024-04-24T05:26:32.834+0000] {dag.py:3047} INFO - Sync 1 DAGs
[2024-04-24T05:26:32.846+0000] {logging_mixin.py:188} INFO - [2024-04-24T05:26:32.846+0000] {dag.py:3834} INFO - Setting next_dagrun for tutorial to 2024-04-23 00:00:00+00:00, run_after=2024-04-24 00:00:00+00:00
[2024-04-24T05:26:32.856+0000] {processor.py:183} INFO - Processing /home/airflow/.local/lib/python3.8/site-packages/airflow/example_dags/tutorial.py took 0.038 seconds
[2024-04-24T05:27:03.573+0000] {processor.py:161} INFO - Started process (PID=1871) to work on /home/airflow/.local/lib/python3.8/site-packages/airflow/example_dags/tutorial.py
[2024-04-24T05:27:03.574+0000] {processor.py:830} INFO - Processing file /home/airflow/.local/lib/python3.8/site-packages/airflow/example_dags/tutorial.py for tasks to queue
[2024-04-24T05:27:03.575+0000] {logging_mixin.py:188} INFO - [2024-04-24T05:27:03.575+0000] {dagbag.py:540} INFO - Filling up the DagBag from /home/airflow/.local/lib/python3.8/site-packages/airflow/example_dags/tutorial.py
[2024-04-24T05:27:03.578+0000] {processor.py:840} INFO - DAG(s) 'tutorial' retrieved from /home/airflow/.local/lib/python3.8/site-packages/airflow/example_dags/tutorial.py
[2024-04-24T05:27:03.589+0000] {logging_mixin.py:188} INFO - [2024-04-24T05:27:03.588+0000] {dag.py:3047} INFO - Sync 1 DAGs
[2024-04-24T05:27:03.599+0000] {logging_mixin.py:188} INFO - [2024-04-24T05:27:03.599+0000] {dag.py:3834} INFO - Setting next_dagrun for tutorial to 2024-04-23 00:00:00+00:00, run_after=2024-04-24 00:00:00+00:00
[2024-04-24T05:27:03.609+0000] {processor.py:183} INFO - Processing /home/airflow/.local/lib/python3.8/site-packages/airflow/example_dags/tutorial.py took 0.037 seconds
[2024-04-24T05:27:34.109+0000] {processor.py:161} INFO - Started process (PID=1929) to work on /home/airflow/.local/lib/python3.8/site-packages/airflow/example_dags/tutorial.py
[2024-04-24T05:27:34.110+0000] {processor.py:830} INFO - Processing file /home/airflow/.local/lib/python3.8/site-packages/airflow/example_dags/tutorial.py for tasks to queue
[2024-04-24T05:27:34.111+0000] {logging_mixin.py:188} INFO - [2024-04-24T05:27:34.111+0000] {dagbag.py:540} INFO - Filling up the DagBag from /home/airflow/.local/lib/python3.8/site-packages/airflow/example_dags/tutorial.py
[2024-04-24T05:27:34.114+0000] {processor.py:840} INFO - DAG(s) 'tutorial' retrieved from /home/airflow/.local/lib/python3.8/site-packages/airflow/example_dags/tutorial.py
[2024-04-24T05:27:34.124+0000] {logging_mixin.py:188} INFO - [2024-04-24T05:27:34.124+0000] {dag.py:3047} INFO - Sync 1 DAGs
[2024-04-24T05:27:34.135+0000] {logging_mixin.py:188} INFO - [2024-04-24T05:27:34.135+0000] {dag.py:3834} INFO - Setting next_dagrun for tutorial to 2024-04-23 00:00:00+00:00, run_after=2024-04-24 00:00:00+00:00
[2024-04-24T05:27:34.144+0000] {processor.py:183} INFO - Processing /home/airflow/.local/lib/python3.8/site-packages/airflow/example_dags/tutorial.py took 0.037 seconds
[2024-04-24T05:28:04.802+0000] {processor.py:161} INFO - Started process (PID=1987) to work on /home/airflow/.local/lib/python3.8/site-packages/airflow/example_dags/tutorial.py
[2024-04-24T05:28:04.802+0000] {processor.py:830} INFO - Processing file /home/airflow/.local/lib/python3.8/site-packages/airflow/example_dags/tutorial.py for tasks to queue
[2024-04-24T05:28:04.803+0000] {logging_mixin.py:188} INFO - [2024-04-24T05:28:04.803+0000] {dagbag.py:540} INFO - Filling up the DagBag from /home/airflow/.local/lib/python3.8/site-packages/airflow/example_dags/tutorial.py
[2024-04-24T05:28:04.807+0000] {processor.py:840} INFO - DAG(s) 'tutorial' retrieved from /home/airflow/.local/lib/python3.8/site-packages/airflow/example_dags/tutorial.py
[2024-04-24T05:28:04.818+0000] {logging_mixin.py:188} INFO - [2024-04-24T05:28:04.818+0000] {dag.py:3047} INFO - Sync 1 DAGs
[2024-04-24T05:28:04.829+0000] {logging_mixin.py:188} INFO - [2024-04-24T05:28:04.829+0000] {dag.py:3834} INFO - Setting next_dagrun for tutorial to 2024-04-23 00:00:00+00:00, run_after=2024-04-24 00:00:00+00:00
[2024-04-24T05:28:04.839+0000] {processor.py:183} INFO - Processing /home/airflow/.local/lib/python3.8/site-packages/airflow/example_dags/tutorial.py took 0.040 seconds
[2024-04-24T05:28:35.568+0000] {processor.py:161} INFO - Started process (PID=2044) to work on /home/airflow/.local/lib/python3.8/site-packages/airflow/example_dags/tutorial.py
[2024-04-24T05:28:35.568+0000] {processor.py:830} INFO - Processing file /home/airflow/.local/lib/python3.8/site-packages/airflow/example_dags/tutorial.py for tasks to queue
[2024-04-24T05:28:35.569+0000] {logging_mixin.py:188} INFO - [2024-04-24T05:28:35.569+0000] {dagbag.py:540} INFO - Filling up the DagBag from /home/airflow/.local/lib/python3.8/site-packages/airflow/example_dags/tutorial.py
[2024-04-24T05:28:35.573+0000] {processor.py:840} INFO - DAG(s) 'tutorial' retrieved from /home/airflow/.local/lib/python3.8/site-packages/airflow/example_dags/tutorial.py
[2024-04-24T05:28:35.583+0000] {logging_mixin.py:188} INFO - [2024-04-24T05:28:35.583+0000] {dag.py:3047} INFO - Sync 1 DAGs
[2024-04-24T05:28:35.595+0000] {logging_mixin.py:188} INFO - [2024-04-24T05:28:35.595+0000] {dag.py:3834} INFO - Setting next_dagrun for tutorial to 2024-04-23 00:00:00+00:00, run_after=2024-04-24 00:00:00+00:00
[2024-04-24T05:28:35.604+0000] {processor.py:183} INFO - Processing /home/airflow/.local/lib/python3.8/site-packages/airflow/example_dags/tutorial.py took 0.038 seconds
[2024-04-24T05:29:06.168+0000] {processor.py:161} INFO - Started process (PID=2103) to work on /home/airflow/.local/lib/python3.8/site-packages/airflow/example_dags/tutorial.py
[2024-04-24T05:29:06.169+0000] {processor.py:830} INFO - Processing file /home/airflow/.local/lib/python3.8/site-packages/airflow/example_dags/tutorial.py for tasks to queue
[2024-04-24T05:29:06.170+0000] {logging_mixin.py:188} INFO - [2024-04-24T05:29:06.170+0000] {dagbag.py:540} INFO - Filling up the DagBag from /home/airflow/.local/lib/python3.8/site-packages/airflow/example_dags/tutorial.py
[2024-04-24T05:29:06.173+0000] {processor.py:840} INFO - DAG(s) 'tutorial' retrieved from /home/airflow/.local/lib/python3.8/site-packages/airflow/example_dags/tutorial.py
[2024-04-24T05:29:06.183+0000] {logging_mixin.py:188} INFO - [2024-04-24T05:29:06.183+0000] {dag.py:3047} INFO - Sync 1 DAGs
[2024-04-24T05:29:06.194+0000] {logging_mixin.py:188} INFO - [2024-04-24T05:29:06.194+0000] {dag.py:3834} INFO - Setting next_dagrun for tutorial to 2024-04-23 00:00:00+00:00, run_after=2024-04-24 00:00:00+00:00
[2024-04-24T05:29:06.204+0000] {processor.py:183} INFO - Processing /home/airflow/.local/lib/python3.8/site-packages/airflow/example_dags/tutorial.py took 0.037 seconds
[2024-04-24T05:29:36.740+0000] {processor.py:161} INFO - Started process (PID=2161) to work on /home/airflow/.local/lib/python3.8/site-packages/airflow/example_dags/tutorial.py
[2024-04-24T05:29:36.740+0000] {processor.py:830} INFO - Processing file /home/airflow/.local/lib/python3.8/site-packages/airflow/example_dags/tutorial.py for tasks to queue
[2024-04-24T05:29:36.741+0000] {logging_mixin.py:188} INFO - [2024-04-24T05:29:36.741+0000] {dagbag.py:540} INFO - Filling up the DagBag from /home/airflow/.local/lib/python3.8/site-packages/airflow/example_dags/tutorial.py
[2024-04-24T05:29:36.744+0000] {processor.py:840} INFO - DAG(s) 'tutorial' retrieved from /home/airflow/.local/lib/python3.8/site-packages/airflow/example_dags/tutorial.py
[2024-04-24T05:29:36.755+0000] {logging_mixin.py:188} INFO - [2024-04-24T05:29:36.754+0000] {dag.py:3047} INFO - Sync 1 DAGs
[2024-04-24T05:29:36.766+0000] {logging_mixin.py:188} INFO - [2024-04-24T05:29:36.766+0000] {dag.py:3834} INFO - Setting next_dagrun for tutorial to 2024-04-23 00:00:00+00:00, run_after=2024-04-24 00:00:00+00:00
[2024-04-24T05:29:36.776+0000] {processor.py:183} INFO - Processing /home/airflow/.local/lib/python3.8/site-packages/airflow/example_dags/tutorial.py took 0.038 seconds
[2024-04-24T05:30:07.243+0000] {processor.py:161} INFO - Started process (PID=2219) to work on /home/airflow/.local/lib/python3.8/site-packages/airflow/example_dags/tutorial.py
[2024-04-24T05:30:07.243+0000] {processor.py:830} INFO - Processing file /home/airflow/.local/lib/python3.8/site-packages/airflow/example_dags/tutorial.py for tasks to queue
[2024-04-24T05:30:07.244+0000] {logging_mixin.py:188} INFO - [2024-04-24T05:30:07.244+0000] {dagbag.py:540} INFO - Filling up the DagBag from /home/airflow/.local/lib/python3.8/site-packages/airflow/example_dags/tutorial.py
[2024-04-24T05:30:07.247+0000] {processor.py:840} INFO - DAG(s) 'tutorial' retrieved from /home/airflow/.local/lib/python3.8/site-packages/airflow/example_dags/tutorial.py
[2024-04-24T05:30:07.257+0000] {logging_mixin.py:188} INFO - [2024-04-24T05:30:07.257+0000] {dag.py:3047} INFO - Sync 1 DAGs
[2024-04-24T05:30:07.268+0000] {logging_mixin.py:188} INFO - [2024-04-24T05:30:07.268+0000] {dag.py:3834} INFO - Setting next_dagrun for tutorial to 2024-04-23 00:00:00+00:00, run_after=2024-04-24 00:00:00+00:00
[2024-04-24T05:30:07.278+0000] {processor.py:183} INFO - Processing /home/airflow/.local/lib/python3.8/site-packages/airflow/example_dags/tutorial.py took 0.037 seconds
[2024-04-24T05:30:37.837+0000] {processor.py:161} INFO - Started process (PID=2277) to work on /home/airflow/.local/lib/python3.8/site-packages/airflow/example_dags/tutorial.py
[2024-04-24T05:30:37.837+0000] {processor.py:830} INFO - Processing file /home/airflow/.local/lib/python3.8/site-packages/airflow/example_dags/tutorial.py for tasks to queue
[2024-04-24T05:30:37.838+0000] {logging_mixin.py:188} INFO - [2024-04-24T05:30:37.838+0000] {dagbag.py:540} INFO - Filling up the DagBag from /home/airflow/.local/lib/python3.8/site-packages/airflow/example_dags/tutorial.py
[2024-04-24T05:30:37.841+0000] {processor.py:840} INFO - DAG(s) 'tutorial' retrieved from /home/airflow/.local/lib/python3.8/site-packages/airflow/example_dags/tutorial.py
[2024-04-24T05:30:37.851+0000] {logging_mixin.py:188} INFO - [2024-04-24T05:30:37.851+0000] {dag.py:3047} INFO - Sync 1 DAGs
[2024-04-24T05:30:37.862+0000] {logging_mixin.py:188} INFO - [2024-04-24T05:30:37.862+0000] {dag.py:3834} INFO - Setting next_dagrun for tutorial to 2024-04-23 00:00:00+00:00, run_after=2024-04-24 00:00:00+00:00
[2024-04-24T05:30:37.872+0000] {processor.py:183} INFO - Processing /home/airflow/.local/lib/python3.8/site-packages/airflow/example_dags/tutorial.py took 0.038 seconds
[2024-04-24T05:31:08.447+0000] {processor.py:161} INFO - Started process (PID=2335) to work on /home/airflow/.local/lib/python3.8/site-packages/airflow/example_dags/tutorial.py
[2024-04-24T05:31:08.448+0000] {processor.py:830} INFO - Processing file /home/airflow/.local/lib/python3.8/site-packages/airflow/example_dags/tutorial.py for tasks to queue
[2024-04-24T05:31:08.449+0000] {logging_mixin.py:188} INFO - [2024-04-24T05:31:08.449+0000] {dagbag.py:540} INFO - Filling up the DagBag from /home/airflow/.local/lib/python3.8/site-packages/airflow/example_dags/tutorial.py
[2024-04-24T05:31:08.452+0000] {processor.py:840} INFO - DAG(s) 'tutorial' retrieved from /home/airflow/.local/lib/python3.8/site-packages/airflow/example_dags/tutorial.py
[2024-04-24T05:31:08.462+0000] {logging_mixin.py:188} INFO - [2024-04-24T05:31:08.462+0000] {dag.py:3047} INFO - Sync 1 DAGs
[2024-04-24T05:31:08.473+0000] {logging_mixin.py:188} INFO - [2024-04-24T05:31:08.473+0000] {dag.py:3834} INFO - Setting next_dagrun for tutorial to 2024-04-23 00:00:00+00:00, run_after=2024-04-24 00:00:00+00:00
[2024-04-24T05:31:08.483+0000] {processor.py:183} INFO - Processing /home/airflow/.local/lib/python3.8/site-packages/airflow/example_dags/tutorial.py took 0.038 seconds
[2024-04-24T05:31:39.246+0000] {processor.py:161} INFO - Started process (PID=2393) to work on /home/airflow/.local/lib/python3.8/site-packages/airflow/example_dags/tutorial.py
[2024-04-24T05:31:39.247+0000] {processor.py:830} INFO - Processing file /home/airflow/.local/lib/python3.8/site-packages/airflow/example_dags/tutorial.py for tasks to queue
[2024-04-24T05:31:39.248+0000] {logging_mixin.py:188} INFO - [2024-04-24T05:31:39.248+0000] {dagbag.py:540} INFO - Filling up the DagBag from /home/airflow/.local/lib/python3.8/site-packages/airflow/example_dags/tutorial.py
[2024-04-24T05:31:39.251+0000] {processor.py:840} INFO - DAG(s) 'tutorial' retrieved from /home/airflow/.local/lib/python3.8/site-packages/airflow/example_dags/tutorial.py
[2024-04-24T05:31:39.262+0000] {logging_mixin.py:188} INFO - [2024-04-24T05:31:39.262+0000] {dag.py:3047} INFO - Sync 1 DAGs
[2024-04-24T05:31:39.273+0000] {logging_mixin.py:188} INFO - [2024-04-24T05:31:39.273+0000] {dag.py:3834} INFO - Setting next_dagrun for tutorial to 2024-04-23 00:00:00+00:00, run_after=2024-04-24 00:00:00+00:00
[2024-04-24T05:31:39.283+0000] {processor.py:183} INFO - Processing /home/airflow/.local/lib/python3.8/site-packages/airflow/example_dags/tutorial.py took 0.039 seconds
[2024-04-24T05:32:09.858+0000] {processor.py:161} INFO - Started process (PID=2451) to work on /home/airflow/.local/lib/python3.8/site-packages/airflow/example_dags/tutorial.py
[2024-04-24T05:32:09.859+0000] {processor.py:830} INFO - Processing file /home/airflow/.local/lib/python3.8/site-packages/airflow/example_dags/tutorial.py for tasks to queue
[2024-04-24T05:32:09.860+0000] {logging_mixin.py:188} INFO - [2024-04-24T05:32:09.860+0000] {dagbag.py:540} INFO - Filling up the DagBag from /home/airflow/.local/lib/python3.8/site-packages/airflow/example_dags/tutorial.py
[2024-04-24T05:32:09.863+0000] {processor.py:840} INFO - DAG(s) 'tutorial' retrieved from /home/airflow/.local/lib/python3.8/site-packages/airflow/example_dags/tutorial.py
[2024-04-24T05:32:09.873+0000] {logging_mixin.py:188} INFO - [2024-04-24T05:32:09.873+0000] {dag.py:3047} INFO - Sync 1 DAGs
[2024-04-24T05:32:09.884+0000] {logging_mixin.py:188} INFO - [2024-04-24T05:32:09.884+0000] {dag.py:3834} INFO - Setting next_dagrun for tutorial to 2024-04-23 00:00:00+00:00, run_after=2024-04-24 00:00:00+00:00
[2024-04-24T05:32:09.894+0000] {processor.py:183} INFO - Processing /home/airflow/.local/lib/python3.8/site-packages/airflow/example_dags/tutorial.py took 0.037 seconds
[2024-04-24T05:32:40.334+0000] {processor.py:161} INFO - Started process (PID=2510) to work on /home/airflow/.local/lib/python3.8/site-packages/airflow/example_dags/tutorial.py
[2024-04-24T05:32:40.335+0000] {processor.py:830} INFO - Processing file /home/airflow/.local/lib/python3.8/site-packages/airflow/example_dags/tutorial.py for tasks to queue
[2024-04-24T05:32:40.336+0000] {logging_mixin.py:188} INFO - [2024-04-24T05:32:40.336+0000] {dagbag.py:540} INFO - Filling up the DagBag from /home/airflow/.local/lib/python3.8/site-packages/airflow/example_dags/tutorial.py
[2024-04-24T05:32:40.339+0000] {processor.py:840} INFO - DAG(s) 'tutorial' retrieved from /home/airflow/.local/lib/python3.8/site-packages/airflow/example_dags/tutorial.py
[2024-04-24T05:32:40.349+0000] {logging_mixin.py:188} INFO - [2024-04-24T05:32:40.349+0000] {dag.py:3047} INFO - Sync 1 DAGs
[2024-04-24T05:32:40.360+0000] {logging_mixin.py:188} INFO - [2024-04-24T05:32:40.360+0000] {dag.py:3834} INFO - Setting next_dagrun for tutorial to 2024-04-23 00:00:00+00:00, run_after=2024-04-24 00:00:00+00:00
[2024-04-24T05:32:40.369+0000] {processor.py:183} INFO - Processing /home/airflow/.local/lib/python3.8/site-packages/airflow/example_dags/tutorial.py took 0.037 seconds
[2024-04-24T05:33:10.750+0000] {processor.py:161} INFO - Started process (PID=2565) to work on /home/airflow/.local/lib/python3.8/site-packages/airflow/example_dags/tutorial.py
[2024-04-24T05:33:10.750+0000] {processor.py:830} INFO - Processing file /home/airflow/.local/lib/python3.8/site-packages/airflow/example_dags/tutorial.py for tasks to queue
[2024-04-24T05:33:10.751+0000] {logging_mixin.py:188} INFO - [2024-04-24T05:33:10.751+0000] {dagbag.py:540} INFO - Filling up the DagBag from /home/airflow/.local/lib/python3.8/site-packages/airflow/example_dags/tutorial.py
[2024-04-24T05:33:10.754+0000] {processor.py:840} INFO - DAG(s) 'tutorial' retrieved from /home/airflow/.local/lib/python3.8/site-packages/airflow/example_dags/tutorial.py
[2024-04-24T05:33:10.764+0000] {logging_mixin.py:188} INFO - [2024-04-24T05:33:10.764+0000] {dag.py:3047} INFO - Sync 1 DAGs
[2024-04-24T05:33:10.775+0000] {logging_mixin.py:188} INFO - [2024-04-24T05:33:10.775+0000] {dag.py:3834} INFO - Setting next_dagrun for tutorial to 2024-04-23 00:00:00+00:00, run_after=2024-04-24 00:00:00+00:00
[2024-04-24T05:33:10.785+0000] {processor.py:183} INFO - Processing /home/airflow/.local/lib/python3.8/site-packages/airflow/example_dags/tutorial.py took 0.037 seconds
[2024-04-24T05:33:41.124+0000] {processor.py:161} INFO - Started process (PID=2620) to work on /home/airflow/.local/lib/python3.8/site-packages/airflow/example_dags/tutorial.py
[2024-04-24T05:33:41.124+0000] {processor.py:830} INFO - Processing file /home/airflow/.local/lib/python3.8/site-packages/airflow/example_dags/tutorial.py for tasks to queue
[2024-04-24T05:33:41.125+0000] {logging_mixin.py:188} INFO - [2024-04-24T05:33:41.125+0000] {dagbag.py:540} INFO - Filling up the DagBag from /home/airflow/.local/lib/python3.8/site-packages/airflow/example_dags/tutorial.py
[2024-04-24T05:33:41.128+0000] {processor.py:840} INFO - DAG(s) 'tutorial' retrieved from /home/airflow/.local/lib/python3.8/site-packages/airflow/example_dags/tutorial.py
[2024-04-24T05:33:41.139+0000] {logging_mixin.py:188} INFO - [2024-04-24T05:33:41.138+0000] {dag.py:3047} INFO - Sync 1 DAGs
[2024-04-24T05:33:41.150+0000] {logging_mixin.py:188} INFO - [2024-04-24T05:33:41.150+0000] {dag.py:3834} INFO - Setting next_dagrun for tutorial to 2024-04-23 00:00:00+00:00, run_after=2024-04-24 00:00:00+00:00
[2024-04-24T05:33:41.159+0000] {processor.py:183} INFO - Processing /home/airflow/.local/lib/python3.8/site-packages/airflow/example_dags/tutorial.py took 0.037 seconds
[2024-04-24T05:34:11.576+0000] {processor.py:161} INFO - Started process (PID=2675) to work on /home/airflow/.local/lib/python3.8/site-packages/airflow/example_dags/tutorial.py
[2024-04-24T05:34:11.576+0000] {processor.py:830} INFO - Processing file /home/airflow/.local/lib/python3.8/site-packages/airflow/example_dags/tutorial.py for tasks to queue
[2024-04-24T05:34:11.577+0000] {logging_mixin.py:188} INFO - [2024-04-24T05:34:11.576+0000] {dagbag.py:540} INFO - Filling up the DagBag from /home/airflow/.local/lib/python3.8/site-packages/airflow/example_dags/tutorial.py
[2024-04-24T05:34:11.580+0000] {processor.py:840} INFO - DAG(s) 'tutorial' retrieved from /home/airflow/.local/lib/python3.8/site-packages/airflow/example_dags/tutorial.py
[2024-04-24T05:34:11.591+0000] {logging_mixin.py:188} INFO - [2024-04-24T05:34:11.591+0000] {dag.py:3047} INFO - Sync 1 DAGs
[2024-04-24T05:34:11.602+0000] {logging_mixin.py:188} INFO - [2024-04-24T05:34:11.602+0000] {dag.py:3834} INFO - Setting next_dagrun for tutorial to 2024-04-23 00:00:00+00:00, run_after=2024-04-24 00:00:00+00:00
[2024-04-24T05:34:11.612+0000] {processor.py:183} INFO - Processing /home/airflow/.local/lib/python3.8/site-packages/airflow/example_dags/tutorial.py took 0.038 seconds
[2024-04-24T05:34:42.157+0000] {processor.py:161} INFO - Started process (PID=2730) to work on /home/airflow/.local/lib/python3.8/site-packages/airflow/example_dags/tutorial.py
[2024-04-24T05:34:42.158+0000] {processor.py:830} INFO - Processing file /home/airflow/.local/lib/python3.8/site-packages/airflow/example_dags/tutorial.py for tasks to queue
[2024-04-24T05:34:42.159+0000] {logging_mixin.py:188} INFO - [2024-04-24T05:34:42.158+0000] {dagbag.py:540} INFO - Filling up the DagBag from /home/airflow/.local/lib/python3.8/site-packages/airflow/example_dags/tutorial.py
[2024-04-24T05:34:42.162+0000] {processor.py:840} INFO - DAG(s) 'tutorial' retrieved from /home/airflow/.local/lib/python3.8/site-packages/airflow/example_dags/tutorial.py
[2024-04-24T05:34:42.172+0000] {logging_mixin.py:188} INFO - [2024-04-24T05:34:42.172+0000] {dag.py:3047} INFO - Sync 1 DAGs
[2024-04-24T05:34:42.184+0000] {logging_mixin.py:188} INFO - [2024-04-24T05:34:42.184+0000] {dag.py:3834} INFO - Setting next_dagrun for tutorial to 2024-04-23 00:00:00+00:00, run_after=2024-04-24 00:00:00+00:00
[2024-04-24T05:34:42.195+0000] {processor.py:183} INFO - Processing /home/airflow/.local/lib/python3.8/site-packages/airflow/example_dags/tutorial.py took 0.039 seconds
[2024-04-24T05:35:12.879+0000] {processor.py:161} INFO - Started process (PID=2791) to work on /home/airflow/.local/lib/python3.8/site-packages/airflow/example_dags/tutorial.py
[2024-04-24T05:35:12.879+0000] {processor.py:830} INFO - Processing file /home/airflow/.local/lib/python3.8/site-packages/airflow/example_dags/tutorial.py for tasks to queue
[2024-04-24T05:35:12.880+0000] {logging_mixin.py:188} INFO - [2024-04-24T05:35:12.880+0000] {dagbag.py:540} INFO - Filling up the DagBag from /home/airflow/.local/lib/python3.8/site-packages/airflow/example_dags/tutorial.py
[2024-04-24T05:35:12.883+0000] {processor.py:840} INFO - DAG(s) 'tutorial' retrieved from /home/airflow/.local/lib/python3.8/site-packages/airflow/example_dags/tutorial.py
[2024-04-24T05:35:12.893+0000] {logging_mixin.py:188} INFO - [2024-04-24T05:35:12.893+0000] {dag.py:3047} INFO - Sync 1 DAGs
[2024-04-24T05:35:12.904+0000] {logging_mixin.py:188} INFO - [2024-04-24T05:35:12.904+0000] {dag.py:3834} INFO - Setting next_dagrun for tutorial to 2024-04-23 00:00:00+00:00, run_after=2024-04-24 00:00:00+00:00
[2024-04-24T05:35:12.914+0000] {processor.py:183} INFO - Processing /home/airflow/.local/lib/python3.8/site-packages/airflow/example_dags/tutorial.py took 0.037 seconds
[2024-04-24T05:35:43.569+0000] {processor.py:161} INFO - Started process (PID=2846) to work on /home/airflow/.local/lib/python3.8/site-packages/airflow/example_dags/tutorial.py
[2024-04-24T05:35:43.569+0000] {processor.py:830} INFO - Processing file /home/airflow/.local/lib/python3.8/site-packages/airflow/example_dags/tutorial.py for tasks to queue
[2024-04-24T05:35:43.570+0000] {logging_mixin.py:188} INFO - [2024-04-24T05:35:43.570+0000] {dagbag.py:540} INFO - Filling up the DagBag from /home/airflow/.local/lib/python3.8/site-packages/airflow/example_dags/tutorial.py
[2024-04-24T05:35:43.573+0000] {processor.py:840} INFO - DAG(s) 'tutorial' retrieved from /home/airflow/.local/lib/python3.8/site-packages/airflow/example_dags/tutorial.py
[2024-04-24T05:35:43.583+0000] {logging_mixin.py:188} INFO - [2024-04-24T05:35:43.583+0000] {dag.py:3047} INFO - Sync 1 DAGs
[2024-04-24T05:35:43.594+0000] {logging_mixin.py:188} INFO - [2024-04-24T05:35:43.594+0000] {dag.py:3834} INFO - Setting next_dagrun for tutorial to 2024-04-23 00:00:00+00:00, run_after=2024-04-24 00:00:00+00:00
[2024-04-24T05:35:43.604+0000] {processor.py:183} INFO - Processing /home/airflow/.local/lib/python3.8/site-packages/airflow/example_dags/tutorial.py took 0.037 seconds
[2024-04-24T05:36:14.102+0000] {processor.py:161} INFO - Started process (PID=2901) to work on /home/airflow/.local/lib/python3.8/site-packages/airflow/example_dags/tutorial.py
[2024-04-24T05:36:14.102+0000] {processor.py:830} INFO - Processing file /home/airflow/.local/lib/python3.8/site-packages/airflow/example_dags/tutorial.py for tasks to queue
[2024-04-24T05:36:14.103+0000] {logging_mixin.py:188} INFO - [2024-04-24T05:36:14.102+0000] {dagbag.py:540} INFO - Filling up the DagBag from /home/airflow/.local/lib/python3.8/site-packages/airflow/example_dags/tutorial.py
[2024-04-24T05:36:14.106+0000] {processor.py:840} INFO - DAG(s) 'tutorial' retrieved from /home/airflow/.local/lib/python3.8/site-packages/airflow/example_dags/tutorial.py
[2024-04-24T05:36:14.116+0000] {logging_mixin.py:188} INFO - [2024-04-24T05:36:14.116+0000] {dag.py:3047} INFO - Sync 1 DAGs
[2024-04-24T05:36:14.127+0000] {logging_mixin.py:188} INFO - [2024-04-24T05:36:14.127+0000] {dag.py:3834} INFO - Setting next_dagrun for tutorial to 2024-04-23 00:00:00+00:00, run_after=2024-04-24 00:00:00+00:00
[2024-04-24T05:36:14.137+0000] {processor.py:183} INFO - Processing /home/airflow/.local/lib/python3.8/site-packages/airflow/example_dags/tutorial.py took 0.037 seconds
[2024-04-24T05:36:44.573+0000] {processor.py:161} INFO - Started process (PID=2956) to work on /home/airflow/.local/lib/python3.8/site-packages/airflow/example_dags/tutorial.py
[2024-04-24T05:36:44.574+0000] {processor.py:830} INFO - Processing file /home/airflow/.local/lib/python3.8/site-packages/airflow/example_dags/tutorial.py for tasks to queue
[2024-04-24T05:36:44.574+0000] {logging_mixin.py:188} INFO - [2024-04-24T05:36:44.574+0000] {dagbag.py:540} INFO - Filling up the DagBag from /home/airflow/.local/lib/python3.8/site-packages/airflow/example_dags/tutorial.py
[2024-04-24T05:36:44.578+0000] {processor.py:840} INFO - DAG(s) 'tutorial' retrieved from /home/airflow/.local/lib/python3.8/site-packages/airflow/example_dags/tutorial.py
[2024-04-24T05:36:44.588+0000] {logging_mixin.py:188} INFO - [2024-04-24T05:36:44.588+0000] {dag.py:3047} INFO - Sync 1 DAGs
[2024-04-24T05:36:44.599+0000] {logging_mixin.py:188} INFO - [2024-04-24T05:36:44.599+0000] {dag.py:3834} INFO - Setting next_dagrun for tutorial to 2024-04-23 00:00:00+00:00, run_after=2024-04-24 00:00:00+00:00
[2024-04-24T05:36:44.609+0000] {processor.py:183} INFO - Processing /home/airflow/.local/lib/python3.8/site-packages/airflow/example_dags/tutorial.py took 0.037 seconds
[2024-04-24T05:37:15.155+0000] {processor.py:161} INFO - Started process (PID=3011) to work on /home/airflow/.local/lib/python3.8/site-packages/airflow/example_dags/tutorial.py
[2024-04-24T05:37:15.156+0000] {processor.py:830} INFO - Processing file /home/airflow/.local/lib/python3.8/site-packages/airflow/example_dags/tutorial.py for tasks to queue
[2024-04-24T05:37:15.156+0000] {logging_mixin.py:188} INFO - [2024-04-24T05:37:15.156+0000] {dagbag.py:540} INFO - Filling up the DagBag from /home/airflow/.local/lib/python3.8/site-packages/airflow/example_dags/tutorial.py
[2024-04-24T05:37:15.160+0000] {processor.py:840} INFO - DAG(s) 'tutorial' retrieved from /home/airflow/.local/lib/python3.8/site-packages/airflow/example_dags/tutorial.py
[2024-04-24T05:37:15.170+0000] {logging_mixin.py:188} INFO - [2024-04-24T05:37:15.170+0000] {dag.py:3047} INFO - Sync 1 DAGs
[2024-04-24T05:37:15.181+0000] {logging_mixin.py:188} INFO - [2024-04-24T05:37:15.181+0000] {dag.py:3834} INFO - Setting next_dagrun for tutorial to 2024-04-23 00:00:00+00:00, run_after=2024-04-24 00:00:00+00:00
[2024-04-24T05:37:15.192+0000] {processor.py:183} INFO - Processing /home/airflow/.local/lib/python3.8/site-packages/airflow/example_dags/tutorial.py took 0.038 seconds
[2024-04-24T05:37:45.781+0000] {processor.py:161} INFO - Started process (PID=3066) to work on /home/airflow/.local/lib/python3.8/site-packages/airflow/example_dags/tutorial.py
[2024-04-24T05:37:45.782+0000] {processor.py:830} INFO - Processing file /home/airflow/.local/lib/python3.8/site-packages/airflow/example_dags/tutorial.py for tasks to queue
[2024-04-24T05:37:45.782+0000] {logging_mixin.py:188} INFO - [2024-04-24T05:37:45.782+0000] {dagbag.py:540} INFO - Filling up the DagBag from /home/airflow/.local/lib/python3.8/site-packages/airflow/example_dags/tutorial.py
[2024-04-24T05:37:45.786+0000] {processor.py:840} INFO - DAG(s) 'tutorial' retrieved from /home/airflow/.local/lib/python3.8/site-packages/airflow/example_dags/tutorial.py
[2024-04-24T05:37:45.797+0000] {logging_mixin.py:188} INFO - [2024-04-24T05:37:45.797+0000] {dag.py:3047} INFO - Sync 1 DAGs
[2024-04-24T05:37:45.808+0000] {logging_mixin.py:188} INFO - [2024-04-24T05:37:45.808+0000] {dag.py:3834} INFO - Setting next_dagrun for tutorial to 2024-04-23 00:00:00+00:00, run_after=2024-04-24 00:00:00+00:00
[2024-04-24T05:37:45.818+0000] {processor.py:183} INFO - Processing /home/airflow/.local/lib/python3.8/site-packages/airflow/example_dags/tutorial.py took 0.038 seconds
[2024-04-24T05:38:16.259+0000] {processor.py:161} INFO - Started process (PID=3121) to work on /home/airflow/.local/lib/python3.8/site-packages/airflow/example_dags/tutorial.py
[2024-04-24T05:38:16.259+0000] {processor.py:830} INFO - Processing file /home/airflow/.local/lib/python3.8/site-packages/airflow/example_dags/tutorial.py for tasks to queue
[2024-04-24T05:38:16.260+0000] {logging_mixin.py:188} INFO - [2024-04-24T05:38:16.260+0000] {dagbag.py:540} INFO - Filling up the DagBag from /home/airflow/.local/lib/python3.8/site-packages/airflow/example_dags/tutorial.py
[2024-04-24T05:38:16.264+0000] {processor.py:840} INFO - DAG(s) 'tutorial' retrieved from /home/airflow/.local/lib/python3.8/site-packages/airflow/example_dags/tutorial.py
[2024-04-24T05:38:16.274+0000] {logging_mixin.py:188} INFO - [2024-04-24T05:38:16.274+0000] {dag.py:3047} INFO - Sync 1 DAGs
[2024-04-24T05:38:16.285+0000] {logging_mixin.py:188} INFO - [2024-04-24T05:38:16.285+0000] {dag.py:3834} INFO - Setting next_dagrun for tutorial to 2024-04-23 00:00:00+00:00, run_after=2024-04-24 00:00:00+00:00
[2024-04-24T05:38:16.294+0000] {processor.py:183} INFO - Processing /home/airflow/.local/lib/python3.8/site-packages/airflow/example_dags/tutorial.py took 0.037 seconds
[2024-04-24T05:40:51.038+0000] {processor.py:161} INFO - Started process (PID=69) to work on /home/airflow/.local/lib/python3.8/site-packages/airflow/example_dags/tutorial.py
[2024-04-24T05:40:51.039+0000] {processor.py:830} INFO - Processing file /home/airflow/.local/lib/python3.8/site-packages/airflow/example_dags/tutorial.py for tasks to queue
[2024-04-24T05:40:51.040+0000] {logging_mixin.py:188} INFO - [2024-04-24T05:40:51.040+0000] {dagbag.py:540} INFO - Filling up the DagBag from /home/airflow/.local/lib/python3.8/site-packages/airflow/example_dags/tutorial.py
[2024-04-24T05:40:51.047+0000] {processor.py:840} INFO - DAG(s) 'tutorial' retrieved from /home/airflow/.local/lib/python3.8/site-packages/airflow/example_dags/tutorial.py
[2024-04-24T05:40:51.055+0000] {logging_mixin.py:188} INFO - [2024-04-24T05:40:51.055+0000] {dag.py:3047} INFO - Sync 1 DAGs
[2024-04-24T05:40:51.070+0000] {logging_mixin.py:188} INFO - [2024-04-24T05:40:51.070+0000] {dag.py:3834} INFO - Setting next_dagrun for tutorial to 2024-04-23 00:00:00+00:00, run_after=2024-04-24 00:00:00+00:00
[2024-04-24T05:40:51.085+0000] {processor.py:183} INFO - Processing /home/airflow/.local/lib/python3.8/site-packages/airflow/example_dags/tutorial.py took 0.050 seconds
[2024-04-24T05:41:21.962+0000] {processor.py:161} INFO - Started process (PID=124) to work on /home/airflow/.local/lib/python3.8/site-packages/airflow/example_dags/tutorial.py
[2024-04-24T05:41:21.962+0000] {processor.py:830} INFO - Processing file /home/airflow/.local/lib/python3.8/site-packages/airflow/example_dags/tutorial.py for tasks to queue
[2024-04-24T05:41:21.963+0000] {logging_mixin.py:188} INFO - [2024-04-24T05:41:21.963+0000] {dagbag.py:540} INFO - Filling up the DagBag from /home/airflow/.local/lib/python3.8/site-packages/airflow/example_dags/tutorial.py
[2024-04-24T05:41:21.967+0000] {processor.py:840} INFO - DAG(s) 'tutorial' retrieved from /home/airflow/.local/lib/python3.8/site-packages/airflow/example_dags/tutorial.py
[2024-04-24T05:41:22.019+0000] {logging_mixin.py:188} INFO - [2024-04-24T05:41:22.019+0000] {dag.py:3047} INFO - Sync 1 DAGs
[2024-04-24T05:41:22.029+0000] {logging_mixin.py:188} INFO - [2024-04-24T05:41:22.029+0000] {dag.py:3834} INFO - Setting next_dagrun for tutorial to 2024-04-23 00:00:00+00:00, run_after=2024-04-24 00:00:00+00:00
[2024-04-24T05:41:22.038+0000] {processor.py:183} INFO - Processing /home/airflow/.local/lib/python3.8/site-packages/airflow/example_dags/tutorial.py took 0.079 seconds
