[2024-04-24T10:28:17.250+0000] {taskinstance.py:1979} INFO - Dependencies all met for dep_context=non-requeueable deps ti=<TaskInstance: download_rocket_launches.download_launches manual__2024-04-24T10:28:16.672569+00:00 [queued]>
[2024-04-24T10:28:17.254+0000] {taskinstance.py:1979} INFO - Dependencies all met for dep_context=requeueable deps ti=<TaskInstance: download_rocket_launches.download_launches manual__2024-04-24T10:28:16.672569+00:00 [queued]>
[2024-04-24T10:28:17.254+0000] {taskinstance.py:2193} INFO - Starting attempt 1 of 1
[2024-04-24T10:28:17.262+0000] {taskinstance.py:2217} INFO - Executing <Task(BashOperator): download_launches> on 2024-04-24 10:28:16.672569+00:00
[2024-04-24T10:28:17.267+0000] {standard_task_runner.py:60} INFO - Started process 2064 to run task
[2024-04-24T10:28:17.269+0000] {standard_task_runner.py:87} INFO - Running: ['***', 'tasks', 'run', 'download_rocket_launches', 'download_launches', 'manual__2024-04-24T10:28:16.672569+00:00', '--job-id', '34', '--raw', '--subdir', 'DAGS_FOLDER/Example_dag.py', '--cfg-path', '/tmp/tmpwru0a8wr']
[2024-04-24T10:28:17.270+0000] {standard_task_runner.py:88} INFO - Job 34: Subtask download_launches
[2024-04-24T10:28:17.294+0000] {task_command.py:423} INFO - Running <TaskInstance: download_rocket_launches.download_launches manual__2024-04-24T10:28:16.672569+00:00 [running]> on host 99514668da53
[2024-04-24T10:28:17.335+0000] {taskinstance.py:2513} INFO - Exporting env vars: AIRFLOW_CTX_DAG_OWNER='***' AIRFLOW_CTX_DAG_ID='download_rocket_launches' AIRFLOW_CTX_TASK_ID='download_launches' AIRFLOW_CTX_EXECUTION_DATE='2024-04-24T10:28:16.672569+00:00' AIRFLOW_CTX_TRY_NUMBER='1' AIRFLOW_CTX_DAG_RUN_ID='manual__2024-04-24T10:28:16.672569+00:00'
[2024-04-24T10:28:17.336+0000] {subprocess.py:63} INFO - Tmp dir root location: /tmp
[2024-04-24T10:28:17.336+0000] {subprocess.py:75} INFO - Running command: ['/usr/bin/bash', '-c', "curl -o /tmp/launches.json -L 'https://ll.thespacedevs.com/2.0.0/launch/upcoming'"]
[2024-04-24T10:28:17.342+0000] {subprocess.py:86} INFO - Output:
[2024-04-24T10:28:17.346+0000] {subprocess.py:93} INFO -   % Total    % Received % Xferd  Average Speed   Time    Time     Time  Current
[2024-04-24T10:28:17.346+0000] {subprocess.py:93} INFO -                                  Dload  Upload   Total   Spent    Left  Speed
[2024-04-24T10:28:18.652+0000] {subprocess.py:93} INFO -   0     0    0     0    0     0      0      0 --:--:-- --:--:-- --:--:--     0  0     0    0     0    0     0      0      0 --:--:--  0:00:01 --:--:--     0  0     0    0     0    0     0      0      0 --:--:--  0:00:01 --:--:--     0
[2024-04-24T10:28:19.351+0000] {subprocess.py:93} INFO -  66 25873   66 17037    0     0   8586      0  0:00:03  0:00:01  0:00:02  8586100 25873  100 25873    0     0  12904      0  0:00:02  0:00:02 --:--:--  431k
[2024-04-24T10:28:19.352+0000] {subprocess.py:97} INFO - Command exited with return code 0
[2024-04-24T10:28:19.367+0000] {taskinstance.py:1149} INFO - Marking task as SUCCESS. dag_id=download_rocket_launches, task_id=download_launches, execution_date=20240424T102816, start_date=20240424T102817, end_date=20240424T102819
[2024-04-24T10:28:19.406+0000] {local_task_job_runner.py:234} INFO - Task exited with return code 0
[2024-04-24T10:28:19.421+0000] {taskinstance.py:3312} INFO - 1 downstream tasks scheduled from follow-on schedule check
