[2024-04-24T05:11:14.696+0000] {processor.py:161} INFO - Started process (PID=52) to work on /opt/airflow/dags/dagggg.py
[2024-04-24T05:11:14.697+0000] {processor.py:830} INFO - Processing file /opt/airflow/dags/dagggg.py for tasks to queue
[2024-04-24T05:11:14.698+0000] {logging_mixin.py:188} INFO - [2024-04-24T05:11:14.698+0000] {dagbag.py:540} INFO - Filling up the DagBag from /opt/airflow/dags/dagggg.py
[2024-04-24T05:11:14.706+0000] {processor.py:840} INFO - DAG(s) 'addddddddddd' retrieved from /opt/airflow/dags/dagggg.py
[2024-04-24T05:11:14.719+0000] {logging_mixin.py:188} INFO - [2024-04-24T05:11:14.719+0000] {dag.py:3047} INFO - Sync 1 DAGs
[2024-04-24T05:11:14.732+0000] {logging_mixin.py:188} INFO - [2024-04-24T05:11:14.732+0000] {dag.py:3834} INFO - Setting next_dagrun for addddddddddd to None, run_after=None
[2024-04-24T05:11:14.742+0000] {processor.py:183} INFO - Processing /opt/airflow/dags/dagggg.py took 0.048 seconds
[2024-04-24T05:11:44.764+0000] {processor.py:161} INFO - Started process (PID=110) to work on /opt/airflow/dags/dagggg.py
[2024-04-24T05:11:44.764+0000] {processor.py:830} INFO - Processing file /opt/airflow/dags/dagggg.py for tasks to queue
[2024-04-24T05:11:44.765+0000] {logging_mixin.py:188} INFO - [2024-04-24T05:11:44.765+0000] {dagbag.py:540} INFO - Filling up the DagBag from /opt/airflow/dags/dagggg.py
[2024-04-24T05:11:44.771+0000] {processor.py:840} INFO - DAG(s) 'addddddddddd' retrieved from /opt/airflow/dags/dagggg.py
[2024-04-24T05:11:44.780+0000] {logging_mixin.py:188} INFO - [2024-04-24T05:11:44.780+0000] {dag.py:3047} INFO - Sync 1 DAGs
[2024-04-24T05:11:44.792+0000] {logging_mixin.py:188} INFO - [2024-04-24T05:11:44.791+0000] {dag.py:3834} INFO - Setting next_dagrun for addddddddddd to None, run_after=None
[2024-04-24T05:11:44.802+0000] {processor.py:183} INFO - Processing /opt/airflow/dags/dagggg.py took 0.040 seconds
[2024-04-24T05:12:15.371+0000] {processor.py:161} INFO - Started process (PID=168) to work on /opt/airflow/dags/dagggg.py
[2024-04-24T05:12:15.372+0000] {processor.py:830} INFO - Processing file /opt/airflow/dags/dagggg.py for tasks to queue
[2024-04-24T05:12:15.373+0000] {logging_mixin.py:188} INFO - [2024-04-24T05:12:15.373+0000] {dagbag.py:540} INFO - Filling up the DagBag from /opt/airflow/dags/dagggg.py
[2024-04-24T05:12:15.378+0000] {processor.py:840} INFO - DAG(s) 'addddddddddd' retrieved from /opt/airflow/dags/dagggg.py
[2024-04-24T05:12:15.388+0000] {logging_mixin.py:188} INFO - [2024-04-24T05:12:15.387+0000] {dag.py:3047} INFO - Sync 1 DAGs
[2024-04-24T05:12:15.398+0000] {logging_mixin.py:188} INFO - [2024-04-24T05:12:15.398+0000] {dag.py:3834} INFO - Setting next_dagrun for addddddddddd to None, run_after=None
[2024-04-24T05:12:15.408+0000] {processor.py:183} INFO - Processing /opt/airflow/dags/dagggg.py took 0.038 seconds
[2024-04-24T05:12:45.993+0000] {processor.py:161} INFO - Started process (PID=226) to work on /opt/airflow/dags/dagggg.py
[2024-04-24T05:12:45.994+0000] {processor.py:830} INFO - Processing file /opt/airflow/dags/dagggg.py for tasks to queue
[2024-04-24T05:12:45.995+0000] {logging_mixin.py:188} INFO - [2024-04-24T05:12:45.995+0000] {dagbag.py:540} INFO - Filling up the DagBag from /opt/airflow/dags/dagggg.py
[2024-04-24T05:12:46.001+0000] {processor.py:840} INFO - DAG(s) 'addddddddddd' retrieved from /opt/airflow/dags/dagggg.py
[2024-04-24T05:12:46.011+0000] {logging_mixin.py:188} INFO - [2024-04-24T05:12:46.011+0000] {dag.py:3047} INFO - Sync 1 DAGs
[2024-04-24T05:12:46.022+0000] {logging_mixin.py:188} INFO - [2024-04-24T05:12:46.022+0000] {dag.py:3834} INFO - Setting next_dagrun for addddddddddd to None, run_after=None
[2024-04-24T05:12:46.032+0000] {processor.py:183} INFO - Processing /opt/airflow/dags/dagggg.py took 0.041 seconds
[2024-04-24T05:13:16.668+0000] {processor.py:161} INFO - Started process (PID=284) to work on /opt/airflow/dags/dagggg.py
[2024-04-24T05:13:16.668+0000] {processor.py:830} INFO - Processing file /opt/airflow/dags/dagggg.py for tasks to queue
[2024-04-24T05:13:16.669+0000] {logging_mixin.py:188} INFO - [2024-04-24T05:13:16.669+0000] {dagbag.py:540} INFO - Filling up the DagBag from /opt/airflow/dags/dagggg.py
[2024-04-24T05:13:16.675+0000] {processor.py:840} INFO - DAG(s) 'addddddddddd' retrieved from /opt/airflow/dags/dagggg.py
[2024-04-24T05:13:16.685+0000] {logging_mixin.py:188} INFO - [2024-04-24T05:13:16.684+0000] {dag.py:3047} INFO - Sync 1 DAGs
[2024-04-24T05:13:16.696+0000] {logging_mixin.py:188} INFO - [2024-04-24T05:13:16.695+0000] {dag.py:3834} INFO - Setting next_dagrun for addddddddddd to None, run_after=None
[2024-04-24T05:13:16.705+0000] {processor.py:183} INFO - Processing /opt/airflow/dags/dagggg.py took 0.039 seconds
[2024-04-24T05:13:47.218+0000] {processor.py:161} INFO - Started process (PID=342) to work on /opt/airflow/dags/dagggg.py
[2024-04-24T05:13:47.218+0000] {processor.py:830} INFO - Processing file /opt/airflow/dags/dagggg.py for tasks to queue
[2024-04-24T05:13:47.220+0000] {logging_mixin.py:188} INFO - [2024-04-24T05:13:47.219+0000] {dagbag.py:540} INFO - Filling up the DagBag from /opt/airflow/dags/dagggg.py
[2024-04-24T05:13:47.226+0000] {processor.py:840} INFO - DAG(s) 'addddddddddd' retrieved from /opt/airflow/dags/dagggg.py
[2024-04-24T05:13:47.237+0000] {logging_mixin.py:188} INFO - [2024-04-24T05:13:47.237+0000] {dag.py:3047} INFO - Sync 1 DAGs
[2024-04-24T05:13:47.249+0000] {logging_mixin.py:188} INFO - [2024-04-24T05:13:47.249+0000] {dag.py:3834} INFO - Setting next_dagrun for addddddddddd to None, run_after=None
[2024-04-24T05:13:47.260+0000] {processor.py:183} INFO - Processing /opt/airflow/dags/dagggg.py took 0.045 seconds
[2024-04-24T05:14:18.085+0000] {processor.py:161} INFO - Started process (PID=400) to work on /opt/airflow/dags/dagggg.py
[2024-04-24T05:14:18.086+0000] {processor.py:830} INFO - Processing file /opt/airflow/dags/dagggg.py for tasks to queue
[2024-04-24T05:14:18.087+0000] {logging_mixin.py:188} INFO - [2024-04-24T05:14:18.087+0000] {dagbag.py:540} INFO - Filling up the DagBag from /opt/airflow/dags/dagggg.py
[2024-04-24T05:14:18.092+0000] {processor.py:840} INFO - DAG(s) 'addddddddddd' retrieved from /opt/airflow/dags/dagggg.py
[2024-04-24T05:14:18.102+0000] {logging_mixin.py:188} INFO - [2024-04-24T05:14:18.101+0000] {dag.py:3047} INFO - Sync 1 DAGs
[2024-04-24T05:14:18.113+0000] {logging_mixin.py:188} INFO - [2024-04-24T05:14:18.112+0000] {dag.py:3834} INFO - Setting next_dagrun for addddddddddd to None, run_after=None
[2024-04-24T05:14:18.122+0000] {processor.py:183} INFO - Processing /opt/airflow/dags/dagggg.py took 0.039 seconds
[2024-04-24T05:14:48.746+0000] {processor.py:161} INFO - Started process (PID=458) to work on /opt/airflow/dags/dagggg.py
[2024-04-24T05:14:48.746+0000] {processor.py:830} INFO - Processing file /opt/airflow/dags/dagggg.py for tasks to queue
[2024-04-24T05:14:48.747+0000] {logging_mixin.py:188} INFO - [2024-04-24T05:14:48.747+0000] {dagbag.py:540} INFO - Filling up the DagBag from /opt/airflow/dags/dagggg.py
[2024-04-24T05:14:48.753+0000] {processor.py:840} INFO - DAG(s) 'addddddddddd' retrieved from /opt/airflow/dags/dagggg.py
[2024-04-24T05:14:48.762+0000] {logging_mixin.py:188} INFO - [2024-04-24T05:14:48.762+0000] {dag.py:3047} INFO - Sync 1 DAGs
[2024-04-24T05:14:48.773+0000] {logging_mixin.py:188} INFO - [2024-04-24T05:14:48.773+0000] {dag.py:3834} INFO - Setting next_dagrun for addddddddddd to None, run_after=None
[2024-04-24T05:14:48.782+0000] {processor.py:183} INFO - Processing /opt/airflow/dags/dagggg.py took 0.038 seconds
[2024-04-24T05:15:19.286+0000] {processor.py:161} INFO - Started process (PID=517) to work on /opt/airflow/dags/dagggg.py
[2024-04-24T05:15:19.287+0000] {processor.py:830} INFO - Processing file /opt/airflow/dags/dagggg.py for tasks to queue
[2024-04-24T05:15:19.288+0000] {logging_mixin.py:188} INFO - [2024-04-24T05:15:19.288+0000] {dagbag.py:540} INFO - Filling up the DagBag from /opt/airflow/dags/dagggg.py
[2024-04-24T05:15:19.293+0000] {processor.py:840} INFO - DAG(s) 'addddddddddd' retrieved from /opt/airflow/dags/dagggg.py
[2024-04-24T05:15:19.303+0000] {logging_mixin.py:188} INFO - [2024-04-24T05:15:19.303+0000] {dag.py:3047} INFO - Sync 1 DAGs
[2024-04-24T05:15:19.314+0000] {logging_mixin.py:188} INFO - [2024-04-24T05:15:19.314+0000] {dag.py:3834} INFO - Setting next_dagrun for addddddddddd to None, run_after=None
[2024-04-24T05:15:19.323+0000] {processor.py:183} INFO - Processing /opt/airflow/dags/dagggg.py took 0.039 seconds
[2024-04-24T05:15:49.802+0000] {processor.py:161} INFO - Started process (PID=575) to work on /opt/airflow/dags/dagggg.py
[2024-04-24T05:15:49.803+0000] {processor.py:830} INFO - Processing file /opt/airflow/dags/dagggg.py for tasks to queue
[2024-04-24T05:15:49.804+0000] {logging_mixin.py:188} INFO - [2024-04-24T05:15:49.804+0000] {dagbag.py:540} INFO - Filling up the DagBag from /opt/airflow/dags/dagggg.py
[2024-04-24T05:15:49.810+0000] {processor.py:840} INFO - DAG(s) 'addddddddddd' retrieved from /opt/airflow/dags/dagggg.py
[2024-04-24T05:15:49.820+0000] {logging_mixin.py:188} INFO - [2024-04-24T05:15:49.820+0000] {dag.py:3047} INFO - Sync 1 DAGs
[2024-04-24T05:15:49.831+0000] {logging_mixin.py:188} INFO - [2024-04-24T05:15:49.831+0000] {dag.py:3834} INFO - Setting next_dagrun for addddddddddd to None, run_after=None
[2024-04-24T05:15:49.841+0000] {processor.py:183} INFO - Processing /opt/airflow/dags/dagggg.py took 0.040 seconds
[2024-04-24T05:16:20.308+0000] {processor.py:161} INFO - Started process (PID=633) to work on /opt/airflow/dags/dagggg.py
[2024-04-24T05:16:20.308+0000] {processor.py:830} INFO - Processing file /opt/airflow/dags/dagggg.py for tasks to queue
[2024-04-24T05:16:20.309+0000] {logging_mixin.py:188} INFO - [2024-04-24T05:16:20.309+0000] {dagbag.py:540} INFO - Filling up the DagBag from /opt/airflow/dags/dagggg.py
[2024-04-24T05:16:20.315+0000] {processor.py:840} INFO - DAG(s) 'addddddddddd' retrieved from /opt/airflow/dags/dagggg.py
[2024-04-24T05:16:20.325+0000] {logging_mixin.py:188} INFO - [2024-04-24T05:16:20.324+0000] {dag.py:3047} INFO - Sync 1 DAGs
[2024-04-24T05:16:20.336+0000] {logging_mixin.py:188} INFO - [2024-04-24T05:16:20.336+0000] {dag.py:3834} INFO - Setting next_dagrun for addddddddddd to None, run_after=None
[2024-04-24T05:16:20.345+0000] {processor.py:183} INFO - Processing /opt/airflow/dags/dagggg.py took 0.040 seconds
[2024-04-24T05:16:50.809+0000] {processor.py:161} INFO - Started process (PID=691) to work on /opt/airflow/dags/dagggg.py
[2024-04-24T05:16:50.810+0000] {processor.py:830} INFO - Processing file /opt/airflow/dags/dagggg.py for tasks to queue
[2024-04-24T05:16:50.811+0000] {logging_mixin.py:188} INFO - [2024-04-24T05:16:50.811+0000] {dagbag.py:540} INFO - Filling up the DagBag from /opt/airflow/dags/dagggg.py
[2024-04-24T05:16:50.816+0000] {processor.py:840} INFO - DAG(s) 'addddddddddd' retrieved from /opt/airflow/dags/dagggg.py
[2024-04-24T05:16:50.827+0000] {logging_mixin.py:188} INFO - [2024-04-24T05:16:50.827+0000] {dag.py:3047} INFO - Sync 1 DAGs
[2024-04-24T05:16:50.839+0000] {logging_mixin.py:188} INFO - [2024-04-24T05:16:50.839+0000] {dag.py:3834} INFO - Setting next_dagrun for addddddddddd to None, run_after=None
[2024-04-24T05:16:50.849+0000] {processor.py:183} INFO - Processing /opt/airflow/dags/dagggg.py took 0.041 seconds
[2024-04-24T05:17:21.338+0000] {processor.py:161} INFO - Started process (PID=749) to work on /opt/airflow/dags/dagggg.py
[2024-04-24T05:17:21.338+0000] {processor.py:830} INFO - Processing file /opt/airflow/dags/dagggg.py for tasks to queue
[2024-04-24T05:17:21.339+0000] {logging_mixin.py:188} INFO - [2024-04-24T05:17:21.339+0000] {dagbag.py:540} INFO - Filling up the DagBag from /opt/airflow/dags/dagggg.py
[2024-04-24T05:17:21.345+0000] {processor.py:840} INFO - DAG(s) 'addddddddddd' retrieved from /opt/airflow/dags/dagggg.py
[2024-04-24T05:17:21.355+0000] {logging_mixin.py:188} INFO - [2024-04-24T05:17:21.354+0000] {dag.py:3047} INFO - Sync 1 DAGs
[2024-04-24T05:17:21.365+0000] {logging_mixin.py:188} INFO - [2024-04-24T05:17:21.365+0000] {dag.py:3834} INFO - Setting next_dagrun for addddddddddd to None, run_after=None
[2024-04-24T05:17:21.375+0000] {processor.py:183} INFO - Processing /opt/airflow/dags/dagggg.py took 0.039 seconds
[2024-04-24T05:17:51.909+0000] {processor.py:161} INFO - Started process (PID=807) to work on /opt/airflow/dags/dagggg.py
[2024-04-24T05:17:51.910+0000] {processor.py:830} INFO - Processing file /opt/airflow/dags/dagggg.py for tasks to queue
[2024-04-24T05:17:51.911+0000] {logging_mixin.py:188} INFO - [2024-04-24T05:17:51.911+0000] {dagbag.py:540} INFO - Filling up the DagBag from /opt/airflow/dags/dagggg.py
[2024-04-24T05:17:51.916+0000] {processor.py:840} INFO - DAG(s) 'addddddddddd' retrieved from /opt/airflow/dags/dagggg.py
[2024-04-24T05:17:51.926+0000] {logging_mixin.py:188} INFO - [2024-04-24T05:17:51.926+0000] {dag.py:3047} INFO - Sync 1 DAGs
[2024-04-24T05:17:51.937+0000] {logging_mixin.py:188} INFO - [2024-04-24T05:17:51.937+0000] {dag.py:3834} INFO - Setting next_dagrun for addddddddddd to None, run_after=None
[2024-04-24T05:17:51.947+0000] {processor.py:183} INFO - Processing /opt/airflow/dags/dagggg.py took 0.040 seconds
[2024-04-24T05:18:22.717+0000] {processor.py:161} INFO - Started process (PID=865) to work on /opt/airflow/dags/dagggg.py
[2024-04-24T05:18:22.717+0000] {processor.py:830} INFO - Processing file /opt/airflow/dags/dagggg.py for tasks to queue
[2024-04-24T05:18:22.718+0000] {logging_mixin.py:188} INFO - [2024-04-24T05:18:22.718+0000] {dagbag.py:540} INFO - Filling up the DagBag from /opt/airflow/dags/dagggg.py
[2024-04-24T05:18:22.724+0000] {processor.py:840} INFO - DAG(s) 'addddddddddd' retrieved from /opt/airflow/dags/dagggg.py
[2024-04-24T05:18:22.734+0000] {logging_mixin.py:188} INFO - [2024-04-24T05:18:22.734+0000] {dag.py:3047} INFO - Sync 1 DAGs
[2024-04-24T05:18:22.745+0000] {logging_mixin.py:188} INFO - [2024-04-24T05:18:22.745+0000] {dag.py:3834} INFO - Setting next_dagrun for addddddddddd to None, run_after=None
[2024-04-24T05:18:22.755+0000] {processor.py:183} INFO - Processing /opt/airflow/dags/dagggg.py took 0.040 seconds
[2024-04-24T05:18:53.302+0000] {processor.py:161} INFO - Started process (PID=923) to work on /opt/airflow/dags/dagggg.py
[2024-04-24T05:18:53.303+0000] {processor.py:830} INFO - Processing file /opt/airflow/dags/dagggg.py for tasks to queue
[2024-04-24T05:18:53.304+0000] {logging_mixin.py:188} INFO - [2024-04-24T05:18:53.304+0000] {dagbag.py:540} INFO - Filling up the DagBag from /opt/airflow/dags/dagggg.py
[2024-04-24T05:18:53.309+0000] {processor.py:840} INFO - DAG(s) 'addddddddddd' retrieved from /opt/airflow/dags/dagggg.py
[2024-04-24T05:18:53.319+0000] {logging_mixin.py:188} INFO - [2024-04-24T05:18:53.319+0000] {dag.py:3047} INFO - Sync 1 DAGs
[2024-04-24T05:18:53.330+0000] {logging_mixin.py:188} INFO - [2024-04-24T05:18:53.330+0000] {dag.py:3834} INFO - Setting next_dagrun for addddddddddd to None, run_after=None
[2024-04-24T05:18:53.339+0000] {processor.py:183} INFO - Processing /opt/airflow/dags/dagggg.py took 0.038 seconds
[2024-04-24T05:19:23.788+0000] {processor.py:161} INFO - Started process (PID=981) to work on /opt/airflow/dags/dagggg.py
[2024-04-24T05:19:23.788+0000] {processor.py:830} INFO - Processing file /opt/airflow/dags/dagggg.py for tasks to queue
[2024-04-24T05:19:23.789+0000] {logging_mixin.py:188} INFO - [2024-04-24T05:19:23.789+0000] {dagbag.py:540} INFO - Filling up the DagBag from /opt/airflow/dags/dagggg.py
[2024-04-24T05:19:23.795+0000] {processor.py:840} INFO - DAG(s) 'addddddddddd' retrieved from /opt/airflow/dags/dagggg.py
[2024-04-24T05:19:23.805+0000] {logging_mixin.py:188} INFO - [2024-04-24T05:19:23.804+0000] {dag.py:3047} INFO - Sync 1 DAGs
[2024-04-24T05:19:23.815+0000] {logging_mixin.py:188} INFO - [2024-04-24T05:19:23.815+0000] {dag.py:3834} INFO - Setting next_dagrun for addddddddddd to None, run_after=None
[2024-04-24T05:19:23.825+0000] {processor.py:183} INFO - Processing /opt/airflow/dags/dagggg.py took 0.039 seconds
[2024-04-24T05:19:54.387+0000] {processor.py:161} INFO - Started process (PID=1039) to work on /opt/airflow/dags/dagggg.py
[2024-04-24T05:19:54.388+0000] {processor.py:830} INFO - Processing file /opt/airflow/dags/dagggg.py for tasks to queue
[2024-04-24T05:19:54.389+0000] {logging_mixin.py:188} INFO - [2024-04-24T05:19:54.389+0000] {dagbag.py:540} INFO - Filling up the DagBag from /opt/airflow/dags/dagggg.py
[2024-04-24T05:19:54.395+0000] {processor.py:840} INFO - DAG(s) 'addddddddddd' retrieved from /opt/airflow/dags/dagggg.py
[2024-04-24T05:19:54.405+0000] {logging_mixin.py:188} INFO - [2024-04-24T05:19:54.405+0000] {dag.py:3047} INFO - Sync 1 DAGs
[2024-04-24T05:19:54.416+0000] {logging_mixin.py:188} INFO - [2024-04-24T05:19:54.416+0000] {dag.py:3834} INFO - Setting next_dagrun for addddddddddd to None, run_after=None
[2024-04-24T05:19:54.426+0000] {processor.py:183} INFO - Processing /opt/airflow/dags/dagggg.py took 0.040 seconds
[2024-04-24T05:20:24.906+0000] {processor.py:161} INFO - Started process (PID=1097) to work on /opt/airflow/dags/dagggg.py
[2024-04-24T05:20:24.906+0000] {processor.py:830} INFO - Processing file /opt/airflow/dags/dagggg.py for tasks to queue
[2024-04-24T05:20:24.907+0000] {logging_mixin.py:188} INFO - [2024-04-24T05:20:24.907+0000] {dagbag.py:540} INFO - Filling up the DagBag from /opt/airflow/dags/dagggg.py
[2024-04-24T05:20:24.912+0000] {processor.py:840} INFO - DAG(s) 'addddddddddd' retrieved from /opt/airflow/dags/dagggg.py
[2024-04-24T05:20:24.922+0000] {logging_mixin.py:188} INFO - [2024-04-24T05:20:24.922+0000] {dag.py:3047} INFO - Sync 1 DAGs
[2024-04-24T05:20:24.933+0000] {logging_mixin.py:188} INFO - [2024-04-24T05:20:24.933+0000] {dag.py:3834} INFO - Setting next_dagrun for addddddddddd to None, run_after=None
[2024-04-24T05:20:24.942+0000] {processor.py:183} INFO - Processing /opt/airflow/dags/dagggg.py took 0.038 seconds
[2024-04-24T05:20:55.547+0000] {processor.py:161} INFO - Started process (PID=1155) to work on /opt/airflow/dags/dagggg.py
[2024-04-24T05:20:55.548+0000] {processor.py:830} INFO - Processing file /opt/airflow/dags/dagggg.py for tasks to queue
[2024-04-24T05:20:55.549+0000] {logging_mixin.py:188} INFO - [2024-04-24T05:20:55.548+0000] {dagbag.py:540} INFO - Filling up the DagBag from /opt/airflow/dags/dagggg.py
[2024-04-24T05:20:55.554+0000] {processor.py:840} INFO - DAG(s) 'addddddddddd' retrieved from /opt/airflow/dags/dagggg.py
[2024-04-24T05:20:55.564+0000] {logging_mixin.py:188} INFO - [2024-04-24T05:20:55.564+0000] {dag.py:3047} INFO - Sync 1 DAGs
[2024-04-24T05:20:55.575+0000] {logging_mixin.py:188} INFO - [2024-04-24T05:20:55.575+0000] {dag.py:3834} INFO - Setting next_dagrun for addddddddddd to None, run_after=None
[2024-04-24T05:20:55.584+0000] {processor.py:183} INFO - Processing /opt/airflow/dags/dagggg.py took 0.039 seconds
[2024-04-24T05:21:26.041+0000] {processor.py:161} INFO - Started process (PID=1213) to work on /opt/airflow/dags/dagggg.py
[2024-04-24T05:21:26.042+0000] {processor.py:830} INFO - Processing file /opt/airflow/dags/dagggg.py for tasks to queue
[2024-04-24T05:21:26.043+0000] {logging_mixin.py:188} INFO - [2024-04-24T05:21:26.043+0000] {dagbag.py:540} INFO - Filling up the DagBag from /opt/airflow/dags/dagggg.py
[2024-04-24T05:21:26.048+0000] {processor.py:840} INFO - DAG(s) 'addddddddddd' retrieved from /opt/airflow/dags/dagggg.py
[2024-04-24T05:21:26.058+0000] {logging_mixin.py:188} INFO - [2024-04-24T05:21:26.058+0000] {dag.py:3047} INFO - Sync 1 DAGs
[2024-04-24T05:21:26.068+0000] {logging_mixin.py:188} INFO - [2024-04-24T05:21:26.068+0000] {dag.py:3834} INFO - Setting next_dagrun for addddddddddd to None, run_after=None
[2024-04-24T05:21:26.078+0000] {processor.py:183} INFO - Processing /opt/airflow/dags/dagggg.py took 0.039 seconds
[2024-04-24T05:21:56.540+0000] {processor.py:161} INFO - Started process (PID=1271) to work on /opt/airflow/dags/dagggg.py
[2024-04-24T05:21:56.540+0000] {processor.py:830} INFO - Processing file /opt/airflow/dags/dagggg.py for tasks to queue
[2024-04-24T05:21:56.541+0000] {logging_mixin.py:188} INFO - [2024-04-24T05:21:56.541+0000] {dagbag.py:540} INFO - Filling up the DagBag from /opt/airflow/dags/dagggg.py
[2024-04-24T05:21:56.547+0000] {processor.py:840} INFO - DAG(s) 'addddddddddd' retrieved from /opt/airflow/dags/dagggg.py
[2024-04-24T05:21:56.556+0000] {logging_mixin.py:188} INFO - [2024-04-24T05:21:56.556+0000] {dag.py:3047} INFO - Sync 1 DAGs
[2024-04-24T05:21:56.567+0000] {logging_mixin.py:188} INFO - [2024-04-24T05:21:56.567+0000] {dag.py:3834} INFO - Setting next_dagrun for addddddddddd to None, run_after=None
[2024-04-24T05:21:56.577+0000] {processor.py:183} INFO - Processing /opt/airflow/dags/dagggg.py took 0.039 seconds
[2024-04-24T05:22:27.006+0000] {processor.py:161} INFO - Started process (PID=1329) to work on /opt/airflow/dags/dagggg.py
[2024-04-24T05:22:27.006+0000] {processor.py:830} INFO - Processing file /opt/airflow/dags/dagggg.py for tasks to queue
[2024-04-24T05:22:27.007+0000] {logging_mixin.py:188} INFO - [2024-04-24T05:22:27.007+0000] {dagbag.py:540} INFO - Filling up the DagBag from /opt/airflow/dags/dagggg.py
[2024-04-24T05:22:27.013+0000] {processor.py:840} INFO - DAG(s) 'addddddddddd' retrieved from /opt/airflow/dags/dagggg.py
[2024-04-24T05:22:27.022+0000] {logging_mixin.py:188} INFO - [2024-04-24T05:22:27.022+0000] {dag.py:3047} INFO - Sync 1 DAGs
[2024-04-24T05:22:27.033+0000] {logging_mixin.py:188} INFO - [2024-04-24T05:22:27.033+0000] {dag.py:3834} INFO - Setting next_dagrun for addddddddddd to None, run_after=None
[2024-04-24T05:22:27.042+0000] {processor.py:183} INFO - Processing /opt/airflow/dags/dagggg.py took 0.038 seconds
[2024-04-24T05:22:57.549+0000] {processor.py:161} INFO - Started process (PID=1387) to work on /opt/airflow/dags/dagggg.py
[2024-04-24T05:22:57.550+0000] {processor.py:830} INFO - Processing file /opt/airflow/dags/dagggg.py for tasks to queue
[2024-04-24T05:22:57.551+0000] {logging_mixin.py:188} INFO - [2024-04-24T05:22:57.551+0000] {dagbag.py:540} INFO - Filling up the DagBag from /opt/airflow/dags/dagggg.py
[2024-04-24T05:22:57.556+0000] {processor.py:840} INFO - DAG(s) 'addddddddddd' retrieved from /opt/airflow/dags/dagggg.py
[2024-04-24T05:22:57.567+0000] {logging_mixin.py:188} INFO - [2024-04-24T05:22:57.566+0000] {dag.py:3047} INFO - Sync 1 DAGs
[2024-04-24T05:22:57.578+0000] {logging_mixin.py:188} INFO - [2024-04-24T05:22:57.577+0000] {dag.py:3834} INFO - Setting next_dagrun for addddddddddd to None, run_after=None
[2024-04-24T05:22:57.587+0000] {processor.py:183} INFO - Processing /opt/airflow/dags/dagggg.py took 0.040 seconds
[2024-04-24T05:23:28.027+0000] {processor.py:161} INFO - Started process (PID=1445) to work on /opt/airflow/dags/dagggg.py
[2024-04-24T05:23:28.027+0000] {processor.py:830} INFO - Processing file /opt/airflow/dags/dagggg.py for tasks to queue
[2024-04-24T05:23:28.028+0000] {logging_mixin.py:188} INFO - [2024-04-24T05:23:28.028+0000] {dagbag.py:540} INFO - Filling up the DagBag from /opt/airflow/dags/dagggg.py
[2024-04-24T05:23:28.033+0000] {processor.py:840} INFO - DAG(s) 'addddddddddd' retrieved from /opt/airflow/dags/dagggg.py
[2024-04-24T05:23:28.043+0000] {logging_mixin.py:188} INFO - [2024-04-24T05:23:28.043+0000] {dag.py:3047} INFO - Sync 1 DAGs
[2024-04-24T05:23:28.054+0000] {logging_mixin.py:188} INFO - [2024-04-24T05:23:28.053+0000] {dag.py:3834} INFO - Setting next_dagrun for addddddddddd to None, run_after=None
[2024-04-24T05:23:28.063+0000] {processor.py:183} INFO - Processing /opt/airflow/dags/dagggg.py took 0.038 seconds
[2024-04-24T05:23:58.543+0000] {processor.py:161} INFO - Started process (PID=1503) to work on /opt/airflow/dags/dagggg.py
[2024-04-24T05:23:58.543+0000] {processor.py:830} INFO - Processing file /opt/airflow/dags/dagggg.py for tasks to queue
[2024-04-24T05:23:58.544+0000] {logging_mixin.py:188} INFO - [2024-04-24T05:23:58.544+0000] {dagbag.py:540} INFO - Filling up the DagBag from /opt/airflow/dags/dagggg.py
[2024-04-24T05:23:58.550+0000] {processor.py:840} INFO - DAG(s) 'addddddddddd' retrieved from /opt/airflow/dags/dagggg.py
[2024-04-24T05:23:58.560+0000] {logging_mixin.py:188} INFO - [2024-04-24T05:23:58.560+0000] {dag.py:3047} INFO - Sync 1 DAGs
[2024-04-24T05:23:58.571+0000] {logging_mixin.py:188} INFO - [2024-04-24T05:23:58.571+0000] {dag.py:3834} INFO - Setting next_dagrun for addddddddddd to None, run_after=None
[2024-04-24T05:23:58.581+0000] {processor.py:183} INFO - Processing /opt/airflow/dags/dagggg.py took 0.040 seconds
[2024-04-24T05:24:29.058+0000] {processor.py:161} INFO - Started process (PID=1561) to work on /opt/airflow/dags/dagggg.py
[2024-04-24T05:24:29.059+0000] {processor.py:830} INFO - Processing file /opt/airflow/dags/dagggg.py for tasks to queue
[2024-04-24T05:24:29.060+0000] {logging_mixin.py:188} INFO - [2024-04-24T05:24:29.060+0000] {dagbag.py:540} INFO - Filling up the DagBag from /opt/airflow/dags/dagggg.py
[2024-04-24T05:24:29.065+0000] {processor.py:840} INFO - DAG(s) 'addddddddddd' retrieved from /opt/airflow/dags/dagggg.py
[2024-04-24T05:24:29.075+0000] {logging_mixin.py:188} INFO - [2024-04-24T05:24:29.075+0000] {dag.py:3047} INFO - Sync 1 DAGs
[2024-04-24T05:24:29.085+0000] {logging_mixin.py:188} INFO - [2024-04-24T05:24:29.085+0000] {dag.py:3834} INFO - Setting next_dagrun for addddddddddd to None, run_after=None
[2024-04-24T05:24:29.095+0000] {processor.py:183} INFO - Processing /opt/airflow/dags/dagggg.py took 0.038 seconds
[2024-04-24T05:24:59.520+0000] {processor.py:161} INFO - Started process (PID=1619) to work on /opt/airflow/dags/dagggg.py
[2024-04-24T05:24:59.521+0000] {processor.py:830} INFO - Processing file /opt/airflow/dags/dagggg.py for tasks to queue
[2024-04-24T05:24:59.522+0000] {logging_mixin.py:188} INFO - [2024-04-24T05:24:59.521+0000] {dagbag.py:540} INFO - Filling up the DagBag from /opt/airflow/dags/dagggg.py
[2024-04-24T05:24:59.527+0000] {processor.py:840} INFO - DAG(s) 'addddddddddd' retrieved from /opt/airflow/dags/dagggg.py
[2024-04-24T05:24:59.537+0000] {logging_mixin.py:188} INFO - [2024-04-24T05:24:59.537+0000] {dag.py:3047} INFO - Sync 1 DAGs
[2024-04-24T05:24:59.549+0000] {logging_mixin.py:188} INFO - [2024-04-24T05:24:59.549+0000] {dag.py:3834} INFO - Setting next_dagrun for addddddddddd to None, run_after=None
[2024-04-24T05:24:59.559+0000] {processor.py:183} INFO - Processing /opt/airflow/dags/dagggg.py took 0.041 seconds
[2024-04-24T05:25:29.982+0000] {processor.py:161} INFO - Started process (PID=1677) to work on /opt/airflow/dags/dagggg.py
[2024-04-24T05:25:29.983+0000] {processor.py:830} INFO - Processing file /opt/airflow/dags/dagggg.py for tasks to queue
[2024-04-24T05:25:29.984+0000] {logging_mixin.py:188} INFO - [2024-04-24T05:25:29.983+0000] {dagbag.py:540} INFO - Filling up the DagBag from /opt/airflow/dags/dagggg.py
[2024-04-24T05:25:29.989+0000] {processor.py:840} INFO - DAG(s) 'addddddddddd' retrieved from /opt/airflow/dags/dagggg.py
[2024-04-24T05:25:29.999+0000] {logging_mixin.py:188} INFO - [2024-04-24T05:25:29.998+0000] {dag.py:3047} INFO - Sync 1 DAGs
[2024-04-24T05:25:30.010+0000] {logging_mixin.py:188} INFO - [2024-04-24T05:25:30.009+0000] {dag.py:3834} INFO - Setting next_dagrun for addddddddddd to None, run_after=None
[2024-04-24T05:25:30.019+0000] {processor.py:183} INFO - Processing /opt/airflow/dags/dagggg.py took 0.039 seconds
[2024-04-24T05:26:00.625+0000] {processor.py:161} INFO - Started process (PID=1735) to work on /opt/airflow/dags/dagggg.py
[2024-04-24T05:26:00.625+0000] {processor.py:830} INFO - Processing file /opt/airflow/dags/dagggg.py for tasks to queue
[2024-04-24T05:26:00.626+0000] {logging_mixin.py:188} INFO - [2024-04-24T05:26:00.626+0000] {dagbag.py:540} INFO - Filling up the DagBag from /opt/airflow/dags/dagggg.py
[2024-04-24T05:26:00.632+0000] {processor.py:840} INFO - DAG(s) 'addddddddddd' retrieved from /opt/airflow/dags/dagggg.py
[2024-04-24T05:26:00.642+0000] {logging_mixin.py:188} INFO - [2024-04-24T05:26:00.642+0000] {dag.py:3047} INFO - Sync 1 DAGs
[2024-04-24T05:26:00.653+0000] {logging_mixin.py:188} INFO - [2024-04-24T05:26:00.653+0000] {dag.py:3834} INFO - Setting next_dagrun for addddddddddd to None, run_after=None
[2024-04-24T05:26:00.663+0000] {processor.py:183} INFO - Processing /opt/airflow/dags/dagggg.py took 0.040 seconds
[2024-04-24T05:26:31.246+0000] {processor.py:161} INFO - Started process (PID=1793) to work on /opt/airflow/dags/dagggg.py
[2024-04-24T05:26:31.247+0000] {processor.py:830} INFO - Processing file /opt/airflow/dags/dagggg.py for tasks to queue
[2024-04-24T05:26:31.248+0000] {logging_mixin.py:188} INFO - [2024-04-24T05:26:31.248+0000] {dagbag.py:540} INFO - Filling up the DagBag from /opt/airflow/dags/dagggg.py
[2024-04-24T05:26:31.253+0000] {processor.py:840} INFO - DAG(s) 'addddddddddd' retrieved from /opt/airflow/dags/dagggg.py
[2024-04-24T05:26:31.263+0000] {logging_mixin.py:188} INFO - [2024-04-24T05:26:31.263+0000] {dag.py:3047} INFO - Sync 1 DAGs
[2024-04-24T05:26:31.273+0000] {logging_mixin.py:188} INFO - [2024-04-24T05:26:31.273+0000] {dag.py:3834} INFO - Setting next_dagrun for addddddddddd to None, run_after=None
[2024-04-24T05:26:31.283+0000] {processor.py:183} INFO - Processing /opt/airflow/dags/dagggg.py took 0.038 seconds
[2024-04-24T05:27:01.966+0000] {processor.py:161} INFO - Started process (PID=1851) to work on /opt/airflow/dags/dagggg.py
[2024-04-24T05:27:01.966+0000] {processor.py:830} INFO - Processing file /opt/airflow/dags/dagggg.py for tasks to queue
[2024-04-24T05:27:01.967+0000] {logging_mixin.py:188} INFO - [2024-04-24T05:27:01.967+0000] {dagbag.py:540} INFO - Filling up the DagBag from /opt/airflow/dags/dagggg.py
[2024-04-24T05:27:01.973+0000] {processor.py:840} INFO - DAG(s) 'addddddddddd' retrieved from /opt/airflow/dags/dagggg.py
[2024-04-24T05:27:01.983+0000] {logging_mixin.py:188} INFO - [2024-04-24T05:27:01.982+0000] {dag.py:3047} INFO - Sync 1 DAGs
[2024-04-24T05:27:01.993+0000] {logging_mixin.py:188} INFO - [2024-04-24T05:27:01.993+0000] {dag.py:3834} INFO - Setting next_dagrun for addddddddddd to None, run_after=None
[2024-04-24T05:27:02.003+0000] {processor.py:183} INFO - Processing /opt/airflow/dags/dagggg.py took 0.039 seconds
[2024-04-24T05:27:32.524+0000] {processor.py:161} INFO - Started process (PID=1909) to work on /opt/airflow/dags/dagggg.py
[2024-04-24T05:27:32.525+0000] {processor.py:830} INFO - Processing file /opt/airflow/dags/dagggg.py for tasks to queue
[2024-04-24T05:27:32.526+0000] {logging_mixin.py:188} INFO - [2024-04-24T05:27:32.526+0000] {dagbag.py:540} INFO - Filling up the DagBag from /opt/airflow/dags/dagggg.py
[2024-04-24T05:27:32.531+0000] {processor.py:840} INFO - DAG(s) 'addddddddddd' retrieved from /opt/airflow/dags/dagggg.py
[2024-04-24T05:27:32.541+0000] {logging_mixin.py:188} INFO - [2024-04-24T05:27:32.541+0000] {dag.py:3047} INFO - Sync 1 DAGs
[2024-04-24T05:27:32.552+0000] {logging_mixin.py:188} INFO - [2024-04-24T05:27:32.552+0000] {dag.py:3834} INFO - Setting next_dagrun for addddddddddd to None, run_after=None
[2024-04-24T05:27:32.561+0000] {processor.py:183} INFO - Processing /opt/airflow/dags/dagggg.py took 0.039 seconds
[2024-04-24T05:28:03.104+0000] {processor.py:161} INFO - Started process (PID=1967) to work on /opt/airflow/dags/dagggg.py
[2024-04-24T05:28:03.104+0000] {processor.py:830} INFO - Processing file /opt/airflow/dags/dagggg.py for tasks to queue
[2024-04-24T05:28:03.105+0000] {logging_mixin.py:188} INFO - [2024-04-24T05:28:03.105+0000] {dagbag.py:540} INFO - Filling up the DagBag from /opt/airflow/dags/dagggg.py
[2024-04-24T05:28:03.111+0000] {processor.py:840} INFO - DAG(s) 'addddddddddd' retrieved from /opt/airflow/dags/dagggg.py
[2024-04-24T05:28:03.120+0000] {logging_mixin.py:188} INFO - [2024-04-24T05:28:03.120+0000] {dag.py:3047} INFO - Sync 1 DAGs
[2024-04-24T05:28:03.131+0000] {logging_mixin.py:188} INFO - [2024-04-24T05:28:03.131+0000] {dag.py:3834} INFO - Setting next_dagrun for addddddddddd to None, run_after=None
[2024-04-24T05:28:03.140+0000] {processor.py:183} INFO - Processing /opt/airflow/dags/dagggg.py took 0.039 seconds
[2024-04-24T05:28:33.847+0000] {processor.py:161} INFO - Started process (PID=2025) to work on /opt/airflow/dags/dagggg.py
[2024-04-24T05:28:33.848+0000] {processor.py:830} INFO - Processing file /opt/airflow/dags/dagggg.py for tasks to queue
[2024-04-24T05:28:33.849+0000] {logging_mixin.py:188} INFO - [2024-04-24T05:28:33.849+0000] {dagbag.py:540} INFO - Filling up the DagBag from /opt/airflow/dags/dagggg.py
[2024-04-24T05:28:33.854+0000] {processor.py:840} INFO - DAG(s) 'addddddddddd' retrieved from /opt/airflow/dags/dagggg.py
[2024-04-24T05:28:33.864+0000] {logging_mixin.py:188} INFO - [2024-04-24T05:28:33.864+0000] {dag.py:3047} INFO - Sync 1 DAGs
[2024-04-24T05:28:33.875+0000] {logging_mixin.py:188} INFO - [2024-04-24T05:28:33.875+0000] {dag.py:3834} INFO - Setting next_dagrun for addddddddddd to None, run_after=None
[2024-04-24T05:28:33.884+0000] {processor.py:183} INFO - Processing /opt/airflow/dags/dagggg.py took 0.039 seconds
[2024-04-24T05:29:04.511+0000] {processor.py:161} INFO - Started process (PID=2083) to work on /opt/airflow/dags/dagggg.py
[2024-04-24T05:29:04.511+0000] {processor.py:830} INFO - Processing file /opt/airflow/dags/dagggg.py for tasks to queue
[2024-04-24T05:29:04.512+0000] {logging_mixin.py:188} INFO - [2024-04-24T05:29:04.512+0000] {dagbag.py:540} INFO - Filling up the DagBag from /opt/airflow/dags/dagggg.py
[2024-04-24T05:29:04.518+0000] {processor.py:840} INFO - DAG(s) 'addddddddddd' retrieved from /opt/airflow/dags/dagggg.py
[2024-04-24T05:29:04.528+0000] {logging_mixin.py:188} INFO - [2024-04-24T05:29:04.527+0000] {dag.py:3047} INFO - Sync 1 DAGs
[2024-04-24T05:29:04.538+0000] {logging_mixin.py:188} INFO - [2024-04-24T05:29:04.538+0000] {dag.py:3834} INFO - Setting next_dagrun for addddddddddd to None, run_after=None
[2024-04-24T05:29:04.548+0000] {processor.py:183} INFO - Processing /opt/airflow/dags/dagggg.py took 0.039 seconds
[2024-04-24T05:29:35.170+0000] {processor.py:161} INFO - Started process (PID=2141) to work on /opt/airflow/dags/dagggg.py
[2024-04-24T05:29:35.170+0000] {processor.py:830} INFO - Processing file /opt/airflow/dags/dagggg.py for tasks to queue
[2024-04-24T05:29:35.171+0000] {logging_mixin.py:188} INFO - [2024-04-24T05:29:35.171+0000] {dagbag.py:540} INFO - Filling up the DagBag from /opt/airflow/dags/dagggg.py
[2024-04-24T05:29:35.177+0000] {processor.py:840} INFO - DAG(s) 'addddddddddd' retrieved from /opt/airflow/dags/dagggg.py
[2024-04-24T05:29:35.186+0000] {logging_mixin.py:188} INFO - [2024-04-24T05:29:35.186+0000] {dag.py:3047} INFO - Sync 1 DAGs
[2024-04-24T05:29:35.197+0000] {logging_mixin.py:188} INFO - [2024-04-24T05:29:35.197+0000] {dag.py:3834} INFO - Setting next_dagrun for addddddddddd to None, run_after=None
[2024-04-24T05:29:35.207+0000] {processor.py:183} INFO - Processing /opt/airflow/dags/dagggg.py took 0.039 seconds
[2024-04-24T05:30:05.642+0000] {processor.py:161} INFO - Started process (PID=2199) to work on /opt/airflow/dags/dagggg.py
[2024-04-24T05:30:05.643+0000] {processor.py:830} INFO - Processing file /opt/airflow/dags/dagggg.py for tasks to queue
[2024-04-24T05:30:05.644+0000] {logging_mixin.py:188} INFO - [2024-04-24T05:30:05.644+0000] {dagbag.py:540} INFO - Filling up the DagBag from /opt/airflow/dags/dagggg.py
[2024-04-24T05:30:05.649+0000] {processor.py:840} INFO - DAG(s) 'addddddddddd' retrieved from /opt/airflow/dags/dagggg.py
[2024-04-24T05:30:05.659+0000] {logging_mixin.py:188} INFO - [2024-04-24T05:30:05.659+0000] {dag.py:3047} INFO - Sync 1 DAGs
[2024-04-24T05:30:05.670+0000] {logging_mixin.py:188} INFO - [2024-04-24T05:30:05.669+0000] {dag.py:3834} INFO - Setting next_dagrun for addddddddddd to None, run_after=None
[2024-04-24T05:30:05.679+0000] {processor.py:183} INFO - Processing /opt/airflow/dags/dagggg.py took 0.038 seconds
[2024-04-24T05:30:36.218+0000] {processor.py:161} INFO - Started process (PID=2257) to work on /opt/airflow/dags/dagggg.py
[2024-04-24T05:30:36.219+0000] {processor.py:830} INFO - Processing file /opt/airflow/dags/dagggg.py for tasks to queue
[2024-04-24T05:30:36.220+0000] {logging_mixin.py:188} INFO - [2024-04-24T05:30:36.220+0000] {dagbag.py:540} INFO - Filling up the DagBag from /opt/airflow/dags/dagggg.py
[2024-04-24T05:30:36.226+0000] {processor.py:840} INFO - DAG(s) 'addddddddddd' retrieved from /opt/airflow/dags/dagggg.py
[2024-04-24T05:30:36.237+0000] {logging_mixin.py:188} INFO - [2024-04-24T05:30:36.236+0000] {dag.py:3047} INFO - Sync 1 DAGs
[2024-04-24T05:30:36.248+0000] {logging_mixin.py:188} INFO - [2024-04-24T05:30:36.248+0000] {dag.py:3834} INFO - Setting next_dagrun for addddddddddd to None, run_after=None
[2024-04-24T05:30:36.257+0000] {processor.py:183} INFO - Processing /opt/airflow/dags/dagggg.py took 0.041 seconds
[2024-04-24T05:31:06.774+0000] {processor.py:161} INFO - Started process (PID=2315) to work on /opt/airflow/dags/dagggg.py
[2024-04-24T05:31:06.774+0000] {processor.py:830} INFO - Processing file /opt/airflow/dags/dagggg.py for tasks to queue
[2024-04-24T05:31:06.775+0000] {logging_mixin.py:188} INFO - [2024-04-24T05:31:06.775+0000] {dagbag.py:540} INFO - Filling up the DagBag from /opt/airflow/dags/dagggg.py
[2024-04-24T05:31:06.780+0000] {processor.py:840} INFO - DAG(s) 'addddddddddd' retrieved from /opt/airflow/dags/dagggg.py
[2024-04-24T05:31:06.790+0000] {logging_mixin.py:188} INFO - [2024-04-24T05:31:06.790+0000] {dag.py:3047} INFO - Sync 1 DAGs
[2024-04-24T05:31:06.801+0000] {logging_mixin.py:188} INFO - [2024-04-24T05:31:06.801+0000] {dag.py:3834} INFO - Setting next_dagrun for addddddddddd to None, run_after=None
[2024-04-24T05:31:06.811+0000] {processor.py:183} INFO - Processing /opt/airflow/dags/dagggg.py took 0.039 seconds
[2024-04-24T05:31:37.593+0000] {processor.py:161} INFO - Started process (PID=2373) to work on /opt/airflow/dags/dagggg.py
[2024-04-24T05:31:37.594+0000] {processor.py:830} INFO - Processing file /opt/airflow/dags/dagggg.py for tasks to queue
[2024-04-24T05:31:37.595+0000] {logging_mixin.py:188} INFO - [2024-04-24T05:31:37.595+0000] {dagbag.py:540} INFO - Filling up the DagBag from /opt/airflow/dags/dagggg.py
[2024-04-24T05:31:37.600+0000] {processor.py:840} INFO - DAG(s) 'addddddddddd' retrieved from /opt/airflow/dags/dagggg.py
[2024-04-24T05:31:37.611+0000] {logging_mixin.py:188} INFO - [2024-04-24T05:31:37.610+0000] {dag.py:3047} INFO - Sync 1 DAGs
[2024-04-24T05:31:37.622+0000] {logging_mixin.py:188} INFO - [2024-04-24T05:31:37.622+0000] {dag.py:3834} INFO - Setting next_dagrun for addddddddddd to None, run_after=None
[2024-04-24T05:31:37.632+0000] {processor.py:183} INFO - Processing /opt/airflow/dags/dagggg.py took 0.041 seconds
[2024-04-24T05:32:08.215+0000] {processor.py:161} INFO - Started process (PID=2431) to work on /opt/airflow/dags/dagggg.py
[2024-04-24T05:32:08.216+0000] {processor.py:830} INFO - Processing file /opt/airflow/dags/dagggg.py for tasks to queue
[2024-04-24T05:32:08.217+0000] {logging_mixin.py:188} INFO - [2024-04-24T05:32:08.217+0000] {dagbag.py:540} INFO - Filling up the DagBag from /opt/airflow/dags/dagggg.py
[2024-04-24T05:32:08.222+0000] {processor.py:840} INFO - DAG(s) 'addddddddddd' retrieved from /opt/airflow/dags/dagggg.py
[2024-04-24T05:32:08.232+0000] {logging_mixin.py:188} INFO - [2024-04-24T05:32:08.232+0000] {dag.py:3047} INFO - Sync 1 DAGs
[2024-04-24T05:32:08.243+0000] {logging_mixin.py:188} INFO - [2024-04-24T05:32:08.243+0000] {dag.py:3834} INFO - Setting next_dagrun for addddddddddd to None, run_after=None
[2024-04-24T05:32:08.252+0000] {processor.py:183} INFO - Processing /opt/airflow/dags/dagggg.py took 0.039 seconds
[2024-04-24T05:32:38.774+0000] {processor.py:161} INFO - Started process (PID=2490) to work on /opt/airflow/dags/dagggg.py
[2024-04-24T05:32:38.775+0000] {processor.py:830} INFO - Processing file /opt/airflow/dags/dagggg.py for tasks to queue
[2024-04-24T05:32:38.776+0000] {logging_mixin.py:188} INFO - [2024-04-24T05:32:38.776+0000] {dagbag.py:540} INFO - Filling up the DagBag from /opt/airflow/dags/dagggg.py
[2024-04-24T05:32:38.781+0000] {processor.py:840} INFO - DAG(s) 'addddddddddd' retrieved from /opt/airflow/dags/dagggg.py
[2024-04-24T05:32:38.791+0000] {logging_mixin.py:188} INFO - [2024-04-24T05:32:38.791+0000] {dag.py:3047} INFO - Sync 1 DAGs
[2024-04-24T05:32:38.802+0000] {logging_mixin.py:188} INFO - [2024-04-24T05:32:38.802+0000] {dag.py:3834} INFO - Setting next_dagrun for addddddddddd to None, run_after=None
[2024-04-24T05:32:38.812+0000] {processor.py:183} INFO - Processing /opt/airflow/dags/dagggg.py took 0.039 seconds
