[2024-04-24T05:11:14.591+0000] {processor.py:161} INFO - Started process (PID=50) to work on /opt/airflow/dags/hellllllloooo.py
[2024-04-24T05:11:14.592+0000] {processor.py:830} INFO - Processing file /opt/airflow/dags/hellllllloooo.py for tasks to queue
[2024-04-24T05:11:14.594+0000] {logging_mixin.py:188} INFO - [2024-04-24T05:11:14.594+0000] {dagbag.py:540} INFO - Filling up the DagBag from /opt/airflow/dags/hellllllloooo.py
[2024-04-24T05:11:14.634+0000] {processor.py:840} INFO - DAG(s) 'hello_worldclassswjrdjefbnfbbef' retrieved from /opt/airflow/dags/hellllllloooo.py
[2024-04-24T05:11:14.658+0000] {logging_mixin.py:188} INFO - [2024-04-24T05:11:14.658+0000] {dag.py:3047} INFO - Sync 1 DAGs
[2024-04-24T05:11:14.671+0000] {logging_mixin.py:188} INFO - [2024-04-24T05:11:14.671+0000] {dag.py:3834} INFO - Setting next_dagrun for hello_worldclassswjrdjefbnfbbef to 2024-04-24 00:00:00+00:00, run_after=2024-04-25 00:00:00+00:00
[2024-04-24T05:11:14.681+0000] {processor.py:183} INFO - Processing /opt/airflow/dags/hellllllloooo.py took 0.093 seconds
[2024-04-24T05:11:44.704+0000] {processor.py:161} INFO - Started process (PID=108) to work on /opt/airflow/dags/hellllllloooo.py
[2024-04-24T05:11:44.704+0000] {processor.py:830} INFO - Processing file /opt/airflow/dags/hellllllloooo.py for tasks to queue
[2024-04-24T05:11:44.706+0000] {logging_mixin.py:188} INFO - [2024-04-24T05:11:44.706+0000] {dagbag.py:540} INFO - Filling up the DagBag from /opt/airflow/dags/hellllllloooo.py
[2024-04-24T05:11:44.713+0000] {processor.py:840} INFO - DAG(s) 'hello_worldclassswjrdjefbnfbbef' retrieved from /opt/airflow/dags/hellllllloooo.py
[2024-04-24T05:11:44.723+0000] {logging_mixin.py:188} INFO - [2024-04-24T05:11:44.723+0000] {dag.py:3047} INFO - Sync 1 DAGs
[2024-04-24T05:11:44.735+0000] {logging_mixin.py:188} INFO - [2024-04-24T05:11:44.734+0000] {dag.py:3834} INFO - Setting next_dagrun for hello_worldclassswjrdjefbnfbbef to 2024-04-24 00:00:00+00:00, run_after=2024-04-25 00:00:00+00:00
[2024-04-24T05:11:44.745+0000] {processor.py:183} INFO - Processing /opt/airflow/dags/hellllllloooo.py took 0.043 seconds
[2024-04-24T05:12:15.316+0000] {processor.py:161} INFO - Started process (PID=166) to work on /opt/airflow/dags/hellllllloooo.py
[2024-04-24T05:12:15.317+0000] {processor.py:830} INFO - Processing file /opt/airflow/dags/hellllllloooo.py for tasks to queue
[2024-04-24T05:12:15.318+0000] {logging_mixin.py:188} INFO - [2024-04-24T05:12:15.318+0000] {dagbag.py:540} INFO - Filling up the DagBag from /opt/airflow/dags/hellllllloooo.py
[2024-04-24T05:12:15.325+0000] {processor.py:840} INFO - DAG(s) 'hello_worldclassswjrdjefbnfbbef' retrieved from /opt/airflow/dags/hellllllloooo.py
[2024-04-24T05:12:15.336+0000] {logging_mixin.py:188} INFO - [2024-04-24T05:12:15.335+0000] {dag.py:3047} INFO - Sync 1 DAGs
[2024-04-24T05:12:15.347+0000] {logging_mixin.py:188} INFO - [2024-04-24T05:12:15.346+0000] {dag.py:3834} INFO - Setting next_dagrun for hello_worldclassswjrdjefbnfbbef to 2024-04-24 00:00:00+00:00, run_after=2024-04-25 00:00:00+00:00
[2024-04-24T05:12:15.358+0000] {processor.py:183} INFO - Processing /opt/airflow/dags/hellllllloooo.py took 0.043 seconds
[2024-04-24T05:12:45.938+0000] {processor.py:161} INFO - Started process (PID=224) to work on /opt/airflow/dags/hellllllloooo.py
[2024-04-24T05:12:45.939+0000] {processor.py:830} INFO - Processing file /opt/airflow/dags/hellllllloooo.py for tasks to queue
[2024-04-24T05:12:45.940+0000] {logging_mixin.py:188} INFO - [2024-04-24T05:12:45.940+0000] {dagbag.py:540} INFO - Filling up the DagBag from /opt/airflow/dags/hellllllloooo.py
[2024-04-24T05:12:45.947+0000] {processor.py:840} INFO - DAG(s) 'hello_worldclassswjrdjefbnfbbef' retrieved from /opt/airflow/dags/hellllllloooo.py
[2024-04-24T05:12:45.957+0000] {logging_mixin.py:188} INFO - [2024-04-24T05:12:45.957+0000] {dag.py:3047} INFO - Sync 1 DAGs
[2024-04-24T05:12:45.968+0000] {logging_mixin.py:188} INFO - [2024-04-24T05:12:45.968+0000] {dag.py:3834} INFO - Setting next_dagrun for hello_worldclassswjrdjefbnfbbef to 2024-04-24 00:00:00+00:00, run_after=2024-04-25 00:00:00+00:00
[2024-04-24T05:12:45.979+0000] {processor.py:183} INFO - Processing /opt/airflow/dags/hellllllloooo.py took 0.042 seconds
[2024-04-24T05:13:16.610+0000] {processor.py:161} INFO - Started process (PID=282) to work on /opt/airflow/dags/hellllllloooo.py
[2024-04-24T05:13:16.610+0000] {processor.py:830} INFO - Processing file /opt/airflow/dags/hellllllloooo.py for tasks to queue
[2024-04-24T05:13:16.612+0000] {logging_mixin.py:188} INFO - [2024-04-24T05:13:16.611+0000] {dagbag.py:540} INFO - Filling up the DagBag from /opt/airflow/dags/hellllllloooo.py
[2024-04-24T05:13:16.620+0000] {processor.py:840} INFO - DAG(s) 'hello_worldclassswjrdjefbnfbbef' retrieved from /opt/airflow/dags/hellllllloooo.py
[2024-04-24T05:13:16.630+0000] {logging_mixin.py:188} INFO - [2024-04-24T05:13:16.630+0000] {dag.py:3047} INFO - Sync 1 DAGs
[2024-04-24T05:13:16.641+0000] {logging_mixin.py:188} INFO - [2024-04-24T05:13:16.641+0000] {dag.py:3834} INFO - Setting next_dagrun for hello_worldclassswjrdjefbnfbbef to 2024-04-24 00:00:00+00:00, run_after=2024-04-25 00:00:00+00:00
[2024-04-24T05:13:16.651+0000] {processor.py:183} INFO - Processing /opt/airflow/dags/hellllllloooo.py took 0.043 seconds
[2024-04-24T05:13:47.153+0000] {processor.py:161} INFO - Started process (PID=340) to work on /opt/airflow/dags/hellllllloooo.py
[2024-04-24T05:13:47.154+0000] {processor.py:830} INFO - Processing file /opt/airflow/dags/hellllllloooo.py for tasks to queue
[2024-04-24T05:13:47.155+0000] {logging_mixin.py:188} INFO - [2024-04-24T05:13:47.155+0000] {dagbag.py:540} INFO - Filling up the DagBag from /opt/airflow/dags/hellllllloooo.py
[2024-04-24T05:13:47.161+0000] {processor.py:840} INFO - DAG(s) 'hello_worldclassswjrdjefbnfbbef' retrieved from /opt/airflow/dags/hellllllloooo.py
[2024-04-24T05:13:47.173+0000] {logging_mixin.py:188} INFO - [2024-04-24T05:13:47.173+0000] {dag.py:3047} INFO - Sync 1 DAGs
[2024-04-24T05:13:47.187+0000] {logging_mixin.py:188} INFO - [2024-04-24T05:13:47.187+0000] {dag.py:3834} INFO - Setting next_dagrun for hello_worldclassswjrdjefbnfbbef to 2024-04-24 00:00:00+00:00, run_after=2024-04-25 00:00:00+00:00
[2024-04-24T05:13:47.199+0000] {processor.py:183} INFO - Processing /opt/airflow/dags/hellllllloooo.py took 0.048 seconds
[2024-04-24T05:14:18.031+0000] {processor.py:161} INFO - Started process (PID=398) to work on /opt/airflow/dags/hellllllloooo.py
[2024-04-24T05:14:18.032+0000] {processor.py:830} INFO - Processing file /opt/airflow/dags/hellllllloooo.py for tasks to queue
[2024-04-24T05:14:18.033+0000] {logging_mixin.py:188} INFO - [2024-04-24T05:14:18.033+0000] {dagbag.py:540} INFO - Filling up the DagBag from /opt/airflow/dags/hellllllloooo.py
[2024-04-24T05:14:18.040+0000] {processor.py:840} INFO - DAG(s) 'hello_worldclassswjrdjefbnfbbef' retrieved from /opt/airflow/dags/hellllllloooo.py
[2024-04-24T05:14:18.051+0000] {logging_mixin.py:188} INFO - [2024-04-24T05:14:18.050+0000] {dag.py:3047} INFO - Sync 1 DAGs
[2024-04-24T05:14:18.062+0000] {logging_mixin.py:188} INFO - [2024-04-24T05:14:18.062+0000] {dag.py:3834} INFO - Setting next_dagrun for hello_worldclassswjrdjefbnfbbef to 2024-04-24 00:00:00+00:00, run_after=2024-04-25 00:00:00+00:00
[2024-04-24T05:14:18.071+0000] {processor.py:183} INFO - Processing /opt/airflow/dags/hellllllloooo.py took 0.042 seconds
[2024-04-24T05:14:48.693+0000] {processor.py:161} INFO - Started process (PID=456) to work on /opt/airflow/dags/hellllllloooo.py
[2024-04-24T05:14:48.694+0000] {processor.py:830} INFO - Processing file /opt/airflow/dags/hellllllloooo.py for tasks to queue
[2024-04-24T05:14:48.695+0000] {logging_mixin.py:188} INFO - [2024-04-24T05:14:48.694+0000] {dagbag.py:540} INFO - Filling up the DagBag from /opt/airflow/dags/hellllllloooo.py
[2024-04-24T05:14:48.701+0000] {processor.py:840} INFO - DAG(s) 'hello_worldclassswjrdjefbnfbbef' retrieved from /opt/airflow/dags/hellllllloooo.py
[2024-04-24T05:14:48.712+0000] {logging_mixin.py:188} INFO - [2024-04-24T05:14:48.712+0000] {dag.py:3047} INFO - Sync 1 DAGs
[2024-04-24T05:14:48.723+0000] {logging_mixin.py:188} INFO - [2024-04-24T05:14:48.723+0000] {dag.py:3834} INFO - Setting next_dagrun for hello_worldclassswjrdjefbnfbbef to 2024-04-24 00:00:00+00:00, run_after=2024-04-25 00:00:00+00:00
[2024-04-24T05:14:48.733+0000] {processor.py:183} INFO - Processing /opt/airflow/dags/hellllllloooo.py took 0.042 seconds
[2024-04-24T05:15:19.194+0000] {processor.py:161} INFO - Started process (PID=515) to work on /opt/airflow/dags/hellllllloooo.py
[2024-04-24T05:15:19.194+0000] {processor.py:830} INFO - Processing file /opt/airflow/dags/hellllllloooo.py for tasks to queue
[2024-04-24T05:15:19.195+0000] {logging_mixin.py:188} INFO - [2024-04-24T05:15:19.195+0000] {dagbag.py:540} INFO - Filling up the DagBag from /opt/airflow/dags/hellllllloooo.py
[2024-04-24T05:15:19.203+0000] {processor.py:840} INFO - DAG(s) 'hello_worldclassswjrdjefbnfbbef' retrieved from /opt/airflow/dags/hellllllloooo.py
[2024-04-24T05:15:19.214+0000] {logging_mixin.py:188} INFO - [2024-04-24T05:15:19.213+0000] {dag.py:3047} INFO - Sync 1 DAGs
[2024-04-24T05:15:19.226+0000] {logging_mixin.py:188} INFO - [2024-04-24T05:15:19.225+0000] {dag.py:3834} INFO - Setting next_dagrun for hello_worldclassswjrdjefbnfbbef to 2024-04-24 00:00:00+00:00, run_after=2024-04-25 00:00:00+00:00
[2024-04-24T05:15:19.244+0000] {processor.py:183} INFO - Processing /opt/airflow/dags/hellllllloooo.py took 0.052 seconds
[2024-04-24T05:15:49.747+0000] {processor.py:161} INFO - Started process (PID=573) to work on /opt/airflow/dags/hellllllloooo.py
[2024-04-24T05:15:49.748+0000] {processor.py:830} INFO - Processing file /opt/airflow/dags/hellllllloooo.py for tasks to queue
[2024-04-24T05:15:49.749+0000] {logging_mixin.py:188} INFO - [2024-04-24T05:15:49.749+0000] {dagbag.py:540} INFO - Filling up the DagBag from /opt/airflow/dags/hellllllloooo.py
[2024-04-24T05:15:49.755+0000] {processor.py:840} INFO - DAG(s) 'hello_worldclassswjrdjefbnfbbef' retrieved from /opt/airflow/dags/hellllllloooo.py
[2024-04-24T05:15:49.767+0000] {logging_mixin.py:188} INFO - [2024-04-24T05:15:49.767+0000] {dag.py:3047} INFO - Sync 1 DAGs
[2024-04-24T05:15:49.778+0000] {logging_mixin.py:188} INFO - [2024-04-24T05:15:49.778+0000] {dag.py:3834} INFO - Setting next_dagrun for hello_worldclassswjrdjefbnfbbef to 2024-04-24 00:00:00+00:00, run_after=2024-04-25 00:00:00+00:00
[2024-04-24T05:15:49.788+0000] {processor.py:183} INFO - Processing /opt/airflow/dags/hellllllloooo.py took 0.043 seconds
[2024-04-24T05:16:20.251+0000] {processor.py:161} INFO - Started process (PID=631) to work on /opt/airflow/dags/hellllllloooo.py
[2024-04-24T05:16:20.252+0000] {processor.py:830} INFO - Processing file /opt/airflow/dags/hellllllloooo.py for tasks to queue
[2024-04-24T05:16:20.253+0000] {logging_mixin.py:188} INFO - [2024-04-24T05:16:20.253+0000] {dagbag.py:540} INFO - Filling up the DagBag from /opt/airflow/dags/hellllllloooo.py
[2024-04-24T05:16:20.260+0000] {processor.py:840} INFO - DAG(s) 'hello_worldclassswjrdjefbnfbbef' retrieved from /opt/airflow/dags/hellllllloooo.py
[2024-04-24T05:16:20.271+0000] {logging_mixin.py:188} INFO - [2024-04-24T05:16:20.271+0000] {dag.py:3047} INFO - Sync 1 DAGs
[2024-04-24T05:16:20.283+0000] {logging_mixin.py:188} INFO - [2024-04-24T05:16:20.283+0000] {dag.py:3834} INFO - Setting next_dagrun for hello_worldclassswjrdjefbnfbbef to 2024-04-24 00:00:00+00:00, run_after=2024-04-25 00:00:00+00:00
[2024-04-24T05:16:20.293+0000] {processor.py:183} INFO - Processing /opt/airflow/dags/hellllllloooo.py took 0.044 seconds
[2024-04-24T05:16:50.752+0000] {processor.py:161} INFO - Started process (PID=689) to work on /opt/airflow/dags/hellllllloooo.py
[2024-04-24T05:16:50.753+0000] {processor.py:830} INFO - Processing file /opt/airflow/dags/hellllllloooo.py for tasks to queue
[2024-04-24T05:16:50.754+0000] {logging_mixin.py:188} INFO - [2024-04-24T05:16:50.754+0000] {dagbag.py:540} INFO - Filling up the DagBag from /opt/airflow/dags/hellllllloooo.py
[2024-04-24T05:16:50.761+0000] {processor.py:840} INFO - DAG(s) 'hello_worldclassswjrdjefbnfbbef' retrieved from /opt/airflow/dags/hellllllloooo.py
[2024-04-24T05:16:50.771+0000] {logging_mixin.py:188} INFO - [2024-04-24T05:16:50.771+0000] {dag.py:3047} INFO - Sync 1 DAGs
[2024-04-24T05:16:50.783+0000] {logging_mixin.py:188} INFO - [2024-04-24T05:16:50.783+0000] {dag.py:3834} INFO - Setting next_dagrun for hello_worldclassswjrdjefbnfbbef to 2024-04-24 00:00:00+00:00, run_after=2024-04-25 00:00:00+00:00
[2024-04-24T05:16:50.793+0000] {processor.py:183} INFO - Processing /opt/airflow/dags/hellllllloooo.py took 0.043 seconds
[2024-04-24T05:17:21.284+0000] {processor.py:161} INFO - Started process (PID=747) to work on /opt/airflow/dags/hellllllloooo.py
[2024-04-24T05:17:21.284+0000] {processor.py:830} INFO - Processing file /opt/airflow/dags/hellllllloooo.py for tasks to queue
[2024-04-24T05:17:21.285+0000] {logging_mixin.py:188} INFO - [2024-04-24T05:17:21.285+0000] {dagbag.py:540} INFO - Filling up the DagBag from /opt/airflow/dags/hellllllloooo.py
[2024-04-24T05:17:21.292+0000] {processor.py:840} INFO - DAG(s) 'hello_worldclassswjrdjefbnfbbef' retrieved from /opt/airflow/dags/hellllllloooo.py
[2024-04-24T05:17:21.302+0000] {logging_mixin.py:188} INFO - [2024-04-24T05:17:21.302+0000] {dag.py:3047} INFO - Sync 1 DAGs
[2024-04-24T05:17:21.313+0000] {logging_mixin.py:188} INFO - [2024-04-24T05:17:21.313+0000] {dag.py:3834} INFO - Setting next_dagrun for hello_worldclassswjrdjefbnfbbef to 2024-04-24 00:00:00+00:00, run_after=2024-04-25 00:00:00+00:00
[2024-04-24T05:17:21.324+0000] {processor.py:183} INFO - Processing /opt/airflow/dags/hellllllloooo.py took 0.042 seconds
[2024-04-24T05:17:51.856+0000] {processor.py:161} INFO - Started process (PID=805) to work on /opt/airflow/dags/hellllllloooo.py
[2024-04-24T05:17:51.856+0000] {processor.py:830} INFO - Processing file /opt/airflow/dags/hellllllloooo.py for tasks to queue
[2024-04-24T05:17:51.857+0000] {logging_mixin.py:188} INFO - [2024-04-24T05:17:51.857+0000] {dagbag.py:540} INFO - Filling up the DagBag from /opt/airflow/dags/hellllllloooo.py
[2024-04-24T05:17:51.863+0000] {processor.py:840} INFO - DAG(s) 'hello_worldclassswjrdjefbnfbbef' retrieved from /opt/airflow/dags/hellllllloooo.py
[2024-04-24T05:17:51.874+0000] {logging_mixin.py:188} INFO - [2024-04-24T05:17:51.873+0000] {dag.py:3047} INFO - Sync 1 DAGs
[2024-04-24T05:17:51.885+0000] {logging_mixin.py:188} INFO - [2024-04-24T05:17:51.885+0000] {dag.py:3834} INFO - Setting next_dagrun for hello_worldclassswjrdjefbnfbbef to 2024-04-24 00:00:00+00:00, run_after=2024-04-25 00:00:00+00:00
[2024-04-24T05:17:51.895+0000] {processor.py:183} INFO - Processing /opt/airflow/dags/hellllllloooo.py took 0.041 seconds
[2024-04-24T05:18:22.664+0000] {processor.py:161} INFO - Started process (PID=863) to work on /opt/airflow/dags/hellllllloooo.py
[2024-04-24T05:18:22.664+0000] {processor.py:830} INFO - Processing file /opt/airflow/dags/hellllllloooo.py for tasks to queue
[2024-04-24T05:18:22.666+0000] {logging_mixin.py:188} INFO - [2024-04-24T05:18:22.666+0000] {dagbag.py:540} INFO - Filling up the DagBag from /opt/airflow/dags/hellllllloooo.py
[2024-04-24T05:18:22.672+0000] {processor.py:840} INFO - DAG(s) 'hello_worldclassswjrdjefbnfbbef' retrieved from /opt/airflow/dags/hellllllloooo.py
[2024-04-24T05:18:22.682+0000] {logging_mixin.py:188} INFO - [2024-04-24T05:18:22.682+0000] {dag.py:3047} INFO - Sync 1 DAGs
[2024-04-24T05:18:22.693+0000] {logging_mixin.py:188} INFO - [2024-04-24T05:18:22.693+0000] {dag.py:3834} INFO - Setting next_dagrun for hello_worldclassswjrdjefbnfbbef to 2024-04-24 00:00:00+00:00, run_after=2024-04-25 00:00:00+00:00
[2024-04-24T05:18:22.703+0000] {processor.py:183} INFO - Processing /opt/airflow/dags/hellllllloooo.py took 0.041 seconds
[2024-04-24T05:18:53.248+0000] {processor.py:161} INFO - Started process (PID=921) to work on /opt/airflow/dags/hellllllloooo.py
[2024-04-24T05:18:53.249+0000] {processor.py:830} INFO - Processing file /opt/airflow/dags/hellllllloooo.py for tasks to queue
[2024-04-24T05:18:53.250+0000] {logging_mixin.py:188} INFO - [2024-04-24T05:18:53.250+0000] {dagbag.py:540} INFO - Filling up the DagBag from /opt/airflow/dags/hellllllloooo.py
[2024-04-24T05:18:53.258+0000] {processor.py:840} INFO - DAG(s) 'hello_worldclassswjrdjefbnfbbef' retrieved from /opt/airflow/dags/hellllllloooo.py
[2024-04-24T05:18:53.268+0000] {logging_mixin.py:188} INFO - [2024-04-24T05:18:53.268+0000] {dag.py:3047} INFO - Sync 1 DAGs
[2024-04-24T05:18:53.279+0000] {logging_mixin.py:188} INFO - [2024-04-24T05:18:53.279+0000] {dag.py:3834} INFO - Setting next_dagrun for hello_worldclassswjrdjefbnfbbef to 2024-04-24 00:00:00+00:00, run_after=2024-04-25 00:00:00+00:00
[2024-04-24T05:18:53.289+0000] {processor.py:183} INFO - Processing /opt/airflow/dags/hellllllloooo.py took 0.042 seconds
[2024-04-24T05:19:23.726+0000] {processor.py:161} INFO - Started process (PID=979) to work on /opt/airflow/dags/hellllllloooo.py
[2024-04-24T05:19:23.726+0000] {processor.py:830} INFO - Processing file /opt/airflow/dags/hellllllloooo.py for tasks to queue
[2024-04-24T05:19:23.727+0000] {logging_mixin.py:188} INFO - [2024-04-24T05:19:23.727+0000] {dagbag.py:540} INFO - Filling up the DagBag from /opt/airflow/dags/hellllllloooo.py
[2024-04-24T05:19:23.736+0000] {processor.py:840} INFO - DAG(s) 'hello_worldclassswjrdjefbnfbbef' retrieved from /opt/airflow/dags/hellllllloooo.py
[2024-04-24T05:19:23.746+0000] {logging_mixin.py:188} INFO - [2024-04-24T05:19:23.746+0000] {dag.py:3047} INFO - Sync 1 DAGs
[2024-04-24T05:19:23.757+0000] {logging_mixin.py:188} INFO - [2024-04-24T05:19:23.757+0000] {dag.py:3834} INFO - Setting next_dagrun for hello_worldclassswjrdjefbnfbbef to 2024-04-24 00:00:00+00:00, run_after=2024-04-25 00:00:00+00:00
[2024-04-24T05:19:23.774+0000] {processor.py:183} INFO - Processing /opt/airflow/dags/hellllllloooo.py took 0.050 seconds
[2024-04-24T05:19:54.332+0000] {processor.py:161} INFO - Started process (PID=1037) to work on /opt/airflow/dags/hellllllloooo.py
[2024-04-24T05:19:54.333+0000] {processor.py:830} INFO - Processing file /opt/airflow/dags/hellllllloooo.py for tasks to queue
[2024-04-24T05:19:54.334+0000] {logging_mixin.py:188} INFO - [2024-04-24T05:19:54.334+0000] {dagbag.py:540} INFO - Filling up the DagBag from /opt/airflow/dags/hellllllloooo.py
[2024-04-24T05:19:54.342+0000] {processor.py:840} INFO - DAG(s) 'hello_worldclassswjrdjefbnfbbef' retrieved from /opt/airflow/dags/hellllllloooo.py
[2024-04-24T05:19:54.352+0000] {logging_mixin.py:188} INFO - [2024-04-24T05:19:54.352+0000] {dag.py:3047} INFO - Sync 1 DAGs
[2024-04-24T05:19:54.363+0000] {logging_mixin.py:188} INFO - [2024-04-24T05:19:54.363+0000] {dag.py:3834} INFO - Setting next_dagrun for hello_worldclassswjrdjefbnfbbef to 2024-04-24 00:00:00+00:00, run_after=2024-04-25 00:00:00+00:00
[2024-04-24T05:19:54.373+0000] {processor.py:183} INFO - Processing /opt/airflow/dags/hellllllloooo.py took 0.043 seconds
[2024-04-24T05:20:24.851+0000] {processor.py:161} INFO - Started process (PID=1095) to work on /opt/airflow/dags/hellllllloooo.py
[2024-04-24T05:20:24.852+0000] {processor.py:830} INFO - Processing file /opt/airflow/dags/hellllllloooo.py for tasks to queue
[2024-04-24T05:20:24.853+0000] {logging_mixin.py:188} INFO - [2024-04-24T05:20:24.853+0000] {dagbag.py:540} INFO - Filling up the DagBag from /opt/airflow/dags/hellllllloooo.py
[2024-04-24T05:20:24.860+0000] {processor.py:840} INFO - DAG(s) 'hello_worldclassswjrdjefbnfbbef' retrieved from /opt/airflow/dags/hellllllloooo.py
[2024-04-24T05:20:24.871+0000] {logging_mixin.py:188} INFO - [2024-04-24T05:20:24.870+0000] {dag.py:3047} INFO - Sync 1 DAGs
[2024-04-24T05:20:24.882+0000] {logging_mixin.py:188} INFO - [2024-04-24T05:20:24.882+0000] {dag.py:3834} INFO - Setting next_dagrun for hello_worldclassswjrdjefbnfbbef to 2024-04-24 00:00:00+00:00, run_after=2024-04-25 00:00:00+00:00
[2024-04-24T05:20:24.891+0000] {processor.py:183} INFO - Processing /opt/airflow/dags/hellllllloooo.py took 0.041 seconds
[2024-04-24T05:20:55.493+0000] {processor.py:161} INFO - Started process (PID=1153) to work on /opt/airflow/dags/hellllllloooo.py
[2024-04-24T05:20:55.494+0000] {processor.py:830} INFO - Processing file /opt/airflow/dags/hellllllloooo.py for tasks to queue
[2024-04-24T05:20:55.495+0000] {logging_mixin.py:188} INFO - [2024-04-24T05:20:55.494+0000] {dagbag.py:540} INFO - Filling up the DagBag from /opt/airflow/dags/hellllllloooo.py
[2024-04-24T05:20:55.502+0000] {processor.py:840} INFO - DAG(s) 'hello_worldclassswjrdjefbnfbbef' retrieved from /opt/airflow/dags/hellllllloooo.py
[2024-04-24T05:20:55.512+0000] {logging_mixin.py:188} INFO - [2024-04-24T05:20:55.512+0000] {dag.py:3047} INFO - Sync 1 DAGs
[2024-04-24T05:20:55.523+0000] {logging_mixin.py:188} INFO - [2024-04-24T05:20:55.523+0000] {dag.py:3834} INFO - Setting next_dagrun for hello_worldclassswjrdjefbnfbbef to 2024-04-24 00:00:00+00:00, run_after=2024-04-25 00:00:00+00:00
[2024-04-24T05:20:55.533+0000] {processor.py:183} INFO - Processing /opt/airflow/dags/hellllllloooo.py took 0.042 seconds
[2024-04-24T05:21:25.989+0000] {processor.py:161} INFO - Started process (PID=1211) to work on /opt/airflow/dags/hellllllloooo.py
[2024-04-24T05:21:25.990+0000] {processor.py:830} INFO - Processing file /opt/airflow/dags/hellllllloooo.py for tasks to queue
[2024-04-24T05:21:25.991+0000] {logging_mixin.py:188} INFO - [2024-04-24T05:21:25.991+0000] {dagbag.py:540} INFO - Filling up the DagBag from /opt/airflow/dags/hellllllloooo.py
[2024-04-24T05:21:25.997+0000] {processor.py:840} INFO - DAG(s) 'hello_worldclassswjrdjefbnfbbef' retrieved from /opt/airflow/dags/hellllllloooo.py
[2024-04-24T05:21:26.006+0000] {logging_mixin.py:188} INFO - [2024-04-24T05:21:26.006+0000] {dag.py:3047} INFO - Sync 1 DAGs
[2024-04-24T05:21:26.018+0000] {logging_mixin.py:188} INFO - [2024-04-24T05:21:26.017+0000] {dag.py:3834} INFO - Setting next_dagrun for hello_worldclassswjrdjefbnfbbef to 2024-04-24 00:00:00+00:00, run_after=2024-04-25 00:00:00+00:00
[2024-04-24T05:21:26.027+0000] {processor.py:183} INFO - Processing /opt/airflow/dags/hellllllloooo.py took 0.040 seconds
[2024-04-24T05:21:56.485+0000] {processor.py:161} INFO - Started process (PID=1269) to work on /opt/airflow/dags/hellllllloooo.py
[2024-04-24T05:21:56.486+0000] {processor.py:830} INFO - Processing file /opt/airflow/dags/hellllllloooo.py for tasks to queue
[2024-04-24T05:21:56.487+0000] {logging_mixin.py:188} INFO - [2024-04-24T05:21:56.487+0000] {dagbag.py:540} INFO - Filling up the DagBag from /opt/airflow/dags/hellllllloooo.py
[2024-04-24T05:21:56.494+0000] {processor.py:840} INFO - DAG(s) 'hello_worldclassswjrdjefbnfbbef' retrieved from /opt/airflow/dags/hellllllloooo.py
[2024-04-24T05:21:56.505+0000] {logging_mixin.py:188} INFO - [2024-04-24T05:21:56.505+0000] {dag.py:3047} INFO - Sync 1 DAGs
[2024-04-24T05:21:56.516+0000] {logging_mixin.py:188} INFO - [2024-04-24T05:21:56.516+0000] {dag.py:3834} INFO - Setting next_dagrun for hello_worldclassswjrdjefbnfbbef to 2024-04-24 00:00:00+00:00, run_after=2024-04-25 00:00:00+00:00
[2024-04-24T05:21:56.526+0000] {processor.py:183} INFO - Processing /opt/airflow/dags/hellllllloooo.py took 0.042 seconds
[2024-04-24T05:22:26.951+0000] {processor.py:161} INFO - Started process (PID=1327) to work on /opt/airflow/dags/hellllllloooo.py
[2024-04-24T05:22:26.952+0000] {processor.py:830} INFO - Processing file /opt/airflow/dags/hellllllloooo.py for tasks to queue
[2024-04-24T05:22:26.953+0000] {logging_mixin.py:188} INFO - [2024-04-24T05:22:26.953+0000] {dagbag.py:540} INFO - Filling up the DagBag from /opt/airflow/dags/hellllllloooo.py
[2024-04-24T05:22:26.958+0000] {processor.py:840} INFO - DAG(s) 'hello_worldclassswjrdjefbnfbbef' retrieved from /opt/airflow/dags/hellllllloooo.py
[2024-04-24T05:22:26.968+0000] {logging_mixin.py:188} INFO - [2024-04-24T05:22:26.968+0000] {dag.py:3047} INFO - Sync 1 DAGs
[2024-04-24T05:22:26.981+0000] {logging_mixin.py:188} INFO - [2024-04-24T05:22:26.981+0000] {dag.py:3834} INFO - Setting next_dagrun for hello_worldclassswjrdjefbnfbbef to 2024-04-24 00:00:00+00:00, run_after=2024-04-25 00:00:00+00:00
[2024-04-24T05:22:26.992+0000] {processor.py:183} INFO - Processing /opt/airflow/dags/hellllllloooo.py took 0.043 seconds
[2024-04-24T05:22:57.497+0000] {processor.py:161} INFO - Started process (PID=1385) to work on /opt/airflow/dags/hellllllloooo.py
[2024-04-24T05:22:57.497+0000] {processor.py:830} INFO - Processing file /opt/airflow/dags/hellllllloooo.py for tasks to queue
[2024-04-24T05:22:57.498+0000] {logging_mixin.py:188} INFO - [2024-04-24T05:22:57.498+0000] {dagbag.py:540} INFO - Filling up the DagBag from /opt/airflow/dags/hellllllloooo.py
[2024-04-24T05:22:57.504+0000] {processor.py:840} INFO - DAG(s) 'hello_worldclassswjrdjefbnfbbef' retrieved from /opt/airflow/dags/hellllllloooo.py
[2024-04-24T05:22:57.514+0000] {logging_mixin.py:188} INFO - [2024-04-24T05:22:57.514+0000] {dag.py:3047} INFO - Sync 1 DAGs
[2024-04-24T05:22:57.526+0000] {logging_mixin.py:188} INFO - [2024-04-24T05:22:57.525+0000] {dag.py:3834} INFO - Setting next_dagrun for hello_worldclassswjrdjefbnfbbef to 2024-04-24 00:00:00+00:00, run_after=2024-04-25 00:00:00+00:00
[2024-04-24T05:22:57.536+0000] {processor.py:183} INFO - Processing /opt/airflow/dags/hellllllloooo.py took 0.041 seconds
[2024-04-24T05:23:27.967+0000] {processor.py:161} INFO - Started process (PID=1443) to work on /opt/airflow/dags/hellllllloooo.py
[2024-04-24T05:23:27.968+0000] {processor.py:830} INFO - Processing file /opt/airflow/dags/hellllllloooo.py for tasks to queue
[2024-04-24T05:23:27.969+0000] {logging_mixin.py:188} INFO - [2024-04-24T05:23:27.969+0000] {dagbag.py:540} INFO - Filling up the DagBag from /opt/airflow/dags/hellllllloooo.py
[2024-04-24T05:23:27.975+0000] {processor.py:840} INFO - DAG(s) 'hello_worldclassswjrdjefbnfbbef' retrieved from /opt/airflow/dags/hellllllloooo.py
[2024-04-24T05:23:27.985+0000] {logging_mixin.py:188} INFO - [2024-04-24T05:23:27.985+0000] {dag.py:3047} INFO - Sync 1 DAGs
[2024-04-24T05:23:27.996+0000] {logging_mixin.py:188} INFO - [2024-04-24T05:23:27.996+0000] {dag.py:3834} INFO - Setting next_dagrun for hello_worldclassswjrdjefbnfbbef to 2024-04-24 00:00:00+00:00, run_after=2024-04-25 00:00:00+00:00
[2024-04-24T05:23:28.013+0000] {processor.py:183} INFO - Processing /opt/airflow/dags/hellllllloooo.py took 0.048 seconds
[2024-04-24T05:23:58.488+0000] {processor.py:161} INFO - Started process (PID=1501) to work on /opt/airflow/dags/hellllllloooo.py
[2024-04-24T05:23:58.488+0000] {processor.py:830} INFO - Processing file /opt/airflow/dags/hellllllloooo.py for tasks to queue
[2024-04-24T05:23:58.489+0000] {logging_mixin.py:188} INFO - [2024-04-24T05:23:58.489+0000] {dagbag.py:540} INFO - Filling up the DagBag from /opt/airflow/dags/hellllllloooo.py
[2024-04-24T05:23:58.495+0000] {processor.py:840} INFO - DAG(s) 'hello_worldclassswjrdjefbnfbbef' retrieved from /opt/airflow/dags/hellllllloooo.py
[2024-04-24T05:23:58.506+0000] {logging_mixin.py:188} INFO - [2024-04-24T05:23:58.506+0000] {dag.py:3047} INFO - Sync 1 DAGs
[2024-04-24T05:23:58.518+0000] {logging_mixin.py:188} INFO - [2024-04-24T05:23:58.518+0000] {dag.py:3834} INFO - Setting next_dagrun for hello_worldclassswjrdjefbnfbbef to 2024-04-24 00:00:00+00:00, run_after=2024-04-25 00:00:00+00:00
[2024-04-24T05:23:58.528+0000] {processor.py:183} INFO - Processing /opt/airflow/dags/hellllllloooo.py took 0.042 seconds
[2024-04-24T05:24:29.005+0000] {processor.py:161} INFO - Started process (PID=1559) to work on /opt/airflow/dags/hellllllloooo.py
[2024-04-24T05:24:29.005+0000] {processor.py:830} INFO - Processing file /opt/airflow/dags/hellllllloooo.py for tasks to queue
[2024-04-24T05:24:29.006+0000] {logging_mixin.py:188} INFO - [2024-04-24T05:24:29.006+0000] {dagbag.py:540} INFO - Filling up the DagBag from /opt/airflow/dags/hellllllloooo.py
[2024-04-24T05:24:29.014+0000] {processor.py:840} INFO - DAG(s) 'hello_worldclassswjrdjefbnfbbef' retrieved from /opt/airflow/dags/hellllllloooo.py
[2024-04-24T05:24:29.024+0000] {logging_mixin.py:188} INFO - [2024-04-24T05:24:29.024+0000] {dag.py:3047} INFO - Sync 1 DAGs
[2024-04-24T05:24:29.035+0000] {logging_mixin.py:188} INFO - [2024-04-24T05:24:29.035+0000] {dag.py:3834} INFO - Setting next_dagrun for hello_worldclassswjrdjefbnfbbef to 2024-04-24 00:00:00+00:00, run_after=2024-04-25 00:00:00+00:00
[2024-04-24T05:24:29.045+0000] {processor.py:183} INFO - Processing /opt/airflow/dags/hellllllloooo.py took 0.042 seconds
[2024-04-24T05:24:59.466+0000] {processor.py:161} INFO - Started process (PID=1617) to work on /opt/airflow/dags/hellllllloooo.py
[2024-04-24T05:24:59.467+0000] {processor.py:830} INFO - Processing file /opt/airflow/dags/hellllllloooo.py for tasks to queue
[2024-04-24T05:24:59.468+0000] {logging_mixin.py:188} INFO - [2024-04-24T05:24:59.468+0000] {dagbag.py:540} INFO - Filling up the DagBag from /opt/airflow/dags/hellllllloooo.py
[2024-04-24T05:24:59.475+0000] {processor.py:840} INFO - DAG(s) 'hello_worldclassswjrdjefbnfbbef' retrieved from /opt/airflow/dags/hellllllloooo.py
[2024-04-24T05:24:59.485+0000] {logging_mixin.py:188} INFO - [2024-04-24T05:24:59.484+0000] {dag.py:3047} INFO - Sync 1 DAGs
[2024-04-24T05:24:59.496+0000] {logging_mixin.py:188} INFO - [2024-04-24T05:24:59.495+0000] {dag.py:3834} INFO - Setting next_dagrun for hello_worldclassswjrdjefbnfbbef to 2024-04-24 00:00:00+00:00, run_after=2024-04-25 00:00:00+00:00
[2024-04-24T05:24:59.506+0000] {processor.py:183} INFO - Processing /opt/airflow/dags/hellllllloooo.py took 0.042 seconds
[2024-04-24T05:25:29.928+0000] {processor.py:161} INFO - Started process (PID=1675) to work on /opt/airflow/dags/hellllllloooo.py
[2024-04-24T05:25:29.928+0000] {processor.py:830} INFO - Processing file /opt/airflow/dags/hellllllloooo.py for tasks to queue
[2024-04-24T05:25:29.929+0000] {logging_mixin.py:188} INFO - [2024-04-24T05:25:29.929+0000] {dagbag.py:540} INFO - Filling up the DagBag from /opt/airflow/dags/hellllllloooo.py
[2024-04-24T05:25:29.936+0000] {processor.py:840} INFO - DAG(s) 'hello_worldclassswjrdjefbnfbbef' retrieved from /opt/airflow/dags/hellllllloooo.py
[2024-04-24T05:25:29.947+0000] {logging_mixin.py:188} INFO - [2024-04-24T05:25:29.947+0000] {dag.py:3047} INFO - Sync 1 DAGs
[2024-04-24T05:25:29.958+0000] {logging_mixin.py:188} INFO - [2024-04-24T05:25:29.958+0000] {dag.py:3834} INFO - Setting next_dagrun for hello_worldclassswjrdjefbnfbbef to 2024-04-24 00:00:00+00:00, run_after=2024-04-25 00:00:00+00:00
[2024-04-24T05:25:29.968+0000] {processor.py:183} INFO - Processing /opt/airflow/dags/hellllllloooo.py took 0.042 seconds
[2024-04-24T05:26:00.570+0000] {processor.py:161} INFO - Started process (PID=1733) to work on /opt/airflow/dags/hellllllloooo.py
[2024-04-24T05:26:00.571+0000] {processor.py:830} INFO - Processing file /opt/airflow/dags/hellllllloooo.py for tasks to queue
[2024-04-24T05:26:00.572+0000] {logging_mixin.py:188} INFO - [2024-04-24T05:26:00.572+0000] {dagbag.py:540} INFO - Filling up the DagBag from /opt/airflow/dags/hellllllloooo.py
[2024-04-24T05:26:00.579+0000] {processor.py:840} INFO - DAG(s) 'hello_worldclassswjrdjefbnfbbef' retrieved from /opt/airflow/dags/hellllllloooo.py
[2024-04-24T05:26:00.590+0000] {logging_mixin.py:188} INFO - [2024-04-24T05:26:00.590+0000] {dag.py:3047} INFO - Sync 1 DAGs
[2024-04-24T05:26:00.602+0000] {logging_mixin.py:188} INFO - [2024-04-24T05:26:00.601+0000] {dag.py:3834} INFO - Setting next_dagrun for hello_worldclassswjrdjefbnfbbef to 2024-04-24 00:00:00+00:00, run_after=2024-04-25 00:00:00+00:00
[2024-04-24T05:26:00.611+0000] {processor.py:183} INFO - Processing /opt/airflow/dags/hellllllloooo.py took 0.043 seconds
[2024-04-24T05:26:31.190+0000] {processor.py:161} INFO - Started process (PID=1791) to work on /opt/airflow/dags/hellllllloooo.py
[2024-04-24T05:26:31.191+0000] {processor.py:830} INFO - Processing file /opt/airflow/dags/hellllllloooo.py for tasks to queue
[2024-04-24T05:26:31.192+0000] {logging_mixin.py:188} INFO - [2024-04-24T05:26:31.192+0000] {dagbag.py:540} INFO - Filling up the DagBag from /opt/airflow/dags/hellllllloooo.py
[2024-04-24T05:26:31.200+0000] {processor.py:840} INFO - DAG(s) 'hello_worldclassswjrdjefbnfbbef' retrieved from /opt/airflow/dags/hellllllloooo.py
[2024-04-24T05:26:31.211+0000] {logging_mixin.py:188} INFO - [2024-04-24T05:26:31.211+0000] {dag.py:3047} INFO - Sync 1 DAGs
[2024-04-24T05:26:31.222+0000] {logging_mixin.py:188} INFO - [2024-04-24T05:26:31.222+0000] {dag.py:3834} INFO - Setting next_dagrun for hello_worldclassswjrdjefbnfbbef to 2024-04-24 00:00:00+00:00, run_after=2024-04-25 00:00:00+00:00
[2024-04-24T05:26:31.232+0000] {processor.py:183} INFO - Processing /opt/airflow/dags/hellllllloooo.py took 0.044 seconds
[2024-04-24T05:27:01.912+0000] {processor.py:161} INFO - Started process (PID=1849) to work on /opt/airflow/dags/hellllllloooo.py
[2024-04-24T05:27:01.912+0000] {processor.py:830} INFO - Processing file /opt/airflow/dags/hellllllloooo.py for tasks to queue
[2024-04-24T05:27:01.913+0000] {logging_mixin.py:188} INFO - [2024-04-24T05:27:01.913+0000] {dagbag.py:540} INFO - Filling up the DagBag from /opt/airflow/dags/hellllllloooo.py
[2024-04-24T05:27:01.920+0000] {processor.py:840} INFO - DAG(s) 'hello_worldclassswjrdjefbnfbbef' retrieved from /opt/airflow/dags/hellllllloooo.py
[2024-04-24T05:27:01.931+0000] {logging_mixin.py:188} INFO - [2024-04-24T05:27:01.931+0000] {dag.py:3047} INFO - Sync 1 DAGs
[2024-04-24T05:27:01.942+0000] {logging_mixin.py:188} INFO - [2024-04-24T05:27:01.942+0000] {dag.py:3834} INFO - Setting next_dagrun for hello_worldclassswjrdjefbnfbbef to 2024-04-24 00:00:00+00:00, run_after=2024-04-25 00:00:00+00:00
[2024-04-24T05:27:01.952+0000] {processor.py:183} INFO - Processing /opt/airflow/dags/hellllllloooo.py took 0.042 seconds
[2024-04-24T05:27:32.462+0000] {processor.py:161} INFO - Started process (PID=1907) to work on /opt/airflow/dags/hellllllloooo.py
[2024-04-24T05:27:32.463+0000] {processor.py:830} INFO - Processing file /opt/airflow/dags/hellllllloooo.py for tasks to queue
[2024-04-24T05:27:32.464+0000] {logging_mixin.py:188} INFO - [2024-04-24T05:27:32.464+0000] {dagbag.py:540} INFO - Filling up the DagBag from /opt/airflow/dags/hellllllloooo.py
[2024-04-24T05:27:32.471+0000] {processor.py:840} INFO - DAG(s) 'hello_worldclassswjrdjefbnfbbef' retrieved from /opt/airflow/dags/hellllllloooo.py
[2024-04-24T05:27:32.481+0000] {logging_mixin.py:188} INFO - [2024-04-24T05:27:32.481+0000] {dag.py:3047} INFO - Sync 1 DAGs
[2024-04-24T05:27:32.493+0000] {logging_mixin.py:188} INFO - [2024-04-24T05:27:32.492+0000] {dag.py:3834} INFO - Setting next_dagrun for hello_worldclassswjrdjefbnfbbef to 2024-04-24 00:00:00+00:00, run_after=2024-04-25 00:00:00+00:00
[2024-04-24T05:27:32.511+0000] {processor.py:183} INFO - Processing /opt/airflow/dags/hellllllloooo.py took 0.050 seconds
[2024-04-24T05:28:03.050+0000] {processor.py:161} INFO - Started process (PID=1965) to work on /opt/airflow/dags/hellllllloooo.py
[2024-04-24T05:28:03.050+0000] {processor.py:830} INFO - Processing file /opt/airflow/dags/hellllllloooo.py for tasks to queue
[2024-04-24T05:28:03.051+0000] {logging_mixin.py:188} INFO - [2024-04-24T05:28:03.051+0000] {dagbag.py:540} INFO - Filling up the DagBag from /opt/airflow/dags/hellllllloooo.py
[2024-04-24T05:28:03.059+0000] {processor.py:840} INFO - DAG(s) 'hello_worldclassswjrdjefbnfbbef' retrieved from /opt/airflow/dags/hellllllloooo.py
[2024-04-24T05:28:03.069+0000] {logging_mixin.py:188} INFO - [2024-04-24T05:28:03.069+0000] {dag.py:3047} INFO - Sync 1 DAGs
[2024-04-24T05:28:03.080+0000] {logging_mixin.py:188} INFO - [2024-04-24T05:28:03.080+0000] {dag.py:3834} INFO - Setting next_dagrun for hello_worldclassswjrdjefbnfbbef to 2024-04-24 00:00:00+00:00, run_after=2024-04-25 00:00:00+00:00
[2024-04-24T05:28:03.090+0000] {processor.py:183} INFO - Processing /opt/airflow/dags/hellllllloooo.py took 0.042 seconds
[2024-04-24T05:28:33.792+0000] {processor.py:161} INFO - Started process (PID=2023) to work on /opt/airflow/dags/hellllllloooo.py
[2024-04-24T05:28:33.793+0000] {processor.py:830} INFO - Processing file /opt/airflow/dags/hellllllloooo.py for tasks to queue
[2024-04-24T05:28:33.794+0000] {logging_mixin.py:188} INFO - [2024-04-24T05:28:33.794+0000] {dagbag.py:540} INFO - Filling up the DagBag from /opt/airflow/dags/hellllllloooo.py
[2024-04-24T05:28:33.799+0000] {processor.py:840} INFO - DAG(s) 'hello_worldclassswjrdjefbnfbbef' retrieved from /opt/airflow/dags/hellllllloooo.py
[2024-04-24T05:28:33.810+0000] {logging_mixin.py:188} INFO - [2024-04-24T05:28:33.810+0000] {dag.py:3047} INFO - Sync 1 DAGs
[2024-04-24T05:28:33.821+0000] {logging_mixin.py:188} INFO - [2024-04-24T05:28:33.821+0000] {dag.py:3834} INFO - Setting next_dagrun for hello_worldclassswjrdjefbnfbbef to 2024-04-24 00:00:00+00:00, run_after=2024-04-25 00:00:00+00:00
[2024-04-24T05:28:33.833+0000] {processor.py:183} INFO - Processing /opt/airflow/dags/hellllllloooo.py took 0.042 seconds
[2024-04-24T05:29:04.456+0000] {processor.py:161} INFO - Started process (PID=2081) to work on /opt/airflow/dags/hellllllloooo.py
[2024-04-24T05:29:04.457+0000] {processor.py:830} INFO - Processing file /opt/airflow/dags/hellllllloooo.py for tasks to queue
[2024-04-24T05:29:04.458+0000] {logging_mixin.py:188} INFO - [2024-04-24T05:29:04.458+0000] {dagbag.py:540} INFO - Filling up the DagBag from /opt/airflow/dags/hellllllloooo.py
[2024-04-24T05:29:04.466+0000] {processor.py:840} INFO - DAG(s) 'hello_worldclassswjrdjefbnfbbef' retrieved from /opt/airflow/dags/hellllllloooo.py
[2024-04-24T05:29:04.476+0000] {logging_mixin.py:188} INFO - [2024-04-24T05:29:04.476+0000] {dag.py:3047} INFO - Sync 1 DAGs
[2024-04-24T05:29:04.487+0000] {logging_mixin.py:188} INFO - [2024-04-24T05:29:04.487+0000] {dag.py:3834} INFO - Setting next_dagrun for hello_worldclassswjrdjefbnfbbef to 2024-04-24 00:00:00+00:00, run_after=2024-04-25 00:00:00+00:00
[2024-04-24T05:29:04.497+0000] {processor.py:183} INFO - Processing /opt/airflow/dags/hellllllloooo.py took 0.042 seconds
[2024-04-24T05:29:35.116+0000] {processor.py:161} INFO - Started process (PID=2139) to work on /opt/airflow/dags/hellllllloooo.py
[2024-04-24T05:29:35.116+0000] {processor.py:830} INFO - Processing file /opt/airflow/dags/hellllllloooo.py for tasks to queue
[2024-04-24T05:29:35.117+0000] {logging_mixin.py:188} INFO - [2024-04-24T05:29:35.117+0000] {dagbag.py:540} INFO - Filling up the DagBag from /opt/airflow/dags/hellllllloooo.py
[2024-04-24T05:29:35.125+0000] {processor.py:840} INFO - DAG(s) 'hello_worldclassswjrdjefbnfbbef' retrieved from /opt/airflow/dags/hellllllloooo.py
[2024-04-24T05:29:35.135+0000] {logging_mixin.py:188} INFO - [2024-04-24T05:29:35.135+0000] {dag.py:3047} INFO - Sync 1 DAGs
[2024-04-24T05:29:35.146+0000] {logging_mixin.py:188} INFO - [2024-04-24T05:29:35.146+0000] {dag.py:3834} INFO - Setting next_dagrun for hello_worldclassswjrdjefbnfbbef to 2024-04-24 00:00:00+00:00, run_after=2024-04-25 00:00:00+00:00
[2024-04-24T05:29:35.156+0000] {processor.py:183} INFO - Processing /opt/airflow/dags/hellllllloooo.py took 0.042 seconds
[2024-04-24T05:30:05.589+0000] {processor.py:161} INFO - Started process (PID=2197) to work on /opt/airflow/dags/hellllllloooo.py
[2024-04-24T05:30:05.589+0000] {processor.py:830} INFO - Processing file /opt/airflow/dags/hellllllloooo.py for tasks to queue
[2024-04-24T05:30:05.590+0000] {logging_mixin.py:188} INFO - [2024-04-24T05:30:05.590+0000] {dagbag.py:540} INFO - Filling up the DagBag from /opt/airflow/dags/hellllllloooo.py
[2024-04-24T05:30:05.597+0000] {processor.py:840} INFO - DAG(s) 'hello_worldclassswjrdjefbnfbbef' retrieved from /opt/airflow/dags/hellllllloooo.py
[2024-04-24T05:30:05.607+0000] {logging_mixin.py:188} INFO - [2024-04-24T05:30:05.606+0000] {dag.py:3047} INFO - Sync 1 DAGs
[2024-04-24T05:30:05.618+0000] {logging_mixin.py:188} INFO - [2024-04-24T05:30:05.618+0000] {dag.py:3834} INFO - Setting next_dagrun for hello_worldclassswjrdjefbnfbbef to 2024-04-24 00:00:00+00:00, run_after=2024-04-25 00:00:00+00:00
[2024-04-24T05:30:05.629+0000] {processor.py:183} INFO - Processing /opt/airflow/dags/hellllllloooo.py took 0.042 seconds
[2024-04-24T05:30:36.163+0000] {processor.py:161} INFO - Started process (PID=2255) to work on /opt/airflow/dags/hellllllloooo.py
[2024-04-24T05:30:36.164+0000] {processor.py:830} INFO - Processing file /opt/airflow/dags/hellllllloooo.py for tasks to queue
[2024-04-24T05:30:36.165+0000] {logging_mixin.py:188} INFO - [2024-04-24T05:30:36.165+0000] {dagbag.py:540} INFO - Filling up the DagBag from /opt/airflow/dags/hellllllloooo.py
[2024-04-24T05:30:36.173+0000] {processor.py:840} INFO - DAG(s) 'hello_worldclassswjrdjefbnfbbef' retrieved from /opt/airflow/dags/hellllllloooo.py
[2024-04-24T05:30:36.183+0000] {logging_mixin.py:188} INFO - [2024-04-24T05:30:36.183+0000] {dag.py:3047} INFO - Sync 1 DAGs
[2024-04-24T05:30:36.195+0000] {logging_mixin.py:188} INFO - [2024-04-24T05:30:36.195+0000] {dag.py:3834} INFO - Setting next_dagrun for hello_worldclassswjrdjefbnfbbef to 2024-04-24 00:00:00+00:00, run_after=2024-04-25 00:00:00+00:00
[2024-04-24T05:30:36.205+0000] {processor.py:183} INFO - Processing /opt/airflow/dags/hellllllloooo.py took 0.043 seconds
[2024-04-24T05:31:06.717+0000] {processor.py:161} INFO - Started process (PID=2313) to work on /opt/airflow/dags/hellllllloooo.py
[2024-04-24T05:31:06.718+0000] {processor.py:830} INFO - Processing file /opt/airflow/dags/hellllllloooo.py for tasks to queue
[2024-04-24T05:31:06.719+0000] {logging_mixin.py:188} INFO - [2024-04-24T05:31:06.719+0000] {dagbag.py:540} INFO - Filling up the DagBag from /opt/airflow/dags/hellllllloooo.py
[2024-04-24T05:31:06.726+0000] {processor.py:840} INFO - DAG(s) 'hello_worldclassswjrdjefbnfbbef' retrieved from /opt/airflow/dags/hellllllloooo.py
[2024-04-24T05:31:06.737+0000] {logging_mixin.py:188} INFO - [2024-04-24T05:31:06.737+0000] {dag.py:3047} INFO - Sync 1 DAGs
[2024-04-24T05:31:06.749+0000] {logging_mixin.py:188} INFO - [2024-04-24T05:31:06.749+0000] {dag.py:3834} INFO - Setting next_dagrun for hello_worldclassswjrdjefbnfbbef to 2024-04-24 00:00:00+00:00, run_after=2024-04-25 00:00:00+00:00
[2024-04-24T05:31:06.759+0000] {processor.py:183} INFO - Processing /opt/airflow/dags/hellllllloooo.py took 0.043 seconds
[2024-04-24T05:31:37.539+0000] {processor.py:161} INFO - Started process (PID=2371) to work on /opt/airflow/dags/hellllllloooo.py
[2024-04-24T05:31:37.540+0000] {processor.py:830} INFO - Processing file /opt/airflow/dags/hellllllloooo.py for tasks to queue
[2024-04-24T05:31:37.541+0000] {logging_mixin.py:188} INFO - [2024-04-24T05:31:37.540+0000] {dagbag.py:540} INFO - Filling up the DagBag from /opt/airflow/dags/hellllllloooo.py
[2024-04-24T05:31:37.547+0000] {processor.py:840} INFO - DAG(s) 'hello_worldclassswjrdjefbnfbbef' retrieved from /opt/airflow/dags/hellllllloooo.py
[2024-04-24T05:31:37.557+0000] {logging_mixin.py:188} INFO - [2024-04-24T05:31:37.557+0000] {dag.py:3047} INFO - Sync 1 DAGs
[2024-04-24T05:31:37.568+0000] {logging_mixin.py:188} INFO - [2024-04-24T05:31:37.568+0000] {dag.py:3834} INFO - Setting next_dagrun for hello_worldclassswjrdjefbnfbbef to 2024-04-24 00:00:00+00:00, run_after=2024-04-25 00:00:00+00:00
[2024-04-24T05:31:37.579+0000] {processor.py:183} INFO - Processing /opt/airflow/dags/hellllllloooo.py took 0.042 seconds
[2024-04-24T05:32:08.154+0000] {processor.py:161} INFO - Started process (PID=2429) to work on /opt/airflow/dags/hellllllloooo.py
[2024-04-24T05:32:08.154+0000] {processor.py:830} INFO - Processing file /opt/airflow/dags/hellllllloooo.py for tasks to queue
[2024-04-24T05:32:08.156+0000] {logging_mixin.py:188} INFO - [2024-04-24T05:32:08.156+0000] {dagbag.py:540} INFO - Filling up the DagBag from /opt/airflow/dags/hellllllloooo.py
[2024-04-24T05:32:08.162+0000] {processor.py:840} INFO - DAG(s) 'hello_worldclassswjrdjefbnfbbef' retrieved from /opt/airflow/dags/hellllllloooo.py
[2024-04-24T05:32:08.172+0000] {logging_mixin.py:188} INFO - [2024-04-24T05:32:08.172+0000] {dag.py:3047} INFO - Sync 1 DAGs
[2024-04-24T05:32:08.184+0000] {logging_mixin.py:188} INFO - [2024-04-24T05:32:08.184+0000] {dag.py:3834} INFO - Setting next_dagrun for hello_worldclassswjrdjefbnfbbef to 2024-04-24 00:00:00+00:00, run_after=2024-04-25 00:00:00+00:00
[2024-04-24T05:32:08.201+0000] {processor.py:183} INFO - Processing /opt/airflow/dags/hellllllloooo.py took 0.050 seconds
[2024-04-24T05:32:38.718+0000] {processor.py:161} INFO - Started process (PID=2488) to work on /opt/airflow/dags/hellllllloooo.py
[2024-04-24T05:32:38.718+0000] {processor.py:830} INFO - Processing file /opt/airflow/dags/hellllllloooo.py for tasks to queue
[2024-04-24T05:32:38.719+0000] {logging_mixin.py:188} INFO - [2024-04-24T05:32:38.719+0000] {dagbag.py:540} INFO - Filling up the DagBag from /opt/airflow/dags/hellllllloooo.py
[2024-04-24T05:32:38.727+0000] {processor.py:840} INFO - DAG(s) 'hello_worldclassswjrdjefbnfbbef' retrieved from /opt/airflow/dags/hellllllloooo.py
[2024-04-24T05:32:38.738+0000] {logging_mixin.py:188} INFO - [2024-04-24T05:32:38.737+0000] {dag.py:3047} INFO - Sync 1 DAGs
[2024-04-24T05:32:38.749+0000] {logging_mixin.py:188} INFO - [2024-04-24T05:32:38.749+0000] {dag.py:3834} INFO - Setting next_dagrun for hello_worldclassswjrdjefbnfbbef to 2024-04-24 00:00:00+00:00, run_after=2024-04-25 00:00:00+00:00
[2024-04-24T05:32:38.760+0000] {processor.py:183} INFO - Processing /opt/airflow/dags/hellllllloooo.py took 0.044 seconds
