[2024-04-24T05:11:14.625+0000] {processor.py:161} INFO - Started process (PID=51) to work on /opt/airflow/dags/yurr.py
[2024-04-24T05:11:14.626+0000] {processor.py:830} INFO - Processing file /opt/airflow/dags/yurr.py for tasks to queue
[2024-04-24T05:11:14.627+0000] {logging_mixin.py:188} INFO - [2024-04-24T05:11:14.627+0000] {dagbag.py:540} INFO - Filling up the DagBag from /opt/airflow/dags/yurr.py
[2024-04-24T05:11:14.636+0000] {processor.py:840} INFO - DAG(s) 'Bolidagga' retrieved from /opt/airflow/dags/yurr.py
[2024-04-24T05:11:14.658+0000] {logging_mixin.py:188} INFO - [2024-04-24T05:11:14.658+0000] {dag.py:3047} INFO - Sync 1 DAGs
[2024-04-24T05:11:14.671+0000] {logging_mixin.py:188} INFO - [2024-04-24T05:11:14.671+0000] {dag.py:3834} INFO - Setting next_dagrun for Bolidagga to 2024-04-24 00:00:00+00:00, run_after=2024-04-24 04:00:00+00:00
[2024-04-24T05:11:14.682+0000] {processor.py:183} INFO - Processing /opt/airflow/dags/yurr.py took 0.060 seconds
[2024-04-24T05:11:44.761+0000] {processor.py:161} INFO - Started process (PID=109) to work on /opt/airflow/dags/yurr.py
[2024-04-24T05:11:44.761+0000] {processor.py:830} INFO - Processing file /opt/airflow/dags/yurr.py for tasks to queue
[2024-04-24T05:11:44.762+0000] {logging_mixin.py:188} INFO - [2024-04-24T05:11:44.762+0000] {dagbag.py:540} INFO - Filling up the DagBag from /opt/airflow/dags/yurr.py
[2024-04-24T05:11:44.769+0000] {processor.py:840} INFO - DAG(s) 'Bolidagga' retrieved from /opt/airflow/dags/yurr.py
[2024-04-24T05:11:44.780+0000] {logging_mixin.py:188} INFO - [2024-04-24T05:11:44.780+0000] {dag.py:3047} INFO - Sync 1 DAGs
[2024-04-24T05:11:44.792+0000] {logging_mixin.py:188} INFO - [2024-04-24T05:11:44.792+0000] {dag.py:3834} INFO - Setting next_dagrun for Bolidagga to 2024-04-24 00:00:00+00:00, run_after=2024-04-24 04:00:00+00:00
[2024-04-24T05:11:44.802+0000] {processor.py:183} INFO - Processing /opt/airflow/dags/yurr.py took 0.043 seconds
[2024-04-24T05:12:15.321+0000] {processor.py:161} INFO - Started process (PID=167) to work on /opt/airflow/dags/yurr.py
[2024-04-24T05:12:15.321+0000] {processor.py:830} INFO - Processing file /opt/airflow/dags/yurr.py for tasks to queue
[2024-04-24T05:12:15.322+0000] {logging_mixin.py:188} INFO - [2024-04-24T05:12:15.322+0000] {dagbag.py:540} INFO - Filling up the DagBag from /opt/airflow/dags/yurr.py
[2024-04-24T05:12:15.330+0000] {processor.py:840} INFO - DAG(s) 'Bolidagga' retrieved from /opt/airflow/dags/yurr.py
[2024-04-24T05:12:15.340+0000] {logging_mixin.py:188} INFO - [2024-04-24T05:12:15.340+0000] {dag.py:3047} INFO - Sync 1 DAGs
[2024-04-24T05:12:15.351+0000] {logging_mixin.py:188} INFO - [2024-04-24T05:12:15.351+0000] {dag.py:3834} INFO - Setting next_dagrun for Bolidagga to 2024-04-24 00:00:00+00:00, run_after=2024-04-24 04:00:00+00:00
[2024-04-24T05:12:15.362+0000] {processor.py:183} INFO - Processing /opt/airflow/dags/yurr.py took 0.043 seconds
[2024-04-24T05:12:45.942+0000] {processor.py:161} INFO - Started process (PID=225) to work on /opt/airflow/dags/yurr.py
[2024-04-24T05:12:45.942+0000] {processor.py:830} INFO - Processing file /opt/airflow/dags/yurr.py for tasks to queue
[2024-04-24T05:12:45.943+0000] {logging_mixin.py:188} INFO - [2024-04-24T05:12:45.943+0000] {dagbag.py:540} INFO - Filling up the DagBag from /opt/airflow/dags/yurr.py
[2024-04-24T05:12:45.949+0000] {processor.py:840} INFO - DAG(s) 'Bolidagga' retrieved from /opt/airflow/dags/yurr.py
[2024-04-24T05:12:45.960+0000] {logging_mixin.py:188} INFO - [2024-04-24T05:12:45.960+0000] {dag.py:3047} INFO - Sync 1 DAGs
[2024-04-24T05:12:45.970+0000] {logging_mixin.py:188} INFO - [2024-04-24T05:12:45.970+0000] {dag.py:3834} INFO - Setting next_dagrun for Bolidagga to 2024-04-24 00:00:00+00:00, run_after=2024-04-24 04:00:00+00:00
[2024-04-24T05:12:45.981+0000] {processor.py:183} INFO - Processing /opt/airflow/dags/yurr.py took 0.041 seconds
[2024-04-24T05:13:16.612+0000] {processor.py:161} INFO - Started process (PID=283) to work on /opt/airflow/dags/yurr.py
[2024-04-24T05:13:16.613+0000] {processor.py:830} INFO - Processing file /opt/airflow/dags/yurr.py for tasks to queue
[2024-04-24T05:13:16.614+0000] {logging_mixin.py:188} INFO - [2024-04-24T05:13:16.614+0000] {dagbag.py:540} INFO - Filling up the DagBag from /opt/airflow/dags/yurr.py
[2024-04-24T05:13:16.622+0000] {processor.py:840} INFO - DAG(s) 'Bolidagga' retrieved from /opt/airflow/dags/yurr.py
[2024-04-24T05:13:16.633+0000] {logging_mixin.py:188} INFO - [2024-04-24T05:13:16.633+0000] {dag.py:3047} INFO - Sync 1 DAGs
[2024-04-24T05:13:16.644+0000] {logging_mixin.py:188} INFO - [2024-04-24T05:13:16.644+0000] {dag.py:3834} INFO - Setting next_dagrun for Bolidagga to 2024-04-24 00:00:00+00:00, run_after=2024-04-24 04:00:00+00:00
[2024-04-24T05:13:16.654+0000] {processor.py:183} INFO - Processing /opt/airflow/dags/yurr.py took 0.043 seconds
[2024-04-24T05:13:47.158+0000] {processor.py:161} INFO - Started process (PID=341) to work on /opt/airflow/dags/yurr.py
[2024-04-24T05:13:47.158+0000] {processor.py:830} INFO - Processing file /opt/airflow/dags/yurr.py for tasks to queue
[2024-04-24T05:13:47.159+0000] {logging_mixin.py:188} INFO - [2024-04-24T05:13:47.159+0000] {dagbag.py:540} INFO - Filling up the DagBag from /opt/airflow/dags/yurr.py
[2024-04-24T05:13:47.166+0000] {processor.py:840} INFO - DAG(s) 'Bolidagga' retrieved from /opt/airflow/dags/yurr.py
[2024-04-24T05:13:47.177+0000] {logging_mixin.py:188} INFO - [2024-04-24T05:13:47.176+0000] {dag.py:3047} INFO - Sync 1 DAGs
[2024-04-24T05:13:47.188+0000] {logging_mixin.py:188} INFO - [2024-04-24T05:13:47.188+0000] {dag.py:3834} INFO - Setting next_dagrun for Bolidagga to 2024-04-24 00:00:00+00:00, run_after=2024-04-24 04:00:00+00:00
[2024-04-24T05:13:47.200+0000] {processor.py:183} INFO - Processing /opt/airflow/dags/yurr.py took 0.044 seconds
[2024-04-24T05:14:18.036+0000] {processor.py:161} INFO - Started process (PID=399) to work on /opt/airflow/dags/yurr.py
[2024-04-24T05:14:18.036+0000] {processor.py:830} INFO - Processing file /opt/airflow/dags/yurr.py for tasks to queue
[2024-04-24T05:14:18.037+0000] {logging_mixin.py:188} INFO - [2024-04-24T05:14:18.037+0000] {dagbag.py:540} INFO - Filling up the DagBag from /opt/airflow/dags/yurr.py
[2024-04-24T05:14:18.045+0000] {processor.py:840} INFO - DAG(s) 'Bolidagga' retrieved from /opt/airflow/dags/yurr.py
[2024-04-24T05:14:18.056+0000] {logging_mixin.py:188} INFO - [2024-04-24T05:14:18.055+0000] {dag.py:3047} INFO - Sync 1 DAGs
[2024-04-24T05:14:18.067+0000] {logging_mixin.py:188} INFO - [2024-04-24T05:14:18.066+0000] {dag.py:3834} INFO - Setting next_dagrun for Bolidagga to 2024-04-24 00:00:00+00:00, run_after=2024-04-24 04:00:00+00:00
[2024-04-24T05:14:18.076+0000] {processor.py:183} INFO - Processing /opt/airflow/dags/yurr.py took 0.042 seconds
[2024-04-24T05:14:48.696+0000] {processor.py:161} INFO - Started process (PID=457) to work on /opt/airflow/dags/yurr.py
[2024-04-24T05:14:48.696+0000] {processor.py:830} INFO - Processing file /opt/airflow/dags/yurr.py for tasks to queue
[2024-04-24T05:14:48.697+0000] {logging_mixin.py:188} INFO - [2024-04-24T05:14:48.697+0000] {dagbag.py:540} INFO - Filling up the DagBag from /opt/airflow/dags/yurr.py
[2024-04-24T05:14:48.704+0000] {processor.py:840} INFO - DAG(s) 'Bolidagga' retrieved from /opt/airflow/dags/yurr.py
[2024-04-24T05:14:48.714+0000] {logging_mixin.py:188} INFO - [2024-04-24T05:14:48.713+0000] {dag.py:3047} INFO - Sync 1 DAGs
[2024-04-24T05:14:48.724+0000] {logging_mixin.py:188} INFO - [2024-04-24T05:14:48.724+0000] {dag.py:3834} INFO - Setting next_dagrun for Bolidagga to 2024-04-24 00:00:00+00:00, run_after=2024-04-24 04:00:00+00:00
[2024-04-24T05:14:48.734+0000] {processor.py:183} INFO - Processing /opt/airflow/dags/yurr.py took 0.040 seconds
[2024-04-24T05:15:19.197+0000] {processor.py:161} INFO - Started process (PID=516) to work on /opt/airflow/dags/yurr.py
[2024-04-24T05:15:19.197+0000] {processor.py:830} INFO - Processing file /opt/airflow/dags/yurr.py for tasks to queue
[2024-04-24T05:15:19.198+0000] {logging_mixin.py:188} INFO - [2024-04-24T05:15:19.198+0000] {dagbag.py:540} INFO - Filling up the DagBag from /opt/airflow/dags/yurr.py
[2024-04-24T05:15:19.207+0000] {processor.py:840} INFO - DAG(s) 'Bolidagga' retrieved from /opt/airflow/dags/yurr.py
[2024-04-24T05:15:19.218+0000] {logging_mixin.py:188} INFO - [2024-04-24T05:15:19.217+0000] {dag.py:3047} INFO - Sync 1 DAGs
[2024-04-24T05:15:19.229+0000] {logging_mixin.py:188} INFO - [2024-04-24T05:15:19.229+0000] {dag.py:3834} INFO - Setting next_dagrun for Bolidagga to 2024-04-24 00:00:00+00:00, run_after=2024-04-24 04:00:00+00:00
[2024-04-24T05:15:19.245+0000] {processor.py:183} INFO - Processing /opt/airflow/dags/yurr.py took 0.050 seconds
[2024-04-24T05:15:49.752+0000] {processor.py:161} INFO - Started process (PID=574) to work on /opt/airflow/dags/yurr.py
[2024-04-24T05:15:49.752+0000] {processor.py:830} INFO - Processing file /opt/airflow/dags/yurr.py for tasks to queue
[2024-04-24T05:15:49.753+0000] {logging_mixin.py:188} INFO - [2024-04-24T05:15:49.753+0000] {dagbag.py:540} INFO - Filling up the DagBag from /opt/airflow/dags/yurr.py
[2024-04-24T05:15:49.760+0000] {processor.py:840} INFO - DAG(s) 'Bolidagga' retrieved from /opt/airflow/dags/yurr.py
[2024-04-24T05:15:49.772+0000] {logging_mixin.py:188} INFO - [2024-04-24T05:15:49.772+0000] {dag.py:3047} INFO - Sync 1 DAGs
[2024-04-24T05:15:49.783+0000] {logging_mixin.py:188} INFO - [2024-04-24T05:15:49.783+0000] {dag.py:3834} INFO - Setting next_dagrun for Bolidagga to 2024-04-24 00:00:00+00:00, run_after=2024-04-24 04:00:00+00:00
[2024-04-24T05:15:49.793+0000] {processor.py:183} INFO - Processing /opt/airflow/dags/yurr.py took 0.043 seconds
[2024-04-24T05:16:20.255+0000] {processor.py:161} INFO - Started process (PID=632) to work on /opt/airflow/dags/yurr.py
[2024-04-24T05:16:20.256+0000] {processor.py:830} INFO - Processing file /opt/airflow/dags/yurr.py for tasks to queue
[2024-04-24T05:16:20.257+0000] {logging_mixin.py:188} INFO - [2024-04-24T05:16:20.257+0000] {dagbag.py:540} INFO - Filling up the DagBag from /opt/airflow/dags/yurr.py
[2024-04-24T05:16:20.264+0000] {processor.py:840} INFO - DAG(s) 'Bolidagga' retrieved from /opt/airflow/dags/yurr.py
[2024-04-24T05:16:20.275+0000] {logging_mixin.py:188} INFO - [2024-04-24T05:16:20.275+0000] {dag.py:3047} INFO - Sync 1 DAGs
[2024-04-24T05:16:20.287+0000] {logging_mixin.py:188} INFO - [2024-04-24T05:16:20.287+0000] {dag.py:3834} INFO - Setting next_dagrun for Bolidagga to 2024-04-24 00:00:00+00:00, run_after=2024-04-24 04:00:00+00:00
[2024-04-24T05:16:20.297+0000] {processor.py:183} INFO - Processing /opt/airflow/dags/yurr.py took 0.043 seconds
[2024-04-24T05:16:50.757+0000] {processor.py:161} INFO - Started process (PID=690) to work on /opt/airflow/dags/yurr.py
[2024-04-24T05:16:50.758+0000] {processor.py:830} INFO - Processing file /opt/airflow/dags/yurr.py for tasks to queue
[2024-04-24T05:16:50.759+0000] {logging_mixin.py:188} INFO - [2024-04-24T05:16:50.759+0000] {dagbag.py:540} INFO - Filling up the DagBag from /opt/airflow/dags/yurr.py
[2024-04-24T05:16:50.766+0000] {processor.py:840} INFO - DAG(s) 'Bolidagga' retrieved from /opt/airflow/dags/yurr.py
[2024-04-24T05:16:50.778+0000] {logging_mixin.py:188} INFO - [2024-04-24T05:16:50.778+0000] {dag.py:3047} INFO - Sync 1 DAGs
[2024-04-24T05:16:50.790+0000] {logging_mixin.py:188} INFO - [2024-04-24T05:16:50.790+0000] {dag.py:3834} INFO - Setting next_dagrun for Bolidagga to 2024-04-24 00:00:00+00:00, run_after=2024-04-24 04:00:00+00:00
[2024-04-24T05:16:50.800+0000] {processor.py:183} INFO - Processing /opt/airflow/dags/yurr.py took 0.045 seconds
[2024-04-24T05:17:21.288+0000] {processor.py:161} INFO - Started process (PID=748) to work on /opt/airflow/dags/yurr.py
[2024-04-24T05:17:21.289+0000] {processor.py:830} INFO - Processing file /opt/airflow/dags/yurr.py for tasks to queue
[2024-04-24T05:17:21.290+0000] {logging_mixin.py:188} INFO - [2024-04-24T05:17:21.290+0000] {dagbag.py:540} INFO - Filling up the DagBag from /opt/airflow/dags/yurr.py
[2024-04-24T05:17:21.296+0000] {processor.py:840} INFO - DAG(s) 'Bolidagga' retrieved from /opt/airflow/dags/yurr.py
[2024-04-24T05:17:21.307+0000] {logging_mixin.py:188} INFO - [2024-04-24T05:17:21.307+0000] {dag.py:3047} INFO - Sync 1 DAGs
[2024-04-24T05:17:21.318+0000] {logging_mixin.py:188} INFO - [2024-04-24T05:17:21.318+0000] {dag.py:3834} INFO - Setting next_dagrun for Bolidagga to 2024-04-24 00:00:00+00:00, run_after=2024-04-24 04:00:00+00:00
[2024-04-24T05:17:21.328+0000] {processor.py:183} INFO - Processing /opt/airflow/dags/yurr.py took 0.042 seconds
[2024-04-24T05:17:51.859+0000] {processor.py:161} INFO - Started process (PID=806) to work on /opt/airflow/dags/yurr.py
[2024-04-24T05:17:51.859+0000] {processor.py:830} INFO - Processing file /opt/airflow/dags/yurr.py for tasks to queue
[2024-04-24T05:17:51.860+0000] {logging_mixin.py:188} INFO - [2024-04-24T05:17:51.860+0000] {dagbag.py:540} INFO - Filling up the DagBag from /opt/airflow/dags/yurr.py
[2024-04-24T05:17:51.867+0000] {processor.py:840} INFO - DAG(s) 'Bolidagga' retrieved from /opt/airflow/dags/yurr.py
[2024-04-24T05:17:51.878+0000] {logging_mixin.py:188} INFO - [2024-04-24T05:17:51.878+0000] {dag.py:3047} INFO - Sync 1 DAGs
[2024-04-24T05:17:51.889+0000] {logging_mixin.py:188} INFO - [2024-04-24T05:17:51.889+0000] {dag.py:3834} INFO - Setting next_dagrun for Bolidagga to 2024-04-24 00:00:00+00:00, run_after=2024-04-24 04:00:00+00:00
[2024-04-24T05:17:51.900+0000] {processor.py:183} INFO - Processing /opt/airflow/dags/yurr.py took 0.043 seconds
[2024-04-24T05:18:22.668+0000] {processor.py:161} INFO - Started process (PID=864) to work on /opt/airflow/dags/yurr.py
[2024-04-24T05:18:22.669+0000] {processor.py:830} INFO - Processing file /opt/airflow/dags/yurr.py for tasks to queue
[2024-04-24T05:18:22.670+0000] {logging_mixin.py:188} INFO - [2024-04-24T05:18:22.670+0000] {dagbag.py:540} INFO - Filling up the DagBag from /opt/airflow/dags/yurr.py
[2024-04-24T05:18:22.676+0000] {processor.py:840} INFO - DAG(s) 'Bolidagga' retrieved from /opt/airflow/dags/yurr.py
[2024-04-24T05:18:22.686+0000] {logging_mixin.py:188} INFO - [2024-04-24T05:18:22.686+0000] {dag.py:3047} INFO - Sync 1 DAGs
[2024-04-24T05:18:22.696+0000] {logging_mixin.py:188} INFO - [2024-04-24T05:18:22.696+0000] {dag.py:3834} INFO - Setting next_dagrun for Bolidagga to 2024-04-24 00:00:00+00:00, run_after=2024-04-24 04:00:00+00:00
[2024-04-24T05:18:22.706+0000] {processor.py:183} INFO - Processing /opt/airflow/dags/yurr.py took 0.039 seconds
[2024-04-24T05:18:53.252+0000] {processor.py:161} INFO - Started process (PID=922) to work on /opt/airflow/dags/yurr.py
[2024-04-24T05:18:53.252+0000] {processor.py:830} INFO - Processing file /opt/airflow/dags/yurr.py for tasks to queue
[2024-04-24T05:18:53.253+0000] {logging_mixin.py:188} INFO - [2024-04-24T05:18:53.253+0000] {dagbag.py:540} INFO - Filling up the DagBag from /opt/airflow/dags/yurr.py
[2024-04-24T05:18:53.261+0000] {processor.py:840} INFO - DAG(s) 'Bolidagga' retrieved from /opt/airflow/dags/yurr.py
[2024-04-24T05:18:53.271+0000] {logging_mixin.py:188} INFO - [2024-04-24T05:18:53.271+0000] {dag.py:3047} INFO - Sync 1 DAGs
[2024-04-24T05:18:53.282+0000] {logging_mixin.py:188} INFO - [2024-04-24T05:18:53.282+0000] {dag.py:3834} INFO - Setting next_dagrun for Bolidagga to 2024-04-24 00:00:00+00:00, run_after=2024-04-24 04:00:00+00:00
[2024-04-24T05:18:53.292+0000] {processor.py:183} INFO - Processing /opt/airflow/dags/yurr.py took 0.042 seconds
[2024-04-24T05:19:23.730+0000] {processor.py:161} INFO - Started process (PID=980) to work on /opt/airflow/dags/yurr.py
[2024-04-24T05:19:23.731+0000] {processor.py:830} INFO - Processing file /opt/airflow/dags/yurr.py for tasks to queue
[2024-04-24T05:19:23.732+0000] {logging_mixin.py:188} INFO - [2024-04-24T05:19:23.732+0000] {dagbag.py:540} INFO - Filling up the DagBag from /opt/airflow/dags/yurr.py
[2024-04-24T05:19:23.740+0000] {processor.py:840} INFO - DAG(s) 'Bolidagga' retrieved from /opt/airflow/dags/yurr.py
[2024-04-24T05:19:23.750+0000] {logging_mixin.py:188} INFO - [2024-04-24T05:19:23.750+0000] {dag.py:3047} INFO - Sync 1 DAGs
[2024-04-24T05:19:23.761+0000] {logging_mixin.py:188} INFO - [2024-04-24T05:19:23.761+0000] {dag.py:3834} INFO - Setting next_dagrun for Bolidagga to 2024-04-24 00:00:00+00:00, run_after=2024-04-24 04:00:00+00:00
[2024-04-24T05:19:23.775+0000] {processor.py:183} INFO - Processing /opt/airflow/dags/yurr.py took 0.047 seconds
[2024-04-24T05:19:54.338+0000] {processor.py:161} INFO - Started process (PID=1038) to work on /opt/airflow/dags/yurr.py
[2024-04-24T05:19:54.338+0000] {processor.py:830} INFO - Processing file /opt/airflow/dags/yurr.py for tasks to queue
[2024-04-24T05:19:54.339+0000] {logging_mixin.py:188} INFO - [2024-04-24T05:19:54.339+0000] {dagbag.py:540} INFO - Filling up the DagBag from /opt/airflow/dags/yurr.py
[2024-04-24T05:19:54.345+0000] {processor.py:840} INFO - DAG(s) 'Bolidagga' retrieved from /opt/airflow/dags/yurr.py
[2024-04-24T05:19:54.356+0000] {logging_mixin.py:188} INFO - [2024-04-24T05:19:54.356+0000] {dag.py:3047} INFO - Sync 1 DAGs
[2024-04-24T05:19:54.367+0000] {logging_mixin.py:188} INFO - [2024-04-24T05:19:54.367+0000] {dag.py:3834} INFO - Setting next_dagrun for Bolidagga to 2024-04-24 00:00:00+00:00, run_after=2024-04-24 04:00:00+00:00
[2024-04-24T05:19:54.377+0000] {processor.py:183} INFO - Processing /opt/airflow/dags/yurr.py took 0.042 seconds
[2024-04-24T05:20:24.855+0000] {processor.py:161} INFO - Started process (PID=1096) to work on /opt/airflow/dags/yurr.py
[2024-04-24T05:20:24.856+0000] {processor.py:830} INFO - Processing file /opt/airflow/dags/yurr.py for tasks to queue
[2024-04-24T05:20:24.857+0000] {logging_mixin.py:188} INFO - [2024-04-24T05:20:24.856+0000] {dagbag.py:540} INFO - Filling up the DagBag from /opt/airflow/dags/yurr.py
[2024-04-24T05:20:24.864+0000] {processor.py:840} INFO - DAG(s) 'Bolidagga' retrieved from /opt/airflow/dags/yurr.py
[2024-04-24T05:20:24.876+0000] {logging_mixin.py:188} INFO - [2024-04-24T05:20:24.876+0000] {dag.py:3047} INFO - Sync 1 DAGs
[2024-04-24T05:20:24.886+0000] {logging_mixin.py:188} INFO - [2024-04-24T05:20:24.886+0000] {dag.py:3834} INFO - Setting next_dagrun for Bolidagga to 2024-04-24 00:00:00+00:00, run_after=2024-04-24 04:00:00+00:00
[2024-04-24T05:20:24.896+0000] {processor.py:183} INFO - Processing /opt/airflow/dags/yurr.py took 0.043 seconds
[2024-04-24T05:20:55.497+0000] {processor.py:161} INFO - Started process (PID=1154) to work on /opt/airflow/dags/yurr.py
[2024-04-24T05:20:55.498+0000] {processor.py:830} INFO - Processing file /opt/airflow/dags/yurr.py for tasks to queue
[2024-04-24T05:20:55.499+0000] {logging_mixin.py:188} INFO - [2024-04-24T05:20:55.499+0000] {dagbag.py:540} INFO - Filling up the DagBag from /opt/airflow/dags/yurr.py
[2024-04-24T05:20:55.506+0000] {processor.py:840} INFO - DAG(s) 'Bolidagga' retrieved from /opt/airflow/dags/yurr.py
[2024-04-24T05:20:55.517+0000] {logging_mixin.py:188} INFO - [2024-04-24T05:20:55.517+0000] {dag.py:3047} INFO - Sync 1 DAGs
[2024-04-24T05:20:55.528+0000] {logging_mixin.py:188} INFO - [2024-04-24T05:20:55.528+0000] {dag.py:3834} INFO - Setting next_dagrun for Bolidagga to 2024-04-24 00:00:00+00:00, run_after=2024-04-24 04:00:00+00:00
[2024-04-24T05:20:55.538+0000] {processor.py:183} INFO - Processing /opt/airflow/dags/yurr.py took 0.042 seconds
[2024-04-24T05:21:25.993+0000] {processor.py:161} INFO - Started process (PID=1212) to work on /opt/airflow/dags/yurr.py
[2024-04-24T05:21:25.993+0000] {processor.py:830} INFO - Processing file /opt/airflow/dags/yurr.py for tasks to queue
[2024-04-24T05:21:25.995+0000] {logging_mixin.py:188} INFO - [2024-04-24T05:21:25.994+0000] {dagbag.py:540} INFO - Filling up the DagBag from /opt/airflow/dags/yurr.py
[2024-04-24T05:21:26.000+0000] {processor.py:840} INFO - DAG(s) 'Bolidagga' retrieved from /opt/airflow/dags/yurr.py
[2024-04-24T05:21:26.010+0000] {logging_mixin.py:188} INFO - [2024-04-24T05:21:26.010+0000] {dag.py:3047} INFO - Sync 1 DAGs
[2024-04-24T05:21:26.021+0000] {logging_mixin.py:188} INFO - [2024-04-24T05:21:26.021+0000] {dag.py:3834} INFO - Setting next_dagrun for Bolidagga to 2024-04-24 00:00:00+00:00, run_after=2024-04-24 04:00:00+00:00
[2024-04-24T05:21:26.031+0000] {processor.py:183} INFO - Processing /opt/airflow/dags/yurr.py took 0.040 seconds
[2024-04-24T05:21:56.489+0000] {processor.py:161} INFO - Started process (PID=1270) to work on /opt/airflow/dags/yurr.py
[2024-04-24T05:21:56.489+0000] {processor.py:830} INFO - Processing file /opt/airflow/dags/yurr.py for tasks to queue
[2024-04-24T05:21:56.490+0000] {logging_mixin.py:188} INFO - [2024-04-24T05:21:56.490+0000] {dagbag.py:540} INFO - Filling up the DagBag from /opt/airflow/dags/yurr.py
[2024-04-24T05:21:56.498+0000] {processor.py:840} INFO - DAG(s) 'Bolidagga' retrieved from /opt/airflow/dags/yurr.py
[2024-04-24T05:21:56.508+0000] {logging_mixin.py:188} INFO - [2024-04-24T05:21:56.508+0000] {dag.py:3047} INFO - Sync 1 DAGs
[2024-04-24T05:21:56.519+0000] {logging_mixin.py:188} INFO - [2024-04-24T05:21:56.519+0000] {dag.py:3834} INFO - Setting next_dagrun for Bolidagga to 2024-04-24 00:00:00+00:00, run_after=2024-04-24 04:00:00+00:00
[2024-04-24T05:21:56.529+0000] {processor.py:183} INFO - Processing /opt/airflow/dags/yurr.py took 0.042 seconds
[2024-04-24T05:22:26.954+0000] {processor.py:161} INFO - Started process (PID=1328) to work on /opt/airflow/dags/yurr.py
[2024-04-24T05:22:26.955+0000] {processor.py:830} INFO - Processing file /opt/airflow/dags/yurr.py for tasks to queue
[2024-04-24T05:22:26.956+0000] {logging_mixin.py:188} INFO - [2024-04-24T05:22:26.956+0000] {dagbag.py:540} INFO - Filling up the DagBag from /opt/airflow/dags/yurr.py
[2024-04-24T05:22:26.962+0000] {processor.py:840} INFO - DAG(s) 'Bolidagga' retrieved from /opt/airflow/dags/yurr.py
[2024-04-24T05:22:26.972+0000] {logging_mixin.py:188} INFO - [2024-04-24T05:22:26.972+0000] {dag.py:3047} INFO - Sync 1 DAGs
[2024-04-24T05:22:26.985+0000] {logging_mixin.py:188} INFO - [2024-04-24T05:22:26.985+0000] {dag.py:3834} INFO - Setting next_dagrun for Bolidagga to 2024-04-24 00:00:00+00:00, run_after=2024-04-24 04:00:00+00:00
[2024-04-24T05:22:26.995+0000] {processor.py:183} INFO - Processing /opt/airflow/dags/yurr.py took 0.043 seconds
[2024-04-24T05:22:57.500+0000] {processor.py:161} INFO - Started process (PID=1386) to work on /opt/airflow/dags/yurr.py
[2024-04-24T05:22:57.501+0000] {processor.py:830} INFO - Processing file /opt/airflow/dags/yurr.py for tasks to queue
[2024-04-24T05:22:57.502+0000] {logging_mixin.py:188} INFO - [2024-04-24T05:22:57.502+0000] {dagbag.py:540} INFO - Filling up the DagBag from /opt/airflow/dags/yurr.py
[2024-04-24T05:22:57.508+0000] {processor.py:840} INFO - DAG(s) 'Bolidagga' retrieved from /opt/airflow/dags/yurr.py
[2024-04-24T05:22:57.519+0000] {logging_mixin.py:188} INFO - [2024-04-24T05:22:57.518+0000] {dag.py:3047} INFO - Sync 1 DAGs
[2024-04-24T05:22:57.530+0000] {logging_mixin.py:188} INFO - [2024-04-24T05:22:57.529+0000] {dag.py:3834} INFO - Setting next_dagrun for Bolidagga to 2024-04-24 00:00:00+00:00, run_after=2024-04-24 04:00:00+00:00
[2024-04-24T05:22:57.540+0000] {processor.py:183} INFO - Processing /opt/airflow/dags/yurr.py took 0.041 seconds
[2024-04-24T05:23:27.971+0000] {processor.py:161} INFO - Started process (PID=1444) to work on /opt/airflow/dags/yurr.py
[2024-04-24T05:23:27.972+0000] {processor.py:830} INFO - Processing file /opt/airflow/dags/yurr.py for tasks to queue
[2024-04-24T05:23:27.973+0000] {logging_mixin.py:188} INFO - [2024-04-24T05:23:27.973+0000] {dagbag.py:540} INFO - Filling up the DagBag from /opt/airflow/dags/yurr.py
[2024-04-24T05:23:27.980+0000] {processor.py:840} INFO - DAG(s) 'Bolidagga' retrieved from /opt/airflow/dags/yurr.py
[2024-04-24T05:23:27.990+0000] {logging_mixin.py:188} INFO - [2024-04-24T05:23:27.990+0000] {dag.py:3047} INFO - Sync 1 DAGs
[2024-04-24T05:23:28.001+0000] {logging_mixin.py:188} INFO - [2024-04-24T05:23:28.001+0000] {dag.py:3834} INFO - Setting next_dagrun for Bolidagga to 2024-04-24 00:00:00+00:00, run_after=2024-04-24 04:00:00+00:00
[2024-04-24T05:23:28.015+0000] {processor.py:183} INFO - Processing /opt/airflow/dags/yurr.py took 0.045 seconds
[2024-04-24T05:23:58.492+0000] {processor.py:161} INFO - Started process (PID=1502) to work on /opt/airflow/dags/yurr.py
[2024-04-24T05:23:58.492+0000] {processor.py:830} INFO - Processing file /opt/airflow/dags/yurr.py for tasks to queue
[2024-04-24T05:23:58.493+0000] {logging_mixin.py:188} INFO - [2024-04-24T05:23:58.493+0000] {dagbag.py:540} INFO - Filling up the DagBag from /opt/airflow/dags/yurr.py
[2024-04-24T05:23:58.501+0000] {processor.py:840} INFO - DAG(s) 'Bolidagga' retrieved from /opt/airflow/dags/yurr.py
[2024-04-24T05:23:58.512+0000] {logging_mixin.py:188} INFO - [2024-04-24T05:23:58.512+0000] {dag.py:3047} INFO - Sync 1 DAGs
[2024-04-24T05:23:58.523+0000] {logging_mixin.py:188} INFO - [2024-04-24T05:23:58.523+0000] {dag.py:3834} INFO - Setting next_dagrun for Bolidagga to 2024-04-24 00:00:00+00:00, run_after=2024-04-24 04:00:00+00:00
[2024-04-24T05:23:58.534+0000] {processor.py:183} INFO - Processing /opt/airflow/dags/yurr.py took 0.044 seconds
[2024-04-24T05:24:29.009+0000] {processor.py:161} INFO - Started process (PID=1560) to work on /opt/airflow/dags/yurr.py
[2024-04-24T05:24:29.010+0000] {processor.py:830} INFO - Processing file /opt/airflow/dags/yurr.py for tasks to queue
[2024-04-24T05:24:29.011+0000] {logging_mixin.py:188} INFO - [2024-04-24T05:24:29.011+0000] {dagbag.py:540} INFO - Filling up the DagBag from /opt/airflow/dags/yurr.py
[2024-04-24T05:24:29.019+0000] {processor.py:840} INFO - DAG(s) 'Bolidagga' retrieved from /opt/airflow/dags/yurr.py
[2024-04-24T05:24:29.029+0000] {logging_mixin.py:188} INFO - [2024-04-24T05:24:29.029+0000] {dag.py:3047} INFO - Sync 1 DAGs
[2024-04-24T05:24:29.040+0000] {logging_mixin.py:188} INFO - [2024-04-24T05:24:29.040+0000] {dag.py:3834} INFO - Setting next_dagrun for Bolidagga to 2024-04-24 00:00:00+00:00, run_after=2024-04-24 04:00:00+00:00
[2024-04-24T05:24:29.050+0000] {processor.py:183} INFO - Processing /opt/airflow/dags/yurr.py took 0.042 seconds
[2024-04-24T05:24:59.469+0000] {processor.py:161} INFO - Started process (PID=1618) to work on /opt/airflow/dags/yurr.py
[2024-04-24T05:24:59.470+0000] {processor.py:830} INFO - Processing file /opt/airflow/dags/yurr.py for tasks to queue
[2024-04-24T05:24:59.471+0000] {logging_mixin.py:188} INFO - [2024-04-24T05:24:59.470+0000] {dagbag.py:540} INFO - Filling up the DagBag from /opt/airflow/dags/yurr.py
[2024-04-24T05:24:59.477+0000] {processor.py:840} INFO - DAG(s) 'Bolidagga' retrieved from /opt/airflow/dags/yurr.py
[2024-04-24T05:24:59.487+0000] {logging_mixin.py:188} INFO - [2024-04-24T05:24:59.487+0000] {dag.py:3047} INFO - Sync 1 DAGs
[2024-04-24T05:24:59.497+0000] {logging_mixin.py:188} INFO - [2024-04-24T05:24:59.497+0000] {dag.py:3834} INFO - Setting next_dagrun for Bolidagga to 2024-04-24 00:00:00+00:00, run_after=2024-04-24 04:00:00+00:00
[2024-04-24T05:24:59.507+0000] {processor.py:183} INFO - Processing /opt/airflow/dags/yurr.py took 0.040 seconds
[2024-04-24T05:25:29.932+0000] {processor.py:161} INFO - Started process (PID=1676) to work on /opt/airflow/dags/yurr.py
[2024-04-24T05:25:29.932+0000] {processor.py:830} INFO - Processing file /opt/airflow/dags/yurr.py for tasks to queue
[2024-04-24T05:25:29.933+0000] {logging_mixin.py:188} INFO - [2024-04-24T05:25:29.933+0000] {dagbag.py:540} INFO - Filling up the DagBag from /opt/airflow/dags/yurr.py
[2024-04-24T05:25:29.941+0000] {processor.py:840} INFO - DAG(s) 'Bolidagga' retrieved from /opt/airflow/dags/yurr.py
[2024-04-24T05:25:29.952+0000] {logging_mixin.py:188} INFO - [2024-04-24T05:25:29.951+0000] {dag.py:3047} INFO - Sync 1 DAGs
[2024-04-24T05:25:29.963+0000] {logging_mixin.py:188} INFO - [2024-04-24T05:25:29.962+0000] {dag.py:3834} INFO - Setting next_dagrun for Bolidagga to 2024-04-24 00:00:00+00:00, run_after=2024-04-24 04:00:00+00:00
[2024-04-24T05:25:29.972+0000] {processor.py:183} INFO - Processing /opt/airflow/dags/yurr.py took 0.042 seconds
[2024-04-24T05:26:00.575+0000] {processor.py:161} INFO - Started process (PID=1734) to work on /opt/airflow/dags/yurr.py
[2024-04-24T05:26:00.576+0000] {processor.py:830} INFO - Processing file /opt/airflow/dags/yurr.py for tasks to queue
[2024-04-24T05:26:00.577+0000] {logging_mixin.py:188} INFO - [2024-04-24T05:26:00.576+0000] {dagbag.py:540} INFO - Filling up the DagBag from /opt/airflow/dags/yurr.py
[2024-04-24T05:26:00.583+0000] {processor.py:840} INFO - DAG(s) 'Bolidagga' retrieved from /opt/airflow/dags/yurr.py
[2024-04-24T05:26:00.594+0000] {logging_mixin.py:188} INFO - [2024-04-24T05:26:00.594+0000] {dag.py:3047} INFO - Sync 1 DAGs
[2024-04-24T05:26:00.605+0000] {logging_mixin.py:188} INFO - [2024-04-24T05:26:00.604+0000] {dag.py:3834} INFO - Setting next_dagrun for Bolidagga to 2024-04-24 00:00:00+00:00, run_after=2024-04-24 04:00:00+00:00
[2024-04-24T05:26:00.614+0000] {processor.py:183} INFO - Processing /opt/airflow/dags/yurr.py took 0.041 seconds
[2024-04-24T05:26:31.195+0000] {processor.py:161} INFO - Started process (PID=1792) to work on /opt/airflow/dags/yurr.py
[2024-04-24T05:26:31.195+0000] {processor.py:830} INFO - Processing file /opt/airflow/dags/yurr.py for tasks to queue
[2024-04-24T05:26:31.197+0000] {logging_mixin.py:188} INFO - [2024-04-24T05:26:31.196+0000] {dagbag.py:540} INFO - Filling up the DagBag from /opt/airflow/dags/yurr.py
[2024-04-24T05:26:31.205+0000] {processor.py:840} INFO - DAG(s) 'Bolidagga' retrieved from /opt/airflow/dags/yurr.py
[2024-04-24T05:26:31.217+0000] {logging_mixin.py:188} INFO - [2024-04-24T05:26:31.216+0000] {dag.py:3047} INFO - Sync 1 DAGs
[2024-04-24T05:26:31.227+0000] {logging_mixin.py:188} INFO - [2024-04-24T05:26:31.227+0000] {dag.py:3834} INFO - Setting next_dagrun for Bolidagga to 2024-04-24 00:00:00+00:00, run_after=2024-04-24 04:00:00+00:00
[2024-04-24T05:26:31.237+0000] {processor.py:183} INFO - Processing /opt/airflow/dags/yurr.py took 0.044 seconds
[2024-04-24T05:27:01.915+0000] {processor.py:161} INFO - Started process (PID=1850) to work on /opt/airflow/dags/yurr.py
[2024-04-24T05:27:01.916+0000] {processor.py:830} INFO - Processing file /opt/airflow/dags/yurr.py for tasks to queue
[2024-04-24T05:27:01.917+0000] {logging_mixin.py:188} INFO - [2024-04-24T05:27:01.917+0000] {dagbag.py:540} INFO - Filling up the DagBag from /opt/airflow/dags/yurr.py
[2024-04-24T05:27:01.924+0000] {processor.py:840} INFO - DAG(s) 'Bolidagga' retrieved from /opt/airflow/dags/yurr.py
[2024-04-24T05:27:01.934+0000] {logging_mixin.py:188} INFO - [2024-04-24T05:27:01.934+0000] {dag.py:3047} INFO - Sync 1 DAGs
[2024-04-24T05:27:01.945+0000] {logging_mixin.py:188} INFO - [2024-04-24T05:27:01.945+0000] {dag.py:3834} INFO - Setting next_dagrun for Bolidagga to 2024-04-24 00:00:00+00:00, run_after=2024-04-24 04:00:00+00:00
[2024-04-24T05:27:01.955+0000] {processor.py:183} INFO - Processing /opt/airflow/dags/yurr.py took 0.041 seconds
[2024-04-24T05:27:32.467+0000] {processor.py:161} INFO - Started process (PID=1908) to work on /opt/airflow/dags/yurr.py
[2024-04-24T05:27:32.468+0000] {processor.py:830} INFO - Processing file /opt/airflow/dags/yurr.py for tasks to queue
[2024-04-24T05:27:32.469+0000] {logging_mixin.py:188} INFO - [2024-04-24T05:27:32.469+0000] {dagbag.py:540} INFO - Filling up the DagBag from /opt/airflow/dags/yurr.py
[2024-04-24T05:27:32.475+0000] {processor.py:840} INFO - DAG(s) 'Bolidagga' retrieved from /opt/airflow/dags/yurr.py
[2024-04-24T05:27:32.485+0000] {logging_mixin.py:188} INFO - [2024-04-24T05:27:32.485+0000] {dag.py:3047} INFO - Sync 1 DAGs
[2024-04-24T05:27:32.497+0000] {logging_mixin.py:188} INFO - [2024-04-24T05:27:32.497+0000] {dag.py:3834} INFO - Setting next_dagrun for Bolidagga to 2024-04-24 00:00:00+00:00, run_after=2024-04-24 04:00:00+00:00
[2024-04-24T05:27:32.511+0000] {processor.py:183} INFO - Processing /opt/airflow/dags/yurr.py took 0.046 seconds
[2024-04-24T05:28:03.053+0000] {processor.py:161} INFO - Started process (PID=1966) to work on /opt/airflow/dags/yurr.py
[2024-04-24T05:28:03.054+0000] {processor.py:830} INFO - Processing file /opt/airflow/dags/yurr.py for tasks to queue
[2024-04-24T05:28:03.055+0000] {logging_mixin.py:188} INFO - [2024-04-24T05:28:03.055+0000] {dagbag.py:540} INFO - Filling up the DagBag from /opt/airflow/dags/yurr.py
[2024-04-24T05:28:03.062+0000] {processor.py:840} INFO - DAG(s) 'Bolidagga' retrieved from /opt/airflow/dags/yurr.py
[2024-04-24T05:28:03.072+0000] {logging_mixin.py:188} INFO - [2024-04-24T05:28:03.072+0000] {dag.py:3047} INFO - Sync 1 DAGs
[2024-04-24T05:28:03.083+0000] {logging_mixin.py:188} INFO - [2024-04-24T05:28:03.083+0000] {dag.py:3834} INFO - Setting next_dagrun for Bolidagga to 2024-04-24 00:00:00+00:00, run_after=2024-04-24 04:00:00+00:00
[2024-04-24T05:28:03.094+0000] {processor.py:183} INFO - Processing /opt/airflow/dags/yurr.py took 0.042 seconds
[2024-04-24T05:28:33.796+0000] {processor.py:161} INFO - Started process (PID=2024) to work on /opt/airflow/dags/yurr.py
[2024-04-24T05:28:33.797+0000] {processor.py:830} INFO - Processing file /opt/airflow/dags/yurr.py for tasks to queue
[2024-04-24T05:28:33.798+0000] {logging_mixin.py:188} INFO - [2024-04-24T05:28:33.798+0000] {dagbag.py:540} INFO - Filling up the DagBag from /opt/airflow/dags/yurr.py
[2024-04-24T05:28:33.805+0000] {processor.py:840} INFO - DAG(s) 'Bolidagga' retrieved from /opt/airflow/dags/yurr.py
[2024-04-24T05:28:33.816+0000] {logging_mixin.py:188} INFO - [2024-04-24T05:28:33.815+0000] {dag.py:3047} INFO - Sync 1 DAGs
[2024-04-24T05:28:33.826+0000] {logging_mixin.py:188} INFO - [2024-04-24T05:28:33.826+0000] {dag.py:3834} INFO - Setting next_dagrun for Bolidagga to 2024-04-24 00:00:00+00:00, run_after=2024-04-24 04:00:00+00:00
[2024-04-24T05:28:33.836+0000] {processor.py:183} INFO - Processing /opt/airflow/dags/yurr.py took 0.043 seconds
[2024-04-24T05:29:04.460+0000] {processor.py:161} INFO - Started process (PID=2082) to work on /opt/airflow/dags/yurr.py
[2024-04-24T05:29:04.460+0000] {processor.py:830} INFO - Processing file /opt/airflow/dags/yurr.py for tasks to queue
[2024-04-24T05:29:04.461+0000] {logging_mixin.py:188} INFO - [2024-04-24T05:29:04.461+0000] {dagbag.py:540} INFO - Filling up the DagBag from /opt/airflow/dags/yurr.py
[2024-04-24T05:29:04.469+0000] {processor.py:840} INFO - DAG(s) 'Bolidagga' retrieved from /opt/airflow/dags/yurr.py
[2024-04-24T05:29:04.481+0000] {logging_mixin.py:188} INFO - [2024-04-24T05:29:04.480+0000] {dag.py:3047} INFO - Sync 1 DAGs
[2024-04-24T05:29:04.491+0000] {logging_mixin.py:188} INFO - [2024-04-24T05:29:04.491+0000] {dag.py:3834} INFO - Setting next_dagrun for Bolidagga to 2024-04-24 00:00:00+00:00, run_after=2024-04-24 04:00:00+00:00
[2024-04-24T05:29:04.501+0000] {processor.py:183} INFO - Processing /opt/airflow/dags/yurr.py took 0.043 seconds
[2024-04-24T05:29:35.119+0000] {processor.py:161} INFO - Started process (PID=2140) to work on /opt/airflow/dags/yurr.py
[2024-04-24T05:29:35.120+0000] {processor.py:830} INFO - Processing file /opt/airflow/dags/yurr.py for tasks to queue
[2024-04-24T05:29:35.121+0000] {logging_mixin.py:188} INFO - [2024-04-24T05:29:35.121+0000] {dagbag.py:540} INFO - Filling up the DagBag from /opt/airflow/dags/yurr.py
[2024-04-24T05:29:35.128+0000] {processor.py:840} INFO - DAG(s) 'Bolidagga' retrieved from /opt/airflow/dags/yurr.py
[2024-04-24T05:29:35.139+0000] {logging_mixin.py:188} INFO - [2024-04-24T05:29:35.139+0000] {dag.py:3047} INFO - Sync 1 DAGs
[2024-04-24T05:29:35.149+0000] {logging_mixin.py:188} INFO - [2024-04-24T05:29:35.149+0000] {dag.py:3834} INFO - Setting next_dagrun for Bolidagga to 2024-04-24 00:00:00+00:00, run_after=2024-04-24 04:00:00+00:00
[2024-04-24T05:29:35.159+0000] {processor.py:183} INFO - Processing /opt/airflow/dags/yurr.py took 0.042 seconds
[2024-04-24T05:30:05.594+0000] {processor.py:161} INFO - Started process (PID=2198) to work on /opt/airflow/dags/yurr.py
[2024-04-24T05:30:05.594+0000] {processor.py:830} INFO - Processing file /opt/airflow/dags/yurr.py for tasks to queue
[2024-04-24T05:30:05.595+0000] {logging_mixin.py:188} INFO - [2024-04-24T05:30:05.595+0000] {dagbag.py:540} INFO - Filling up the DagBag from /opt/airflow/dags/yurr.py
[2024-04-24T05:30:05.601+0000] {processor.py:840} INFO - DAG(s) 'Bolidagga' retrieved from /opt/airflow/dags/yurr.py
[2024-04-24T05:30:05.612+0000] {logging_mixin.py:188} INFO - [2024-04-24T05:30:05.612+0000] {dag.py:3047} INFO - Sync 1 DAGs
[2024-04-24T05:30:05.623+0000] {logging_mixin.py:188} INFO - [2024-04-24T05:30:05.623+0000] {dag.py:3834} INFO - Setting next_dagrun for Bolidagga to 2024-04-24 00:00:00+00:00, run_after=2024-04-24 04:00:00+00:00
[2024-04-24T05:30:05.632+0000] {processor.py:183} INFO - Processing /opt/airflow/dags/yurr.py took 0.041 seconds
[2024-04-24T05:30:36.167+0000] {processor.py:161} INFO - Started process (PID=2256) to work on /opt/airflow/dags/yurr.py
[2024-04-24T05:30:36.168+0000] {processor.py:830} INFO - Processing file /opt/airflow/dags/yurr.py for tasks to queue
[2024-04-24T05:30:36.169+0000] {logging_mixin.py:188} INFO - [2024-04-24T05:30:36.169+0000] {dagbag.py:540} INFO - Filling up the DagBag from /opt/airflow/dags/yurr.py
[2024-04-24T05:30:36.177+0000] {processor.py:840} INFO - DAG(s) 'Bolidagga' retrieved from /opt/airflow/dags/yurr.py
[2024-04-24T05:30:36.187+0000] {logging_mixin.py:188} INFO - [2024-04-24T05:30:36.187+0000] {dag.py:3047} INFO - Sync 1 DAGs
[2024-04-24T05:30:36.198+0000] {logging_mixin.py:188} INFO - [2024-04-24T05:30:36.198+0000] {dag.py:3834} INFO - Setting next_dagrun for Bolidagga to 2024-04-24 00:00:00+00:00, run_after=2024-04-24 04:00:00+00:00
[2024-04-24T05:30:36.209+0000] {processor.py:183} INFO - Processing /opt/airflow/dags/yurr.py took 0.044 seconds
[2024-04-24T05:31:06.722+0000] {processor.py:161} INFO - Started process (PID=2314) to work on /opt/airflow/dags/yurr.py
[2024-04-24T05:31:06.723+0000] {processor.py:830} INFO - Processing file /opt/airflow/dags/yurr.py for tasks to queue
[2024-04-24T05:31:06.724+0000] {logging_mixin.py:188} INFO - [2024-04-24T05:31:06.724+0000] {dagbag.py:540} INFO - Filling up the DagBag from /opt/airflow/dags/yurr.py
[2024-04-24T05:31:06.732+0000] {processor.py:840} INFO - DAG(s) 'Bolidagga' retrieved from /opt/airflow/dags/yurr.py
[2024-04-24T05:31:06.744+0000] {logging_mixin.py:188} INFO - [2024-04-24T05:31:06.744+0000] {dag.py:3047} INFO - Sync 1 DAGs
[2024-04-24T05:31:06.756+0000] {logging_mixin.py:188} INFO - [2024-04-24T05:31:06.756+0000] {dag.py:3834} INFO - Setting next_dagrun for Bolidagga to 2024-04-24 00:00:00+00:00, run_after=2024-04-24 04:00:00+00:00
[2024-04-24T05:31:06.766+0000] {processor.py:183} INFO - Processing /opt/airflow/dags/yurr.py took 0.045 seconds
[2024-04-24T05:31:37.542+0000] {processor.py:161} INFO - Started process (PID=2372) to work on /opt/airflow/dags/yurr.py
[2024-04-24T05:31:37.542+0000] {processor.py:830} INFO - Processing file /opt/airflow/dags/yurr.py for tasks to queue
[2024-04-24T05:31:37.543+0000] {logging_mixin.py:188} INFO - [2024-04-24T05:31:37.543+0000] {dagbag.py:540} INFO - Filling up the DagBag from /opt/airflow/dags/yurr.py
[2024-04-24T05:31:37.549+0000] {processor.py:840} INFO - DAG(s) 'Bolidagga' retrieved from /opt/airflow/dags/yurr.py
[2024-04-24T05:31:37.559+0000] {logging_mixin.py:188} INFO - [2024-04-24T05:31:37.559+0000] {dag.py:3047} INFO - Sync 1 DAGs
[2024-04-24T05:31:37.571+0000] {logging_mixin.py:188} INFO - [2024-04-24T05:31:37.571+0000] {dag.py:3834} INFO - Setting next_dagrun for Bolidagga to 2024-04-24 00:00:00+00:00, run_after=2024-04-24 04:00:00+00:00
[2024-04-24T05:31:37.580+0000] {processor.py:183} INFO - Processing /opt/airflow/dags/yurr.py took 0.040 seconds
[2024-04-24T05:32:08.157+0000] {processor.py:161} INFO - Started process (PID=2430) to work on /opt/airflow/dags/yurr.py
[2024-04-24T05:32:08.158+0000] {processor.py:830} INFO - Processing file /opt/airflow/dags/yurr.py for tasks to queue
[2024-04-24T05:32:08.159+0000] {logging_mixin.py:188} INFO - [2024-04-24T05:32:08.159+0000] {dagbag.py:540} INFO - Filling up the DagBag from /opt/airflow/dags/yurr.py
[2024-04-24T05:32:08.165+0000] {processor.py:840} INFO - DAG(s) 'Bolidagga' retrieved from /opt/airflow/dags/yurr.py
[2024-04-24T05:32:08.176+0000] {logging_mixin.py:188} INFO - [2024-04-24T05:32:08.176+0000] {dag.py:3047} INFO - Sync 1 DAGs
[2024-04-24T05:32:08.187+0000] {logging_mixin.py:188} INFO - [2024-04-24T05:32:08.187+0000] {dag.py:3834} INFO - Setting next_dagrun for Bolidagga to 2024-04-24 00:00:00+00:00, run_after=2024-04-24 04:00:00+00:00
[2024-04-24T05:32:08.202+0000] {processor.py:183} INFO - Processing /opt/airflow/dags/yurr.py took 0.047 seconds
[2024-04-24T05:32:38.722+0000] {processor.py:161} INFO - Started process (PID=2489) to work on /opt/airflow/dags/yurr.py
[2024-04-24T05:32:38.723+0000] {processor.py:830} INFO - Processing file /opt/airflow/dags/yurr.py for tasks to queue
[2024-04-24T05:32:38.724+0000] {logging_mixin.py:188} INFO - [2024-04-24T05:32:38.723+0000] {dagbag.py:540} INFO - Filling up the DagBag from /opt/airflow/dags/yurr.py
[2024-04-24T05:32:38.731+0000] {processor.py:840} INFO - DAG(s) 'Bolidagga' retrieved from /opt/airflow/dags/yurr.py
[2024-04-24T05:32:38.742+0000] {logging_mixin.py:188} INFO - [2024-04-24T05:32:38.742+0000] {dag.py:3047} INFO - Sync 1 DAGs
[2024-04-24T05:32:38.753+0000] {logging_mixin.py:188} INFO - [2024-04-24T05:32:38.753+0000] {dag.py:3834} INFO - Setting next_dagrun for Bolidagga to 2024-04-24 00:00:00+00:00, run_after=2024-04-24 04:00:00+00:00
[2024-04-24T05:32:38.764+0000] {processor.py:183} INFO - Processing /opt/airflow/dags/yurr.py took 0.044 seconds
