[2024-05-02T06:17:05.726+0000] {taskinstance.py:1979} INFO - Dependencies all met for dep_context=non-requeueable deps ti=<TaskInstance: download_rocket_launches.download_launches manual__2024-05-02T06:17:04.439851+00:00 [queued]>
[2024-05-02T06:17:05.735+0000] {taskinstance.py:1979} INFO - Dependencies all met for dep_context=requeueable deps ti=<TaskInstance: download_rocket_launches.download_launches manual__2024-05-02T06:17:04.439851+00:00 [queued]>
[2024-05-02T06:17:05.736+0000] {taskinstance.py:2193} INFO - Starting attempt 1 of 1
[2024-05-02T06:17:05.752+0000] {taskinstance.py:2217} INFO - Executing <Task(BashOperator): download_launches> on 2024-05-02 06:17:04.439851+00:00
[2024-05-02T06:17:05.761+0000] {standard_task_runner.py:60} INFO - Started process 235 to run task
[2024-05-02T06:17:05.763+0000] {standard_task_runner.py:87} INFO - Running: ['***', 'tasks', 'run', 'download_rocket_launches', 'download_launches', 'manual__2024-05-02T06:17:04.439851+00:00', '--job-id', '3', '--raw', '--subdir', 'DAGS_FOLDER/Example_dag.py', '--cfg-path', '/tmp/tmpwpu9fz8r']
[2024-05-02T06:17:05.765+0000] {standard_task_runner.py:88} INFO - Job 3: Subtask download_launches
[2024-05-02T06:17:05.812+0000] {task_command.py:423} INFO - Running <TaskInstance: download_rocket_launches.download_launches manual__2024-05-02T06:17:04.439851+00:00 [running]> on host 40e06e609a00
[2024-05-02T06:17:05.887+0000] {taskinstance.py:2513} INFO - Exporting env vars: AIRFLOW_CTX_DAG_OWNER='***' AIRFLOW_CTX_DAG_ID='download_rocket_launches' AIRFLOW_CTX_TASK_ID='download_launches' AIRFLOW_CTX_EXECUTION_DATE='2024-05-02T06:17:04.439851+00:00' AIRFLOW_CTX_TRY_NUMBER='1' AIRFLOW_CTX_DAG_RUN_ID='manual__2024-05-02T06:17:04.439851+00:00'
[2024-05-02T06:17:05.888+0000] {subprocess.py:63} INFO - Tmp dir root location: /tmp
[2024-05-02T06:17:05.889+0000] {subprocess.py:75} INFO - Running command: ['/usr/bin/bash', '-c', "curl -o /tmp/launches.json -L 'https://ll.thespacedevs.com/2.0.0/launch/upcoming'"]
[2024-05-02T06:17:05.898+0000] {subprocess.py:86} INFO - Output:
[2024-05-02T06:17:05.905+0000] {subprocess.py:93} INFO -   % Total    % Received % Xferd  Average Speed   Time    Time     Time  Current
[2024-05-02T06:17:05.906+0000] {subprocess.py:93} INFO -                                  Dload  Upload   Total   Spent    Left  Speed
[2024-05-02T06:17:07.628+0000] {subprocess.py:93} INFO -   0     0    0     0    0     0      0      0 --:--:-- --:--:-- --:--:--     0  0     0    0     0    0     0      0      0 --:--:--  0:00:01 --:--:--     0  0     0    0     0    0     0      0      0 --:--:--  0:00:01 --:--:--     0
[2024-05-02T06:17:09.243+0000] {subprocess.py:93} INFO -   0     0    0     0    0     0      0      0 --:--:--  0:00:02 --:--:--     0  5 26792    5  1360    0     0    426      0  0:01:02  0:00:03  0:00:59  2905100 26792  100 26792    0     0   8027      0  0:00:03  0:00:03 --:--:-- 43635
[2024-05-02T06:17:09.246+0000] {subprocess.py:97} INFO - Command exited with return code 0
[2024-05-02T06:17:09.272+0000] {taskinstance.py:1149} INFO - Marking task as SUCCESS. dag_id=download_rocket_launches, task_id=download_launches, execution_date=20240502T061704, start_date=20240502T061705, end_date=20240502T061709
[2024-05-02T06:17:09.316+0000] {local_task_job_runner.py:234} INFO - Task exited with return code 0
[2024-05-02T06:17:09.342+0000] {taskinstance.py:3312} INFO - 1 downstream tasks scheduled from follow-on schedule check
