[2024-04-24T09:44:28.074+0000] {taskinstance.py:1979} INFO - Dependencies all met for dep_context=non-requeueable deps ti=<TaskInstance: download_rocket_launches.download_launches manual__2024-04-24T09:44:27.583162+00:00 [queued]>
[2024-04-24T09:44:28.079+0000] {taskinstance.py:1979} INFO - Dependencies all met for dep_context=requeueable deps ti=<TaskInstance: download_rocket_launches.download_launches manual__2024-04-24T09:44:27.583162+00:00 [queued]>
[2024-04-24T09:44:28.079+0000] {taskinstance.py:2193} INFO - Starting attempt 1 of 1
[2024-04-24T09:44:28.087+0000] {taskinstance.py:2217} INFO - Executing <Task(BashOperator): download_launches> on 2024-04-24 09:44:27.583162+00:00
[2024-04-24T09:44:28.091+0000] {standard_task_runner.py:60} INFO - Started process 504 to run task
[2024-04-24T09:44:28.093+0000] {standard_task_runner.py:87} INFO - Running: ['***', 'tasks', 'run', 'download_rocket_launches', 'download_launches', 'manual__2024-04-24T09:44:27.583162+00:00', '--job-id', '16', '--raw', '--subdir', 'DAGS_FOLDER/Example_dag.py', '--cfg-path', '/tmp/tmpc7dqn7pm']
[2024-04-24T09:44:28.094+0000] {standard_task_runner.py:88} INFO - Job 16: Subtask download_launches
[2024-04-24T09:44:28.122+0000] {task_command.py:423} INFO - Running <TaskInstance: download_rocket_launches.download_launches manual__2024-04-24T09:44:27.583162+00:00 [running]> on host 99514668da53
[2024-04-24T09:44:28.160+0000] {taskinstance.py:2513} INFO - Exporting env vars: AIRFLOW_CTX_DAG_OWNER='***' AIRFLOW_CTX_DAG_ID='download_rocket_launches' AIRFLOW_CTX_TASK_ID='download_launches' AIRFLOW_CTX_EXECUTION_DATE='2024-04-24T09:44:27.583162+00:00' AIRFLOW_CTX_TRY_NUMBER='1' AIRFLOW_CTX_DAG_RUN_ID='manual__2024-04-24T09:44:27.583162+00:00'
[2024-04-24T09:44:28.161+0000] {subprocess.py:63} INFO - Tmp dir root location: /tmp
[2024-04-24T09:44:28.161+0000] {subprocess.py:75} INFO - Running command: ['/usr/bin/bash', '-c', "curl -o launches.json -L 'https://ll.thespacedevs.com/2.0.0/launch/upcoming'"]
[2024-04-24T09:44:28.166+0000] {subprocess.py:86} INFO - Output:
[2024-04-24T09:44:28.171+0000] {subprocess.py:93} INFO -   % Total    % Received % Xferd  Average Speed   Time    Time     Time  Current
[2024-04-24T09:44:28.171+0000] {subprocess.py:93} INFO -                                  Dload  Upload   Total   Spent    Left  Speed
[2024-04-24T09:44:29.582+0000] {subprocess.py:93} INFO -   0     0    0     0    0     0      0      0 --:--:-- --:--:-- --:--:--     0  0     0    0     0    0     0      0      0 --:--:-- --:--:-- --:--:--     0  0     0    0     0    0     0      0      0 --:--:--  0:00:01 --:--:--     0  0     0    0     0    0     0      0      0 --:--:--  0:00:01 --:--:--     0
[2024-04-24T09:44:30.910+0000] {subprocess.py:93} INFO -   0     0    0     0    0     0      0      0 --:--:--  0:00:02 --:--:--     0100 25873  100 25873    0     0   9444      0  0:00:02  0:00:02 --:--:-- 79122
[2024-04-24T09:44:30.911+0000] {subprocess.py:97} INFO - Command exited with return code 0
[2024-04-24T09:44:30.924+0000] {taskinstance.py:1149} INFO - Marking task as SUCCESS. dag_id=download_rocket_launches, task_id=download_launches, execution_date=20240424T094427, start_date=20240424T094428, end_date=20240424T094430
[2024-04-24T09:44:30.953+0000] {local_task_job_runner.py:234} INFO - Task exited with return code 0
[2024-04-24T09:44:30.966+0000] {taskinstance.py:3312} INFO - 1 downstream tasks scheduled from follow-on schedule check
