[2024-05-02T06:17:09.815+0000] {taskinstance.py:1979} INFO - Dependencies all met for dep_context=non-requeueable deps ti=<TaskInstance: download_rocket_launches.get_pictures manual__2024-05-02T06:17:04.439851+00:00 [queued]>
[2024-05-02T06:17:09.824+0000] {taskinstance.py:1979} INFO - Dependencies all met for dep_context=requeueable deps ti=<TaskInstance: download_rocket_launches.get_pictures manual__2024-05-02T06:17:04.439851+00:00 [queued]>
[2024-05-02T06:17:09.825+0000] {taskinstance.py:2193} INFO - Starting attempt 1 of 1
[2024-05-02T06:17:09.838+0000] {taskinstance.py:2217} INFO - Executing <Task(PythonOperator): get_pictures> on 2024-05-02 06:17:04.439851+00:00
[2024-05-02T06:17:09.845+0000] {standard_task_runner.py:60} INFO - Started process 239 to run task
[2024-05-02T06:17:09.848+0000] {standard_task_runner.py:87} INFO - Running: ['***', 'tasks', 'run', 'download_rocket_launches', 'get_pictures', 'manual__2024-05-02T06:17:04.439851+00:00', '--job-id', '4', '--raw', '--subdir', 'DAGS_FOLDER/Example_dag.py', '--cfg-path', '/tmp/tmpar8rt3ph']
[2024-05-02T06:17:09.849+0000] {standard_task_runner.py:88} INFO - Job 4: Subtask get_pictures
[2024-05-02T06:17:09.896+0000] {task_command.py:423} INFO - Running <TaskInstance: download_rocket_launches.get_pictures manual__2024-05-02T06:17:04.439851+00:00 [running]> on host 40e06e609a00
[2024-05-02T06:17:09.966+0000] {taskinstance.py:2513} INFO - Exporting env vars: AIRFLOW_CTX_DAG_OWNER='***' AIRFLOW_CTX_DAG_ID='download_rocket_launches' AIRFLOW_CTX_TASK_ID='get_pictures' AIRFLOW_CTX_EXECUTION_DATE='2024-05-02T06:17:04.439851+00:00' AIRFLOW_CTX_TRY_NUMBER='1' AIRFLOW_CTX_DAG_RUN_ID='manual__2024-05-02T06:17:04.439851+00:00'
[2024-05-02T06:17:09.968+0000] {logging_mixin.py:188} INFO - Current working directory: /opt/***
[2024-05-02T06:17:09.968+0000] {logging_mixin.py:188} INFO - Directories in the current directory:
[2024-05-02T06:17:09.969+0000] {logging_mixin.py:188} INFO - logs
[2024-05-02T06:17:09.969+0000] {logging_mixin.py:188} INFO - dags
[2024-05-02T06:17:09.970+0000] {logging_mixin.py:188} INFO - plugins
[2024-05-02T06:17:09.970+0000] {logging_mixin.py:188} INFO - images
[2024-05-02T06:17:09.971+0000] {logging_mixin.py:188} INFO - webserver_config.py
[2024-05-02T06:17:09.971+0000] {logging_mixin.py:188} INFO - config
[2024-05-02T06:17:09.972+0000] {logging_mixin.py:188} INFO - ***.cfg
[2024-05-02T06:17:13.391+0000] {logging_mixin.py:188} INFO - target file name === /opt/***/images/falcon_9_on_slc_image_20240502042935.jpeg
[2024-05-02T06:17:13.392+0000] {logging_mixin.py:188} INFO - Downloaded https://spacelaunchnow-prod-east.nyc3.digitaloceanspaces.com/media/images/falcon_9_on_slc_image_20240502042935.jpeg to /opt/***/images/falcon_9_on_slc_image_20240502042935.jpeg
[2024-05-02T06:17:16.369+0000] {logging_mixin.py:188} INFO - target file name === /opt/***/images/sr75_image_20230818080919.jpeg
[2024-05-02T06:17:16.370+0000] {logging_mixin.py:188} INFO - Downloaded https://spacelaunchnow-prod-east.nyc3.digitaloceanspaces.com/media/images/sr75_image_20230818080919.jpeg to /opt/***/images/sr75_image_20230818080919.jpeg
[2024-05-02T06:17:18.340+0000] {logging_mixin.py:188} INFO - target file name === /opt/***/images/falcon2520925_image_20221009234147.png
[2024-05-02T06:17:18.342+0000] {logging_mixin.py:188} INFO - Downloaded https://spacelaunchnow-prod-east.nyc3.digitaloceanspaces.com/media/images/falcon2520925_image_20221009234147.png to /opt/***/images/falcon2520925_image_20221009234147.png
[2024-05-02T06:17:20.040+0000] {logging_mixin.py:188} INFO - target file name === /opt/***/images/long_march_5_image_20231214064353.jpeg
[2024-05-02T06:17:20.042+0000] {logging_mixin.py:188} INFO - Downloaded https://spacelaunchnow-prod-east.nyc3.digitaloceanspaces.com/media/images/long_march_5_image_20231214064353.jpeg to /opt/***/images/long_march_5_image_20231214064353.jpeg
[2024-05-02T06:17:22.050+0000] {logging_mixin.py:188} INFO - target file name === /opt/***/images/falcon2520925_image_20221009234147.png
[2024-05-02T06:17:22.053+0000] {logging_mixin.py:188} INFO - Downloaded https://spacelaunchnow-prod-east.nyc3.digitaloceanspaces.com/media/images/falcon2520925_image_20221009234147.png to /opt/***/images/falcon2520925_image_20221009234147.png
[2024-05-02T06:17:24.030+0000] {logging_mixin.py:188} INFO - target file name === /opt/***/images/falcon2520925_image_20221009234147.png
[2024-05-02T06:17:24.032+0000] {logging_mixin.py:188} INFO - Downloaded https://spacelaunchnow-prod-east.nyc3.digitaloceanspaces.com/media/images/falcon2520925_image_20221009234147.png to /opt/***/images/falcon2520925_image_20221009234147.png
[2024-05-02T06:17:25.993+0000] {logging_mixin.py:188} INFO - target file name === /opt/***/images/atlas_v_n22_image_20210813082339.jpeg
[2024-05-02T06:17:25.994+0000] {logging_mixin.py:188} INFO - Downloaded https://spacelaunchnow-prod-east.nyc3.digitaloceanspaces.com/media/images/atlas_v_n22_image_20210813082339.jpeg to /opt/***/images/atlas_v_n22_image_20210813082339.jpeg
[2024-05-02T06:17:27.953+0000] {logging_mixin.py:188} INFO - target file name === /opt/***/images/falcon2520925_image_20221009234147.png
[2024-05-02T06:17:27.955+0000] {logging_mixin.py:188} INFO - Downloaded https://spacelaunchnow-prod-east.nyc3.digitaloceanspaces.com/media/images/falcon2520925_image_20221009234147.png to /opt/***/images/falcon2520925_image_20221009234147.png
[2024-05-02T06:17:29.855+0000] {logging_mixin.py:188} INFO - target file name === /opt/***/images/falcon_9_image_20230807133459.jpeg
[2024-05-02T06:17:29.856+0000] {logging_mixin.py:188} INFO - Downloaded https://spacelaunchnow-prod-east.nyc3.digitaloceanspaces.com/media/images/falcon_9_image_20230807133459.jpeg to /opt/***/images/falcon_9_image_20230807133459.jpeg
[2024-05-02T06:17:31.803+0000] {logging_mixin.py:188} INFO - target file name === /opt/***/images/electron_image_20190705175640.jpeg
[2024-05-02T06:17:31.804+0000] {logging_mixin.py:188} INFO - Downloaded https://spacelaunchnow-prod-east.nyc3.digitaloceanspaces.com/media/images/electron_image_20190705175640.jpeg to /opt/***/images/electron_image_20190705175640.jpeg
[2024-05-02T06:17:31.807+0000] {python.py:202} INFO - Done. Returned value was: None
[2024-05-02T06:17:31.817+0000] {taskinstance.py:1149} INFO - Marking task as SUCCESS. dag_id=download_rocket_launches, task_id=get_pictures, execution_date=20240502T061704, start_date=20240502T061709, end_date=20240502T061731
[2024-05-02T06:17:31.872+0000] {local_task_job_runner.py:234} INFO - Task exited with return code 0
[2024-05-02T06:17:31.891+0000] {taskinstance.py:3312} INFO - 1 downstream tasks scheduled from follow-on schedule check
