[2024-05-02T06:11:16.765+0000] {processor.py:161} INFO - Started process (PID=139) to work on /opt/airflow/dags/Example_dag.py
[2024-05-02T06:11:16.766+0000] {processor.py:830} INFO - Processing file /opt/airflow/dags/Example_dag.py for tasks to queue
[2024-05-02T06:11:16.768+0000] {logging_mixin.py:188} INFO - [2024-05-02T06:11:16.767+0000] {dagbag.py:540} INFO - Filling up the DagBag from /opt/airflow/dags/Example_dag.py
[2024-05-02T06:11:16.789+0000] {processor.py:840} INFO - DAG(s) 'download_rocket_launches' retrieved from /opt/airflow/dags/Example_dag.py
[2024-05-02T06:11:16.814+0000] {logging_mixin.py:188} INFO - [2024-05-02T06:11:16.813+0000] {dag.py:3047} INFO - Sync 1 DAGs
[2024-05-02T06:11:16.825+0000] {logging_mixin.py:188} INFO - [2024-05-02T06:11:16.825+0000] {dag.py:3834} INFO - Setting next_dagrun for download_rocket_launches to None, run_after=None
[2024-05-02T06:11:16.847+0000] {processor.py:183} INFO - Processing /opt/airflow/dags/Example_dag.py took 0.084 seconds
[2024-05-02T06:11:47.007+0000] {processor.py:161} INFO - Started process (PID=147) to work on /opt/airflow/dags/Example_dag.py
[2024-05-02T06:11:47.007+0000] {processor.py:830} INFO - Processing file /opt/airflow/dags/Example_dag.py for tasks to queue
[2024-05-02T06:11:47.009+0000] {logging_mixin.py:188} INFO - [2024-05-02T06:11:47.008+0000] {dagbag.py:540} INFO - Filling up the DagBag from /opt/airflow/dags/Example_dag.py
[2024-05-02T06:11:47.023+0000] {processor.py:840} INFO - DAG(s) 'download_rocket_launches' retrieved from /opt/airflow/dags/Example_dag.py
[2024-05-02T06:11:47.046+0000] {logging_mixin.py:188} INFO - [2024-05-02T06:11:47.045+0000] {dag.py:3047} INFO - Sync 1 DAGs
[2024-05-02T06:11:47.062+0000] {logging_mixin.py:188} INFO - [2024-05-02T06:11:47.061+0000] {dag.py:3834} INFO - Setting next_dagrun for download_rocket_launches to None, run_after=None
[2024-05-02T06:11:47.087+0000] {processor.py:183} INFO - Processing /opt/airflow/dags/Example_dag.py took 0.083 seconds
[2024-05-02T06:12:17.303+0000] {processor.py:161} INFO - Started process (PID=155) to work on /opt/airflow/dags/Example_dag.py
[2024-05-02T06:12:17.304+0000] {processor.py:830} INFO - Processing file /opt/airflow/dags/Example_dag.py for tasks to queue
[2024-05-02T06:12:17.305+0000] {logging_mixin.py:188} INFO - [2024-05-02T06:12:17.305+0000] {dagbag.py:540} INFO - Filling up the DagBag from /opt/airflow/dags/Example_dag.py
[2024-05-02T06:12:17.322+0000] {processor.py:840} INFO - DAG(s) 'download_rocket_launches' retrieved from /opt/airflow/dags/Example_dag.py
[2024-05-02T06:12:17.346+0000] {logging_mixin.py:188} INFO - [2024-05-02T06:12:17.345+0000] {dag.py:3047} INFO - Sync 1 DAGs
[2024-05-02T06:12:17.359+0000] {logging_mixin.py:188} INFO - [2024-05-02T06:12:17.358+0000] {dag.py:3834} INFO - Setting next_dagrun for download_rocket_launches to None, run_after=None
[2024-05-02T06:12:17.383+0000] {processor.py:183} INFO - Processing /opt/airflow/dags/Example_dag.py took 0.082 seconds
[2024-05-02T06:12:47.641+0000] {processor.py:161} INFO - Started process (PID=163) to work on /opt/airflow/dags/Example_dag.py
[2024-05-02T06:12:47.641+0000] {processor.py:830} INFO - Processing file /opt/airflow/dags/Example_dag.py for tasks to queue
[2024-05-02T06:12:47.643+0000] {logging_mixin.py:188} INFO - [2024-05-02T06:12:47.643+0000] {dagbag.py:540} INFO - Filling up the DagBag from /opt/airflow/dags/Example_dag.py
[2024-05-02T06:12:47.658+0000] {processor.py:840} INFO - DAG(s) 'download_rocket_launches' retrieved from /opt/airflow/dags/Example_dag.py
[2024-05-02T06:12:47.679+0000] {logging_mixin.py:188} INFO - [2024-05-02T06:12:47.679+0000] {dag.py:3047} INFO - Sync 1 DAGs
[2024-05-02T06:12:47.689+0000] {logging_mixin.py:188} INFO - [2024-05-02T06:12:47.689+0000] {dag.py:3834} INFO - Setting next_dagrun for download_rocket_launches to None, run_after=None
[2024-05-02T06:12:47.711+0000] {processor.py:183} INFO - Processing /opt/airflow/dags/Example_dag.py took 0.073 seconds
[2024-05-02T06:13:17.967+0000] {processor.py:161} INFO - Started process (PID=171) to work on /opt/airflow/dags/Example_dag.py
[2024-05-02T06:13:17.968+0000] {processor.py:830} INFO - Processing file /opt/airflow/dags/Example_dag.py for tasks to queue
[2024-05-02T06:13:17.969+0000] {logging_mixin.py:188} INFO - [2024-05-02T06:13:17.969+0000] {dagbag.py:540} INFO - Filling up the DagBag from /opt/airflow/dags/Example_dag.py
[2024-05-02T06:13:17.983+0000] {processor.py:840} INFO - DAG(s) 'download_rocket_launches' retrieved from /opt/airflow/dags/Example_dag.py
[2024-05-02T06:13:18.006+0000] {logging_mixin.py:188} INFO - [2024-05-02T06:13:18.006+0000] {dag.py:3047} INFO - Sync 1 DAGs
[2024-05-02T06:13:18.019+0000] {logging_mixin.py:188} INFO - [2024-05-02T06:13:18.018+0000] {dag.py:3834} INFO - Setting next_dagrun for download_rocket_launches to None, run_after=None
[2024-05-02T06:13:18.042+0000] {processor.py:183} INFO - Processing /opt/airflow/dags/Example_dag.py took 0.077 seconds
[2024-05-02T06:13:48.213+0000] {processor.py:161} INFO - Started process (PID=179) to work on /opt/airflow/dags/Example_dag.py
[2024-05-02T06:13:48.214+0000] {processor.py:830} INFO - Processing file /opt/airflow/dags/Example_dag.py for tasks to queue
[2024-05-02T06:13:48.215+0000] {logging_mixin.py:188} INFO - [2024-05-02T06:13:48.215+0000] {dagbag.py:540} INFO - Filling up the DagBag from /opt/airflow/dags/Example_dag.py
[2024-05-02T06:13:48.229+0000] {processor.py:840} INFO - DAG(s) 'download_rocket_launches' retrieved from /opt/airflow/dags/Example_dag.py
[2024-05-02T06:13:48.253+0000] {logging_mixin.py:188} INFO - [2024-05-02T06:13:48.252+0000] {dag.py:3047} INFO - Sync 1 DAGs
[2024-05-02T06:13:48.265+0000] {logging_mixin.py:188} INFO - [2024-05-02T06:13:48.265+0000] {dag.py:3834} INFO - Setting next_dagrun for download_rocket_launches to None, run_after=None
[2024-05-02T06:13:48.286+0000] {processor.py:183} INFO - Processing /opt/airflow/dags/Example_dag.py took 0.075 seconds
[2024-05-02T06:14:18.486+0000] {processor.py:161} INFO - Started process (PID=187) to work on /opt/airflow/dags/Example_dag.py
[2024-05-02T06:14:18.487+0000] {processor.py:830} INFO - Processing file /opt/airflow/dags/Example_dag.py for tasks to queue
[2024-05-02T06:14:18.488+0000] {logging_mixin.py:188} INFO - [2024-05-02T06:14:18.488+0000] {dagbag.py:540} INFO - Filling up the DagBag from /opt/airflow/dags/Example_dag.py
[2024-05-02T06:14:18.502+0000] {processor.py:840} INFO - DAG(s) 'download_rocket_launches' retrieved from /opt/airflow/dags/Example_dag.py
[2024-05-02T06:14:18.522+0000] {logging_mixin.py:188} INFO - [2024-05-02T06:14:18.521+0000] {dag.py:3047} INFO - Sync 1 DAGs
[2024-05-02T06:14:18.533+0000] {logging_mixin.py:188} INFO - [2024-05-02T06:14:18.532+0000] {dag.py:3834} INFO - Setting next_dagrun for download_rocket_launches to None, run_after=None
[2024-05-02T06:14:18.554+0000] {processor.py:183} INFO - Processing /opt/airflow/dags/Example_dag.py took 0.070 seconds
[2024-05-02T06:14:48.812+0000] {processor.py:161} INFO - Started process (PID=195) to work on /opt/airflow/dags/Example_dag.py
[2024-05-02T06:14:48.813+0000] {processor.py:830} INFO - Processing file /opt/airflow/dags/Example_dag.py for tasks to queue
[2024-05-02T06:14:48.815+0000] {logging_mixin.py:188} INFO - [2024-05-02T06:14:48.814+0000] {dagbag.py:540} INFO - Filling up the DagBag from /opt/airflow/dags/Example_dag.py
[2024-05-02T06:14:48.833+0000] {processor.py:840} INFO - DAG(s) 'download_rocket_launches' retrieved from /opt/airflow/dags/Example_dag.py
[2024-05-02T06:14:48.856+0000] {logging_mixin.py:188} INFO - [2024-05-02T06:14:48.856+0000] {dag.py:3047} INFO - Sync 1 DAGs
[2024-05-02T06:14:48.868+0000] {logging_mixin.py:188} INFO - [2024-05-02T06:14:48.868+0000] {dag.py:3834} INFO - Setting next_dagrun for download_rocket_launches to None, run_after=None
[2024-05-02T06:14:48.893+0000] {processor.py:183} INFO - Processing /opt/airflow/dags/Example_dag.py took 0.083 seconds
[2024-05-02T06:15:19.091+0000] {processor.py:161} INFO - Started process (PID=203) to work on /opt/airflow/dags/Example_dag.py
[2024-05-02T06:15:19.092+0000] {processor.py:830} INFO - Processing file /opt/airflow/dags/Example_dag.py for tasks to queue
[2024-05-02T06:15:19.093+0000] {logging_mixin.py:188} INFO - [2024-05-02T06:15:19.093+0000] {dagbag.py:540} INFO - Filling up the DagBag from /opt/airflow/dags/Example_dag.py
[2024-05-02T06:15:19.106+0000] {processor.py:840} INFO - DAG(s) 'download_rocket_launches' retrieved from /opt/airflow/dags/Example_dag.py
[2024-05-02T06:15:19.129+0000] {logging_mixin.py:188} INFO - [2024-05-02T06:15:19.129+0000] {dag.py:3047} INFO - Sync 1 DAGs
[2024-05-02T06:15:19.140+0000] {logging_mixin.py:188} INFO - [2024-05-02T06:15:19.140+0000] {dag.py:3834} INFO - Setting next_dagrun for download_rocket_launches to None, run_after=None
[2024-05-02T06:15:19.161+0000] {processor.py:183} INFO - Processing /opt/airflow/dags/Example_dag.py took 0.073 seconds
