[2024-05-02T06:11:16.754+0000] {processor.py:161} INFO - Started process (PID=138) to work on /opt/airflow/dags/my_first_dag.py
[2024-05-02T06:11:16.755+0000] {processor.py:830} INFO - Processing file /opt/airflow/dags/my_first_dag.py for tasks to queue
[2024-05-02T06:11:16.757+0000] {logging_mixin.py:188} INFO - [2024-05-02T06:11:16.757+0000] {dagbag.py:540} INFO - Filling up the DagBag from /opt/airflow/dags/my_first_dag.py
[2024-05-02T06:11:16.782+0000] {processor.py:840} INFO - DAG(s) 'my_first_task_with_apache_airflow' retrieved from /opt/airflow/dags/my_first_dag.py
[2024-05-02T06:11:16.807+0000] {logging_mixin.py:188} INFO - [2024-05-02T06:11:16.807+0000] {dag.py:3047} INFO - Sync 1 DAGs
[2024-05-02T06:11:16.827+0000] {logging_mixin.py:188} INFO - [2024-05-02T06:11:16.827+0000] {dag.py:3834} INFO - Setting next_dagrun for my_first_task_with_apache_airflow to 2024-04-24 00:00:00+00:00, run_after=2024-04-25 00:00:00+00:00
[2024-05-02T06:11:16.848+0000] {processor.py:183} INFO - Processing /opt/airflow/dags/my_first_dag.py took 0.096 seconds
[2024-05-02T06:11:46.995+0000] {processor.py:161} INFO - Started process (PID=146) to work on /opt/airflow/dags/my_first_dag.py
[2024-05-02T06:11:46.997+0000] {processor.py:830} INFO - Processing file /opt/airflow/dags/my_first_dag.py for tasks to queue
[2024-05-02T06:11:46.998+0000] {logging_mixin.py:188} INFO - [2024-05-02T06:11:46.998+0000] {dagbag.py:540} INFO - Filling up the DagBag from /opt/airflow/dags/my_first_dag.py
[2024-05-02T06:11:47.016+0000] {processor.py:840} INFO - DAG(s) 'my_first_task_with_apache_airflow' retrieved from /opt/airflow/dags/my_first_dag.py
[2024-05-02T06:11:47.039+0000] {logging_mixin.py:188} INFO - [2024-05-02T06:11:47.038+0000] {dag.py:3047} INFO - Sync 1 DAGs
[2024-05-02T06:11:47.063+0000] {logging_mixin.py:188} INFO - [2024-05-02T06:11:47.063+0000] {dag.py:3834} INFO - Setting next_dagrun for my_first_task_with_apache_airflow to 2024-04-24 00:00:00+00:00, run_after=2024-04-25 00:00:00+00:00
[2024-05-02T06:11:47.086+0000] {processor.py:183} INFO - Processing /opt/airflow/dags/my_first_dag.py took 0.094 seconds
[2024-05-02T06:12:17.293+0000] {processor.py:161} INFO - Started process (PID=154) to work on /opt/airflow/dags/my_first_dag.py
[2024-05-02T06:12:17.295+0000] {processor.py:830} INFO - Processing file /opt/airflow/dags/my_first_dag.py for tasks to queue
[2024-05-02T06:12:17.298+0000] {logging_mixin.py:188} INFO - [2024-05-02T06:12:17.298+0000] {dagbag.py:540} INFO - Filling up the DagBag from /opt/airflow/dags/my_first_dag.py
[2024-05-02T06:12:17.320+0000] {processor.py:840} INFO - DAG(s) 'my_first_task_with_apache_airflow' retrieved from /opt/airflow/dags/my_first_dag.py
[2024-05-02T06:12:17.346+0000] {logging_mixin.py:188} INFO - [2024-05-02T06:12:17.345+0000] {dag.py:3047} INFO - Sync 1 DAGs
[2024-05-02T06:12:17.369+0000] {logging_mixin.py:188} INFO - [2024-05-02T06:12:17.368+0000] {dag.py:3834} INFO - Setting next_dagrun for my_first_task_with_apache_airflow to 2024-04-24 00:00:00+00:00, run_after=2024-04-25 00:00:00+00:00
[2024-05-02T06:12:17.389+0000] {processor.py:183} INFO - Processing /opt/airflow/dags/my_first_dag.py took 0.099 seconds
[2024-05-02T06:12:47.631+0000] {processor.py:161} INFO - Started process (PID=162) to work on /opt/airflow/dags/my_first_dag.py
[2024-05-02T06:12:47.632+0000] {processor.py:830} INFO - Processing file /opt/airflow/dags/my_first_dag.py for tasks to queue
[2024-05-02T06:12:47.634+0000] {logging_mixin.py:188} INFO - [2024-05-02T06:12:47.634+0000] {dagbag.py:540} INFO - Filling up the DagBag from /opt/airflow/dags/my_first_dag.py
[2024-05-02T06:12:47.652+0000] {processor.py:840} INFO - DAG(s) 'my_first_task_with_apache_airflow' retrieved from /opt/airflow/dags/my_first_dag.py
[2024-05-02T06:12:47.675+0000] {logging_mixin.py:188} INFO - [2024-05-02T06:12:47.675+0000] {dag.py:3047} INFO - Sync 1 DAGs
[2024-05-02T06:12:47.697+0000] {logging_mixin.py:188} INFO - [2024-05-02T06:12:47.696+0000] {dag.py:3834} INFO - Setting next_dagrun for my_first_task_with_apache_airflow to 2024-04-24 00:00:00+00:00, run_after=2024-04-25 00:00:00+00:00
[2024-05-02T06:12:47.717+0000] {processor.py:183} INFO - Processing /opt/airflow/dags/my_first_dag.py took 0.089 seconds
[2024-05-02T06:13:17.958+0000] {processor.py:161} INFO - Started process (PID=170) to work on /opt/airflow/dags/my_first_dag.py
[2024-05-02T06:13:17.959+0000] {processor.py:830} INFO - Processing file /opt/airflow/dags/my_first_dag.py for tasks to queue
[2024-05-02T06:13:17.962+0000] {logging_mixin.py:188} INFO - [2024-05-02T06:13:17.961+0000] {dagbag.py:540} INFO - Filling up the DagBag from /opt/airflow/dags/my_first_dag.py
[2024-05-02T06:13:17.976+0000] {processor.py:840} INFO - DAG(s) 'my_first_task_with_apache_airflow' retrieved from /opt/airflow/dags/my_first_dag.py
[2024-05-02T06:13:18.000+0000] {logging_mixin.py:188} INFO - [2024-05-02T06:13:17.999+0000] {dag.py:3047} INFO - Sync 1 DAGs
[2024-05-02T06:13:18.021+0000] {logging_mixin.py:188} INFO - [2024-05-02T06:13:18.020+0000] {dag.py:3834} INFO - Setting next_dagrun for my_first_task_with_apache_airflow to 2024-04-24 00:00:00+00:00, run_after=2024-04-25 00:00:00+00:00
[2024-05-02T06:13:18.042+0000] {processor.py:183} INFO - Processing /opt/airflow/dags/my_first_dag.py took 0.087 seconds
[2024-05-02T06:13:48.203+0000] {processor.py:161} INFO - Started process (PID=178) to work on /opt/airflow/dags/my_first_dag.py
[2024-05-02T06:13:48.204+0000] {processor.py:830} INFO - Processing file /opt/airflow/dags/my_first_dag.py for tasks to queue
[2024-05-02T06:13:48.206+0000] {logging_mixin.py:188} INFO - [2024-05-02T06:13:48.206+0000] {dagbag.py:540} INFO - Filling up the DagBag from /opt/airflow/dags/my_first_dag.py
[2024-05-02T06:13:48.223+0000] {processor.py:840} INFO - DAG(s) 'my_first_task_with_apache_airflow' retrieved from /opt/airflow/dags/my_first_dag.py
[2024-05-02T06:13:48.247+0000] {logging_mixin.py:188} INFO - [2024-05-02T06:13:48.246+0000] {dag.py:3047} INFO - Sync 1 DAGs
[2024-05-02T06:13:48.267+0000] {logging_mixin.py:188} INFO - [2024-05-02T06:13:48.266+0000] {dag.py:3834} INFO - Setting next_dagrun for my_first_task_with_apache_airflow to 2024-04-24 00:00:00+00:00, run_after=2024-04-25 00:00:00+00:00
[2024-05-02T06:13:48.288+0000] {processor.py:183} INFO - Processing /opt/airflow/dags/my_first_dag.py took 0.088 seconds
[2024-05-02T06:14:18.477+0000] {processor.py:161} INFO - Started process (PID=186) to work on /opt/airflow/dags/my_first_dag.py
[2024-05-02T06:14:18.479+0000] {processor.py:830} INFO - Processing file /opt/airflow/dags/my_first_dag.py for tasks to queue
[2024-05-02T06:14:18.480+0000] {logging_mixin.py:188} INFO - [2024-05-02T06:14:18.480+0000] {dagbag.py:540} INFO - Filling up the DagBag from /opt/airflow/dags/my_first_dag.py
[2024-05-02T06:14:18.498+0000] {processor.py:840} INFO - DAG(s) 'my_first_task_with_apache_airflow' retrieved from /opt/airflow/dags/my_first_dag.py
[2024-05-02T06:14:18.522+0000] {logging_mixin.py:188} INFO - [2024-05-02T06:14:18.521+0000] {dag.py:3047} INFO - Sync 1 DAGs
[2024-05-02T06:14:18.541+0000] {logging_mixin.py:188} INFO - [2024-05-02T06:14:18.541+0000] {dag.py:3834} INFO - Setting next_dagrun for my_first_task_with_apache_airflow to 2024-04-24 00:00:00+00:00, run_after=2024-04-25 00:00:00+00:00
[2024-05-02T06:14:18.563+0000] {processor.py:183} INFO - Processing /opt/airflow/dags/my_first_dag.py took 0.089 seconds
[2024-05-02T06:14:48.803+0000] {processor.py:161} INFO - Started process (PID=194) to work on /opt/airflow/dags/my_first_dag.py
[2024-05-02T06:14:48.805+0000] {processor.py:830} INFO - Processing file /opt/airflow/dags/my_first_dag.py for tasks to queue
[2024-05-02T06:14:48.807+0000] {logging_mixin.py:188} INFO - [2024-05-02T06:14:48.807+0000] {dagbag.py:540} INFO - Filling up the DagBag from /opt/airflow/dags/my_first_dag.py
[2024-05-02T06:14:48.826+0000] {processor.py:840} INFO - DAG(s) 'my_first_task_with_apache_airflow' retrieved from /opt/airflow/dags/my_first_dag.py
[2024-05-02T06:14:48.851+0000] {logging_mixin.py:188} INFO - [2024-05-02T06:14:48.851+0000] {dag.py:3047} INFO - Sync 1 DAGs
[2024-05-02T06:14:48.874+0000] {logging_mixin.py:188} INFO - [2024-05-02T06:14:48.873+0000] {dag.py:3834} INFO - Setting next_dagrun for my_first_task_with_apache_airflow to 2024-04-24 00:00:00+00:00, run_after=2024-04-25 00:00:00+00:00
[2024-05-02T06:14:48.893+0000] {processor.py:183} INFO - Processing /opt/airflow/dags/my_first_dag.py took 0.093 seconds
[2024-05-02T06:15:19.080+0000] {processor.py:161} INFO - Started process (PID=202) to work on /opt/airflow/dags/my_first_dag.py
[2024-05-02T06:15:19.081+0000] {processor.py:830} INFO - Processing file /opt/airflow/dags/my_first_dag.py for tasks to queue
[2024-05-02T06:15:19.083+0000] {logging_mixin.py:188} INFO - [2024-05-02T06:15:19.082+0000] {dagbag.py:540} INFO - Filling up the DagBag from /opt/airflow/dags/my_first_dag.py
[2024-05-02T06:15:19.100+0000] {processor.py:840} INFO - DAG(s) 'my_first_task_with_apache_airflow' retrieved from /opt/airflow/dags/my_first_dag.py
[2024-05-02T06:15:19.124+0000] {logging_mixin.py:188} INFO - [2024-05-02T06:15:19.124+0000] {dag.py:3047} INFO - Sync 1 DAGs
[2024-05-02T06:15:19.144+0000] {logging_mixin.py:188} INFO - [2024-05-02T06:15:19.143+0000] {dag.py:3834} INFO - Setting next_dagrun for my_first_task_with_apache_airflow to 2024-04-24 00:00:00+00:00, run_after=2024-04-25 00:00:00+00:00
[2024-05-02T06:15:19.166+0000] {processor.py:183} INFO - Processing /opt/airflow/dags/my_first_dag.py took 0.088 seconds
