[2024-04-24T09:36:37.522+0000] {taskinstance.py:1979} INFO - Dependencies all met for dep_context=non-requeueable deps ti=<TaskInstance: download_rocket_launches.download_launches manual__2024-04-24T09:36:36.759557+00:00 [queued]>
[2024-04-24T09:36:37.526+0000] {taskinstance.py:1979} INFO - Dependencies all met for dep_context=requeueable deps ti=<TaskInstance: download_rocket_launches.download_launches manual__2024-04-24T09:36:36.759557+00:00 [queued]>
[2024-04-24T09:36:37.526+0000] {taskinstance.py:2193} INFO - Starting attempt 1 of 1
[2024-04-24T09:36:37.533+0000] {taskinstance.py:2217} INFO - Executing <Task(BashOperator): download_launches> on 2024-04-24 09:36:36.759557+00:00
[2024-04-24T09:36:37.537+0000] {standard_task_runner.py:60} INFO - Started process 356 to run task
[2024-04-24T09:36:37.539+0000] {standard_task_runner.py:87} INFO - Running: ['***', 'tasks', 'run', 'download_rocket_launches', 'download_launches', 'manual__2024-04-24T09:36:36.759557+00:00', '--job-id', '12', '--raw', '--subdir', 'DAGS_FOLDER/Example_dag.py', '--cfg-path', '/tmp/tmp38c9h9m5']
[2024-04-24T09:36:37.539+0000] {standard_task_runner.py:88} INFO - Job 12: Subtask download_launches
[2024-04-24T09:36:37.563+0000] {task_command.py:423} INFO - Running <TaskInstance: download_rocket_launches.download_launches manual__2024-04-24T09:36:36.759557+00:00 [running]> on host 99514668da53
[2024-04-24T09:36:37.597+0000] {taskinstance.py:2513} INFO - Exporting env vars: AIRFLOW_CTX_DAG_OWNER='***' AIRFLOW_CTX_DAG_ID='download_rocket_launches' AIRFLOW_CTX_TASK_ID='download_launches' AIRFLOW_CTX_EXECUTION_DATE='2024-04-24T09:36:36.759557+00:00' AIRFLOW_CTX_TRY_NUMBER='1' AIRFLOW_CTX_DAG_RUN_ID='manual__2024-04-24T09:36:36.759557+00:00'
[2024-04-24T09:36:37.598+0000] {subprocess.py:63} INFO - Tmp dir root location: /tmp
[2024-04-24T09:36:37.598+0000] {subprocess.py:75} INFO - Running command: ['/usr/bin/bash', '-c', "curl -o launches.json -L 'https://ll.thespacedevs.com/2.0.0/launch/upcoming'"]
[2024-04-24T09:36:37.604+0000] {subprocess.py:86} INFO - Output:
[2024-04-24T09:36:37.608+0000] {subprocess.py:93} INFO -   % Total    % Received % Xferd  Average Speed   Time    Time     Time  Current
[2024-04-24T09:36:37.609+0000] {subprocess.py:93} INFO -                                  Dload  Upload   Total   Spent    Left  Speed
[2024-04-24T09:36:38.765+0000] {subprocess.py:93} INFO -   0     0    0     0    0     0      0      0 --:--:-- --:--:-- --:--:--     0  0     0    0     0    0     0      0      0 --:--:--  0:00:01 --:--:--     0  0     0    0     0    0     0      0      0 --:--:--  0:00:01 --:--:--     0
[2024-04-24T09:36:40.097+0000] {subprocess.py:93} INFO -   0     0    0     0    0     0      0      0 --:--:--  0:00:02 --:--:--     0100 25873  100 25873    0     0  10398      0  0:00:02  0:00:02 --:--:-- 78403
[2024-04-24T09:36:40.098+0000] {subprocess.py:97} INFO - Command exited with return code 0
[2024-04-24T09:36:40.111+0000] {taskinstance.py:1149} INFO - Marking task as SUCCESS. dag_id=download_rocket_launches, task_id=download_launches, execution_date=20240424T093636, start_date=20240424T093637, end_date=20240424T093640
[2024-04-24T09:36:40.157+0000] {local_task_job_runner.py:234} INFO - Task exited with return code 0
[2024-04-24T09:36:40.171+0000] {taskinstance.py:3312} INFO - 1 downstream tasks scheduled from follow-on schedule check
