[2024-04-24T10:06:51.255+0000] {taskinstance.py:1979} INFO - Dependencies all met for dep_context=non-requeueable deps ti=<TaskInstance: download_rocket_launches.download_launches manual__2024-04-24T10:06:50.495344+00:00 [queued]>
[2024-04-24T10:06:51.260+0000] {taskinstance.py:1979} INFO - Dependencies all met for dep_context=requeueable deps ti=<TaskInstance: download_rocket_launches.download_launches manual__2024-04-24T10:06:50.495344+00:00 [queued]>
[2024-04-24T10:06:51.260+0000] {taskinstance.py:2193} INFO - Starting attempt 1 of 1
[2024-04-24T10:06:51.267+0000] {taskinstance.py:2217} INFO - Executing <Task(BashOperator): download_launches> on 2024-04-24 10:06:50.495344+00:00
[2024-04-24T10:06:51.272+0000] {standard_task_runner.py:60} INFO - Started process 1267 to run task
[2024-04-24T10:06:51.274+0000] {standard_task_runner.py:87} INFO - Running: ['***', 'tasks', 'run', 'download_rocket_launches', 'download_launches', 'manual__2024-04-24T10:06:50.495344+00:00', '--job-id', '27', '--raw', '--subdir', 'DAGS_FOLDER/Example_dag.py', '--cfg-path', '/tmp/tmp55usbxpx']
[2024-04-24T10:06:51.274+0000] {standard_task_runner.py:88} INFO - Job 27: Subtask download_launches
[2024-04-24T10:06:51.300+0000] {task_command.py:423} INFO - Running <TaskInstance: download_rocket_launches.download_launches manual__2024-04-24T10:06:50.495344+00:00 [running]> on host 99514668da53
[2024-04-24T10:06:51.336+0000] {taskinstance.py:2513} INFO - Exporting env vars: AIRFLOW_CTX_DAG_OWNER='***' AIRFLOW_CTX_DAG_ID='download_rocket_launches' AIRFLOW_CTX_TASK_ID='download_launches' AIRFLOW_CTX_EXECUTION_DATE='2024-04-24T10:06:50.495344+00:00' AIRFLOW_CTX_TRY_NUMBER='1' AIRFLOW_CTX_DAG_RUN_ID='manual__2024-04-24T10:06:50.495344+00:00'
[2024-04-24T10:06:51.337+0000] {subprocess.py:63} INFO - Tmp dir root location: /tmp
[2024-04-24T10:06:51.338+0000] {subprocess.py:75} INFO - Running command: ['/usr/bin/bash', '-c', "curl -o /tmp/launches.json -L 'https://ll.thespacedevs.com/2.0.0/launch/upcoming'"]
[2024-04-24T10:06:51.344+0000] {subprocess.py:86} INFO - Output:
[2024-04-24T10:06:51.348+0000] {subprocess.py:93} INFO -   % Total    % Received % Xferd  Average Speed   Time    Time     Time  Current
[2024-04-24T10:06:51.348+0000] {subprocess.py:93} INFO -                                  Dload  Upload   Total   Spent    Left  Speed
[2024-04-24T10:06:52.928+0000] {subprocess.py:93} INFO -   0     0    0     0    0     0      0      0 --:--:-- --:--:-- --:--:--     0  0     0    0     0    0     0      0      0 --:--:--  0:00:01 --:--:--     0  0     0    0     0    0     0      0      0 --:--:--  0:00:01 --:--:--     0
[2024-04-24T10:06:54.325+0000] {subprocess.py:93} INFO -   0     0    0     0    0     0      0      0 --:--:--  0:00:02 --:--:--     0100 25873  100 25873    0     0   8690      0  0:00:02  0:00:02 --:--:-- 65171100 25873  100 25873    0     0   8690      0  0:00:02  0:00:02 --:--:-- 65171
[2024-04-24T10:06:54.326+0000] {subprocess.py:97} INFO - Command exited with return code 0
[2024-04-24T10:06:54.340+0000] {taskinstance.py:1149} INFO - Marking task as SUCCESS. dag_id=download_rocket_launches, task_id=download_launches, execution_date=20240424T100650, start_date=20240424T100651, end_date=20240424T100654
[2024-04-24T10:06:54.373+0000] {local_task_job_runner.py:234} INFO - Task exited with return code 0
[2024-04-24T10:06:54.387+0000] {taskinstance.py:3312} INFO - 1 downstream tasks scheduled from follow-on schedule check
