[2024-04-24T09:51:53.506+0000] {taskinstance.py:1979} INFO - Dependencies all met for dep_context=non-requeueable deps ti=<TaskInstance: download_rocket_launches.download_launches manual__2024-04-24T09:51:52.895916+00:00 [queued]>
[2024-04-24T09:51:53.511+0000] {taskinstance.py:1979} INFO - Dependencies all met for dep_context=requeueable deps ti=<TaskInstance: download_rocket_launches.download_launches manual__2024-04-24T09:51:52.895916+00:00 [queued]>
[2024-04-24T09:51:53.511+0000] {taskinstance.py:2193} INFO - Starting attempt 1 of 1
[2024-04-24T09:51:53.518+0000] {taskinstance.py:2217} INFO - Executing <Task(BashOperator): download_launches> on 2024-04-24 09:51:52.895916+00:00
[2024-04-24T09:51:53.523+0000] {standard_task_runner.py:60} INFO - Started process 632 to run task
[2024-04-24T09:51:53.525+0000] {standard_task_runner.py:87} INFO - Running: ['***', 'tasks', 'run', 'download_rocket_launches', 'download_launches', 'manual__2024-04-24T09:51:52.895916+00:00', '--job-id', '21', '--raw', '--subdir', 'DAGS_FOLDER/Example_dag.py', '--cfg-path', '/tmp/tmpc9jkc6lb']
[2024-04-24T09:51:53.525+0000] {standard_task_runner.py:88} INFO - Job 21: Subtask download_launches
[2024-04-24T09:51:53.550+0000] {task_command.py:423} INFO - Running <TaskInstance: download_rocket_launches.download_launches manual__2024-04-24T09:51:52.895916+00:00 [running]> on host 99514668da53
[2024-04-24T09:51:53.585+0000] {taskinstance.py:2513} INFO - Exporting env vars: AIRFLOW_CTX_DAG_OWNER='***' AIRFLOW_CTX_DAG_ID='download_rocket_launches' AIRFLOW_CTX_TASK_ID='download_launches' AIRFLOW_CTX_EXECUTION_DATE='2024-04-24T09:51:52.895916+00:00' AIRFLOW_CTX_TRY_NUMBER='1' AIRFLOW_CTX_DAG_RUN_ID='manual__2024-04-24T09:51:52.895916+00:00'
[2024-04-24T09:51:53.586+0000] {subprocess.py:63} INFO - Tmp dir root location: /tmp
[2024-04-24T09:51:53.586+0000] {subprocess.py:75} INFO - Running command: ['/usr/bin/bash', '-c', "curl -o /tmp/launches.json -L 'https://ll.thespacedevs.com/2.0.0/launch/upcoming'"]
[2024-04-24T09:51:53.592+0000] {subprocess.py:86} INFO - Output:
[2024-04-24T09:51:53.596+0000] {subprocess.py:93} INFO -   % Total    % Received % Xferd  Average Speed   Time    Time     Time  Current
[2024-04-24T09:51:53.596+0000] {subprocess.py:93} INFO -                                  Dload  Upload   Total   Spent    Left  Speed
[2024-04-24T09:51:55.019+0000] {subprocess.py:93} INFO -   0     0    0     0    0     0      0      0 --:--:-- --:--:-- --:--:--     0  0     0    0     0    0     0      0      0 --:--:--  0:00:01 --:--:--     0  0     0    0     0    0     0      0      0 --:--:--  0:00:01 --:--:--     0
[2024-04-24T09:51:57.396+0000] {subprocess.py:93} INFO -   0     0    0     0    0     0      0      0 --:--:--  0:00:02 --:--:--     0  0     0    0     0    0     0      0      0 --:--:--  0:00:03 --:--:--     0  5 25873    5  1360    0     0    371      0  0:01:09  0:00:03  0:01:06  1099100 25873  100 25873    0     0   6808      0  0:00:03  0:00:03 --:--:-- 18789
[2024-04-24T09:51:57.397+0000] {subprocess.py:97} INFO - Command exited with return code 0
[2024-04-24T09:51:57.411+0000] {taskinstance.py:1149} INFO - Marking task as SUCCESS. dag_id=download_rocket_launches, task_id=download_launches, execution_date=20240424T095152, start_date=20240424T095153, end_date=20240424T095157
[2024-04-24T09:51:57.427+0000] {local_task_job_runner.py:234} INFO - Task exited with return code 0
[2024-04-24T09:51:57.443+0000] {taskinstance.py:3312} INFO - 1 downstream tasks scheduled from follow-on schedule check
