[2024-04-24T10:12:53.288+0000] {taskinstance.py:1979} INFO - Dependencies all met for dep_context=non-requeueable deps ti=<TaskInstance: download_rocket_launches.download_launches manual__2024-04-24T10:12:52.903624+00:00 [queued]>
[2024-04-24T10:12:53.292+0000] {taskinstance.py:1979} INFO - Dependencies all met for dep_context=requeueable deps ti=<TaskInstance: download_rocket_launches.download_launches manual__2024-04-24T10:12:52.903624+00:00 [queued]>
[2024-04-24T10:12:53.292+0000] {taskinstance.py:2193} INFO - Starting attempt 1 of 1
[2024-04-24T10:12:53.300+0000] {taskinstance.py:2217} INFO - Executing <Task(BashOperator): download_launches> on 2024-04-24 10:12:52.903624+00:00
[2024-04-24T10:12:53.305+0000] {standard_task_runner.py:60} INFO - Started process 1607 to run task
[2024-04-24T10:12:53.307+0000] {standard_task_runner.py:87} INFO - Running: ['***', 'tasks', 'run', 'download_rocket_launches', 'download_launches', 'manual__2024-04-24T10:12:52.903624+00:00', '--job-id', '30', '--raw', '--subdir', 'DAGS_FOLDER/Example_dag.py', '--cfg-path', '/tmp/tmp8rtmdpa1']
[2024-04-24T10:12:53.308+0000] {standard_task_runner.py:88} INFO - Job 30: Subtask download_launches
[2024-04-24T10:12:53.330+0000] {task_command.py:423} INFO - Running <TaskInstance: download_rocket_launches.download_launches manual__2024-04-24T10:12:52.903624+00:00 [running]> on host 99514668da53
[2024-04-24T10:12:53.367+0000] {taskinstance.py:2513} INFO - Exporting env vars: AIRFLOW_CTX_DAG_OWNER='***' AIRFLOW_CTX_DAG_ID='download_rocket_launches' AIRFLOW_CTX_TASK_ID='download_launches' AIRFLOW_CTX_EXECUTION_DATE='2024-04-24T10:12:52.903624+00:00' AIRFLOW_CTX_TRY_NUMBER='1' AIRFLOW_CTX_DAG_RUN_ID='manual__2024-04-24T10:12:52.903624+00:00'
[2024-04-24T10:12:53.368+0000] {subprocess.py:63} INFO - Tmp dir root location: /tmp
[2024-04-24T10:12:53.369+0000] {subprocess.py:75} INFO - Running command: ['/usr/bin/bash', '-c', "curl -o /tmp/launches.json -L 'https://ll.thespacedevs.com/2.0.0/launch/upcoming'"]
[2024-04-24T10:12:53.374+0000] {subprocess.py:86} INFO - Output:
[2024-04-24T10:12:53.378+0000] {subprocess.py:93} INFO -   % Total    % Received % Xferd  Average Speed   Time    Time     Time  Current
[2024-04-24T10:12:53.378+0000] {subprocess.py:93} INFO -                                  Dload  Upload   Total   Spent    Left  Speed
[2024-04-24T10:12:54.626+0000] {subprocess.py:93} INFO -   0     0    0     0    0     0      0      0 --:--:-- --:--:-- --:--:--     0  0     0    0     0    0     0      0      0 --:--:--  0:00:01 --:--:--     0  0     0    0     0    0     0      0      0 --:--:--  0:00:01 --:--:--     0
[2024-04-24T10:12:56.018+0000] {subprocess.py:93} INFO -   0     0    0     0    0     0      0      0 --:--:--  0:00:02 --:--:--     0100 25873  100 25873    0     0   9799      0  0:00:02  0:00:02 --:--:-- 66341
[2024-04-24T10:12:56.019+0000] {subprocess.py:97} INFO - Command exited with return code 0
[2024-04-24T10:12:56.033+0000] {taskinstance.py:1149} INFO - Marking task as SUCCESS. dag_id=download_rocket_launches, task_id=download_launches, execution_date=20240424T101252, start_date=20240424T101253, end_date=20240424T101256
[2024-04-24T10:12:56.046+0000] {local_task_job_runner.py:234} INFO - Task exited with return code 0
[2024-04-24T10:12:56.060+0000] {taskinstance.py:3312} INFO - 1 downstream tasks scheduled from follow-on schedule check
