[2024-04-24T10:00:47.965+0000] {taskinstance.py:1979} INFO - Dependencies all met for dep_context=non-requeueable deps ti=<TaskInstance: download_rocket_launches.download_launches manual__2024-04-24T10:00:47.438961+00:00 [queued]>
[2024-04-24T10:00:47.970+0000] {taskinstance.py:1979} INFO - Dependencies all met for dep_context=requeueable deps ti=<TaskInstance: download_rocket_launches.download_launches manual__2024-04-24T10:00:47.438961+00:00 [queued]>
[2024-04-24T10:00:47.970+0000] {taskinstance.py:2193} INFO - Starting attempt 1 of 1
[2024-04-24T10:00:47.978+0000] {taskinstance.py:2217} INFO - Executing <Task(BashOperator): download_launches> on 2024-04-24 10:00:47.438961+00:00
[2024-04-24T10:00:47.982+0000] {standard_task_runner.py:60} INFO - Started process 1029 to run task
[2024-04-24T10:00:47.984+0000] {standard_task_runner.py:87} INFO - Running: ['***', 'tasks', 'run', 'download_rocket_launches', 'download_launches', 'manual__2024-04-24T10:00:47.438961+00:00', '--job-id', '25', '--raw', '--subdir', 'DAGS_FOLDER/Example_dag.py', '--cfg-path', '/tmp/tmpb37o8i3o']
[2024-04-24T10:00:47.984+0000] {standard_task_runner.py:88} INFO - Job 25: Subtask download_launches
[2024-04-24T10:00:48.011+0000] {task_command.py:423} INFO - Running <TaskInstance: download_rocket_launches.download_launches manual__2024-04-24T10:00:47.438961+00:00 [running]> on host 99514668da53
[2024-04-24T10:00:48.049+0000] {taskinstance.py:2513} INFO - Exporting env vars: AIRFLOW_CTX_DAG_OWNER='***' AIRFLOW_CTX_DAG_ID='download_rocket_launches' AIRFLOW_CTX_TASK_ID='download_launches' AIRFLOW_CTX_EXECUTION_DATE='2024-04-24T10:00:47.438961+00:00' AIRFLOW_CTX_TRY_NUMBER='1' AIRFLOW_CTX_DAG_RUN_ID='manual__2024-04-24T10:00:47.438961+00:00'
[2024-04-24T10:00:48.050+0000] {subprocess.py:63} INFO - Tmp dir root location: /tmp
[2024-04-24T10:00:48.050+0000] {subprocess.py:75} INFO - Running command: ['/usr/bin/bash', '-c', "curl -o /tmp/launches.json -L 'https://ll.thespacedevs.com/2.0.0/launch/upcoming'"]
[2024-04-24T10:00:48.055+0000] {subprocess.py:86} INFO - Output:
[2024-04-24T10:00:48.060+0000] {subprocess.py:93} INFO -   % Total    % Received % Xferd  Average Speed   Time    Time     Time  Current
[2024-04-24T10:00:48.060+0000] {subprocess.py:93} INFO -                                  Dload  Upload   Total   Spent    Left  Speed
[2024-04-24T10:00:49.733+0000] {subprocess.py:93} INFO -   0     0    0     0    0     0      0      0 --:--:-- --:--:-- --:--:--     0  0     0    0     0    0     0      0      0 --:--:-- --:--:-- --:--:--     0  0     0    0     0    0     0      0      0 --:--:--  0:00:01 --:--:--     0  0     0    0     0    0     0      0      0 --:--:--  0:00:01 --:--:--     0
[2024-04-24T10:00:52.484+0000] {subprocess.py:93} INFO -   0     0    0     0    0     0      0      0 --:--:--  0:00:02 --:--:--     0  0     0    0     0    0     0      0      0 --:--:--  0:00:03 --:--:--     0 31 25873   31  8196    0     0   1934      0  0:00:13  0:00:04  0:00:09  5240100 25873  100 25873    0     0   5847      0  0:00:04  0:00:04 --:--:-- 14776
[2024-04-24T10:00:52.486+0000] {subprocess.py:97} INFO - Command exited with return code 0
[2024-04-24T10:00:52.499+0000] {taskinstance.py:1149} INFO - Marking task as SUCCESS. dag_id=download_rocket_launches, task_id=download_launches, execution_date=20240424T100047, start_date=20240424T100047, end_date=20240424T100052
[2024-04-24T10:00:52.528+0000] {local_task_job_runner.py:234} INFO - Task exited with return code 0
[2024-04-24T10:00:52.542+0000] {taskinstance.py:3312} INFO - 1 downstream tasks scheduled from follow-on schedule check
