[2024-04-24T09:56:08.865+0000] {taskinstance.py:1979} INFO - Dependencies all met for dep_context=non-requeueable deps ti=<TaskInstance: download_rocket_launches.download_launches manual__2024-04-24T09:56:08.648574+00:00 [queued]>
[2024-04-24T09:56:08.870+0000] {taskinstance.py:1979} INFO - Dependencies all met for dep_context=requeueable deps ti=<TaskInstance: download_rocket_launches.download_launches manual__2024-04-24T09:56:08.648574+00:00 [queued]>
[2024-04-24T09:56:08.870+0000] {taskinstance.py:2193} INFO - Starting attempt 1 of 1
[2024-04-24T09:56:08.878+0000] {taskinstance.py:2217} INFO - Executing <Task(BashOperator): download_launches> on 2024-04-24 09:56:08.648574+00:00
[2024-04-24T09:56:08.882+0000] {standard_task_runner.py:60} INFO - Started process 823 to run task
[2024-04-24T09:56:08.883+0000] {standard_task_runner.py:87} INFO - Running: ['***', 'tasks', 'run', 'download_rocket_launches', 'download_launches', 'manual__2024-04-24T09:56:08.648574+00:00', '--job-id', '23', '--raw', '--subdir', 'DAGS_FOLDER/Example_dag.py', '--cfg-path', '/tmp/tmpjdc4x1le']
[2024-04-24T09:56:08.884+0000] {standard_task_runner.py:88} INFO - Job 23: Subtask download_launches
[2024-04-24T09:56:08.911+0000] {task_command.py:423} INFO - Running <TaskInstance: download_rocket_launches.download_launches manual__2024-04-24T09:56:08.648574+00:00 [running]> on host 99514668da53
[2024-04-24T09:56:08.949+0000] {taskinstance.py:2513} INFO - Exporting env vars: AIRFLOW_CTX_DAG_OWNER='***' AIRFLOW_CTX_DAG_ID='download_rocket_launches' AIRFLOW_CTX_TASK_ID='download_launches' AIRFLOW_CTX_EXECUTION_DATE='2024-04-24T09:56:08.648574+00:00' AIRFLOW_CTX_TRY_NUMBER='1' AIRFLOW_CTX_DAG_RUN_ID='manual__2024-04-24T09:56:08.648574+00:00'
[2024-04-24T09:56:08.950+0000] {subprocess.py:63} INFO - Tmp dir root location: /tmp
[2024-04-24T09:56:08.951+0000] {subprocess.py:75} INFO - Running command: ['/usr/bin/bash', '-c', "curl -o /tmp/launches.json -L 'https://ll.thespacedevs.com/2.0.0/launch/upcoming'"]
[2024-04-24T09:56:08.957+0000] {subprocess.py:86} INFO - Output:
[2024-04-24T09:56:08.961+0000] {subprocess.py:93} INFO -   % Total    % Received % Xferd  Average Speed   Time    Time     Time  Current
[2024-04-24T09:56:08.961+0000] {subprocess.py:93} INFO -                                  Dload  Upload   Total   Spent    Left  Speed
[2024-04-24T09:56:11.906+0000] {subprocess.py:93} INFO -   0     0    0     0    0     0      0      0 --:--:-- --:--:-- --:--:--     0  0     0    0     0    0     0      0      0 --:--:-- --:--:-- --:--:--     0  0     0    0     0    0     0      0      0 --:--:--  0:00:01 --:--:--     0  0     0    0     0    0     0      0      0 --:--:--  0:00:02 --:--:--     0  0     0    0     0    0     0      0      0 --:--:--  0:00:02 --:--:--     0
[2024-04-24T09:56:20.003+0000] {subprocess.py:93} INFO -   0     0    0     0    0     0      0      0 --:--:--  0:00:03 --:--:--     0  0     0    0     0    0     0      0      0 --:--:--  0:00:04 --:--:--     0  0     0    0     0    0     0      0      0 --:--:--  0:00:05 --:--:--     0  0     0    0     0    0     0      0      0 --:--:--  0:00:06 --:--:--     0  0     0    0     0    0     0      0      0 --:--:--  0:00:07 --:--:--     0  0     0    0     0    0     0      0      0 --:--:--  0:00:08 --:--:--     0  0     0    0     0    0     0      0      0 --:--:--  0:00:09 --:--:--     0  5 25873    5  1360    0     0    126      0  0:03:25  0:00:10  0:03:15   281100 25873  100 25873    0     0   2343      0  0:00:11  0:00:11 --:--:--  6322
[2024-04-24T09:56:20.004+0000] {subprocess.py:97} INFO - Command exited with return code 0
[2024-04-24T09:56:20.017+0000] {taskinstance.py:1149} INFO - Marking task as SUCCESS. dag_id=download_rocket_launches, task_id=download_launches, execution_date=20240424T095608, start_date=20240424T095608, end_date=20240424T095620
[2024-04-24T09:56:20.056+0000] {local_task_job_runner.py:234} INFO - Task exited with return code 0
[2024-04-24T09:56:20.068+0000] {taskinstance.py:3312} INFO - 1 downstream tasks scheduled from follow-on schedule check
