[2024-04-23T06:49:53.091+0000] {processor.py:161} INFO - Started process (PID=1722) to work on /opt/airflow/dags/example.py
[2024-04-23T06:49:53.092+0000] {processor.py:830} INFO - Processing file /opt/airflow/dags/example.py for tasks to queue
[2024-04-23T06:49:53.093+0000] {logging_mixin.py:188} INFO - [2024-04-23T06:49:53.093+0000] {dagbag.py:540} INFO - Filling up the DagBag from /opt/airflow/dags/example.py
[2024-04-23T06:49:53.101+0000] {processor.py:840} INFO - DAG(s) 'latest_only_with_trigger' retrieved from /opt/airflow/dags/example.py
[2024-04-23T06:49:53.108+0000] {logging_mixin.py:188} INFO - [2024-04-23T06:49:53.108+0000] {dag.py:3047} INFO - Sync 1 DAGs
[2024-04-23T06:49:53.121+0000] {logging_mixin.py:188} INFO - [2024-04-23T06:49:53.121+0000] {dag.py:3834} INFO - Setting next_dagrun for latest_only_with_trigger to 2024-04-23 00:00:00+00:00, run_after=2024-04-23 04:00:00+00:00
[2024-04-23T06:49:53.133+0000] {processor.py:183} INFO - Processing /opt/airflow/dags/example.py took 0.044 seconds
[2024-04-23T06:49:57.123+0000] {processor.py:161} INFO - Started process (PID=1723) to work on /opt/airflow/dags/example.py
[2024-04-23T06:49:57.124+0000] {processor.py:830} INFO - Processing file /opt/airflow/dags/example.py for tasks to queue
[2024-04-23T06:49:57.125+0000] {logging_mixin.py:188} INFO - [2024-04-23T06:49:57.125+0000] {dagbag.py:540} INFO - Filling up the DagBag from /opt/airflow/dags/example.py
[2024-04-23T06:49:57.156+0000] {processor.py:840} INFO - DAG(s) 'latest_only_with_trigger' retrieved from /opt/airflow/dags/example.py
[2024-04-23T06:49:57.162+0000] {logging_mixin.py:188} INFO - [2024-04-23T06:49:57.162+0000] {dag.py:3047} INFO - Sync 1 DAGs
[2024-04-23T06:49:57.174+0000] {logging_mixin.py:188} INFO - [2024-04-23T06:49:57.174+0000] {dag.py:3834} INFO - Setting next_dagrun for latest_only_with_trigger to 2024-04-23 00:00:00+00:00, run_after=2024-04-23 04:00:00+00:00
[2024-04-23T06:49:57.185+0000] {processor.py:183} INFO - Processing /opt/airflow/dags/example.py took 0.063 seconds
[2024-04-23T06:50:27.826+0000] {processor.py:161} INFO - Started process (PID=1781) to work on /opt/airflow/dags/example.py
[2024-04-23T06:50:27.827+0000] {processor.py:830} INFO - Processing file /opt/airflow/dags/example.py for tasks to queue
[2024-04-23T06:50:27.828+0000] {logging_mixin.py:188} INFO - [2024-04-23T06:50:27.827+0000] {dagbag.py:540} INFO - Filling up the DagBag from /opt/airflow/dags/example.py
[2024-04-23T06:50:27.833+0000] {processor.py:840} INFO - DAG(s) 'latest_only_with_trigger' retrieved from /opt/airflow/dags/example.py
[2024-04-23T06:50:27.884+0000] {logging_mixin.py:188} INFO - [2024-04-23T06:50:27.884+0000] {dag.py:3047} INFO - Sync 1 DAGs
[2024-04-23T06:50:27.895+0000] {logging_mixin.py:188} INFO - [2024-04-23T06:50:27.895+0000] {dag.py:3834} INFO - Setting next_dagrun for latest_only_with_trigger to 2024-04-23 00:00:00+00:00, run_after=2024-04-23 04:00:00+00:00
[2024-04-23T06:50:27.905+0000] {processor.py:183} INFO - Processing /opt/airflow/dags/example.py took 0.081 seconds
[2024-04-23T06:50:58.252+0000] {processor.py:161} INFO - Started process (PID=1837) to work on /opt/airflow/dags/example.py
[2024-04-23T06:50:58.253+0000] {processor.py:830} INFO - Processing file /opt/airflow/dags/example.py for tasks to queue
[2024-04-23T06:50:58.254+0000] {logging_mixin.py:188} INFO - [2024-04-23T06:50:58.254+0000] {dagbag.py:540} INFO - Filling up the DagBag from /opt/airflow/dags/example.py
[2024-04-23T06:50:58.265+0000] {processor.py:840} INFO - DAG(s) 'latest_only_with_trigger' retrieved from /opt/airflow/dags/example.py
[2024-04-23T06:50:58.277+0000] {logging_mixin.py:188} INFO - [2024-04-23T06:50:58.277+0000] {dag.py:3047} INFO - Sync 1 DAGs
[2024-04-23T06:50:58.288+0000] {logging_mixin.py:188} INFO - [2024-04-23T06:50:58.288+0000] {dag.py:3834} INFO - Setting next_dagrun for latest_only_with_trigger to 2024-04-23 00:00:00+00:00, run_after=2024-04-23 04:00:00+00:00
[2024-04-23T06:50:58.298+0000] {processor.py:183} INFO - Processing /opt/airflow/dags/example.py took 0.048 seconds
[2024-04-23T06:51:28.691+0000] {processor.py:161} INFO - Started process (PID=1893) to work on /opt/airflow/dags/example.py
[2024-04-23T06:51:28.692+0000] {processor.py:830} INFO - Processing file /opt/airflow/dags/example.py for tasks to queue
[2024-04-23T06:51:28.692+0000] {logging_mixin.py:188} INFO - [2024-04-23T06:51:28.692+0000] {dagbag.py:540} INFO - Filling up the DagBag from /opt/airflow/dags/example.py
[2024-04-23T06:51:28.700+0000] {processor.py:840} INFO - DAG(s) 'latest_only_with_trigger' retrieved from /opt/airflow/dags/example.py
[2024-04-23T06:51:28.706+0000] {logging_mixin.py:188} INFO - [2024-04-23T06:51:28.706+0000] {dag.py:3047} INFO - Sync 1 DAGs
[2024-04-23T06:51:28.718+0000] {logging_mixin.py:188} INFO - [2024-04-23T06:51:28.717+0000] {dag.py:3834} INFO - Setting next_dagrun for latest_only_with_trigger to 2024-04-23 00:00:00+00:00, run_after=2024-04-23 04:00:00+00:00
[2024-04-23T06:51:28.727+0000] {processor.py:183} INFO - Processing /opt/airflow/dags/example.py took 0.038 seconds
