[2024-04-23T06:39:52.175+0000] {processor.py:161} INFO - Started process (PID=600) to work on /opt/airflow/dags/sample_dag_paresh.py
[2024-04-23T06:39:52.175+0000] {processor.py:830} INFO - Processing file /opt/airflow/dags/sample_dag_paresh.py for tasks to queue
[2024-04-23T06:39:52.176+0000] {logging_mixin.py:188} INFO - [2024-04-23T06:39:52.176+0000] {dagbag.py:540} INFO - Filling up the DagBag from /opt/airflow/dags/sample_dag_paresh.py
[2024-04-23T06:39:52.197+0000] {processor.py:840} INFO - DAG(s) 'DAG-1' retrieved from /opt/airflow/dags/sample_dag_paresh.py
[2024-04-23T06:39:52.250+0000] {logging_mixin.py:188} INFO - [2024-04-23T06:39:52.249+0000] {override.py:1769} INFO - Created Permission View: can edit on DAG:DAG-1
[2024-04-23T06:39:52.255+0000] {logging_mixin.py:188} INFO - [2024-04-23T06:39:52.255+0000] {override.py:1769} INFO - Created Permission View: can read on DAG:DAG-1
[2024-04-23T06:39:52.259+0000] {logging_mixin.py:188} INFO - [2024-04-23T06:39:52.259+0000] {override.py:1769} INFO - Created Permission View: can delete on DAG:DAG-1
[2024-04-23T06:39:52.259+0000] {logging_mixin.py:188} INFO - [2024-04-23T06:39:52.259+0000] {dag.py:3047} INFO - Sync 1 DAGs
[2024-04-23T06:39:52.265+0000] {logging_mixin.py:188} INFO - [2024-04-23T06:39:52.265+0000] {dag.py:3069} INFO - Creating ORM DAG for DAG-1
[2024-04-23T06:39:52.270+0000] {logging_mixin.py:188} INFO - [2024-04-23T06:39:52.270+0000] {dag.py:3834} INFO - Setting next_dagrun for DAG-1 to 2022-11-12 00:00:00+00:00, run_after=2022-11-12 00:00:00+00:00
[2024-04-23T06:39:52.279+0000] {processor.py:183} INFO - Processing /opt/airflow/dags/sample_dag_paresh.py took 0.106 seconds
[2024-04-23T06:40:22.740+0000] {processor.py:161} INFO - Started process (PID=656) to work on /opt/airflow/dags/sample_dag_paresh.py
[2024-04-23T06:40:22.741+0000] {processor.py:830} INFO - Processing file /opt/airflow/dags/sample_dag_paresh.py for tasks to queue
[2024-04-23T06:40:22.742+0000] {logging_mixin.py:188} INFO - [2024-04-23T06:40:22.742+0000] {dagbag.py:540} INFO - Filling up the DagBag from /opt/airflow/dags/sample_dag_paresh.py
[2024-04-23T06:40:22.747+0000] {processor.py:840} INFO - DAG(s) 'DAG-1' retrieved from /opt/airflow/dags/sample_dag_paresh.py
[2024-04-23T06:40:22.757+0000] {logging_mixin.py:188} INFO - [2024-04-23T06:40:22.757+0000] {dag.py:3047} INFO - Sync 1 DAGs
[2024-04-23T06:40:22.768+0000] {logging_mixin.py:188} INFO - [2024-04-23T06:40:22.768+0000] {dag.py:3834} INFO - Setting next_dagrun for DAG-1 to 2022-11-12 00:00:00+00:00, run_after=2022-11-12 00:00:00+00:00
[2024-04-23T06:40:22.780+0000] {processor.py:183} INFO - Processing /opt/airflow/dags/sample_dag_paresh.py took 0.041 seconds
[2024-04-23T06:40:53.200+0000] {processor.py:161} INFO - Started process (PID=712) to work on /opt/airflow/dags/sample_dag_paresh.py
[2024-04-23T06:40:53.201+0000] {processor.py:830} INFO - Processing file /opt/airflow/dags/sample_dag_paresh.py for tasks to queue
[2024-04-23T06:40:53.202+0000] {logging_mixin.py:188} INFO - [2024-04-23T06:40:53.202+0000] {dagbag.py:540} INFO - Filling up the DagBag from /opt/airflow/dags/sample_dag_paresh.py
[2024-04-23T06:40:53.207+0000] {processor.py:840} INFO - DAG(s) 'DAG-1' retrieved from /opt/airflow/dags/sample_dag_paresh.py
[2024-04-23T06:40:53.217+0000] {logging_mixin.py:188} INFO - [2024-04-23T06:40:53.217+0000] {dag.py:3047} INFO - Sync 1 DAGs
[2024-04-23T06:40:53.228+0000] {logging_mixin.py:188} INFO - [2024-04-23T06:40:53.228+0000] {dag.py:3834} INFO - Setting next_dagrun for DAG-1 to 2022-11-12 00:00:00+00:00, run_after=2022-11-12 00:00:00+00:00
[2024-04-23T06:40:53.239+0000] {processor.py:183} INFO - Processing /opt/airflow/dags/sample_dag_paresh.py took 0.041 seconds
[2024-04-23T06:41:23.714+0000] {processor.py:161} INFO - Started process (PID=768) to work on /opt/airflow/dags/sample_dag_paresh.py
[2024-04-23T06:41:23.715+0000] {processor.py:830} INFO - Processing file /opt/airflow/dags/sample_dag_paresh.py for tasks to queue
[2024-04-23T06:41:23.716+0000] {logging_mixin.py:188} INFO - [2024-04-23T06:41:23.716+0000] {dagbag.py:540} INFO - Filling up the DagBag from /opt/airflow/dags/sample_dag_paresh.py
[2024-04-23T06:41:23.722+0000] {processor.py:840} INFO - DAG(s) 'DAG-1' retrieved from /opt/airflow/dags/sample_dag_paresh.py
[2024-04-23T06:41:23.732+0000] {logging_mixin.py:188} INFO - [2024-04-23T06:41:23.732+0000] {dag.py:3047} INFO - Sync 1 DAGs
[2024-04-23T06:41:23.744+0000] {logging_mixin.py:188} INFO - [2024-04-23T06:41:23.744+0000] {dag.py:3834} INFO - Setting next_dagrun for DAG-1 to 2022-11-12 00:00:00+00:00, run_after=2022-11-12 00:00:00+00:00
[2024-04-23T06:41:23.762+0000] {processor.py:183} INFO - Processing /opt/airflow/dags/sample_dag_paresh.py took 0.049 seconds
[2024-04-23T06:41:54.154+0000] {processor.py:161} INFO - Started process (PID=824) to work on /opt/airflow/dags/sample_dag_paresh.py
[2024-04-23T06:41:54.155+0000] {processor.py:830} INFO - Processing file /opt/airflow/dags/sample_dag_paresh.py for tasks to queue
[2024-04-23T06:41:54.156+0000] {logging_mixin.py:188} INFO - [2024-04-23T06:41:54.156+0000] {dagbag.py:540} INFO - Filling up the DagBag from /opt/airflow/dags/sample_dag_paresh.py
[2024-04-23T06:41:54.162+0000] {processor.py:840} INFO - DAG(s) 'DAG-1' retrieved from /opt/airflow/dags/sample_dag_paresh.py
[2024-04-23T06:41:54.172+0000] {logging_mixin.py:188} INFO - [2024-04-23T06:41:54.172+0000] {dag.py:3047} INFO - Sync 1 DAGs
[2024-04-23T06:41:54.182+0000] {logging_mixin.py:188} INFO - [2024-04-23T06:41:54.182+0000] {dag.py:3834} INFO - Setting next_dagrun for DAG-1 to 2022-11-12 00:00:00+00:00, run_after=2022-11-12 00:00:00+00:00
[2024-04-23T06:41:54.192+0000] {processor.py:183} INFO - Processing /opt/airflow/dags/sample_dag_paresh.py took 0.039 seconds
[2024-04-23T06:42:24.596+0000] {processor.py:161} INFO - Started process (PID=880) to work on /opt/airflow/dags/sample_dag_paresh.py
[2024-04-23T06:42:24.597+0000] {processor.py:830} INFO - Processing file /opt/airflow/dags/sample_dag_paresh.py for tasks to queue
[2024-04-23T06:42:24.598+0000] {logging_mixin.py:188} INFO - [2024-04-23T06:42:24.598+0000] {dagbag.py:540} INFO - Filling up the DagBag from /opt/airflow/dags/sample_dag_paresh.py
[2024-04-23T06:42:24.605+0000] {processor.py:840} INFO - DAG(s) 'DAG-1' retrieved from /opt/airflow/dags/sample_dag_paresh.py
[2024-04-23T06:42:24.615+0000] {logging_mixin.py:188} INFO - [2024-04-23T06:42:24.615+0000] {dag.py:3047} INFO - Sync 1 DAGs
[2024-04-23T06:42:24.626+0000] {logging_mixin.py:188} INFO - [2024-04-23T06:42:24.626+0000] {dag.py:3834} INFO - Setting next_dagrun for DAG-1 to 2022-11-12 00:00:00+00:00, run_after=2022-11-12 00:00:00+00:00
[2024-04-23T06:42:24.638+0000] {processor.py:183} INFO - Processing /opt/airflow/dags/sample_dag_paresh.py took 0.044 seconds
[2024-04-23T06:42:55.010+0000] {processor.py:161} INFO - Started process (PID=936) to work on /opt/airflow/dags/sample_dag_paresh.py
[2024-04-23T06:42:55.010+0000] {processor.py:830} INFO - Processing file /opt/airflow/dags/sample_dag_paresh.py for tasks to queue
[2024-04-23T06:42:55.012+0000] {logging_mixin.py:188} INFO - [2024-04-23T06:42:55.012+0000] {dagbag.py:540} INFO - Filling up the DagBag from /opt/airflow/dags/sample_dag_paresh.py
[2024-04-23T06:42:55.017+0000] {processor.py:840} INFO - DAG(s) 'DAG-1' retrieved from /opt/airflow/dags/sample_dag_paresh.py
[2024-04-23T06:42:55.027+0000] {logging_mixin.py:188} INFO - [2024-04-23T06:42:55.026+0000] {dag.py:3047} INFO - Sync 1 DAGs
[2024-04-23T06:42:55.037+0000] {logging_mixin.py:188} INFO - [2024-04-23T06:42:55.037+0000] {dag.py:3834} INFO - Setting next_dagrun for DAG-1 to 2022-11-12 00:00:00+00:00, run_after=2022-11-12 00:00:00+00:00
[2024-04-23T06:42:55.047+0000] {processor.py:183} INFO - Processing /opt/airflow/dags/sample_dag_paresh.py took 0.039 seconds
[2024-04-23T06:43:25.539+0000] {processor.py:161} INFO - Started process (PID=992) to work on /opt/airflow/dags/sample_dag_paresh.py
[2024-04-23T06:43:25.539+0000] {processor.py:830} INFO - Processing file /opt/airflow/dags/sample_dag_paresh.py for tasks to queue
[2024-04-23T06:43:25.541+0000] {logging_mixin.py:188} INFO - [2024-04-23T06:43:25.540+0000] {dagbag.py:540} INFO - Filling up the DagBag from /opt/airflow/dags/sample_dag_paresh.py
[2024-04-23T06:43:25.548+0000] {processor.py:840} INFO - DAG(s) 'DAG-1' retrieved from /opt/airflow/dags/sample_dag_paresh.py
[2024-04-23T06:43:25.559+0000] {logging_mixin.py:188} INFO - [2024-04-23T06:43:25.559+0000] {dag.py:3047} INFO - Sync 1 DAGs
[2024-04-23T06:43:25.571+0000] {logging_mixin.py:188} INFO - [2024-04-23T06:43:25.571+0000] {dag.py:3834} INFO - Setting next_dagrun for DAG-1 to 2022-11-12 00:00:00+00:00, run_after=2022-11-12 00:00:00+00:00
[2024-04-23T06:43:25.581+0000] {processor.py:183} INFO - Processing /opt/airflow/dags/sample_dag_paresh.py took 0.044 seconds
[2024-04-23T06:43:56.153+0000] {processor.py:161} INFO - Started process (PID=1048) to work on /opt/airflow/dags/sample_dag_paresh.py
[2024-04-23T06:43:56.154+0000] {processor.py:830} INFO - Processing file /opt/airflow/dags/sample_dag_paresh.py for tasks to queue
[2024-04-23T06:43:56.155+0000] {logging_mixin.py:188} INFO - [2024-04-23T06:43:56.155+0000] {dagbag.py:540} INFO - Filling up the DagBag from /opt/airflow/dags/sample_dag_paresh.py
[2024-04-23T06:43:56.160+0000] {processor.py:840} INFO - DAG(s) 'DAG-1' retrieved from /opt/airflow/dags/sample_dag_paresh.py
[2024-04-23T06:43:56.171+0000] {logging_mixin.py:188} INFO - [2024-04-23T06:43:56.171+0000] {dag.py:3047} INFO - Sync 1 DAGs
[2024-04-23T06:43:56.182+0000] {logging_mixin.py:188} INFO - [2024-04-23T06:43:56.182+0000] {dag.py:3834} INFO - Setting next_dagrun for DAG-1 to 2022-11-12 00:00:00+00:00, run_after=2022-11-12 00:00:00+00:00
[2024-04-23T06:43:56.200+0000] {processor.py:183} INFO - Processing /opt/airflow/dags/sample_dag_paresh.py took 0.049 seconds
[2024-04-23T06:44:26.623+0000] {processor.py:161} INFO - Started process (PID=1104) to work on /opt/airflow/dags/sample_dag_paresh.py
[2024-04-23T06:44:26.624+0000] {processor.py:830} INFO - Processing file /opt/airflow/dags/sample_dag_paresh.py for tasks to queue
[2024-04-23T06:44:26.625+0000] {logging_mixin.py:188} INFO - [2024-04-23T06:44:26.625+0000] {dagbag.py:540} INFO - Filling up the DagBag from /opt/airflow/dags/sample_dag_paresh.py
[2024-04-23T06:44:26.632+0000] {processor.py:840} INFO - DAG(s) 'DAG-1' retrieved from /opt/airflow/dags/sample_dag_paresh.py
[2024-04-23T06:44:26.644+0000] {logging_mixin.py:188} INFO - [2024-04-23T06:44:26.644+0000] {dag.py:3047} INFO - Sync 1 DAGs
[2024-04-23T06:44:26.655+0000] {logging_mixin.py:188} INFO - [2024-04-23T06:44:26.655+0000] {dag.py:3834} INFO - Setting next_dagrun for DAG-1 to 2022-11-12 00:00:00+00:00, run_after=2022-11-12 00:00:00+00:00
[2024-04-23T06:44:26.666+0000] {processor.py:183} INFO - Processing /opt/airflow/dags/sample_dag_paresh.py took 0.045 seconds
[2024-04-23T06:44:57.058+0000] {processor.py:161} INFO - Started process (PID=1160) to work on /opt/airflow/dags/sample_dag_paresh.py
[2024-04-23T06:44:57.058+0000] {processor.py:830} INFO - Processing file /opt/airflow/dags/sample_dag_paresh.py for tasks to queue
[2024-04-23T06:44:57.059+0000] {logging_mixin.py:188} INFO - [2024-04-23T06:44:57.059+0000] {dagbag.py:540} INFO - Filling up the DagBag from /opt/airflow/dags/sample_dag_paresh.py
[2024-04-23T06:44:57.065+0000] {processor.py:840} INFO - DAG(s) 'DAG-1' retrieved from /opt/airflow/dags/sample_dag_paresh.py
[2024-04-23T06:44:57.075+0000] {logging_mixin.py:188} INFO - [2024-04-23T06:44:57.075+0000] {dag.py:3047} INFO - Sync 1 DAGs
[2024-04-23T06:44:57.086+0000] {logging_mixin.py:188} INFO - [2024-04-23T06:44:57.085+0000] {dag.py:3834} INFO - Setting next_dagrun for DAG-1 to 2022-11-12 00:00:00+00:00, run_after=2022-11-12 00:00:00+00:00
[2024-04-23T06:44:57.103+0000] {processor.py:183} INFO - Processing /opt/airflow/dags/sample_dag_paresh.py took 0.047 seconds
[2024-04-23T06:45:27.427+0000] {processor.py:161} INFO - Started process (PID=1216) to work on /opt/airflow/dags/sample_dag_paresh.py
[2024-04-23T06:45:27.428+0000] {processor.py:830} INFO - Processing file /opt/airflow/dags/sample_dag_paresh.py for tasks to queue
[2024-04-23T06:45:27.429+0000] {logging_mixin.py:188} INFO - [2024-04-23T06:45:27.429+0000] {dagbag.py:540} INFO - Filling up the DagBag from /opt/airflow/dags/sample_dag_paresh.py
[2024-04-23T06:45:27.435+0000] {processor.py:840} INFO - DAG(s) 'DAG-1' retrieved from /opt/airflow/dags/sample_dag_paresh.py
[2024-04-23T06:45:27.445+0000] {logging_mixin.py:188} INFO - [2024-04-23T06:45:27.445+0000] {dag.py:3047} INFO - Sync 1 DAGs
[2024-04-23T06:45:27.456+0000] {logging_mixin.py:188} INFO - [2024-04-23T06:45:27.455+0000] {dag.py:3834} INFO - Setting next_dagrun for DAG-1 to 2022-11-12 00:00:00+00:00, run_after=2022-11-12 00:00:00+00:00
[2024-04-23T06:45:27.465+0000] {processor.py:183} INFO - Processing /opt/airflow/dags/sample_dag_paresh.py took 0.040 seconds
[2024-04-23T06:45:57.961+0000] {processor.py:161} INFO - Started process (PID=1272) to work on /opt/airflow/dags/sample_dag_paresh.py
[2024-04-23T06:45:57.961+0000] {processor.py:830} INFO - Processing file /opt/airflow/dags/sample_dag_paresh.py for tasks to queue
[2024-04-23T06:45:57.963+0000] {logging_mixin.py:188} INFO - [2024-04-23T06:45:57.962+0000] {dagbag.py:540} INFO - Filling up the DagBag from /opt/airflow/dags/sample_dag_paresh.py
[2024-04-23T06:45:57.969+0000] {processor.py:840} INFO - DAG(s) 'DAG-1' retrieved from /opt/airflow/dags/sample_dag_paresh.py
[2024-04-23T06:45:57.980+0000] {logging_mixin.py:188} INFO - [2024-04-23T06:45:57.979+0000] {dag.py:3047} INFO - Sync 1 DAGs
[2024-04-23T06:45:57.990+0000] {logging_mixin.py:188} INFO - [2024-04-23T06:45:57.990+0000] {dag.py:3834} INFO - Setting next_dagrun for DAG-1 to 2022-11-12 00:00:00+00:00, run_after=2022-11-12 00:00:00+00:00
[2024-04-23T06:45:58.009+0000] {processor.py:183} INFO - Processing /opt/airflow/dags/sample_dag_paresh.py took 0.050 seconds
[2024-04-23T06:46:28.350+0000] {processor.py:161} INFO - Started process (PID=1328) to work on /opt/airflow/dags/sample_dag_paresh.py
[2024-04-23T06:46:28.350+0000] {processor.py:830} INFO - Processing file /opt/airflow/dags/sample_dag_paresh.py for tasks to queue
[2024-04-23T06:46:28.352+0000] {logging_mixin.py:188} INFO - [2024-04-23T06:46:28.352+0000] {dagbag.py:540} INFO - Filling up the DagBag from /opt/airflow/dags/sample_dag_paresh.py
[2024-04-23T06:46:28.357+0000] {processor.py:840} INFO - DAG(s) 'DAG-1' retrieved from /opt/airflow/dags/sample_dag_paresh.py
[2024-04-23T06:46:28.367+0000] {logging_mixin.py:188} INFO - [2024-04-23T06:46:28.367+0000] {dag.py:3047} INFO - Sync 1 DAGs
[2024-04-23T06:46:28.378+0000] {logging_mixin.py:188} INFO - [2024-04-23T06:46:28.378+0000] {dag.py:3834} INFO - Setting next_dagrun for DAG-1 to 2022-11-12 00:00:00+00:00, run_after=2022-11-12 00:00:00+00:00
[2024-04-23T06:46:28.387+0000] {processor.py:183} INFO - Processing /opt/airflow/dags/sample_dag_paresh.py took 0.039 seconds
[2024-04-23T06:46:58.734+0000] {processor.py:161} INFO - Started process (PID=1384) to work on /opt/airflow/dags/sample_dag_paresh.py
[2024-04-23T06:46:58.735+0000] {processor.py:830} INFO - Processing file /opt/airflow/dags/sample_dag_paresh.py for tasks to queue
[2024-04-23T06:46:58.736+0000] {logging_mixin.py:188} INFO - [2024-04-23T06:46:58.736+0000] {dagbag.py:540} INFO - Filling up the DagBag from /opt/airflow/dags/sample_dag_paresh.py
[2024-04-23T06:46:58.743+0000] {processor.py:840} INFO - DAG(s) 'DAG-1' retrieved from /opt/airflow/dags/sample_dag_paresh.py
[2024-04-23T06:46:58.754+0000] {logging_mixin.py:188} INFO - [2024-04-23T06:46:58.754+0000] {dag.py:3047} INFO - Sync 1 DAGs
[2024-04-23T06:46:58.765+0000] {logging_mixin.py:188} INFO - [2024-04-23T06:46:58.765+0000] {dag.py:3834} INFO - Setting next_dagrun for DAG-1 to 2022-11-12 00:00:00+00:00, run_after=2022-11-12 00:00:00+00:00
[2024-04-23T06:46:58.775+0000] {processor.py:183} INFO - Processing /opt/airflow/dags/sample_dag_paresh.py took 0.043 seconds
[2024-04-23T06:47:29.189+0000] {processor.py:161} INFO - Started process (PID=1440) to work on /opt/airflow/dags/sample_dag_paresh.py
[2024-04-23T06:47:29.190+0000] {processor.py:830} INFO - Processing file /opt/airflow/dags/sample_dag_paresh.py for tasks to queue
[2024-04-23T06:47:29.191+0000] {logging_mixin.py:188} INFO - [2024-04-23T06:47:29.191+0000] {dagbag.py:540} INFO - Filling up the DagBag from /opt/airflow/dags/sample_dag_paresh.py
[2024-04-23T06:47:29.196+0000] {processor.py:840} INFO - DAG(s) 'DAG-1' retrieved from /opt/airflow/dags/sample_dag_paresh.py
[2024-04-23T06:47:29.206+0000] {logging_mixin.py:188} INFO - [2024-04-23T06:47:29.206+0000] {dag.py:3047} INFO - Sync 1 DAGs
[2024-04-23T06:47:29.216+0000] {logging_mixin.py:188} INFO - [2024-04-23T06:47:29.216+0000] {dag.py:3834} INFO - Setting next_dagrun for DAG-1 to 2022-11-12 00:00:00+00:00, run_after=2022-11-12 00:00:00+00:00
[2024-04-23T06:47:29.226+0000] {processor.py:183} INFO - Processing /opt/airflow/dags/sample_dag_paresh.py took 0.039 seconds
[2024-04-23T06:47:59.635+0000] {processor.py:161} INFO - Started process (PID=1496) to work on /opt/airflow/dags/sample_dag_paresh.py
[2024-04-23T06:47:59.635+0000] {processor.py:830} INFO - Processing file /opt/airflow/dags/sample_dag_paresh.py for tasks to queue
[2024-04-23T06:47:59.637+0000] {logging_mixin.py:188} INFO - [2024-04-23T06:47:59.636+0000] {dagbag.py:540} INFO - Filling up the DagBag from /opt/airflow/dags/sample_dag_paresh.py
[2024-04-23T06:47:59.642+0000] {processor.py:840} INFO - DAG(s) 'DAG-1' retrieved from /opt/airflow/dags/sample_dag_paresh.py
[2024-04-23T06:47:59.652+0000] {logging_mixin.py:188} INFO - [2024-04-23T06:47:59.652+0000] {dag.py:3047} INFO - Sync 1 DAGs
[2024-04-23T06:47:59.663+0000] {logging_mixin.py:188} INFO - [2024-04-23T06:47:59.663+0000] {dag.py:3834} INFO - Setting next_dagrun for DAG-1 to 2022-11-12 00:00:00+00:00, run_after=2022-11-12 00:00:00+00:00
[2024-04-23T06:47:59.674+0000] {processor.py:183} INFO - Processing /opt/airflow/dags/sample_dag_paresh.py took 0.041 seconds
[2024-04-23T06:48:30.025+0000] {processor.py:161} INFO - Started process (PID=1552) to work on /opt/airflow/dags/sample_dag_paresh.py
[2024-04-23T06:48:30.026+0000] {processor.py:830} INFO - Processing file /opt/airflow/dags/sample_dag_paresh.py for tasks to queue
[2024-04-23T06:48:30.027+0000] {logging_mixin.py:188} INFO - [2024-04-23T06:48:30.027+0000] {dagbag.py:540} INFO - Filling up the DagBag from /opt/airflow/dags/sample_dag_paresh.py
[2024-04-23T06:48:30.032+0000] {processor.py:840} INFO - DAG(s) 'DAG-1' retrieved from /opt/airflow/dags/sample_dag_paresh.py
[2024-04-23T06:48:30.042+0000] {logging_mixin.py:188} INFO - [2024-04-23T06:48:30.042+0000] {dag.py:3047} INFO - Sync 1 DAGs
[2024-04-23T06:48:30.053+0000] {logging_mixin.py:188} INFO - [2024-04-23T06:48:30.053+0000] {dag.py:3834} INFO - Setting next_dagrun for DAG-1 to 2022-11-12 00:00:00+00:00, run_after=2022-11-12 00:00:00+00:00
[2024-04-23T06:48:30.064+0000] {processor.py:183} INFO - Processing /opt/airflow/dags/sample_dag_paresh.py took 0.041 seconds
[2024-04-23T06:48:42.291+0000] {processor.py:161} INFO - Started process (PID=1602) to work on /opt/airflow/dags/sample_dag_paresh.py
[2024-04-23T06:48:42.291+0000] {processor.py:830} INFO - Processing file /opt/airflow/dags/sample_dag_paresh.py for tasks to queue
[2024-04-23T06:48:42.293+0000] {logging_mixin.py:188} INFO - [2024-04-23T06:48:42.292+0000] {dagbag.py:540} INFO - Filling up the DagBag from /opt/airflow/dags/sample_dag_paresh.py
[2024-04-23T06:48:42.301+0000] {processor.py:840} INFO - DAG(s) 'latest_only_with_trigger' retrieved from /opt/airflow/dags/sample_dag_paresh.py
[2024-04-23T06:48:42.353+0000] {logging_mixin.py:188} INFO - [2024-04-23T06:48:42.352+0000] {dag.py:3047} INFO - Sync 1 DAGs
[2024-04-23T06:48:42.363+0000] {logging_mixin.py:188} INFO - [2024-04-23T06:48:42.363+0000] {dag.py:3834} INFO - Setting next_dagrun for latest_only_with_trigger to 2024-04-23 00:00:00+00:00, run_after=2024-04-23 04:00:00+00:00
[2024-04-23T06:48:42.375+0000] {processor.py:183} INFO - Processing /opt/airflow/dags/sample_dag_paresh.py took 0.086 seconds
[2024-04-23T06:48:43.299+0000] {processor.py:161} INFO - Started process (PID=1603) to work on /opt/airflow/dags/sample_dag_paresh.py
[2024-04-23T06:48:43.300+0000] {processor.py:830} INFO - Processing file /opt/airflow/dags/sample_dag_paresh.py for tasks to queue
[2024-04-23T06:48:43.301+0000] {logging_mixin.py:188} INFO - [2024-04-23T06:48:43.300+0000] {dagbag.py:540} INFO - Filling up the DagBag from /opt/airflow/dags/sample_dag_paresh.py
[2024-04-23T06:48:43.308+0000] {processor.py:840} INFO - DAG(s) 'latest_only_with_trigger' retrieved from /opt/airflow/dags/sample_dag_paresh.py
[2024-04-23T06:48:43.315+0000] {logging_mixin.py:188} INFO - [2024-04-23T06:48:43.314+0000] {dag.py:3047} INFO - Sync 1 DAGs
[2024-04-23T06:48:43.326+0000] {logging_mixin.py:188} INFO - [2024-04-23T06:48:43.326+0000] {dag.py:3834} INFO - Setting next_dagrun for latest_only_with_trigger to 2024-04-23 00:00:00+00:00, run_after=2024-04-23 04:00:00+00:00
[2024-04-23T06:48:43.338+0000] {processor.py:183} INFO - Processing /opt/airflow/dags/sample_dag_paresh.py took 0.041 seconds
[2024-04-23T06:49:13.646+0000] {processor.py:161} INFO - Started process (PID=1659) to work on /opt/airflow/dags/sample_dag_paresh.py
[2024-04-23T06:49:13.646+0000] {processor.py:830} INFO - Processing file /opt/airflow/dags/sample_dag_paresh.py for tasks to queue
[2024-04-23T06:49:13.647+0000] {logging_mixin.py:188} INFO - [2024-04-23T06:49:13.647+0000] {dagbag.py:540} INFO - Filling up the DagBag from /opt/airflow/dags/sample_dag_paresh.py
[2024-04-23T06:49:13.653+0000] {processor.py:840} INFO - DAG(s) 'latest_only_with_trigger' retrieved from /opt/airflow/dags/sample_dag_paresh.py
[2024-04-23T06:49:13.664+0000] {logging_mixin.py:188} INFO - [2024-04-23T06:49:13.664+0000] {dag.py:3047} INFO - Sync 1 DAGs
[2024-04-23T06:49:13.675+0000] {logging_mixin.py:188} INFO - [2024-04-23T06:49:13.675+0000] {dag.py:3834} INFO - Setting next_dagrun for latest_only_with_trigger to 2024-04-23 00:00:00+00:00, run_after=2024-04-23 04:00:00+00:00
[2024-04-23T06:49:13.685+0000] {processor.py:183} INFO - Processing /opt/airflow/dags/sample_dag_paresh.py took 0.041 seconds
[2024-04-23T06:49:44.029+0000] {processor.py:161} INFO - Started process (PID=1715) to work on /opt/airflow/dags/sample_dag_paresh.py
[2024-04-23T06:49:44.030+0000] {processor.py:830} INFO - Processing file /opt/airflow/dags/sample_dag_paresh.py for tasks to queue
[2024-04-23T06:49:44.031+0000] {logging_mixin.py:188} INFO - [2024-04-23T06:49:44.030+0000] {dagbag.py:540} INFO - Filling up the DagBag from /opt/airflow/dags/sample_dag_paresh.py
[2024-04-23T06:49:44.037+0000] {processor.py:840} INFO - DAG(s) 'latest_only_with_trigger' retrieved from /opt/airflow/dags/sample_dag_paresh.py
[2024-04-23T06:49:44.043+0000] {logging_mixin.py:188} INFO - [2024-04-23T06:49:44.043+0000] {dag.py:3047} INFO - Sync 1 DAGs
[2024-04-23T06:49:44.055+0000] {logging_mixin.py:188} INFO - [2024-04-23T06:49:44.054+0000] {dag.py:3834} INFO - Setting next_dagrun for latest_only_with_trigger to 2024-04-23 00:00:00+00:00, run_after=2024-04-23 04:00:00+00:00
[2024-04-23T06:49:44.065+0000] {processor.py:183} INFO - Processing /opt/airflow/dags/sample_dag_paresh.py took 0.038 seconds
[2024-04-23T06:49:58.170+0000] {processor.py:161} INFO - Started process (PID=1724) to work on /opt/airflow/dags/sample_dag_paresh.py
[2024-04-23T06:49:58.171+0000] {processor.py:830} INFO - Processing file /opt/airflow/dags/sample_dag_paresh.py for tasks to queue
[2024-04-23T06:49:58.172+0000] {logging_mixin.py:188} INFO - [2024-04-23T06:49:58.172+0000] {dagbag.py:540} INFO - Filling up the DagBag from /opt/airflow/dags/sample_dag_paresh.py
[2024-04-23T06:49:58.181+0000] {processor.py:840} INFO - DAG(s) 'DAG-1' retrieved from /opt/airflow/dags/sample_dag_paresh.py
[2024-04-23T06:49:58.193+0000] {logging_mixin.py:188} INFO - [2024-04-23T06:49:58.193+0000] {dag.py:3047} INFO - Sync 1 DAGs
[2024-04-23T06:49:58.206+0000] {logging_mixin.py:188} INFO - [2024-04-23T06:49:58.205+0000] {dag.py:3834} INFO - Setting next_dagrun for DAG-1 to 2022-11-12 00:00:00+00:00, run_after=2022-11-12 00:00:00+00:00
[2024-04-23T06:49:58.217+0000] {processor.py:183} INFO - Processing /opt/airflow/dags/sample_dag_paresh.py took 0.049 seconds
[2024-04-23T06:50:19.791+0000] {processor.py:161} INFO - Started process (PID=1780) to work on /opt/airflow/dags/sample_dag_paresh.py
[2024-04-23T06:50:19.791+0000] {processor.py:830} INFO - Processing file /opt/airflow/dags/sample_dag_paresh.py for tasks to queue
[2024-04-23T06:50:19.793+0000] {logging_mixin.py:188} INFO - [2024-04-23T06:50:19.792+0000] {dagbag.py:540} INFO - Filling up the DagBag from /opt/airflow/dags/sample_dag_paresh.py
[2024-04-23T06:50:19.799+0000] {processor.py:842} WARNING - No viable dags retrieved from /opt/airflow/dags/sample_dag_paresh.py
[2024-04-23T06:50:19.807+0000] {processor.py:183} INFO - Processing /opt/airflow/dags/sample_dag_paresh.py took 0.018 seconds
